.F.F.F.F.F.F.F.F.F.F.F.F
Time: 0.002
There were 12 failures:
1) warning(junit.framework.TestSuite$1)junit.framework.AssertionFailedError: Exception in constructor: testSimpleWarning (java.lang.NoClassDefFoundError: com/google/common/collect/ImmutableList
	at com.google.javascript.jscomp.CompilerTestCase.<init>(CompilerTestCase.java:157)
	at com.google.javascript.jscomp.CompilerTestCase.<init>(CompilerTestCase.java:176)
	at com.google.javascript.jscomp.lint.CheckNullableReturnTest.<init>(CheckNullableReturnTest.java:32)
	at sun.reflect.NativeConstructorAccessorImpl.newInstance0(Native Method)
	at sun.reflect.NativeConstructorAccessorImpl.newInstance(NativeConstructorAccessorImpl.java:57)
	at sun.reflect.DelegatingConstructorAccessorImpl.newInstance(DelegatingConstructorAccessorImpl.java:45)
	at java.lang.reflect.Constructor.newInstance(Constructor.java:526)
	at junit.runner.BaseTestRunner.getTest(BaseTestRunner.java:117)
Caused by: java.lang.ClassNotFoundException: com.google.common.collect.ImmutableList
	at java.net.URLClassLoader$1.run(URLClassLoader.java:366)
	at java.net.URLClassLoader$1.run(URLClassLoader.java:355)
	at java.security.AccessController.doPrivileged(Native Method)
	at java.net.URLClassLoader.findClass(URLClassLoader.java:354)
	at java.lang.ClassLoader.loadClass(ClassLoader.java:425)
	at sun.misc.Launcher$AppClassLoader.loadClass(Launcher.java:308)
	at java.lang.ClassLoader.loadClass(ClassLoader.java:358)
	... 14 more
)
2) warning(junit.framework.TestSuite$1)junit.framework.AssertionFailedError: Exception in constructor: testNullableReturn (java.lang.NoClassDefFoundError: com/google/common/collect/ImmutableList
	at com.google.javascript.jscomp.CompilerTestCase.<init>(CompilerTestCase.java:157)
	at com.google.javascript.jscomp.CompilerTestCase.<init>(CompilerTestCase.java:176)
	at com.google.javascript.jscomp.lint.CheckNullableReturnTest.<init>(CheckNullableReturnTest.java:32)
	at sun.reflect.NativeConstructorAccessorImpl.newInstance0(Native Method)
	at sun.reflect.NativeConstructorAccessorImpl.newInstance(NativeConstructorAccessorImpl.java:57)
	at sun.reflect.DelegatingConstructorAccessorImpl.newInstance(DelegatingConstructorAccessorImpl.java:45)
	at java.lang.reflect.Constructor.newInstance(Constructor.java:526)
	at junit.runner.BaseTestRunner.getTest(BaseTestRunner.java:117)
)
3) warning(junit.framework.TestSuite$1)junit.framework.AssertionFailedError: Exception in constructor: testNotNullableReturn (java.lang.NoClassDefFoundError: com/google/common/collect/ImmutableList
	at com.google.javascript.jscomp.CompilerTestCase.<init>(CompilerTestCase.java:157)
	at com.google.javascript.jscomp.CompilerTestCase.<init>(CompilerTestCase.java:176)
	at com.google.javascript.jscomp.lint.CheckNullableReturnTest.<init>(CheckNullableReturnTest.java:32)
	at sun.reflect.NativeConstructorAccessorImpl.newInstance0(Native Method)
	at sun.reflect.NativeConstructorAccessorImpl.newInstance(NativeConstructorAccessorImpl.java:57)
	at sun.reflect.DelegatingConstructorAccessorImpl.newInstance(DelegatingConstructorAccessorImpl.java:45)
	at java.lang.reflect.Constructor.newInstance(Constructor.java:526)
	at junit.runner.BaseTestRunner.getTest(BaseTestRunner.java:117)
)
4) warning(junit.framework.TestSuite$1)junit.framework.AssertionFailedError: Exception in constructor: testFinallyStatements (java.lang.NoClassDefFoundError: com/google/common/collect/ImmutableList
	at com.google.javascript.jscomp.CompilerTestCase.<init>(CompilerTestCase.java:157)
	at com.google.javascript.jscomp.CompilerTestCase.<init>(CompilerTestCase.java:176)
	at com.google.javascript.jscomp.lint.CheckNullableReturnTest.<init>(CheckNullableReturnTest.java:32)
	at sun.reflect.NativeConstructorAccessorImpl.newInstance0(Native Method)
	at sun.reflect.NativeConstructorAccessorImpl.newInstance(NativeConstructorAccessorImpl.java:57)
	at sun.reflect.DelegatingConstructorAccessorImpl.newInstance(DelegatingConstructorAccessorImpl.java:45)
	at java.lang.reflect.Constructor.newInstance(Constructor.java:526)
	at junit.runner.BaseTestRunner.getTest(BaseTestRunner.java:117)
)
5) warning(junit.framework.TestSuite$1)junit.framework.AssertionFailedError: Exception in constructor: testKnownConditions (java.lang.NoClassDefFoundError: com/google/common/collect/ImmutableList
	at com.google.javascript.jscomp.CompilerTestCase.<init>(CompilerTestCase.java:157)
	at com.google.javascript.jscomp.CompilerTestCase.<init>(CompilerTestCase.java:176)
	at com.google.javascript.jscomp.lint.CheckNullableReturnTest.<init>(CheckNullableReturnTest.java:32)
	at sun.reflect.NativeConstructorAccessorImpl.newInstance0(Native Method)
	at sun.reflect.NativeConstructorAccessorImpl.newInstance(NativeConstructorAccessorImpl.java:57)
	at sun.reflect.DelegatingConstructorAccessorImpl.newInstance(DelegatingConstructorAccessorImpl.java:45)
	at java.lang.reflect.Constructor.newInstance(Constructor.java:526)
	at junit.runner.BaseTestRunner.getTest(BaseTestRunner.java:117)
)
6) warning(junit.framework.TestSuite$1)junit.framework.AssertionFailedError: Exception in constructor: testKnownWhileLoop (java.lang.NoClassDefFoundError: com/google/common/collect/ImmutableList
	at com.google.javascript.jscomp.CompilerTestCase.<init>(CompilerTestCase.java:157)
	at com.google.javascript.jscomp.CompilerTestCase.<init>(CompilerTestCase.java:176)
	at com.google.javascript.jscomp.lint.CheckNullableReturnTest.<init>(CheckNullableReturnTest.java:32)
	at sun.reflect.NativeConstructorAccessorImpl.newInstance0(Native Method)
	at sun.reflect.NativeConstructorAccessorImpl.newInstance(NativeConstructorAccessorImpl.java:57)
	at sun.reflect.DelegatingConstructorAccessorImpl.newInstance(DelegatingConstructorAccessorImpl.java:45)
	at java.lang.reflect.Constructor.newInstance(Constructor.java:526)
	at junit.runner.BaseTestRunner.getTest(BaseTestRunner.java:117)
)
7) warning(junit.framework.TestSuite$1)junit.framework.AssertionFailedError: Exception in constructor: testTwoBranches (java.lang.NoClassDefFoundError: com/google/common/collect/ImmutableList
	at com.google.javascript.jscomp.CompilerTestCase.<init>(CompilerTestCase.java:157)
	at com.google.javascript.jscomp.CompilerTestCase.<init>(CompilerTestCase.java:176)
	at com.google.javascript.jscomp.lint.CheckNullableReturnTest.<init>(CheckNullableReturnTest.java:32)
	at sun.reflect.NativeConstructorAccessorImpl.newInstance0(Native Method)
	at sun.reflect.NativeConstructorAccessorImpl.newInstance(NativeConstructorAccessorImpl.java:57)
	at sun.reflect.DelegatingConstructorAccessorImpl.newInstance(DelegatingConstructorAccessorImpl.java:45)
	at java.lang.reflect.Constructor.newInstance(Constructor.java:526)
	at junit.runner.BaseTestRunner.getTest(BaseTestRunner.java:117)
)
8) warning(junit.framework.TestSuite$1)junit.framework.AssertionFailedError: Exception in constructor: testTryCatch (java.lang.NoClassDefFoundError: com/google/common/collect/ImmutableList
	at com.google.javascript.jscomp.CompilerTestCase.<init>(CompilerTestCase.java:157)
	at com.google.javascript.jscomp.CompilerTestCase.<init>(CompilerTestCase.java:176)
	at com.google.javascript.jscomp.lint.CheckNullableReturnTest.<init>(CheckNullableReturnTest.java:32)
	at sun.reflect.NativeConstructorAccessorImpl.newInstance0(Native Method)
	at sun.reflect.NativeConstructorAccessorImpl.newInstance(NativeConstructorAccessorImpl.java:57)
	at sun.reflect.DelegatingConstructorAccessorImpl.newInstance(DelegatingConstructorAccessorImpl.java:45)
	at java.lang.reflect.Constructor.newInstance(Constructor.java:526)
	at junit.runner.BaseTestRunner.getTest(BaseTestRunner.java:117)
)
9) warning(junit.framework.TestSuite$1)junit.framework.AssertionFailedError: Exception in constructor: testNoExplicitReturn (java.lang.NoClassDefFoundError: com/google/common/collect/ImmutableList
	at com.google.javascript.jscomp.CompilerTestCase.<init>(CompilerTestCase.java:157)
	at com.google.javascript.jscomp.CompilerTestCase.<init>(CompilerTestCase.java:176)
	at com.google.javascript.jscomp.lint.CheckNullableReturnTest.<init>(CheckNullableReturnTest.java:32)
	at sun.reflect.NativeConstructorAccessorImpl.newInstance0(Native Method)
	at sun.reflect.NativeConstructorAccessorImpl.newInstance(NativeConstructorAccessorImpl.java:57)
	at sun.reflect.DelegatingConstructorAccessorImpl.newInstance(DelegatingConstructorAccessorImpl.java:45)
	at java.lang.reflect.Constructor.newInstance(Constructor.java:526)
	at junit.runner.BaseTestRunner.getTest(BaseTestRunner.java:117)
)
10) warning(junit.framework.TestSuite$1)junit.framework.AssertionFailedError: Exception in constructor: testNoWarningIfCanReturnNull (java.lang.NoClassDefFoundError: com/google/common/collect/ImmutableList
	at com.google.javascript.jscomp.CompilerTestCase.<init>(CompilerTestCase.java:157)
	at com.google.javascript.jscomp.CompilerTestCase.<init>(CompilerTestCase.java:176)
	at com.google.javascript.jscomp.lint.CheckNullableReturnTest.<init>(CheckNullableReturnTest.java:32)
	at sun.reflect.NativeConstructorAccessorImpl.newInstance0(Native Method)
	at sun.reflect.NativeConstructorAccessorImpl.newInstance(NativeConstructorAccessorImpl.java:57)
	at sun.reflect.DelegatingConstructorAccessorImpl.newInstance(DelegatingConstructorAccessorImpl.java:45)
	at java.lang.reflect.Constructor.newInstance(Constructor.java:526)
	at junit.runner.BaseTestRunner.getTest(BaseTestRunner.java:117)
)
11) warning(junit.framework.TestSuite$1)junit.framework.AssertionFailedError: Exception in constructor: testNoWarningOnEmptyFunction (java.lang.NoClassDefFoundError: com/google/common/collect/ImmutableList
	at com.google.javascript.jscomp.CompilerTestCase.<init>(CompilerTestCase.java:157)
	at com.google.javascript.jscomp.CompilerTestCase.<init>(CompilerTestCase.java:176)
	at com.google.javascript.jscomp.lint.CheckNullableReturnTest.<init>(CheckNullableReturnTest.java:32)
	at sun.reflect.NativeConstructorAccessorImpl.newInstance0(Native Method)
	at sun.reflect.NativeConstructorAccessorImpl.newInstance(NativeConstructorAccessorImpl.java:57)
	at sun.reflect.DelegatingConstructorAccessorImpl.newInstance(DelegatingConstructorAccessorImpl.java:45)
	at java.lang.reflect.Constructor.newInstance(Constructor.java:526)
	at junit.runner.BaseTestRunner.getTest(BaseTestRunner.java:117)
)
12) warning(junit.framework.TestSuite$1)junit.framework.AssertionFailedError: Exception in constructor: testNoWarningOnXOrNull (java.lang.NoClassDefFoundError: com/google/common/collect/ImmutableList
	at com.google.javascript.jscomp.CompilerTestCase.<init>(CompilerTestCase.java:157)
	at com.google.javascript.jscomp.CompilerTestCase.<init>(CompilerTestCase.java:176)
	at com.google.javascript.jscomp.lint.CheckNullableReturnTest.<init>(CheckNullableReturnTest.java:32)
	at sun.reflect.NativeConstructorAccessorImpl.newInstance0(Native Method)
	at sun.reflect.NativeConstructorAccessorImpl.newInstance(NativeConstructorAccessorImpl.java:57)
	at sun.reflect.DelegatingConstructorAccessorImpl.newInstance(DelegatingConstructorAccessorImpl.java:45)
	at java.lang.reflect.Constructor.newInstance(Constructor.java:526)
	at junit.runner.BaseTestRunner.getTest(BaseTestRunner.java:117)
)

FAILURES!!!
Tests run: 12,  Failures: 12,  Errors: 0

