.E.E.E.E.E.E.E.E.E.E.E.E.E.E.E.E.E.E.E.E.E
Time: 0.013
There were 21 errors:
1) testStraightLine(com.google.javascript.jscomp.LiveVariableAnalysisTest)java.lang.NoClassDefFoundError: com/google/common/base/Function
	at com.google.javascript.jscomp.LiveVariableAnalysisTest.computeLiveness(LiveVariableAnalysisTest.java:357)
	at com.google.javascript.jscomp.LiveVariableAnalysisTest.getFlowStateAtX(LiveVariableAnalysisTest.java:319)
	at com.google.javascript.jscomp.LiveVariableAnalysisTest.assertNotLiveBeforeX(LiveVariableAnalysisTest.java:310)
	at com.google.javascript.jscomp.LiveVariableAnalysisTest.testStraightLine(LiveVariableAnalysisTest.java:37)
	at sun.reflect.NativeMethodAccessorImpl.invoke0(Native Method)
	at sun.reflect.NativeMethodAccessorImpl.invoke(NativeMethodAccessorImpl.java:57)
	at sun.reflect.DelegatingMethodAccessorImpl.invoke(DelegatingMethodAccessorImpl.java:43)
Caused by: java.lang.ClassNotFoundException: com.google.common.base.Function
	at java.net.URLClassLoader$1.run(URLClassLoader.java:366)
	at java.net.URLClassLoader$1.run(URLClassLoader.java:355)
	at java.security.AccessController.doPrivileged(Native Method)
	at java.net.URLClassLoader.findClass(URLClassLoader.java:354)
	at java.lang.ClassLoader.loadClass(ClassLoader.java:425)
	at sun.misc.Launcher$AppClassLoader.loadClass(Launcher.java:308)
	at java.lang.ClassLoader.loadClass(ClassLoader.java:358)
	... 19 more
2) testProperties(com.google.javascript.jscomp.LiveVariableAnalysisTest)java.lang.NoClassDefFoundError: com/google/common/base/Function
	at com.google.javascript.jscomp.LiveVariableAnalysisTest.computeLiveness(LiveVariableAnalysisTest.java:357)
	at com.google.javascript.jscomp.LiveVariableAnalysisTest.getFlowStateAtX(LiveVariableAnalysisTest.java:319)
	at com.google.javascript.jscomp.LiveVariableAnalysisTest.assertLiveBeforeX(LiveVariableAnalysisTest.java:286)
	at com.google.javascript.jscomp.LiveVariableAnalysisTest.testProperties(LiveVariableAnalysisTest.java:60)
	at sun.reflect.NativeMethodAccessorImpl.invoke0(Native Method)
	at sun.reflect.NativeMethodAccessorImpl.invoke(NativeMethodAccessorImpl.java:57)
	at sun.reflect.DelegatingMethodAccessorImpl.invoke(DelegatingMethodAccessorImpl.java:43)
Caused by: java.lang.ClassNotFoundException: com.google.common.base.Function
	at java.net.URLClassLoader$1.run(URLClassLoader.java:366)
	at java.net.URLClassLoader$1.run(URLClassLoader.java:355)
	at java.security.AccessController.doPrivileged(Native Method)
	at java.net.URLClassLoader.findClass(URLClassLoader.java:354)
	at java.lang.ClassLoader.loadClass(ClassLoader.java:425)
	at sun.misc.Launcher$AppClassLoader.loadClass(Launcher.java:308)
	at java.lang.ClassLoader.loadClass(ClassLoader.java:358)
	... 19 more
3) testConditions(com.google.javascript.jscomp.LiveVariableAnalysisTest)java.lang.NoClassDefFoundError: com/google/common/base/Function
	at com.google.javascript.jscomp.LiveVariableAnalysisTest.computeLiveness(LiveVariableAnalysisTest.java:357)
	at com.google.javascript.jscomp.LiveVariableAnalysisTest.getFlowStateAtX(LiveVariableAnalysisTest.java:319)
	at com.google.javascript.jscomp.LiveVariableAnalysisTest.assertLiveBeforeX(LiveVariableAnalysisTest.java:286)
	at com.google.javascript.jscomp.LiveVariableAnalysisTest.testConditions(LiveVariableAnalysisTest.java:74)
	at sun.reflect.NativeMethodAccessorImpl.invoke0(Native Method)
	at sun.reflect.NativeMethodAccessorImpl.invoke(NativeMethodAccessorImpl.java:57)
	at sun.reflect.DelegatingMethodAccessorImpl.invoke(DelegatingMethodAccessorImpl.java:43)
Caused by: java.lang.ClassNotFoundException: com.google.common.base.Function
	at java.net.URLClassLoader$1.run(URLClassLoader.java:366)
	at java.net.URLClassLoader$1.run(URLClassLoader.java:355)
	at java.security.AccessController.doPrivileged(Native Method)
	at java.net.URLClassLoader.findClass(URLClassLoader.java:354)
	at java.lang.ClassLoader.loadClass(ClassLoader.java:425)
	at sun.misc.Launcher$AppClassLoader.loadClass(Launcher.java:308)
	at java.lang.ClassLoader.loadClass(ClassLoader.java:358)
	... 19 more
4) testArrays(com.google.javascript.jscomp.LiveVariableAnalysisTest)java.lang.NoClassDefFoundError: com/google/common/base/Function
	at com.google.javascript.jscomp.LiveVariableAnalysisTest.computeLiveness(LiveVariableAnalysisTest.java:357)
	at com.google.javascript.jscomp.LiveVariableAnalysisTest.getFlowStateAtX(LiveVariableAnalysisTest.java:319)
	at com.google.javascript.jscomp.LiveVariableAnalysisTest.assertLiveBeforeX(LiveVariableAnalysisTest.java:286)
	at com.google.javascript.jscomp.LiveVariableAnalysisTest.testArrays(LiveVariableAnalysisTest.java:94)
	at sun.reflect.NativeMethodAccessorImpl.invoke0(Native Method)
	at sun.reflect.NativeMethodAccessorImpl.invoke(NativeMethodAccessorImpl.java:57)
	at sun.reflect.DelegatingMethodAccessorImpl.invoke(DelegatingMethodAccessorImpl.java:43)
Caused by: java.lang.ClassNotFoundException: com.google.common.base.Function
	at java.net.URLClassLoader$1.run(URLClassLoader.java:366)
	at java.net.URLClassLoader$1.run(URLClassLoader.java:355)
	at java.security.AccessController.doPrivileged(Native Method)
	at java.net.URLClassLoader.findClass(URLClassLoader.java:354)
	at java.lang.ClassLoader.loadClass(ClassLoader.java:425)
	at sun.misc.Launcher$AppClassLoader.loadClass(Launcher.java:308)
	at java.lang.ClassLoader.loadClass(ClassLoader.java:358)
	... 19 more
5) testTwoPaths(com.google.javascript.jscomp.LiveVariableAnalysisTest)java.lang.NoClassDefFoundError: com/google/common/base/Function
	at com.google.javascript.jscomp.LiveVariableAnalysisTest.computeLiveness(LiveVariableAnalysisTest.java:357)
	at com.google.javascript.jscomp.LiveVariableAnalysisTest.getFlowStateAtX(LiveVariableAnalysisTest.java:319)
	at com.google.javascript.jscomp.LiveVariableAnalysisTest.assertLiveBeforeX(LiveVariableAnalysisTest.java:286)
	at com.google.javascript.jscomp.LiveVariableAnalysisTest.testTwoPaths(LiveVariableAnalysisTest.java:106)
	at sun.reflect.NativeMethodAccessorImpl.invoke0(Native Method)
	at sun.reflect.NativeMethodAccessorImpl.invoke(NativeMethodAccessorImpl.java:57)
	at sun.reflect.DelegatingMethodAccessorImpl.invoke(DelegatingMethodAccessorImpl.java:43)
Caused by: java.lang.ClassNotFoundException: com.google.common.base.Function
	at java.net.URLClassLoader$1.run(URLClassLoader.java:366)
	at java.net.URLClassLoader$1.run(URLClassLoader.java:355)
	at java.security.AccessController.doPrivileged(Native Method)
	at java.net.URLClassLoader.findClass(URLClassLoader.java:354)
	at java.lang.ClassLoader.loadClass(ClassLoader.java:425)
	at sun.misc.Launcher$AppClassLoader.loadClass(Launcher.java:308)
	at java.lang.ClassLoader.loadClass(ClassLoader.java:358)
	... 19 more
6) testThreePaths(com.google.javascript.jscomp.LiveVariableAnalysisTest)java.lang.NoClassDefFoundError: com/google/common/base/Function
	at com.google.javascript.jscomp.LiveVariableAnalysisTest.computeLiveness(LiveVariableAnalysisTest.java:357)
	at com.google.javascript.jscomp.LiveVariableAnalysisTest.getFlowStateAtX(LiveVariableAnalysisTest.java:319)
	at com.google.javascript.jscomp.LiveVariableAnalysisTest.assertLiveBeforeX(LiveVariableAnalysisTest.java:286)
	at com.google.javascript.jscomp.LiveVariableAnalysisTest.testThreePaths(LiveVariableAnalysisTest.java:132)
	at sun.reflect.NativeMethodAccessorImpl.invoke0(Native Method)
	at sun.reflect.NativeMethodAccessorImpl.invoke(NativeMethodAccessorImpl.java:57)
	at sun.reflect.DelegatingMethodAccessorImpl.invoke(DelegatingMethodAccessorImpl.java:43)
Caused by: java.lang.ClassNotFoundException: com.google.common.base.Function
	at java.net.URLClassLoader$1.run(URLClassLoader.java:366)
	at java.net.URLClassLoader$1.run(URLClassLoader.java:355)
	at java.security.AccessController.doPrivileged(Native Method)
	at java.net.URLClassLoader.findClass(URLClassLoader.java:354)
	at java.lang.ClassLoader.loadClass(ClassLoader.java:425)
	at sun.misc.Launcher$AppClassLoader.loadClass(Launcher.java:308)
	at java.lang.ClassLoader.loadClass(ClassLoader.java:358)
	... 19 more
7) testHooks(com.google.javascript.jscomp.LiveVariableAnalysisTest)java.lang.NoClassDefFoundError: com/google/common/base/Function
	at com.google.javascript.jscomp.LiveVariableAnalysisTest.computeLiveness(LiveVariableAnalysisTest.java:357)
	at com.google.javascript.jscomp.LiveVariableAnalysisTest.getFlowStateAtX(LiveVariableAnalysisTest.java:319)
	at com.google.javascript.jscomp.LiveVariableAnalysisTest.assertLiveBeforeX(LiveVariableAnalysisTest.java:286)
	at com.google.javascript.jscomp.LiveVariableAnalysisTest.testHooks(LiveVariableAnalysisTest.java:139)
	at sun.reflect.NativeMethodAccessorImpl.invoke0(Native Method)
	at sun.reflect.NativeMethodAccessorImpl.invoke(NativeMethodAccessorImpl.java:57)
	at sun.reflect.DelegatingMethodAccessorImpl.invoke(DelegatingMethodAccessorImpl.java:43)
Caused by: java.lang.ClassNotFoundException: com.google.common.base.Function
	at java.net.URLClassLoader$1.run(URLClassLoader.java:366)
	at java.net.URLClassLoader$1.run(URLClassLoader.java:355)
	at java.security.AccessController.doPrivileged(Native Method)
	at java.net.URLClassLoader.findClass(URLClassLoader.java:354)
	at java.lang.ClassLoader.loadClass(ClassLoader.java:425)
	at sun.misc.Launcher$AppClassLoader.loadClass(Launcher.java:308)
	at java.lang.ClassLoader.loadClass(ClassLoader.java:358)
	... 19 more
8) testForLoops(com.google.javascript.jscomp.LiveVariableAnalysisTest)java.lang.NoClassDefFoundError: com/google/common/base/Function
	at com.google.javascript.jscomp.LiveVariableAnalysisTest.computeLiveness(LiveVariableAnalysisTest.java:357)
	at com.google.javascript.jscomp.LiveVariableAnalysisTest.getFlowStateAtX(LiveVariableAnalysisTest.java:319)
	at com.google.javascript.jscomp.LiveVariableAnalysisTest.assertNotLiveBeforeX(LiveVariableAnalysisTest.java:310)
	at com.google.javascript.jscomp.LiveVariableAnalysisTest.testForLoops(LiveVariableAnalysisTest.java:149)
	at sun.reflect.NativeMethodAccessorImpl.invoke0(Native Method)
	at sun.reflect.NativeMethodAccessorImpl.invoke(NativeMethodAccessorImpl.java:57)
	at sun.reflect.DelegatingMethodAccessorImpl.invoke(DelegatingMethodAccessorImpl.java:43)
Caused by: java.lang.ClassNotFoundException: com.google.common.base.Function
	at java.net.URLClassLoader$1.run(URLClassLoader.java:366)
	at java.net.URLClassLoader$1.run(URLClassLoader.java:355)
	at java.security.AccessController.doPrivileged(Native Method)
	at java.net.URLClassLoader.findClass(URLClassLoader.java:354)
	at java.lang.ClassLoader.loadClass(ClassLoader.java:425)
	at sun.misc.Launcher$AppClassLoader.loadClass(Launcher.java:308)
	at java.lang.ClassLoader.loadClass(ClassLoader.java:358)
	... 19 more
9) testNestedLoops(com.google.javascript.jscomp.LiveVariableAnalysisTest)java.lang.NoClassDefFoundError: com/google/common/base/Function
	at com.google.javascript.jscomp.LiveVariableAnalysisTest.computeLiveness(LiveVariableAnalysisTest.java:357)
	at com.google.javascript.jscomp.LiveVariableAnalysisTest.getFlowStateAtX(LiveVariableAnalysisTest.java:319)
	at com.google.javascript.jscomp.LiveVariableAnalysisTest.assertLiveBeforeX(LiveVariableAnalysisTest.java:286)
	at com.google.javascript.jscomp.LiveVariableAnalysisTest.testNestedLoops(LiveVariableAnalysisTest.java:173)
	at sun.reflect.NativeMethodAccessorImpl.invoke0(Native Method)
	at sun.reflect.NativeMethodAccessorImpl.invoke(NativeMethodAccessorImpl.java:57)
	at sun.reflect.DelegatingMethodAccessorImpl.invoke(DelegatingMethodAccessorImpl.java:43)
Caused by: java.lang.ClassNotFoundException: com.google.common.base.Function
	at java.net.URLClassLoader$1.run(URLClassLoader.java:366)
	at java.net.URLClassLoader$1.run(URLClassLoader.java:355)
	at java.security.AccessController.doPrivileged(Native Method)
	at java.net.URLClassLoader.findClass(URLClassLoader.java:354)
	at java.lang.ClassLoader.loadClass(ClassLoader.java:425)
	at sun.misc.Launcher$AppClassLoader.loadClass(Launcher.java:308)
	at java.lang.ClassLoader.loadClass(ClassLoader.java:358)
	... 19 more
10) testSwitches(com.google.javascript.jscomp.LiveVariableAnalysisTest)java.lang.NoClassDefFoundError: com/google/common/base/Function
	at com.google.javascript.jscomp.LiveVariableAnalysisTest.computeLiveness(LiveVariableAnalysisTest.java:357)
	at com.google.javascript.jscomp.LiveVariableAnalysisTest.getFlowStateAtX(LiveVariableAnalysisTest.java:319)
	at com.google.javascript.jscomp.LiveVariableAnalysisTest.assertLiveBeforeX(LiveVariableAnalysisTest.java:286)
	at com.google.javascript.jscomp.LiveVariableAnalysisTest.testSwitches(LiveVariableAnalysisTest.java:183)
	at sun.reflect.NativeMethodAccessorImpl.invoke0(Native Method)
	at sun.reflect.NativeMethodAccessorImpl.invoke(NativeMethodAccessorImpl.java:57)
	at sun.reflect.DelegatingMethodAccessorImpl.invoke(DelegatingMethodAccessorImpl.java:43)
Caused by: java.lang.ClassNotFoundException: com.google.common.base.Function
	at java.net.URLClassLoader$1.run(URLClassLoader.java:366)
	at java.net.URLClassLoader$1.run(URLClassLoader.java:355)
	at java.security.AccessController.doPrivileged(Native Method)
	at java.net.URLClassLoader.findClass(URLClassLoader.java:354)
	at java.lang.ClassLoader.loadClass(ClassLoader.java:425)
	at sun.misc.Launcher$AppClassLoader.loadClass(Launcher.java:308)
	at java.lang.ClassLoader.loadClass(ClassLoader.java:358)
	... 19 more
11) testAssignAndReadInCondition(com.google.javascript.jscomp.LiveVariableAnalysisTest)java.lang.NoClassDefFoundError: com/google/common/base/Function
	at com.google.javascript.jscomp.LiveVariableAnalysisTest.computeLiveness(LiveVariableAnalysisTest.java:357)
	at com.google.javascript.jscomp.LiveVariableAnalysisTest.getFlowStateAtX(LiveVariableAnalysisTest.java:319)
	at com.google.javascript.jscomp.LiveVariableAnalysisTest.assertLiveBeforeX(LiveVariableAnalysisTest.java:286)
	at com.google.javascript.jscomp.LiveVariableAnalysisTest.testAssignAndReadInCondition(LiveVariableAnalysisTest.java:196)
	at sun.reflect.NativeMethodAccessorImpl.invoke0(Native Method)
	at sun.reflect.NativeMethodAccessorImpl.invoke(NativeMethodAccessorImpl.java:57)
	at sun.reflect.DelegatingMethodAccessorImpl.invoke(DelegatingMethodAccessorImpl.java:43)
Caused by: java.lang.ClassNotFoundException: com.google.common.base.Function
	at java.net.URLClassLoader$1.run(URLClassLoader.java:366)
	at java.net.URLClassLoader$1.run(URLClassLoader.java:355)
	at java.security.AccessController.doPrivileged(Native Method)
	at java.net.URLClassLoader.findClass(URLClassLoader.java:354)
	at java.lang.ClassLoader.loadClass(ClassLoader.java:425)
	at sun.misc.Launcher$AppClassLoader.loadClass(Launcher.java:308)
	at java.lang.ClassLoader.loadClass(ClassLoader.java:358)
	... 19 more
12) testParam(com.google.javascript.jscomp.LiveVariableAnalysisTest)java.lang.NoClassDefFoundError: com/google/common/base/Function
	at com.google.javascript.jscomp.LiveVariableAnalysisTest.computeLiveness(LiveVariableAnalysisTest.java:357)
	at com.google.javascript.jscomp.LiveVariableAnalysisTest.getFlowStateAtX(LiveVariableAnalysisTest.java:319)
	at com.google.javascript.jscomp.LiveVariableAnalysisTest.assertNotLiveAfterX(LiveVariableAnalysisTest.java:302)
	at com.google.javascript.jscomp.LiveVariableAnalysisTest.testParam(LiveVariableAnalysisTest.java:203)
	at sun.reflect.NativeMethodAccessorImpl.invoke0(Native Method)
	at sun.reflect.NativeMethodAccessorImpl.invoke(NativeMethodAccessorImpl.java:57)
	at sun.reflect.DelegatingMethodAccessorImpl.invoke(DelegatingMethodAccessorImpl.java:43)
Caused by: java.lang.ClassNotFoundException: com.google.common.base.Function
	at java.net.URLClassLoader$1.run(URLClassLoader.java:366)
	at java.net.URLClassLoader$1.run(URLClassLoader.java:355)
	at java.security.AccessController.doPrivileged(Native Method)
	at java.net.URLClassLoader.findClass(URLClassLoader.java:354)
	at java.lang.ClassLoader.loadClass(ClassLoader.java:425)
	at sun.misc.Launcher$AppClassLoader.loadClass(Launcher.java:308)
	at java.lang.ClassLoader.loadClass(ClassLoader.java:358)
	... 19 more
13) testExpressionInForIn(com.google.javascript.jscomp.LiveVariableAnalysisTest)java.lang.NoClassDefFoundError: com/google/common/base/Function
	at com.google.javascript.jscomp.LiveVariableAnalysisTest.computeLiveness(LiveVariableAnalysisTest.java:357)
	at com.google.javascript.jscomp.LiveVariableAnalysisTest.getFlowStateAtX(LiveVariableAnalysisTest.java:319)
	at com.google.javascript.jscomp.LiveVariableAnalysisTest.assertLiveBeforeX(LiveVariableAnalysisTest.java:286)
	at com.google.javascript.jscomp.LiveVariableAnalysisTest.testExpressionInForIn(LiveVariableAnalysisTest.java:209)
	at sun.reflect.NativeMethodAccessorImpl.invoke0(Native Method)
	at sun.reflect.NativeMethodAccessorImpl.invoke(NativeMethodAccessorImpl.java:57)
	at sun.reflect.DelegatingMethodAccessorImpl.invoke(DelegatingMethodAccessorImpl.java:43)
Caused by: java.lang.ClassNotFoundException: com.google.common.base.Function
	at java.net.URLClassLoader$1.run(URLClassLoader.java:366)
	at java.net.URLClassLoader$1.run(URLClassLoader.java:355)
	at java.security.AccessController.doPrivileged(Native Method)
	at java.net.URLClassLoader.findClass(URLClassLoader.java:354)
	at java.lang.ClassLoader.loadClass(ClassLoader.java:425)
	at sun.misc.Launcher$AppClassLoader.loadClass(Launcher.java:308)
	at java.lang.ClassLoader.loadClass(ClassLoader.java:358)
	... 19 more
14) testArgumentsArray(com.google.javascript.jscomp.LiveVariableAnalysisTest)java.lang.NoClassDefFoundError: com/google/common/base/Function
	at com.google.javascript.jscomp.LiveVariableAnalysisTest.computeLiveness(LiveVariableAnalysisTest.java:357)
	at com.google.javascript.jscomp.LiveVariableAnalysisTest.assertEscaped(LiveVariableAnalysisTest.java:342)
	at com.google.javascript.jscomp.LiveVariableAnalysisTest.testArgumentsArray(LiveVariableAnalysisTest.java:215)
	at sun.reflect.NativeMethodAccessorImpl.invoke0(Native Method)
	at sun.reflect.NativeMethodAccessorImpl.invoke(NativeMethodAccessorImpl.java:57)
	at sun.reflect.DelegatingMethodAccessorImpl.invoke(DelegatingMethodAccessorImpl.java:43)
Caused by: java.lang.ClassNotFoundException: com.google.common.base.Function
	at java.net.URLClassLoader$1.run(URLClassLoader.java:366)
	at java.net.URLClassLoader$1.run(URLClassLoader.java:355)
	at java.security.AccessController.doPrivileged(Native Method)
	at java.net.URLClassLoader.findClass(URLClassLoader.java:354)
	at java.lang.ClassLoader.loadClass(ClassLoader.java:425)
	at sun.misc.Launcher$AppClassLoader.loadClass(Launcher.java:308)
	at java.lang.ClassLoader.loadClass(ClassLoader.java:358)
	... 18 more
15) testTryCatchFinally(com.google.javascript.jscomp.LiveVariableAnalysisTest)java.lang.NoClassDefFoundError: com/google/common/base/Function
	at com.google.javascript.jscomp.LiveVariableAnalysisTest.computeLiveness(LiveVariableAnalysisTest.java:357)
	at com.google.javascript.jscomp.LiveVariableAnalysisTest.getFlowStateAtX(LiveVariableAnalysisTest.java:319)
	at com.google.javascript.jscomp.LiveVariableAnalysisTest.assertLiveAfterX(LiveVariableAnalysisTest.java:294)
	at com.google.javascript.jscomp.LiveVariableAnalysisTest.testTryCatchFinally(LiveVariableAnalysisTest.java:228)
	at sun.reflect.NativeMethodAccessorImpl.invoke0(Native Method)
	at sun.reflect.NativeMethodAccessorImpl.invoke(NativeMethodAccessorImpl.java:57)
	at sun.reflect.DelegatingMethodAccessorImpl.invoke(DelegatingMethodAccessorImpl.java:43)
Caused by: java.lang.ClassNotFoundException: com.google.common.base.Function
	at java.net.URLClassLoader$1.run(URLClassLoader.java:366)
	at java.net.URLClassLoader$1.run(URLClassLoader.java:355)
	at java.security.AccessController.doPrivileged(Native Method)
	at java.net.URLClassLoader.findClass(URLClassLoader.java:354)
	at java.lang.ClassLoader.loadClass(ClassLoader.java:425)
	at sun.misc.Launcher$AppClassLoader.loadClass(Launcher.java:308)
	at java.lang.ClassLoader.loadClass(ClassLoader.java:358)
	... 19 more
16) testForInAssignment(com.google.javascript.jscomp.LiveVariableAnalysisTest)java.lang.NoClassDefFoundError: com/google/common/base/Function
	at com.google.javascript.jscomp.LiveVariableAnalysisTest.computeLiveness(LiveVariableAnalysisTest.java:357)
	at com.google.javascript.jscomp.LiveVariableAnalysisTest.getFlowStateAtX(LiveVariableAnalysisTest.java:319)
	at com.google.javascript.jscomp.LiveVariableAnalysisTest.assertLiveBeforeX(LiveVariableAnalysisTest.java:286)
	at com.google.javascript.jscomp.LiveVariableAnalysisTest.testForInAssignment(LiveVariableAnalysisTest.java:238)
	at sun.reflect.NativeMethodAccessorImpl.invoke0(Native Method)
	at sun.reflect.NativeMethodAccessorImpl.invoke(NativeMethodAccessorImpl.java:57)
	at sun.reflect.DelegatingMethodAccessorImpl.invoke(DelegatingMethodAccessorImpl.java:43)
Caused by: java.lang.ClassNotFoundException: com.google.common.base.Function
	at java.net.URLClassLoader$1.run(URLClassLoader.java:366)
	at java.net.URLClassLoader$1.run(URLClassLoader.java:355)
	at java.security.AccessController.doPrivileged(Native Method)
	at java.net.URLClassLoader.findClass(URLClassLoader.java:354)
	at java.lang.ClassLoader.loadClass(ClassLoader.java:425)
	at sun.misc.Launcher$AppClassLoader.loadClass(Launcher.java:308)
	at java.lang.ClassLoader.loadClass(ClassLoader.java:358)
	... 19 more
17) testExceptionThrowingAssignments(com.google.javascript.jscomp.LiveVariableAnalysisTest)java.lang.NoClassDefFoundError: com/google/common/base/Function
	at com.google.javascript.jscomp.LiveVariableAnalysisTest.computeLiveness(LiveVariableAnalysisTest.java:357)
	at com.google.javascript.jscomp.LiveVariableAnalysisTest.getFlowStateAtX(LiveVariableAnalysisTest.java:319)
	at com.google.javascript.jscomp.LiveVariableAnalysisTest.assertLiveBeforeX(LiveVariableAnalysisTest.java:286)
	at com.google.javascript.jscomp.LiveVariableAnalysisTest.testExceptionThrowingAssignments(LiveVariableAnalysisTest.java:246)
	at sun.reflect.NativeMethodAccessorImpl.invoke0(Native Method)
	at sun.reflect.NativeMethodAccessorImpl.invoke(NativeMethodAccessorImpl.java:57)
	at sun.reflect.DelegatingMethodAccessorImpl.invoke(DelegatingMethodAccessorImpl.java:43)
Caused by: java.lang.ClassNotFoundException: com.google.common.base.Function
	at java.net.URLClassLoader$1.run(URLClassLoader.java:366)
	at java.net.URLClassLoader$1.run(URLClassLoader.java:355)
	at java.security.AccessController.doPrivileged(Native Method)
	at java.net.URLClassLoader.findClass(URLClassLoader.java:354)
	at java.lang.ClassLoader.loadClass(ClassLoader.java:425)
	at sun.misc.Launcher$AppClassLoader.loadClass(Launcher.java:308)
	at java.lang.ClassLoader.loadClass(ClassLoader.java:358)
	... 19 more
18) testInnerFunctions(com.google.javascript.jscomp.LiveVariableAnalysisTest)java.lang.NoClassDefFoundError: com/google/common/base/Function
	at com.google.javascript.jscomp.LiveVariableAnalysisTest.computeLiveness(LiveVariableAnalysisTest.java:357)
	at com.google.javascript.jscomp.LiveVariableAnalysisTest.getFlowStateAtX(LiveVariableAnalysisTest.java:319)
	at com.google.javascript.jscomp.LiveVariableAnalysisTest.assertLiveBeforeX(LiveVariableAnalysisTest.java:286)
	at com.google.javascript.jscomp.LiveVariableAnalysisTest.testInnerFunctions(LiveVariableAnalysisTest.java:252)
	at sun.reflect.NativeMethodAccessorImpl.invoke0(Native Method)
	at sun.reflect.NativeMethodAccessorImpl.invoke(NativeMethodAccessorImpl.java:57)
	at sun.reflect.DelegatingMethodAccessorImpl.invoke(DelegatingMethodAccessorImpl.java:43)
Caused by: java.lang.ClassNotFoundException: com.google.common.base.Function
	at java.net.URLClassLoader$1.run(URLClassLoader.java:366)
	at java.net.URLClassLoader$1.run(URLClassLoader.java:355)
	at java.security.AccessController.doPrivileged(Native Method)
	at java.net.URLClassLoader.findClass(URLClassLoader.java:354)
	at java.lang.ClassLoader.loadClass(ClassLoader.java:425)
	at sun.misc.Launcher$AppClassLoader.loadClass(Launcher.java:308)
	at java.lang.ClassLoader.loadClass(ClassLoader.java:358)
	... 19 more
19) testEscaped(com.google.javascript.jscomp.LiveVariableAnalysisTest)java.lang.NoClassDefFoundError: com/google/common/base/Function
	at com.google.javascript.jscomp.LiveVariableAnalysisTest.computeLiveness(LiveVariableAnalysisTest.java:357)
	at com.google.javascript.jscomp.LiveVariableAnalysisTest.assertEscaped(LiveVariableAnalysisTest.java:342)
	at com.google.javascript.jscomp.LiveVariableAnalysisTest.testEscaped(LiveVariableAnalysisTest.java:262)
	at sun.reflect.NativeMethodAccessorImpl.invoke0(Native Method)
	at sun.reflect.NativeMethodAccessorImpl.invoke(NativeMethodAccessorImpl.java:57)
	at sun.reflect.DelegatingMethodAccessorImpl.invoke(DelegatingMethodAccessorImpl.java:43)
Caused by: java.lang.ClassNotFoundException: com.google.common.base.Function
	at java.net.URLClassLoader$1.run(URLClassLoader.java:366)
	at java.net.URLClassLoader$1.run(URLClassLoader.java:355)
	at java.security.AccessController.doPrivileged(Native Method)
	at java.net.URLClassLoader.findClass(URLClassLoader.java:354)
	at java.lang.ClassLoader.loadClass(ClassLoader.java:425)
	at sun.misc.Launcher$AppClassLoader.loadClass(Launcher.java:308)
	at java.lang.ClassLoader.loadClass(ClassLoader.java:358)
	... 18 more
20) testEscapedLiveness(com.google.javascript.jscomp.LiveVariableAnalysisTest)java.lang.NoClassDefFoundError: com/google/common/base/Function
	at com.google.javascript.jscomp.LiveVariableAnalysisTest.computeLiveness(LiveVariableAnalysisTest.java:357)
	at com.google.javascript.jscomp.LiveVariableAnalysisTest.getFlowStateAtX(LiveVariableAnalysisTest.java:319)
	at com.google.javascript.jscomp.LiveVariableAnalysisTest.assertNotLiveBeforeX(LiveVariableAnalysisTest.java:310)
	at com.google.javascript.jscomp.LiveVariableAnalysisTest.testEscapedLiveness(LiveVariableAnalysisTest.java:278)
	at sun.reflect.NativeMethodAccessorImpl.invoke0(Native Method)
	at sun.reflect.NativeMethodAccessorImpl.invoke(NativeMethodAccessorImpl.java:57)
	at sun.reflect.DelegatingMethodAccessorImpl.invoke(DelegatingMethodAccessorImpl.java:43)
Caused by: java.lang.ClassNotFoundException: com.google.common.base.Function
	at java.net.URLClassLoader$1.run(URLClassLoader.java:366)
	at java.net.URLClassLoader$1.run(URLClassLoader.java:355)
	at java.security.AccessController.doPrivileged(Native Method)
	at java.net.URLClassLoader.findClass(URLClassLoader.java:354)
	at java.lang.ClassLoader.loadClass(ClassLoader.java:425)
	at sun.misc.Launcher$AppClassLoader.loadClass(Launcher.java:308)
	at java.lang.ClassLoader.loadClass(ClassLoader.java:358)
	... 19 more
21) testBug1449316(com.google.javascript.jscomp.LiveVariableAnalysisTest)java.lang.NoClassDefFoundError: com/google/common/base/Function
	at com.google.javascript.jscomp.LiveVariableAnalysisTest.computeLiveness(LiveVariableAnalysisTest.java:357)
	at com.google.javascript.jscomp.LiveVariableAnalysisTest.getFlowStateAtX(LiveVariableAnalysisTest.java:319)
	at com.google.javascript.jscomp.LiveVariableAnalysisTest.assertLiveBeforeX(LiveVariableAnalysisTest.java:286)
	at com.google.javascript.jscomp.LiveVariableAnalysisTest.testBug1449316(LiveVariableAnalysisTest.java:282)
	at sun.reflect.NativeMethodAccessorImpl.invoke0(Native Method)
	at sun.reflect.NativeMethodAccessorImpl.invoke(NativeMethodAccessorImpl.java:57)
	at sun.reflect.DelegatingMethodAccessorImpl.invoke(DelegatingMethodAccessorImpl.java:43)
Caused by: java.lang.ClassNotFoundException: com.google.common.base.Function
	at java.net.URLClassLoader$1.run(URLClassLoader.java:366)
	at java.net.URLClassLoader$1.run(URLClassLoader.java:355)
	at java.security.AccessController.doPrivileged(Native Method)
	at java.net.URLClassLoader.findClass(URLClassLoader.java:354)
	at java.lang.ClassLoader.loadClass(ClassLoader.java:425)
	at sun.misc.Launcher$AppClassLoader.loadClass(Launcher.java:308)
	at java.lang.ClassLoader.loadClass(ClassLoader.java:358)
	... 19 more

FAILURES!!!
Tests run: 21,  Failures: 0,  Errors: 21

