.F.F.F.F.F.F.F.F.F.F.F.F.F.F.F.F.F.F.F.F.F.F.F.F.F.F.F.F.F.F.F.F.F.F.F.F.F.F.F.F.
F.F.F.F.F.F.F.F.F.F.F.F.F.F.F.F.F.F.F.F.F.F.F.F.F.F.F.F.F.F.F.F.F.F.F.F.F.F.F.F.F
Time: 0.004
There were 81 failures:
1) warning(junit.framework.TestSuite$1)junit.framework.AssertionFailedError: Exception in constructor: testFoldBlock (java.lang.NoClassDefFoundError: com/google/common/collect/ImmutableList
	at com.google.javascript.jscomp.CompilerTestCase.<init>(CompilerTestCase.java:157)
	at com.google.javascript.jscomp.CompilerTestCase.<init>(CompilerTestCase.java:169)
	at com.google.javascript.jscomp.PeepholeRemoveDeadCodeTest.<init>(PeepholeRemoveDeadCodeTest.java:34)
	at sun.reflect.NativeConstructorAccessorImpl.newInstance0(Native Method)
	at sun.reflect.NativeConstructorAccessorImpl.newInstance(NativeConstructorAccessorImpl.java:57)
	at sun.reflect.DelegatingConstructorAccessorImpl.newInstance(DelegatingConstructorAccessorImpl.java:45)
	at java.lang.reflect.Constructor.newInstance(Constructor.java:526)
	at junit.runner.BaseTestRunner.getTest(BaseTestRunner.java:117)
Caused by: java.lang.ClassNotFoundException: com.google.common.collect.ImmutableList
	at java.net.URLClassLoader$1.run(URLClassLoader.java:366)
	at java.net.URLClassLoader$1.run(URLClassLoader.java:355)
	at java.security.AccessController.doPrivileged(Native Method)
	at java.net.URLClassLoader.findClass(URLClassLoader.java:354)
	at java.lang.ClassLoader.loadClass(ClassLoader.java:425)
	at sun.misc.Launcher$AppClassLoader.loadClass(Launcher.java:308)
	at java.lang.ClassLoader.loadClass(ClassLoader.java:358)
	... 14 more
)
2) warning(junit.framework.TestSuite$1)junit.framework.AssertionFailedError: Exception in constructor: testFoldBlocksWithManyChildren (java.lang.NoClassDefFoundError: com/google/common/collect/ImmutableList
	at com.google.javascript.jscomp.CompilerTestCase.<init>(CompilerTestCase.java:157)
	at com.google.javascript.jscomp.CompilerTestCase.<init>(CompilerTestCase.java:169)
	at com.google.javascript.jscomp.PeepholeRemoveDeadCodeTest.<init>(PeepholeRemoveDeadCodeTest.java:34)
	at sun.reflect.NativeConstructorAccessorImpl.newInstance0(Native Method)
	at sun.reflect.NativeConstructorAccessorImpl.newInstance(NativeConstructorAccessorImpl.java:57)
	at sun.reflect.DelegatingConstructorAccessorImpl.newInstance(DelegatingConstructorAccessorImpl.java:45)
	at java.lang.reflect.Constructor.newInstance(Constructor.java:526)
	at junit.runner.BaseTestRunner.getTest(BaseTestRunner.java:117)
)
3) warning(junit.framework.TestSuite$1)junit.framework.AssertionFailedError: Exception in constructor: testIf (java.lang.NoClassDefFoundError: com/google/common/collect/ImmutableList
	at com.google.javascript.jscomp.CompilerTestCase.<init>(CompilerTestCase.java:157)
	at com.google.javascript.jscomp.CompilerTestCase.<init>(CompilerTestCase.java:169)
	at com.google.javascript.jscomp.PeepholeRemoveDeadCodeTest.<init>(PeepholeRemoveDeadCodeTest.java:34)
	at sun.reflect.NativeConstructorAccessorImpl.newInstance0(Native Method)
	at sun.reflect.NativeConstructorAccessorImpl.newInstance(NativeConstructorAccessorImpl.java:57)
	at sun.reflect.DelegatingConstructorAccessorImpl.newInstance(DelegatingConstructorAccessorImpl.java:45)
	at java.lang.reflect.Constructor.newInstance(Constructor.java:526)
	at junit.runner.BaseTestRunner.getTest(BaseTestRunner.java:117)
)
4) warning(junit.framework.TestSuite$1)junit.framework.AssertionFailedError: Exception in constructor: testHook (java.lang.NoClassDefFoundError: com/google/common/collect/ImmutableList
	at com.google.javascript.jscomp.CompilerTestCase.<init>(CompilerTestCase.java:157)
	at com.google.javascript.jscomp.CompilerTestCase.<init>(CompilerTestCase.java:169)
	at com.google.javascript.jscomp.PeepholeRemoveDeadCodeTest.<init>(PeepholeRemoveDeadCodeTest.java:34)
	at sun.reflect.NativeConstructorAccessorImpl.newInstance0(Native Method)
	at sun.reflect.NativeConstructorAccessorImpl.newInstance(NativeConstructorAccessorImpl.java:57)
	at sun.reflect.DelegatingConstructorAccessorImpl.newInstance(DelegatingConstructorAccessorImpl.java:45)
	at java.lang.reflect.Constructor.newInstance(Constructor.java:526)
	at junit.runner.BaseTestRunner.getTest(BaseTestRunner.java:117)
)
5) warning(junit.framework.TestSuite$1)junit.framework.AssertionFailedError: Exception in constructor: testConstantConditionWithSideEffect1 (java.lang.NoClassDefFoundError: com/google/common/collect/ImmutableList
	at com.google.javascript.jscomp.CompilerTestCase.<init>(CompilerTestCase.java:157)
	at com.google.javascript.jscomp.CompilerTestCase.<init>(CompilerTestCase.java:169)
	at com.google.javascript.jscomp.PeepholeRemoveDeadCodeTest.<init>(PeepholeRemoveDeadCodeTest.java:34)
	at sun.reflect.NativeConstructorAccessorImpl.newInstance0(Native Method)
	at sun.reflect.NativeConstructorAccessorImpl.newInstance(NativeConstructorAccessorImpl.java:57)
	at sun.reflect.DelegatingConstructorAccessorImpl.newInstance(DelegatingConstructorAccessorImpl.java:45)
	at java.lang.reflect.Constructor.newInstance(Constructor.java:526)
	at junit.runner.BaseTestRunner.getTest(BaseTestRunner.java:117)
)
6) warning(junit.framework.TestSuite$1)junit.framework.AssertionFailedError: Exception in constructor: testConstantConditionWithSideEffect2 (java.lang.NoClassDefFoundError: com/google/common/collect/ImmutableList
	at com.google.javascript.jscomp.CompilerTestCase.<init>(CompilerTestCase.java:157)
	at com.google.javascript.jscomp.CompilerTestCase.<init>(CompilerTestCase.java:169)
	at com.google.javascript.jscomp.PeepholeRemoveDeadCodeTest.<init>(PeepholeRemoveDeadCodeTest.java:34)
	at sun.reflect.NativeConstructorAccessorImpl.newInstance0(Native Method)
	at sun.reflect.NativeConstructorAccessorImpl.newInstance(NativeConstructorAccessorImpl.java:57)
	at sun.reflect.DelegatingConstructorAccessorImpl.newInstance(DelegatingConstructorAccessorImpl.java:45)
	at java.lang.reflect.Constructor.newInstance(Constructor.java:526)
	at junit.runner.BaseTestRunner.getTest(BaseTestRunner.java:117)
)
7) warning(junit.framework.TestSuite$1)junit.framework.AssertionFailedError: Exception in constructor: testVarLifting (java.lang.NoClassDefFoundError: com/google/common/collect/ImmutableList
	at com.google.javascript.jscomp.CompilerTestCase.<init>(CompilerTestCase.java:157)
	at com.google.javascript.jscomp.CompilerTestCase.<init>(CompilerTestCase.java:169)
	at com.google.javascript.jscomp.PeepholeRemoveDeadCodeTest.<init>(PeepholeRemoveDeadCodeTest.java:34)
	at sun.reflect.NativeConstructorAccessorImpl.newInstance0(Native Method)
	at sun.reflect.NativeConstructorAccessorImpl.newInstance(NativeConstructorAccessorImpl.java:57)
	at sun.reflect.DelegatingConstructorAccessorImpl.newInstance(DelegatingConstructorAccessorImpl.java:45)
	at java.lang.reflect.Constructor.newInstance(Constructor.java:526)
	at junit.runner.BaseTestRunner.getTest(BaseTestRunner.java:117)
)
8) warning(junit.framework.TestSuite$1)junit.framework.AssertionFailedError: Exception in constructor: testFoldUselessWhile (java.lang.NoClassDefFoundError: com/google/common/collect/ImmutableList
	at com.google.javascript.jscomp.CompilerTestCase.<init>(CompilerTestCase.java:157)
	at com.google.javascript.jscomp.CompilerTestCase.<init>(CompilerTestCase.java:169)
	at com.google.javascript.jscomp.PeepholeRemoveDeadCodeTest.<init>(PeepholeRemoveDeadCodeTest.java:34)
	at sun.reflect.NativeConstructorAccessorImpl.newInstance0(Native Method)
	at sun.reflect.NativeConstructorAccessorImpl.newInstance(NativeConstructorAccessorImpl.java:57)
	at sun.reflect.DelegatingConstructorAccessorImpl.newInstance(DelegatingConstructorAccessorImpl.java:45)
	at java.lang.reflect.Constructor.newInstance(Constructor.java:526)
	at junit.runner.BaseTestRunner.getTest(BaseTestRunner.java:117)
)
9) warning(junit.framework.TestSuite$1)junit.framework.AssertionFailedError: Exception in constructor: testFoldUselessFor (java.lang.NoClassDefFoundError: com/google/common/collect/ImmutableList
	at com.google.javascript.jscomp.CompilerTestCase.<init>(CompilerTestCase.java:157)
	at com.google.javascript.jscomp.CompilerTestCase.<init>(CompilerTestCase.java:169)
	at com.google.javascript.jscomp.PeepholeRemoveDeadCodeTest.<init>(PeepholeRemoveDeadCodeTest.java:34)
	at sun.reflect.NativeConstructorAccessorImpl.newInstance0(Native Method)
	at sun.reflect.NativeConstructorAccessorImpl.newInstance(NativeConstructorAccessorImpl.java:57)
	at sun.reflect.DelegatingConstructorAccessorImpl.newInstance(DelegatingConstructorAccessorImpl.java:45)
	at java.lang.reflect.Constructor.newInstance(Constructor.java:526)
	at junit.runner.BaseTestRunner.getTest(BaseTestRunner.java:117)
)
10) warning(junit.framework.TestSuite$1)junit.framework.AssertionFailedError: Exception in constructor: testFoldUselessDo (java.lang.NoClassDefFoundError: com/google/common/collect/ImmutableList
	at com.google.javascript.jscomp.CompilerTestCase.<init>(CompilerTestCase.java:157)
	at com.google.javascript.jscomp.CompilerTestCase.<init>(CompilerTestCase.java:169)
	at com.google.javascript.jscomp.PeepholeRemoveDeadCodeTest.<init>(PeepholeRemoveDeadCodeTest.java:34)
	at sun.reflect.NativeConstructorAccessorImpl.newInstance0(Native Method)
	at sun.reflect.NativeConstructorAccessorImpl.newInstance(NativeConstructorAccessorImpl.java:57)
	at sun.reflect.DelegatingConstructorAccessorImpl.newInstance(DelegatingConstructorAccessorImpl.java:45)
	at java.lang.reflect.Constructor.newInstance(Constructor.java:526)
	at junit.runner.BaseTestRunner.getTest(BaseTestRunner.java:117)
)
11) warning(junit.framework.TestSuite$1)junit.framework.AssertionFailedError: Exception in constructor: testFoldEmptyDo (java.lang.NoClassDefFoundError: com/google/common/collect/ImmutableList
	at com.google.javascript.jscomp.CompilerTestCase.<init>(CompilerTestCase.java:157)
	at com.google.javascript.jscomp.CompilerTestCase.<init>(CompilerTestCase.java:169)
	at com.google.javascript.jscomp.PeepholeRemoveDeadCodeTest.<init>(PeepholeRemoveDeadCodeTest.java:34)
	at sun.reflect.NativeConstructorAccessorImpl.newInstance0(Native Method)
	at sun.reflect.NativeConstructorAccessorImpl.newInstance(NativeConstructorAccessorImpl.java:57)
	at sun.reflect.DelegatingConstructorAccessorImpl.newInstance(DelegatingConstructorAccessorImpl.java:45)
	at java.lang.reflect.Constructor.newInstance(Constructor.java:526)
	at junit.runner.BaseTestRunner.getTest(BaseTestRunner.java:117)
)
12) warning(junit.framework.TestSuite$1)junit.framework.AssertionFailedError: Exception in constructor: testMinimizeWhileConstantCondition (java.lang.NoClassDefFoundError: com/google/common/collect/ImmutableList
	at com.google.javascript.jscomp.CompilerTestCase.<init>(CompilerTestCase.java:157)
	at com.google.javascript.jscomp.CompilerTestCase.<init>(CompilerTestCase.java:169)
	at com.google.javascript.jscomp.PeepholeRemoveDeadCodeTest.<init>(PeepholeRemoveDeadCodeTest.java:34)
	at sun.reflect.NativeConstructorAccessorImpl.newInstance0(Native Method)
	at sun.reflect.NativeConstructorAccessorImpl.newInstance(NativeConstructorAccessorImpl.java:57)
	at sun.reflect.DelegatingConstructorAccessorImpl.newInstance(DelegatingConstructorAccessorImpl.java:45)
	at java.lang.reflect.Constructor.newInstance(Constructor.java:526)
	at junit.runner.BaseTestRunner.getTest(BaseTestRunner.java:117)
)
13) warning(junit.framework.TestSuite$1)junit.framework.AssertionFailedError: Exception in constructor: testFoldConstantCommaExpressions (java.lang.NoClassDefFoundError: com/google/common/collect/ImmutableList
	at com.google.javascript.jscomp.CompilerTestCase.<init>(CompilerTestCase.java:157)
	at com.google.javascript.jscomp.CompilerTestCase.<init>(CompilerTestCase.java:169)
	at com.google.javascript.jscomp.PeepholeRemoveDeadCodeTest.<init>(PeepholeRemoveDeadCodeTest.java:34)
	at sun.reflect.NativeConstructorAccessorImpl.newInstance0(Native Method)
	at sun.reflect.NativeConstructorAccessorImpl.newInstance(NativeConstructorAccessorImpl.java:57)
	at sun.reflect.DelegatingConstructorAccessorImpl.newInstance(DelegatingConstructorAccessorImpl.java:45)
	at java.lang.reflect.Constructor.newInstance(Constructor.java:526)
	at junit.runner.BaseTestRunner.getTest(BaseTestRunner.java:117)
)
14) warning(junit.framework.TestSuite$1)junit.framework.AssertionFailedError: Exception in constructor: testRemoveUselessOps (java.lang.NoClassDefFoundError: com/google/common/collect/ImmutableList
	at com.google.javascript.jscomp.CompilerTestCase.<init>(CompilerTestCase.java:157)
	at com.google.javascript.jscomp.CompilerTestCase.<init>(CompilerTestCase.java:169)
	at com.google.javascript.jscomp.PeepholeRemoveDeadCodeTest.<init>(PeepholeRemoveDeadCodeTest.java:34)
	at sun.reflect.NativeConstructorAccessorImpl.newInstance0(Native Method)
	at sun.reflect.NativeConstructorAccessorImpl.newInstance(NativeConstructorAccessorImpl.java:57)
	at sun.reflect.DelegatingConstructorAccessorImpl.newInstance(DelegatingConstructorAccessorImpl.java:45)
	at java.lang.reflect.Constructor.newInstance(Constructor.java:526)
	at junit.runner.BaseTestRunner.getTest(BaseTestRunner.java:117)
)
15) warning(junit.framework.TestSuite$1)junit.framework.AssertionFailedError: Exception in constructor: testOptimizeSwitch (java.lang.NoClassDefFoundError: com/google/common/collect/ImmutableList
	at com.google.javascript.jscomp.CompilerTestCase.<init>(CompilerTestCase.java:157)
	at com.google.javascript.jscomp.CompilerTestCase.<init>(CompilerTestCase.java:169)
	at com.google.javascript.jscomp.PeepholeRemoveDeadCodeTest.<init>(PeepholeRemoveDeadCodeTest.java:34)
	at sun.reflect.NativeConstructorAccessorImpl.newInstance0(Native Method)
	at sun.reflect.NativeConstructorAccessorImpl.newInstance(NativeConstructorAccessorImpl.java:57)
	at sun.reflect.DelegatingConstructorAccessorImpl.newInstance(DelegatingConstructorAccessorImpl.java:45)
	at java.lang.reflect.Constructor.newInstance(Constructor.java:526)
	at junit.runner.BaseTestRunner.getTest(BaseTestRunner.java:117)
)
16) warning(junit.framework.TestSuite$1)junit.framework.AssertionFailedError: Exception in constructor: testOptimizeSwitchBug11536863 (java.lang.NoClassDefFoundError: com/google/common/collect/ImmutableList
	at com.google.javascript.jscomp.CompilerTestCase.<init>(CompilerTestCase.java:157)
	at com.google.javascript.jscomp.CompilerTestCase.<init>(CompilerTestCase.java:169)
	at com.google.javascript.jscomp.PeepholeRemoveDeadCodeTest.<init>(PeepholeRemoveDeadCodeTest.java:34)
	at sun.reflect.NativeConstructorAccessorImpl.newInstance0(Native Method)
	at sun.reflect.NativeConstructorAccessorImpl.newInstance(NativeConstructorAccessorImpl.java:57)
	at sun.reflect.DelegatingConstructorAccessorImpl.newInstance(DelegatingConstructorAccessorImpl.java:45)
	at java.lang.reflect.Constructor.newInstance(Constructor.java:526)
	at junit.runner.BaseTestRunner.getTest(BaseTestRunner.java:117)
)
17) warning(junit.framework.TestSuite$1)junit.framework.AssertionFailedError: Exception in constructor: testOptimizeSwitch2 (java.lang.NoClassDefFoundError: com/google/common/collect/ImmutableList
	at com.google.javascript.jscomp.CompilerTestCase.<init>(CompilerTestCase.java:157)
	at com.google.javascript.jscomp.CompilerTestCase.<init>(CompilerTestCase.java:169)
	at com.google.javascript.jscomp.PeepholeRemoveDeadCodeTest.<init>(PeepholeRemoveDeadCodeTest.java:34)
	at sun.reflect.GeneratedConstructorAccessor1.newInstance(Unknown Source)
	at sun.reflect.DelegatingConstructorAccessorImpl.newInstance(DelegatingConstructorAccessorImpl.java:45)
	at java.lang.reflect.Constructor.newInstance(Constructor.java:526)
	at junit.runner.BaseTestRunner.getTest(BaseTestRunner.java:117)
)
18) warning(junit.framework.TestSuite$1)junit.framework.AssertionFailedError: Exception in constructor: testRemoveNumber (java.lang.NoClassDefFoundError: com/google/common/collect/ImmutableList
	at com.google.javascript.jscomp.CompilerTestCase.<init>(CompilerTestCase.java:157)
	at com.google.javascript.jscomp.CompilerTestCase.<init>(CompilerTestCase.java:169)
	at com.google.javascript.jscomp.PeepholeRemoveDeadCodeTest.<init>(PeepholeRemoveDeadCodeTest.java:34)
	at sun.reflect.GeneratedConstructorAccessor1.newInstance(Unknown Source)
	at sun.reflect.DelegatingConstructorAccessorImpl.newInstance(DelegatingConstructorAccessorImpl.java:45)
	at java.lang.reflect.Constructor.newInstance(Constructor.java:526)
	at junit.runner.BaseTestRunner.getTest(BaseTestRunner.java:117)
)
19) warning(junit.framework.TestSuite$1)junit.framework.AssertionFailedError: Exception in constructor: testRemoveVarGet1 (java.lang.NoClassDefFoundError: com/google/common/collect/ImmutableList
	at com.google.javascript.jscomp.CompilerTestCase.<init>(CompilerTestCase.java:157)
	at com.google.javascript.jscomp.CompilerTestCase.<init>(CompilerTestCase.java:169)
	at com.google.javascript.jscomp.PeepholeRemoveDeadCodeTest.<init>(PeepholeRemoveDeadCodeTest.java:34)
	at sun.reflect.GeneratedConstructorAccessor1.newInstance(Unknown Source)
	at sun.reflect.DelegatingConstructorAccessorImpl.newInstance(DelegatingConstructorAccessorImpl.java:45)
	at java.lang.reflect.Constructor.newInstance(Constructor.java:526)
	at junit.runner.BaseTestRunner.getTest(BaseTestRunner.java:117)
)
20) warning(junit.framework.TestSuite$1)junit.framework.AssertionFailedError: Exception in constructor: testRemoveVarGet2 (java.lang.NoClassDefFoundError: com/google/common/collect/ImmutableList
	at com.google.javascript.jscomp.CompilerTestCase.<init>(CompilerTestCase.java:157)
	at com.google.javascript.jscomp.CompilerTestCase.<init>(CompilerTestCase.java:169)
	at com.google.javascript.jscomp.PeepholeRemoveDeadCodeTest.<init>(PeepholeRemoveDeadCodeTest.java:34)
	at sun.reflect.GeneratedConstructorAccessor1.newInstance(Unknown Source)
	at sun.reflect.DelegatingConstructorAccessorImpl.newInstance(DelegatingConstructorAccessorImpl.java:45)
	at java.lang.reflect.Constructor.newInstance(Constructor.java:526)
	at junit.runner.BaseTestRunner.getTest(BaseTestRunner.java:117)
)
21) warning(junit.framework.TestSuite$1)junit.framework.AssertionFailedError: Exception in constructor: testRemoveNamespaceGet1 (java.lang.NoClassDefFoundError: com/google/common/collect/ImmutableList
	at com.google.javascript.jscomp.CompilerTestCase.<init>(CompilerTestCase.java:157)
	at com.google.javascript.jscomp.CompilerTestCase.<init>(CompilerTestCase.java:169)
	at com.google.javascript.jscomp.PeepholeRemoveDeadCodeTest.<init>(PeepholeRemoveDeadCodeTest.java:34)
	at sun.reflect.GeneratedConstructorAccessor1.newInstance(Unknown Source)
	at sun.reflect.DelegatingConstructorAccessorImpl.newInstance(DelegatingConstructorAccessorImpl.java:45)
	at java.lang.reflect.Constructor.newInstance(Constructor.java:526)
	at junit.runner.BaseTestRunner.getTest(BaseTestRunner.java:117)
)
22) warning(junit.framework.TestSuite$1)junit.framework.AssertionFailedError: Exception in constructor: testRemoveNamespaceGet2 (java.lang.NoClassDefFoundError: com/google/common/collect/ImmutableList
	at com.google.javascript.jscomp.CompilerTestCase.<init>(CompilerTestCase.java:157)
	at com.google.javascript.jscomp.CompilerTestCase.<init>(CompilerTestCase.java:169)
	at com.google.javascript.jscomp.PeepholeRemoveDeadCodeTest.<init>(PeepholeRemoveDeadCodeTest.java:34)
	at sun.reflect.GeneratedConstructorAccessor1.newInstance(Unknown Source)
	at sun.reflect.DelegatingConstructorAccessorImpl.newInstance(DelegatingConstructorAccessorImpl.java:45)
	at java.lang.reflect.Constructor.newInstance(Constructor.java:526)
	at junit.runner.BaseTestRunner.getTest(BaseTestRunner.java:117)
)
23) warning(junit.framework.TestSuite$1)junit.framework.AssertionFailedError: Exception in constructor: testRemovePrototypeGet1 (java.lang.NoClassDefFoundError: com/google/common/collect/ImmutableList
	at com.google.javascript.jscomp.CompilerTestCase.<init>(CompilerTestCase.java:157)
	at com.google.javascript.jscomp.CompilerTestCase.<init>(CompilerTestCase.java:169)
	at com.google.javascript.jscomp.PeepholeRemoveDeadCodeTest.<init>(PeepholeRemoveDeadCodeTest.java:34)
	at sun.reflect.GeneratedConstructorAccessor1.newInstance(Unknown Source)
	at sun.reflect.DelegatingConstructorAccessorImpl.newInstance(DelegatingConstructorAccessorImpl.java:45)
	at java.lang.reflect.Constructor.newInstance(Constructor.java:526)
	at junit.runner.BaseTestRunner.getTest(BaseTestRunner.java:117)
)
24) warning(junit.framework.TestSuite$1)junit.framework.AssertionFailedError: Exception in constructor: testRemovePrototypeGet2 (java.lang.NoClassDefFoundError: com/google/common/collect/ImmutableList
	at com.google.javascript.jscomp.CompilerTestCase.<init>(CompilerTestCase.java:157)
	at com.google.javascript.jscomp.CompilerTestCase.<init>(CompilerTestCase.java:169)
	at com.google.javascript.jscomp.PeepholeRemoveDeadCodeTest.<init>(PeepholeRemoveDeadCodeTest.java:34)
	at sun.reflect.GeneratedConstructorAccessor1.newInstance(Unknown Source)
	at sun.reflect.DelegatingConstructorAccessorImpl.newInstance(DelegatingConstructorAccessorImpl.java:45)
	at java.lang.reflect.Constructor.newInstance(Constructor.java:526)
	at junit.runner.BaseTestRunner.getTest(BaseTestRunner.java:117)
)
25) warning(junit.framework.TestSuite$1)junit.framework.AssertionFailedError: Exception in constructor: testRemoveAdd1 (java.lang.NoClassDefFoundError: com/google/common/collect/ImmutableList
	at com.google.javascript.jscomp.CompilerTestCase.<init>(CompilerTestCase.java:157)
	at com.google.javascript.jscomp.CompilerTestCase.<init>(CompilerTestCase.java:169)
	at com.google.javascript.jscomp.PeepholeRemoveDeadCodeTest.<init>(PeepholeRemoveDeadCodeTest.java:34)
	at sun.reflect.GeneratedConstructorAccessor1.newInstance(Unknown Source)
	at sun.reflect.DelegatingConstructorAccessorImpl.newInstance(DelegatingConstructorAccessorImpl.java:45)
	at java.lang.reflect.Constructor.newInstance(Constructor.java:526)
	at junit.runner.BaseTestRunner.getTest(BaseTestRunner.java:117)
)
26) warning(junit.framework.TestSuite$1)junit.framework.AssertionFailedError: Exception in constructor: testNoRemoveVar1 (java.lang.NoClassDefFoundError: com/google/common/collect/ImmutableList
	at com.google.javascript.jscomp.CompilerTestCase.<init>(CompilerTestCase.java:157)
	at com.google.javascript.jscomp.CompilerTestCase.<init>(CompilerTestCase.java:169)
	at com.google.javascript.jscomp.PeepholeRemoveDeadCodeTest.<init>(PeepholeRemoveDeadCodeTest.java:34)
	at sun.reflect.GeneratedConstructorAccessor1.newInstance(Unknown Source)
	at sun.reflect.DelegatingConstructorAccessorImpl.newInstance(DelegatingConstructorAccessorImpl.java:45)
	at java.lang.reflect.Constructor.newInstance(Constructor.java:526)
	at junit.runner.BaseTestRunner.getTest(BaseTestRunner.java:117)
)
27) warning(junit.framework.TestSuite$1)junit.framework.AssertionFailedError: Exception in constructor: testNoRemoveVar2 (java.lang.NoClassDefFoundError: com/google/common/collect/ImmutableList
	at com.google.javascript.jscomp.CompilerTestCase.<init>(CompilerTestCase.java:157)
	at com.google.javascript.jscomp.CompilerTestCase.<init>(CompilerTestCase.java:169)
	at com.google.javascript.jscomp.PeepholeRemoveDeadCodeTest.<init>(PeepholeRemoveDeadCodeTest.java:34)
	at sun.reflect.GeneratedConstructorAccessor1.newInstance(Unknown Source)
	at sun.reflect.DelegatingConstructorAccessorImpl.newInstance(DelegatingConstructorAccessorImpl.java:45)
	at java.lang.reflect.Constructor.newInstance(Constructor.java:526)
	at junit.runner.BaseTestRunner.getTest(BaseTestRunner.java:117)
)
28) warning(junit.framework.TestSuite$1)junit.framework.AssertionFailedError: Exception in constructor: testNoRemoveAssign1 (java.lang.NoClassDefFoundError: com/google/common/collect/ImmutableList
	at com.google.javascript.jscomp.CompilerTestCase.<init>(CompilerTestCase.java:157)
	at com.google.javascript.jscomp.CompilerTestCase.<init>(CompilerTestCase.java:169)
	at com.google.javascript.jscomp.PeepholeRemoveDeadCodeTest.<init>(PeepholeRemoveDeadCodeTest.java:34)
	at sun.reflect.GeneratedConstructorAccessor1.newInstance(Unknown Source)
	at sun.reflect.DelegatingConstructorAccessorImpl.newInstance(DelegatingConstructorAccessorImpl.java:45)
	at java.lang.reflect.Constructor.newInstance(Constructor.java:526)
	at junit.runner.BaseTestRunner.getTest(BaseTestRunner.java:117)
)
29) warning(junit.framework.TestSuite$1)junit.framework.AssertionFailedError: Exception in constructor: testNoRemoveAssign2 (java.lang.NoClassDefFoundError: com/google/common/collect/ImmutableList
	at com.google.javascript.jscomp.CompilerTestCase.<init>(CompilerTestCase.java:157)
	at com.google.javascript.jscomp.CompilerTestCase.<init>(CompilerTestCase.java:169)
	at com.google.javascript.jscomp.PeepholeRemoveDeadCodeTest.<init>(PeepholeRemoveDeadCodeTest.java:34)
	at sun.reflect.GeneratedConstructorAccessor1.newInstance(Unknown Source)
	at sun.reflect.DelegatingConstructorAccessorImpl.newInstance(DelegatingConstructorAccessorImpl.java:45)
	at java.lang.reflect.Constructor.newInstance(Constructor.java:526)
	at junit.runner.BaseTestRunner.getTest(BaseTestRunner.java:117)
)
30) warning(junit.framework.TestSuite$1)junit.framework.AssertionFailedError: Exception in constructor: testNoRemoveAssign3 (java.lang.NoClassDefFoundError: com/google/common/collect/ImmutableList
	at com.google.javascript.jscomp.CompilerTestCase.<init>(CompilerTestCase.java:157)
	at com.google.javascript.jscomp.CompilerTestCase.<init>(CompilerTestCase.java:169)
	at com.google.javascript.jscomp.PeepholeRemoveDeadCodeTest.<init>(PeepholeRemoveDeadCodeTest.java:34)
	at sun.reflect.GeneratedConstructorAccessor1.newInstance(Unknown Source)
	at sun.reflect.DelegatingConstructorAccessorImpl.newInstance(DelegatingConstructorAccessorImpl.java:45)
	at java.lang.reflect.Constructor.newInstance(Constructor.java:526)
	at junit.runner.BaseTestRunner.getTest(BaseTestRunner.java:117)
)
31) warning(junit.framework.TestSuite$1)junit.framework.AssertionFailedError: Exception in constructor: testNoRemoveAssign4 (java.lang.NoClassDefFoundError: com/google/common/collect/ImmutableList
	at com.google.javascript.jscomp.CompilerTestCase.<init>(CompilerTestCase.java:157)
	at com.google.javascript.jscomp.CompilerTestCase.<init>(CompilerTestCase.java:169)
	at com.google.javascript.jscomp.PeepholeRemoveDeadCodeTest.<init>(PeepholeRemoveDeadCodeTest.java:34)
	at sun.reflect.GeneratedConstructorAccessor1.newInstance(Unknown Source)
	at sun.reflect.DelegatingConstructorAccessorImpl.newInstance(DelegatingConstructorAccessorImpl.java:45)
	at java.lang.reflect.Constructor.newInstance(Constructor.java:526)
	at junit.runner.BaseTestRunner.getTest(BaseTestRunner.java:117)
)
32) warning(junit.framework.TestSuite$1)junit.framework.AssertionFailedError: Exception in constructor: testNoRemoveAssign5 (java.lang.NoClassDefFoundError: com/google/common/collect/ImmutableList
	at com.google.javascript.jscomp.CompilerTestCase.<init>(CompilerTestCase.java:157)
	at com.google.javascript.jscomp.CompilerTestCase.<init>(CompilerTestCase.java:169)
	at com.google.javascript.jscomp.PeepholeRemoveDeadCodeTest.<init>(PeepholeRemoveDeadCodeTest.java:34)
	at sun.reflect.GeneratedConstructorAccessor1.newInstance(Unknown Source)
	at sun.reflect.DelegatingConstructorAccessorImpl.newInstance(DelegatingConstructorAccessorImpl.java:45)
	at java.lang.reflect.Constructor.newInstance(Constructor.java:526)
	at junit.runner.BaseTestRunner.getTest(BaseTestRunner.java:117)
)
33) warning(junit.framework.TestSuite$1)junit.framework.AssertionFailedError: Exception in constructor: testNoRemoveAssign6 (java.lang.NoClassDefFoundError: com/google/common/collect/ImmutableList
	at com.google.javascript.jscomp.CompilerTestCase.<init>(CompilerTestCase.java:157)
	at com.google.javascript.jscomp.CompilerTestCase.<init>(CompilerTestCase.java:169)
	at com.google.javascript.jscomp.PeepholeRemoveDeadCodeTest.<init>(PeepholeRemoveDeadCodeTest.java:34)
	at sun.reflect.GeneratedConstructorAccessor1.newInstance(Unknown Source)
	at sun.reflect.DelegatingConstructorAccessorImpl.newInstance(DelegatingConstructorAccessorImpl.java:45)
	at java.lang.reflect.Constructor.newInstance(Constructor.java:526)
	at junit.runner.BaseTestRunner.getTest(BaseTestRunner.java:117)
)
34) warning(junit.framework.TestSuite$1)junit.framework.AssertionFailedError: Exception in constructor: testNoRemoveCall1 (java.lang.NoClassDefFoundError: com/google/common/collect/ImmutableList
	at com.google.javascript.jscomp.CompilerTestCase.<init>(CompilerTestCase.java:157)
	at com.google.javascript.jscomp.CompilerTestCase.<init>(CompilerTestCase.java:169)
	at com.google.javascript.jscomp.PeepholeRemoveDeadCodeTest.<init>(PeepholeRemoveDeadCodeTest.java:34)
	at sun.reflect.GeneratedConstructorAccessor1.newInstance(Unknown Source)
	at sun.reflect.DelegatingConstructorAccessorImpl.newInstance(DelegatingConstructorAccessorImpl.java:45)
	at java.lang.reflect.Constructor.newInstance(Constructor.java:526)
	at junit.runner.BaseTestRunner.getTest(BaseTestRunner.java:117)
)
35) warning(junit.framework.TestSuite$1)junit.framework.AssertionFailedError: Exception in constructor: testNoRemoveCall2 (java.lang.NoClassDefFoundError: com/google/common/collect/ImmutableList
	at com.google.javascript.jscomp.CompilerTestCase.<init>(CompilerTestCase.java:157)
	at com.google.javascript.jscomp.CompilerTestCase.<init>(CompilerTestCase.java:169)
	at com.google.javascript.jscomp.PeepholeRemoveDeadCodeTest.<init>(PeepholeRemoveDeadCodeTest.java:34)
	at sun.reflect.GeneratedConstructorAccessor1.newInstance(Unknown Source)
	at sun.reflect.DelegatingConstructorAccessorImpl.newInstance(DelegatingConstructorAccessorImpl.java:45)
	at java.lang.reflect.Constructor.newInstance(Constructor.java:526)
	at junit.runner.BaseTestRunner.getTest(BaseTestRunner.java:117)
)
36) warning(junit.framework.TestSuite$1)junit.framework.AssertionFailedError: Exception in constructor: testNoRemoveCall3 (java.lang.NoClassDefFoundError: com/google/common/collect/ImmutableList
	at com.google.javascript.jscomp.CompilerTestCase.<init>(CompilerTestCase.java:157)
	at com.google.javascript.jscomp.CompilerTestCase.<init>(CompilerTestCase.java:169)
	at com.google.javascript.jscomp.PeepholeRemoveDeadCodeTest.<init>(PeepholeRemoveDeadCodeTest.java:34)
	at sun.reflect.GeneratedConstructorAccessor1.newInstance(Unknown Source)
	at sun.reflect.DelegatingConstructorAccessorImpl.newInstance(DelegatingConstructorAccessorImpl.java:45)
	at java.lang.reflect.Constructor.newInstance(Constructor.java:526)
	at junit.runner.BaseTestRunner.getTest(BaseTestRunner.java:117)
)
37) warning(junit.framework.TestSuite$1)junit.framework.AssertionFailedError: Exception in constructor: testNoRemoveCall4 (java.lang.NoClassDefFoundError: com/google/common/collect/ImmutableList
	at com.google.javascript.jscomp.CompilerTestCase.<init>(CompilerTestCase.java:157)
	at com.google.javascript.jscomp.CompilerTestCase.<init>(CompilerTestCase.java:169)
	at com.google.javascript.jscomp.PeepholeRemoveDeadCodeTest.<init>(PeepholeRemoveDeadCodeTest.java:34)
	at sun.reflect.GeneratedConstructorAccessor1.newInstance(Unknown Source)
	at sun.reflect.DelegatingConstructorAccessorImpl.newInstance(DelegatingConstructorAccessorImpl.java:45)
	at java.lang.reflect.Constructor.newInstance(Constructor.java:526)
	at junit.runner.BaseTestRunner.getTest(BaseTestRunner.java:117)
)
38) warning(junit.framework.TestSuite$1)junit.framework.AssertionFailedError: Exception in constructor: testNoRemoveCall5 (java.lang.NoClassDefFoundError: com/google/common/collect/ImmutableList
	at com.google.javascript.jscomp.CompilerTestCase.<init>(CompilerTestCase.java:157)
	at com.google.javascript.jscomp.CompilerTestCase.<init>(CompilerTestCase.java:169)
	at com.google.javascript.jscomp.PeepholeRemoveDeadCodeTest.<init>(PeepholeRemoveDeadCodeTest.java:34)
	at sun.reflect.GeneratedConstructorAccessor1.newInstance(Unknown Source)
	at sun.reflect.DelegatingConstructorAccessorImpl.newInstance(DelegatingConstructorAccessorImpl.java:45)
	at java.lang.reflect.Constructor.newInstance(Constructor.java:526)
	at junit.runner.BaseTestRunner.getTest(BaseTestRunner.java:117)
)
39) warning(junit.framework.TestSuite$1)junit.framework.AssertionFailedError: Exception in constructor: testNoRemoveCall6 (java.lang.NoClassDefFoundError: com/google/common/collect/ImmutableList
	at com.google.javascript.jscomp.CompilerTestCase.<init>(CompilerTestCase.java:157)
	at com.google.javascript.jscomp.CompilerTestCase.<init>(CompilerTestCase.java:169)
	at com.google.javascript.jscomp.PeepholeRemoveDeadCodeTest.<init>(PeepholeRemoveDeadCodeTest.java:34)
	at sun.reflect.GeneratedConstructorAccessor1.newInstance(Unknown Source)
	at sun.reflect.DelegatingConstructorAccessorImpl.newInstance(DelegatingConstructorAccessorImpl.java:45)
	at java.lang.reflect.Constructor.newInstance(Constructor.java:526)
	at junit.runner.BaseTestRunner.getTest(BaseTestRunner.java:117)
)
40) warning(junit.framework.TestSuite$1)junit.framework.AssertionFailedError: Exception in constructor: testNoRemoveThrow1 (java.lang.NoClassDefFoundError: com/google/common/collect/ImmutableList
	at com.google.javascript.jscomp.CompilerTestCase.<init>(CompilerTestCase.java:157)
	at com.google.javascript.jscomp.CompilerTestCase.<init>(CompilerTestCase.java:169)
	at com.google.javascript.jscomp.PeepholeRemoveDeadCodeTest.<init>(PeepholeRemoveDeadCodeTest.java:34)
	at sun.reflect.GeneratedConstructorAccessor1.newInstance(Unknown Source)
	at sun.reflect.DelegatingConstructorAccessorImpl.newInstance(DelegatingConstructorAccessorImpl.java:45)
	at java.lang.reflect.Constructor.newInstance(Constructor.java:526)
	at junit.runner.BaseTestRunner.getTest(BaseTestRunner.java:117)
)
41) warning(junit.framework.TestSuite$1)junit.framework.AssertionFailedError: Exception in constructor: testNoRemoveThrow2 (java.lang.NoClassDefFoundError: com/google/common/collect/ImmutableList
	at com.google.javascript.jscomp.CompilerTestCase.<init>(CompilerTestCase.java:157)
	at com.google.javascript.jscomp.CompilerTestCase.<init>(CompilerTestCase.java:169)
	at com.google.javascript.jscomp.PeepholeRemoveDeadCodeTest.<init>(PeepholeRemoveDeadCodeTest.java:34)
	at sun.reflect.GeneratedConstructorAccessor1.newInstance(Unknown Source)
	at sun.reflect.DelegatingConstructorAccessorImpl.newInstance(DelegatingConstructorAccessorImpl.java:45)
	at java.lang.reflect.Constructor.newInstance(Constructor.java:526)
	at junit.runner.BaseTestRunner.getTest(BaseTestRunner.java:117)
)
42) warning(junit.framework.TestSuite$1)junit.framework.AssertionFailedError: Exception in constructor: testNoRemoveThrow3 (java.lang.NoClassDefFoundError: com/google/common/collect/ImmutableList
	at com.google.javascript.jscomp.CompilerTestCase.<init>(CompilerTestCase.java:157)
	at com.google.javascript.jscomp.CompilerTestCase.<init>(CompilerTestCase.java:169)
	at com.google.javascript.jscomp.PeepholeRemoveDeadCodeTest.<init>(PeepholeRemoveDeadCodeTest.java:34)
	at sun.reflect.GeneratedConstructorAccessor1.newInstance(Unknown Source)
	at sun.reflect.DelegatingConstructorAccessorImpl.newInstance(DelegatingConstructorAccessorImpl.java:45)
	at java.lang.reflect.Constructor.newInstance(Constructor.java:526)
	at junit.runner.BaseTestRunner.getTest(BaseTestRunner.java:117)
)
43) warning(junit.framework.TestSuite$1)junit.framework.AssertionFailedError: Exception in constructor: testRemoveInControlStructure1 (java.lang.NoClassDefFoundError: com/google/common/collect/ImmutableList
	at com.google.javascript.jscomp.CompilerTestCase.<init>(CompilerTestCase.java:157)
	at com.google.javascript.jscomp.CompilerTestCase.<init>(CompilerTestCase.java:169)
	at com.google.javascript.jscomp.PeepholeRemoveDeadCodeTest.<init>(PeepholeRemoveDeadCodeTest.java:34)
	at sun.reflect.GeneratedConstructorAccessor1.newInstance(Unknown Source)
	at sun.reflect.DelegatingConstructorAccessorImpl.newInstance(DelegatingConstructorAccessorImpl.java:45)
	at java.lang.reflect.Constructor.newInstance(Constructor.java:526)
	at junit.runner.BaseTestRunner.getTest(BaseTestRunner.java:117)
)
44) warning(junit.framework.TestSuite$1)junit.framework.AssertionFailedError: Exception in constructor: testRemoveInControlStructure2 (java.lang.NoClassDefFoundError: com/google/common/collect/ImmutableList
	at com.google.javascript.jscomp.CompilerTestCase.<init>(CompilerTestCase.java:157)
	at com.google.javascript.jscomp.CompilerTestCase.<init>(CompilerTestCase.java:169)
	at com.google.javascript.jscomp.PeepholeRemoveDeadCodeTest.<init>(PeepholeRemoveDeadCodeTest.java:34)
	at sun.reflect.GeneratedConstructorAccessor1.newInstance(Unknown Source)
	at sun.reflect.DelegatingConstructorAccessorImpl.newInstance(DelegatingConstructorAccessorImpl.java:45)
	at java.lang.reflect.Constructor.newInstance(Constructor.java:526)
	at junit.runner.BaseTestRunner.getTest(BaseTestRunner.java:117)
)
45) warning(junit.framework.TestSuite$1)junit.framework.AssertionFailedError: Exception in constructor: testRemoveInControlStructure3 (java.lang.NoClassDefFoundError: com/google/common/collect/ImmutableList
	at com.google.javascript.jscomp.CompilerTestCase.<init>(CompilerTestCase.java:157)
	at com.google.javascript.jscomp.CompilerTestCase.<init>(CompilerTestCase.java:169)
	at com.google.javascript.jscomp.PeepholeRemoveDeadCodeTest.<init>(PeepholeRemoveDeadCodeTest.java:34)
	at sun.reflect.GeneratedConstructorAccessor1.newInstance(Unknown Source)
	at sun.reflect.DelegatingConstructorAccessorImpl.newInstance(DelegatingConstructorAccessorImpl.java:45)
	at java.lang.reflect.Constructor.newInstance(Constructor.java:526)
	at junit.runner.BaseTestRunner.getTest(BaseTestRunner.java:117)
)
46) warning(junit.framework.TestSuite$1)junit.framework.AssertionFailedError: Exception in constructor: testHook1 (java.lang.NoClassDefFoundError: com/google/common/collect/ImmutableList
	at com.google.javascript.jscomp.CompilerTestCase.<init>(CompilerTestCase.java:157)
	at com.google.javascript.jscomp.CompilerTestCase.<init>(CompilerTestCase.java:169)
	at com.google.javascript.jscomp.PeepholeRemoveDeadCodeTest.<init>(PeepholeRemoveDeadCodeTest.java:34)
	at sun.reflect.GeneratedConstructorAccessor1.newInstance(Unknown Source)
	at sun.reflect.DelegatingConstructorAccessorImpl.newInstance(DelegatingConstructorAccessorImpl.java:45)
	at java.lang.reflect.Constructor.newInstance(Constructor.java:526)
	at junit.runner.BaseTestRunner.getTest(BaseTestRunner.java:117)
)
47) warning(junit.framework.TestSuite$1)junit.framework.AssertionFailedError: Exception in constructor: testHook2 (java.lang.NoClassDefFoundError: com/google/common/collect/ImmutableList
	at com.google.javascript.jscomp.CompilerTestCase.<init>(CompilerTestCase.java:157)
	at com.google.javascript.jscomp.CompilerTestCase.<init>(CompilerTestCase.java:169)
	at com.google.javascript.jscomp.PeepholeRemoveDeadCodeTest.<init>(PeepholeRemoveDeadCodeTest.java:34)
	at sun.reflect.GeneratedConstructorAccessor1.newInstance(Unknown Source)
	at sun.reflect.DelegatingConstructorAccessorImpl.newInstance(DelegatingConstructorAccessorImpl.java:45)
	at java.lang.reflect.Constructor.newInstance(Constructor.java:526)
	at junit.runner.BaseTestRunner.getTest(BaseTestRunner.java:117)
)
48) warning(junit.framework.TestSuite$1)junit.framework.AssertionFailedError: Exception in constructor: testHook3 (java.lang.NoClassDefFoundError: com/google/common/collect/ImmutableList
	at com.google.javascript.jscomp.CompilerTestCase.<init>(CompilerTestCase.java:157)
	at com.google.javascript.jscomp.CompilerTestCase.<init>(CompilerTestCase.java:169)
	at com.google.javascript.jscomp.PeepholeRemoveDeadCodeTest.<init>(PeepholeRemoveDeadCodeTest.java:34)
	at sun.reflect.GeneratedConstructorAccessor1.newInstance(Unknown Source)
	at sun.reflect.DelegatingConstructorAccessorImpl.newInstance(DelegatingConstructorAccessorImpl.java:45)
	at java.lang.reflect.Constructor.newInstance(Constructor.java:526)
	at junit.runner.BaseTestRunner.getTest(BaseTestRunner.java:117)
)
49) warning(junit.framework.TestSuite$1)junit.framework.AssertionFailedError: Exception in constructor: testHook4 (java.lang.NoClassDefFoundError: com/google/common/collect/ImmutableList
	at com.google.javascript.jscomp.CompilerTestCase.<init>(CompilerTestCase.java:157)
	at com.google.javascript.jscomp.CompilerTestCase.<init>(CompilerTestCase.java:169)
	at com.google.javascript.jscomp.PeepholeRemoveDeadCodeTest.<init>(PeepholeRemoveDeadCodeTest.java:34)
	at sun.reflect.GeneratedConstructorAccessor1.newInstance(Unknown Source)
	at sun.reflect.DelegatingConstructorAccessorImpl.newInstance(DelegatingConstructorAccessorImpl.java:45)
	at java.lang.reflect.Constructor.newInstance(Constructor.java:526)
	at junit.runner.BaseTestRunner.getTest(BaseTestRunner.java:117)
)
50) warning(junit.framework.TestSuite$1)junit.framework.AssertionFailedError: Exception in constructor: testHook5 (java.lang.NoClassDefFoundError: com/google/common/collect/ImmutableList
	at com.google.javascript.jscomp.CompilerTestCase.<init>(CompilerTestCase.java:157)
	at com.google.javascript.jscomp.CompilerTestCase.<init>(CompilerTestCase.java:169)
	at com.google.javascript.jscomp.PeepholeRemoveDeadCodeTest.<init>(PeepholeRemoveDeadCodeTest.java:34)
	at sun.reflect.GeneratedConstructorAccessor1.newInstance(Unknown Source)
	at sun.reflect.DelegatingConstructorAccessorImpl.newInstance(DelegatingConstructorAccessorImpl.java:45)
	at java.lang.reflect.Constructor.newInstance(Constructor.java:526)
	at junit.runner.BaseTestRunner.getTest(BaseTestRunner.java:117)
)
51) warning(junit.framework.TestSuite$1)junit.framework.AssertionFailedError: Exception in constructor: testHook6 (java.lang.NoClassDefFoundError: com/google/common/collect/ImmutableList
	at com.google.javascript.jscomp.CompilerTestCase.<init>(CompilerTestCase.java:157)
	at com.google.javascript.jscomp.CompilerTestCase.<init>(CompilerTestCase.java:169)
	at com.google.javascript.jscomp.PeepholeRemoveDeadCodeTest.<init>(PeepholeRemoveDeadCodeTest.java:34)
	at sun.reflect.GeneratedConstructorAccessor1.newInstance(Unknown Source)
	at sun.reflect.DelegatingConstructorAccessorImpl.newInstance(DelegatingConstructorAccessorImpl.java:45)
	at java.lang.reflect.Constructor.newInstance(Constructor.java:526)
	at junit.runner.BaseTestRunner.getTest(BaseTestRunner.java:117)
)
52) warning(junit.framework.TestSuite$1)junit.framework.AssertionFailedError: Exception in constructor: testHook7 (java.lang.NoClassDefFoundError: com/google/common/collect/ImmutableList
	at com.google.javascript.jscomp.CompilerTestCase.<init>(CompilerTestCase.java:157)
	at com.google.javascript.jscomp.CompilerTestCase.<init>(CompilerTestCase.java:169)
	at com.google.javascript.jscomp.PeepholeRemoveDeadCodeTest.<init>(PeepholeRemoveDeadCodeTest.java:34)
	at sun.reflect.GeneratedConstructorAccessor1.newInstance(Unknown Source)
	at sun.reflect.DelegatingConstructorAccessorImpl.newInstance(DelegatingConstructorAccessorImpl.java:45)
	at java.lang.reflect.Constructor.newInstance(Constructor.java:526)
	at junit.runner.BaseTestRunner.getTest(BaseTestRunner.java:117)
)
53) warning(junit.framework.TestSuite$1)junit.framework.AssertionFailedError: Exception in constructor: testHook8 (java.lang.NoClassDefFoundError: com/google/common/collect/ImmutableList
	at com.google.javascript.jscomp.CompilerTestCase.<init>(CompilerTestCase.java:157)
	at com.google.javascript.jscomp.CompilerTestCase.<init>(CompilerTestCase.java:169)
	at com.google.javascript.jscomp.PeepholeRemoveDeadCodeTest.<init>(PeepholeRemoveDeadCodeTest.java:34)
	at sun.reflect.GeneratedConstructorAccessor1.newInstance(Unknown Source)
	at sun.reflect.DelegatingConstructorAccessorImpl.newInstance(DelegatingConstructorAccessorImpl.java:45)
	at java.lang.reflect.Constructor.newInstance(Constructor.java:526)
	at junit.runner.BaseTestRunner.getTest(BaseTestRunner.java:117)
)
54) warning(junit.framework.TestSuite$1)junit.framework.AssertionFailedError: Exception in constructor: testShortCircuit1 (java.lang.NoClassDefFoundError: com/google/common/collect/ImmutableList
	at com.google.javascript.jscomp.CompilerTestCase.<init>(CompilerTestCase.java:157)
	at com.google.javascript.jscomp.CompilerTestCase.<init>(CompilerTestCase.java:169)
	at com.google.javascript.jscomp.PeepholeRemoveDeadCodeTest.<init>(PeepholeRemoveDeadCodeTest.java:34)
	at sun.reflect.GeneratedConstructorAccessor1.newInstance(Unknown Source)
	at sun.reflect.DelegatingConstructorAccessorImpl.newInstance(DelegatingConstructorAccessorImpl.java:45)
	at java.lang.reflect.Constructor.newInstance(Constructor.java:526)
	at junit.runner.BaseTestRunner.getTest(BaseTestRunner.java:117)
)
55) warning(junit.framework.TestSuite$1)junit.framework.AssertionFailedError: Exception in constructor: testShortCircuit2 (java.lang.NoClassDefFoundError: com/google/common/collect/ImmutableList
	at com.google.javascript.jscomp.CompilerTestCase.<init>(CompilerTestCase.java:157)
	at com.google.javascript.jscomp.CompilerTestCase.<init>(CompilerTestCase.java:169)
	at com.google.javascript.jscomp.PeepholeRemoveDeadCodeTest.<init>(PeepholeRemoveDeadCodeTest.java:34)
	at sun.reflect.GeneratedConstructorAccessor1.newInstance(Unknown Source)
	at sun.reflect.DelegatingConstructorAccessorImpl.newInstance(DelegatingConstructorAccessorImpl.java:45)
	at java.lang.reflect.Constructor.newInstance(Constructor.java:526)
	at junit.runner.BaseTestRunner.getTest(BaseTestRunner.java:117)
)
56) warning(junit.framework.TestSuite$1)junit.framework.AssertionFailedError: Exception in constructor: testShortCircuit3 (java.lang.NoClassDefFoundError: com/google/common/collect/ImmutableList
	at com.google.javascript.jscomp.CompilerTestCase.<init>(CompilerTestCase.java:157)
	at com.google.javascript.jscomp.CompilerTestCase.<init>(CompilerTestCase.java:169)
	at com.google.javascript.jscomp.PeepholeRemoveDeadCodeTest.<init>(PeepholeRemoveDeadCodeTest.java:34)
	at sun.reflect.GeneratedConstructorAccessor1.newInstance(Unknown Source)
	at sun.reflect.DelegatingConstructorAccessorImpl.newInstance(DelegatingConstructorAccessorImpl.java:45)
	at java.lang.reflect.Constructor.newInstance(Constructor.java:526)
	at junit.runner.BaseTestRunner.getTest(BaseTestRunner.java:117)
)
57) warning(junit.framework.TestSuite$1)junit.framework.AssertionFailedError: Exception in constructor: testShortCircuit4 (java.lang.NoClassDefFoundError: com/google/common/collect/ImmutableList
	at com.google.javascript.jscomp.CompilerTestCase.<init>(CompilerTestCase.java:157)
	at com.google.javascript.jscomp.CompilerTestCase.<init>(CompilerTestCase.java:169)
	at com.google.javascript.jscomp.PeepholeRemoveDeadCodeTest.<init>(PeepholeRemoveDeadCodeTest.java:34)
	at sun.reflect.GeneratedConstructorAccessor1.newInstance(Unknown Source)
	at sun.reflect.DelegatingConstructorAccessorImpl.newInstance(DelegatingConstructorAccessorImpl.java:45)
	at java.lang.reflect.Constructor.newInstance(Constructor.java:526)
	at junit.runner.BaseTestRunner.getTest(BaseTestRunner.java:117)
)
58) warning(junit.framework.TestSuite$1)junit.framework.AssertionFailedError: Exception in constructor: testComplex1 (java.lang.NoClassDefFoundError: com/google/common/collect/ImmutableList
	at com.google.javascript.jscomp.CompilerTestCase.<init>(CompilerTestCase.java:157)
	at com.google.javascript.jscomp.CompilerTestCase.<init>(CompilerTestCase.java:169)
	at com.google.javascript.jscomp.PeepholeRemoveDeadCodeTest.<init>(PeepholeRemoveDeadCodeTest.java:34)
	at sun.reflect.GeneratedConstructorAccessor1.newInstance(Unknown Source)
	at sun.reflect.DelegatingConstructorAccessorImpl.newInstance(DelegatingConstructorAccessorImpl.java:45)
	at java.lang.reflect.Constructor.newInstance(Constructor.java:526)
	at junit.runner.BaseTestRunner.getTest(BaseTestRunner.java:117)
)
59) warning(junit.framework.TestSuite$1)junit.framework.AssertionFailedError: Exception in constructor: testComplex2 (java.lang.NoClassDefFoundError: com/google/common/collect/ImmutableList
	at com.google.javascript.jscomp.CompilerTestCase.<init>(CompilerTestCase.java:157)
	at com.google.javascript.jscomp.CompilerTestCase.<init>(CompilerTestCase.java:169)
	at com.google.javascript.jscomp.PeepholeRemoveDeadCodeTest.<init>(PeepholeRemoveDeadCodeTest.java:34)
	at sun.reflect.GeneratedConstructorAccessor1.newInstance(Unknown Source)
	at sun.reflect.DelegatingConstructorAccessorImpl.newInstance(DelegatingConstructorAccessorImpl.java:45)
	at java.lang.reflect.Constructor.newInstance(Constructor.java:526)
	at junit.runner.BaseTestRunner.getTest(BaseTestRunner.java:117)
)
60) warning(junit.framework.TestSuite$1)junit.framework.AssertionFailedError: Exception in constructor: testComplex3 (java.lang.NoClassDefFoundError: com/google/common/collect/ImmutableList
	at com.google.javascript.jscomp.CompilerTestCase.<init>(CompilerTestCase.java:157)
	at com.google.javascript.jscomp.CompilerTestCase.<init>(CompilerTestCase.java:169)
	at com.google.javascript.jscomp.PeepholeRemoveDeadCodeTest.<init>(PeepholeRemoveDeadCodeTest.java:34)
	at sun.reflect.GeneratedConstructorAccessor1.newInstance(Unknown Source)
	at sun.reflect.DelegatingConstructorAccessorImpl.newInstance(DelegatingConstructorAccessorImpl.java:45)
	at java.lang.reflect.Constructor.newInstance(Constructor.java:526)
	at junit.runner.BaseTestRunner.getTest(BaseTestRunner.java:117)
)
61) warning(junit.framework.TestSuite$1)junit.framework.AssertionFailedError: Exception in constructor: testComplex4 (java.lang.NoClassDefFoundError: com/google/common/collect/ImmutableList
	at com.google.javascript.jscomp.CompilerTestCase.<init>(CompilerTestCase.java:157)
	at com.google.javascript.jscomp.CompilerTestCase.<init>(CompilerTestCase.java:169)
	at com.google.javascript.jscomp.PeepholeRemoveDeadCodeTest.<init>(PeepholeRemoveDeadCodeTest.java:34)
	at sun.reflect.GeneratedConstructorAccessor1.newInstance(Unknown Source)
	at sun.reflect.DelegatingConstructorAccessorImpl.newInstance(DelegatingConstructorAccessorImpl.java:45)
	at java.lang.reflect.Constructor.newInstance(Constructor.java:526)
	at junit.runner.BaseTestRunner.getTest(BaseTestRunner.java:117)
)
62) warning(junit.framework.TestSuite$1)junit.framework.AssertionFailedError: Exception in constructor: testComplex5 (java.lang.NoClassDefFoundError: com/google/common/collect/ImmutableList
	at com.google.javascript.jscomp.CompilerTestCase.<init>(CompilerTestCase.java:157)
	at com.google.javascript.jscomp.CompilerTestCase.<init>(CompilerTestCase.java:169)
	at com.google.javascript.jscomp.PeepholeRemoveDeadCodeTest.<init>(PeepholeRemoveDeadCodeTest.java:34)
	at sun.reflect.GeneratedConstructorAccessor1.newInstance(Unknown Source)
	at sun.reflect.DelegatingConstructorAccessorImpl.newInstance(DelegatingConstructorAccessorImpl.java:45)
	at java.lang.reflect.Constructor.newInstance(Constructor.java:526)
	at junit.runner.BaseTestRunner.getTest(BaseTestRunner.java:117)
)
63) warning(junit.framework.TestSuite$1)junit.framework.AssertionFailedError: Exception in constructor: testNoRemoveFunctionDeclaration1 (java.lang.NoClassDefFoundError: com/google/common/collect/ImmutableList
	at com.google.javascript.jscomp.CompilerTestCase.<init>(CompilerTestCase.java:157)
	at com.google.javascript.jscomp.CompilerTestCase.<init>(CompilerTestCase.java:169)
	at com.google.javascript.jscomp.PeepholeRemoveDeadCodeTest.<init>(PeepholeRemoveDeadCodeTest.java:34)
	at sun.reflect.GeneratedConstructorAccessor1.newInstance(Unknown Source)
	at sun.reflect.DelegatingConstructorAccessorImpl.newInstance(DelegatingConstructorAccessorImpl.java:45)
	at java.lang.reflect.Constructor.newInstance(Constructor.java:526)
	at junit.runner.BaseTestRunner.getTest(BaseTestRunner.java:117)
)
64) warning(junit.framework.TestSuite$1)junit.framework.AssertionFailedError: Exception in constructor: testNoRemoveFunctionDeclaration2 (java.lang.NoClassDefFoundError: com/google/common/collect/ImmutableList
	at com.google.javascript.jscomp.CompilerTestCase.<init>(CompilerTestCase.java:157)
	at com.google.javascript.jscomp.CompilerTestCase.<init>(CompilerTestCase.java:169)
	at com.google.javascript.jscomp.PeepholeRemoveDeadCodeTest.<init>(PeepholeRemoveDeadCodeTest.java:34)
	at sun.reflect.GeneratedConstructorAccessor1.newInstance(Unknown Source)
	at sun.reflect.DelegatingConstructorAccessorImpl.newInstance(DelegatingConstructorAccessorImpl.java:45)
	at java.lang.reflect.Constructor.newInstance(Constructor.java:526)
	at junit.runner.BaseTestRunner.getTest(BaseTestRunner.java:117)
)
65) warning(junit.framework.TestSuite$1)junit.framework.AssertionFailedError: Exception in constructor: testNoSimplifyFunctionArgs1 (java.lang.NoClassDefFoundError: com/google/common/collect/ImmutableList
	at com.google.javascript.jscomp.CompilerTestCase.<init>(CompilerTestCase.java:157)
	at com.google.javascript.jscomp.CompilerTestCase.<init>(CompilerTestCase.java:169)
	at com.google.javascript.jscomp.PeepholeRemoveDeadCodeTest.<init>(PeepholeRemoveDeadCodeTest.java:34)
	at sun.reflect.GeneratedConstructorAccessor1.newInstance(Unknown Source)
	at sun.reflect.DelegatingConstructorAccessorImpl.newInstance(DelegatingConstructorAccessorImpl.java:45)
	at java.lang.reflect.Constructor.newInstance(Constructor.java:526)
	at junit.runner.BaseTestRunner.getTest(BaseTestRunner.java:117)
)
66) warning(junit.framework.TestSuite$1)junit.framework.AssertionFailedError: Exception in constructor: testNoSimplifyFunctionArgs2 (java.lang.NoClassDefFoundError: com/google/common/collect/ImmutableList
	at com.google.javascript.jscomp.CompilerTestCase.<init>(CompilerTestCase.java:157)
	at com.google.javascript.jscomp.CompilerTestCase.<init>(CompilerTestCase.java:169)
	at com.google.javascript.jscomp.PeepholeRemoveDeadCodeTest.<init>(PeepholeRemoveDeadCodeTest.java:34)
	at sun.reflect.GeneratedConstructorAccessor1.newInstance(Unknown Source)
	at sun.reflect.DelegatingConstructorAccessorImpl.newInstance(DelegatingConstructorAccessorImpl.java:45)
	at java.lang.reflect.Constructor.newInstance(Constructor.java:526)
	at junit.runner.BaseTestRunner.getTest(BaseTestRunner.java:117)
)
67) warning(junit.framework.TestSuite$1)junit.framework.AssertionFailedError: Exception in constructor: testNoSimplifyFunctionArgs3 (java.lang.NoClassDefFoundError: com/google/common/collect/ImmutableList
	at com.google.javascript.jscomp.CompilerTestCase.<init>(CompilerTestCase.java:157)
	at com.google.javascript.jscomp.CompilerTestCase.<init>(CompilerTestCase.java:169)
	at com.google.javascript.jscomp.PeepholeRemoveDeadCodeTest.<init>(PeepholeRemoveDeadCodeTest.java:34)
	at sun.reflect.GeneratedConstructorAccessor1.newInstance(Unknown Source)
	at sun.reflect.DelegatingConstructorAccessorImpl.newInstance(DelegatingConstructorAccessorImpl.java:45)
	at java.lang.reflect.Constructor.newInstance(Constructor.java:526)
	at junit.runner.BaseTestRunner.getTest(BaseTestRunner.java:117)
)
68) warning(junit.framework.TestSuite$1)junit.framework.AssertionFailedError: Exception in constructor: testNoRemoveInherits1 (java.lang.NoClassDefFoundError: com/google/common/collect/ImmutableList
	at com.google.javascript.jscomp.CompilerTestCase.<init>(CompilerTestCase.java:157)
	at com.google.javascript.jscomp.CompilerTestCase.<init>(CompilerTestCase.java:169)
	at com.google.javascript.jscomp.PeepholeRemoveDeadCodeTest.<init>(PeepholeRemoveDeadCodeTest.java:34)
	at sun.reflect.GeneratedConstructorAccessor1.newInstance(Unknown Source)
	at sun.reflect.DelegatingConstructorAccessorImpl.newInstance(DelegatingConstructorAccessorImpl.java:45)
	at java.lang.reflect.Constructor.newInstance(Constructor.java:526)
	at junit.runner.BaseTestRunner.getTest(BaseTestRunner.java:117)
)
69) warning(junit.framework.TestSuite$1)junit.framework.AssertionFailedError: Exception in constructor: testNoRemoveInherits2 (java.lang.NoClassDefFoundError: com/google/common/collect/ImmutableList
	at com.google.javascript.jscomp.CompilerTestCase.<init>(CompilerTestCase.java:157)
	at com.google.javascript.jscomp.CompilerTestCase.<init>(CompilerTestCase.java:169)
	at com.google.javascript.jscomp.PeepholeRemoveDeadCodeTest.<init>(PeepholeRemoveDeadCodeTest.java:34)
	at sun.reflect.GeneratedConstructorAccessor1.newInstance(Unknown Source)
	at sun.reflect.DelegatingConstructorAccessorImpl.newInstance(DelegatingConstructorAccessorImpl.java:45)
	at java.lang.reflect.Constructor.newInstance(Constructor.java:526)
	at junit.runner.BaseTestRunner.getTest(BaseTestRunner.java:117)
)
70) warning(junit.framework.TestSuite$1)junit.framework.AssertionFailedError: Exception in constructor: testNoRemoveInherits3 (java.lang.NoClassDefFoundError: com/google/common/collect/ImmutableList
	at com.google.javascript.jscomp.CompilerTestCase.<init>(CompilerTestCase.java:157)
	at com.google.javascript.jscomp.CompilerTestCase.<init>(CompilerTestCase.java:169)
	at com.google.javascript.jscomp.PeepholeRemoveDeadCodeTest.<init>(PeepholeRemoveDeadCodeTest.java:34)
	at sun.reflect.GeneratedConstructorAccessor1.newInstance(Unknown Source)
	at sun.reflect.DelegatingConstructorAccessorImpl.newInstance(DelegatingConstructorAccessorImpl.java:45)
	at java.lang.reflect.Constructor.newInstance(Constructor.java:526)
	at junit.runner.BaseTestRunner.getTest(BaseTestRunner.java:117)
)
71) warning(junit.framework.TestSuite$1)junit.framework.AssertionFailedError: Exception in constructor: testNoRemoveInherits4 (java.lang.NoClassDefFoundError: com/google/common/collect/ImmutableList
	at com.google.javascript.jscomp.CompilerTestCase.<init>(CompilerTestCase.java:157)
	at com.google.javascript.jscomp.CompilerTestCase.<init>(CompilerTestCase.java:169)
	at com.google.javascript.jscomp.PeepholeRemoveDeadCodeTest.<init>(PeepholeRemoveDeadCodeTest.java:34)
	at sun.reflect.GeneratedConstructorAccessor1.newInstance(Unknown Source)
	at sun.reflect.DelegatingConstructorAccessorImpl.newInstance(DelegatingConstructorAccessorImpl.java:45)
	at java.lang.reflect.Constructor.newInstance(Constructor.java:526)
	at junit.runner.BaseTestRunner.getTest(BaseTestRunner.java:117)
)
72) warning(junit.framework.TestSuite$1)junit.framework.AssertionFailedError: Exception in constructor: testRemoveFromLabel1 (java.lang.NoClassDefFoundError: com/google/common/collect/ImmutableList
	at com.google.javascript.jscomp.CompilerTestCase.<init>(CompilerTestCase.java:157)
	at com.google.javascript.jscomp.CompilerTestCase.<init>(CompilerTestCase.java:169)
	at com.google.javascript.jscomp.PeepholeRemoveDeadCodeTest.<init>(PeepholeRemoveDeadCodeTest.java:34)
	at sun.reflect.GeneratedConstructorAccessor1.newInstance(Unknown Source)
	at sun.reflect.DelegatingConstructorAccessorImpl.newInstance(DelegatingConstructorAccessorImpl.java:45)
	at java.lang.reflect.Constructor.newInstance(Constructor.java:526)
	at junit.runner.BaseTestRunner.getTest(BaseTestRunner.java:117)
)
73) warning(junit.framework.TestSuite$1)junit.framework.AssertionFailedError: Exception in constructor: testRemoveFromLabel2 (java.lang.NoClassDefFoundError: com/google/common/collect/ImmutableList
	at com.google.javascript.jscomp.CompilerTestCase.<init>(CompilerTestCase.java:157)
	at com.google.javascript.jscomp.CompilerTestCase.<init>(CompilerTestCase.java:169)
	at com.google.javascript.jscomp.PeepholeRemoveDeadCodeTest.<init>(PeepholeRemoveDeadCodeTest.java:34)
	at sun.reflect.GeneratedConstructorAccessor1.newInstance(Unknown Source)
	at sun.reflect.DelegatingConstructorAccessorImpl.newInstance(DelegatingConstructorAccessorImpl.java:45)
	at java.lang.reflect.Constructor.newInstance(Constructor.java:526)
	at junit.runner.BaseTestRunner.getTest(BaseTestRunner.java:117)
)
74) warning(junit.framework.TestSuite$1)junit.framework.AssertionFailedError: Exception in constructor: testCall1 (java.lang.NoClassDefFoundError: com/google/common/collect/ImmutableList
	at com.google.javascript.jscomp.CompilerTestCase.<init>(CompilerTestCase.java:157)
	at com.google.javascript.jscomp.CompilerTestCase.<init>(CompilerTestCase.java:169)
	at com.google.javascript.jscomp.PeepholeRemoveDeadCodeTest.<init>(PeepholeRemoveDeadCodeTest.java:34)
	at sun.reflect.GeneratedConstructorAccessor1.newInstance(Unknown Source)
	at sun.reflect.DelegatingConstructorAccessorImpl.newInstance(DelegatingConstructorAccessorImpl.java:45)
	at java.lang.reflect.Constructor.newInstance(Constructor.java:526)
	at junit.runner.BaseTestRunner.getTest(BaseTestRunner.java:117)
)
75) warning(junit.framework.TestSuite$1)junit.framework.AssertionFailedError: Exception in constructor: testCall2 (java.lang.NoClassDefFoundError: com/google/common/collect/ImmutableList
	at com.google.javascript.jscomp.CompilerTestCase.<init>(CompilerTestCase.java:157)
	at com.google.javascript.jscomp.CompilerTestCase.<init>(CompilerTestCase.java:169)
	at com.google.javascript.jscomp.PeepholeRemoveDeadCodeTest.<init>(PeepholeRemoveDeadCodeTest.java:34)
	at sun.reflect.GeneratedConstructorAccessor1.newInstance(Unknown Source)
	at sun.reflect.DelegatingConstructorAccessorImpl.newInstance(DelegatingConstructorAccessorImpl.java:45)
	at java.lang.reflect.Constructor.newInstance(Constructor.java:526)
	at junit.runner.BaseTestRunner.getTest(BaseTestRunner.java:117)
)
76) warning(junit.framework.TestSuite$1)junit.framework.AssertionFailedError: Exception in constructor: testNew1 (java.lang.NoClassDefFoundError: com/google/common/collect/ImmutableList
	at com.google.javascript.jscomp.CompilerTestCase.<init>(CompilerTestCase.java:157)
	at com.google.javascript.jscomp.CompilerTestCase.<init>(CompilerTestCase.java:169)
	at com.google.javascript.jscomp.PeepholeRemoveDeadCodeTest.<init>(PeepholeRemoveDeadCodeTest.java:34)
	at sun.reflect.GeneratedConstructorAccessor1.newInstance(Unknown Source)
	at sun.reflect.DelegatingConstructorAccessorImpl.newInstance(DelegatingConstructorAccessorImpl.java:45)
	at java.lang.reflect.Constructor.newInstance(Constructor.java:526)
	at junit.runner.BaseTestRunner.getTest(BaseTestRunner.java:117)
)
77) warning(junit.framework.TestSuite$1)junit.framework.AssertionFailedError: Exception in constructor: testNew2 (java.lang.NoClassDefFoundError: com/google/common/collect/ImmutableList
	at com.google.javascript.jscomp.CompilerTestCase.<init>(CompilerTestCase.java:157)
	at com.google.javascript.jscomp.CompilerTestCase.<init>(CompilerTestCase.java:169)
	at com.google.javascript.jscomp.PeepholeRemoveDeadCodeTest.<init>(PeepholeRemoveDeadCodeTest.java:34)
	at sun.reflect.GeneratedConstructorAccessor1.newInstance(Unknown Source)
	at sun.reflect.DelegatingConstructorAccessorImpl.newInstance(DelegatingConstructorAccessorImpl.java:45)
	at java.lang.reflect.Constructor.newInstance(Constructor.java:526)
	at junit.runner.BaseTestRunner.getTest(BaseTestRunner.java:117)
)
78) warning(junit.framework.TestSuite$1)junit.framework.AssertionFailedError: Exception in constructor: testFoldAssign (java.lang.NoClassDefFoundError: com/google/common/collect/ImmutableList
	at com.google.javascript.jscomp.CompilerTestCase.<init>(CompilerTestCase.java:157)
	at com.google.javascript.jscomp.CompilerTestCase.<init>(CompilerTestCase.java:169)
	at com.google.javascript.jscomp.PeepholeRemoveDeadCodeTest.<init>(PeepholeRemoveDeadCodeTest.java:34)
	at sun.reflect.GeneratedConstructorAccessor1.newInstance(Unknown Source)
	at sun.reflect.DelegatingConstructorAccessorImpl.newInstance(DelegatingConstructorAccessorImpl.java:45)
	at java.lang.reflect.Constructor.newInstance(Constructor.java:526)
	at junit.runner.BaseTestRunner.getTest(BaseTestRunner.java:117)
)
79) warning(junit.framework.TestSuite$1)junit.framework.AssertionFailedError: Exception in constructor: testTryCatchFinally (java.lang.NoClassDefFoundError: com/google/common/collect/ImmutableList
	at com.google.javascript.jscomp.CompilerTestCase.<init>(CompilerTestCase.java:157)
	at com.google.javascript.jscomp.CompilerTestCase.<init>(CompilerTestCase.java:169)
	at com.google.javascript.jscomp.PeepholeRemoveDeadCodeTest.<init>(PeepholeRemoveDeadCodeTest.java:34)
	at sun.reflect.GeneratedConstructorAccessor1.newInstance(Unknown Source)
	at sun.reflect.DelegatingConstructorAccessorImpl.newInstance(DelegatingConstructorAccessorImpl.java:45)
	at java.lang.reflect.Constructor.newInstance(Constructor.java:526)
	at junit.runner.BaseTestRunner.getTest(BaseTestRunner.java:117)
)
80) warning(junit.framework.TestSuite$1)junit.framework.AssertionFailedError: Exception in constructor: testObjectLiteral (java.lang.NoClassDefFoundError: com/google/common/collect/ImmutableList
	at com.google.javascript.jscomp.CompilerTestCase.<init>(CompilerTestCase.java:157)
	at com.google.javascript.jscomp.CompilerTestCase.<init>(CompilerTestCase.java:169)
	at com.google.javascript.jscomp.PeepholeRemoveDeadCodeTest.<init>(PeepholeRemoveDeadCodeTest.java:34)
	at sun.reflect.GeneratedConstructorAccessor1.newInstance(Unknown Source)
	at sun.reflect.DelegatingConstructorAccessorImpl.newInstance(DelegatingConstructorAccessorImpl.java:45)
	at java.lang.reflect.Constructor.newInstance(Constructor.java:526)
	at junit.runner.BaseTestRunner.getTest(BaseTestRunner.java:117)
)
81) warning(junit.framework.TestSuite$1)junit.framework.AssertionFailedError: Exception in constructor: testArrayLiteral (java.lang.NoClassDefFoundError: com/google/common/collect/ImmutableList
	at com.google.javascript.jscomp.CompilerTestCase.<init>(CompilerTestCase.java:157)
	at com.google.javascript.jscomp.CompilerTestCase.<init>(CompilerTestCase.java:169)
	at com.google.javascript.jscomp.PeepholeRemoveDeadCodeTest.<init>(PeepholeRemoveDeadCodeTest.java:34)
	at sun.reflect.GeneratedConstructorAccessor1.newInstance(Unknown Source)
	at sun.reflect.DelegatingConstructorAccessorImpl.newInstance(DelegatingConstructorAccessorImpl.java:45)
	at java.lang.reflect.Constructor.newInstance(Constructor.java:526)
	at junit.runner.BaseTestRunner.getTest(BaseTestRunner.java:117)
)

FAILURES!!!
Tests run: 81,  Failures: 81,  Errors: 0

