.F.F.F.F.F.F.F.F.F.F.F.F.F.F.F.F.F.F.F.F.F.F.F.F.F.F.F.F.F.F.F.F.F.F.F.F.F.F
Time: 0.003
There were 38 failures:
1) warning(junit.framework.TestSuite$1)junit.framework.AssertionFailedError: Exception in constructor: testPrototypeProperties (java.lang.NoClassDefFoundError: com/google/common/collect/ImmutableList
	at com.google.javascript.jscomp.CompilerTestCase.<init>(CompilerTestCase.java:157)
	at com.google.javascript.jscomp.CompilerTestCase.<init>(CompilerTestCase.java:169)
	at com.google.javascript.jscomp.RenamePropertiesTest.<init>(RenamePropertiesTest.java:42)
	at sun.reflect.NativeConstructorAccessorImpl.newInstance0(Native Method)
	at sun.reflect.NativeConstructorAccessorImpl.newInstance(NativeConstructorAccessorImpl.java:57)
	at sun.reflect.DelegatingConstructorAccessorImpl.newInstance(DelegatingConstructorAccessorImpl.java:45)
	at java.lang.reflect.Constructor.newInstance(Constructor.java:526)
	at junit.runner.BaseTestRunner.getTest(BaseTestRunner.java:117)
Caused by: java.lang.ClassNotFoundException: com.google.common.collect.ImmutableList
	at java.net.URLClassLoader$1.run(URLClassLoader.java:366)
	at java.net.URLClassLoader$1.run(URLClassLoader.java:355)
	at java.security.AccessController.doPrivileged(Native Method)
	at java.net.URLClassLoader.findClass(URLClassLoader.java:354)
	at java.lang.ClassLoader.loadClass(ClassLoader.java:425)
	at sun.misc.Launcher$AppClassLoader.loadClass(Launcher.java:308)
	at java.lang.ClassLoader.loadClass(ClassLoader.java:358)
	... 14 more
)
2) warning(junit.framework.TestSuite$1)junit.framework.AssertionFailedError: Exception in constructor: testPrototypePropertiesAsObjLitKeys1 (java.lang.NoClassDefFoundError: com/google/common/collect/ImmutableList
	at com.google.javascript.jscomp.CompilerTestCase.<init>(CompilerTestCase.java:157)
	at com.google.javascript.jscomp.CompilerTestCase.<init>(CompilerTestCase.java:169)
	at com.google.javascript.jscomp.RenamePropertiesTest.<init>(RenamePropertiesTest.java:42)
	at sun.reflect.NativeConstructorAccessorImpl.newInstance0(Native Method)
	at sun.reflect.NativeConstructorAccessorImpl.newInstance(NativeConstructorAccessorImpl.java:57)
	at sun.reflect.DelegatingConstructorAccessorImpl.newInstance(DelegatingConstructorAccessorImpl.java:45)
	at java.lang.reflect.Constructor.newInstance(Constructor.java:526)
	at junit.runner.BaseTestRunner.getTest(BaseTestRunner.java:117)
)
3) warning(junit.framework.TestSuite$1)junit.framework.AssertionFailedError: Exception in constructor: testPrototypePropertiesAsObjLitKeys2 (java.lang.NoClassDefFoundError: com/google/common/collect/ImmutableList
	at com.google.javascript.jscomp.CompilerTestCase.<init>(CompilerTestCase.java:157)
	at com.google.javascript.jscomp.CompilerTestCase.<init>(CompilerTestCase.java:169)
	at com.google.javascript.jscomp.RenamePropertiesTest.<init>(RenamePropertiesTest.java:42)
	at sun.reflect.NativeConstructorAccessorImpl.newInstance0(Native Method)
	at sun.reflect.NativeConstructorAccessorImpl.newInstance(NativeConstructorAccessorImpl.java:57)
	at sun.reflect.DelegatingConstructorAccessorImpl.newInstance(DelegatingConstructorAccessorImpl.java:45)
	at java.lang.reflect.Constructor.newInstance(Constructor.java:526)
	at junit.runner.BaseTestRunner.getTest(BaseTestRunner.java:117)
)
4) warning(junit.framework.TestSuite$1)junit.framework.AssertionFailedError: Exception in constructor: testPrototypePropertiesAsObjLitKeys3 (java.lang.NoClassDefFoundError: com/google/common/collect/ImmutableList
	at com.google.javascript.jscomp.CompilerTestCase.<init>(CompilerTestCase.java:157)
	at com.google.javascript.jscomp.CompilerTestCase.<init>(CompilerTestCase.java:169)
	at com.google.javascript.jscomp.RenamePropertiesTest.<init>(RenamePropertiesTest.java:42)
	at sun.reflect.NativeConstructorAccessorImpl.newInstance0(Native Method)
	at sun.reflect.NativeConstructorAccessorImpl.newInstance(NativeConstructorAccessorImpl.java:57)
	at sun.reflect.DelegatingConstructorAccessorImpl.newInstance(DelegatingConstructorAccessorImpl.java:45)
	at java.lang.reflect.Constructor.newInstance(Constructor.java:526)
	at junit.runner.BaseTestRunner.getTest(BaseTestRunner.java:117)
)
5) warning(junit.framework.TestSuite$1)junit.framework.AssertionFailedError: Exception in constructor: testMixedQuotedAndUnquotedObjLitKeys1 (java.lang.NoClassDefFoundError: com/google/common/collect/ImmutableList
	at com.google.javascript.jscomp.CompilerTestCase.<init>(CompilerTestCase.java:157)
	at com.google.javascript.jscomp.CompilerTestCase.<init>(CompilerTestCase.java:169)
	at com.google.javascript.jscomp.RenamePropertiesTest.<init>(RenamePropertiesTest.java:42)
	at sun.reflect.NativeConstructorAccessorImpl.newInstance0(Native Method)
	at sun.reflect.NativeConstructorAccessorImpl.newInstance(NativeConstructorAccessorImpl.java:57)
	at sun.reflect.DelegatingConstructorAccessorImpl.newInstance(DelegatingConstructorAccessorImpl.java:45)
	at java.lang.reflect.Constructor.newInstance(Constructor.java:526)
	at junit.runner.BaseTestRunner.getTest(BaseTestRunner.java:117)
)
6) warning(junit.framework.TestSuite$1)junit.framework.AssertionFailedError: Exception in constructor: testMixedQuotedAndUnquotedObjLitKeys2 (java.lang.NoClassDefFoundError: com/google/common/collect/ImmutableList
	at com.google.javascript.jscomp.CompilerTestCase.<init>(CompilerTestCase.java:157)
	at com.google.javascript.jscomp.CompilerTestCase.<init>(CompilerTestCase.java:169)
	at com.google.javascript.jscomp.RenamePropertiesTest.<init>(RenamePropertiesTest.java:42)
	at sun.reflect.NativeConstructorAccessorImpl.newInstance0(Native Method)
	at sun.reflect.NativeConstructorAccessorImpl.newInstance(NativeConstructorAccessorImpl.java:57)
	at sun.reflect.DelegatingConstructorAccessorImpl.newInstance(DelegatingConstructorAccessorImpl.java:45)
	at java.lang.reflect.Constructor.newInstance(Constructor.java:526)
	at junit.runner.BaseTestRunner.getTest(BaseTestRunner.java:117)
)
7) warning(junit.framework.TestSuite$1)junit.framework.AssertionFailedError: Exception in constructor: testQuotedPrototypeProperty (java.lang.NoClassDefFoundError: com/google/common/collect/ImmutableList
	at com.google.javascript.jscomp.CompilerTestCase.<init>(CompilerTestCase.java:157)
	at com.google.javascript.jscomp.CompilerTestCase.<init>(CompilerTestCase.java:169)
	at com.google.javascript.jscomp.RenamePropertiesTest.<init>(RenamePropertiesTest.java:42)
	at sun.reflect.NativeConstructorAccessorImpl.newInstance0(Native Method)
	at sun.reflect.NativeConstructorAccessorImpl.newInstance(NativeConstructorAccessorImpl.java:57)
	at sun.reflect.DelegatingConstructorAccessorImpl.newInstance(DelegatingConstructorAccessorImpl.java:45)
	at java.lang.reflect.Constructor.newInstance(Constructor.java:526)
	at junit.runner.BaseTestRunner.getTest(BaseTestRunner.java:117)
)
8) warning(junit.framework.TestSuite$1)junit.framework.AssertionFailedError: Exception in constructor: testOverlappingOriginalAndGeneratedNames (java.lang.NoClassDefFoundError: com/google/common/collect/ImmutableList
	at com.google.javascript.jscomp.CompilerTestCase.<init>(CompilerTestCase.java:157)
	at com.google.javascript.jscomp.CompilerTestCase.<init>(CompilerTestCase.java:169)
	at com.google.javascript.jscomp.RenamePropertiesTest.<init>(RenamePropertiesTest.java:42)
	at sun.reflect.NativeConstructorAccessorImpl.newInstance0(Native Method)
	at sun.reflect.NativeConstructorAccessorImpl.newInstance(NativeConstructorAccessorImpl.java:57)
	at sun.reflect.DelegatingConstructorAccessorImpl.newInstance(DelegatingConstructorAccessorImpl.java:45)
	at java.lang.reflect.Constructor.newInstance(Constructor.java:526)
	at junit.runner.BaseTestRunner.getTest(BaseTestRunner.java:117)
)
9) warning(junit.framework.TestSuite$1)junit.framework.AssertionFailedError: Exception in constructor: testRenamePropertiesWithLeadingUnderscores (java.lang.NoClassDefFoundError: com/google/common/collect/ImmutableList
	at com.google.javascript.jscomp.CompilerTestCase.<init>(CompilerTestCase.java:157)
	at com.google.javascript.jscomp.CompilerTestCase.<init>(CompilerTestCase.java:169)
	at com.google.javascript.jscomp.RenamePropertiesTest.<init>(RenamePropertiesTest.java:42)
	at sun.reflect.NativeConstructorAccessorImpl.newInstance0(Native Method)
	at sun.reflect.NativeConstructorAccessorImpl.newInstance(NativeConstructorAccessorImpl.java:57)
	at sun.reflect.DelegatingConstructorAccessorImpl.newInstance(DelegatingConstructorAccessorImpl.java:45)
	at java.lang.reflect.Constructor.newInstance(Constructor.java:526)
	at junit.runner.BaseTestRunner.getTest(BaseTestRunner.java:117)
)
10) warning(junit.framework.TestSuite$1)junit.framework.AssertionFailedError: Exception in constructor: testPropertyAddedToObject (java.lang.NoClassDefFoundError: com/google/common/collect/ImmutableList
	at com.google.javascript.jscomp.CompilerTestCase.<init>(CompilerTestCase.java:157)
	at com.google.javascript.jscomp.CompilerTestCase.<init>(CompilerTestCase.java:169)
	at com.google.javascript.jscomp.RenamePropertiesTest.<init>(RenamePropertiesTest.java:42)
	at sun.reflect.NativeConstructorAccessorImpl.newInstance0(Native Method)
	at sun.reflect.NativeConstructorAccessorImpl.newInstance(NativeConstructorAccessorImpl.java:57)
	at sun.reflect.DelegatingConstructorAccessorImpl.newInstance(DelegatingConstructorAccessorImpl.java:45)
	at java.lang.reflect.Constructor.newInstance(Constructor.java:526)
	at junit.runner.BaseTestRunner.getTest(BaseTestRunner.java:117)
)
11) warning(junit.framework.TestSuite$1)junit.framework.AssertionFailedError: Exception in constructor: testPropertyAddedToFunction (java.lang.NoClassDefFoundError: com/google/common/collect/ImmutableList
	at com.google.javascript.jscomp.CompilerTestCase.<init>(CompilerTestCase.java:157)
	at com.google.javascript.jscomp.CompilerTestCase.<init>(CompilerTestCase.java:169)
	at com.google.javascript.jscomp.RenamePropertiesTest.<init>(RenamePropertiesTest.java:42)
	at sun.reflect.NativeConstructorAccessorImpl.newInstance0(Native Method)
	at sun.reflect.NativeConstructorAccessorImpl.newInstance(NativeConstructorAccessorImpl.java:57)
	at sun.reflect.DelegatingConstructorAccessorImpl.newInstance(DelegatingConstructorAccessorImpl.java:45)
	at java.lang.reflect.Constructor.newInstance(Constructor.java:526)
	at junit.runner.BaseTestRunner.getTest(BaseTestRunner.java:117)
)
12) warning(junit.framework.TestSuite$1)junit.framework.AssertionFailedError: Exception in constructor: testPropertyOfObjectOfUnknownType (java.lang.NoClassDefFoundError: com/google/common/collect/ImmutableList
	at com.google.javascript.jscomp.CompilerTestCase.<init>(CompilerTestCase.java:157)
	at com.google.javascript.jscomp.CompilerTestCase.<init>(CompilerTestCase.java:169)
	at com.google.javascript.jscomp.RenamePropertiesTest.<init>(RenamePropertiesTest.java:42)
	at sun.reflect.NativeConstructorAccessorImpl.newInstance0(Native Method)
	at sun.reflect.NativeConstructorAccessorImpl.newInstance(NativeConstructorAccessorImpl.java:57)
	at sun.reflect.DelegatingConstructorAccessorImpl.newInstance(DelegatingConstructorAccessorImpl.java:45)
	at java.lang.reflect.Constructor.newInstance(Constructor.java:526)
	at junit.runner.BaseTestRunner.getTest(BaseTestRunner.java:117)
)
13) warning(junit.framework.TestSuite$1)junit.framework.AssertionFailedError: Exception in constructor: testSetPropertyOfThis (java.lang.NoClassDefFoundError: com/google/common/collect/ImmutableList
	at com.google.javascript.jscomp.CompilerTestCase.<init>(CompilerTestCase.java:157)
	at com.google.javascript.jscomp.CompilerTestCase.<init>(CompilerTestCase.java:169)
	at com.google.javascript.jscomp.RenamePropertiesTest.<init>(RenamePropertiesTest.java:42)
	at sun.reflect.NativeConstructorAccessorImpl.newInstance0(Native Method)
	at sun.reflect.NativeConstructorAccessorImpl.newInstance(NativeConstructorAccessorImpl.java:57)
	at sun.reflect.DelegatingConstructorAccessorImpl.newInstance(DelegatingConstructorAccessorImpl.java:45)
	at java.lang.reflect.Constructor.newInstance(Constructor.java:526)
	at junit.runner.BaseTestRunner.getTest(BaseTestRunner.java:117)
)
14) warning(junit.framework.TestSuite$1)junit.framework.AssertionFailedError: Exception in constructor: testReadPropertyOfThis (java.lang.NoClassDefFoundError: com/google/common/collect/ImmutableList
	at com.google.javascript.jscomp.CompilerTestCase.<init>(CompilerTestCase.java:157)
	at com.google.javascript.jscomp.CompilerTestCase.<init>(CompilerTestCase.java:169)
	at com.google.javascript.jscomp.RenamePropertiesTest.<init>(RenamePropertiesTest.java:42)
	at sun.reflect.NativeConstructorAccessorImpl.newInstance0(Native Method)
	at sun.reflect.NativeConstructorAccessorImpl.newInstance(NativeConstructorAccessorImpl.java:57)
	at sun.reflect.DelegatingConstructorAccessorImpl.newInstance(DelegatingConstructorAccessorImpl.java:45)
	at java.lang.reflect.Constructor.newInstance(Constructor.java:526)
	at junit.runner.BaseTestRunner.getTest(BaseTestRunner.java:117)
)
15) warning(junit.framework.TestSuite$1)junit.framework.AssertionFailedError: Exception in constructor: testObjectLiteralInLocalScope (java.lang.NoClassDefFoundError: com/google/common/collect/ImmutableList
	at com.google.javascript.jscomp.CompilerTestCase.<init>(CompilerTestCase.java:157)
	at com.google.javascript.jscomp.CompilerTestCase.<init>(CompilerTestCase.java:169)
	at com.google.javascript.jscomp.RenamePropertiesTest.<init>(RenamePropertiesTest.java:42)
	at sun.reflect.NativeConstructorAccessorImpl.newInstance0(Native Method)
	at sun.reflect.NativeConstructorAccessorImpl.newInstance(NativeConstructorAccessorImpl.java:57)
	at sun.reflect.DelegatingConstructorAccessorImpl.newInstance(DelegatingConstructorAccessorImpl.java:45)
	at java.lang.reflect.Constructor.newInstance(Constructor.java:526)
	at junit.runner.BaseTestRunner.getTest(BaseTestRunner.java:117)
)
16) warning(junit.framework.TestSuite$1)junit.framework.AssertionFailedError: Exception in constructor: testIncorrectAttemptToAccessQuotedProperty (java.lang.NoClassDefFoundError: com/google/common/collect/ImmutableList
	at com.google.javascript.jscomp.CompilerTestCase.<init>(CompilerTestCase.java:157)
	at com.google.javascript.jscomp.CompilerTestCase.<init>(CompilerTestCase.java:169)
	at com.google.javascript.jscomp.RenamePropertiesTest.<init>(RenamePropertiesTest.java:42)
	at sun.reflect.NativeConstructorAccessorImpl.newInstance0(Native Method)
	at sun.reflect.NativeConstructorAccessorImpl.newInstance(NativeConstructorAccessorImpl.java:57)
	at sun.reflect.DelegatingConstructorAccessorImpl.newInstance(DelegatingConstructorAccessorImpl.java:45)
	at java.lang.reflect.Constructor.newInstance(Constructor.java:526)
	at junit.runner.BaseTestRunner.getTest(BaseTestRunner.java:117)
)
17) warning(junit.framework.TestSuite$1)junit.framework.AssertionFailedError: Exception in constructor: testSetQuotedPropertyOfThis (java.lang.NoClassDefFoundError: com/google/common/collect/ImmutableList
	at com.google.javascript.jscomp.CompilerTestCase.<init>(CompilerTestCase.java:157)
	at com.google.javascript.jscomp.CompilerTestCase.<init>(CompilerTestCase.java:169)
	at com.google.javascript.jscomp.RenamePropertiesTest.<init>(RenamePropertiesTest.java:42)
	at sun.reflect.GeneratedConstructorAccessor1.newInstance(Unknown Source)
	at sun.reflect.DelegatingConstructorAccessorImpl.newInstance(DelegatingConstructorAccessorImpl.java:45)
	at java.lang.reflect.Constructor.newInstance(Constructor.java:526)
	at junit.runner.BaseTestRunner.getTest(BaseTestRunner.java:117)
)
18) warning(junit.framework.TestSuite$1)junit.framework.AssertionFailedError: Exception in constructor: testExternedPropertyName (java.lang.NoClassDefFoundError: com/google/common/collect/ImmutableList
	at com.google.javascript.jscomp.CompilerTestCase.<init>(CompilerTestCase.java:157)
	at com.google.javascript.jscomp.CompilerTestCase.<init>(CompilerTestCase.java:169)
	at com.google.javascript.jscomp.RenamePropertiesTest.<init>(RenamePropertiesTest.java:42)
	at sun.reflect.GeneratedConstructorAccessor1.newInstance(Unknown Source)
	at sun.reflect.DelegatingConstructorAccessorImpl.newInstance(DelegatingConstructorAccessorImpl.java:45)
	at java.lang.reflect.Constructor.newInstance(Constructor.java:526)
	at junit.runner.BaseTestRunner.getTest(BaseTestRunner.java:117)
)
19) warning(junit.framework.TestSuite$1)junit.framework.AssertionFailedError: Exception in constructor: testExternedPropertyNameDefinedByObjectLiteral (java.lang.NoClassDefFoundError: com/google/common/collect/ImmutableList
	at com.google.javascript.jscomp.CompilerTestCase.<init>(CompilerTestCase.java:157)
	at com.google.javascript.jscomp.CompilerTestCase.<init>(CompilerTestCase.java:169)
	at com.google.javascript.jscomp.RenamePropertiesTest.<init>(RenamePropertiesTest.java:42)
	at sun.reflect.GeneratedConstructorAccessor1.newInstance(Unknown Source)
	at sun.reflect.DelegatingConstructorAccessorImpl.newInstance(DelegatingConstructorAccessorImpl.java:45)
	at java.lang.reflect.Constructor.newInstance(Constructor.java:526)
	at junit.runner.BaseTestRunner.getTest(BaseTestRunner.java:117)
)
20) warning(junit.framework.TestSuite$1)junit.framework.AssertionFailedError: Exception in constructor: testAvoidingConflictsBetweenQuotedAndUnquotedPropertyNames (java.lang.NoClassDefFoundError: com/google/common/collect/ImmutableList
	at com.google.javascript.jscomp.CompilerTestCase.<init>(CompilerTestCase.java:157)
	at com.google.javascript.jscomp.CompilerTestCase.<init>(CompilerTestCase.java:169)
	at com.google.javascript.jscomp.RenamePropertiesTest.<init>(RenamePropertiesTest.java:42)
	at sun.reflect.GeneratedConstructorAccessor1.newInstance(Unknown Source)
	at sun.reflect.DelegatingConstructorAccessorImpl.newInstance(DelegatingConstructorAccessorImpl.java:45)
	at java.lang.reflect.Constructor.newInstance(Constructor.java:526)
	at junit.runner.BaseTestRunner.getTest(BaseTestRunner.java:117)
)
21) warning(junit.framework.TestSuite$1)junit.framework.AssertionFailedError: Exception in constructor: testSamePropertyNameQuotedAndUnquoted (java.lang.NoClassDefFoundError: com/google/common/collect/ImmutableList
	at com.google.javascript.jscomp.CompilerTestCase.<init>(CompilerTestCase.java:157)
	at com.google.javascript.jscomp.CompilerTestCase.<init>(CompilerTestCase.java:169)
	at com.google.javascript.jscomp.RenamePropertiesTest.<init>(RenamePropertiesTest.java:42)
	at sun.reflect.GeneratedConstructorAccessor1.newInstance(Unknown Source)
	at sun.reflect.DelegatingConstructorAccessorImpl.newInstance(DelegatingConstructorAccessorImpl.java:45)
	at java.lang.reflect.Constructor.newInstance(Constructor.java:526)
	at junit.runner.BaseTestRunner.getTest(BaseTestRunner.java:117)
)
22) warning(junit.framework.TestSuite$1)junit.framework.AssertionFailedError: Exception in constructor: testStaticAndInstanceMethodWithSameName (java.lang.NoClassDefFoundError: com/google/common/collect/ImmutableList
	at com.google.javascript.jscomp.CompilerTestCase.<init>(CompilerTestCase.java:157)
	at com.google.javascript.jscomp.CompilerTestCase.<init>(CompilerTestCase.java:169)
	at com.google.javascript.jscomp.RenamePropertiesTest.<init>(RenamePropertiesTest.java:42)
	at sun.reflect.GeneratedConstructorAccessor1.newInstance(Unknown Source)
	at sun.reflect.DelegatingConstructorAccessorImpl.newInstance(DelegatingConstructorAccessorImpl.java:45)
	at java.lang.reflect.Constructor.newInstance(Constructor.java:526)
	at junit.runner.BaseTestRunner.getTest(BaseTestRunner.java:117)
)
23) warning(junit.framework.TestSuite$1)junit.framework.AssertionFailedError: Exception in constructor: testRenamePropertiesFunctionCall1 (java.lang.NoClassDefFoundError: com/google/common/collect/ImmutableList
	at com.google.javascript.jscomp.CompilerTestCase.<init>(CompilerTestCase.java:157)
	at com.google.javascript.jscomp.CompilerTestCase.<init>(CompilerTestCase.java:169)
	at com.google.javascript.jscomp.RenamePropertiesTest.<init>(RenamePropertiesTest.java:42)
	at sun.reflect.GeneratedConstructorAccessor1.newInstance(Unknown Source)
	at sun.reflect.DelegatingConstructorAccessorImpl.newInstance(DelegatingConstructorAccessorImpl.java:45)
	at java.lang.reflect.Constructor.newInstance(Constructor.java:526)
	at junit.runner.BaseTestRunner.getTest(BaseTestRunner.java:117)
)
24) warning(junit.framework.TestSuite$1)junit.framework.AssertionFailedError: Exception in constructor: testRenamePropertiesFunctionCall2 (java.lang.NoClassDefFoundError: com/google/common/collect/ImmutableList
	at com.google.javascript.jscomp.CompilerTestCase.<init>(CompilerTestCase.java:157)
	at com.google.javascript.jscomp.CompilerTestCase.<init>(CompilerTestCase.java:169)
	at com.google.javascript.jscomp.RenamePropertiesTest.<init>(RenamePropertiesTest.java:42)
	at sun.reflect.GeneratedConstructorAccessor1.newInstance(Unknown Source)
	at sun.reflect.DelegatingConstructorAccessorImpl.newInstance(DelegatingConstructorAccessorImpl.java:45)
	at java.lang.reflect.Constructor.newInstance(Constructor.java:526)
	at junit.runner.BaseTestRunner.getTest(BaseTestRunner.java:117)
)
25) warning(junit.framework.TestSuite$1)junit.framework.AssertionFailedError: Exception in constructor: testRemoveRenameFunctionStubs1 (java.lang.NoClassDefFoundError: com/google/common/collect/ImmutableList
	at com.google.javascript.jscomp.CompilerTestCase.<init>(CompilerTestCase.java:157)
	at com.google.javascript.jscomp.CompilerTestCase.<init>(CompilerTestCase.java:169)
	at com.google.javascript.jscomp.RenamePropertiesTest.<init>(RenamePropertiesTest.java:42)
	at sun.reflect.GeneratedConstructorAccessor1.newInstance(Unknown Source)
	at sun.reflect.DelegatingConstructorAccessorImpl.newInstance(DelegatingConstructorAccessorImpl.java:45)
	at java.lang.reflect.Constructor.newInstance(Constructor.java:526)
	at junit.runner.BaseTestRunner.getTest(BaseTestRunner.java:117)
)
26) warning(junit.framework.TestSuite$1)junit.framework.AssertionFailedError: Exception in constructor: testRemoveRenameFunctionStubs2 (java.lang.NoClassDefFoundError: com/google/common/collect/ImmutableList
	at com.google.javascript.jscomp.CompilerTestCase.<init>(CompilerTestCase.java:157)
	at com.google.javascript.jscomp.CompilerTestCase.<init>(CompilerTestCase.java:169)
	at com.google.javascript.jscomp.RenamePropertiesTest.<init>(RenamePropertiesTest.java:42)
	at sun.reflect.GeneratedConstructorAccessor1.newInstance(Unknown Source)
	at sun.reflect.DelegatingConstructorAccessorImpl.newInstance(DelegatingConstructorAccessorImpl.java:45)
	at java.lang.reflect.Constructor.newInstance(Constructor.java:526)
	at junit.runner.BaseTestRunner.getTest(BaseTestRunner.java:117)
)
27) warning(junit.framework.TestSuite$1)junit.framework.AssertionFailedError: Exception in constructor: testGeneratePseudoNames (java.lang.NoClassDefFoundError: com/google/common/collect/ImmutableList
	at com.google.javascript.jscomp.CompilerTestCase.<init>(CompilerTestCase.java:157)
	at com.google.javascript.jscomp.CompilerTestCase.<init>(CompilerTestCase.java:169)
	at com.google.javascript.jscomp.RenamePropertiesTest.<init>(RenamePropertiesTest.java:42)
	at sun.reflect.GeneratedConstructorAccessor1.newInstance(Unknown Source)
	at sun.reflect.DelegatingConstructorAccessorImpl.newInstance(DelegatingConstructorAccessorImpl.java:45)
	at java.lang.reflect.Constructor.newInstance(Constructor.java:526)
	at junit.runner.BaseTestRunner.getTest(BaseTestRunner.java:117)
)
28) warning(junit.framework.TestSuite$1)junit.framework.AssertionFailedError: Exception in constructor: testModules (java.lang.NoClassDefFoundError: com/google/common/collect/ImmutableList
	at com.google.javascript.jscomp.CompilerTestCase.<init>(CompilerTestCase.java:157)
	at com.google.javascript.jscomp.CompilerTestCase.<init>(CompilerTestCase.java:169)
	at com.google.javascript.jscomp.RenamePropertiesTest.<init>(RenamePropertiesTest.java:42)
	at sun.reflect.GeneratedConstructorAccessor1.newInstance(Unknown Source)
	at sun.reflect.DelegatingConstructorAccessorImpl.newInstance(DelegatingConstructorAccessorImpl.java:45)
	at java.lang.reflect.Constructor.newInstance(Constructor.java:526)
	at junit.runner.BaseTestRunner.getTest(BaseTestRunner.java:117)
)
29) warning(junit.framework.TestSuite$1)junit.framework.AssertionFailedError: Exception in constructor: testPropertyAffinityOff (java.lang.NoClassDefFoundError: com/google/common/collect/ImmutableList
	at com.google.javascript.jscomp.CompilerTestCase.<init>(CompilerTestCase.java:157)
	at com.google.javascript.jscomp.CompilerTestCase.<init>(CompilerTestCase.java:169)
	at com.google.javascript.jscomp.RenamePropertiesTest.<init>(RenamePropertiesTest.java:42)
	at sun.reflect.GeneratedConstructorAccessor1.newInstance(Unknown Source)
	at sun.reflect.DelegatingConstructorAccessorImpl.newInstance(DelegatingConstructorAccessorImpl.java:45)
	at java.lang.reflect.Constructor.newInstance(Constructor.java:526)
	at junit.runner.BaseTestRunner.getTest(BaseTestRunner.java:117)
)
30) warning(junit.framework.TestSuite$1)junit.framework.AssertionFailedError: Exception in constructor: testPrototypePropertiesStable (java.lang.NoClassDefFoundError: com/google/common/collect/ImmutableList
	at com.google.javascript.jscomp.CompilerTestCase.<init>(CompilerTestCase.java:157)
	at com.google.javascript.jscomp.CompilerTestCase.<init>(CompilerTestCase.java:169)
	at com.google.javascript.jscomp.RenamePropertiesTest.<init>(RenamePropertiesTest.java:42)
	at sun.reflect.GeneratedConstructorAccessor1.newInstance(Unknown Source)
	at sun.reflect.DelegatingConstructorAccessorImpl.newInstance(DelegatingConstructorAccessorImpl.java:45)
	at java.lang.reflect.Constructor.newInstance(Constructor.java:526)
	at junit.runner.BaseTestRunner.getTest(BaseTestRunner.java:117)
)
31) warning(junit.framework.TestSuite$1)junit.framework.AssertionFailedError: Exception in constructor: testPrototypePropertiesAsObjLitKeysStable (java.lang.NoClassDefFoundError: com/google/common/collect/ImmutableList
	at com.google.javascript.jscomp.CompilerTestCase.<init>(CompilerTestCase.java:157)
	at com.google.javascript.jscomp.CompilerTestCase.<init>(CompilerTestCase.java:169)
	at com.google.javascript.jscomp.RenamePropertiesTest.<init>(RenamePropertiesTest.java:42)
	at sun.reflect.GeneratedConstructorAccessor1.newInstance(Unknown Source)
	at sun.reflect.DelegatingConstructorAccessorImpl.newInstance(DelegatingConstructorAccessorImpl.java:45)
	at java.lang.reflect.Constructor.newInstance(Constructor.java:526)
	at junit.runner.BaseTestRunner.getTest(BaseTestRunner.java:117)
)
32) warning(junit.framework.TestSuite$1)junit.framework.AssertionFailedError: Exception in constructor: testMixedQuotedAndUnquotedObjLitKeysStable (java.lang.NoClassDefFoundError: com/google/common/collect/ImmutableList
	at com.google.javascript.jscomp.CompilerTestCase.<init>(CompilerTestCase.java:157)
	at com.google.javascript.jscomp.CompilerTestCase.<init>(CompilerTestCase.java:169)
	at com.google.javascript.jscomp.RenamePropertiesTest.<init>(RenamePropertiesTest.java:42)
	at sun.reflect.GeneratedConstructorAccessor1.newInstance(Unknown Source)
	at sun.reflect.DelegatingConstructorAccessorImpl.newInstance(DelegatingConstructorAccessorImpl.java:45)
	at java.lang.reflect.Constructor.newInstance(Constructor.java:526)
	at junit.runner.BaseTestRunner.getTest(BaseTestRunner.java:117)
)
33) warning(junit.framework.TestSuite$1)junit.framework.AssertionFailedError: Exception in constructor: testStableWithTrickyExternsChanges (java.lang.NoClassDefFoundError: com/google/common/collect/ImmutableList
	at com.google.javascript.jscomp.CompilerTestCase.<init>(CompilerTestCase.java:157)
	at com.google.javascript.jscomp.CompilerTestCase.<init>(CompilerTestCase.java:169)
	at com.google.javascript.jscomp.RenamePropertiesTest.<init>(RenamePropertiesTest.java:42)
	at sun.reflect.GeneratedConstructorAccessor1.newInstance(Unknown Source)
	at sun.reflect.DelegatingConstructorAccessorImpl.newInstance(DelegatingConstructorAccessorImpl.java:45)
	at java.lang.reflect.Constructor.newInstance(Constructor.java:526)
	at junit.runner.BaseTestRunner.getTest(BaseTestRunner.java:117)
)
34) warning(junit.framework.TestSuite$1)junit.framework.AssertionFailedError: Exception in constructor: testOverlappingOriginalAndGeneratedNamesStable (java.lang.NoClassDefFoundError: com/google/common/collect/ImmutableList
	at com.google.javascript.jscomp.CompilerTestCase.<init>(CompilerTestCase.java:157)
	at com.google.javascript.jscomp.CompilerTestCase.<init>(CompilerTestCase.java:169)
	at com.google.javascript.jscomp.RenamePropertiesTest.<init>(RenamePropertiesTest.java:42)
	at sun.reflect.GeneratedConstructorAccessor1.newInstance(Unknown Source)
	at sun.reflect.DelegatingConstructorAccessorImpl.newInstance(DelegatingConstructorAccessorImpl.java:45)
	at java.lang.reflect.Constructor.newInstance(Constructor.java:526)
	at junit.runner.BaseTestRunner.getTest(BaseTestRunner.java:117)
)
35) warning(junit.framework.TestSuite$1)junit.framework.AssertionFailedError: Exception in constructor: testRenamePropertiesWithLeadingUnderscoresStable (java.lang.NoClassDefFoundError: com/google/common/collect/ImmutableList
	at com.google.javascript.jscomp.CompilerTestCase.<init>(CompilerTestCase.java:157)
	at com.google.javascript.jscomp.CompilerTestCase.<init>(CompilerTestCase.java:169)
	at com.google.javascript.jscomp.RenamePropertiesTest.<init>(RenamePropertiesTest.java:42)
	at sun.reflect.GeneratedConstructorAccessor1.newInstance(Unknown Source)
	at sun.reflect.DelegatingConstructorAccessorImpl.newInstance(DelegatingConstructorAccessorImpl.java:45)
	at java.lang.reflect.Constructor.newInstance(Constructor.java:526)
	at junit.runner.BaseTestRunner.getTest(BaseTestRunner.java:117)
)
36) warning(junit.framework.TestSuite$1)junit.framework.AssertionFailedError: Exception in constructor: testPropertyAddedToObjectStable (java.lang.NoClassDefFoundError: com/google/common/collect/ImmutableList
	at com.google.javascript.jscomp.CompilerTestCase.<init>(CompilerTestCase.java:157)
	at com.google.javascript.jscomp.CompilerTestCase.<init>(CompilerTestCase.java:169)
	at com.google.javascript.jscomp.RenamePropertiesTest.<init>(RenamePropertiesTest.java:42)
	at sun.reflect.GeneratedConstructorAccessor1.newInstance(Unknown Source)
	at sun.reflect.DelegatingConstructorAccessorImpl.newInstance(DelegatingConstructorAccessorImpl.java:45)
	at java.lang.reflect.Constructor.newInstance(Constructor.java:526)
	at junit.runner.BaseTestRunner.getTest(BaseTestRunner.java:117)
)
37) warning(junit.framework.TestSuite$1)junit.framework.AssertionFailedError: Exception in constructor: testAvoidingConflictsBetQuotedAndUnquotedPropertyNamesStable (java.lang.NoClassDefFoundError: com/google/common/collect/ImmutableList
	at com.google.javascript.jscomp.CompilerTestCase.<init>(CompilerTestCase.java:157)
	at com.google.javascript.jscomp.CompilerTestCase.<init>(CompilerTestCase.java:169)
	at com.google.javascript.jscomp.RenamePropertiesTest.<init>(RenamePropertiesTest.java:42)
	at sun.reflect.GeneratedConstructorAccessor1.newInstance(Unknown Source)
	at sun.reflect.DelegatingConstructorAccessorImpl.newInstance(DelegatingConstructorAccessorImpl.java:45)
	at java.lang.reflect.Constructor.newInstance(Constructor.java:526)
	at junit.runner.BaseTestRunner.getTest(BaseTestRunner.java:117)
)
38) warning(junit.framework.TestSuite$1)junit.framework.AssertionFailedError: Exception in constructor: testRenamePropertiesFunctionCallStable (java.lang.NoClassDefFoundError: com/google/common/collect/ImmutableList
	at com.google.javascript.jscomp.CompilerTestCase.<init>(CompilerTestCase.java:157)
	at com.google.javascript.jscomp.CompilerTestCase.<init>(CompilerTestCase.java:169)
	at com.google.javascript.jscomp.RenamePropertiesTest.<init>(RenamePropertiesTest.java:42)
	at sun.reflect.GeneratedConstructorAccessor1.newInstance(Unknown Source)
	at sun.reflect.DelegatingConstructorAccessorImpl.newInstance(DelegatingConstructorAccessorImpl.java:45)
	at java.lang.reflect.Constructor.newInstance(Constructor.java:526)
	at junit.runner.BaseTestRunner.getTest(BaseTestRunner.java:117)
)

FAILURES!!!
Tests run: 38,  Failures: 38,  Errors: 0

