.E.E.E
Time: 0.008
There were 3 errors:
1) testTrailingComma(com.google.javascript.jscomp.RhinoErrorReporterTest)java.lang.NoClassDefFoundError: com/google/common/base/Function
	at com.google.javascript.jscomp.RhinoErrorReporterTest.parseCode(RhinoErrorReporterTest.java:143)
	at com.google.javascript.jscomp.RhinoErrorReporterTest.assertError(RhinoErrorReporterTest.java:117)
	at com.google.javascript.jscomp.RhinoErrorReporterTest.testTrailingComma(RhinoErrorReporterTest.java:48)
	at sun.reflect.NativeMethodAccessorImpl.invoke0(Native Method)
	at sun.reflect.NativeMethodAccessorImpl.invoke(NativeMethodAccessorImpl.java:57)
	at sun.reflect.DelegatingMethodAccessorImpl.invoke(DelegatingMethodAccessorImpl.java:43)
Caused by: java.lang.ClassNotFoundException: com.google.common.base.Function
	at java.net.URLClassLoader$1.run(URLClassLoader.java:366)
	at java.net.URLClassLoader$1.run(URLClassLoader.java:355)
	at java.security.AccessController.doPrivileged(Native Method)
	at java.net.URLClassLoader.findClass(URLClassLoader.java:354)
	at java.lang.ClassLoader.loadClass(ClassLoader.java:425)
	at sun.misc.Launcher$AppClassLoader.loadClass(Launcher.java:308)
	at java.lang.ClassLoader.loadClass(ClassLoader.java:358)
	... 18 more
2) testMisplacedTypeAnnotation(com.google.javascript.jscomp.RhinoErrorReporterTest)java.lang.NoClassDefFoundError: com/google/common/base/Function
	at com.google.javascript.jscomp.RhinoErrorReporterTest.parseCode(RhinoErrorReporterTest.java:143)
	at com.google.javascript.jscomp.RhinoErrorReporterTest.assertNoWarningOrError(RhinoErrorReporterTest.java:107)
	at com.google.javascript.jscomp.RhinoErrorReporterTest.testMisplacedTypeAnnotation(RhinoErrorReporterTest.java:66)
	at sun.reflect.NativeMethodAccessorImpl.invoke0(Native Method)
	at sun.reflect.NativeMethodAccessorImpl.invoke(NativeMethodAccessorImpl.java:57)
	at sun.reflect.DelegatingMethodAccessorImpl.invoke(DelegatingMethodAccessorImpl.java:43)
Caused by: java.lang.ClassNotFoundException: com.google.common.base.Function
	at java.net.URLClassLoader$1.run(URLClassLoader.java:366)
	at java.net.URLClassLoader$1.run(URLClassLoader.java:355)
	at java.security.AccessController.doPrivileged(Native Method)
	at java.net.URLClassLoader.findClass(URLClassLoader.java:354)
	at java.lang.ClassLoader.loadClass(ClassLoader.java:425)
	at sun.misc.Launcher$AppClassLoader.loadClass(Launcher.java:308)
	at java.lang.ClassLoader.loadClass(ClassLoader.java:358)
	... 18 more
3) testInvalidEs3Prop(com.google.javascript.jscomp.RhinoErrorReporterTest)java.lang.NoClassDefFoundError: com/google/common/base/Function
	at com.google.javascript.jscomp.RhinoErrorReporterTest.parseCode(RhinoErrorReporterTest.java:143)
	at com.google.javascript.jscomp.RhinoErrorReporterTest.assertNoWarningOrError(RhinoErrorReporterTest.java:107)
	at com.google.javascript.jscomp.RhinoErrorReporterTest.testInvalidEs3Prop(RhinoErrorReporterTest.java:85)
	at sun.reflect.NativeMethodAccessorImpl.invoke0(Native Method)
	at sun.reflect.NativeMethodAccessorImpl.invoke(NativeMethodAccessorImpl.java:57)
	at sun.reflect.DelegatingMethodAccessorImpl.invoke(DelegatingMethodAccessorImpl.java:43)
Caused by: java.lang.ClassNotFoundException: com.google.common.base.Function
	at java.net.URLClassLoader$1.run(URLClassLoader.java:366)
	at java.net.URLClassLoader$1.run(URLClassLoader.java:355)
	at java.security.AccessController.doPrivileged(Native Method)
	at java.net.URLClassLoader.findClass(URLClassLoader.java:354)
	at java.lang.ClassLoader.loadClass(ClassLoader.java:425)
	at sun.misc.Launcher$AppClassLoader.loadClass(Launcher.java:308)
	at java.lang.ClassLoader.loadClass(ClassLoader.java:358)
	... 18 more

FAILURES!!!
Tests run: 3,  Failures: 0,  Errors: 3

