.E.E.E.E.E.E.E.E.E.E.E.E
Time: 0.007
There were 12 errors:
1) testMatches_primitives(com.google.javascript.jscomp.TemplateAstMatcherTest)java.lang.NoClassDefFoundError: com/google/common/base/Function
	at com.google.javascript.jscomp.TemplateAstMatcherTest.compile(TemplateAstMatcherTest.java:532)
	at com.google.javascript.jscomp.TemplateAstMatcherTest.testMatches_primitives(TemplateAstMatcherTest.java:37)
	at sun.reflect.NativeMethodAccessorImpl.invoke0(Native Method)
	at sun.reflect.NativeMethodAccessorImpl.invoke(NativeMethodAccessorImpl.java:57)
	at sun.reflect.DelegatingMethodAccessorImpl.invoke(DelegatingMethodAccessorImpl.java:43)
Caused by: java.lang.ClassNotFoundException: com.google.common.base.Function
	at java.net.URLClassLoader$1.run(URLClassLoader.java:366)
	at java.net.URLClassLoader$1.run(URLClassLoader.java:355)
	at java.security.AccessController.doPrivileged(Native Method)
	at java.net.URLClassLoader.findClass(URLClassLoader.java:354)
	at java.lang.ClassLoader.loadClass(ClassLoader.java:425)
	at sun.misc.Launcher$AppClassLoader.loadClass(Launcher.java:308)
	at java.lang.ClassLoader.loadClass(ClassLoader.java:358)
	... 17 more
2) testMatches_varDeclarations(com.google.javascript.jscomp.TemplateAstMatcherTest)java.lang.NoClassDefFoundError: com/google/common/base/Function
	at com.google.javascript.jscomp.TemplateAstMatcherTest.compile(TemplateAstMatcherTest.java:532)
	at com.google.javascript.jscomp.TemplateAstMatcherTest.testMatches_varDeclarations(TemplateAstMatcherTest.java:97)
	at sun.reflect.NativeMethodAccessorImpl.invoke0(Native Method)
	at sun.reflect.NativeMethodAccessorImpl.invoke(NativeMethodAccessorImpl.java:57)
	at sun.reflect.DelegatingMethodAccessorImpl.invoke(DelegatingMethodAccessorImpl.java:43)
Caused by: java.lang.ClassNotFoundException: com.google.common.base.Function
	at java.net.URLClassLoader$1.run(URLClassLoader.java:366)
	at java.net.URLClassLoader$1.run(URLClassLoader.java:355)
	at java.security.AccessController.doPrivileged(Native Method)
	at java.net.URLClassLoader.findClass(URLClassLoader.java:354)
	at java.lang.ClassLoader.loadClass(ClassLoader.java:425)
	at sun.misc.Launcher$AppClassLoader.loadClass(Launcher.java:308)
	at java.lang.ClassLoader.loadClass(ClassLoader.java:358)
	... 17 more
3) testMatches_templateParameterType(com.google.javascript.jscomp.TemplateAstMatcherTest)java.lang.NoClassDefFoundError: com/google/common/base/Function
	at com.google.javascript.jscomp.TemplateAstMatcherTest.compile(TemplateAstMatcherTest.java:532)
	at com.google.javascript.jscomp.TemplateAstMatcherTest.testMatches_templateParameterType(TemplateAstMatcherTest.java:138)
	at sun.reflect.NativeMethodAccessorImpl.invoke0(Native Method)
	at sun.reflect.NativeMethodAccessorImpl.invoke(NativeMethodAccessorImpl.java:57)
	at sun.reflect.DelegatingMethodAccessorImpl.invoke(DelegatingMethodAccessorImpl.java:43)
Caused by: java.lang.ClassNotFoundException: com.google.common.base.Function
	at java.net.URLClassLoader$1.run(URLClassLoader.java:366)
	at java.net.URLClassLoader$1.run(URLClassLoader.java:355)
	at java.security.AccessController.doPrivileged(Native Method)
	at java.net.URLClassLoader.findClass(URLClassLoader.java:354)
	at java.lang.ClassLoader.loadClass(ClassLoader.java:425)
	at sun.misc.Launcher$AppClassLoader.loadClass(Launcher.java:308)
	at java.lang.ClassLoader.loadClass(ClassLoader.java:358)
	... 17 more
4) testMatches_functionCall(com.google.javascript.jscomp.TemplateAstMatcherTest)java.lang.NoClassDefFoundError: com/google/common/base/Function
	at com.google.javascript.jscomp.TemplateAstMatcherTest.compile(TemplateAstMatcherTest.java:532)
	at com.google.javascript.jscomp.TemplateAstMatcherTest.testMatches_functionCall(TemplateAstMatcherTest.java:200)
	at sun.reflect.NativeMethodAccessorImpl.invoke0(Native Method)
	at sun.reflect.NativeMethodAccessorImpl.invoke(NativeMethodAccessorImpl.java:57)
	at sun.reflect.DelegatingMethodAccessorImpl.invoke(DelegatingMethodAccessorImpl.java:43)
Caused by: java.lang.ClassNotFoundException: com.google.common.base.Function
	at java.net.URLClassLoader$1.run(URLClassLoader.java:366)
	at java.net.URLClassLoader$1.run(URLClassLoader.java:355)
	at java.security.AccessController.doPrivileged(Native Method)
	at java.net.URLClassLoader.findClass(URLClassLoader.java:354)
	at java.lang.ClassLoader.loadClass(ClassLoader.java:425)
	at sun.misc.Launcher$AppClassLoader.loadClass(Launcher.java:308)
	at java.lang.ClassLoader.loadClass(ClassLoader.java:358)
	... 17 more
5) testMatches_functionCallWithArguments(com.google.javascript.jscomp.TemplateAstMatcherTest)java.lang.NoClassDefFoundError: com/google/common/base/Function
	at com.google.javascript.jscomp.TemplateAstMatcherTest.compile(TemplateAstMatcherTest.java:532)
	at com.google.javascript.jscomp.TemplateAstMatcherTest.testMatches_functionCallWithArguments(TemplateAstMatcherTest.java:227)
	at sun.reflect.NativeMethodAccessorImpl.invoke0(Native Method)
	at sun.reflect.NativeMethodAccessorImpl.invoke(NativeMethodAccessorImpl.java:57)
	at sun.reflect.DelegatingMethodAccessorImpl.invoke(DelegatingMethodAccessorImpl.java:43)
Caused by: java.lang.ClassNotFoundException: com.google.common.base.Function
	at java.net.URLClassLoader$1.run(URLClassLoader.java:366)
	at java.net.URLClassLoader$1.run(URLClassLoader.java:355)
	at java.security.AccessController.doPrivileged(Native Method)
	at java.net.URLClassLoader.findClass(URLClassLoader.java:354)
	at java.lang.ClassLoader.loadClass(ClassLoader.java:425)
	at sun.misc.Launcher$AppClassLoader.loadClass(Launcher.java:308)
	at java.lang.ClassLoader.loadClass(ClassLoader.java:358)
	... 17 more
6) testMatches_methodCall(com.google.javascript.jscomp.TemplateAstMatcherTest)java.lang.NoClassDefFoundError: com/google/common/base/Function
	at com.google.javascript.jscomp.TemplateAstMatcherTest.compile(TemplateAstMatcherTest.java:532)
	at com.google.javascript.jscomp.TemplateAstMatcherTest.testMatches_methodCall(TemplateAstMatcherTest.java:283)
	at sun.reflect.NativeMethodAccessorImpl.invoke0(Native Method)
	at sun.reflect.NativeMethodAccessorImpl.invoke(NativeMethodAccessorImpl.java:57)
	at sun.reflect.DelegatingMethodAccessorImpl.invoke(DelegatingMethodAccessorImpl.java:43)
Caused by: java.lang.ClassNotFoundException: com.google.common.base.Function
	at java.net.URLClassLoader$1.run(URLClassLoader.java:366)
	at java.net.URLClassLoader$1.run(URLClassLoader.java:355)
	at java.security.AccessController.doPrivileged(Native Method)
	at java.net.URLClassLoader.findClass(URLClassLoader.java:354)
	at java.lang.ClassLoader.loadClass(ClassLoader.java:425)
	at sun.misc.Launcher$AppClassLoader.loadClass(Launcher.java:308)
	at java.lang.ClassLoader.loadClass(ClassLoader.java:358)
	... 17 more
7) testMatches_methodCallWithArguments(com.google.javascript.jscomp.TemplateAstMatcherTest)java.lang.NoClassDefFoundError: com/google/common/base/Function
	at com.google.javascript.jscomp.TemplateAstMatcherTest.compile(TemplateAstMatcherTest.java:532)
	at com.google.javascript.jscomp.TemplateAstMatcherTest.testMatches_methodCallWithArguments(TemplateAstMatcherTest.java:315)
	at sun.reflect.NativeMethodAccessorImpl.invoke0(Native Method)
	at sun.reflect.NativeMethodAccessorImpl.invoke(NativeMethodAccessorImpl.java:57)
	at sun.reflect.DelegatingMethodAccessorImpl.invoke(DelegatingMethodAccessorImpl.java:43)
Caused by: java.lang.ClassNotFoundException: com.google.common.base.Function
	at java.net.URLClassLoader$1.run(URLClassLoader.java:366)
	at java.net.URLClassLoader$1.run(URLClassLoader.java:355)
	at java.security.AccessController.doPrivileged(Native Method)
	at java.net.URLClassLoader.findClass(URLClassLoader.java:354)
	at java.lang.ClassLoader.loadClass(ClassLoader.java:425)
	at sun.misc.Launcher$AppClassLoader.loadClass(Launcher.java:308)
	at java.lang.ClassLoader.loadClass(ClassLoader.java:358)
	... 17 more
8) testMatches_instantiation(com.google.javascript.jscomp.TemplateAstMatcherTest)java.lang.NoClassDefFoundError: com/google/common/base/Function
	at com.google.javascript.jscomp.TemplateAstMatcherTest.compile(TemplateAstMatcherTest.java:532)
	at com.google.javascript.jscomp.TemplateAstMatcherTest.testMatches_instantiation(TemplateAstMatcherTest.java:357)
	at sun.reflect.NativeMethodAccessorImpl.invoke0(Native Method)
	at sun.reflect.NativeMethodAccessorImpl.invoke(NativeMethodAccessorImpl.java:57)
	at sun.reflect.DelegatingMethodAccessorImpl.invoke(DelegatingMethodAccessorImpl.java:43)
Caused by: java.lang.ClassNotFoundException: com.google.common.base.Function
	at java.net.URLClassLoader$1.run(URLClassLoader.java:366)
	at java.net.URLClassLoader$1.run(URLClassLoader.java:355)
	at java.security.AccessController.doPrivileged(Native Method)
	at java.net.URLClassLoader.findClass(URLClassLoader.java:354)
	at java.lang.ClassLoader.loadClass(ClassLoader.java:425)
	at sun.misc.Launcher$AppClassLoader.loadClass(Launcher.java:308)
	at java.lang.ClassLoader.loadClass(ClassLoader.java:358)
	... 17 more
9) testMatches_propertyAccess(com.google.javascript.jscomp.TemplateAstMatcherTest)java.lang.NoClassDefFoundError: com/google/common/base/Function
	at com.google.javascript.jscomp.TemplateAstMatcherTest.compile(TemplateAstMatcherTest.java:532)
	at com.google.javascript.jscomp.TemplateAstMatcherTest.testMatches_propertyAccess(TemplateAstMatcherTest.java:381)
	at sun.reflect.NativeMethodAccessorImpl.invoke0(Native Method)
	at sun.reflect.NativeMethodAccessorImpl.invoke(NativeMethodAccessorImpl.java:57)
	at sun.reflect.DelegatingMethodAccessorImpl.invoke(DelegatingMethodAccessorImpl.java:43)
Caused by: java.lang.ClassNotFoundException: com.google.common.base.Function
	at java.net.URLClassLoader$1.run(URLClassLoader.java:366)
	at java.net.URLClassLoader$1.run(URLClassLoader.java:355)
	at java.security.AccessController.doPrivileged(Native Method)
	at java.net.URLClassLoader.findClass(URLClassLoader.java:354)
	at java.lang.ClassLoader.loadClass(ClassLoader.java:425)
	at sun.misc.Launcher$AppClassLoader.loadClass(Launcher.java:308)
	at java.lang.ClassLoader.loadClass(ClassLoader.java:358)
	... 17 more
10) testMatches_multiLineTemplates(com.google.javascript.jscomp.TemplateAstMatcherTest)java.lang.NoClassDefFoundError: com/google/common/base/Function
	at com.google.javascript.jscomp.TemplateAstMatcherTest.compile(TemplateAstMatcherTest.java:532)
	at com.google.javascript.jscomp.TemplateAstMatcherTest.testMatches_multiLineTemplates(TemplateAstMatcherTest.java:405)
	at sun.reflect.NativeMethodAccessorImpl.invoke0(Native Method)
	at sun.reflect.NativeMethodAccessorImpl.invoke(NativeMethodAccessorImpl.java:57)
	at sun.reflect.DelegatingMethodAccessorImpl.invoke(DelegatingMethodAccessorImpl.java:43)
Caused by: java.lang.ClassNotFoundException: com.google.common.base.Function
	at java.net.URLClassLoader$1.run(URLClassLoader.java:366)
	at java.net.URLClassLoader$1.run(URLClassLoader.java:355)
	at java.security.AccessController.doPrivileged(Native Method)
	at java.net.URLClassLoader.findClass(URLClassLoader.java:354)
	at java.lang.ClassLoader.loadClass(ClassLoader.java:425)
	at sun.misc.Launcher$AppClassLoader.loadClass(Launcher.java:308)
	at java.lang.ClassLoader.loadClass(ClassLoader.java:358)
	... 17 more
11) testMatches_subclasses(com.google.javascript.jscomp.TemplateAstMatcherTest)java.lang.NoClassDefFoundError: com/google/common/base/Function
	at com.google.javascript.jscomp.TemplateAstMatcherTest.compile(TemplateAstMatcherTest.java:532)
	at com.google.javascript.jscomp.TemplateAstMatcherTest.testMatches_subclasses(TemplateAstMatcherTest.java:463)
	at sun.reflect.NativeMethodAccessorImpl.invoke0(Native Method)
	at sun.reflect.NativeMethodAccessorImpl.invoke(NativeMethodAccessorImpl.java:57)
	at sun.reflect.DelegatingMethodAccessorImpl.invoke(DelegatingMethodAccessorImpl.java:43)
Caused by: java.lang.ClassNotFoundException: com.google.common.base.Function
	at java.net.URLClassLoader$1.run(URLClassLoader.java:366)
	at java.net.URLClassLoader$1.run(URLClassLoader.java:355)
	at java.security.AccessController.doPrivileged(Native Method)
	at java.net.URLClassLoader.findClass(URLClassLoader.java:354)
	at java.lang.ClassLoader.loadClass(ClassLoader.java:425)
	at sun.misc.Launcher$AppClassLoader.loadClass(Launcher.java:308)
	at java.lang.ClassLoader.loadClass(ClassLoader.java:358)
	... 17 more
12) testMatches_nonDefaultStrategy(com.google.javascript.jscomp.TemplateAstMatcherTest)java.lang.NoClassDefFoundError: com/google/common/base/Function
	at com.google.javascript.jscomp.TemplateAstMatcherTest.compile(TemplateAstMatcherTest.java:532)
	at com.google.javascript.jscomp.TemplateAstMatcherTest.testMatches_nonDefaultStrategy(TemplateAstMatcherTest.java:492)
	at sun.reflect.NativeMethodAccessorImpl.invoke0(Native Method)
	at sun.reflect.NativeMethodAccessorImpl.invoke(NativeMethodAccessorImpl.java:57)
	at sun.reflect.DelegatingMethodAccessorImpl.invoke(DelegatingMethodAccessorImpl.java:43)
Caused by: java.lang.ClassNotFoundException: com.google.common.base.Function
	at java.net.URLClassLoader$1.run(URLClassLoader.java:366)
	at java.net.URLClassLoader$1.run(URLClassLoader.java:355)
	at java.security.AccessController.doPrivileged(Native Method)
	at java.net.URLClassLoader.findClass(URLClassLoader.java:354)
	at java.lang.ClassLoader.loadClass(ClassLoader.java:425)
	at sun.misc.Launcher$AppClassLoader.loadClass(Launcher.java:308)
	at java.lang.ClassLoader.loadClass(ClassLoader.java:358)
	... 17 more

FAILURES!!!
Tests run: 12,  Failures: 0,  Errors: 12

