.F.F.F.F.F.F.F.F.F.F.F.F.F.F.F.F.F.F.F.F.F.F.F.F
Time: 0.002
There were 24 failures:
1) warning(junit.framework.TestSuite$1)junit.framework.AssertionFailedError: Exception in constructor: testInlineName (java.lang.NoClassDefFoundError: com/google/common/collect/ImmutableSet
	at com.google.javascript.jscomp.ClosureCodingConvention.<init>(ClosureCodingConvention.java:339)
	at com.google.javascript.jscomp.ClosureCodingConvention.<init>(ClosureCodingConvention.java:54)
	at com.google.javascript.jscomp.ClosureCodingConventionTest.<init>(ClosureCodingConventionTest.java:32)
	at sun.reflect.NativeConstructorAccessorImpl.newInstance0(Native Method)
	at sun.reflect.NativeConstructorAccessorImpl.newInstance(NativeConstructorAccessorImpl.java:57)
	at sun.reflect.DelegatingConstructorAccessorImpl.newInstance(DelegatingConstructorAccessorImpl.java:45)
	at java.lang.reflect.Constructor.newInstance(Constructor.java:526)
	at junit.runner.BaseTestRunner.getTest(BaseTestRunner.java:117)
Caused by: java.lang.ClassNotFoundException: com.google.common.collect.ImmutableSet
	at java.net.URLClassLoader$1.run(URLClassLoader.java:366)
	at java.net.URLClassLoader$1.run(URLClassLoader.java:355)
	at java.security.AccessController.doPrivileged(Native Method)
	at java.net.URLClassLoader.findClass(URLClassLoader.java:354)
	at java.lang.ClassLoader.loadClass(ClassLoader.java:425)
	at sun.misc.Launcher$AppClassLoader.loadClass(Launcher.java:308)
	at java.lang.ClassLoader.loadClass(ClassLoader.java:358)
	... 14 more
)
2) warning(junit.framework.TestSuite$1)junit.framework.AssertionFailedError: Exception in constructor: testVarAndOptionalParams (java.lang.NoClassDefFoundError: com/google/common/collect/ImmutableSet
	at com.google.javascript.jscomp.ClosureCodingConvention.<init>(ClosureCodingConvention.java:339)
	at com.google.javascript.jscomp.ClosureCodingConvention.<init>(ClosureCodingConvention.java:54)
	at com.google.javascript.jscomp.ClosureCodingConventionTest.<init>(ClosureCodingConventionTest.java:32)
	at sun.reflect.NativeConstructorAccessorImpl.newInstance0(Native Method)
	at sun.reflect.NativeConstructorAccessorImpl.newInstance(NativeConstructorAccessorImpl.java:57)
	at sun.reflect.DelegatingConstructorAccessorImpl.newInstance(DelegatingConstructorAccessorImpl.java:45)
	at java.lang.reflect.Constructor.newInstance(Constructor.java:526)
	at junit.runner.BaseTestRunner.getTest(BaseTestRunner.java:117)
)
3) warning(junit.framework.TestSuite$1)junit.framework.AssertionFailedError: Exception in constructor: testExportedName (java.lang.NoClassDefFoundError: com/google/common/collect/ImmutableSet
	at com.google.javascript.jscomp.ClosureCodingConvention.<init>(ClosureCodingConvention.java:339)
	at com.google.javascript.jscomp.ClosureCodingConvention.<init>(ClosureCodingConvention.java:54)
	at com.google.javascript.jscomp.ClosureCodingConventionTest.<init>(ClosureCodingConventionTest.java:32)
	at sun.reflect.NativeConstructorAccessorImpl.newInstance0(Native Method)
	at sun.reflect.NativeConstructorAccessorImpl.newInstance(NativeConstructorAccessorImpl.java:57)
	at sun.reflect.DelegatingConstructorAccessorImpl.newInstance(DelegatingConstructorAccessorImpl.java:45)
	at java.lang.reflect.Constructor.newInstance(Constructor.java:526)
	at junit.runner.BaseTestRunner.getTest(BaseTestRunner.java:117)
)
4) warning(junit.framework.TestSuite$1)junit.framework.AssertionFailedError: Exception in constructor: testPrivateName (java.lang.NoClassDefFoundError: com/google/common/collect/ImmutableSet
	at com.google.javascript.jscomp.ClosureCodingConvention.<init>(ClosureCodingConvention.java:339)
	at com.google.javascript.jscomp.ClosureCodingConvention.<init>(ClosureCodingConvention.java:54)
	at com.google.javascript.jscomp.ClosureCodingConventionTest.<init>(ClosureCodingConventionTest.java:32)
	at sun.reflect.NativeConstructorAccessorImpl.newInstance0(Native Method)
	at sun.reflect.NativeConstructorAccessorImpl.newInstance(NativeConstructorAccessorImpl.java:57)
	at sun.reflect.DelegatingConstructorAccessorImpl.newInstance(DelegatingConstructorAccessorImpl.java:45)
	at java.lang.reflect.Constructor.newInstance(Constructor.java:526)
	at junit.runner.BaseTestRunner.getTest(BaseTestRunner.java:117)
)
5) warning(junit.framework.TestSuite$1)junit.framework.AssertionFailedError: Exception in constructor: testEnumKey (java.lang.NoClassDefFoundError: com/google/common/collect/ImmutableSet
	at com.google.javascript.jscomp.ClosureCodingConvention.<init>(ClosureCodingConvention.java:339)
	at com.google.javascript.jscomp.ClosureCodingConvention.<init>(ClosureCodingConvention.java:54)
	at com.google.javascript.jscomp.ClosureCodingConventionTest.<init>(ClosureCodingConventionTest.java:32)
	at sun.reflect.NativeConstructorAccessorImpl.newInstance0(Native Method)
	at sun.reflect.NativeConstructorAccessorImpl.newInstance(NativeConstructorAccessorImpl.java:57)
	at sun.reflect.DelegatingConstructorAccessorImpl.newInstance(DelegatingConstructorAccessorImpl.java:45)
	at java.lang.reflect.Constructor.newInstance(Constructor.java:526)
	at junit.runner.BaseTestRunner.getTest(BaseTestRunner.java:117)
)
6) warning(junit.framework.TestSuite$1)junit.framework.AssertionFailedError: Exception in constructor: testInheritanceDetection1 (java.lang.NoClassDefFoundError: com/google/common/collect/ImmutableSet
	at com.google.javascript.jscomp.ClosureCodingConvention.<init>(ClosureCodingConvention.java:339)
	at com.google.javascript.jscomp.ClosureCodingConvention.<init>(ClosureCodingConvention.java:54)
	at com.google.javascript.jscomp.ClosureCodingConventionTest.<init>(ClosureCodingConventionTest.java:32)
	at sun.reflect.NativeConstructorAccessorImpl.newInstance0(Native Method)
	at sun.reflect.NativeConstructorAccessorImpl.newInstance(NativeConstructorAccessorImpl.java:57)
	at sun.reflect.DelegatingConstructorAccessorImpl.newInstance(DelegatingConstructorAccessorImpl.java:45)
	at java.lang.reflect.Constructor.newInstance(Constructor.java:526)
	at junit.runner.BaseTestRunner.getTest(BaseTestRunner.java:117)
)
7) warning(junit.framework.TestSuite$1)junit.framework.AssertionFailedError: Exception in constructor: testInheritanceDetection2 (java.lang.NoClassDefFoundError: com/google/common/collect/ImmutableSet
	at com.google.javascript.jscomp.ClosureCodingConvention.<init>(ClosureCodingConvention.java:339)
	at com.google.javascript.jscomp.ClosureCodingConvention.<init>(ClosureCodingConvention.java:54)
	at com.google.javascript.jscomp.ClosureCodingConventionTest.<init>(ClosureCodingConventionTest.java:32)
	at sun.reflect.NativeConstructorAccessorImpl.newInstance0(Native Method)
	at sun.reflect.NativeConstructorAccessorImpl.newInstance(NativeConstructorAccessorImpl.java:57)
	at sun.reflect.DelegatingConstructorAccessorImpl.newInstance(DelegatingConstructorAccessorImpl.java:45)
	at java.lang.reflect.Constructor.newInstance(Constructor.java:526)
	at junit.runner.BaseTestRunner.getTest(BaseTestRunner.java:117)
)
8) warning(junit.framework.TestSuite$1)junit.framework.AssertionFailedError: Exception in constructor: testInheritanceDetection3 (java.lang.NoClassDefFoundError: com/google/common/collect/ImmutableSet
	at com.google.javascript.jscomp.ClosureCodingConvention.<init>(ClosureCodingConvention.java:339)
	at com.google.javascript.jscomp.ClosureCodingConvention.<init>(ClosureCodingConvention.java:54)
	at com.google.javascript.jscomp.ClosureCodingConventionTest.<init>(ClosureCodingConventionTest.java:32)
	at sun.reflect.NativeConstructorAccessorImpl.newInstance0(Native Method)
	at sun.reflect.NativeConstructorAccessorImpl.newInstance(NativeConstructorAccessorImpl.java:57)
	at sun.reflect.DelegatingConstructorAccessorImpl.newInstance(DelegatingConstructorAccessorImpl.java:45)
	at java.lang.reflect.Constructor.newInstance(Constructor.java:526)
	at junit.runner.BaseTestRunner.getTest(BaseTestRunner.java:117)
)
9) warning(junit.framework.TestSuite$1)junit.framework.AssertionFailedError: Exception in constructor: testInheritanceDetection4 (java.lang.NoClassDefFoundError: com/google/common/collect/ImmutableSet
	at com.google.javascript.jscomp.ClosureCodingConvention.<init>(ClosureCodingConvention.java:339)
	at com.google.javascript.jscomp.ClosureCodingConvention.<init>(ClosureCodingConvention.java:54)
	at com.google.javascript.jscomp.ClosureCodingConventionTest.<init>(ClosureCodingConventionTest.java:32)
	at sun.reflect.NativeConstructorAccessorImpl.newInstance0(Native Method)
	at sun.reflect.NativeConstructorAccessorImpl.newInstance(NativeConstructorAccessorImpl.java:57)
	at sun.reflect.DelegatingConstructorAccessorImpl.newInstance(DelegatingConstructorAccessorImpl.java:45)
	at java.lang.reflect.Constructor.newInstance(Constructor.java:526)
	at junit.runner.BaseTestRunner.getTest(BaseTestRunner.java:117)
)
10) warning(junit.framework.TestSuite$1)junit.framework.AssertionFailedError: Exception in constructor: testInheritanceDetection5 (java.lang.NoClassDefFoundError: com/google/common/collect/ImmutableSet
	at com.google.javascript.jscomp.ClosureCodingConvention.<init>(ClosureCodingConvention.java:339)
	at com.google.javascript.jscomp.ClosureCodingConvention.<init>(ClosureCodingConvention.java:54)
	at com.google.javascript.jscomp.ClosureCodingConventionTest.<init>(ClosureCodingConventionTest.java:32)
	at sun.reflect.NativeConstructorAccessorImpl.newInstance0(Native Method)
	at sun.reflect.NativeConstructorAccessorImpl.newInstance(NativeConstructorAccessorImpl.java:57)
	at sun.reflect.DelegatingConstructorAccessorImpl.newInstance(DelegatingConstructorAccessorImpl.java:45)
	at java.lang.reflect.Constructor.newInstance(Constructor.java:526)
	at junit.runner.BaseTestRunner.getTest(BaseTestRunner.java:117)
)
11) warning(junit.framework.TestSuite$1)junit.framework.AssertionFailedError: Exception in constructor: testInheritanceDetection6 (java.lang.NoClassDefFoundError: com/google/common/collect/ImmutableSet
	at com.google.javascript.jscomp.ClosureCodingConvention.<init>(ClosureCodingConvention.java:339)
	at com.google.javascript.jscomp.ClosureCodingConvention.<init>(ClosureCodingConvention.java:54)
	at com.google.javascript.jscomp.ClosureCodingConventionTest.<init>(ClosureCodingConventionTest.java:32)
	at sun.reflect.NativeConstructorAccessorImpl.newInstance0(Native Method)
	at sun.reflect.NativeConstructorAccessorImpl.newInstance(NativeConstructorAccessorImpl.java:57)
	at sun.reflect.DelegatingConstructorAccessorImpl.newInstance(DelegatingConstructorAccessorImpl.java:45)
	at java.lang.reflect.Constructor.newInstance(Constructor.java:526)
	at junit.runner.BaseTestRunner.getTest(BaseTestRunner.java:117)
)
12) warning(junit.framework.TestSuite$1)junit.framework.AssertionFailedError: Exception in constructor: testInheritanceDetection7 (java.lang.NoClassDefFoundError: com/google/common/collect/ImmutableSet
	at com.google.javascript.jscomp.ClosureCodingConvention.<init>(ClosureCodingConvention.java:339)
	at com.google.javascript.jscomp.ClosureCodingConvention.<init>(ClosureCodingConvention.java:54)
	at com.google.javascript.jscomp.ClosureCodingConventionTest.<init>(ClosureCodingConventionTest.java:32)
	at sun.reflect.NativeConstructorAccessorImpl.newInstance0(Native Method)
	at sun.reflect.NativeConstructorAccessorImpl.newInstance(NativeConstructorAccessorImpl.java:57)
	at sun.reflect.DelegatingConstructorAccessorImpl.newInstance(DelegatingConstructorAccessorImpl.java:45)
	at java.lang.reflect.Constructor.newInstance(Constructor.java:526)
	at junit.runner.BaseTestRunner.getTest(BaseTestRunner.java:117)
)
13) warning(junit.framework.TestSuite$1)junit.framework.AssertionFailedError: Exception in constructor: testInheritanceDetection8 (java.lang.NoClassDefFoundError: com/google/common/collect/ImmutableSet
	at com.google.javascript.jscomp.ClosureCodingConvention.<init>(ClosureCodingConvention.java:339)
	at com.google.javascript.jscomp.ClosureCodingConvention.<init>(ClosureCodingConvention.java:54)
	at com.google.javascript.jscomp.ClosureCodingConventionTest.<init>(ClosureCodingConventionTest.java:32)
	at sun.reflect.NativeConstructorAccessorImpl.newInstance0(Native Method)
	at sun.reflect.NativeConstructorAccessorImpl.newInstance(NativeConstructorAccessorImpl.java:57)
	at sun.reflect.DelegatingConstructorAccessorImpl.newInstance(DelegatingConstructorAccessorImpl.java:45)
	at java.lang.reflect.Constructor.newInstance(Constructor.java:526)
	at junit.runner.BaseTestRunner.getTest(BaseTestRunner.java:117)
)
14) warning(junit.framework.TestSuite$1)junit.framework.AssertionFailedError: Exception in constructor: testInheritanceDetection9 (java.lang.NoClassDefFoundError: com/google/common/collect/ImmutableSet
	at com.google.javascript.jscomp.ClosureCodingConvention.<init>(ClosureCodingConvention.java:339)
	at com.google.javascript.jscomp.ClosureCodingConvention.<init>(ClosureCodingConvention.java:54)
	at com.google.javascript.jscomp.ClosureCodingConventionTest.<init>(ClosureCodingConventionTest.java:32)
	at sun.reflect.NativeConstructorAccessorImpl.newInstance0(Native Method)
	at sun.reflect.NativeConstructorAccessorImpl.newInstance(NativeConstructorAccessorImpl.java:57)
	at sun.reflect.DelegatingConstructorAccessorImpl.newInstance(DelegatingConstructorAccessorImpl.java:45)
	at java.lang.reflect.Constructor.newInstance(Constructor.java:526)
	at junit.runner.BaseTestRunner.getTest(BaseTestRunner.java:117)
)
15) warning(junit.framework.TestSuite$1)junit.framework.AssertionFailedError: Exception in constructor: testInheritanceDetection10 (java.lang.NoClassDefFoundError: com/google/common/collect/ImmutableSet
	at com.google.javascript.jscomp.ClosureCodingConvention.<init>(ClosureCodingConvention.java:339)
	at com.google.javascript.jscomp.ClosureCodingConvention.<init>(ClosureCodingConvention.java:54)
	at com.google.javascript.jscomp.ClosureCodingConventionTest.<init>(ClosureCodingConventionTest.java:32)
	at sun.reflect.NativeConstructorAccessorImpl.newInstance0(Native Method)
	at sun.reflect.NativeConstructorAccessorImpl.newInstance(NativeConstructorAccessorImpl.java:57)
	at sun.reflect.DelegatingConstructorAccessorImpl.newInstance(DelegatingConstructorAccessorImpl.java:45)
	at java.lang.reflect.Constructor.newInstance(Constructor.java:526)
	at junit.runner.BaseTestRunner.getTest(BaseTestRunner.java:117)
)
16) warning(junit.framework.TestSuite$1)junit.framework.AssertionFailedError: Exception in constructor: testInheritanceDetection11 (java.lang.NoClassDefFoundError: com/google/common/collect/ImmutableSet
	at com.google.javascript.jscomp.ClosureCodingConvention.<init>(ClosureCodingConvention.java:339)
	at com.google.javascript.jscomp.ClosureCodingConvention.<init>(ClosureCodingConvention.java:54)
	at com.google.javascript.jscomp.ClosureCodingConventionTest.<init>(ClosureCodingConventionTest.java:32)
	at sun.reflect.NativeConstructorAccessorImpl.newInstance0(Native Method)
	at sun.reflect.NativeConstructorAccessorImpl.newInstance(NativeConstructorAccessorImpl.java:57)
	at sun.reflect.DelegatingConstructorAccessorImpl.newInstance(DelegatingConstructorAccessorImpl.java:45)
	at java.lang.reflect.Constructor.newInstance(Constructor.java:526)
	at junit.runner.BaseTestRunner.getTest(BaseTestRunner.java:117)
)
17) warning(junit.framework.TestSuite$1)junit.framework.AssertionFailedError: Exception in constructor: testInheritanceDetection12 (java.lang.NoClassDefFoundError: com/google/common/collect/ImmutableSet
	at com.google.javascript.jscomp.ClosureCodingConvention.<init>(ClosureCodingConvention.java:339)
	at com.google.javascript.jscomp.ClosureCodingConvention.<init>(ClosureCodingConvention.java:54)
	at com.google.javascript.jscomp.ClosureCodingConventionTest.<init>(ClosureCodingConventionTest.java:32)
	at sun.reflect.GeneratedConstructorAccessor1.newInstance(Unknown Source)
	at sun.reflect.DelegatingConstructorAccessorImpl.newInstance(DelegatingConstructorAccessorImpl.java:45)
	at java.lang.reflect.Constructor.newInstance(Constructor.java:526)
	at junit.runner.BaseTestRunner.getTest(BaseTestRunner.java:117)
)
18) warning(junit.framework.TestSuite$1)junit.framework.AssertionFailedError: Exception in constructor: testInheritanceDetection13 (java.lang.NoClassDefFoundError: com/google/common/collect/ImmutableSet
	at com.google.javascript.jscomp.ClosureCodingConvention.<init>(ClosureCodingConvention.java:339)
	at com.google.javascript.jscomp.ClosureCodingConvention.<init>(ClosureCodingConvention.java:54)
	at com.google.javascript.jscomp.ClosureCodingConventionTest.<init>(ClosureCodingConventionTest.java:32)
	at sun.reflect.GeneratedConstructorAccessor1.newInstance(Unknown Source)
	at sun.reflect.DelegatingConstructorAccessorImpl.newInstance(DelegatingConstructorAccessorImpl.java:45)
	at java.lang.reflect.Constructor.newInstance(Constructor.java:526)
	at junit.runner.BaseTestRunner.getTest(BaseTestRunner.java:117)
)
19) warning(junit.framework.TestSuite$1)junit.framework.AssertionFailedError: Exception in constructor: testInheritanceDetection14 (java.lang.NoClassDefFoundError: com/google/common/collect/ImmutableSet
	at com.google.javascript.jscomp.ClosureCodingConvention.<init>(ClosureCodingConvention.java:339)
	at com.google.javascript.jscomp.ClosureCodingConvention.<init>(ClosureCodingConvention.java:54)
	at com.google.javascript.jscomp.ClosureCodingConventionTest.<init>(ClosureCodingConventionTest.java:32)
	at sun.reflect.GeneratedConstructorAccessor1.newInstance(Unknown Source)
	at sun.reflect.DelegatingConstructorAccessorImpl.newInstance(DelegatingConstructorAccessorImpl.java:45)
	at java.lang.reflect.Constructor.newInstance(Constructor.java:526)
	at junit.runner.BaseTestRunner.getTest(BaseTestRunner.java:117)
)
20) warning(junit.framework.TestSuite$1)junit.framework.AssertionFailedError: Exception in constructor: testInheritanceDetectionPostCollapseProperties (java.lang.NoClassDefFoundError: com/google/common/collect/ImmutableSet
	at com.google.javascript.jscomp.ClosureCodingConvention.<init>(ClosureCodingConvention.java:339)
	at com.google.javascript.jscomp.ClosureCodingConvention.<init>(ClosureCodingConvention.java:54)
	at com.google.javascript.jscomp.ClosureCodingConventionTest.<init>(ClosureCodingConventionTest.java:32)
	at sun.reflect.GeneratedConstructorAccessor1.newInstance(Unknown Source)
	at sun.reflect.DelegatingConstructorAccessorImpl.newInstance(DelegatingConstructorAccessorImpl.java:45)
	at java.lang.reflect.Constructor.newInstance(Constructor.java:526)
	at junit.runner.BaseTestRunner.getTest(BaseTestRunner.java:117)
)
21) warning(junit.framework.TestSuite$1)junit.framework.AssertionFailedError: Exception in constructor: testObjectLiteralCast (java.lang.NoClassDefFoundError: com/google/common/collect/ImmutableSet
	at com.google.javascript.jscomp.ClosureCodingConvention.<init>(ClosureCodingConvention.java:339)
	at com.google.javascript.jscomp.ClosureCodingConvention.<init>(ClosureCodingConvention.java:54)
	at com.google.javascript.jscomp.ClosureCodingConventionTest.<init>(ClosureCodingConventionTest.java:32)
	at sun.reflect.GeneratedConstructorAccessor1.newInstance(Unknown Source)
	at sun.reflect.DelegatingConstructorAccessorImpl.newInstance(DelegatingConstructorAccessorImpl.java:45)
	at java.lang.reflect.Constructor.newInstance(Constructor.java:526)
	at junit.runner.BaseTestRunner.getTest(BaseTestRunner.java:117)
)
22) warning(junit.framework.TestSuite$1)junit.framework.AssertionFailedError: Exception in constructor: testFunctionBind (java.lang.NoClassDefFoundError: com/google/common/collect/ImmutableSet
	at com.google.javascript.jscomp.ClosureCodingConvention.<init>(ClosureCodingConvention.java:339)
	at com.google.javascript.jscomp.ClosureCodingConvention.<init>(ClosureCodingConvention.java:54)
	at com.google.javascript.jscomp.ClosureCodingConventionTest.<init>(ClosureCodingConventionTest.java:32)
	at sun.reflect.GeneratedConstructorAccessor1.newInstance(Unknown Source)
	at sun.reflect.DelegatingConstructorAccessorImpl.newInstance(DelegatingConstructorAccessorImpl.java:45)
	at java.lang.reflect.Constructor.newInstance(Constructor.java:526)
	at junit.runner.BaseTestRunner.getTest(BaseTestRunner.java:117)
)
23) warning(junit.framework.TestSuite$1)junit.framework.AssertionFailedError: Exception in constructor: testRequire (java.lang.NoClassDefFoundError: com/google/common/collect/ImmutableSet
	at com.google.javascript.jscomp.ClosureCodingConvention.<init>(ClosureCodingConvention.java:339)
	at com.google.javascript.jscomp.ClosureCodingConvention.<init>(ClosureCodingConvention.java:54)
	at com.google.javascript.jscomp.ClosureCodingConventionTest.<init>(ClosureCodingConventionTest.java:32)
	at sun.reflect.GeneratedConstructorAccessor1.newInstance(Unknown Source)
	at sun.reflect.DelegatingConstructorAccessorImpl.newInstance(DelegatingConstructorAccessorImpl.java:45)
	at java.lang.reflect.Constructor.newInstance(Constructor.java:526)
	at junit.runner.BaseTestRunner.getTest(BaseTestRunner.java:117)
)
24) warning(junit.framework.TestSuite$1)junit.framework.AssertionFailedError: Exception in constructor: testApplySubclassRelationship (java.lang.NoClassDefFoundError: com/google/common/collect/ImmutableSet
	at com.google.javascript.jscomp.ClosureCodingConvention.<init>(ClosureCodingConvention.java:339)
	at com.google.javascript.jscomp.ClosureCodingConvention.<init>(ClosureCodingConvention.java:54)
	at com.google.javascript.jscomp.ClosureCodingConventionTest.<init>(ClosureCodingConventionTest.java:32)
	at sun.reflect.GeneratedConstructorAccessor1.newInstance(Unknown Source)
	at sun.reflect.DelegatingConstructorAccessorImpl.newInstance(DelegatingConstructorAccessorImpl.java:45)
	at java.lang.reflect.Constructor.newInstance(Constructor.java:526)
	at junit.runner.BaseTestRunner.getTest(BaseTestRunner.java:117)
)

FAILURES!!!
Tests run: 24,  Failures: 24,  Errors: 0

