.E.E.E.E.E
Time: 0.012
There were 5 errors:
1) testBase64VLQSelectedValues1(com.google.debugging.sourcemap.Base64VLQTest)java.lang.NoClassDefFoundError: com/google/common/truth/Truth
	at com.google.debugging.sourcemap.Base64VLQTest.testValue(Base64VLQTest.java:113)
	at com.google.debugging.sourcemap.Base64VLQTest.testBase64VLQSelectedValues1(Base64VLQTest.java:29)
	at sun.reflect.NativeMethodAccessorImpl.invoke0(Native Method)
	at sun.reflect.NativeMethodAccessorImpl.invoke(NativeMethodAccessorImpl.java:57)
	at sun.reflect.DelegatingMethodAccessorImpl.invoke(DelegatingMethodAccessorImpl.java:43)
Caused by: java.lang.ClassNotFoundException: com.google.common.truth.Truth
	at java.net.URLClassLoader$1.run(URLClassLoader.java:366)
	at java.net.URLClassLoader$1.run(URLClassLoader.java:355)
	at java.security.AccessController.doPrivileged(Native Method)
	at java.net.URLClassLoader.findClass(URLClassLoader.java:354)
	at java.lang.ClassLoader.loadClass(ClassLoader.java:425)
	at sun.misc.Launcher$AppClassLoader.loadClass(Launcher.java:308)
	at java.lang.ClassLoader.loadClass(ClassLoader.java:358)
	... 17 more
2) testBase64VLQSelectedValues2(com.google.debugging.sourcemap.Base64VLQTest)java.lang.NoClassDefFoundError: com/google/common/truth/Truth
	at com.google.debugging.sourcemap.Base64VLQTest.testValue(Base64VLQTest.java:113)
	at com.google.debugging.sourcemap.Base64VLQTest.testBase64VLQSelectedValues2(Base64VLQTest.java:36)
	at sun.reflect.NativeMethodAccessorImpl.invoke0(Native Method)
	at sun.reflect.NativeMethodAccessorImpl.invoke(NativeMethodAccessorImpl.java:57)
	at sun.reflect.DelegatingMethodAccessorImpl.invoke(DelegatingMethodAccessorImpl.java:43)
3) testBase64VLQSelectedSignedValues1(com.google.debugging.sourcemap.Base64VLQTest)java.lang.NoClassDefFoundError: com/google/common/truth/Truth
	at com.google.debugging.sourcemap.Base64VLQTest.testValue(Base64VLQTest.java:113)
	at com.google.debugging.sourcemap.Base64VLQTest.testBase64VLQSelectedSignedValues1(Base64VLQTest.java:44)
	at sun.reflect.NativeMethodAccessorImpl.invoke0(Native Method)
	at sun.reflect.NativeMethodAccessorImpl.invoke(NativeMethodAccessorImpl.java:57)
	at sun.reflect.DelegatingMethodAccessorImpl.invoke(DelegatingMethodAccessorImpl.java:43)
4) testBase64VLQSelectedSignedValues2(com.google.debugging.sourcemap.Base64VLQTest)java.lang.NoClassDefFoundError: com/google/common/truth/Truth
	at com.google.debugging.sourcemap.Base64VLQTest.testValue(Base64VLQTest.java:113)
	at com.google.debugging.sourcemap.Base64VLQTest.testBase64VLQSelectedSignedValues2(Base64VLQTest.java:51)
	at sun.reflect.NativeMethodAccessorImpl.invoke0(Native Method)
	at sun.reflect.NativeMethodAccessorImpl.invoke(NativeMethodAccessorImpl.java:57)
	at sun.reflect.DelegatingMethodAccessorImpl.invoke(DelegatingMethodAccessorImpl.java:43)
5) testSpeed(com.google.debugging.sourcemap.Base64VLQTest)java.lang.NoClassDefFoundError: com/google/common/truth/Truth
	at com.google.debugging.sourcemap.Base64VLQTest.testSpeed(Base64VLQTest.java:95)
	at sun.reflect.NativeMethodAccessorImpl.invoke0(Native Method)
	at sun.reflect.NativeMethodAccessorImpl.invoke(NativeMethodAccessorImpl.java:57)
	at sun.reflect.DelegatingMethodAccessorImpl.invoke(DelegatingMethodAccessorImpl.java:43)

FAILURES!!!
Tests run: 5,  Failures: 0,  Errors: 5

