.E.E
Time: 0.006
There were 2 errors:
1) testEquals(com.google.javascript.jscomp.deps.VirtualFileTest)java.lang.NoClassDefFoundError: com/google/common/truth/Truth
	at com.google.javascript.jscomp.deps.VirtualFileTest.testEquals(VirtualFileTest.java:31)
	at sun.reflect.NativeMethodAccessorImpl.invoke0(Native Method)
	at sun.reflect.NativeMethodAccessorImpl.invoke(NativeMethodAccessorImpl.java:57)
	at sun.reflect.DelegatingMethodAccessorImpl.invoke(DelegatingMethodAccessorImpl.java:43)
Caused by: java.lang.ClassNotFoundException: com.google.common.truth.Truth
	at java.net.URLClassLoader$1.run(URLClassLoader.java:366)
	at java.net.URLClassLoader$1.run(URLClassLoader.java:355)
	at java.security.AccessController.doPrivileged(Native Method)
	at java.net.URLClassLoader.findClass(URLClassLoader.java:354)
	at java.lang.ClassLoader.loadClass(ClassLoader.java:425)
	at sun.misc.Launcher$AppClassLoader.loadClass(Launcher.java:308)
	at java.lang.ClassLoader.loadClass(ClassLoader.java:358)
	... 16 more
2) testHashCode(com.google.javascript.jscomp.deps.VirtualFileTest)java.lang.NoClassDefFoundError: com/google/common/truth/Truth
	at com.google.javascript.jscomp.deps.VirtualFileTest.testHashCode(VirtualFileTest.java:41)
	at sun.reflect.NativeMethodAccessorImpl.invoke0(Native Method)
	at sun.reflect.NativeMethodAccessorImpl.invoke(NativeMethodAccessorImpl.java:57)
	at sun.reflect.DelegatingMethodAccessorImpl.invoke(DelegatingMethodAccessorImpl.java:43)

FAILURES!!!
Tests run: 2,  Failures: 0,  Errors: 2

