....E
Time: 0.02
There was 1 error:
1) testToDot3Elements(com.google.javascript.jscomp.DotFormatterTest)java.lang.NoClassDefFoundError: com/google/common/base/Preconditions
	at com.google.javascript.rhino.Node.addChildToBack(Node.java:680)
	at com.google.javascript.jscomp.DotFormatterTest.testToDot3Elements(DotFormatterTest.java:72)
	at sun.reflect.NativeMethodAccessorImpl.invoke0(Native Method)
	at sun.reflect.NativeMethodAccessorImpl.invoke(NativeMethodAccessorImpl.java:57)
	at sun.reflect.DelegatingMethodAccessorImpl.invoke(DelegatingMethodAccessorImpl.java:43)
Caused by: java.lang.ClassNotFoundException: com.google.common.base.Preconditions
	at java.net.URLClassLoader$1.run(URLClassLoader.java:366)
	at java.net.URLClassLoader$1.run(URLClassLoader.java:355)
	at java.security.AccessController.doPrivileged(Native Method)
	at java.net.URLClassLoader.findClass(URLClassLoader.java:354)
	at java.lang.ClassLoader.loadClass(ClassLoader.java:425)
	at sun.misc.Launcher$AppClassLoader.loadClass(Launcher.java:308)
	at java.lang.ClassLoader.loadClass(ClassLoader.java:358)
	... 17 more

FAILURES!!!
Tests run: 4,  Failures: 0,  Errors: 1

