.E.E.E.E.E.E.E.E.E
Time: 0.057
There were 9 errors:
1) testGraph1(com.google.javascript.jscomp.FixedPointGraphTraversalTest)java.lang.NoClassDefFoundError: com/google/common/collect/Sets
	at com.google.javascript.jscomp.graph.FixedPointGraphTraversal.computeFixedPoint(FixedPointGraphTraversal.java:82)
	at com.google.javascript.jscomp.FixedPointGraphTraversalTest.testGraph1(FixedPointGraphTraversalTest.java:93)
	at sun.reflect.NativeMethodAccessorImpl.invoke0(Native Method)
	at sun.reflect.NativeMethodAccessorImpl.invoke(NativeMethodAccessorImpl.java:57)
	at sun.reflect.DelegatingMethodAccessorImpl.invoke(DelegatingMethodAccessorImpl.java:43)
Caused by: java.lang.ClassNotFoundException: com.google.common.collect.Sets
	at java.net.URLClassLoader$1.run(URLClassLoader.java:366)
	at java.net.URLClassLoader$1.run(URLClassLoader.java:355)
	at java.security.AccessController.doPrivileged(Native Method)
	at java.net.URLClassLoader.findClass(URLClassLoader.java:354)
	at java.lang.ClassLoader.loadClass(ClassLoader.java:425)
	at sun.misc.Launcher$AppClassLoader.loadClass(Launcher.java:308)
	at java.lang.ClassLoader.loadClass(ClassLoader.java:358)
	... 17 more
2) testGraph2(com.google.javascript.jscomp.FixedPointGraphTraversalTest)java.lang.NoClassDefFoundError: com/google/common/collect/Sets
	at com.google.javascript.jscomp.graph.FixedPointGraphTraversal.computeFixedPoint(FixedPointGraphTraversal.java:82)
	at com.google.javascript.jscomp.FixedPointGraphTraversalTest.testGraph2(FixedPointGraphTraversalTest.java:104)
	at sun.reflect.NativeMethodAccessorImpl.invoke0(Native Method)
	at sun.reflect.NativeMethodAccessorImpl.invoke(NativeMethodAccessorImpl.java:57)
	at sun.reflect.DelegatingMethodAccessorImpl.invoke(DelegatingMethodAccessorImpl.java:43)
3) testGraph3(com.google.javascript.jscomp.FixedPointGraphTraversalTest)java.lang.NoClassDefFoundError: com/google/common/collect/Sets
	at com.google.javascript.jscomp.graph.FixedPointGraphTraversal.computeFixedPoint(FixedPointGraphTraversal.java:82)
	at com.google.javascript.jscomp.FixedPointGraphTraversalTest.testGraph3(FixedPointGraphTraversalTest.java:115)
	at sun.reflect.NativeMethodAccessorImpl.invoke0(Native Method)
	at sun.reflect.NativeMethodAccessorImpl.invoke(NativeMethodAccessorImpl.java:57)
	at sun.reflect.DelegatingMethodAccessorImpl.invoke(DelegatingMethodAccessorImpl.java:43)
4) testGraph4(com.google.javascript.jscomp.FixedPointGraphTraversalTest)java.lang.NoClassDefFoundError: com/google/common/collect/Sets
	at com.google.javascript.jscomp.graph.FixedPointGraphTraversal.computeFixedPoint(FixedPointGraphTraversal.java:82)
	at com.google.javascript.jscomp.FixedPointGraphTraversalTest.testGraph4(FixedPointGraphTraversalTest.java:126)
	at sun.reflect.NativeMethodAccessorImpl.invoke0(Native Method)
	at sun.reflect.NativeMethodAccessorImpl.invoke(NativeMethodAccessorImpl.java:57)
	at sun.reflect.DelegatingMethodAccessorImpl.invoke(DelegatingMethodAccessorImpl.java:43)
5) testGraph5(com.google.javascript.jscomp.FixedPointGraphTraversalTest)java.lang.NoClassDefFoundError: com/google/common/collect/Sets
	at com.google.javascript.jscomp.graph.FixedPointGraphTraversal.computeFixedPoint(FixedPointGraphTraversal.java:82)
	at com.google.javascript.jscomp.FixedPointGraphTraversalTest.testGraph5(FixedPointGraphTraversalTest.java:137)
	at sun.reflect.NativeMethodAccessorImpl.invoke0(Native Method)
	at sun.reflect.NativeMethodAccessorImpl.invoke(NativeMethodAccessorImpl.java:57)
	at sun.reflect.DelegatingMethodAccessorImpl.invoke(DelegatingMethodAccessorImpl.java:43)
6) testGraph6(com.google.javascript.jscomp.FixedPointGraphTraversalTest)java.lang.NoClassDefFoundError: com/google/common/collect/Sets
	at com.google.javascript.jscomp.graph.FixedPointGraphTraversal.computeFixedPoint(FixedPointGraphTraversal.java:82)
	at com.google.javascript.jscomp.FixedPointGraphTraversalTest.testGraph6(FixedPointGraphTraversalTest.java:148)
	at sun.reflect.NativeMethodAccessorImpl.invoke0(Native Method)
	at sun.reflect.NativeMethodAccessorImpl.invoke(NativeMethodAccessorImpl.java:57)
	at sun.reflect.DelegatingMethodAccessorImpl.invoke(DelegatingMethodAccessorImpl.java:43)
7) testGraph8(com.google.javascript.jscomp.FixedPointGraphTraversalTest)java.lang.NoClassDefFoundError: com/google/common/collect/Sets
	at com.google.javascript.jscomp.graph.FixedPointGraphTraversal.computeFixedPoint(FixedPointGraphTraversal.java:82)
	at com.google.javascript.jscomp.FixedPointGraphTraversalTest.testGraph8(FixedPointGraphTraversalTest.java:159)
	at sun.reflect.NativeMethodAccessorImpl.invoke0(Native Method)
	at sun.reflect.NativeMethodAccessorImpl.invoke(NativeMethodAccessorImpl.java:57)
	at sun.reflect.DelegatingMethodAccessorImpl.invoke(DelegatingMethodAccessorImpl.java:43)
8) testGraph9(com.google.javascript.jscomp.FixedPointGraphTraversalTest)java.lang.NoClassDefFoundError: com/google/common/collect/Sets
	at com.google.javascript.jscomp.graph.FixedPointGraphTraversal.computeFixedPoint(FixedPointGraphTraversal.java:69)
	at com.google.javascript.jscomp.FixedPointGraphTraversalTest.testGraph9(FixedPointGraphTraversalTest.java:183)
	at sun.reflect.NativeMethodAccessorImpl.invoke0(Native Method)
	at sun.reflect.NativeMethodAccessorImpl.invoke(NativeMethodAccessorImpl.java:57)
	at sun.reflect.DelegatingMethodAccessorImpl.invoke(DelegatingMethodAccessorImpl.java:43)
9) testGraph10(com.google.javascript.jscomp.FixedPointGraphTraversalTest)java.lang.NoClassDefFoundError: com/google/common/collect/Sets
	at com.google.javascript.jscomp.graph.FixedPointGraphTraversal.computeFixedPoint(FixedPointGraphTraversal.java:69)
	at com.google.javascript.jscomp.FixedPointGraphTraversalTest.testGraph10(FixedPointGraphTraversalTest.java:206)
	at sun.reflect.NativeMethodAccessorImpl.invoke0(Native Method)
	at sun.reflect.NativeMethodAccessorImpl.invoke(NativeMethodAccessorImpl.java:57)
	at sun.reflect.DelegatingMethodAccessorImpl.invoke(DelegatingMethodAccessorImpl.java:43)

FAILURES!!!
Tests run: 9,  Failures: 0,  Errors: 9

