.E.E.E.E.E.E.E
Time: 0.015
There were 7 errors:
1) testIllegalArgumentIfNotAndOr(com.google.javascript.jscomp.GatherSideEffectSubexpressionsCallbackTest)java.lang.NoClassDefFoundError: com/google/common/collect/ImmutableList
	at com.google.javascript.jscomp.GatherSideEffectSubexpressionsCallbackTest.testIllegalArgumentIfNotAndOr(GatherSideEffectSubexpressionsCallbackTest.java:43)
	at sun.reflect.NativeMethodAccessorImpl.invoke0(Native Method)
	at sun.reflect.NativeMethodAccessorImpl.invoke(NativeMethodAccessorImpl.java:57)
	at sun.reflect.DelegatingMethodAccessorImpl.invoke(DelegatingMethodAccessorImpl.java:43)
Caused by: java.lang.ClassNotFoundException: com.google.common.collect.ImmutableList
	at java.net.URLClassLoader$1.run(URLClassLoader.java:366)
	at java.net.URLClassLoader$1.run(URLClassLoader.java:355)
	at java.security.AccessController.doPrivileged(Native Method)
	at java.net.URLClassLoader.findClass(URLClassLoader.java:354)
	at java.lang.ClassLoader.loadClass(ClassLoader.java:425)
	at sun.misc.Launcher$AppClassLoader.loadClass(Launcher.java:308)
	at java.lang.ClassLoader.loadClass(ClassLoader.java:358)
	... 16 more
2) testIllegalArgumentIfNoSideEffectAndOr(com.google.javascript.jscomp.GatherSideEffectSubexpressionsCallbackTest)java.lang.NoClassDefFoundError: com/google/common/base/Preconditions
	at com.google.javascript.rhino.Node.addChildToBack(Node.java:680)
	at com.google.javascript.jscomp.GatherSideEffectSubexpressionsCallbackTest.getNoSideEffectsAndNode(GatherSideEffectSubexpressionsCallbackTest.java:113)
	at com.google.javascript.jscomp.GatherSideEffectSubexpressionsCallbackTest.testIllegalArgumentIfNoSideEffectAndOr(GatherSideEffectSubexpressionsCallbackTest.java:52)
	at sun.reflect.NativeMethodAccessorImpl.invoke0(Native Method)
	at sun.reflect.NativeMethodAccessorImpl.invoke(NativeMethodAccessorImpl.java:57)
	at sun.reflect.DelegatingMethodAccessorImpl.invoke(DelegatingMethodAccessorImpl.java:43)
Caused by: java.lang.ClassNotFoundException: com.google.common.base.Preconditions
	at java.net.URLClassLoader$1.run(URLClassLoader.java:366)
	at java.net.URLClassLoader$1.run(URLClassLoader.java:355)
	at java.security.AccessController.doPrivileged(Native Method)
	at java.net.URLClassLoader.findClass(URLClassLoader.java:354)
	at java.lang.ClassLoader.loadClass(ClassLoader.java:425)
	at sun.misc.Launcher$AppClassLoader.loadClass(Launcher.java:308)
	at java.lang.ClassLoader.loadClass(ClassLoader.java:358)
	... 18 more
3) testIllegalArgumentIfNotHook(com.google.javascript.jscomp.GatherSideEffectSubexpressionsCallbackTest)java.lang.NoClassDefFoundError: com/google/common/collect/ImmutableList
	at com.google.javascript.jscomp.GatherSideEffectSubexpressionsCallbackTest.testIllegalArgumentIfNotHook(GatherSideEffectSubexpressionsCallbackTest.java:74)
	at sun.reflect.NativeMethodAccessorImpl.invoke0(Native Method)
	at sun.reflect.NativeMethodAccessorImpl.invoke(NativeMethodAccessorImpl.java:57)
	at sun.reflect.DelegatingMethodAccessorImpl.invoke(DelegatingMethodAccessorImpl.java:43)
4) testHook(com.google.javascript.jscomp.GatherSideEffectSubexpressionsCallbackTest)java.lang.NoClassDefFoundError: com/google/common/base/Preconditions
	at com.google.javascript.rhino.Node.addChildToBack(Node.java:680)
	at com.google.javascript.jscomp.GatherSideEffectSubexpressionsCallbackTest.getSideEffectsHookNode(GatherSideEffectSubexpressionsCallbackTest.java:146)
	at com.google.javascript.jscomp.GatherSideEffectSubexpressionsCallbackTest.testHook(GatherSideEffectSubexpressionsCallbackTest.java:63)
	at sun.reflect.NativeMethodAccessorImpl.invoke0(Native Method)
	at sun.reflect.NativeMethodAccessorImpl.invoke(NativeMethodAccessorImpl.java:57)
	at sun.reflect.DelegatingMethodAccessorImpl.invoke(DelegatingMethodAccessorImpl.java:43)
5) testAndOr(com.google.javascript.jscomp.GatherSideEffectSubexpressionsCallbackTest)java.lang.NoClassDefFoundError: com/google/common/base/Preconditions
	at com.google.javascript.rhino.Node.addChildToBack(Node.java:680)
	at com.google.javascript.jscomp.GatherSideEffectSubexpressionsCallbackTest.getSideEffectsAndNode(GatherSideEffectSubexpressionsCallbackTest.java:123)
	at com.google.javascript.jscomp.GatherSideEffectSubexpressionsCallbackTest.testAndOr(GatherSideEffectSubexpressionsCallbackTest.java:35)
	at sun.reflect.NativeMethodAccessorImpl.invoke0(Native Method)
	at sun.reflect.NativeMethodAccessorImpl.invoke(NativeMethodAccessorImpl.java:57)
	at sun.reflect.DelegatingMethodAccessorImpl.invoke(DelegatingMethodAccessorImpl.java:43)
6) testIllegalArgumentIfNoSideEffectHook(com.google.javascript.jscomp.GatherSideEffectSubexpressionsCallbackTest)java.lang.NoClassDefFoundError: com/google/common/base/Preconditions
	at com.google.javascript.rhino.Node.addChildToBack(Node.java:680)
	at com.google.javascript.jscomp.GatherSideEffectSubexpressionsCallbackTest.getNoSideEffectsHookNode(GatherSideEffectSubexpressionsCallbackTest.java:135)
	at com.google.javascript.jscomp.GatherSideEffectSubexpressionsCallbackTest.testIllegalArgumentIfNoSideEffectHook(GatherSideEffectSubexpressionsCallbackTest.java:85)
	at sun.reflect.NativeMethodAccessorImpl.invoke0(Native Method)
	at sun.reflect.NativeMethodAccessorImpl.invoke(NativeMethodAccessorImpl.java:57)
	at sun.reflect.DelegatingMethodAccessorImpl.invoke(DelegatingMethodAccessorImpl.java:43)
7) testIllegalArgumentIfHookKeepNeitherBranch(com.google.javascript.jscomp.GatherSideEffectSubexpressionsCallbackTest)java.lang.NoClassDefFoundError: com/google/common/base/Preconditions
	at com.google.javascript.rhino.Node.addChildToBack(Node.java:680)
	at com.google.javascript.jscomp.GatherSideEffectSubexpressionsCallbackTest.getSideEffectsHookNode(GatherSideEffectSubexpressionsCallbackTest.java:146)
	at com.google.javascript.jscomp.GatherSideEffectSubexpressionsCallbackTest.testIllegalArgumentIfHookKeepNeitherBranch(GatherSideEffectSubexpressionsCallbackTest.java:98)
	at sun.reflect.NativeMethodAccessorImpl.invoke0(Native Method)
	at sun.reflect.NativeMethodAccessorImpl.invoke(NativeMethodAccessorImpl.java:57)
	at sun.reflect.DelegatingMethodAccessorImpl.invoke(DelegatingMethodAccessorImpl.java:43)

FAILURES!!!
Tests run: 7,  Failures: 0,  Errors: 7

