.E.E.E.E.E.E.E.E.E.E
Time: 0.007
There were 10 errors:
1) testSyntaxError1(com.google.javascript.jscomp.JsMessageExtractorTest)java.lang.NoClassDefFoundError: com/google/common/base/Joiner
	at com.google.javascript.jscomp.JsMessageExtractorTest.extractMessages(JsMessageExtractorTest.java:47)
	at com.google.javascript.jscomp.JsMessageExtractorTest.extractMessage(JsMessageExtractorTest.java:57)
	at com.google.javascript.jscomp.JsMessageExtractorTest.testSyntaxError1(JsMessageExtractorTest.java:64)
	at sun.reflect.NativeMethodAccessorImpl.invoke0(Native Method)
	at sun.reflect.NativeMethodAccessorImpl.invoke(NativeMethodAccessorImpl.java:57)
	at sun.reflect.DelegatingMethodAccessorImpl.invoke(DelegatingMethodAccessorImpl.java:43)
Caused by: java.lang.ClassNotFoundException: com.google.common.base.Joiner
	at java.net.URLClassLoader$1.run(URLClassLoader.java:366)
	at java.net.URLClassLoader$1.run(URLClassLoader.java:355)
	at java.security.AccessController.doPrivileged(Native Method)
	at java.net.URLClassLoader.findClass(URLClassLoader.java:354)
	at java.lang.ClassLoader.loadClass(ClassLoader.java:425)
	at sun.misc.Launcher$AppClassLoader.loadClass(Launcher.java:308)
	at java.lang.ClassLoader.loadClass(ClassLoader.java:358)
	... 18 more
2) testSyntaxError2(com.google.javascript.jscomp.JsMessageExtractorTest)java.lang.NoClassDefFoundError: com/google/common/base/Joiner
	at com.google.javascript.jscomp.JsMessageExtractorTest.extractMessages(JsMessageExtractorTest.java:47)
	at com.google.javascript.jscomp.JsMessageExtractorTest.extractMessage(JsMessageExtractorTest.java:57)
	at com.google.javascript.jscomp.JsMessageExtractorTest.testSyntaxError2(JsMessageExtractorTest.java:75)
	at sun.reflect.NativeMethodAccessorImpl.invoke0(Native Method)
	at sun.reflect.NativeMethodAccessorImpl.invoke(NativeMethodAccessorImpl.java:57)
	at sun.reflect.DelegatingMethodAccessorImpl.invoke(DelegatingMethodAccessorImpl.java:43)
3) testExtractNewStyleMessage1(com.google.javascript.jscomp.JsMessageExtractorTest)java.lang.NoClassDefFoundError: com/google/common/collect/Lists
	at com.google.javascript.jscomp.JsMessage$Builder.<init>(JsMessage.java:318)
	at com.google.javascript.jscomp.JsMessageExtractorTest.testExtractNewStyleMessage1(JsMessageExtractorTest.java:93)
	at sun.reflect.NativeMethodAccessorImpl.invoke0(Native Method)
	at sun.reflect.NativeMethodAccessorImpl.invoke(NativeMethodAccessorImpl.java:57)
	at sun.reflect.DelegatingMethodAccessorImpl.invoke(DelegatingMethodAccessorImpl.java:43)
Caused by: java.lang.ClassNotFoundException: com.google.common.collect.Lists
	at java.net.URLClassLoader$1.run(URLClassLoader.java:366)
	at java.net.URLClassLoader$1.run(URLClassLoader.java:355)
	at java.security.AccessController.doPrivileged(Native Method)
	at java.net.URLClassLoader.findClass(URLClassLoader.java:354)
	at java.lang.ClassLoader.loadClass(ClassLoader.java:425)
	at sun.misc.Launcher$AppClassLoader.loadClass(Launcher.java:308)
	at java.lang.ClassLoader.loadClass(ClassLoader.java:358)
	... 17 more
4) testExtractNewStyleMessage2(com.google.javascript.jscomp.JsMessageExtractorTest)java.lang.NoClassDefFoundError: com/google/common/collect/Lists
	at com.google.javascript.jscomp.JsMessage$Builder.<init>(JsMessage.java:318)
	at com.google.javascript.jscomp.JsMessageExtractorTest.testExtractNewStyleMessage2(JsMessageExtractorTest.java:102)
	at sun.reflect.NativeMethodAccessorImpl.invoke0(Native Method)
	at sun.reflect.NativeMethodAccessorImpl.invoke(NativeMethodAccessorImpl.java:57)
	at sun.reflect.DelegatingMethodAccessorImpl.invoke(DelegatingMethodAccessorImpl.java:43)
5) testExtractOldStyleMessage1(com.google.javascript.jscomp.JsMessageExtractorTest)java.lang.NoClassDefFoundError: com/google/common/collect/Lists
	at com.google.javascript.jscomp.JsMessage$Builder.<init>(JsMessage.java:318)
	at com.google.javascript.jscomp.JsMessageExtractorTest.testExtractOldStyleMessage1(JsMessageExtractorTest.java:126)
	at sun.reflect.NativeMethodAccessorImpl.invoke0(Native Method)
	at sun.reflect.NativeMethodAccessorImpl.invoke(NativeMethodAccessorImpl.java:57)
	at sun.reflect.DelegatingMethodAccessorImpl.invoke(DelegatingMethodAccessorImpl.java:43)
6) testExtractOldStyleMessage2(com.google.javascript.jscomp.JsMessageExtractorTest)java.lang.NoClassDefFoundError: com/google/common/collect/Lists
	at com.google.javascript.jscomp.JsMessage$Builder.<init>(JsMessage.java:318)
	at com.google.javascript.jscomp.JsMessageExtractorTest.testExtractOldStyleMessage2(JsMessageExtractorTest.java:138)
	at sun.reflect.NativeMethodAccessorImpl.invoke0(Native Method)
	at sun.reflect.NativeMethodAccessorImpl.invoke(NativeMethodAccessorImpl.java:57)
	at sun.reflect.DelegatingMethodAccessorImpl.invoke(DelegatingMethodAccessorImpl.java:43)
7) testExtractOldStyleMessage3(com.google.javascript.jscomp.JsMessageExtractorTest)java.lang.NoClassDefFoundError: com/google/common/collect/Lists
	at com.google.javascript.jscomp.JsMessage$Builder.<init>(JsMessage.java:318)
	at com.google.javascript.jscomp.JsMessageExtractorTest.testExtractOldStyleMessage3(JsMessageExtractorTest.java:150)
	at sun.reflect.NativeMethodAccessorImpl.invoke0(Native Method)
	at sun.reflect.NativeMethodAccessorImpl.invoke(NativeMethodAccessorImpl.java:57)
	at sun.reflect.DelegatingMethodAccessorImpl.invoke(DelegatingMethodAccessorImpl.java:43)
8) testExtractMixedMessages(com.google.javascript.jscomp.JsMessageExtractorTest)java.lang.NoClassDefFoundError: com/google/common/base/Joiner
	at com.google.javascript.jscomp.JsMessageExtractorTest.extractMessages(JsMessageExtractorTest.java:47)
	at com.google.javascript.jscomp.JsMessageExtractorTest.testExtractMixedMessages(JsMessageExtractorTest.java:165)
	at sun.reflect.NativeMethodAccessorImpl.invoke0(Native Method)
	at sun.reflect.NativeMethodAccessorImpl.invoke(NativeMethodAccessorImpl.java:57)
	at sun.reflect.DelegatingMethodAccessorImpl.invoke(DelegatingMethodAccessorImpl.java:43)
9) testDuplicateUnnamedVariables(com.google.javascript.jscomp.JsMessageExtractorTest)java.lang.NoClassDefFoundError: com/google/common/base/Joiner
	at com.google.javascript.jscomp.JsMessageExtractorTest.extractMessages(JsMessageExtractorTest.java:47)
	at com.google.javascript.jscomp.JsMessageExtractorTest.testDuplicateUnnamedVariables(JsMessageExtractorTest.java:201)
	at sun.reflect.NativeMethodAccessorImpl.invoke0(Native Method)
	at sun.reflect.NativeMethodAccessorImpl.invoke(NativeMethodAccessorImpl.java:57)
	at sun.reflect.DelegatingMethodAccessorImpl.invoke(DelegatingMethodAccessorImpl.java:43)
10) testMeaningAnnotation(com.google.javascript.jscomp.JsMessageExtractorTest)java.lang.NoClassDefFoundError: com/google/common/base/Joiner
	at com.google.javascript.jscomp.JsMessageExtractorTest.extractMessages(JsMessageExtractorTest.java:47)
	at com.google.javascript.jscomp.JsMessageExtractorTest.testMeaningAnnotation(JsMessageExtractorTest.java:216)
	at sun.reflect.NativeMethodAccessorImpl.invoke0(Native Method)
	at sun.reflect.NativeMethodAccessorImpl.invoke(NativeMethodAccessorImpl.java:57)
	at sun.reflect.DelegatingMethodAccessorImpl.invoke(DelegatingMethodAccessorImpl.java:43)

FAILURES!!!
Tests run: 10,  Failures: 0,  Errors: 10

