.E.E.
Time: 0.007
There were 2 errors:
1) testIsEmpty(com.google.javascript.jscomp.JsMessageTest)java.lang.NoClassDefFoundError: com/google/common/collect/Lists
	at com.google.javascript.jscomp.JsMessage$Builder.<init>(JsMessage.java:318)
	at com.google.javascript.jscomp.JsMessage$Builder.<init>(JsMessage.java:324)
	at com.google.javascript.jscomp.JsMessageTest.testIsEmpty(JsMessageTest.java:27)
	at sun.reflect.NativeMethodAccessorImpl.invoke0(Native Method)
	at sun.reflect.NativeMethodAccessorImpl.invoke(NativeMethodAccessorImpl.java:57)
	at sun.reflect.DelegatingMethodAccessorImpl.invoke(DelegatingMethodAccessorImpl.java:43)
Caused by: java.lang.ClassNotFoundException: com.google.common.collect.Lists
	at java.net.URLClassLoader$1.run(URLClassLoader.java:366)
	at java.net.URLClassLoader$1.run(URLClassLoader.java:355)
	at java.security.AccessController.doPrivileged(Native Method)
	at java.net.URLClassLoader.findClass(URLClassLoader.java:354)
	at java.lang.ClassLoader.loadClass(ClassLoader.java:425)
	at sun.misc.Launcher$AppClassLoader.loadClass(Launcher.java:308)
	at java.lang.ClassLoader.loadClass(ClassLoader.java:358)
	... 18 more
2) testMeaningChangesId(com.google.javascript.jscomp.JsMessageTest)java.lang.NoClassDefFoundError: com/google/common/collect/Lists
	at com.google.javascript.jscomp.JsMessage$Builder.<init>(JsMessage.java:318)
	at com.google.javascript.jscomp.JsMessage$Builder.<init>(JsMessage.java:324)
	at com.google.javascript.jscomp.JsMessageTest.testMeaningChangesId(JsMessageTest.java:38)
	at sun.reflect.NativeMethodAccessorImpl.invoke0(Native Method)
	at sun.reflect.NativeMethodAccessorImpl.invoke(NativeMethodAccessorImpl.java:57)
	at sun.reflect.DelegatingMethodAccessorImpl.invoke(DelegatingMethodAccessorImpl.java:43)

FAILURES!!!
Tests run: 3,  Failures: 0,  Errors: 2

