.E.E.E
Time: 0.01
There were 3 errors:
1) testDependencies(com.google.javascript.jscomp.JSModuleTest)java.lang.NoClassDefFoundError: com/google/common/base/Preconditions
	at com.google.javascript.jscomp.JSModule.addDependency(JSModule.java:133)
	at com.google.javascript.jscomp.JSModuleTest.setUp(JSModuleTest.java:48)
Caused by: java.lang.ClassNotFoundException: com.google.common.base.Preconditions
	at java.net.URLClassLoader$1.run(URLClassLoader.java:366)
	at java.net.URLClassLoader$1.run(URLClassLoader.java:355)
	at java.security.AccessController.doPrivileged(Native Method)
	at java.net.URLClassLoader.findClass(URLClassLoader.java:354)
	at java.lang.ClassLoader.loadClass(ClassLoader.java:425)
	at sun.misc.Launcher$AppClassLoader.loadClass(Launcher.java:308)
	at java.lang.ClassLoader.loadClass(ClassLoader.java:358)
	... 12 more
2) testSortInputs(com.google.javascript.jscomp.JSModuleTest)java.lang.NoClassDefFoundError: com/google/common/base/Preconditions
	at com.google.javascript.jscomp.JSModule.addDependency(JSModule.java:133)
	at com.google.javascript.jscomp.JSModuleTest.setUp(JSModuleTest.java:48)
3) testSortJsModules(com.google.javascript.jscomp.JSModuleTest)java.lang.NoClassDefFoundError: com/google/common/base/Preconditions
	at com.google.javascript.jscomp.JSModule.addDependency(JSModule.java:133)
	at com.google.javascript.jscomp.JSModuleTest.setUp(JSModuleTest.java:48)

FAILURES!!!
Tests run: 3,  Failures: 0,  Errors: 3

