.E.E.E.E.E.E.E.E.E.E.E.E.E.E.E.E.E.E.E.E.E.E.E.E.E.E.E.E.E
Time: 0.009
There were 29 errors:
1) testVariableDeclaration(com.google.javascript.jscomp.parsing.TypeSyntaxTest)java.lang.NoClassDefFoundError: com/google/common/collect/Sets
	at com.google.javascript.jscomp.BasicErrorManager.<init>(BasicErrorManager.java:37)
	at com.google.javascript.jscomp.testing.TestErrorManager.<init>(TestErrorManager.java:27)
	at com.google.javascript.jscomp.parsing.TypeSyntaxTest.setUp(TypeSyntaxTest.java:59)
Caused by: java.lang.ClassNotFoundException: com.google.common.collect.Sets
	at java.net.URLClassLoader$1.run(URLClassLoader.java:366)
	at java.net.URLClassLoader$1.run(URLClassLoader.java:355)
	at java.security.AccessController.doPrivileged(Native Method)
	at java.net.URLClassLoader.findClass(URLClassLoader.java:354)
	at java.lang.ClassLoader.loadClass(ClassLoader.java:425)
	at sun.misc.Launcher$AppClassLoader.loadClass(Launcher.java:308)
	at java.lang.ClassLoader.loadClass(ClassLoader.java:358)
	... 13 more
2) testVariableDeclaration_keyword(com.google.javascript.jscomp.parsing.TypeSyntaxTest)java.lang.NoClassDefFoundError: com/google/common/collect/Sets
	at com.google.javascript.jscomp.BasicErrorManager.<init>(BasicErrorManager.java:37)
	at com.google.javascript.jscomp.testing.TestErrorManager.<init>(TestErrorManager.java:27)
	at com.google.javascript.jscomp.parsing.TypeSyntaxTest.setUp(TypeSyntaxTest.java:59)
3) testVariableDeclaration_errorIncomplete(com.google.javascript.jscomp.parsing.TypeSyntaxTest)java.lang.NoClassDefFoundError: com/google/common/collect/Sets
	at com.google.javascript.jscomp.BasicErrorManager.<init>(BasicErrorManager.java:37)
	at com.google.javascript.jscomp.testing.TestErrorManager.<init>(TestErrorManager.java:27)
	at com.google.javascript.jscomp.parsing.TypeSyntaxTest.setUp(TypeSyntaxTest.java:59)
4) testTypeInDocAndSyntax(com.google.javascript.jscomp.parsing.TypeSyntaxTest)java.lang.NoClassDefFoundError: com/google/common/collect/Sets
	at com.google.javascript.jscomp.BasicErrorManager.<init>(BasicErrorManager.java:37)
	at com.google.javascript.jscomp.testing.TestErrorManager.<init>(TestErrorManager.java:27)
	at com.google.javascript.jscomp.parsing.TypeSyntaxTest.setUp(TypeSyntaxTest.java:59)
5) testFunctionParamDeclaration(com.google.javascript.jscomp.parsing.TypeSyntaxTest)java.lang.NoClassDefFoundError: com/google/common/collect/Sets
	at com.google.javascript.jscomp.BasicErrorManager.<init>(BasicErrorManager.java:37)
	at com.google.javascript.jscomp.testing.TestErrorManager.<init>(TestErrorManager.java:27)
	at com.google.javascript.jscomp.parsing.TypeSyntaxTest.setUp(TypeSyntaxTest.java:59)
6) testFunctionParamDeclaration_defaultValue(com.google.javascript.jscomp.parsing.TypeSyntaxTest)java.lang.NoClassDefFoundError: com/google/common/collect/Sets
	at com.google.javascript.jscomp.BasicErrorManager.<init>(BasicErrorManager.java:37)
	at com.google.javascript.jscomp.testing.TestErrorManager.<init>(TestErrorManager.java:27)
	at com.google.javascript.jscomp.parsing.TypeSyntaxTest.setUp(TypeSyntaxTest.java:59)
7) testFunctionParamDeclaration_destructuringArray(com.google.javascript.jscomp.parsing.TypeSyntaxTest)java.lang.NoClassDefFoundError: com/google/common/collect/Sets
	at com.google.javascript.jscomp.BasicErrorManager.<init>(BasicErrorManager.java:37)
	at com.google.javascript.jscomp.testing.TestErrorManager.<init>(TestErrorManager.java:27)
	at com.google.javascript.jscomp.parsing.TypeSyntaxTest.setUp(TypeSyntaxTest.java:59)
8) testFunctionParamDeclaration_destructuringArrayInner(com.google.javascript.jscomp.parsing.TypeSyntaxTest)java.lang.NoClassDefFoundError: com/google/common/collect/Sets
	at com.google.javascript.jscomp.BasicErrorManager.<init>(BasicErrorManager.java:37)
	at com.google.javascript.jscomp.testing.TestErrorManager.<init>(TestErrorManager.java:27)
	at com.google.javascript.jscomp.parsing.TypeSyntaxTest.setUp(TypeSyntaxTest.java:59)
9) testFunctionParamDeclaration_destructuringObject(com.google.javascript.jscomp.parsing.TypeSyntaxTest)java.lang.NoClassDefFoundError: com/google/common/collect/Sets
	at com.google.javascript.jscomp.BasicErrorManager.<init>(BasicErrorManager.java:37)
	at com.google.javascript.jscomp.testing.TestErrorManager.<init>(TestErrorManager.java:27)
	at com.google.javascript.jscomp.parsing.TypeSyntaxTest.setUp(TypeSyntaxTest.java:59)
10) testFunctionParamDeclaration_arrow(com.google.javascript.jscomp.parsing.TypeSyntaxTest)java.lang.NoClassDefFoundError: com/google/common/collect/Sets
	at com.google.javascript.jscomp.BasicErrorManager.<init>(BasicErrorManager.java:37)
	at com.google.javascript.jscomp.testing.TestErrorManager.<init>(TestErrorManager.java:27)
	at com.google.javascript.jscomp.parsing.TypeSyntaxTest.setUp(TypeSyntaxTest.java:59)
11) testFunctionReturn(com.google.javascript.jscomp.parsing.TypeSyntaxTest)java.lang.NoClassDefFoundError: com/google/common/collect/Sets
	at com.google.javascript.jscomp.BasicErrorManager.<init>(BasicErrorManager.java:37)
	at com.google.javascript.jscomp.testing.TestErrorManager.<init>(TestErrorManager.java:27)
	at com.google.javascript.jscomp.parsing.TypeSyntaxTest.setUp(TypeSyntaxTest.java:59)
12) testFunctionReturn_arrow(com.google.javascript.jscomp.parsing.TypeSyntaxTest)java.lang.NoClassDefFoundError: com/google/common/collect/Sets
	at com.google.javascript.jscomp.BasicErrorManager.<init>(BasicErrorManager.java:37)
	at com.google.javascript.jscomp.testing.TestErrorManager.<init>(TestErrorManager.java:27)
	at com.google.javascript.jscomp.parsing.TypeSyntaxTest.setUp(TypeSyntaxTest.java:59)
13) testFunctionReturn_typeInDocAndSyntax(com.google.javascript.jscomp.parsing.TypeSyntaxTest)java.lang.NoClassDefFoundError: com/google/common/collect/Sets
	at com.google.javascript.jscomp.BasicErrorManager.<init>(BasicErrorManager.java:37)
	at com.google.javascript.jscomp.testing.TestErrorManager.<init>(TestErrorManager.java:27)
	at com.google.javascript.jscomp.parsing.TypeSyntaxTest.setUp(TypeSyntaxTest.java:59)
14) testFunctionReturn_typeInJsdocOnly(com.google.javascript.jscomp.parsing.TypeSyntaxTest)java.lang.NoClassDefFoundError: com/google/common/collect/Sets
	at com.google.javascript.jscomp.BasicErrorManager.<init>(BasicErrorManager.java:37)
	at com.google.javascript.jscomp.testing.TestErrorManager.<init>(TestErrorManager.java:27)
	at com.google.javascript.jscomp.parsing.TypeSyntaxTest.setUp(TypeSyntaxTest.java:59)
15) testCompositeType(com.google.javascript.jscomp.parsing.TypeSyntaxTest)java.lang.NoClassDefFoundError: com/google/common/collect/Sets
	at com.google.javascript.jscomp.BasicErrorManager.<init>(BasicErrorManager.java:37)
	at com.google.javascript.jscomp.testing.TestErrorManager.<init>(TestErrorManager.java:27)
	at com.google.javascript.jscomp.parsing.TypeSyntaxTest.setUp(TypeSyntaxTest.java:59)
16) testCompositeType_trailingDot(com.google.javascript.jscomp.parsing.TypeSyntaxTest)java.lang.NoClassDefFoundError: com/google/common/collect/Sets
	at com.google.javascript.jscomp.BasicErrorManager.<init>(BasicErrorManager.java:37)
	at com.google.javascript.jscomp.testing.TestErrorManager.<init>(TestErrorManager.java:27)
	at com.google.javascript.jscomp.parsing.TypeSyntaxTest.setUp(TypeSyntaxTest.java:59)
17) testArrayType(com.google.javascript.jscomp.parsing.TypeSyntaxTest)java.lang.NoClassDefFoundError: com/google/common/collect/Sets
	at com.google.javascript.jscomp.BasicErrorManager.<init>(BasicErrorManager.java:37)
	at com.google.javascript.jscomp.testing.TestErrorManager.<init>(TestErrorManager.java:27)
	at com.google.javascript.jscomp.parsing.TypeSyntaxTest.setUp(TypeSyntaxTest.java:59)
18) testArrayType_missingClose(com.google.javascript.jscomp.parsing.TypeSyntaxTest)java.lang.NoClassDefFoundError: com/google/common/collect/Sets
	at com.google.javascript.jscomp.BasicErrorManager.<init>(BasicErrorManager.java:37)
	at com.google.javascript.jscomp.testing.TestErrorManager.<init>(TestErrorManager.java:27)
	at com.google.javascript.jscomp.parsing.TypeSyntaxTest.setUp(TypeSyntaxTest.java:59)
19) testArrayType_qualifiedType(com.google.javascript.jscomp.parsing.TypeSyntaxTest)java.lang.NoClassDefFoundError: com/google/common/collect/Sets
	at com.google.javascript.jscomp.BasicErrorManager.<init>(BasicErrorManager.java:37)
	at com.google.javascript.jscomp.testing.TestErrorManager.<init>(TestErrorManager.java:27)
	at com.google.javascript.jscomp.parsing.TypeSyntaxTest.setUp(TypeSyntaxTest.java:59)
20) testParameterizedType(com.google.javascript.jscomp.parsing.TypeSyntaxTest)java.lang.NoClassDefFoundError: com/google/common/collect/Sets
	at com.google.javascript.jscomp.BasicErrorManager.<init>(BasicErrorManager.java:37)
	at com.google.javascript.jscomp.testing.TestErrorManager.<init>(TestErrorManager.java:27)
	at com.google.javascript.jscomp.parsing.TypeSyntaxTest.setUp(TypeSyntaxTest.java:59)
21) testParameterizedType_empty(com.google.javascript.jscomp.parsing.TypeSyntaxTest)java.lang.NoClassDefFoundError: com/google/common/collect/Sets
	at com.google.javascript.jscomp.BasicErrorManager.<init>(BasicErrorManager.java:37)
	at com.google.javascript.jscomp.testing.TestErrorManager.<init>(TestErrorManager.java:27)
	at com.google.javascript.jscomp.parsing.TypeSyntaxTest.setUp(TypeSyntaxTest.java:59)
22) testParameterizedType_noArgs(com.google.javascript.jscomp.parsing.TypeSyntaxTest)java.lang.NoClassDefFoundError: com/google/common/collect/Sets
	at com.google.javascript.jscomp.BasicErrorManager.<init>(BasicErrorManager.java:37)
	at com.google.javascript.jscomp.testing.TestErrorManager.<init>(TestErrorManager.java:27)
	at com.google.javascript.jscomp.parsing.TypeSyntaxTest.setUp(TypeSyntaxTest.java:59)
23) testParameterizedType_trailing1(com.google.javascript.jscomp.parsing.TypeSyntaxTest)java.lang.NoClassDefFoundError: com/google/common/collect/Sets
	at com.google.javascript.jscomp.BasicErrorManager.<init>(BasicErrorManager.java:37)
	at com.google.javascript.jscomp.testing.TestErrorManager.<init>(TestErrorManager.java:27)
	at com.google.javascript.jscomp.parsing.TypeSyntaxTest.setUp(TypeSyntaxTest.java:59)
24) testParameterizedType_trailing2(com.google.javascript.jscomp.parsing.TypeSyntaxTest)java.lang.NoClassDefFoundError: com/google/common/collect/Sets
	at com.google.javascript.jscomp.BasicErrorManager.<init>(BasicErrorManager.java:37)
	at com.google.javascript.jscomp.testing.TestErrorManager.<init>(TestErrorManager.java:27)
	at com.google.javascript.jscomp.parsing.TypeSyntaxTest.setUp(TypeSyntaxTest.java:59)
25) testMemberVariable(com.google.javascript.jscomp.parsing.TypeSyntaxTest)java.lang.NoClassDefFoundError: com/google/common/collect/Sets
	at com.google.javascript.jscomp.BasicErrorManager.<init>(BasicErrorManager.java:37)
	at com.google.javascript.jscomp.testing.TestErrorManager.<init>(TestErrorManager.java:27)
	at com.google.javascript.jscomp.parsing.TypeSyntaxTest.setUp(TypeSyntaxTest.java:59)
26) testMemberVariable_generator(com.google.javascript.jscomp.parsing.TypeSyntaxTest)java.lang.NoClassDefFoundError: com/google/common/collect/Sets
	at com.google.javascript.jscomp.BasicErrorManager.<init>(BasicErrorManager.java:37)
	at com.google.javascript.jscomp.testing.TestErrorManager.<init>(TestErrorManager.java:27)
	at com.google.javascript.jscomp.parsing.TypeSyntaxTest.setUp(TypeSyntaxTest.java:59)
27) testComputedPropertyMemberVariable(com.google.javascript.jscomp.parsing.TypeSyntaxTest)java.lang.NoClassDefFoundError: com/google/common/collect/Sets
	at com.google.javascript.jscomp.BasicErrorManager.<init>(BasicErrorManager.java:37)
	at com.google.javascript.jscomp.testing.TestErrorManager.<init>(TestErrorManager.java:27)
	at com.google.javascript.jscomp.parsing.TypeSyntaxTest.setUp(TypeSyntaxTest.java:59)
28) testMemberVariable_type(com.google.javascript.jscomp.parsing.TypeSyntaxTest)java.lang.NoClassDefFoundError: com/google/common/collect/Sets
	at com.google.javascript.jscomp.BasicErrorManager.<init>(BasicErrorManager.java:37)
	at com.google.javascript.jscomp.testing.TestErrorManager.<init>(TestErrorManager.java:27)
	at com.google.javascript.jscomp.parsing.TypeSyntaxTest.setUp(TypeSyntaxTest.java:59)
29) testMethodType(com.google.javascript.jscomp.parsing.TypeSyntaxTest)java.lang.NoClassDefFoundError: com/google/common/collect/Sets
	at com.google.javascript.jscomp.BasicErrorManager.<init>(BasicErrorManager.java:37)
	at com.google.javascript.jscomp.testing.TestErrorManager.<init>(TestErrorManager.java:27)
	at com.google.javascript.jscomp.parsing.TypeSyntaxTest.setUp(TypeSyntaxTest.java:59)

FAILURES!!!
Tests run: 29,  Failures: 0,  Errors: 29

