.E.E.E.E.E.E.E.E.E.E.E.E.E.E.E.E.E.E.E.E.E.E.E.E.E.E.E.E.E.E.E.E.E.E.E.E.E.E.E.E.
E.E.E.E.E.E.E.E.E.E.E.E.E.E.E.E.E.E.E.E.E.E.E.E.E.E.E.E.E.E.E.E.E.E.E.E.E.E.E.E.E.
E.E.E.E.E.E.E.E.E.E.E.E.E.E.E.E.E.E.E.E.E.E.E.E.E.E.E.E.E.E.E.E.E.E.E.E
Time: 0.062
There were 117 errors:
1) testClass(com.google.javascript.jscomp.CodePrinterTest)java.lang.NoClassDefFoundError: com/google/common/base/Function
	at com.google.javascript.jscomp.CodePrinterTestBase.parse(CodePrinterTestBase.java:48)
	at com.google.javascript.jscomp.CodePrinterTestBase.parse(CodePrinterTestBase.java:44)
	at com.google.javascript.jscomp.CodePrinterTestBase.assertPrint(CodePrinterTestBase.java:125)
	at com.google.javascript.jscomp.CodePrinterTestBase.assertPrintSame(CodePrinterTestBase.java:136)
	at com.google.javascript.jscomp.CodePrinterTest.testClass(CodePrinterTest.java:1851)
	at sun.reflect.NativeMethodAccessorImpl.invoke0(Native Method)
	at sun.reflect.NativeMethodAccessorImpl.invoke(NativeMethodAccessorImpl.java:57)
	at sun.reflect.DelegatingMethodAccessorImpl.invoke(DelegatingMethodAccessorImpl.java:43)
Caused by: java.lang.ClassNotFoundException: com.google.common.base.Function
	at java.net.URLClassLoader$1.run(URLClassLoader.java:366)
	at java.net.URLClassLoader$1.run(URLClassLoader.java:355)
	at java.security.AccessController.doPrivileged(Native Method)
	at java.net.URLClassLoader.findClass(URLClassLoader.java:354)
	at java.lang.ClassLoader.loadClass(ClassLoader.java:425)
	at sun.misc.Launcher$AppClassLoader.loadClass(Launcher.java:308)
	at java.lang.ClassLoader.loadClass(ClassLoader.java:358)
	... 20 more
2) testPrint(com.google.javascript.jscomp.CodePrinterTest)java.lang.NoClassDefFoundError: com/google/common/base/Function
	at com.google.javascript.jscomp.CodePrinterTestBase.parse(CodePrinterTestBase.java:48)
	at com.google.javascript.jscomp.CodePrinterTestBase.parse(CodePrinterTestBase.java:44)
	at com.google.javascript.jscomp.CodePrinterTestBase.assertPrint(CodePrinterTestBase.java:125)
	at com.google.javascript.jscomp.CodePrinterTest.testPrint(CodePrinterTest.java:32)
	at sun.reflect.NativeMethodAccessorImpl.invoke0(Native Method)
	at sun.reflect.NativeMethodAccessorImpl.invoke(NativeMethodAccessorImpl.java:57)
	at sun.reflect.DelegatingMethodAccessorImpl.invoke(DelegatingMethodAccessorImpl.java:43)
Caused by: java.lang.ClassNotFoundException: com.google.common.base.Function
	at java.net.URLClassLoader$1.run(URLClassLoader.java:366)
	at java.net.URLClassLoader$1.run(URLClassLoader.java:355)
	at java.security.AccessController.doPrivileged(Native Method)
	at java.net.URLClassLoader.findClass(URLClassLoader.java:354)
	at java.lang.ClassLoader.loadClass(ClassLoader.java:425)
	at sun.misc.Launcher$AppClassLoader.loadClass(Launcher.java:308)
	at java.lang.ClassLoader.loadClass(ClassLoader.java:358)
	... 19 more
3) testPrintArrayPatternVar(com.google.javascript.jscomp.CodePrinterTest)java.lang.NoClassDefFoundError: com/google/common/base/Function
	at com.google.javascript.jscomp.CodePrinterTestBase.parse(CodePrinterTestBase.java:48)
	at com.google.javascript.jscomp.CodePrinterTestBase.parse(CodePrinterTestBase.java:44)
	at com.google.javascript.jscomp.CodePrinterTestBase.assertPrint(CodePrinterTestBase.java:125)
	at com.google.javascript.jscomp.CodePrinterTestBase.assertPrintSame(CodePrinterTestBase.java:136)
	at com.google.javascript.jscomp.CodePrinterTest.testPrintArrayPatternVar(CodePrinterTest.java:239)
	at sun.reflect.NativeMethodAccessorImpl.invoke0(Native Method)
	at sun.reflect.NativeMethodAccessorImpl.invoke(NativeMethodAccessorImpl.java:57)
	at sun.reflect.DelegatingMethodAccessorImpl.invoke(DelegatingMethodAccessorImpl.java:43)
Caused by: java.lang.ClassNotFoundException: com.google.common.base.Function
	at java.net.URLClassLoader$1.run(URLClassLoader.java:366)
	at java.net.URLClassLoader$1.run(URLClassLoader.java:355)
	at java.security.AccessController.doPrivileged(Native Method)
	at java.net.URLClassLoader.findClass(URLClassLoader.java:354)
	at java.lang.ClassLoader.loadClass(ClassLoader.java:425)
	at sun.misc.Launcher$AppClassLoader.loadClass(Launcher.java:308)
	at java.lang.ClassLoader.loadClass(ClassLoader.java:358)
	... 20 more
4) testPrintArrayPatternLet(com.google.javascript.jscomp.CodePrinterTest)java.lang.NoClassDefFoundError: com/google/common/base/Function
	at com.google.javascript.jscomp.CodePrinterTestBase.parse(CodePrinterTestBase.java:48)
	at com.google.javascript.jscomp.CodePrinterTestBase.parse(CodePrinterTestBase.java:44)
	at com.google.javascript.jscomp.CodePrinterTestBase.assertPrint(CodePrinterTestBase.java:125)
	at com.google.javascript.jscomp.CodePrinterTestBase.assertPrintSame(CodePrinterTestBase.java:136)
	at com.google.javascript.jscomp.CodePrinterTest.testPrintArrayPatternLet(CodePrinterTest.java:252)
	at sun.reflect.NativeMethodAccessorImpl.invoke0(Native Method)
	at sun.reflect.NativeMethodAccessorImpl.invoke(NativeMethodAccessorImpl.java:57)
	at sun.reflect.DelegatingMethodAccessorImpl.invoke(DelegatingMethodAccessorImpl.java:43)
Caused by: java.lang.ClassNotFoundException: com.google.common.base.Function
	at java.net.URLClassLoader$1.run(URLClassLoader.java:366)
	at java.net.URLClassLoader$1.run(URLClassLoader.java:355)
	at java.security.AccessController.doPrivileged(Native Method)
	at java.net.URLClassLoader.findClass(URLClassLoader.java:354)
	at java.lang.ClassLoader.loadClass(ClassLoader.java:425)
	at sun.misc.Launcher$AppClassLoader.loadClass(Launcher.java:308)
	at java.lang.ClassLoader.loadClass(ClassLoader.java:358)
	... 20 more
5) testHtmlComments(com.google.javascript.jscomp.CodePrinterTest)java.lang.NoClassDefFoundError: com/google/common/base/Function
	at com.google.javascript.jscomp.CodePrinterTestBase.parse(CodePrinterTestBase.java:48)
	at com.google.javascript.jscomp.CodePrinterTestBase.parse(CodePrinterTestBase.java:44)
	at com.google.javascript.jscomp.CodePrinterTestBase.assertPrint(CodePrinterTestBase.java:125)
	at com.google.javascript.jscomp.CodePrinterTest.testHtmlComments(CodePrinterTest.java:410)
	at sun.reflect.NativeMethodAccessorImpl.invoke0(Native Method)
	at sun.reflect.NativeMethodAccessorImpl.invoke(NativeMethodAccessorImpl.java:57)
	at sun.reflect.DelegatingMethodAccessorImpl.invoke(DelegatingMethodAccessorImpl.java:43)
Caused by: java.lang.ClassNotFoundException: com.google.common.base.Function
	at java.net.URLClassLoader$1.run(URLClassLoader.java:366)
	at java.net.URLClassLoader$1.run(URLClassLoader.java:355)
	at java.security.AccessController.doPrivileged(Native Method)
	at java.net.URLClassLoader.findClass(URLClassLoader.java:354)
	at java.lang.ClassLoader.loadClass(ClassLoader.java:425)
	at sun.misc.Launcher$AppClassLoader.loadClass(Launcher.java:308)
	at java.lang.ClassLoader.loadClass(ClassLoader.java:358)
	... 19 more
6) testPrintArrayPatternConst(com.google.javascript.jscomp.CodePrinterTest)java.lang.NoClassDefFoundError: com/google/common/base/Function
	at com.google.javascript.jscomp.CodePrinterTestBase.parse(CodePrinterTestBase.java:48)
	at com.google.javascript.jscomp.CodePrinterTestBase.parse(CodePrinterTestBase.java:44)
	at com.google.javascript.jscomp.CodePrinterTestBase.assertPrint(CodePrinterTestBase.java:125)
	at com.google.javascript.jscomp.CodePrinterTestBase.assertPrintSame(CodePrinterTestBase.java:136)
	at com.google.javascript.jscomp.CodePrinterTest.testPrintArrayPatternConst(CodePrinterTest.java:265)
	at sun.reflect.NativeMethodAccessorImpl.invoke0(Native Method)
	at sun.reflect.NativeMethodAccessorImpl.invoke(NativeMethodAccessorImpl.java:57)
	at sun.reflect.DelegatingMethodAccessorImpl.invoke(DelegatingMethodAccessorImpl.java:43)
Caused by: java.lang.ClassNotFoundException: com.google.common.base.Function
	at java.net.URLClassLoader$1.run(URLClassLoader.java:366)
	at java.net.URLClassLoader$1.run(URLClassLoader.java:355)
	at java.security.AccessController.doPrivileged(Native Method)
	at java.net.URLClassLoader.findClass(URLClassLoader.java:354)
	at java.lang.ClassLoader.loadClass(ClassLoader.java:425)
	at sun.misc.Launcher$AppClassLoader.loadClass(Launcher.java:308)
	at java.lang.ClassLoader.loadClass(ClassLoader.java:358)
	... 20 more
7) testPrintArrayPatternAssign(com.google.javascript.jscomp.CodePrinterTest)java.lang.NoClassDefFoundError: com/google/common/base/Function
	at com.google.javascript.jscomp.CodePrinterTestBase.parse(CodePrinterTestBase.java:48)
	at com.google.javascript.jscomp.CodePrinterTestBase.parse(CodePrinterTestBase.java:44)
	at com.google.javascript.jscomp.CodePrinterTestBase.assertPrint(CodePrinterTestBase.java:125)
	at com.google.javascript.jscomp.CodePrinterTestBase.assertPrintSame(CodePrinterTestBase.java:136)
	at com.google.javascript.jscomp.CodePrinterTest.testPrintArrayPatternAssign(CodePrinterTest.java:278)
	at sun.reflect.NativeMethodAccessorImpl.invoke0(Native Method)
	at sun.reflect.NativeMethodAccessorImpl.invoke(NativeMethodAccessorImpl.java:57)
	at sun.reflect.DelegatingMethodAccessorImpl.invoke(DelegatingMethodAccessorImpl.java:43)
Caused by: java.lang.ClassNotFoundException: com.google.common.base.Function
	at java.net.URLClassLoader$1.run(URLClassLoader.java:366)
	at java.net.URLClassLoader$1.run(URLClassLoader.java:355)
	at java.security.AccessController.doPrivileged(Native Method)
	at java.net.URLClassLoader.findClass(URLClassLoader.java:354)
	at java.lang.ClassLoader.loadClass(ClassLoader.java:425)
	at sun.misc.Launcher$AppClassLoader.loadClass(Launcher.java:308)
	at java.lang.ClassLoader.loadClass(ClassLoader.java:358)
	... 20 more
8) testPrintArrayPatternWithInitializer(com.google.javascript.jscomp.CodePrinterTest)java.lang.NoClassDefFoundError: com/google/common/base/Function
	at com.google.javascript.jscomp.CodePrinterTestBase.parse(CodePrinterTestBase.java:48)
	at com.google.javascript.jscomp.CodePrinterTestBase.parse(CodePrinterTestBase.java:44)
	at com.google.javascript.jscomp.CodePrinterTestBase.assertPrint(CodePrinterTestBase.java:125)
	at com.google.javascript.jscomp.CodePrinterTestBase.assertPrintSame(CodePrinterTestBase.java:136)
	at com.google.javascript.jscomp.CodePrinterTest.testPrintArrayPatternWithInitializer(CodePrinterTest.java:291)
	at sun.reflect.NativeMethodAccessorImpl.invoke0(Native Method)
	at sun.reflect.NativeMethodAccessorImpl.invoke(NativeMethodAccessorImpl.java:57)
	at sun.reflect.DelegatingMethodAccessorImpl.invoke(DelegatingMethodAccessorImpl.java:43)
Caused by: java.lang.ClassNotFoundException: com.google.common.base.Function
	at java.net.URLClassLoader$1.run(URLClassLoader.java:366)
	at java.net.URLClassLoader$1.run(URLClassLoader.java:355)
	at java.security.AccessController.doPrivileged(Native Method)
	at java.net.URLClassLoader.findClass(URLClassLoader.java:354)
	at java.lang.ClassLoader.loadClass(ClassLoader.java:425)
	at sun.misc.Launcher$AppClassLoader.loadClass(Launcher.java:308)
	at java.lang.ClassLoader.loadClass(ClassLoader.java:358)
	... 20 more
9) testPrintNestedArrayPattern(com.google.javascript.jscomp.CodePrinterTest)java.lang.NoClassDefFoundError: com/google/common/base/Function
	at com.google.javascript.jscomp.CodePrinterTestBase.parse(CodePrinterTestBase.java:48)
	at com.google.javascript.jscomp.CodePrinterTestBase.parse(CodePrinterTestBase.java:44)
	at com.google.javascript.jscomp.CodePrinterTestBase.assertPrint(CodePrinterTestBase.java:125)
	at com.google.javascript.jscomp.CodePrinterTestBase.assertPrintSame(CodePrinterTestBase.java:136)
	at com.google.javascript.jscomp.CodePrinterTest.testPrintNestedArrayPattern(CodePrinterTest.java:298)
	at sun.reflect.NativeMethodAccessorImpl.invoke0(Native Method)
	at sun.reflect.NativeMethodAccessorImpl.invoke(NativeMethodAccessorImpl.java:57)
	at sun.reflect.DelegatingMethodAccessorImpl.invoke(DelegatingMethodAccessorImpl.java:43)
Caused by: java.lang.ClassNotFoundException: com.google.common.base.Function
	at java.net.URLClassLoader$1.run(URLClassLoader.java:366)
	at java.net.URLClassLoader$1.run(URLClassLoader.java:355)
	at java.security.AccessController.doPrivileged(Native Method)
	at java.net.URLClassLoader.findClass(URLClassLoader.java:354)
	at java.lang.ClassLoader.loadClass(ClassLoader.java:425)
	at sun.misc.Launcher$AppClassLoader.loadClass(Launcher.java:308)
	at java.lang.ClassLoader.loadClass(ClassLoader.java:358)
	... 20 more
10) testPrintObjectPatternVar(com.google.javascript.jscomp.CodePrinterTest)java.lang.NoClassDefFoundError: com/google/common/base/Function
	at com.google.javascript.jscomp.CodePrinterTestBase.parse(CodePrinterTestBase.java:48)
	at com.google.javascript.jscomp.CodePrinterTestBase.parse(CodePrinterTestBase.java:44)
	at com.google.javascript.jscomp.CodePrinterTestBase.assertPrint(CodePrinterTestBase.java:125)
	at com.google.javascript.jscomp.CodePrinterTestBase.assertPrintSame(CodePrinterTestBase.java:136)
	at com.google.javascript.jscomp.CodePrinterTest.testPrintObjectPatternVar(CodePrinterTest.java:307)
	at sun.reflect.NativeMethodAccessorImpl.invoke0(Native Method)
	at sun.reflect.NativeMethodAccessorImpl.invoke(NativeMethodAccessorImpl.java:57)
	at sun.reflect.DelegatingMethodAccessorImpl.invoke(DelegatingMethodAccessorImpl.java:43)
Caused by: java.lang.ClassNotFoundException: com.google.common.base.Function
	at java.net.URLClassLoader$1.run(URLClassLoader.java:366)
	at java.net.URLClassLoader$1.run(URLClassLoader.java:355)
	at java.security.AccessController.doPrivileged(Native Method)
	at java.net.URLClassLoader.findClass(URLClassLoader.java:354)
	at java.lang.ClassLoader.loadClass(ClassLoader.java:425)
	at sun.misc.Launcher$AppClassLoader.loadClass(Launcher.java:308)
	at java.lang.ClassLoader.loadClass(ClassLoader.java:358)
	... 20 more
11) testPrintObjectPatternLet(com.google.javascript.jscomp.CodePrinterTest)java.lang.NoClassDefFoundError: com/google/common/base/Function
	at com.google.javascript.jscomp.CodePrinterTestBase.parse(CodePrinterTestBase.java:48)
	at com.google.javascript.jscomp.CodePrinterTestBase.parse(CodePrinterTestBase.java:44)
	at com.google.javascript.jscomp.CodePrinterTestBase.assertPrint(CodePrinterTestBase.java:125)
	at com.google.javascript.jscomp.CodePrinterTestBase.assertPrintSame(CodePrinterTestBase.java:136)
	at com.google.javascript.jscomp.CodePrinterTest.testPrintObjectPatternLet(CodePrinterTest.java:314)
	at sun.reflect.NativeMethodAccessorImpl.invoke0(Native Method)
	at sun.reflect.NativeMethodAccessorImpl.invoke(NativeMethodAccessorImpl.java:57)
	at sun.reflect.DelegatingMethodAccessorImpl.invoke(DelegatingMethodAccessorImpl.java:43)
Caused by: java.lang.ClassNotFoundException: com.google.common.base.Function
	at java.net.URLClassLoader$1.run(URLClassLoader.java:366)
	at java.net.URLClassLoader$1.run(URLClassLoader.java:355)
	at java.security.AccessController.doPrivileged(Native Method)
	at java.net.URLClassLoader.findClass(URLClassLoader.java:354)
	at java.lang.ClassLoader.loadClass(ClassLoader.java:425)
	at sun.misc.Launcher$AppClassLoader.loadClass(Launcher.java:308)
	at java.lang.ClassLoader.loadClass(ClassLoader.java:358)
	... 20 more
12) testPrintObjectPatternConst(com.google.javascript.jscomp.CodePrinterTest)java.lang.NoClassDefFoundError: com/google/common/base/Function
	at com.google.javascript.jscomp.CodePrinterTestBase.parse(CodePrinterTestBase.java:48)
	at com.google.javascript.jscomp.CodePrinterTestBase.parse(CodePrinterTestBase.java:44)
	at com.google.javascript.jscomp.CodePrinterTestBase.assertPrint(CodePrinterTestBase.java:125)
	at com.google.javascript.jscomp.CodePrinterTestBase.assertPrintSame(CodePrinterTestBase.java:136)
	at com.google.javascript.jscomp.CodePrinterTest.testPrintObjectPatternConst(CodePrinterTest.java:321)
	at sun.reflect.NativeMethodAccessorImpl.invoke0(Native Method)
	at sun.reflect.NativeMethodAccessorImpl.invoke(NativeMethodAccessorImpl.java:57)
	at sun.reflect.DelegatingMethodAccessorImpl.invoke(DelegatingMethodAccessorImpl.java:43)
Caused by: java.lang.ClassNotFoundException: com.google.common.base.Function
	at java.net.URLClassLoader$1.run(URLClassLoader.java:366)
	at java.net.URLClassLoader$1.run(URLClassLoader.java:355)
	at java.security.AccessController.doPrivileged(Native Method)
	at java.net.URLClassLoader.findClass(URLClassLoader.java:354)
	at java.lang.ClassLoader.loadClass(ClassLoader.java:425)
	at sun.misc.Launcher$AppClassLoader.loadClass(Launcher.java:308)
	at java.lang.ClassLoader.loadClass(ClassLoader.java:358)
	... 20 more
13) testPrintObjectPatternAssign(com.google.javascript.jscomp.CodePrinterTest)java.lang.NoClassDefFoundError: com/google/common/base/Function
	at com.google.javascript.jscomp.CodePrinterTestBase.parse(CodePrinterTestBase.java:48)
	at com.google.javascript.jscomp.CodePrinterTestBase.parse(CodePrinterTestBase.java:44)
	at com.google.javascript.jscomp.CodePrinterTestBase.assertPrint(CodePrinterTestBase.java:125)
	at com.google.javascript.jscomp.CodePrinterTestBase.assertPrintSame(CodePrinterTestBase.java:136)
	at com.google.javascript.jscomp.CodePrinterTest.testPrintObjectPatternAssign(CodePrinterTest.java:328)
	at sun.reflect.NativeMethodAccessorImpl.invoke0(Native Method)
	at sun.reflect.NativeMethodAccessorImpl.invoke(NativeMethodAccessorImpl.java:57)
	at sun.reflect.DelegatingMethodAccessorImpl.invoke(DelegatingMethodAccessorImpl.java:43)
Caused by: java.lang.ClassNotFoundException: com.google.common.base.Function
	at java.net.URLClassLoader$1.run(URLClassLoader.java:366)
	at java.net.URLClassLoader$1.run(URLClassLoader.java:355)
	at java.security.AccessController.doPrivileged(Native Method)
	at java.net.URLClassLoader.findClass(URLClassLoader.java:354)
	at java.lang.ClassLoader.loadClass(ClassLoader.java:425)
	at sun.misc.Launcher$AppClassLoader.loadClass(Launcher.java:308)
	at java.lang.ClassLoader.loadClass(ClassLoader.java:358)
	... 20 more
14) testPrintNestedObjectPattern(com.google.javascript.jscomp.CodePrinterTest)java.lang.NoClassDefFoundError: com/google/common/base/Function
	at com.google.javascript.jscomp.CodePrinterTestBase.parse(CodePrinterTestBase.java:48)
	at com.google.javascript.jscomp.CodePrinterTestBase.parse(CodePrinterTestBase.java:44)
	at com.google.javascript.jscomp.CodePrinterTestBase.assertPrint(CodePrinterTestBase.java:125)
	at com.google.javascript.jscomp.CodePrinterTestBase.assertPrintSame(CodePrinterTestBase.java:136)
	at com.google.javascript.jscomp.CodePrinterTest.testPrintNestedObjectPattern(CodePrinterTest.java:335)
	at sun.reflect.NativeMethodAccessorImpl.invoke0(Native Method)
	at sun.reflect.NativeMethodAccessorImpl.invoke(NativeMethodAccessorImpl.java:57)
	at sun.reflect.DelegatingMethodAccessorImpl.invoke(DelegatingMethodAccessorImpl.java:43)
Caused by: java.lang.ClassNotFoundException: com.google.common.base.Function
	at java.net.URLClassLoader$1.run(URLClassLoader.java:366)
	at java.net.URLClassLoader$1.run(URLClassLoader.java:355)
	at java.security.AccessController.doPrivileged(Native Method)
	at java.net.URLClassLoader.findClass(URLClassLoader.java:354)
	at java.lang.ClassLoader.loadClass(ClassLoader.java:425)
	at sun.misc.Launcher$AppClassLoader.loadClass(Launcher.java:308)
	at java.lang.ClassLoader.loadClass(ClassLoader.java:358)
	... 20 more
15) testPrintObjectPatternInitializer(com.google.javascript.jscomp.CodePrinterTest)java.lang.NoClassDefFoundError: com/google/common/base/Function
	at com.google.javascript.jscomp.CodePrinterTestBase.parse(CodePrinterTestBase.java:48)
	at com.google.javascript.jscomp.CodePrinterTestBase.parse(CodePrinterTestBase.java:44)
	at com.google.javascript.jscomp.CodePrinterTestBase.assertPrint(CodePrinterTestBase.java:125)
	at com.google.javascript.jscomp.CodePrinterTestBase.assertPrintSame(CodePrinterTestBase.java:136)
	at com.google.javascript.jscomp.CodePrinterTest.testPrintObjectPatternInitializer(CodePrinterTest.java:341)
	at sun.reflect.NativeMethodAccessorImpl.invoke0(Native Method)
	at sun.reflect.NativeMethodAccessorImpl.invoke(NativeMethodAccessorImpl.java:57)
	at sun.reflect.DelegatingMethodAccessorImpl.invoke(DelegatingMethodAccessorImpl.java:43)
Caused by: java.lang.ClassNotFoundException: com.google.common.base.Function
	at java.net.URLClassLoader$1.run(URLClassLoader.java:366)
	at java.net.URLClassLoader$1.run(URLClassLoader.java:355)
	at java.security.AccessController.doPrivileged(Native Method)
	at java.net.URLClassLoader.findClass(URLClassLoader.java:354)
	at java.lang.ClassLoader.loadClass(ClassLoader.java:425)
	at sun.misc.Launcher$AppClassLoader.loadClass(Launcher.java:308)
	at java.lang.ClassLoader.loadClass(ClassLoader.java:358)
	... 20 more
16) testPrintMixedDestructuring(com.google.javascript.jscomp.CodePrinterTest)java.lang.NoClassDefFoundError: com/google/common/base/Function
	at com.google.javascript.jscomp.CodePrinterTestBase.parse(CodePrinterTestBase.java:48)
	at com.google.javascript.jscomp.CodePrinterTestBase.parse(CodePrinterTestBase.java:44)
	at com.google.javascript.jscomp.CodePrinterTestBase.assertPrint(CodePrinterTestBase.java:125)
	at com.google.javascript.jscomp.CodePrinterTestBase.assertPrintSame(CodePrinterTestBase.java:136)
	at com.google.javascript.jscomp.CodePrinterTest.testPrintMixedDestructuring(CodePrinterTest.java:350)
	at sun.reflect.NativeMethodAccessorImpl.invoke0(Native Method)
	at sun.reflect.NativeMethodAccessorImpl.invoke(NativeMethodAccessorImpl.java:57)
	at sun.reflect.DelegatingMethodAccessorImpl.invoke(DelegatingMethodAccessorImpl.java:43)
Caused by: java.lang.ClassNotFoundException: com.google.common.base.Function
	at java.net.URLClassLoader$1.run(URLClassLoader.java:366)
	at java.net.URLClassLoader$1.run(URLClassLoader.java:355)
	at java.security.AccessController.doPrivileged(Native Method)
	at java.net.URLClassLoader.findClass(URLClassLoader.java:354)
	at java.lang.ClassLoader.loadClass(ClassLoader.java:425)
	at sun.misc.Launcher$AppClassLoader.loadClass(Launcher.java:308)
	at java.lang.ClassLoader.loadClass(ClassLoader.java:358)
	... 20 more
17) testPrintDestructuringInParamList(com.google.javascript.jscomp.CodePrinterTest)java.lang.NoClassDefFoundError: com/google/common/base/Function
	at com.google.javascript.jscomp.CodePrinterTestBase.parse(CodePrinterTestBase.java:48)
	at com.google.javascript.jscomp.CodePrinterTestBase.parse(CodePrinterTestBase.java:44)
	at com.google.javascript.jscomp.CodePrinterTestBase.assertPrint(CodePrinterTestBase.java:125)
	at com.google.javascript.jscomp.CodePrinterTestBase.assertPrintSame(CodePrinterTestBase.java:136)
	at com.google.javascript.jscomp.CodePrinterTest.testPrintDestructuringInParamList(CodePrinterTest.java:356)
	at sun.reflect.NativeMethodAccessorImpl.invoke0(Native Method)
	at sun.reflect.NativeMethodAccessorImpl.invoke(NativeMethodAccessorImpl.java:57)
	at sun.reflect.DelegatingMethodAccessorImpl.invoke(DelegatingMethodAccessorImpl.java:43)
Caused by: java.lang.ClassNotFoundException: com.google.common.base.Function
	at java.net.URLClassLoader$1.run(URLClassLoader.java:366)
	at java.net.URLClassLoader$1.run(URLClassLoader.java:355)
	at java.security.AccessController.doPrivileged(Native Method)
	at java.net.URLClassLoader.findClass(URLClassLoader.java:354)
	at java.lang.ClassLoader.loadClass(ClassLoader.java:425)
	at sun.misc.Launcher$AppClassLoader.loadClass(Launcher.java:308)
	at java.lang.ClassLoader.loadClass(ClassLoader.java:358)
	... 20 more
18) testBreakTrustedStrings(com.google.javascript.jscomp.CodePrinterTest)java.lang.NoClassDefFoundError: com/google/common/base/Function
	at com.google.javascript.jscomp.CodePrinterTestBase.parse(CodePrinterTestBase.java:48)
	at com.google.javascript.jscomp.CodePrinterTestBase.parse(CodePrinterTestBase.java:44)
	at com.google.javascript.jscomp.CodePrinterTestBase.assertPrint(CodePrinterTestBase.java:125)
	at com.google.javascript.jscomp.CodePrinterTest.testBreakTrustedStrings(CodePrinterTest.java:368)
	at sun.reflect.NativeMethodAccessorImpl.invoke0(Native Method)
	at sun.reflect.NativeMethodAccessorImpl.invoke(NativeMethodAccessorImpl.java:57)
	at sun.reflect.DelegatingMethodAccessorImpl.invoke(DelegatingMethodAccessorImpl.java:43)
Caused by: java.lang.ClassNotFoundException: com.google.common.base.Function
	at java.net.URLClassLoader$1.run(URLClassLoader.java:366)
	at java.net.URLClassLoader$1.run(URLClassLoader.java:355)
	at java.security.AccessController.doPrivileged(Native Method)
	at java.net.URLClassLoader.findClass(URLClassLoader.java:354)
	at java.lang.ClassLoader.loadClass(ClassLoader.java:425)
	at sun.misc.Launcher$AppClassLoader.loadClass(Launcher.java:308)
	at java.lang.ClassLoader.loadClass(ClassLoader.java:358)
	... 19 more
19) testBreakUntrustedStrings(com.google.javascript.jscomp.CodePrinterTest)java.lang.NoClassDefFoundError: com/google/common/base/Function
	at com.google.javascript.jscomp.CodePrinterTestBase.parse(CodePrinterTestBase.java:48)
	at com.google.javascript.jscomp.CodePrinterTestBase.parse(CodePrinterTestBase.java:44)
	at com.google.javascript.jscomp.CodePrinterTestBase.assertPrint(CodePrinterTestBase.java:125)
	at com.google.javascript.jscomp.CodePrinterTest.testBreakUntrustedStrings(CodePrinterTest.java:390)
	at sun.reflect.NativeMethodAccessorImpl.invoke0(Native Method)
	at sun.reflect.NativeMethodAccessorImpl.invoke(NativeMethodAccessorImpl.java:57)
	at sun.reflect.DelegatingMethodAccessorImpl.invoke(DelegatingMethodAccessorImpl.java:43)
Caused by: java.lang.ClassNotFoundException: com.google.common.base.Function
	at java.net.URLClassLoader$1.run(URLClassLoader.java:366)
	at java.net.URLClassLoader$1.run(URLClassLoader.java:355)
	at java.security.AccessController.doPrivileged(Native Method)
	at java.net.URLClassLoader.findClass(URLClassLoader.java:354)
	at java.lang.ClassLoader.loadClass(ClassLoader.java:425)
	at sun.misc.Launcher$AppClassLoader.loadClass(Launcher.java:308)
	at java.lang.ClassLoader.loadClass(ClassLoader.java:358)
	... 19 more
20) testPrintArray(com.google.javascript.jscomp.CodePrinterTest)java.lang.NoClassDefFoundError: com/google/common/base/Function
	at com.google.javascript.jscomp.CodePrinterTestBase.parse(CodePrinterTestBase.java:48)
	at com.google.javascript.jscomp.CodePrinterTestBase.parse(CodePrinterTestBase.java:44)
	at com.google.javascript.jscomp.CodePrinterTestBase.assertPrint(CodePrinterTestBase.java:125)
	at com.google.javascript.jscomp.CodePrinterTest.testPrintArray(CodePrinterTest.java:415)
	at sun.reflect.NativeMethodAccessorImpl.invoke0(Native Method)
	at sun.reflect.NativeMethodAccessorImpl.invoke(NativeMethodAccessorImpl.java:57)
	at sun.reflect.DelegatingMethodAccessorImpl.invoke(DelegatingMethodAccessorImpl.java:43)
Caused by: java.lang.ClassNotFoundException: com.google.common.base.Function
	at java.net.URLClassLoader$1.run(URLClassLoader.java:366)
	at java.net.URLClassLoader$1.run(URLClassLoader.java:355)
	at java.security.AccessController.doPrivileged(Native Method)
	at java.net.URLClassLoader.findClass(URLClassLoader.java:354)
	at java.lang.ClassLoader.loadClass(ClassLoader.java:425)
	at sun.misc.Launcher$AppClassLoader.loadClass(Launcher.java:308)
	at java.lang.ClassLoader.loadClass(ClassLoader.java:358)
	... 19 more
21) testHook(com.google.javascript.jscomp.CodePrinterTest)java.lang.NoClassDefFoundError: com/google/common/base/Function
	at com.google.javascript.jscomp.CodePrinterTestBase.parse(CodePrinterTestBase.java:48)
	at com.google.javascript.jscomp.CodePrinterTestBase.parse(CodePrinterTestBase.java:44)
	at com.google.javascript.jscomp.CodePrinterTestBase.assertPrint(CodePrinterTestBase.java:125)
	at com.google.javascript.jscomp.CodePrinterTest.testHook(CodePrinterTest.java:422)
	at sun.reflect.NativeMethodAccessorImpl.invoke0(Native Method)
	at sun.reflect.NativeMethodAccessorImpl.invoke(NativeMethodAccessorImpl.java:57)
	at sun.reflect.DelegatingMethodAccessorImpl.invoke(DelegatingMethodAccessorImpl.java:43)
Caused by: java.lang.ClassNotFoundException: com.google.common.base.Function
	at java.net.URLClassLoader$1.run(URLClassLoader.java:366)
	at java.net.URLClassLoader$1.run(URLClassLoader.java:355)
	at java.security.AccessController.doPrivileged(Native Method)
	at java.net.URLClassLoader.findClass(URLClassLoader.java:354)
	at java.lang.ClassLoader.loadClass(ClassLoader.java:425)
	at sun.misc.Launcher$AppClassLoader.loadClass(Launcher.java:308)
	at java.lang.ClassLoader.loadClass(ClassLoader.java:358)
	... 19 more
22) testPrintInOperatorInForLoop(com.google.javascript.jscomp.CodePrinterTest)java.lang.NoClassDefFoundError: com/google/common/base/Function
	at com.google.javascript.jscomp.CodePrinterTestBase.parse(CodePrinterTestBase.java:48)
	at com.google.javascript.jscomp.CodePrinterTestBase.parse(CodePrinterTestBase.java:44)
	at com.google.javascript.jscomp.CodePrinterTestBase.assertPrint(CodePrinterTestBase.java:125)
	at com.google.javascript.jscomp.CodePrinterTest.testPrintInOperatorInForLoop(CodePrinterTest.java:444)
	at sun.reflect.NativeMethodAccessorImpl.invoke0(Native Method)
	at sun.reflect.NativeMethodAccessorImpl.invoke(NativeMethodAccessorImpl.java:57)
	at sun.reflect.DelegatingMethodAccessorImpl.invoke(DelegatingMethodAccessorImpl.java:43)
Caused by: java.lang.ClassNotFoundException: com.google.common.base.Function
	at java.net.URLClassLoader$1.run(URLClassLoader.java:366)
	at java.net.URLClassLoader$1.run(URLClassLoader.java:355)
	at java.security.AccessController.doPrivileged(Native Method)
	at java.net.URLClassLoader.findClass(URLClassLoader.java:354)
	at java.lang.ClassLoader.loadClass(ClassLoader.java:425)
	at sun.misc.Launcher$AppClassLoader.loadClass(Launcher.java:308)
	at java.lang.ClassLoader.loadClass(ClassLoader.java:358)
	... 19 more
23) testForOf(com.google.javascript.jscomp.CodePrinterTest)java.lang.NoClassDefFoundError: com/google/common/base/Function
	at com.google.javascript.jscomp.CodePrinterTestBase.parse(CodePrinterTestBase.java:48)
	at com.google.javascript.jscomp.CodePrinterTestBase.parse(CodePrinterTestBase.java:44)
	at com.google.javascript.jscomp.CodePrinterTestBase.assertPrint(CodePrinterTestBase.java:125)
	at com.google.javascript.jscomp.CodePrinterTestBase.assertPrintSame(CodePrinterTestBase.java:136)
	at com.google.javascript.jscomp.CodePrinterTest.testForOf(CodePrinterTest.java:478)
	at sun.reflect.NativeMethodAccessorImpl.invoke0(Native Method)
	at sun.reflect.NativeMethodAccessorImpl.invoke(NativeMethodAccessorImpl.java:57)
	at sun.reflect.DelegatingMethodAccessorImpl.invoke(DelegatingMethodAccessorImpl.java:43)
Caused by: java.lang.ClassNotFoundException: com.google.common.base.Function
	at java.net.URLClassLoader$1.run(URLClassLoader.java:366)
	at java.net.URLClassLoader$1.run(URLClassLoader.java:355)
	at java.security.AccessController.doPrivileged(Native Method)
	at java.net.URLClassLoader.findClass(URLClassLoader.java:354)
	at java.lang.ClassLoader.loadClass(ClassLoader.java:425)
	at sun.misc.Launcher$AppClassLoader.loadClass(Launcher.java:308)
	at java.lang.ClassLoader.loadClass(ClassLoader.java:358)
	... 20 more
24) testLetFor(com.google.javascript.jscomp.CodePrinterTest)java.lang.NoClassDefFoundError: com/google/common/base/Function
	at com.google.javascript.jscomp.CodePrinterTestBase.parse(CodePrinterTestBase.java:48)
	at com.google.javascript.jscomp.CodePrinterTestBase.parse(CodePrinterTestBase.java:44)
	at com.google.javascript.jscomp.CodePrinterTestBase.assertPrint(CodePrinterTestBase.java:125)
	at com.google.javascript.jscomp.CodePrinterTestBase.assertPrintSame(CodePrinterTestBase.java:136)
	at com.google.javascript.jscomp.CodePrinterTest.testLetFor(CodePrinterTest.java:485)
	at sun.reflect.NativeMethodAccessorImpl.invoke0(Native Method)
	at sun.reflect.NativeMethodAccessorImpl.invoke(NativeMethodAccessorImpl.java:57)
	at sun.reflect.DelegatingMethodAccessorImpl.invoke(DelegatingMethodAccessorImpl.java:43)
Caused by: java.lang.ClassNotFoundException: com.google.common.base.Function
	at java.net.URLClassLoader$1.run(URLClassLoader.java:366)
	at java.net.URLClassLoader$1.run(URLClassLoader.java:355)
	at java.security.AccessController.doPrivileged(Native Method)
	at java.net.URLClassLoader.findClass(URLClassLoader.java:354)
	at java.lang.ClassLoader.loadClass(ClassLoader.java:425)
	at sun.misc.Launcher$AppClassLoader.loadClass(Launcher.java:308)
	at java.lang.ClassLoader.loadClass(ClassLoader.java:358)
	... 20 more
25) testConstFor(com.google.javascript.jscomp.CodePrinterTest)java.lang.NoClassDefFoundError: com/google/common/base/Function
	at com.google.javascript.jscomp.CodePrinterTestBase.parse(CodePrinterTestBase.java:48)
	at com.google.javascript.jscomp.CodePrinterTestBase.parse(CodePrinterTestBase.java:44)
	at com.google.javascript.jscomp.CodePrinterTestBase.assertPrint(CodePrinterTestBase.java:125)
	at com.google.javascript.jscomp.CodePrinterTestBase.assertPrintSame(CodePrinterTestBase.java:136)
	at com.google.javascript.jscomp.CodePrinterTest.testConstFor(CodePrinterTest.java:493)
	at sun.reflect.NativeMethodAccessorImpl.invoke0(Native Method)
	at sun.reflect.NativeMethodAccessorImpl.invoke(NativeMethodAccessorImpl.java:57)
	at sun.reflect.DelegatingMethodAccessorImpl.invoke(DelegatingMethodAccessorImpl.java:43)
Caused by: java.lang.ClassNotFoundException: com.google.common.base.Function
	at java.net.URLClassLoader$1.run(URLClassLoader.java:366)
	at java.net.URLClassLoader$1.run(URLClassLoader.java:355)
	at java.security.AccessController.doPrivileged(Native Method)
	at java.net.URLClassLoader.findClass(URLClassLoader.java:354)
	at java.lang.ClassLoader.loadClass(ClassLoader.java:425)
	at sun.misc.Launcher$AppClassLoader.loadClass(Launcher.java:308)
	at java.lang.ClassLoader.loadClass(ClassLoader.java:358)
	... 20 more
26) testLiteralProperty(com.google.javascript.jscomp.CodePrinterTest)java.lang.NoClassDefFoundError: com/google/common/base/Function
	at com.google.javascript.jscomp.CodePrinterTestBase.parse(CodePrinterTestBase.java:48)
	at com.google.javascript.jscomp.CodePrinterTestBase.parse(CodePrinterTestBase.java:44)
	at com.google.javascript.jscomp.CodePrinterTestBase.assertPrint(CodePrinterTestBase.java:125)
	at com.google.javascript.jscomp.CodePrinterTest.testLiteralProperty(CodePrinterTest.java:499)
	at sun.reflect.NativeMethodAccessorImpl.invoke0(Native Method)
	at sun.reflect.NativeMethodAccessorImpl.invoke(NativeMethodAccessorImpl.java:57)
	at sun.reflect.DelegatingMethodAccessorImpl.invoke(DelegatingMethodAccessorImpl.java:43)
Caused by: java.lang.ClassNotFoundException: com.google.common.base.Function
	at java.net.URLClassLoader$1.run(URLClassLoader.java:366)
	at java.net.URLClassLoader$1.run(URLClassLoader.java:355)
	at java.security.AccessController.doPrivileged(Native Method)
	at java.net.URLClassLoader.findClass(URLClassLoader.java:354)
	at java.lang.ClassLoader.loadClass(ClassLoader.java:425)
	at sun.misc.Launcher$AppClassLoader.loadClass(Launcher.java:308)
	at java.lang.ClassLoader.loadClass(ClassLoader.java:358)
	... 19 more
27) testAmbiguousElseClauses(com.google.javascript.jscomp.CodePrinterTest)java.lang.NoClassDefFoundError: com/google/common/base/Preconditions
	at com.google.javascript.rhino.Node.<init>(Node.java:469)
	at com.google.javascript.jscomp.CodePrinterTest.testAmbiguousElseClauses(CodePrinterTest.java:505)
	at sun.reflect.NativeMethodAccessorImpl.invoke0(Native Method)
	at sun.reflect.NativeMethodAccessorImpl.invoke(NativeMethodAccessorImpl.java:57)
	at sun.reflect.DelegatingMethodAccessorImpl.invoke(DelegatingMethodAccessorImpl.java:43)
Caused by: java.lang.ClassNotFoundException: com.google.common.base.Preconditions
	at java.net.URLClassLoader$1.run(URLClassLoader.java:366)
	at java.net.URLClassLoader$1.run(URLClassLoader.java:355)
	at java.security.AccessController.doPrivileged(Native Method)
	at java.net.URLClassLoader.findClass(URLClassLoader.java:354)
	at java.lang.ClassLoader.loadClass(ClassLoader.java:425)
	at sun.misc.Launcher$AppClassLoader.loadClass(Launcher.java:308)
	at java.lang.ClassLoader.loadClass(ClassLoader.java:358)
	... 17 more
28) testLineBreak(com.google.javascript.jscomp.CodePrinterTest)java.lang.NoClassDefFoundError: com/google/common/collect/Multimap
	at com.google.javascript.jscomp.CodePrinterTestBase.newCompilerOptions(CodePrinterTestBase.java:105)
	at com.google.javascript.jscomp.CodePrinterTest.assertLineBreak(CodePrinterTest.java:570)
	at com.google.javascript.jscomp.CodePrinterTest.testLineBreak(CodePrinterTest.java:545)
	at sun.reflect.NativeMethodAccessorImpl.invoke0(Native Method)
	at sun.reflect.NativeMethodAccessorImpl.invoke(NativeMethodAccessorImpl.java:57)
	at sun.reflect.DelegatingMethodAccessorImpl.invoke(DelegatingMethodAccessorImpl.java:43)
Caused by: java.lang.ClassNotFoundException: com.google.common.collect.Multimap
	at java.net.URLClassLoader$1.run(URLClassLoader.java:366)
	at java.net.URLClassLoader$1.run(URLClassLoader.java:355)
	at java.security.AccessController.doPrivileged(Native Method)
	at java.net.URLClassLoader.findClass(URLClassLoader.java:354)
	at java.lang.ClassLoader.loadClass(ClassLoader.java:425)
	at sun.misc.Launcher$AppClassLoader.loadClass(Launcher.java:308)
	at java.lang.ClassLoader.loadClass(ClassLoader.java:358)
	... 18 more
29) testPreferLineBreakAtEndOfFile(com.google.javascript.jscomp.CodePrinterTest)java.lang.NoClassDefFoundError: com/google/common/collect/Multimap
	at com.google.javascript.jscomp.CodePrinterTestBase.newCompilerOptions(CodePrinterTestBase.java:105)
	at com.google.javascript.jscomp.CodePrinterTest.assertLineBreakAtEndOfFile(CodePrinterTest.java:613)
	at com.google.javascript.jscomp.CodePrinterTest.testPreferLineBreakAtEndOfFile(CodePrinterTest.java:583)
	at sun.reflect.NativeMethodAccessorImpl.invoke0(Native Method)
	at sun.reflect.NativeMethodAccessorImpl.invoke(NativeMethodAccessorImpl.java:57)
	at sun.reflect.DelegatingMethodAccessorImpl.invoke(DelegatingMethodAccessorImpl.java:43)
Caused by: java.lang.ClassNotFoundException: com.google.common.collect.Multimap
	at java.net.URLClassLoader$1.run(URLClassLoader.java:366)
	at java.net.URLClassLoader$1.run(URLClassLoader.java:355)
	at java.security.AccessController.doPrivileged(Native Method)
	at java.net.URLClassLoader.findClass(URLClassLoader.java:354)
	at java.lang.ClassLoader.loadClass(ClassLoader.java:425)
	at sun.misc.Launcher$AppClassLoader.loadClass(Launcher.java:308)
	at java.lang.ClassLoader.loadClass(ClassLoader.java:358)
	... 18 more
30) testPrettyPrinter(com.google.javascript.jscomp.CodePrinterTest)java.lang.NoClassDefFoundError: com/google/common/collect/Multimap
	at com.google.javascript.jscomp.CodePrinterTestBase.newCompilerOptions(CodePrinterTestBase.java:105)
	at com.google.javascript.jscomp.CodePrinterTest.assertPrettyPrint(CodePrinterTest.java:1108)
	at com.google.javascript.jscomp.CodePrinterTest.assertPrettyPrint(CodePrinterTest.java:1101)
	at com.google.javascript.jscomp.CodePrinterTest.testPrettyPrinter(CodePrinterTest.java:638)
	at sun.reflect.NativeMethodAccessorImpl.invoke0(Native Method)
	at sun.reflect.NativeMethodAccessorImpl.invoke(NativeMethodAccessorImpl.java:57)
	at sun.reflect.DelegatingMethodAccessorImpl.invoke(DelegatingMethodAccessorImpl.java:43)
Caused by: java.lang.ClassNotFoundException: com.google.common.collect.Multimap
	at java.net.URLClassLoader$1.run(URLClassLoader.java:366)
	at java.net.URLClassLoader$1.run(URLClassLoader.java:355)
	at java.security.AccessController.doPrivileged(Native Method)
	at java.net.URLClassLoader.findClass(URLClassLoader.java:354)
	at java.lang.ClassLoader.loadClass(ClassLoader.java:425)
	at sun.misc.Launcher$AppClassLoader.loadClass(Launcher.java:308)
	at java.lang.ClassLoader.loadClass(ClassLoader.java:358)
	... 19 more
31) testPrettyPrinter2(com.google.javascript.jscomp.CodePrinterTest)java.lang.NoClassDefFoundError: com/google/common/collect/Multimap
	at com.google.javascript.jscomp.CodePrinterTestBase.newCompilerOptions(CodePrinterTestBase.java:105)
	at com.google.javascript.jscomp.CodePrinterTest.assertPrettyPrint(CodePrinterTest.java:1108)
	at com.google.javascript.jscomp.CodePrinterTest.assertPrettyPrint(CodePrinterTest.java:1101)
	at com.google.javascript.jscomp.CodePrinterTest.testPrettyPrinter2(CodePrinterTest.java:752)
	at sun.reflect.NativeMethodAccessorImpl.invoke0(Native Method)
	at sun.reflect.NativeMethodAccessorImpl.invoke(NativeMethodAccessorImpl.java:57)
	at sun.reflect.DelegatingMethodAccessorImpl.invoke(DelegatingMethodAccessorImpl.java:43)
Caused by: java.lang.ClassNotFoundException: com.google.common.collect.Multimap
	at java.net.URLClassLoader$1.run(URLClassLoader.java:366)
	at java.net.URLClassLoader$1.run(URLClassLoader.java:355)
	at java.security.AccessController.doPrivileged(Native Method)
	at java.net.URLClassLoader.findClass(URLClassLoader.java:354)
	at java.lang.ClassLoader.loadClass(ClassLoader.java:425)
	at sun.misc.Launcher$AppClassLoader.loadClass(Launcher.java:308)
	at java.lang.ClassLoader.loadClass(ClassLoader.java:358)
	... 19 more
32) testPrettyPrinter3(com.google.javascript.jscomp.CodePrinterTest)java.lang.NoClassDefFoundError: com/google/common/collect/Multimap
	at com.google.javascript.jscomp.CodePrinterTestBase.newCompilerOptions(CodePrinterTestBase.java:105)
	at com.google.javascript.jscomp.CodePrinterTest.assertPrettyPrint(CodePrinterTest.java:1108)
	at com.google.javascript.jscomp.CodePrinterTest.assertPrettyPrint(CodePrinterTest.java:1101)
	at com.google.javascript.jscomp.CodePrinterTest.testPrettyPrinter3(CodePrinterTest.java:777)
	at sun.reflect.NativeMethodAccessorImpl.invoke0(Native Method)
	at sun.reflect.NativeMethodAccessorImpl.invoke(NativeMethodAccessorImpl.java:57)
	at sun.reflect.DelegatingMethodAccessorImpl.invoke(DelegatingMethodAccessorImpl.java:43)
Caused by: java.lang.ClassNotFoundException: com.google.common.collect.Multimap
	at java.net.URLClassLoader$1.run(URLClassLoader.java:366)
	at java.net.URLClassLoader$1.run(URLClassLoader.java:355)
	at java.security.AccessController.doPrivileged(Native Method)
	at java.net.URLClassLoader.findClass(URLClassLoader.java:354)
	at java.lang.ClassLoader.loadClass(ClassLoader.java:425)
	at sun.misc.Launcher$AppClassLoader.loadClass(Launcher.java:308)
	at java.lang.ClassLoader.loadClass(ClassLoader.java:358)
	... 19 more
33) testPrettyPrinter4(com.google.javascript.jscomp.CodePrinterTest)java.lang.NoClassDefFoundError: com/google/common/collect/Multimap
	at com.google.javascript.jscomp.CodePrinterTestBase.newCompilerOptions(CodePrinterTestBase.java:105)
	at com.google.javascript.jscomp.CodePrinterTest.assertPrettyPrint(CodePrinterTest.java:1108)
	at com.google.javascript.jscomp.CodePrinterTest.assertPrettyPrint(CodePrinterTest.java:1101)
	at com.google.javascript.jscomp.CodePrinterTest.testPrettyPrinter4(CodePrinterTest.java:810)
	at sun.reflect.NativeMethodAccessorImpl.invoke0(Native Method)
	at sun.reflect.NativeMethodAccessorImpl.invoke(NativeMethodAccessorImpl.java:57)
	at sun.reflect.DelegatingMethodAccessorImpl.invoke(DelegatingMethodAccessorImpl.java:43)
Caused by: java.lang.ClassNotFoundException: com.google.common.collect.Multimap
	at java.net.URLClassLoader$1.run(URLClassLoader.java:366)
	at java.net.URLClassLoader$1.run(URLClassLoader.java:355)
	at java.security.AccessController.doPrivileged(Native Method)
	at java.net.URLClassLoader.findClass(URLClassLoader.java:354)
	at java.lang.ClassLoader.loadClass(ClassLoader.java:425)
	at sun.misc.Launcher$AppClassLoader.loadClass(Launcher.java:308)
	at java.lang.ClassLoader.loadClass(ClassLoader.java:358)
	... 19 more
34) testPrettyPrinter_arrow(com.google.javascript.jscomp.CodePrinterTest)java.lang.NoClassDefFoundError: com/google/common/collect/Multimap
	at com.google.javascript.jscomp.CodePrinterTestBase.newCompilerOptions(CodePrinterTestBase.java:105)
	at com.google.javascript.jscomp.CodePrinterTest.assertPrettyPrint(CodePrinterTest.java:1108)
	at com.google.javascript.jscomp.CodePrinterTest.assertPrettyPrint(CodePrinterTest.java:1101)
	at com.google.javascript.jscomp.CodePrinterTest.testPrettyPrinter_arrow(CodePrinterTest.java:847)
	at sun.reflect.NativeMethodAccessorImpl.invoke0(Native Method)
	at sun.reflect.NativeMethodAccessorImpl.invoke(NativeMethodAccessorImpl.java:57)
	at sun.reflect.DelegatingMethodAccessorImpl.invoke(DelegatingMethodAccessorImpl.java:43)
Caused by: java.lang.ClassNotFoundException: com.google.common.collect.Multimap
	at java.net.URLClassLoader$1.run(URLClassLoader.java:366)
	at java.net.URLClassLoader$1.run(URLClassLoader.java:355)
	at java.security.AccessController.doPrivileged(Native Method)
	at java.net.URLClassLoader.findClass(URLClassLoader.java:354)
	at java.lang.ClassLoader.loadClass(ClassLoader.java:425)
	at sun.misc.Launcher$AppClassLoader.loadClass(Launcher.java:308)
	at java.lang.ClassLoader.loadClass(ClassLoader.java:358)
	... 19 more
35) testPrettyPrinter_defaultValue(com.google.javascript.jscomp.CodePrinterTest)java.lang.NoClassDefFoundError: com/google/common/collect/Multimap
	at com.google.javascript.jscomp.CodePrinterTestBase.newCompilerOptions(CodePrinterTestBase.java:105)
	at com.google.javascript.jscomp.CodePrinterTest.assertPrettyPrint(CodePrinterTest.java:1108)
	at com.google.javascript.jscomp.CodePrinterTest.assertPrettyPrint(CodePrinterTest.java:1101)
	at com.google.javascript.jscomp.CodePrinterTest.testPrettyPrinter_defaultValue(CodePrinterTest.java:852)
	at sun.reflect.NativeMethodAccessorImpl.invoke0(Native Method)
	at sun.reflect.NativeMethodAccessorImpl.invoke(NativeMethodAccessorImpl.java:57)
	at sun.reflect.DelegatingMethodAccessorImpl.invoke(DelegatingMethodAccessorImpl.java:43)
Caused by: java.lang.ClassNotFoundException: com.google.common.collect.Multimap
	at java.net.URLClassLoader$1.run(URLClassLoader.java:366)
	at java.net.URLClassLoader$1.run(URLClassLoader.java:355)
	at java.security.AccessController.doPrivileged(Native Method)
	at java.net.URLClassLoader.findClass(URLClassLoader.java:354)
	at java.lang.ClassLoader.loadClass(ClassLoader.java:425)
	at sun.misc.Launcher$AppClassLoader.loadClass(Launcher.java:308)
	at java.lang.ClassLoader.loadClass(ClassLoader.java:358)
	... 19 more
36) testPrettyPrinter_spaceBeforeSingleQuote(com.google.javascript.jscomp.CodePrinterTest)java.lang.NoClassDefFoundError: com/google/common/collect/Multimap
	at com.google.javascript.jscomp.CodePrinterTestBase.newCompilerOptions(CodePrinterTestBase.java:105)
	at com.google.javascript.jscomp.CodePrinterTest.assertPrettyPrint(CodePrinterTest.java:1108)
	at com.google.javascript.jscomp.CodePrinterTest.testPrettyPrinter_spaceBeforeSingleQuote(CodePrinterTest.java:857)
	at sun.reflect.NativeMethodAccessorImpl.invoke0(Native Method)
	at sun.reflect.NativeMethodAccessorImpl.invoke(NativeMethodAccessorImpl.java:57)
	at sun.reflect.DelegatingMethodAccessorImpl.invoke(DelegatingMethodAccessorImpl.java:43)
Caused by: java.lang.ClassNotFoundException: com.google.common.collect.Multimap
	at java.net.URLClassLoader$1.run(URLClassLoader.java:366)
	at java.net.URLClassLoader$1.run(URLClassLoader.java:355)
	at java.security.AccessController.doPrivileged(Native Method)
	at java.net.URLClassLoader.findClass(URLClassLoader.java:354)
	at java.lang.ClassLoader.loadClass(ClassLoader.java:425)
	at sun.misc.Launcher$AppClassLoader.loadClass(Launcher.java:308)
	at java.lang.ClassLoader.loadClass(ClassLoader.java:358)
	... 18 more
37) testPrettyPrinter_spaceBeforeUnaryOperators(com.google.javascript.jscomp.CodePrinterTest)java.lang.NoClassDefFoundError: com/google/common/collect/Multimap
	at com.google.javascript.jscomp.CodePrinterTestBase.newCompilerOptions(CodePrinterTestBase.java:105)
	at com.google.javascript.jscomp.CodePrinterTest.assertPrettyPrint(CodePrinterTest.java:1108)
	at com.google.javascript.jscomp.CodePrinterTest.assertPrettyPrint(CodePrinterTest.java:1101)
	at com.google.javascript.jscomp.CodePrinterTest.testPrettyPrinter_spaceBeforeUnaryOperators(CodePrinterTest.java:873)
	at sun.reflect.NativeMethodAccessorImpl.invoke0(Native Method)
	at sun.reflect.NativeMethodAccessorImpl.invoke(NativeMethodAccessorImpl.java:57)
	at sun.reflect.DelegatingMethodAccessorImpl.invoke(DelegatingMethodAccessorImpl.java:43)
Caused by: java.lang.ClassNotFoundException: com.google.common.collect.Multimap
	at java.net.URLClassLoader$1.run(URLClassLoader.java:366)
	at java.net.URLClassLoader$1.run(URLClassLoader.java:355)
	at java.security.AccessController.doPrivileged(Native Method)
	at java.net.URLClassLoader.findClass(URLClassLoader.java:354)
	at java.lang.ClassLoader.loadClass(ClassLoader.java:425)
	at sun.misc.Launcher$AppClassLoader.loadClass(Launcher.java:308)
	at java.lang.ClassLoader.loadClass(ClassLoader.java:358)
	... 19 more
38) testTypeAnnotations(com.google.javascript.jscomp.CodePrinterTest)java.lang.NoClassDefFoundError: com/google/common/base/Function
	at com.google.javascript.jscomp.CodePrinterTestBase.parse(CodePrinterTestBase.java:48)
	at com.google.javascript.jscomp.CodePrinterTest.assertTypeAnnotations(CodePrinterTest.java:1121)
	at com.google.javascript.jscomp.CodePrinterTest.testTypeAnnotations(CodePrinterTest.java:900)
	at sun.reflect.NativeMethodAccessorImpl.invoke0(Native Method)
	at sun.reflect.NativeMethodAccessorImpl.invoke(NativeMethodAccessorImpl.java:57)
	at sun.reflect.DelegatingMethodAccessorImpl.invoke(DelegatingMethodAccessorImpl.java:43)
Caused by: java.lang.ClassNotFoundException: com.google.common.base.Function
	at java.net.URLClassLoader$1.run(URLClassLoader.java:366)
	at java.net.URLClassLoader$1.run(URLClassLoader.java:355)
	at java.security.AccessController.doPrivileged(Native Method)
	at java.net.URLClassLoader.findClass(URLClassLoader.java:354)
	at java.lang.ClassLoader.loadClass(ClassLoader.java:425)
	at sun.misc.Launcher$AppClassLoader.loadClass(Launcher.java:308)
	at java.lang.ClassLoader.loadClass(ClassLoader.java:358)
	... 18 more
39) testTypeAnnotationsTypeDef(com.google.javascript.jscomp.CodePrinterTest)java.lang.NoClassDefFoundError: com/google/common/base/Function
	at com.google.javascript.jscomp.CodePrinterTestBase.parse(CodePrinterTestBase.java:48)
	at com.google.javascript.jscomp.CodePrinterTest.assertTypeAnnotations(CodePrinterTest.java:1121)
	at com.google.javascript.jscomp.CodePrinterTest.testTypeAnnotationsTypeDef(CodePrinterTest.java:910)
	at sun.reflect.NativeMethodAccessorImpl.invoke0(Native Method)
	at sun.reflect.NativeMethodAccessorImpl.invoke(NativeMethodAccessorImpl.java:57)
	at sun.reflect.DelegatingMethodAccessorImpl.invoke(DelegatingMethodAccessorImpl.java:43)
Caused by: java.lang.ClassNotFoundException: com.google.common.base.Function
	at java.net.URLClassLoader$1.run(URLClassLoader.java:366)
	at java.net.URLClassLoader$1.run(URLClassLoader.java:355)
	at java.security.AccessController.doPrivileged(Native Method)
	at java.net.URLClassLoader.findClass(URLClassLoader.java:354)
	at java.lang.ClassLoader.loadClass(ClassLoader.java:425)
	at sun.misc.Launcher$AppClassLoader.loadClass(Launcher.java:308)
	at java.lang.ClassLoader.loadClass(ClassLoader.java:358)
	... 18 more
40) testTypeAnnotationsAssign(com.google.javascript.jscomp.CodePrinterTest)java.lang.NoClassDefFoundError: com/google/common/base/Function
	at com.google.javascript.jscomp.CodePrinterTestBase.parse(CodePrinterTestBase.java:48)
	at com.google.javascript.jscomp.CodePrinterTest.assertTypeAnnotations(CodePrinterTest.java:1121)
	at com.google.javascript.jscomp.CodePrinterTest.testTypeAnnotationsAssign(CodePrinterTest.java:923)
	at sun.reflect.NativeMethodAccessorImpl.invoke0(Native Method)
	at sun.reflect.NativeMethodAccessorImpl.invoke(NativeMethodAccessorImpl.java:57)
	at sun.reflect.DelegatingMethodAccessorImpl.invoke(DelegatingMethodAccessorImpl.java:43)
Caused by: java.lang.ClassNotFoundException: com.google.common.base.Function
	at java.net.URLClassLoader$1.run(URLClassLoader.java:366)
	at java.net.URLClassLoader$1.run(URLClassLoader.java:355)
	at java.security.AccessController.doPrivileged(Native Method)
	at java.net.URLClassLoader.findClass(URLClassLoader.java:354)
	at java.lang.ClassLoader.loadClass(ClassLoader.java:425)
	at sun.misc.Launcher$AppClassLoader.loadClass(Launcher.java:308)
	at java.lang.ClassLoader.loadClass(ClassLoader.java:358)
	... 18 more
41) testTypeAnnotationsNamespace(com.google.javascript.jscomp.CodePrinterTest)java.lang.NoClassDefFoundError: com/google/common/base/Function
	at com.google.javascript.jscomp.CodePrinterTestBase.parse(CodePrinterTestBase.java:48)
	at com.google.javascript.jscomp.CodePrinterTest.assertTypeAnnotations(CodePrinterTest.java:1121)
	at com.google.javascript.jscomp.CodePrinterTest.testTypeAnnotationsNamespace(CodePrinterTest.java:929)
	at sun.reflect.NativeMethodAccessorImpl.invoke0(Native Method)
	at sun.reflect.NativeMethodAccessorImpl.invoke(NativeMethodAccessorImpl.java:57)
	at sun.reflect.DelegatingMethodAccessorImpl.invoke(DelegatingMethodAccessorImpl.java:43)
Caused by: java.lang.ClassNotFoundException: com.google.common.base.Function
	at java.net.URLClassLoader$1.run(URLClassLoader.java:366)
	at java.net.URLClassLoader$1.run(URLClassLoader.java:355)
	at java.security.AccessController.doPrivileged(Native Method)
	at java.net.URLClassLoader.findClass(URLClassLoader.java:354)
	at java.lang.ClassLoader.loadClass(ClassLoader.java:425)
	at sun.misc.Launcher$AppClassLoader.loadClass(Launcher.java:308)
	at java.lang.ClassLoader.loadClass(ClassLoader.java:358)
	... 18 more
42) testTypeAnnotationsMemberSubclass(com.google.javascript.jscomp.CodePrinterTest)java.lang.NoClassDefFoundError: com/google/common/base/Function
	at com.google.javascript.jscomp.CodePrinterTestBase.parse(CodePrinterTestBase.java:48)
	at com.google.javascript.jscomp.CodePrinterTest.assertTypeAnnotations(CodePrinterTest.java:1121)
	at com.google.javascript.jscomp.CodePrinterTest.testTypeAnnotationsMemberSubclass(CodePrinterTest.java:937)
	at sun.reflect.NativeMethodAccessorImpl.invoke0(Native Method)
	at sun.reflect.NativeMethodAccessorImpl.invoke(NativeMethodAccessorImpl.java:57)
	at sun.reflect.DelegatingMethodAccessorImpl.invoke(DelegatingMethodAccessorImpl.java:43)
Caused by: java.lang.ClassNotFoundException: com.google.common.base.Function
	at java.net.URLClassLoader$1.run(URLClassLoader.java:366)
	at java.net.URLClassLoader$1.run(URLClassLoader.java:355)
	at java.security.AccessController.doPrivileged(Native Method)
	at java.net.URLClassLoader.findClass(URLClassLoader.java:354)
	at java.lang.ClassLoader.loadClass(ClassLoader.java:425)
	at sun.misc.Launcher$AppClassLoader.loadClass(Launcher.java:308)
	at java.lang.ClassLoader.loadClass(ClassLoader.java:358)
	... 18 more
43) testTypeAnnotationsInterface(com.google.javascript.jscomp.CodePrinterTest)java.lang.NoClassDefFoundError: com/google/common/base/Function
	at com.google.javascript.jscomp.CodePrinterTestBase.parse(CodePrinterTestBase.java:48)
	at com.google.javascript.jscomp.CodePrinterTest.assertTypeAnnotations(CodePrinterTest.java:1121)
	at com.google.javascript.jscomp.CodePrinterTest.testTypeAnnotationsInterface(CodePrinterTest.java:949)
	at sun.reflect.NativeMethodAccessorImpl.invoke0(Native Method)
	at sun.reflect.NativeMethodAccessorImpl.invoke(NativeMethodAccessorImpl.java:57)
	at sun.reflect.DelegatingMethodAccessorImpl.invoke(DelegatingMethodAccessorImpl.java:43)
Caused by: java.lang.ClassNotFoundException: com.google.common.base.Function
	at java.net.URLClassLoader$1.run(URLClassLoader.java:366)
	at java.net.URLClassLoader$1.run(URLClassLoader.java:355)
	at java.security.AccessController.doPrivileged(Native Method)
	at java.net.URLClassLoader.findClass(URLClassLoader.java:354)
	at java.lang.ClassLoader.loadClass(ClassLoader.java:425)
	at sun.misc.Launcher$AppClassLoader.loadClass(Launcher.java:308)
	at java.lang.ClassLoader.loadClass(ClassLoader.java:358)
	... 18 more
44) testTypeAnnotationsMultipleInterface(com.google.javascript.jscomp.CodePrinterTest)java.lang.NoClassDefFoundError: com/google/common/base/Function
	at com.google.javascript.jscomp.CodePrinterTestBase.parse(CodePrinterTestBase.java:48)
	at com.google.javascript.jscomp.CodePrinterTest.assertTypeAnnotations(CodePrinterTest.java:1121)
	at com.google.javascript.jscomp.CodePrinterTest.testTypeAnnotationsMultipleInterface(CodePrinterTest.java:961)
	at sun.reflect.NativeMethodAccessorImpl.invoke0(Native Method)
	at sun.reflect.NativeMethodAccessorImpl.invoke(NativeMethodAccessorImpl.java:57)
	at sun.reflect.DelegatingMethodAccessorImpl.invoke(DelegatingMethodAccessorImpl.java:43)
Caused by: java.lang.ClassNotFoundException: com.google.common.base.Function
	at java.net.URLClassLoader$1.run(URLClassLoader.java:366)
	at java.net.URLClassLoader$1.run(URLClassLoader.java:355)
	at java.security.AccessController.doPrivileged(Native Method)
	at java.net.URLClassLoader.findClass(URLClassLoader.java:354)
	at java.lang.ClassLoader.loadClass(ClassLoader.java:425)
	at sun.misc.Launcher$AppClassLoader.loadClass(Launcher.java:308)
	at java.lang.ClassLoader.loadClass(ClassLoader.java:358)
	... 18 more
45) testTypeAnnotationsMember(com.google.javascript.jscomp.CodePrinterTest)java.lang.NoClassDefFoundError: com/google/common/base/Function
	at com.google.javascript.jscomp.CodePrinterTestBase.parse(CodePrinterTestBase.java:48)
	at com.google.javascript.jscomp.CodePrinterTest.assertTypeAnnotations(CodePrinterTest.java:1121)
	at com.google.javascript.jscomp.CodePrinterTest.testTypeAnnotationsMember(CodePrinterTest.java:978)
	at sun.reflect.NativeMethodAccessorImpl.invoke0(Native Method)
	at sun.reflect.NativeMethodAccessorImpl.invoke(NativeMethodAccessorImpl.java:57)
	at sun.reflect.DelegatingMethodAccessorImpl.invoke(DelegatingMethodAccessorImpl.java:43)
Caused by: java.lang.ClassNotFoundException: com.google.common.base.Function
	at java.net.URLClassLoader$1.run(URLClassLoader.java:366)
	at java.net.URLClassLoader$1.run(URLClassLoader.java:355)
	at java.security.AccessController.doPrivileged(Native Method)
	at java.net.URLClassLoader.findClass(URLClassLoader.java:354)
	at java.lang.ClassLoader.loadClass(ClassLoader.java:425)
	at sun.misc.Launcher$AppClassLoader.loadClass(Launcher.java:308)
	at java.lang.ClassLoader.loadClass(ClassLoader.java:358)
	... 18 more
46) testTypeAnnotationsImplements(com.google.javascript.jscomp.CodePrinterTest)java.lang.NoClassDefFoundError: com/google/common/base/Function
	at com.google.javascript.jscomp.CodePrinterTestBase.parse(CodePrinterTestBase.java:48)
	at com.google.javascript.jscomp.CodePrinterTest.assertTypeAnnotations(CodePrinterTest.java:1121)
	at com.google.javascript.jscomp.CodePrinterTest.testTypeAnnotationsImplements(CodePrinterTest.java:998)
	at sun.reflect.NativeMethodAccessorImpl.invoke0(Native Method)
	at sun.reflect.NativeMethodAccessorImpl.invoke(NativeMethodAccessorImpl.java:57)
	at sun.reflect.DelegatingMethodAccessorImpl.invoke(DelegatingMethodAccessorImpl.java:43)
Caused by: java.lang.ClassNotFoundException: com.google.common.base.Function
	at java.net.URLClassLoader$1.run(URLClassLoader.java:366)
	at java.net.URLClassLoader$1.run(URLClassLoader.java:355)
	at java.security.AccessController.doPrivileged(Native Method)
	at java.net.URLClassLoader.findClass(URLClassLoader.java:354)
	at java.lang.ClassLoader.loadClass(ClassLoader.java:425)
	at sun.misc.Launcher$AppClassLoader.loadClass(Launcher.java:308)
	at java.lang.ClassLoader.loadClass(ClassLoader.java:358)
	... 18 more
47) testU2UFunctionTypeAnnotation1(com.google.javascript.jscomp.CodePrinterTest)java.lang.NoClassDefFoundError: com/google/common/base/Function
	at com.google.javascript.jscomp.CodePrinterTestBase.parse(CodePrinterTestBase.java:48)
	at com.google.javascript.jscomp.CodePrinterTest.assertTypeAnnotations(CodePrinterTest.java:1121)
	at com.google.javascript.jscomp.CodePrinterTest.testU2UFunctionTypeAnnotation1(CodePrinterTest.java:1019)
	at sun.reflect.NativeMethodAccessorImpl.invoke0(Native Method)
	at sun.reflect.NativeMethodAccessorImpl.invoke(NativeMethodAccessorImpl.java:57)
	at sun.reflect.DelegatingMethodAccessorImpl.invoke(DelegatingMethodAccessorImpl.java:43)
Caused by: java.lang.ClassNotFoundException: com.google.common.base.Function
	at java.net.URLClassLoader$1.run(URLClassLoader.java:366)
	at java.net.URLClassLoader$1.run(URLClassLoader.java:355)
	at java.security.AccessController.doPrivileged(Native Method)
	at java.net.URLClassLoader.findClass(URLClassLoader.java:354)
	at java.lang.ClassLoader.loadClass(ClassLoader.java:425)
	at sun.misc.Launcher$AppClassLoader.loadClass(Launcher.java:308)
	at java.lang.ClassLoader.loadClass(ClassLoader.java:358)
	... 18 more
48) testU2UFunctionTypeAnnotation2(com.google.javascript.jscomp.CodePrinterTest)java.lang.NoClassDefFoundError: com/google/common/base/Function
	at com.google.javascript.jscomp.CodePrinterTestBase.parse(CodePrinterTestBase.java:48)
	at com.google.javascript.jscomp.CodePrinterTest.assertTypeAnnotations(CodePrinterTest.java:1121)
	at com.google.javascript.jscomp.CodePrinterTest.testU2UFunctionTypeAnnotation2(CodePrinterTest.java:1028)
	at sun.reflect.NativeMethodAccessorImpl.invoke0(Native Method)
	at sun.reflect.NativeMethodAccessorImpl.invoke(NativeMethodAccessorImpl.java:57)
	at sun.reflect.DelegatingMethodAccessorImpl.invoke(DelegatingMethodAccessorImpl.java:43)
Caused by: java.lang.ClassNotFoundException: com.google.common.base.Function
	at java.net.URLClassLoader$1.run(URLClassLoader.java:366)
	at java.net.URLClassLoader$1.run(URLClassLoader.java:355)
	at java.security.AccessController.doPrivileged(Native Method)
	at java.net.URLClassLoader.findClass(URLClassLoader.java:354)
	at java.lang.ClassLoader.loadClass(ClassLoader.java:425)
	at sun.misc.Launcher$AppClassLoader.loadClass(Launcher.java:308)
	at java.lang.ClassLoader.loadClass(ClassLoader.java:358)
	... 18 more
49) testEmitUnknownParamTypesAsAllType(com.google.javascript.jscomp.CodePrinterTest)java.lang.NoClassDefFoundError: com/google/common/base/Function
	at com.google.javascript.jscomp.CodePrinterTestBase.parse(CodePrinterTestBase.java:48)
	at com.google.javascript.jscomp.CodePrinterTest.assertTypeAnnotations(CodePrinterTest.java:1121)
	at com.google.javascript.jscomp.CodePrinterTest.testEmitUnknownParamTypesAsAllType(CodePrinterTest.java:1035)
	at sun.reflect.NativeMethodAccessorImpl.invoke0(Native Method)
	at sun.reflect.NativeMethodAccessorImpl.invoke(NativeMethodAccessorImpl.java:57)
	at sun.reflect.DelegatingMethodAccessorImpl.invoke(DelegatingMethodAccessorImpl.java:43)
Caused by: java.lang.ClassNotFoundException: com.google.common.base.Function
	at java.net.URLClassLoader$1.run(URLClassLoader.java:366)
	at java.net.URLClassLoader$1.run(URLClassLoader.java:355)
	at java.security.AccessController.doPrivileged(Native Method)
	at java.net.URLClassLoader.findClass(URLClassLoader.java:354)
	at java.lang.ClassLoader.loadClass(ClassLoader.java:425)
	at sun.misc.Launcher$AppClassLoader.loadClass(Launcher.java:308)
	at java.lang.ClassLoader.loadClass(ClassLoader.java:358)
	... 18 more
50) testOptionalTypesAnnotation(com.google.javascript.jscomp.CodePrinterTest)java.lang.NoClassDefFoundError: com/google/common/base/Function
	at com.google.javascript.jscomp.CodePrinterTestBase.parse(CodePrinterTestBase.java:48)
	at com.google.javascript.jscomp.CodePrinterTest.assertTypeAnnotations(CodePrinterTest.java:1121)
	at com.google.javascript.jscomp.CodePrinterTest.testOptionalTypesAnnotation(CodePrinterTest.java:1045)
	at sun.reflect.NativeMethodAccessorImpl.invoke0(Native Method)
	at sun.reflect.NativeMethodAccessorImpl.invoke(NativeMethodAccessorImpl.java:57)
	at sun.reflect.DelegatingMethodAccessorImpl.invoke(DelegatingMethodAccessorImpl.java:43)
Caused by: java.lang.ClassNotFoundException: com.google.common.base.Function
	at java.net.URLClassLoader$1.run(URLClassLoader.java:366)
	at java.net.URLClassLoader$1.run(URLClassLoader.java:355)
	at java.security.AccessController.doPrivileged(Native Method)
	at java.net.URLClassLoader.findClass(URLClassLoader.java:354)
	at java.lang.ClassLoader.loadClass(ClassLoader.java:425)
	at sun.misc.Launcher$AppClassLoader.loadClass(Launcher.java:308)
	at java.lang.ClassLoader.loadClass(ClassLoader.java:358)
	... 18 more
51) testVariableArgumentsTypesAnnotation(com.google.javascript.jscomp.CodePrinterTest)java.lang.NoClassDefFoundError: com/google/common/base/Function
	at com.google.javascript.jscomp.CodePrinterTestBase.parse(CodePrinterTestBase.java:48)
	at com.google.javascript.jscomp.CodePrinterTest.assertTypeAnnotations(CodePrinterTest.java:1121)
	at com.google.javascript.jscomp.CodePrinterTest.testVariableArgumentsTypesAnnotation(CodePrinterTest.java:1058)
	at sun.reflect.NativeMethodAccessorImpl.invoke0(Native Method)
	at sun.reflect.NativeMethodAccessorImpl.invoke(NativeMethodAccessorImpl.java:57)
	at sun.reflect.DelegatingMethodAccessorImpl.invoke(DelegatingMethodAccessorImpl.java:43)
Caused by: java.lang.ClassNotFoundException: com.google.common.base.Function
	at java.net.URLClassLoader$1.run(URLClassLoader.java:366)
	at java.net.URLClassLoader$1.run(URLClassLoader.java:355)
	at java.security.AccessController.doPrivileged(Native Method)
	at java.net.URLClassLoader.findClass(URLClassLoader.java:354)
	at java.lang.ClassLoader.loadClass(ClassLoader.java:425)
	at sun.misc.Launcher$AppClassLoader.loadClass(Launcher.java:308)
	at java.lang.ClassLoader.loadClass(ClassLoader.java:358)
	... 18 more
52) testTempConstructor(com.google.javascript.jscomp.CodePrinterTest)java.lang.NoClassDefFoundError: com/google/common/base/Function
	at com.google.javascript.jscomp.CodePrinterTestBase.parse(CodePrinterTestBase.java:48)
	at com.google.javascript.jscomp.CodePrinterTest.assertTypeAnnotations(CodePrinterTest.java:1121)
	at com.google.javascript.jscomp.CodePrinterTest.testTempConstructor(CodePrinterTest.java:1071)
	at sun.reflect.NativeMethodAccessorImpl.invoke0(Native Method)
	at sun.reflect.NativeMethodAccessorImpl.invoke(NativeMethodAccessorImpl.java:57)
	at sun.reflect.DelegatingMethodAccessorImpl.invoke(DelegatingMethodAccessorImpl.java:43)
Caused by: java.lang.ClassNotFoundException: com.google.common.base.Function
	at java.net.URLClassLoader$1.run(URLClassLoader.java:366)
	at java.net.URLClassLoader$1.run(URLClassLoader.java:355)
	at java.security.AccessController.doPrivileged(Native Method)
	at java.net.URLClassLoader.findClass(URLClassLoader.java:354)
	at java.lang.ClassLoader.loadClass(ClassLoader.java:425)
	at sun.misc.Launcher$AppClassLoader.loadClass(Launcher.java:308)
	at java.lang.ClassLoader.loadClass(ClassLoader.java:358)
	... 18 more
53) testEnumAnnotation1(com.google.javascript.jscomp.CodePrinterTest)java.lang.NoClassDefFoundError: com/google/common/base/Function
	at com.google.javascript.jscomp.CodePrinterTestBase.parse(CodePrinterTestBase.java:48)
	at com.google.javascript.jscomp.CodePrinterTest.assertTypeAnnotations(CodePrinterTest.java:1121)
	at com.google.javascript.jscomp.CodePrinterTest.testEnumAnnotation1(CodePrinterTest.java:1085)
	at sun.reflect.NativeMethodAccessorImpl.invoke0(Native Method)
	at sun.reflect.NativeMethodAccessorImpl.invoke(NativeMethodAccessorImpl.java:57)
	at sun.reflect.DelegatingMethodAccessorImpl.invoke(DelegatingMethodAccessorImpl.java:43)
Caused by: java.lang.ClassNotFoundException: com.google.common.base.Function
	at java.net.URLClassLoader$1.run(URLClassLoader.java:366)
	at java.net.URLClassLoader$1.run(URLClassLoader.java:355)
	at java.security.AccessController.doPrivileged(Native Method)
	at java.net.URLClassLoader.findClass(URLClassLoader.java:354)
	at java.lang.ClassLoader.loadClass(ClassLoader.java:425)
	at sun.misc.Launcher$AppClassLoader.loadClass(Launcher.java:308)
	at java.lang.ClassLoader.loadClass(ClassLoader.java:358)
	... 18 more
54) testEnumAnnotation2(com.google.javascript.jscomp.CodePrinterTest)java.lang.NoClassDefFoundError: com/google/common/base/Function
	at com.google.javascript.jscomp.CodePrinterTestBase.parse(CodePrinterTestBase.java:48)
	at com.google.javascript.jscomp.CodePrinterTest.assertTypeAnnotations(CodePrinterTest.java:1121)
	at com.google.javascript.jscomp.CodePrinterTest.testEnumAnnotation2(CodePrinterTest.java:1091)
	at sun.reflect.NativeMethodAccessorImpl.invoke0(Native Method)
	at sun.reflect.NativeMethodAccessorImpl.invoke(NativeMethodAccessorImpl.java:57)
	at sun.reflect.DelegatingMethodAccessorImpl.invoke(DelegatingMethodAccessorImpl.java:43)
Caused by: java.lang.ClassNotFoundException: com.google.common.base.Function
	at java.net.URLClassLoader$1.run(URLClassLoader.java:366)
	at java.net.URLClassLoader$1.run(URLClassLoader.java:355)
	at java.security.AccessController.doPrivileged(Native Method)
	at java.net.URLClassLoader.findClass(URLClassLoader.java:354)
	at java.lang.ClassLoader.loadClass(ClassLoader.java:425)
	at sun.misc.Launcher$AppClassLoader.loadClass(Launcher.java:308)
	at java.lang.ClassLoader.loadClass(ClassLoader.java:358)
	... 18 more
55) testSubtraction(com.google.javascript.jscomp.CodePrinterTest)java.lang.NoClassDefFoundError: com/google/common/base/Function
	at com.google.javascript.jscomp.CodePrinterTest.testSubtraction(CodePrinterTest.java:1137)
	at sun.reflect.NativeMethodAccessorImpl.invoke0(Native Method)
	at sun.reflect.NativeMethodAccessorImpl.invoke(NativeMethodAccessorImpl.java:57)
	at sun.reflect.DelegatingMethodAccessorImpl.invoke(DelegatingMethodAccessorImpl.java:43)
Caused by: java.lang.ClassNotFoundException: com.google.common.base.Function
	at java.net.URLClassLoader$1.run(URLClassLoader.java:366)
	at java.net.URLClassLoader$1.run(URLClassLoader.java:355)
	at java.security.AccessController.doPrivileged(Native Method)
	at java.net.URLClassLoader.findClass(URLClassLoader.java:354)
	at java.lang.ClassLoader.loadClass(ClassLoader.java:425)
	at sun.misc.Launcher$AppClassLoader.loadClass(Launcher.java:308)
	at java.lang.ClassLoader.loadClass(ClassLoader.java:358)
	... 16 more
56) testFunctionWithCall(com.google.javascript.jscomp.CodePrinterTest)java.lang.NoClassDefFoundError: com/google/common/base/Function
	at com.google.javascript.jscomp.CodePrinterTestBase.parse(CodePrinterTestBase.java:48)
	at com.google.javascript.jscomp.CodePrinterTestBase.parse(CodePrinterTestBase.java:44)
	at com.google.javascript.jscomp.CodePrinterTestBase.assertPrint(CodePrinterTestBase.java:125)
	at com.google.javascript.jscomp.CodePrinterTest.testFunctionWithCall(CodePrinterTest.java:1147)
	at sun.reflect.NativeMethodAccessorImpl.invoke0(Native Method)
	at sun.reflect.NativeMethodAccessorImpl.invoke(NativeMethodAccessorImpl.java:57)
	at sun.reflect.DelegatingMethodAccessorImpl.invoke(DelegatingMethodAccessorImpl.java:43)
Caused by: java.lang.ClassNotFoundException: com.google.common.base.Function
	at java.net.URLClassLoader$1.run(URLClassLoader.java:366)
	at java.net.URLClassLoader$1.run(URLClassLoader.java:355)
	at java.security.AccessController.doPrivileged(Native Method)
	at java.net.URLClassLoader.findClass(URLClassLoader.java:354)
	at java.lang.ClassLoader.loadClass(ClassLoader.java:425)
	at sun.misc.Launcher$AppClassLoader.loadClass(Launcher.java:308)
	at java.lang.ClassLoader.loadClass(ClassLoader.java:358)
	... 19 more
57) testLineLength(com.google.javascript.jscomp.CodePrinterTest)java.lang.NoClassDefFoundError: com/google/common/collect/Multimap
	at com.google.javascript.jscomp.CodePrinterTestBase.newCompilerOptions(CodePrinterTestBase.java:105)
	at com.google.javascript.jscomp.CodePrinterTest.assertLineLength(CodePrinterTest.java:1201)
	at com.google.javascript.jscomp.CodePrinterTest.testLineLength(CodePrinterTest.java:1163)
	at sun.reflect.NativeMethodAccessorImpl.invoke0(Native Method)
	at sun.reflect.NativeMethodAccessorImpl.invoke(NativeMethodAccessorImpl.java:57)
	at sun.reflect.DelegatingMethodAccessorImpl.invoke(DelegatingMethodAccessorImpl.java:43)
Caused by: java.lang.ClassNotFoundException: com.google.common.collect.Multimap
	at java.net.URLClassLoader$1.run(URLClassLoader.java:366)
	at java.net.URLClassLoader$1.run(URLClassLoader.java:355)
	at java.security.AccessController.doPrivileged(Native Method)
	at java.net.URLClassLoader.findClass(URLClassLoader.java:354)
	at java.lang.ClassLoader.loadClass(ClassLoader.java:425)
	at sun.misc.Launcher$AppClassLoader.loadClass(Launcher.java:308)
	at java.lang.ClassLoader.loadClass(ClassLoader.java:358)
	... 18 more
58) testParsePrintParse(com.google.javascript.jscomp.CodePrinterTest)java.lang.NoClassDefFoundError: com/google/common/base/Function
	at com.google.javascript.jscomp.CodePrinterTest.testReparse(CodePrinterTest.java:1264)
	at com.google.javascript.jscomp.CodePrinterTest.testParsePrintParse(CodePrinterTest.java:1213)
	at sun.reflect.NativeMethodAccessorImpl.invoke0(Native Method)
	at sun.reflect.NativeMethodAccessorImpl.invoke(NativeMethodAccessorImpl.java:57)
	at sun.reflect.DelegatingMethodAccessorImpl.invoke(DelegatingMethodAccessorImpl.java:43)
Caused by: java.lang.ClassNotFoundException: com.google.common.base.Function
	at java.net.URLClassLoader$1.run(URLClassLoader.java:366)
	at java.net.URLClassLoader$1.run(URLClassLoader.java:355)
	at java.security.AccessController.doPrivileged(Native Method)
	at java.net.URLClassLoader.findClass(URLClassLoader.java:354)
	at java.lang.ClassLoader.loadClass(ClassLoader.java:425)
	at sun.misc.Launcher$AppClassLoader.loadClass(Launcher.java:308)
	at java.lang.ClassLoader.loadClass(ClassLoader.java:358)
	... 17 more
59) testDoLoopIECompatibility(com.google.javascript.jscomp.CodePrinterTest)java.lang.NoClassDefFoundError: com/google/common/base/Function
	at com.google.javascript.jscomp.CodePrinterTestBase.parse(CodePrinterTestBase.java:48)
	at com.google.javascript.jscomp.CodePrinterTestBase.parse(CodePrinterTestBase.java:44)
	at com.google.javascript.jscomp.CodePrinterTestBase.assertPrint(CodePrinterTestBase.java:125)
	at com.google.javascript.jscomp.CodePrinterTest.testDoLoopIECompatibility(CodePrinterTest.java:1275)
	at sun.reflect.NativeMethodAccessorImpl.invoke0(Native Method)
	at sun.reflect.NativeMethodAccessorImpl.invoke(NativeMethodAccessorImpl.java:57)
	at sun.reflect.DelegatingMethodAccessorImpl.invoke(DelegatingMethodAccessorImpl.java:43)
Caused by: java.lang.ClassNotFoundException: com.google.common.base.Function
	at java.net.URLClassLoader$1.run(URLClassLoader.java:366)
	at java.net.URLClassLoader$1.run(URLClassLoader.java:355)
	at java.security.AccessController.doPrivileged(Native Method)
	at java.net.URLClassLoader.findClass(URLClassLoader.java:354)
	at java.lang.ClassLoader.loadClass(ClassLoader.java:425)
	at sun.misc.Launcher$AppClassLoader.loadClass(Launcher.java:308)
	at java.lang.ClassLoader.loadClass(ClassLoader.java:358)
	... 19 more
60) testFunctionSafariCompatibility(com.google.javascript.jscomp.CodePrinterTest)java.lang.NoClassDefFoundError: com/google/common/base/Function
	at com.google.javascript.jscomp.CodePrinterTestBase.parse(CodePrinterTestBase.java:48)
	at com.google.javascript.jscomp.CodePrinterTestBase.parse(CodePrinterTestBase.java:44)
	at com.google.javascript.jscomp.CodePrinterTestBase.assertPrint(CodePrinterTestBase.java:125)
	at com.google.javascript.jscomp.CodePrinterTest.testFunctionSafariCompatibility(CodePrinterTest.java:1302)
	at sun.reflect.NativeMethodAccessorImpl.invoke0(Native Method)
	at sun.reflect.NativeMethodAccessorImpl.invoke(NativeMethodAccessorImpl.java:57)
	at sun.reflect.DelegatingMethodAccessorImpl.invoke(DelegatingMethodAccessorImpl.java:43)
Caused by: java.lang.ClassNotFoundException: com.google.common.base.Function
	at java.net.URLClassLoader$1.run(URLClassLoader.java:366)
	at java.net.URLClassLoader$1.run(URLClassLoader.java:355)
	at java.security.AccessController.doPrivileged(Native Method)
	at java.net.URLClassLoader.findClass(URLClassLoader.java:354)
	at java.lang.ClassLoader.loadClass(ClassLoader.java:425)
	at sun.misc.Launcher$AppClassLoader.loadClass(Launcher.java:308)
	at java.lang.ClassLoader.loadClass(ClassLoader.java:358)
	... 19 more
61) testExponents(com.google.javascript.jscomp.CodePrinterTest)java.lang.NoClassDefFoundError: com/google/common/base/Function
	at com.google.javascript.jscomp.CodePrinterTestBase.parse(CodePrinterTestBase.java:48)
	at com.google.javascript.jscomp.CodePrinterTestBase.parse(CodePrinterTestBase.java:44)
	at com.google.javascript.jscomp.CodePrinterTestBase.assertPrint(CodePrinterTestBase.java:125)
	at com.google.javascript.jscomp.CodePrinterTest.assertPrintNumber(CodePrinterTest.java:1369)
	at com.google.javascript.jscomp.CodePrinterTest.testExponents(CodePrinterTest.java:1319)
	at sun.reflect.NativeMethodAccessorImpl.invoke0(Native Method)
	at sun.reflect.NativeMethodAccessorImpl.invoke(NativeMethodAccessorImpl.java:57)
	at sun.reflect.DelegatingMethodAccessorImpl.invoke(DelegatingMethodAccessorImpl.java:43)
Caused by: java.lang.ClassNotFoundException: com.google.common.base.Function
	at java.net.URLClassLoader$1.run(URLClassLoader.java:366)
	at java.net.URLClassLoader$1.run(URLClassLoader.java:355)
	at java.security.AccessController.doPrivileged(Native Method)
	at java.net.URLClassLoader.findClass(URLClassLoader.java:354)
	at java.lang.ClassLoader.loadClass(ClassLoader.java:425)
	at sun.misc.Launcher$AppClassLoader.loadClass(Launcher.java:308)
	at java.lang.ClassLoader.loadClass(ClassLoader.java:358)
	... 20 more
62) testBiggerThanMaxLongNumericLiterals(com.google.javascript.jscomp.CodePrinterTest)java.lang.NoClassDefFoundError: com/google/common/base/Function
	at com.google.javascript.jscomp.CodePrinterTestBase.parse(CodePrinterTestBase.java:48)
	at com.google.javascript.jscomp.CodePrinterTestBase.parse(CodePrinterTestBase.java:44)
	at com.google.javascript.jscomp.CodePrinterTestBase.assertPrint(CodePrinterTestBase.java:125)
	at com.google.javascript.jscomp.CodePrinterTest.testBiggerThanMaxLongNumericLiterals(CodePrinterTest.java:1352)
	at sun.reflect.NativeMethodAccessorImpl.invoke0(Native Method)
	at sun.reflect.NativeMethodAccessorImpl.invoke(NativeMethodAccessorImpl.java:57)
	at sun.reflect.DelegatingMethodAccessorImpl.invoke(DelegatingMethodAccessorImpl.java:43)
Caused by: java.lang.ClassNotFoundException: com.google.common.base.Function
	at java.net.URLClassLoader$1.run(URLClassLoader.java:366)
	at java.net.URLClassLoader$1.run(URLClassLoader.java:355)
	at java.security.AccessController.doPrivileged(Native Method)
	at java.net.URLClassLoader.findClass(URLClassLoader.java:354)
	at java.lang.ClassLoader.loadClass(ClassLoader.java:425)
	at sun.misc.Launcher$AppClassLoader.loadClass(Launcher.java:308)
	at java.lang.ClassLoader.loadClass(ClassLoader.java:358)
	... 19 more
63) testDirectEval(com.google.javascript.jscomp.CodePrinterTest)java.lang.NoClassDefFoundError: com/google/common/base/Function
	at com.google.javascript.jscomp.CodePrinterTestBase.parse(CodePrinterTestBase.java:48)
	at com.google.javascript.jscomp.CodePrinterTestBase.parse(CodePrinterTestBase.java:44)
	at com.google.javascript.jscomp.CodePrinterTestBase.assertPrint(CodePrinterTestBase.java:125)
	at com.google.javascript.jscomp.CodePrinterTest.testDirectEval(CodePrinterTest.java:1374)
	at sun.reflect.NativeMethodAccessorImpl.invoke0(Native Method)
	at sun.reflect.NativeMethodAccessorImpl.invoke(NativeMethodAccessorImpl.java:57)
	at sun.reflect.DelegatingMethodAccessorImpl.invoke(DelegatingMethodAccessorImpl.java:43)
Caused by: java.lang.ClassNotFoundException: com.google.common.base.Function
	at java.net.URLClassLoader$1.run(URLClassLoader.java:366)
	at java.net.URLClassLoader$1.run(URLClassLoader.java:355)
	at java.security.AccessController.doPrivileged(Native Method)
	at java.net.URLClassLoader.findClass(URLClassLoader.java:354)
	at java.lang.ClassLoader.loadClass(ClassLoader.java:425)
	at sun.misc.Launcher$AppClassLoader.loadClass(Launcher.java:308)
	at java.lang.ClassLoader.loadClass(ClassLoader.java:358)
	... 19 more
64) testIndirectEval(com.google.javascript.jscomp.CodePrinterTest)java.lang.NoClassDefFoundError: com/google/common/base/Function
	at com.google.javascript.jscomp.CodePrinterTestBase.parse(CodePrinterTestBase.java:48)
	at com.google.javascript.jscomp.CodePrinterTestBase.parse(CodePrinterTestBase.java:44)
	at com.google.javascript.jscomp.CodePrinterTest.testIndirectEval(CodePrinterTest.java:1378)
	at sun.reflect.NativeMethodAccessorImpl.invoke0(Native Method)
	at sun.reflect.NativeMethodAccessorImpl.invoke(NativeMethodAccessorImpl.java:57)
	at sun.reflect.DelegatingMethodAccessorImpl.invoke(DelegatingMethodAccessorImpl.java:43)
Caused by: java.lang.ClassNotFoundException: com.google.common.base.Function
	at java.net.URLClassLoader$1.run(URLClassLoader.java:366)
	at java.net.URLClassLoader$1.run(URLClassLoader.java:355)
	at java.security.AccessController.doPrivileged(Native Method)
	at java.net.URLClassLoader.findClass(URLClassLoader.java:354)
	at java.lang.ClassLoader.loadClass(ClassLoader.java:425)
	at sun.misc.Launcher$AppClassLoader.loadClass(Launcher.java:308)
	at java.lang.ClassLoader.loadClass(ClassLoader.java:358)
	... 18 more
65) testFreeCall1(com.google.javascript.jscomp.CodePrinterTest)java.lang.NoClassDefFoundError: com/google/common/base/Function
	at com.google.javascript.jscomp.CodePrinterTestBase.parse(CodePrinterTestBase.java:48)
	at com.google.javascript.jscomp.CodePrinterTestBase.parse(CodePrinterTestBase.java:44)
	at com.google.javascript.jscomp.CodePrinterTestBase.assertPrint(CodePrinterTestBase.java:125)
	at com.google.javascript.jscomp.CodePrinterTest.testFreeCall1(CodePrinterTest.java:1386)
	at sun.reflect.NativeMethodAccessorImpl.invoke0(Native Method)
	at sun.reflect.NativeMethodAccessorImpl.invoke(NativeMethodAccessorImpl.java:57)
	at sun.reflect.DelegatingMethodAccessorImpl.invoke(DelegatingMethodAccessorImpl.java:43)
Caused by: java.lang.ClassNotFoundException: com.google.common.base.Function
	at java.net.URLClassLoader$1.run(URLClassLoader.java:366)
	at java.net.URLClassLoader$1.run(URLClassLoader.java:355)
	at java.security.AccessController.doPrivileged(Native Method)
	at java.net.URLClassLoader.findClass(URLClassLoader.java:354)
	at java.lang.ClassLoader.loadClass(ClassLoader.java:425)
	at sun.misc.Launcher$AppClassLoader.loadClass(Launcher.java:308)
	at java.lang.ClassLoader.loadClass(ClassLoader.java:358)
	... 19 more
66) testFreeCall2(com.google.javascript.jscomp.CodePrinterTest)java.lang.NoClassDefFoundError: com/google/common/base/Function
	at com.google.javascript.jscomp.CodePrinterTestBase.parse(CodePrinterTestBase.java:48)
	at com.google.javascript.jscomp.CodePrinterTestBase.parse(CodePrinterTestBase.java:44)
	at com.google.javascript.jscomp.CodePrinterTest.testFreeCall2(CodePrinterTest.java:1391)
	at sun.reflect.NativeMethodAccessorImpl.invoke0(Native Method)
	at sun.reflect.NativeMethodAccessorImpl.invoke(NativeMethodAccessorImpl.java:57)
	at sun.reflect.DelegatingMethodAccessorImpl.invoke(DelegatingMethodAccessorImpl.java:43)
Caused by: java.lang.ClassNotFoundException: com.google.common.base.Function
	at java.net.URLClassLoader$1.run(URLClassLoader.java:366)
	at java.net.URLClassLoader$1.run(URLClassLoader.java:355)
	at java.security.AccessController.doPrivileged(Native Method)
	at java.net.URLClassLoader.findClass(URLClassLoader.java:354)
	at java.lang.ClassLoader.loadClass(ClassLoader.java:425)
	at sun.misc.Launcher$AppClassLoader.loadClass(Launcher.java:308)
	at java.lang.ClassLoader.loadClass(ClassLoader.java:358)
	... 18 more
67) testFreeCall3(com.google.javascript.jscomp.CodePrinterTest)java.lang.NoClassDefFoundError: com/google/common/base/Function
	at com.google.javascript.jscomp.CodePrinterTestBase.parse(CodePrinterTestBase.java:48)
	at com.google.javascript.jscomp.CodePrinterTestBase.parse(CodePrinterTestBase.java:44)
	at com.google.javascript.jscomp.CodePrinterTest.testFreeCall3(CodePrinterTest.java:1400)
	at sun.reflect.NativeMethodAccessorImpl.invoke0(Native Method)
	at sun.reflect.NativeMethodAccessorImpl.invoke(NativeMethodAccessorImpl.java:57)
	at sun.reflect.DelegatingMethodAccessorImpl.invoke(DelegatingMethodAccessorImpl.java:43)
Caused by: java.lang.ClassNotFoundException: com.google.common.base.Function
	at java.net.URLClassLoader$1.run(URLClassLoader.java:366)
	at java.net.URLClassLoader$1.run(URLClassLoader.java:355)
	at java.security.AccessController.doPrivileged(Native Method)
	at java.net.URLClassLoader.findClass(URLClassLoader.java:354)
	at java.lang.ClassLoader.loadClass(ClassLoader.java:425)
	at sun.misc.Launcher$AppClassLoader.loadClass(Launcher.java:308)
	at java.lang.ClassLoader.loadClass(ClassLoader.java:358)
	... 18 more
68) testPrintScript(com.google.javascript.jscomp.CodePrinterTest)java.lang.NoClassDefFoundError: com/google/common/base/Preconditions
	at com.google.javascript.rhino.Node.<init>(Node.java:435)
	at com.google.javascript.jscomp.CodePrinterTest.testPrintScript(CodePrinterTest.java:1411)
	at sun.reflect.NativeMethodAccessorImpl.invoke0(Native Method)
	at sun.reflect.NativeMethodAccessorImpl.invoke(NativeMethodAccessorImpl.java:57)
	at sun.reflect.DelegatingMethodAccessorImpl.invoke(DelegatingMethodAccessorImpl.java:43)
69) testObjectLit(com.google.javascript.jscomp.CodePrinterTest)java.lang.NoClassDefFoundError: com/google/common/base/Function
	at com.google.javascript.jscomp.CodePrinterTestBase.parse(CodePrinterTestBase.java:48)
	at com.google.javascript.jscomp.CodePrinterTestBase.parse(CodePrinterTestBase.java:44)
	at com.google.javascript.jscomp.CodePrinterTestBase.assertPrint(CodePrinterTestBase.java:125)
	at com.google.javascript.jscomp.CodePrinterTest.testObjectLit(CodePrinterTest.java:1419)
	at sun.reflect.NativeMethodAccessorImpl.invoke0(Native Method)
	at sun.reflect.NativeMethodAccessorImpl.invoke(NativeMethodAccessorImpl.java:57)
	at sun.reflect.DelegatingMethodAccessorImpl.invoke(DelegatingMethodAccessorImpl.java:43)
Caused by: java.lang.ClassNotFoundException: com.google.common.base.Function
	at java.net.URLClassLoader$1.run(URLClassLoader.java:366)
	at java.net.URLClassLoader$1.run(URLClassLoader.java:355)
	at java.security.AccessController.doPrivileged(Native Method)
	at java.net.URLClassLoader.findClass(URLClassLoader.java:354)
	at java.lang.ClassLoader.loadClass(ClassLoader.java:425)
	at sun.misc.Launcher$AppClassLoader.loadClass(Launcher.java:308)
	at java.lang.ClassLoader.loadClass(ClassLoader.java:358)
	... 19 more
70) testObjectLit2(com.google.javascript.jscomp.CodePrinterTest)java.lang.NoClassDefFoundError: com/google/common/base/Function
	at com.google.javascript.jscomp.CodePrinterTestBase.parse(CodePrinterTestBase.java:48)
	at com.google.javascript.jscomp.CodePrinterTestBase.parse(CodePrinterTestBase.java:44)
	at com.google.javascript.jscomp.CodePrinterTestBase.assertPrint(CodePrinterTestBase.java:125)
	at com.google.javascript.jscomp.CodePrinterTest.testObjectLit2(CodePrinterTest.java:1427)
	at sun.reflect.NativeMethodAccessorImpl.invoke0(Native Method)
	at sun.reflect.NativeMethodAccessorImpl.invoke(NativeMethodAccessorImpl.java:57)
	at sun.reflect.DelegatingMethodAccessorImpl.invoke(DelegatingMethodAccessorImpl.java:43)
Caused by: java.lang.ClassNotFoundException: com.google.common.base.Function
	at java.net.URLClassLoader$1.run(URLClassLoader.java:366)
	at java.net.URLClassLoader$1.run(URLClassLoader.java:355)
	at java.security.AccessController.doPrivileged(Native Method)
	at java.net.URLClassLoader.findClass(URLClassLoader.java:354)
	at java.lang.ClassLoader.loadClass(ClassLoader.java:425)
	at sun.misc.Launcher$AppClassLoader.loadClass(Launcher.java:308)
	at java.lang.ClassLoader.loadClass(ClassLoader.java:358)
	... 19 more
71) testObjectLit3(com.google.javascript.jscomp.CodePrinterTest)java.lang.NoClassDefFoundError: com/google/common/base/Function
	at com.google.javascript.jscomp.CodePrinterTestBase.parse(CodePrinterTestBase.java:48)
	at com.google.javascript.jscomp.CodePrinterTestBase.parse(CodePrinterTestBase.java:44)
	at com.google.javascript.jscomp.CodePrinterTestBase.assertPrint(CodePrinterTestBase.java:125)
	at com.google.javascript.jscomp.CodePrinterTest.testObjectLit3(CodePrinterTest.java:1435)
	at sun.reflect.NativeMethodAccessorImpl.invoke0(Native Method)
	at sun.reflect.NativeMethodAccessorImpl.invoke(NativeMethodAccessorImpl.java:57)
	at sun.reflect.DelegatingMethodAccessorImpl.invoke(DelegatingMethodAccessorImpl.java:43)
Caused by: java.lang.ClassNotFoundException: com.google.common.base.Function
	at java.net.URLClassLoader$1.run(URLClassLoader.java:366)
	at java.net.URLClassLoader$1.run(URLClassLoader.java:355)
	at java.security.AccessController.doPrivileged(Native Method)
	at java.net.URLClassLoader.findClass(URLClassLoader.java:354)
	at java.lang.ClassLoader.loadClass(ClassLoader.java:425)
	at sun.misc.Launcher$AppClassLoader.loadClass(Launcher.java:308)
	at java.lang.ClassLoader.loadClass(ClassLoader.java:358)
	... 19 more
72) testObjectLit4(com.google.javascript.jscomp.CodePrinterTest)java.lang.NoClassDefFoundError: com/google/common/base/Function
	at com.google.javascript.jscomp.CodePrinterTestBase.parse(CodePrinterTestBase.java:48)
	at com.google.javascript.jscomp.CodePrinterTestBase.parse(CodePrinterTestBase.java:44)
	at com.google.javascript.jscomp.CodePrinterTestBase.assertPrint(CodePrinterTestBase.java:125)
	at com.google.javascript.jscomp.CodePrinterTest.testObjectLit4(CodePrinterTest.java:1449)
	at sun.reflect.NativeMethodAccessorImpl.invoke0(Native Method)
	at sun.reflect.NativeMethodAccessorImpl.invoke(NativeMethodAccessorImpl.java:57)
	at sun.reflect.DelegatingMethodAccessorImpl.invoke(DelegatingMethodAccessorImpl.java:43)
Caused by: java.lang.ClassNotFoundException: com.google.common.base.Function
	at java.net.URLClassLoader$1.run(URLClassLoader.java:366)
	at java.net.URLClassLoader$1.run(URLClassLoader.java:355)
	at java.security.AccessController.doPrivileged(Native Method)
	at java.net.URLClassLoader.findClass(URLClassLoader.java:354)
	at java.lang.ClassLoader.loadClass(ClassLoader.java:425)
	at sun.misc.Launcher$AppClassLoader.loadClass(Launcher.java:308)
	at java.lang.ClassLoader.loadClass(ClassLoader.java:358)
	... 19 more
73) testExtendedObjectLit(com.google.javascript.jscomp.CodePrinterTest)java.lang.NoClassDefFoundError: com/google/common/base/Function
	at com.google.javascript.jscomp.CodePrinterTestBase.parse(CodePrinterTestBase.java:48)
	at com.google.javascript.jscomp.CodePrinterTestBase.parse(CodePrinterTestBase.java:44)
	at com.google.javascript.jscomp.CodePrinterTestBase.assertPrint(CodePrinterTestBase.java:125)
	at com.google.javascript.jscomp.CodePrinterTestBase.assertPrintSame(CodePrinterTestBase.java:136)
	at com.google.javascript.jscomp.CodePrinterTest.testExtendedObjectLit(CodePrinterTest.java:1456)
	at sun.reflect.NativeMethodAccessorImpl.invoke0(Native Method)
	at sun.reflect.NativeMethodAccessorImpl.invoke(NativeMethodAccessorImpl.java:57)
	at sun.reflect.DelegatingMethodAccessorImpl.invoke(DelegatingMethodAccessorImpl.java:43)
Caused by: java.lang.ClassNotFoundException: com.google.common.base.Function
	at java.net.URLClassLoader$1.run(URLClassLoader.java:366)
	at java.net.URLClassLoader$1.run(URLClassLoader.java:355)
	at java.security.AccessController.doPrivileged(Native Method)
	at java.net.URLClassLoader.findClass(URLClassLoader.java:354)
	at java.lang.ClassLoader.loadClass(ClassLoader.java:425)
	at sun.misc.Launcher$AppClassLoader.loadClass(Launcher.java:308)
	at java.lang.ClassLoader.loadClass(ClassLoader.java:358)
	... 20 more
74) testComputedProperties(com.google.javascript.jscomp.CodePrinterTest)java.lang.NoClassDefFoundError: com/google/common/base/Function
	at com.google.javascript.jscomp.CodePrinterTestBase.parse(CodePrinterTestBase.java:48)
	at com.google.javascript.jscomp.CodePrinterTestBase.parse(CodePrinterTestBase.java:44)
	at com.google.javascript.jscomp.CodePrinterTestBase.assertPrint(CodePrinterTestBase.java:125)
	at com.google.javascript.jscomp.CodePrinterTestBase.assertPrintSame(CodePrinterTestBase.java:136)
	at com.google.javascript.jscomp.CodePrinterTest.testComputedProperties(CodePrinterTest.java:1465)
	at sun.reflect.NativeMethodAccessorImpl.invoke0(Native Method)
	at sun.reflect.NativeMethodAccessorImpl.invoke(NativeMethodAccessorImpl.java:57)
	at sun.reflect.DelegatingMethodAccessorImpl.invoke(DelegatingMethodAccessorImpl.java:43)
Caused by: java.lang.ClassNotFoundException: com.google.common.base.Function
	at java.net.URLClassLoader$1.run(URLClassLoader.java:366)
	at java.net.URLClassLoader$1.run(URLClassLoader.java:355)
	at java.security.AccessController.doPrivileged(Native Method)
	at java.net.URLClassLoader.findClass(URLClassLoader.java:354)
	at java.lang.ClassLoader.loadClass(ClassLoader.java:425)
	at sun.misc.Launcher$AppClassLoader.loadClass(Launcher.java:308)
	at java.lang.ClassLoader.loadClass(ClassLoader.java:358)
	... 20 more
75) testComputedPropertiesClassMethods(com.google.javascript.jscomp.CodePrinterTest)java.lang.NoClassDefFoundError: com/google/common/base/Function
	at com.google.javascript.jscomp.CodePrinterTestBase.parse(CodePrinterTestBase.java:48)
	at com.google.javascript.jscomp.CodePrinterTestBase.parse(CodePrinterTestBase.java:44)
	at com.google.javascript.jscomp.CodePrinterTestBase.assertPrint(CodePrinterTestBase.java:125)
	at com.google.javascript.jscomp.CodePrinterTestBase.assertPrintSame(CodePrinterTestBase.java:136)
	at com.google.javascript.jscomp.CodePrinterTest.testComputedPropertiesClassMethods(CodePrinterTest.java:1480)
	at sun.reflect.NativeMethodAccessorImpl.invoke0(Native Method)
	at sun.reflect.NativeMethodAccessorImpl.invoke(NativeMethodAccessorImpl.java:57)
	at sun.reflect.DelegatingMethodAccessorImpl.invoke(DelegatingMethodAccessorImpl.java:43)
Caused by: java.lang.ClassNotFoundException: com.google.common.base.Function
	at java.net.URLClassLoader$1.run(URLClassLoader.java:366)
	at java.net.URLClassLoader$1.run(URLClassLoader.java:355)
	at java.security.AccessController.doPrivileged(Native Method)
	at java.net.URLClassLoader.findClass(URLClassLoader.java:354)
	at java.lang.ClassLoader.loadClass(ClassLoader.java:425)
	at sun.misc.Launcher$AppClassLoader.loadClass(Launcher.java:308)
	at java.lang.ClassLoader.loadClass(ClassLoader.java:358)
	... 20 more
76) testGetter(com.google.javascript.jscomp.CodePrinterTest)java.lang.NoClassDefFoundError: com/google/common/base/Function
	at com.google.javascript.jscomp.CodePrinterTestBase.parse(CodePrinterTestBase.java:48)
	at com.google.javascript.jscomp.CodePrinterTestBase.parse(CodePrinterTestBase.java:44)
	at com.google.javascript.jscomp.CodePrinterTestBase.assertPrint(CodePrinterTestBase.java:125)
	at com.google.javascript.jscomp.CodePrinterTest.testGetter(CodePrinterTest.java:1486)
	at sun.reflect.NativeMethodAccessorImpl.invoke0(Native Method)
	at sun.reflect.NativeMethodAccessorImpl.invoke(NativeMethodAccessorImpl.java:57)
	at sun.reflect.DelegatingMethodAccessorImpl.invoke(DelegatingMethodAccessorImpl.java:43)
Caused by: java.lang.ClassNotFoundException: com.google.common.base.Function
	at java.net.URLClassLoader$1.run(URLClassLoader.java:366)
	at java.net.URLClassLoader$1.run(URLClassLoader.java:355)
	at java.security.AccessController.doPrivileged(Native Method)
	at java.net.URLClassLoader.findClass(URLClassLoader.java:354)
	at java.lang.ClassLoader.loadClass(ClassLoader.java:425)
	at sun.misc.Launcher$AppClassLoader.loadClass(Launcher.java:308)
	at java.lang.ClassLoader.loadClass(ClassLoader.java:358)
	... 19 more
77) testGetterInEs3(com.google.javascript.jscomp.CodePrinterTest)java.lang.NoClassDefFoundError: com/google/common/base/Preconditions
	at com.google.javascript.rhino.IR.function(IR.java:58)
	at com.google.javascript.jscomp.CodePrinterTest.testGetterInEs3(CodePrinterTest.java:1515)
	at sun.reflect.NativeMethodAccessorImpl.invoke0(Native Method)
	at sun.reflect.NativeMethodAccessorImpl.invoke(NativeMethodAccessorImpl.java:57)
	at sun.reflect.DelegatingMethodAccessorImpl.invoke(DelegatingMethodAccessorImpl.java:43)
Caused by: java.lang.ClassNotFoundException: com.google.common.base.Preconditions
	at java.net.URLClassLoader$1.run(URLClassLoader.java:366)
	at java.net.URLClassLoader$1.run(URLClassLoader.java:355)
	at java.security.AccessController.doPrivileged(Native Method)
	at java.net.URLClassLoader.findClass(URLClassLoader.java:354)
	at java.lang.ClassLoader.loadClass(ClassLoader.java:425)
	at sun.misc.Launcher$AppClassLoader.loadClass(Launcher.java:308)
	at java.lang.ClassLoader.loadClass(ClassLoader.java:358)
	... 17 more
78) testSetter(com.google.javascript.jscomp.CodePrinterTest)java.lang.NoClassDefFoundError: com/google/common/base/Function
	at com.google.javascript.jscomp.CodePrinterTestBase.parse(CodePrinterTestBase.java:48)
	at com.google.javascript.jscomp.CodePrinterTestBase.parse(CodePrinterTestBase.java:44)
	at com.google.javascript.jscomp.CodePrinterTestBase.assertPrint(CodePrinterTestBase.java:125)
	at com.google.javascript.jscomp.CodePrinterTest.testSetter(CodePrinterTest.java:1522)
	at sun.reflect.NativeMethodAccessorImpl.invoke0(Native Method)
	at sun.reflect.NativeMethodAccessorImpl.invoke(NativeMethodAccessorImpl.java:57)
	at sun.reflect.DelegatingMethodAccessorImpl.invoke(DelegatingMethodAccessorImpl.java:43)
Caused by: java.lang.ClassNotFoundException: com.google.common.base.Function
	at java.net.URLClassLoader$1.run(URLClassLoader.java:366)
	at java.net.URLClassLoader$1.run(URLClassLoader.java:355)
	at java.security.AccessController.doPrivileged(Native Method)
	at java.net.URLClassLoader.findClass(URLClassLoader.java:354)
	at java.lang.ClassLoader.loadClass(ClassLoader.java:425)
	at sun.misc.Launcher$AppClassLoader.loadClass(Launcher.java:308)
	at java.lang.ClassLoader.loadClass(ClassLoader.java:358)
	... 19 more
79) testSetterInEs3(com.google.javascript.jscomp.CodePrinterTest)java.lang.NoClassDefFoundError: com/google/common/base/Preconditions
	at com.google.javascript.rhino.IR.paramList(IR.java:69)
	at com.google.javascript.jscomp.CodePrinterTest.testSetterInEs3(CodePrinterTest.java:1549)
	at sun.reflect.NativeMethodAccessorImpl.invoke0(Native Method)
	at sun.reflect.NativeMethodAccessorImpl.invoke(NativeMethodAccessorImpl.java:57)
	at sun.reflect.DelegatingMethodAccessorImpl.invoke(DelegatingMethodAccessorImpl.java:43)
80) testNegCollapse(com.google.javascript.jscomp.CodePrinterTest)java.lang.NoClassDefFoundError: com/google/common/base/Function
	at com.google.javascript.jscomp.CodePrinterTestBase.parse(CodePrinterTestBase.java:48)
	at com.google.javascript.jscomp.CodePrinterTestBase.parse(CodePrinterTestBase.java:44)
	at com.google.javascript.jscomp.CodePrinterTestBase.assertPrint(CodePrinterTestBase.java:125)
	at com.google.javascript.jscomp.CodePrinterTest.testNegCollapse(CodePrinterTest.java:1558)
	at sun.reflect.NativeMethodAccessorImpl.invoke0(Native Method)
	at sun.reflect.NativeMethodAccessorImpl.invoke(NativeMethodAccessorImpl.java:57)
	at sun.reflect.DelegatingMethodAccessorImpl.invoke(DelegatingMethodAccessorImpl.java:43)
Caused by: java.lang.ClassNotFoundException: com.google.common.base.Function
	at java.net.URLClassLoader$1.run(URLClassLoader.java:366)
	at java.net.URLClassLoader$1.run(URLClassLoader.java:355)
	at java.security.AccessController.doPrivileged(Native Method)
	at java.net.URLClassLoader.findClass(URLClassLoader.java:354)
	at java.lang.ClassLoader.loadClass(ClassLoader.java:425)
	at sun.misc.Launcher$AppClassLoader.loadClass(Launcher.java:308)
	at java.lang.ClassLoader.loadClass(ClassLoader.java:358)
	... 19 more
81) testStrict(com.google.javascript.jscomp.CodePrinterTest)java.lang.NoClassDefFoundError: com/google/common/base/Function
	at com.google.javascript.jscomp.CodePrinterTestBase.parse(CodePrinterTestBase.java:48)
	at com.google.javascript.jscomp.CodePrinterTest.testStrict(CodePrinterTest.java:1563)
	at sun.reflect.NativeMethodAccessorImpl.invoke0(Native Method)
	at sun.reflect.NativeMethodAccessorImpl.invoke(NativeMethodAccessorImpl.java:57)
	at sun.reflect.DelegatingMethodAccessorImpl.invoke(DelegatingMethodAccessorImpl.java:43)
Caused by: java.lang.ClassNotFoundException: com.google.common.base.Function
	at java.net.URLClassLoader$1.run(URLClassLoader.java:366)
	at java.net.URLClassLoader$1.run(URLClassLoader.java:355)
	at java.security.AccessController.doPrivileged(Native Method)
	at java.net.URLClassLoader.findClass(URLClassLoader.java:354)
	at java.lang.ClassLoader.loadClass(ClassLoader.java:425)
	at sun.misc.Launcher$AppClassLoader.loadClass(Launcher.java:308)
	at java.lang.ClassLoader.loadClass(ClassLoader.java:358)
	... 17 more
82) testArrayLiteral(com.google.javascript.jscomp.CodePrinterTest)java.lang.NoClassDefFoundError: com/google/common/base/Function
	at com.google.javascript.jscomp.CodePrinterTestBase.parse(CodePrinterTestBase.java:48)
	at com.google.javascript.jscomp.CodePrinterTestBase.parse(CodePrinterTestBase.java:44)
	at com.google.javascript.jscomp.CodePrinterTestBase.assertPrint(CodePrinterTestBase.java:125)
	at com.google.javascript.jscomp.CodePrinterTest.testArrayLiteral(CodePrinterTest.java:1580)
	at sun.reflect.NativeMethodAccessorImpl.invoke0(Native Method)
	at sun.reflect.NativeMethodAccessorImpl.invoke(NativeMethodAccessorImpl.java:57)
	at sun.reflect.DelegatingMethodAccessorImpl.invoke(DelegatingMethodAccessorImpl.java:43)
Caused by: java.lang.ClassNotFoundException: com.google.common.base.Function
	at java.net.URLClassLoader$1.run(URLClassLoader.java:366)
	at java.net.URLClassLoader$1.run(URLClassLoader.java:355)
	at java.security.AccessController.doPrivileged(Native Method)
	at java.net.URLClassLoader.findClass(URLClassLoader.java:354)
	at java.lang.ClassLoader.loadClass(ClassLoader.java:425)
	at sun.misc.Launcher$AppClassLoader.loadClass(Launcher.java:308)
	at java.lang.ClassLoader.loadClass(ClassLoader.java:358)
	... 19 more
83) testZero(com.google.javascript.jscomp.CodePrinterTest)java.lang.NoClassDefFoundError: com/google/common/base/Function
	at com.google.javascript.jscomp.CodePrinterTestBase.parse(CodePrinterTestBase.java:48)
	at com.google.javascript.jscomp.CodePrinterTestBase.parse(CodePrinterTestBase.java:44)
	at com.google.javascript.jscomp.CodePrinterTestBase.assertPrint(CodePrinterTestBase.java:125)
	at com.google.javascript.jscomp.CodePrinterTest.testZero(CodePrinterTest.java:1588)
	at sun.reflect.NativeMethodAccessorImpl.invoke0(Native Method)
	at sun.reflect.NativeMethodAccessorImpl.invoke(NativeMethodAccessorImpl.java:57)
	at sun.reflect.DelegatingMethodAccessorImpl.invoke(DelegatingMethodAccessorImpl.java:43)
Caused by: java.lang.ClassNotFoundException: com.google.common.base.Function
	at java.net.URLClassLoader$1.run(URLClassLoader.java:366)
	at java.net.URLClassLoader$1.run(URLClassLoader.java:355)
	at java.security.AccessController.doPrivileged(Native Method)
	at java.net.URLClassLoader.findClass(URLClassLoader.java:354)
	at java.lang.ClassLoader.loadClass(ClassLoader.java:425)
	at sun.misc.Launcher$AppClassLoader.loadClass(Launcher.java:308)
	at java.lang.ClassLoader.loadClass(ClassLoader.java:358)
	... 19 more
84) testOctalInString(com.google.javascript.jscomp.CodePrinterTest)java.lang.NoClassDefFoundError: com/google/common/base/Function
	at com.google.javascript.jscomp.CodePrinterTestBase.parse(CodePrinterTestBase.java:48)
	at com.google.javascript.jscomp.CodePrinterTestBase.parse(CodePrinterTestBase.java:44)
	at com.google.javascript.jscomp.CodePrinterTestBase.assertPrint(CodePrinterTestBase.java:125)
	at com.google.javascript.jscomp.CodePrinterTest.testOctalInString(CodePrinterTest.java:1595)
	at sun.reflect.NativeMethodAccessorImpl.invoke0(Native Method)
	at sun.reflect.NativeMethodAccessorImpl.invoke(NativeMethodAccessorImpl.java:57)
	at sun.reflect.DelegatingMethodAccessorImpl.invoke(DelegatingMethodAccessorImpl.java:43)
Caused by: java.lang.ClassNotFoundException: com.google.common.base.Function
	at java.net.URLClassLoader$1.run(URLClassLoader.java:366)
	at java.net.URLClassLoader$1.run(URLClassLoader.java:355)
	at java.security.AccessController.doPrivileged(Native Method)
	at java.net.URLClassLoader.findClass(URLClassLoader.java:354)
	at java.lang.ClassLoader.loadClass(ClassLoader.java:425)
	at sun.misc.Launcher$AppClassLoader.loadClass(Launcher.java:308)
	at java.lang.ClassLoader.loadClass(ClassLoader.java:358)
	... 19 more
85) testOctalInStringNoLeadingZero(com.google.javascript.jscomp.CodePrinterTest)java.lang.NoClassDefFoundError: com/google/common/base/Function
	at com.google.javascript.jscomp.CodePrinterTestBase.parse(CodePrinterTestBase.java:48)
	at com.google.javascript.jscomp.CodePrinterTestBase.parse(CodePrinterTestBase.java:44)
	at com.google.javascript.jscomp.CodePrinterTestBase.assertPrint(CodePrinterTestBase.java:125)
	at com.google.javascript.jscomp.CodePrinterTest.testOctalInStringNoLeadingZero(CodePrinterTest.java:1616)
	at sun.reflect.NativeMethodAccessorImpl.invoke0(Native Method)
	at sun.reflect.NativeMethodAccessorImpl.invoke(NativeMethodAccessorImpl.java:57)
	at sun.reflect.DelegatingMethodAccessorImpl.invoke(DelegatingMethodAccessorImpl.java:43)
Caused by: java.lang.ClassNotFoundException: com.google.common.base.Function
	at java.net.URLClassLoader$1.run(URLClassLoader.java:366)
	at java.net.URLClassLoader$1.run(URLClassLoader.java:355)
	at java.security.AccessController.doPrivileged(Native Method)
	at java.net.URLClassLoader.findClass(URLClassLoader.java:354)
	at java.lang.ClassLoader.loadClass(ClassLoader.java:425)
	at sun.misc.Launcher$AppClassLoader.loadClass(Launcher.java:308)
	at java.lang.ClassLoader.loadClass(ClassLoader.java:358)
	... 19 more
86) testUnicode(com.google.javascript.jscomp.CodePrinterTest)java.lang.NoClassDefFoundError: com/google/common/base/Function
	at com.google.javascript.jscomp.CodePrinterTestBase.parse(CodePrinterTestBase.java:48)
	at com.google.javascript.jscomp.CodePrinterTestBase.parse(CodePrinterTestBase.java:44)
	at com.google.javascript.jscomp.CodePrinterTestBase.assertPrint(CodePrinterTestBase.java:125)
	at com.google.javascript.jscomp.CodePrinterTest.testUnicode(CodePrinterTest.java:1649)
	at sun.reflect.NativeMethodAccessorImpl.invoke0(Native Method)
	at sun.reflect.NativeMethodAccessorImpl.invoke(NativeMethodAccessorImpl.java:57)
	at sun.reflect.DelegatingMethodAccessorImpl.invoke(DelegatingMethodAccessorImpl.java:43)
Caused by: java.lang.ClassNotFoundException: com.google.common.base.Function
	at java.net.URLClassLoader$1.run(URLClassLoader.java:366)
	at java.net.URLClassLoader$1.run(URLClassLoader.java:355)
	at java.security.AccessController.doPrivileged(Native Method)
	at java.net.URLClassLoader.findClass(URLClassLoader.java:354)
	at java.lang.ClassLoader.loadClass(ClassLoader.java:425)
	at sun.misc.Launcher$AppClassLoader.loadClass(Launcher.java:308)
	at java.lang.ClassLoader.loadClass(ClassLoader.java:358)
	... 19 more
87) testOctalNumericKey(com.google.javascript.jscomp.CodePrinterTest)java.lang.NoClassDefFoundError: com/google/common/base/Function
	at com.google.javascript.jscomp.CodePrinterTestBase.parse(CodePrinterTestBase.java:48)
	at com.google.javascript.jscomp.CodePrinterTestBase.parse(CodePrinterTestBase.java:44)
	at com.google.javascript.jscomp.CodePrinterTestBase.assertPrint(CodePrinterTestBase.java:125)
	at com.google.javascript.jscomp.CodePrinterTest.testOctalNumericKey(CodePrinterTest.java:1659)
	at sun.reflect.NativeMethodAccessorImpl.invoke0(Native Method)
	at sun.reflect.NativeMethodAccessorImpl.invoke(NativeMethodAccessorImpl.java:57)
	at sun.reflect.DelegatingMethodAccessorImpl.invoke(DelegatingMethodAccessorImpl.java:43)
Caused by: java.lang.ClassNotFoundException: com.google.common.base.Function
	at java.net.URLClassLoader$1.run(URLClassLoader.java:366)
	at java.net.URLClassLoader$1.run(URLClassLoader.java:355)
	at java.security.AccessController.doPrivileged(Native Method)
	at java.net.URLClassLoader.findClass(URLClassLoader.java:354)
	at java.lang.ClassLoader.loadClass(ClassLoader.java:425)
	at sun.misc.Launcher$AppClassLoader.loadClass(Launcher.java:308)
	at java.lang.ClassLoader.loadClass(ClassLoader.java:358)
	... 19 more
88) testNumericKeys(com.google.javascript.jscomp.CodePrinterTest)java.lang.NoClassDefFoundError: com/google/common/base/Function
	at com.google.javascript.jscomp.CodePrinterTestBase.parse(CodePrinterTestBase.java:48)
	at com.google.javascript.jscomp.CodePrinterTestBase.parse(CodePrinterTestBase.java:44)
	at com.google.javascript.jscomp.CodePrinterTestBase.assertPrint(CodePrinterTestBase.java:125)
	at com.google.javascript.jscomp.CodePrinterTest.testNumericKeys(CodePrinterTest.java:1663)
	at sun.reflect.NativeMethodAccessorImpl.invoke0(Native Method)
	at sun.reflect.NativeMethodAccessorImpl.invoke(NativeMethodAccessorImpl.java:57)
	at sun.reflect.DelegatingMethodAccessorImpl.invoke(DelegatingMethodAccessorImpl.java:43)
Caused by: java.lang.ClassNotFoundException: com.google.common.base.Function
	at java.net.URLClassLoader$1.run(URLClassLoader.java:366)
	at java.net.URLClassLoader$1.run(URLClassLoader.java:355)
	at java.security.AccessController.doPrivileged(Native Method)
	at java.net.URLClassLoader.findClass(URLClassLoader.java:354)
	at java.lang.ClassLoader.loadClass(ClassLoader.java:425)
	at sun.misc.Launcher$AppClassLoader.loadClass(Launcher.java:308)
	at java.lang.ClassLoader.loadClass(ClassLoader.java:358)
	... 19 more
89) testIssue582(com.google.javascript.jscomp.CodePrinterTest)java.lang.NoClassDefFoundError: com/google/common/base/Function
	at com.google.javascript.jscomp.CodePrinterTestBase.parse(CodePrinterTestBase.java:48)
	at com.google.javascript.jscomp.CodePrinterTestBase.parse(CodePrinterTestBase.java:44)
	at com.google.javascript.jscomp.CodePrinterTestBase.assertPrint(CodePrinterTestBase.java:125)
	at com.google.javascript.jscomp.CodePrinterTest.testIssue582(CodePrinterTest.java:1677)
	at sun.reflect.NativeMethodAccessorImpl.invoke0(Native Method)
	at sun.reflect.NativeMethodAccessorImpl.invoke(NativeMethodAccessorImpl.java:57)
	at sun.reflect.DelegatingMethodAccessorImpl.invoke(DelegatingMethodAccessorImpl.java:43)
Caused by: java.lang.ClassNotFoundException: com.google.common.base.Function
	at java.net.URLClassLoader$1.run(URLClassLoader.java:366)
	at java.net.URLClassLoader$1.run(URLClassLoader.java:355)
	at java.security.AccessController.doPrivileged(Native Method)
	at java.net.URLClassLoader.findClass(URLClassLoader.java:354)
	at java.lang.ClassLoader.loadClass(ClassLoader.java:425)
	at sun.misc.Launcher$AppClassLoader.loadClass(Launcher.java:308)
	at java.lang.ClassLoader.loadClass(ClassLoader.java:358)
	... 19 more
90) testIssue942(com.google.javascript.jscomp.CodePrinterTest)java.lang.NoClassDefFoundError: com/google/common/base/Function
	at com.google.javascript.jscomp.CodePrinterTestBase.parse(CodePrinterTestBase.java:48)
	at com.google.javascript.jscomp.CodePrinterTestBase.parse(CodePrinterTestBase.java:44)
	at com.google.javascript.jscomp.CodePrinterTestBase.assertPrint(CodePrinterTestBase.java:125)
	at com.google.javascript.jscomp.CodePrinterTest.testIssue942(CodePrinterTest.java:1681)
	at sun.reflect.NativeMethodAccessorImpl.invoke0(Native Method)
	at sun.reflect.NativeMethodAccessorImpl.invoke(NativeMethodAccessorImpl.java:57)
	at sun.reflect.DelegatingMethodAccessorImpl.invoke(DelegatingMethodAccessorImpl.java:43)
Caused by: java.lang.ClassNotFoundException: com.google.common.base.Function
	at java.net.URLClassLoader$1.run(URLClassLoader.java:366)
	at java.net.URLClassLoader$1.run(URLClassLoader.java:355)
	at java.security.AccessController.doPrivileged(Native Method)
	at java.net.URLClassLoader.findClass(URLClassLoader.java:354)
	at java.lang.ClassLoader.loadClass(ClassLoader.java:425)
	at sun.misc.Launcher$AppClassLoader.loadClass(Launcher.java:308)
	at java.lang.ClassLoader.loadClass(ClassLoader.java:358)
	... 19 more
91) testIssue601(com.google.javascript.jscomp.CodePrinterTest)java.lang.NoClassDefFoundError: com/google/common/base/Function
	at com.google.javascript.jscomp.CodePrinterTestBase.parse(CodePrinterTestBase.java:48)
	at com.google.javascript.jscomp.CodePrinterTestBase.parse(CodePrinterTestBase.java:44)
	at com.google.javascript.jscomp.CodePrinterTestBase.assertPrint(CodePrinterTestBase.java:125)
	at com.google.javascript.jscomp.CodePrinterTest.testIssue601(CodePrinterTest.java:1685)
	at sun.reflect.NativeMethodAccessorImpl.invoke0(Native Method)
	at sun.reflect.NativeMethodAccessorImpl.invoke(NativeMethodAccessorImpl.java:57)
	at sun.reflect.DelegatingMethodAccessorImpl.invoke(DelegatingMethodAccessorImpl.java:43)
Caused by: java.lang.ClassNotFoundException: com.google.common.base.Function
	at java.net.URLClassLoader$1.run(URLClassLoader.java:366)
	at java.net.URLClassLoader$1.run(URLClassLoader.java:355)
	at java.security.AccessController.doPrivileged(Native Method)
	at java.net.URLClassLoader.findClass(URLClassLoader.java:354)
	at java.lang.ClassLoader.loadClass(ClassLoader.java:425)
	at sun.misc.Launcher$AppClassLoader.loadClass(Launcher.java:308)
	at java.lang.ClassLoader.loadClass(ClassLoader.java:358)
	... 19 more
92) testIssue620(com.google.javascript.jscomp.CodePrinterTest)java.lang.NoClassDefFoundError: com/google/common/base/Function
	at com.google.javascript.jscomp.CodePrinterTestBase.parse(CodePrinterTestBase.java:48)
	at com.google.javascript.jscomp.CodePrinterTestBase.parse(CodePrinterTestBase.java:44)
	at com.google.javascript.jscomp.CodePrinterTestBase.assertPrint(CodePrinterTestBase.java:125)
	at com.google.javascript.jscomp.CodePrinterTest.testIssue620(CodePrinterTest.java:1691)
	at sun.reflect.NativeMethodAccessorImpl.invoke0(Native Method)
	at sun.reflect.NativeMethodAccessorImpl.invoke(NativeMethodAccessorImpl.java:57)
	at sun.reflect.DelegatingMethodAccessorImpl.invoke(DelegatingMethodAccessorImpl.java:43)
Caused by: java.lang.ClassNotFoundException: com.google.common.base.Function
	at java.net.URLClassLoader$1.run(URLClassLoader.java:366)
	at java.net.URLClassLoader$1.run(URLClassLoader.java:355)
	at java.security.AccessController.doPrivileged(Native Method)
	at java.net.URLClassLoader.findClass(URLClassLoader.java:354)
	at java.lang.ClassLoader.loadClass(ClassLoader.java:425)
	at sun.misc.Launcher$AppClassLoader.loadClass(Launcher.java:308)
	at java.lang.ClassLoader.loadClass(ClassLoader.java:358)
	... 19 more
93) testIssue5746867(com.google.javascript.jscomp.CodePrinterTest)java.lang.NoClassDefFoundError: com/google/common/base/Function
	at com.google.javascript.jscomp.CodePrinterTestBase.parse(CodePrinterTestBase.java:48)
	at com.google.javascript.jscomp.CodePrinterTestBase.parse(CodePrinterTestBase.java:44)
	at com.google.javascript.jscomp.CodePrinterTestBase.assertPrint(CodePrinterTestBase.java:125)
	at com.google.javascript.jscomp.CodePrinterTest.testIssue5746867(CodePrinterTest.java:1696)
	at sun.reflect.NativeMethodAccessorImpl.invoke0(Native Method)
	at sun.reflect.NativeMethodAccessorImpl.invoke(NativeMethodAccessorImpl.java:57)
	at sun.reflect.DelegatingMethodAccessorImpl.invoke(DelegatingMethodAccessorImpl.java:43)
Caused by: java.lang.ClassNotFoundException: com.google.common.base.Function
	at java.net.URLClassLoader$1.run(URLClassLoader.java:366)
	at java.net.URLClassLoader$1.run(URLClassLoader.java:355)
	at java.security.AccessController.doPrivileged(Native Method)
	at java.net.URLClassLoader.findClass(URLClassLoader.java:354)
	at java.lang.ClassLoader.loadClass(ClassLoader.java:425)
	at sun.misc.Launcher$AppClassLoader.loadClass(Launcher.java:308)
	at java.lang.ClassLoader.loadClass(ClassLoader.java:358)
	... 19 more
94) testCommaSpacing(com.google.javascript.jscomp.CodePrinterTest)java.lang.NoClassDefFoundError: com/google/common/base/Function
	at com.google.javascript.jscomp.CodePrinterTestBase.parse(CodePrinterTestBase.java:48)
	at com.google.javascript.jscomp.CodePrinterTestBase.parse(CodePrinterTestBase.java:44)
	at com.google.javascript.jscomp.CodePrinterTestBase.assertPrint(CodePrinterTestBase.java:125)
	at com.google.javascript.jscomp.CodePrinterTest.testCommaSpacing(CodePrinterTest.java:1700)
	at sun.reflect.NativeMethodAccessorImpl.invoke0(Native Method)
	at sun.reflect.NativeMethodAccessorImpl.invoke(NativeMethodAccessorImpl.java:57)
	at sun.reflect.DelegatingMethodAccessorImpl.invoke(DelegatingMethodAccessorImpl.java:43)
Caused by: java.lang.ClassNotFoundException: com.google.common.base.Function
	at java.net.URLClassLoader$1.run(URLClassLoader.java:366)
	at java.net.URLClassLoader$1.run(URLClassLoader.java:355)
	at java.security.AccessController.doPrivileged(Native Method)
	at java.net.URLClassLoader.findClass(URLClassLoader.java:354)
	at java.lang.ClassLoader.loadClass(ClassLoader.java:425)
	at sun.misc.Launcher$AppClassLoader.loadClass(Launcher.java:308)
	at java.lang.ClassLoader.loadClass(ClassLoader.java:358)
	... 19 more
95) testManyCommas(com.google.javascript.jscomp.CodePrinterTest)java.lang.NoClassDefFoundError: com/google/common/collect/Lists
	at com.google.javascript.jscomp.CodePrinterTest.testManyCommas(CodePrinterTest.java:1708)
	at sun.reflect.NativeMethodAccessorImpl.invoke0(Native Method)
	at sun.reflect.NativeMethodAccessorImpl.invoke(NativeMethodAccessorImpl.java:57)
	at sun.reflect.DelegatingMethodAccessorImpl.invoke(DelegatingMethodAccessorImpl.java:43)
Caused by: java.lang.ClassNotFoundException: com.google.common.collect.Lists
	at java.net.URLClassLoader$1.run(URLClassLoader.java:366)
	at java.net.URLClassLoader$1.run(URLClassLoader.java:355)
	at java.security.AccessController.doPrivileged(Native Method)
	at java.net.URLClassLoader.findClass(URLClassLoader.java:354)
	at java.lang.ClassLoader.loadClass(ClassLoader.java:425)
	at sun.misc.Launcher$AppClassLoader.loadClass(Launcher.java:308)
	at java.lang.ClassLoader.loadClass(ClassLoader.java:358)
	... 16 more
96) testManyAdds(com.google.javascript.jscomp.CodePrinterTest)java.lang.NoClassDefFoundError: com/google/common/collect/Lists
	at com.google.javascript.jscomp.CodePrinterTest.testManyAdds(CodePrinterTest.java:1726)
	at sun.reflect.NativeMethodAccessorImpl.invoke0(Native Method)
	at sun.reflect.NativeMethodAccessorImpl.invoke(NativeMethodAccessorImpl.java:57)
	at sun.reflect.DelegatingMethodAccessorImpl.invoke(DelegatingMethodAccessorImpl.java:43)
97) testMinusNegativeZero(com.google.javascript.jscomp.CodePrinterTest)java.lang.NoClassDefFoundError: com/google/common/base/Function
	at com.google.javascript.jscomp.CodePrinterTestBase.parse(CodePrinterTestBase.java:48)
	at com.google.javascript.jscomp.CodePrinterTestBase.parse(CodePrinterTestBase.java:44)
	at com.google.javascript.jscomp.CodePrinterTestBase.assertPrint(CodePrinterTestBase.java:125)
	at com.google.javascript.jscomp.CodePrinterTest.testMinusNegativeZero(CodePrinterTest.java:1745)
	at sun.reflect.NativeMethodAccessorImpl.invoke0(Native Method)
	at sun.reflect.NativeMethodAccessorImpl.invoke(NativeMethodAccessorImpl.java:57)
	at sun.reflect.DelegatingMethodAccessorImpl.invoke(DelegatingMethodAccessorImpl.java:43)
Caused by: java.lang.ClassNotFoundException: com.google.common.base.Function
	at java.net.URLClassLoader$1.run(URLClassLoader.java:366)
	at java.net.URLClassLoader$1.run(URLClassLoader.java:355)
	at java.security.AccessController.doPrivileged(Native Method)
	at java.net.URLClassLoader.findClass(URLClassLoader.java:354)
	at java.lang.ClassLoader.loadClass(ClassLoader.java:425)
	at sun.misc.Launcher$AppClassLoader.loadClass(Launcher.java:308)
	at java.lang.ClassLoader.loadClass(ClassLoader.java:358)
	... 19 more
98) testStringEscapeSequences(com.google.javascript.jscomp.CodePrinterTest)java.lang.NoClassDefFoundError: com/google/common/base/Function
	at com.google.javascript.jscomp.CodePrinterTestBase.parse(CodePrinterTestBase.java:48)
	at com.google.javascript.jscomp.CodePrinterTestBase.parse(CodePrinterTestBase.java:44)
	at com.google.javascript.jscomp.CodePrinterTestBase.assertPrint(CodePrinterTestBase.java:125)
	at com.google.javascript.jscomp.CodePrinterTestBase.assertPrintSame(CodePrinterTestBase.java:136)
	at com.google.javascript.jscomp.CodePrinterTest.testStringEscapeSequences(CodePrinterTest.java:1750)
	at sun.reflect.NativeMethodAccessorImpl.invoke0(Native Method)
	at sun.reflect.NativeMethodAccessorImpl.invoke(NativeMethodAccessorImpl.java:57)
	at sun.reflect.DelegatingMethodAccessorImpl.invoke(DelegatingMethodAccessorImpl.java:43)
Caused by: java.lang.ClassNotFoundException: com.google.common.base.Function
	at java.net.URLClassLoader$1.run(URLClassLoader.java:366)
	at java.net.URLClassLoader$1.run(URLClassLoader.java:355)
	at java.security.AccessController.doPrivileged(Native Method)
	at java.net.URLClassLoader.findClass(URLClassLoader.java:354)
	at java.lang.ClassLoader.loadClass(ClassLoader.java:425)
	at sun.misc.Launcher$AppClassLoader.loadClass(Launcher.java:308)
	at java.lang.ClassLoader.loadClass(ClassLoader.java:358)
	... 20 more
99) testKeywordProperties1(com.google.javascript.jscomp.CodePrinterTest)java.lang.NoClassDefFoundError: com/google/common/base/Function
	at com.google.javascript.jscomp.CodePrinterTestBase.parse(CodePrinterTestBase.java:48)
	at com.google.javascript.jscomp.CodePrinterTestBase.parse(CodePrinterTestBase.java:44)
	at com.google.javascript.jscomp.CodePrinterTestBase.assertPrint(CodePrinterTestBase.java:125)
	at com.google.javascript.jscomp.CodePrinterTestBase.assertPrintSame(CodePrinterTestBase.java:136)
	at com.google.javascript.jscomp.CodePrinterTest.testKeywordProperties1(CodePrinterTest.java:1780)
	at sun.reflect.NativeMethodAccessorImpl.invoke0(Native Method)
	at sun.reflect.NativeMethodAccessorImpl.invoke(NativeMethodAccessorImpl.java:57)
	at sun.reflect.DelegatingMethodAccessorImpl.invoke(DelegatingMethodAccessorImpl.java:43)
Caused by: java.lang.ClassNotFoundException: com.google.common.base.Function
	at java.net.URLClassLoader$1.run(URLClassLoader.java:366)
	at java.net.URLClassLoader$1.run(URLClassLoader.java:355)
	at java.security.AccessController.doPrivileged(Native Method)
	at java.net.URLClassLoader.findClass(URLClassLoader.java:354)
	at java.lang.ClassLoader.loadClass(ClassLoader.java:425)
	at sun.misc.Launcher$AppClassLoader.loadClass(Launcher.java:308)
	at java.lang.ClassLoader.loadClass(ClassLoader.java:358)
	... 20 more
100) testKeywordProperties1a(com.google.javascript.jscomp.CodePrinterTest)java.lang.NoClassDefFoundError: com/google/common/base/Function
	at com.google.javascript.jscomp.CodePrinterTestBase.parse(CodePrinterTestBase.java:48)
	at com.google.javascript.jscomp.CodePrinterTestBase.parse(CodePrinterTestBase.java:44)
	at com.google.javascript.jscomp.CodePrinterTest.testKeywordProperties1a(CodePrinterTest.java:1789)
	at sun.reflect.NativeMethodAccessorImpl.invoke0(Native Method)
	at sun.reflect.NativeMethodAccessorImpl.invoke(NativeMethodAccessorImpl.java:57)
	at sun.reflect.DelegatingMethodAccessorImpl.invoke(DelegatingMethodAccessorImpl.java:43)
Caused by: java.lang.ClassNotFoundException: com.google.common.base.Function
	at java.net.URLClassLoader$1.run(URLClassLoader.java:366)
	at java.net.URLClassLoader$1.run(URLClassLoader.java:355)
	at java.security.AccessController.doPrivileged(Native Method)
	at java.net.URLClassLoader.findClass(URLClassLoader.java:354)
	at java.lang.ClassLoader.loadClass(ClassLoader.java:425)
	at sun.misc.Launcher$AppClassLoader.loadClass(Launcher.java:308)
	at java.lang.ClassLoader.loadClass(ClassLoader.java:358)
	... 18 more
101) testKeywordProperties2(com.google.javascript.jscomp.CodePrinterTest)java.lang.NoClassDefFoundError: com/google/common/base/Function
	at com.google.javascript.jscomp.CodePrinterTestBase.parse(CodePrinterTestBase.java:48)
	at com.google.javascript.jscomp.CodePrinterTestBase.parse(CodePrinterTestBase.java:44)
	at com.google.javascript.jscomp.CodePrinterTestBase.assertPrint(CodePrinterTestBase.java:125)
	at com.google.javascript.jscomp.CodePrinterTestBase.assertPrintSame(CodePrinterTestBase.java:136)
	at com.google.javascript.jscomp.CodePrinterTest.testKeywordProperties2(CodePrinterTest.java:1796)
	at sun.reflect.NativeMethodAccessorImpl.invoke0(Native Method)
	at sun.reflect.NativeMethodAccessorImpl.invoke(NativeMethodAccessorImpl.java:57)
	at sun.reflect.DelegatingMethodAccessorImpl.invoke(DelegatingMethodAccessorImpl.java:43)
Caused by: java.lang.ClassNotFoundException: com.google.common.base.Function
	at java.net.URLClassLoader$1.run(URLClassLoader.java:366)
	at java.net.URLClassLoader$1.run(URLClassLoader.java:355)
	at java.security.AccessController.doPrivileged(Native Method)
	at java.net.URLClassLoader.findClass(URLClassLoader.java:354)
	at java.lang.ClassLoader.loadClass(ClassLoader.java:425)
	at sun.misc.Launcher$AppClassLoader.loadClass(Launcher.java:308)
	at java.lang.ClassLoader.loadClass(ClassLoader.java:358)
	... 20 more
102) testKeywordProperties2a(com.google.javascript.jscomp.CodePrinterTest)java.lang.NoClassDefFoundError: com/google/common/base/Function
	at com.google.javascript.jscomp.CodePrinterTestBase.parse(CodePrinterTestBase.java:48)
	at com.google.javascript.jscomp.CodePrinterTestBase.parse(CodePrinterTestBase.java:44)
	at com.google.javascript.jscomp.CodePrinterTest.testKeywordProperties2a(CodePrinterTest.java:1805)
	at sun.reflect.NativeMethodAccessorImpl.invoke0(Native Method)
	at sun.reflect.NativeMethodAccessorImpl.invoke(NativeMethodAccessorImpl.java:57)
	at sun.reflect.DelegatingMethodAccessorImpl.invoke(DelegatingMethodAccessorImpl.java:43)
Caused by: java.lang.ClassNotFoundException: com.google.common.base.Function
	at java.net.URLClassLoader$1.run(URLClassLoader.java:366)
	at java.net.URLClassLoader$1.run(URLClassLoader.java:355)
	at java.security.AccessController.doPrivileged(Native Method)
	at java.net.URLClassLoader.findClass(URLClassLoader.java:354)
	at java.lang.ClassLoader.loadClass(ClassLoader.java:425)
	at sun.misc.Launcher$AppClassLoader.loadClass(Launcher.java:308)
	at java.lang.ClassLoader.loadClass(ClassLoader.java:358)
	... 18 more
103) testIssue1062(com.google.javascript.jscomp.CodePrinterTest)java.lang.NoClassDefFoundError: com/google/common/base/Function
	at com.google.javascript.jscomp.CodePrinterTestBase.parse(CodePrinterTestBase.java:48)
	at com.google.javascript.jscomp.CodePrinterTestBase.parse(CodePrinterTestBase.java:44)
	at com.google.javascript.jscomp.CodePrinterTestBase.assertPrint(CodePrinterTestBase.java:125)
	at com.google.javascript.jscomp.CodePrinterTestBase.assertPrintSame(CodePrinterTestBase.java:136)
	at com.google.javascript.jscomp.CodePrinterTest.testIssue1062(CodePrinterTest.java:1811)
	at sun.reflect.NativeMethodAccessorImpl.invoke0(Native Method)
	at sun.reflect.NativeMethodAccessorImpl.invoke(NativeMethodAccessorImpl.java:57)
	at sun.reflect.DelegatingMethodAccessorImpl.invoke(DelegatingMethodAccessorImpl.java:43)
Caused by: java.lang.ClassNotFoundException: com.google.common.base.Function
	at java.net.URLClassLoader$1.run(URLClassLoader.java:366)
	at java.net.URLClassLoader$1.run(URLClassLoader.java:355)
	at java.security.AccessController.doPrivileged(Native Method)
	at java.net.URLClassLoader.findClass(URLClassLoader.java:354)
	at java.lang.ClassLoader.loadClass(ClassLoader.java:425)
	at sun.misc.Launcher$AppClassLoader.loadClass(Launcher.java:308)
	at java.lang.ClassLoader.loadClass(ClassLoader.java:358)
	... 20 more
104) testPreserveTypeAnnotations(com.google.javascript.jscomp.CodePrinterTest)java.lang.NoClassDefFoundError: com/google/common/base/Function
	at com.google.javascript.jscomp.CodePrinterTestBase.parse(CodePrinterTestBase.java:48)
	at com.google.javascript.jscomp.CodePrinterTestBase.parse(CodePrinterTestBase.java:44)
	at com.google.javascript.jscomp.CodePrinterTestBase.assertPrint(CodePrinterTestBase.java:125)
	at com.google.javascript.jscomp.CodePrinterTestBase.assertPrintSame(CodePrinterTestBase.java:136)
	at com.google.javascript.jscomp.CodePrinterTest.testPreserveTypeAnnotations(CodePrinterTest.java:1816)
	at sun.reflect.NativeMethodAccessorImpl.invoke0(Native Method)
	at sun.reflect.NativeMethodAccessorImpl.invoke(NativeMethodAccessorImpl.java:57)
	at sun.reflect.DelegatingMethodAccessorImpl.invoke(DelegatingMethodAccessorImpl.java:43)
Caused by: java.lang.ClassNotFoundException: com.google.common.base.Function
	at java.net.URLClassLoader$1.run(URLClassLoader.java:366)
	at java.net.URLClassLoader$1.run(URLClassLoader.java:355)
	at java.security.AccessController.doPrivileged(Native Method)
	at java.net.URLClassLoader.findClass(URLClassLoader.java:354)
	at java.lang.ClassLoader.loadClass(ClassLoader.java:425)
	at sun.misc.Launcher$AppClassLoader.loadClass(Launcher.java:308)
	at java.lang.ClassLoader.loadClass(ClassLoader.java:358)
	... 20 more
105) testDefaultParameters(com.google.javascript.jscomp.CodePrinterTest)java.lang.NoClassDefFoundError: com/google/common/base/Function
	at com.google.javascript.jscomp.CodePrinterTestBase.parse(CodePrinterTestBase.java:48)
	at com.google.javascript.jscomp.CodePrinterTestBase.parse(CodePrinterTestBase.java:44)
	at com.google.javascript.jscomp.CodePrinterTestBase.assertPrint(CodePrinterTestBase.java:125)
	at com.google.javascript.jscomp.CodePrinterTestBase.assertPrintSame(CodePrinterTestBase.java:136)
	at com.google.javascript.jscomp.CodePrinterTest.testDefaultParameters(CodePrinterTest.java:1826)
	at sun.reflect.NativeMethodAccessorImpl.invoke0(Native Method)
	at sun.reflect.NativeMethodAccessorImpl.invoke(NativeMethodAccessorImpl.java:57)
	at sun.reflect.DelegatingMethodAccessorImpl.invoke(DelegatingMethodAccessorImpl.java:43)
Caused by: java.lang.ClassNotFoundException: com.google.common.base.Function
	at java.net.URLClassLoader$1.run(URLClassLoader.java:366)
	at java.net.URLClassLoader$1.run(URLClassLoader.java:355)
	at java.security.AccessController.doPrivileged(Native Method)
	at java.net.URLClassLoader.findClass(URLClassLoader.java:354)
	at java.lang.ClassLoader.loadClass(ClassLoader.java:425)
	at sun.misc.Launcher$AppClassLoader.loadClass(Launcher.java:308)
	at java.lang.ClassLoader.loadClass(ClassLoader.java:358)
	... 20 more
106) testRestParameters(com.google.javascript.jscomp.CodePrinterTest)java.lang.NoClassDefFoundError: com/google/common/base/Function
	at com.google.javascript.jscomp.CodePrinterTestBase.parse(CodePrinterTestBase.java:48)
	at com.google.javascript.jscomp.CodePrinterTestBase.parse(CodePrinterTestBase.java:44)
	at com.google.javascript.jscomp.CodePrinterTestBase.assertPrint(CodePrinterTestBase.java:125)
	at com.google.javascript.jscomp.CodePrinterTestBase.assertPrintSame(CodePrinterTestBase.java:136)
	at com.google.javascript.jscomp.CodePrinterTest.testRestParameters(CodePrinterTest.java:1832)
	at sun.reflect.NativeMethodAccessorImpl.invoke0(Native Method)
	at sun.reflect.NativeMethodAccessorImpl.invoke(NativeMethodAccessorImpl.java:57)
	at sun.reflect.DelegatingMethodAccessorImpl.invoke(DelegatingMethodAccessorImpl.java:43)
Caused by: java.lang.ClassNotFoundException: com.google.common.base.Function
	at java.net.URLClassLoader$1.run(URLClassLoader.java:366)
	at java.net.URLClassLoader$1.run(URLClassLoader.java:355)
	at java.security.AccessController.doPrivileged(Native Method)
	at java.net.URLClassLoader.findClass(URLClassLoader.java:354)
	at java.lang.ClassLoader.loadClass(ClassLoader.java:425)
	at sun.misc.Launcher$AppClassLoader.loadClass(Launcher.java:308)
	at java.lang.ClassLoader.loadClass(ClassLoader.java:358)
	... 20 more
107) testDefaultParametersWithRestParameters(com.google.javascript.jscomp.CodePrinterTest)java.lang.NoClassDefFoundError: com/google/common/base/Function
	at com.google.javascript.jscomp.CodePrinterTestBase.parse(CodePrinterTestBase.java:48)
	at com.google.javascript.jscomp.CodePrinterTestBase.parse(CodePrinterTestBase.java:44)
	at com.google.javascript.jscomp.CodePrinterTestBase.assertPrint(CodePrinterTestBase.java:125)
	at com.google.javascript.jscomp.CodePrinterTestBase.assertPrintSame(CodePrinterTestBase.java:136)
	at com.google.javascript.jscomp.CodePrinterTest.testDefaultParametersWithRestParameters(CodePrinterTest.java:1838)
	at sun.reflect.NativeMethodAccessorImpl.invoke0(Native Method)
	at sun.reflect.NativeMethodAccessorImpl.invoke(NativeMethodAccessorImpl.java:57)
	at sun.reflect.DelegatingMethodAccessorImpl.invoke(DelegatingMethodAccessorImpl.java:43)
Caused by: java.lang.ClassNotFoundException: com.google.common.base.Function
	at java.net.URLClassLoader$1.run(URLClassLoader.java:366)
	at java.net.URLClassLoader$1.run(URLClassLoader.java:355)
	at java.security.AccessController.doPrivileged(Native Method)
	at java.net.URLClassLoader.findClass(URLClassLoader.java:354)
	at java.lang.ClassLoader.loadClass(ClassLoader.java:425)
	at sun.misc.Launcher$AppClassLoader.loadClass(Launcher.java:308)
	at java.lang.ClassLoader.loadClass(ClassLoader.java:358)
	... 20 more
108) testSpreadExpression(com.google.javascript.jscomp.CodePrinterTest)java.lang.NoClassDefFoundError: com/google/common/base/Function
	at com.google.javascript.jscomp.CodePrinterTestBase.parse(CodePrinterTestBase.java:48)
	at com.google.javascript.jscomp.CodePrinterTestBase.parse(CodePrinterTestBase.java:44)
	at com.google.javascript.jscomp.CodePrinterTestBase.assertPrint(CodePrinterTestBase.java:125)
	at com.google.javascript.jscomp.CodePrinterTestBase.assertPrintSame(CodePrinterTestBase.java:136)
	at com.google.javascript.jscomp.CodePrinterTest.testSpreadExpression(CodePrinterTest.java:1844)
	at sun.reflect.NativeMethodAccessorImpl.invoke0(Native Method)
	at sun.reflect.NativeMethodAccessorImpl.invoke(NativeMethodAccessorImpl.java:57)
	at sun.reflect.DelegatingMethodAccessorImpl.invoke(DelegatingMethodAccessorImpl.java:43)
Caused by: java.lang.ClassNotFoundException: com.google.common.base.Function
	at java.net.URLClassLoader$1.run(URLClassLoader.java:366)
	at java.net.URLClassLoader$1.run(URLClassLoader.java:355)
	at java.security.AccessController.doPrivileged(Native Method)
	at java.net.URLClassLoader.findClass(URLClassLoader.java:354)
	at java.lang.ClassLoader.loadClass(ClassLoader.java:425)
	at sun.misc.Launcher$AppClassLoader.loadClass(Launcher.java:308)
	at java.lang.ClassLoader.loadClass(ClassLoader.java:358)
	... 20 more
109) testClassPretty(com.google.javascript.jscomp.CodePrinterTest)java.lang.NoClassDefFoundError: com/google/common/collect/Multimap
	at com.google.javascript.jscomp.CodePrinterTestBase.newCompilerOptions(CodePrinterTestBase.java:105)
	at com.google.javascript.jscomp.CodePrinterTest.assertPrettyPrint(CodePrinterTest.java:1108)
	at com.google.javascript.jscomp.CodePrinterTest.assertPrettyPrint(CodePrinterTest.java:1101)
	at com.google.javascript.jscomp.CodePrinterTest.testClassPretty(CodePrinterTest.java:1861)
	at sun.reflect.NativeMethodAccessorImpl.invoke0(Native Method)
	at sun.reflect.NativeMethodAccessorImpl.invoke(NativeMethodAccessorImpl.java:57)
	at sun.reflect.DelegatingMethodAccessorImpl.invoke(DelegatingMethodAccessorImpl.java:43)
Caused by: java.lang.ClassNotFoundException: com.google.common.collect.Multimap
	at java.net.URLClassLoader$1.run(URLClassLoader.java:366)
	at java.net.URLClassLoader$1.run(URLClassLoader.java:355)
	at java.security.AccessController.doPrivileged(Native Method)
	at java.net.URLClassLoader.findClass(URLClassLoader.java:354)
	at java.lang.ClassLoader.loadClass(ClassLoader.java:425)
	at sun.misc.Launcher$AppClassLoader.loadClass(Launcher.java:308)
	at java.lang.ClassLoader.loadClass(ClassLoader.java:358)
	... 19 more
110) testSuper(com.google.javascript.jscomp.CodePrinterTest)java.lang.NoClassDefFoundError: com/google/common/base/Function
	at com.google.javascript.jscomp.CodePrinterTestBase.parse(CodePrinterTestBase.java:48)
	at com.google.javascript.jscomp.CodePrinterTestBase.parse(CodePrinterTestBase.java:44)
	at com.google.javascript.jscomp.CodePrinterTestBase.assertPrint(CodePrinterTestBase.java:125)
	at com.google.javascript.jscomp.CodePrinterTestBase.assertPrintSame(CodePrinterTestBase.java:136)
	at com.google.javascript.jscomp.CodePrinterTest.testSuper(CodePrinterTest.java:1879)
	at sun.reflect.NativeMethodAccessorImpl.invoke0(Native Method)
	at sun.reflect.NativeMethodAccessorImpl.invoke(NativeMethodAccessorImpl.java:57)
	at sun.reflect.DelegatingMethodAccessorImpl.invoke(DelegatingMethodAccessorImpl.java:43)
Caused by: java.lang.ClassNotFoundException: com.google.common.base.Function
	at java.net.URLClassLoader$1.run(URLClassLoader.java:366)
	at java.net.URLClassLoader$1.run(URLClassLoader.java:355)
	at java.security.AccessController.doPrivileged(Native Method)
	at java.net.URLClassLoader.findClass(URLClassLoader.java:354)
	at java.lang.ClassLoader.loadClass(ClassLoader.java:425)
	at sun.misc.Launcher$AppClassLoader.loadClass(Launcher.java:308)
	at java.lang.ClassLoader.loadClass(ClassLoader.java:358)
	... 20 more
111) testGeneratorYield1(com.google.javascript.jscomp.CodePrinterTest)java.lang.NoClassDefFoundError: com/google/common/base/Function
	at com.google.javascript.jscomp.CodePrinterTestBase.parse(CodePrinterTestBase.java:48)
	at com.google.javascript.jscomp.CodePrinterTestBase.parse(CodePrinterTestBase.java:44)
	at com.google.javascript.jscomp.CodePrinterTestBase.assertPrint(CodePrinterTestBase.java:125)
	at com.google.javascript.jscomp.CodePrinterTestBase.assertPrintSame(CodePrinterTestBase.java:136)
	at com.google.javascript.jscomp.CodePrinterTest.testGeneratorYield1(CodePrinterTest.java:1886)
	at sun.reflect.NativeMethodAccessorImpl.invoke0(Native Method)
	at sun.reflect.NativeMethodAccessorImpl.invoke(NativeMethodAccessorImpl.java:57)
	at sun.reflect.DelegatingMethodAccessorImpl.invoke(DelegatingMethodAccessorImpl.java:43)
Caused by: java.lang.ClassNotFoundException: com.google.common.base.Function
	at java.net.URLClassLoader$1.run(URLClassLoader.java:366)
	at java.net.URLClassLoader$1.run(URLClassLoader.java:355)
	at java.security.AccessController.doPrivileged(Native Method)
	at java.net.URLClassLoader.findClass(URLClassLoader.java:354)
	at java.lang.ClassLoader.loadClass(ClassLoader.java:425)
	at sun.misc.Launcher$AppClassLoader.loadClass(Launcher.java:308)
	at java.lang.ClassLoader.loadClass(ClassLoader.java:358)
	... 20 more
112) testMemberGeneratorYield1(com.google.javascript.jscomp.CodePrinterTest)java.lang.NoClassDefFoundError: com/google/common/base/Function
	at com.google.javascript.jscomp.CodePrinterTestBase.parse(CodePrinterTestBase.java:48)
	at com.google.javascript.jscomp.CodePrinterTestBase.parse(CodePrinterTestBase.java:44)
	at com.google.javascript.jscomp.CodePrinterTestBase.assertPrint(CodePrinterTestBase.java:125)
	at com.google.javascript.jscomp.CodePrinterTestBase.assertPrintSame(CodePrinterTestBase.java:136)
	at com.google.javascript.jscomp.CodePrinterTest.testMemberGeneratorYield1(CodePrinterTest.java:1897)
	at sun.reflect.NativeMethodAccessorImpl.invoke0(Native Method)
	at sun.reflect.NativeMethodAccessorImpl.invoke(NativeMethodAccessorImpl.java:57)
	at sun.reflect.DelegatingMethodAccessorImpl.invoke(DelegatingMethodAccessorImpl.java:43)
Caused by: java.lang.ClassNotFoundException: com.google.common.base.Function
	at java.net.URLClassLoader$1.run(URLClassLoader.java:366)
	at java.net.URLClassLoader$1.run(URLClassLoader.java:355)
	at java.security.AccessController.doPrivileged(Native Method)
	at java.net.URLClassLoader.findClass(URLClassLoader.java:354)
	at java.lang.ClassLoader.loadClass(ClassLoader.java:425)
	at sun.misc.Launcher$AppClassLoader.loadClass(Launcher.java:308)
	at java.lang.ClassLoader.loadClass(ClassLoader.java:358)
	... 20 more
113) testArrowFunction(com.google.javascript.jscomp.CodePrinterTest)java.lang.NoClassDefFoundError: com/google/common/base/Function
	at com.google.javascript.jscomp.CodePrinterTestBase.parse(CodePrinterTestBase.java:48)
	at com.google.javascript.jscomp.CodePrinterTestBase.parse(CodePrinterTestBase.java:44)
	at com.google.javascript.jscomp.CodePrinterTestBase.assertPrint(CodePrinterTestBase.java:125)
	at com.google.javascript.jscomp.CodePrinterTestBase.assertPrintSame(CodePrinterTestBase.java:136)
	at com.google.javascript.jscomp.CodePrinterTest.testArrowFunction(CodePrinterTest.java:1903)
	at sun.reflect.NativeMethodAccessorImpl.invoke0(Native Method)
	at sun.reflect.NativeMethodAccessorImpl.invoke(NativeMethodAccessorImpl.java:57)
	at sun.reflect.DelegatingMethodAccessorImpl.invoke(DelegatingMethodAccessorImpl.java:43)
Caused by: java.lang.ClassNotFoundException: com.google.common.base.Function
	at java.net.URLClassLoader$1.run(URLClassLoader.java:366)
	at java.net.URLClassLoader$1.run(URLClassLoader.java:355)
	at java.security.AccessController.doPrivileged(Native Method)
	at java.net.URLClassLoader.findClass(URLClassLoader.java:354)
	at java.lang.ClassLoader.loadClass(ClassLoader.java:425)
	at sun.misc.Launcher$AppClassLoader.loadClass(Launcher.java:308)
	at java.lang.ClassLoader.loadClass(ClassLoader.java:358)
	... 20 more
114) testDeclarations(com.google.javascript.jscomp.CodePrinterTest)java.lang.NoClassDefFoundError: com/google/common/base/Function
	at com.google.javascript.jscomp.CodePrinterTestBase.parse(CodePrinterTestBase.java:48)
	at com.google.javascript.jscomp.CodePrinterTestBase.parse(CodePrinterTestBase.java:44)
	at com.google.javascript.jscomp.CodePrinterTestBase.assertPrint(CodePrinterTestBase.java:125)
	at com.google.javascript.jscomp.CodePrinterTestBase.assertPrintSame(CodePrinterTestBase.java:136)
	at com.google.javascript.jscomp.CodePrinterTest.testDeclarations(CodePrinterTest.java:1914)
	at sun.reflect.NativeMethodAccessorImpl.invoke0(Native Method)
	at sun.reflect.NativeMethodAccessorImpl.invoke(NativeMethodAccessorImpl.java:57)
	at sun.reflect.DelegatingMethodAccessorImpl.invoke(DelegatingMethodAccessorImpl.java:43)
Caused by: java.lang.ClassNotFoundException: com.google.common.base.Function
	at java.net.URLClassLoader$1.run(URLClassLoader.java:366)
	at java.net.URLClassLoader$1.run(URLClassLoader.java:355)
	at java.security.AccessController.doPrivileged(Native Method)
	at java.net.URLClassLoader.findClass(URLClassLoader.java:354)
	at java.lang.ClassLoader.loadClass(ClassLoader.java:425)
	at sun.misc.Launcher$AppClassLoader.loadClass(Launcher.java:308)
	at java.lang.ClassLoader.loadClass(ClassLoader.java:358)
	... 20 more
115) testImports(com.google.javascript.jscomp.CodePrinterTest)java.lang.NoClassDefFoundError: com/google/common/base/Function
	at com.google.javascript.jscomp.CodePrinterTestBase.parse(CodePrinterTestBase.java:48)
	at com.google.javascript.jscomp.CodePrinterTestBase.parse(CodePrinterTestBase.java:44)
	at com.google.javascript.jscomp.CodePrinterTestBase.assertPrint(CodePrinterTestBase.java:125)
	at com.google.javascript.jscomp.CodePrinterTestBase.assertPrintSame(CodePrinterTestBase.java:136)
	at com.google.javascript.jscomp.CodePrinterTest.testImports(CodePrinterTest.java:1935)
	at sun.reflect.NativeMethodAccessorImpl.invoke0(Native Method)
	at sun.reflect.NativeMethodAccessorImpl.invoke(NativeMethodAccessorImpl.java:57)
	at sun.reflect.DelegatingMethodAccessorImpl.invoke(DelegatingMethodAccessorImpl.java:43)
Caused by: java.lang.ClassNotFoundException: com.google.common.base.Function
	at java.net.URLClassLoader$1.run(URLClassLoader.java:366)
	at java.net.URLClassLoader$1.run(URLClassLoader.java:355)
	at java.security.AccessController.doPrivileged(Native Method)
	at java.net.URLClassLoader.findClass(URLClassLoader.java:354)
	at java.lang.ClassLoader.loadClass(ClassLoader.java:425)
	at sun.misc.Launcher$AppClassLoader.loadClass(Launcher.java:308)
	at java.lang.ClassLoader.loadClass(ClassLoader.java:358)
	... 20 more
116) testExports(com.google.javascript.jscomp.CodePrinterTest)java.lang.NoClassDefFoundError: com/google/common/base/Function
	at com.google.javascript.jscomp.CodePrinterTestBase.parse(CodePrinterTestBase.java:48)
	at com.google.javascript.jscomp.CodePrinterTestBase.parse(CodePrinterTestBase.java:44)
	at com.google.javascript.jscomp.CodePrinterTestBase.assertPrint(CodePrinterTestBase.java:125)
	at com.google.javascript.jscomp.CodePrinterTestBase.assertPrintSame(CodePrinterTestBase.java:136)
	at com.google.javascript.jscomp.CodePrinterTest.testExports(CodePrinterTest.java:1948)
	at sun.reflect.NativeMethodAccessorImpl.invoke0(Native Method)
	at sun.reflect.NativeMethodAccessorImpl.invoke(NativeMethodAccessorImpl.java:57)
	at sun.reflect.DelegatingMethodAccessorImpl.invoke(DelegatingMethodAccessorImpl.java:43)
Caused by: java.lang.ClassNotFoundException: com.google.common.base.Function
	at java.net.URLClassLoader$1.run(URLClassLoader.java:366)
	at java.net.URLClassLoader$1.run(URLClassLoader.java:355)
	at java.security.AccessController.doPrivileged(Native Method)
	at java.net.URLClassLoader.findClass(URLClassLoader.java:354)
	at java.lang.ClassLoader.loadClass(ClassLoader.java:425)
	at sun.misc.Launcher$AppClassLoader.loadClass(Launcher.java:308)
	at java.lang.ClassLoader.loadClass(ClassLoader.java:358)
	... 20 more
117) testTemplateLiteral(com.google.javascript.jscomp.CodePrinterTest)java.lang.NoClassDefFoundError: com/google/common/base/Function
	at com.google.javascript.jscomp.CodePrinterTestBase.parse(CodePrinterTestBase.java:48)
	at com.google.javascript.jscomp.CodePrinterTestBase.parse(CodePrinterTestBase.java:44)
	at com.google.javascript.jscomp.CodePrinterTestBase.assertPrint(CodePrinterTestBase.java:125)
	at com.google.javascript.jscomp.CodePrinterTestBase.assertPrintSame(CodePrinterTestBase.java:136)
	at com.google.javascript.jscomp.CodePrinterTest.testTemplateLiteral(CodePrinterTest.java:1975)
	at sun.reflect.NativeMethodAccessorImpl.invoke0(Native Method)
	at sun.reflect.NativeMethodAccessorImpl.invoke(NativeMethodAccessorImpl.java:57)
	at sun.reflect.DelegatingMethodAccessorImpl.invoke(DelegatingMethodAccessorImpl.java:43)
Caused by: java.lang.ClassNotFoundException: com.google.common.base.Function
	at java.net.URLClassLoader$1.run(URLClassLoader.java:366)
	at java.net.URLClassLoader$1.run(URLClassLoader.java:355)
	at java.security.AccessController.doPrivileged(Native Method)
	at java.net.URLClassLoader.findClass(URLClassLoader.java:354)
	at java.lang.ClassLoader.loadClass(ClassLoader.java:425)
	at sun.misc.Launcher$AppClassLoader.loadClass(Launcher.java:308)
	at java.lang.ClassLoader.loadClass(ClassLoader.java:358)
	... 20 more

FAILURES!!!
Tests run: 117,  Failures: 0,  Errors: 117

