.F.F.F.F.F.F.F.F.F.F.F.F.F.F.F.F.F.F.F.F.F.F.F.F.F.F.F.F.F.F.F.F.F.F
Time: 0.004
There were 34 failures:
1) warning(junit.framework.TestSuite$1)junit.framework.AssertionFailedError: Exception in constructor: testConstantDefinition1 (java.lang.NoClassDefFoundError: com/google/common/collect/ImmutableList
	at com.google.javascript.jscomp.CompilerTestCase.<init>(CompilerTestCase.java:157)
	at com.google.javascript.jscomp.CompilerTestCase.<init>(CompilerTestCase.java:176)
	at com.google.javascript.jscomp.ConstCheckTest.<init>(ConstCheckTest.java:26)
	at sun.reflect.NativeConstructorAccessorImpl.newInstance0(Native Method)
	at sun.reflect.NativeConstructorAccessorImpl.newInstance(NativeConstructorAccessorImpl.java:57)
	at sun.reflect.DelegatingConstructorAccessorImpl.newInstance(DelegatingConstructorAccessorImpl.java:45)
	at java.lang.reflect.Constructor.newInstance(Constructor.java:526)
	at junit.runner.BaseTestRunner.getTest(BaseTestRunner.java:117)
Caused by: java.lang.ClassNotFoundException: com.google.common.collect.ImmutableList
	at java.net.URLClassLoader$1.run(URLClassLoader.java:366)
	at java.net.URLClassLoader$1.run(URLClassLoader.java:355)
	at java.security.AccessController.doPrivileged(Native Method)
	at java.net.URLClassLoader.findClass(URLClassLoader.java:354)
	at java.lang.ClassLoader.loadClass(ClassLoader.java:425)
	at sun.misc.Launcher$AppClassLoader.loadClass(Launcher.java:308)
	at java.lang.ClassLoader.loadClass(ClassLoader.java:358)
	... 14 more
)
2) warning(junit.framework.TestSuite$1)junit.framework.AssertionFailedError: Exception in constructor: testConstantDefinition2 (java.lang.NoClassDefFoundError: com/google/common/collect/ImmutableList
	at com.google.javascript.jscomp.CompilerTestCase.<init>(CompilerTestCase.java:157)
	at com.google.javascript.jscomp.CompilerTestCase.<init>(CompilerTestCase.java:176)
	at com.google.javascript.jscomp.ConstCheckTest.<init>(ConstCheckTest.java:26)
	at sun.reflect.NativeConstructorAccessorImpl.newInstance0(Native Method)
	at sun.reflect.NativeConstructorAccessorImpl.newInstance(NativeConstructorAccessorImpl.java:57)
	at sun.reflect.DelegatingConstructorAccessorImpl.newInstance(DelegatingConstructorAccessorImpl.java:45)
	at java.lang.reflect.Constructor.newInstance(Constructor.java:526)
	at junit.runner.BaseTestRunner.getTest(BaseTestRunner.java:117)
)
3) warning(junit.framework.TestSuite$1)junit.framework.AssertionFailedError: Exception in constructor: testConstantInitializedInAnonymousNamespace1 (java.lang.NoClassDefFoundError: com/google/common/collect/ImmutableList
	at com.google.javascript.jscomp.CompilerTestCase.<init>(CompilerTestCase.java:157)
	at com.google.javascript.jscomp.CompilerTestCase.<init>(CompilerTestCase.java:176)
	at com.google.javascript.jscomp.ConstCheckTest.<init>(ConstCheckTest.java:26)
	at sun.reflect.NativeConstructorAccessorImpl.newInstance0(Native Method)
	at sun.reflect.NativeConstructorAccessorImpl.newInstance(NativeConstructorAccessorImpl.java:57)
	at sun.reflect.DelegatingConstructorAccessorImpl.newInstance(DelegatingConstructorAccessorImpl.java:45)
	at java.lang.reflect.Constructor.newInstance(Constructor.java:526)
	at junit.runner.BaseTestRunner.getTest(BaseTestRunner.java:117)
)
4) warning(junit.framework.TestSuite$1)junit.framework.AssertionFailedError: Exception in constructor: testObjectModified (java.lang.NoClassDefFoundError: com/google/common/collect/ImmutableList
	at com.google.javascript.jscomp.CompilerTestCase.<init>(CompilerTestCase.java:157)
	at com.google.javascript.jscomp.CompilerTestCase.<init>(CompilerTestCase.java:176)
	at com.google.javascript.jscomp.ConstCheckTest.<init>(ConstCheckTest.java:26)
	at sun.reflect.NativeConstructorAccessorImpl.newInstance0(Native Method)
	at sun.reflect.NativeConstructorAccessorImpl.newInstance(NativeConstructorAccessorImpl.java:57)
	at sun.reflect.DelegatingConstructorAccessorImpl.newInstance(DelegatingConstructorAccessorImpl.java:45)
	at java.lang.reflect.Constructor.newInstance(Constructor.java:526)
	at junit.runner.BaseTestRunner.getTest(BaseTestRunner.java:117)
)
5) warning(junit.framework.TestSuite$1)junit.framework.AssertionFailedError: Exception in constructor: testConstantInitializedInAnonymousNamespace2 (java.lang.NoClassDefFoundError: com/google/common/collect/ImmutableList
	at com.google.javascript.jscomp.CompilerTestCase.<init>(CompilerTestCase.java:157)
	at com.google.javascript.jscomp.CompilerTestCase.<init>(CompilerTestCase.java:176)
	at com.google.javascript.jscomp.ConstCheckTest.<init>(ConstCheckTest.java:26)
	at sun.reflect.NativeConstructorAccessorImpl.newInstance0(Native Method)
	at sun.reflect.NativeConstructorAccessorImpl.newInstance(NativeConstructorAccessorImpl.java:57)
	at sun.reflect.DelegatingConstructorAccessorImpl.newInstance(DelegatingConstructorAccessorImpl.java:45)
	at java.lang.reflect.Constructor.newInstance(Constructor.java:526)
	at junit.runner.BaseTestRunner.getTest(BaseTestRunner.java:117)
)
6) warning(junit.framework.TestSuite$1)junit.framework.AssertionFailedError: Exception in constructor: testObjectPropertyInitializedLate (java.lang.NoClassDefFoundError: com/google/common/collect/ImmutableList
	at com.google.javascript.jscomp.CompilerTestCase.<init>(CompilerTestCase.java:157)
	at com.google.javascript.jscomp.CompilerTestCase.<init>(CompilerTestCase.java:176)
	at com.google.javascript.jscomp.ConstCheckTest.<init>(ConstCheckTest.java:26)
	at sun.reflect.NativeConstructorAccessorImpl.newInstance0(Native Method)
	at sun.reflect.NativeConstructorAccessorImpl.newInstance(NativeConstructorAccessorImpl.java:57)
	at sun.reflect.DelegatingConstructorAccessorImpl.newInstance(DelegatingConstructorAccessorImpl.java:45)
	at java.lang.reflect.Constructor.newInstance(Constructor.java:526)
	at junit.runner.BaseTestRunner.getTest(BaseTestRunner.java:117)
)
7) warning(junit.framework.TestSuite$1)junit.framework.AssertionFailedError: Exception in constructor: testObjectRedefined1 (java.lang.NoClassDefFoundError: com/google/common/collect/ImmutableList
	at com.google.javascript.jscomp.CompilerTestCase.<init>(CompilerTestCase.java:157)
	at com.google.javascript.jscomp.CompilerTestCase.<init>(CompilerTestCase.java:176)
	at com.google.javascript.jscomp.ConstCheckTest.<init>(ConstCheckTest.java:26)
	at sun.reflect.NativeConstructorAccessorImpl.newInstance0(Native Method)
	at sun.reflect.NativeConstructorAccessorImpl.newInstance(NativeConstructorAccessorImpl.java:57)
	at sun.reflect.DelegatingConstructorAccessorImpl.newInstance(DelegatingConstructorAccessorImpl.java:45)
	at java.lang.reflect.Constructor.newInstance(Constructor.java:526)
	at junit.runner.BaseTestRunner.getTest(BaseTestRunner.java:117)
)
8) warning(junit.framework.TestSuite$1)junit.framework.AssertionFailedError: Exception in constructor: testConstantRedefined1 (java.lang.NoClassDefFoundError: com/google/common/collect/ImmutableList
	at com.google.javascript.jscomp.CompilerTestCase.<init>(CompilerTestCase.java:157)
	at com.google.javascript.jscomp.CompilerTestCase.<init>(CompilerTestCase.java:176)
	at com.google.javascript.jscomp.ConstCheckTest.<init>(ConstCheckTest.java:26)
	at sun.reflect.NativeConstructorAccessorImpl.newInstance0(Native Method)
	at sun.reflect.NativeConstructorAccessorImpl.newInstance(NativeConstructorAccessorImpl.java:57)
	at sun.reflect.DelegatingConstructorAccessorImpl.newInstance(DelegatingConstructorAccessorImpl.java:45)
	at java.lang.reflect.Constructor.newInstance(Constructor.java:526)
	at junit.runner.BaseTestRunner.getTest(BaseTestRunner.java:117)
)
9) warning(junit.framework.TestSuite$1)junit.framework.AssertionFailedError: Exception in constructor: testConstantRedefined2 (java.lang.NoClassDefFoundError: com/google/common/collect/ImmutableList
	at com.google.javascript.jscomp.CompilerTestCase.<init>(CompilerTestCase.java:157)
	at com.google.javascript.jscomp.CompilerTestCase.<init>(CompilerTestCase.java:176)
	at com.google.javascript.jscomp.ConstCheckTest.<init>(ConstCheckTest.java:26)
	at sun.reflect.NativeConstructorAccessorImpl.newInstance0(Native Method)
	at sun.reflect.NativeConstructorAccessorImpl.newInstance(NativeConstructorAccessorImpl.java:57)
	at sun.reflect.DelegatingConstructorAccessorImpl.newInstance(DelegatingConstructorAccessorImpl.java:45)
	at java.lang.reflect.Constructor.newInstance(Constructor.java:526)
	at junit.runner.BaseTestRunner.getTest(BaseTestRunner.java:117)
)
10) warning(junit.framework.TestSuite$1)junit.framework.AssertionFailedError: Exception in constructor: testConstantRedefinedInLocalScope1 (java.lang.NoClassDefFoundError: com/google/common/collect/ImmutableList
	at com.google.javascript.jscomp.CompilerTestCase.<init>(CompilerTestCase.java:157)
	at com.google.javascript.jscomp.CompilerTestCase.<init>(CompilerTestCase.java:176)
	at com.google.javascript.jscomp.ConstCheckTest.<init>(ConstCheckTest.java:26)
	at sun.reflect.NativeConstructorAccessorImpl.newInstance0(Native Method)
	at sun.reflect.NativeConstructorAccessorImpl.newInstance(NativeConstructorAccessorImpl.java:57)
	at sun.reflect.DelegatingConstructorAccessorImpl.newInstance(DelegatingConstructorAccessorImpl.java:45)
	at java.lang.reflect.Constructor.newInstance(Constructor.java:526)
	at junit.runner.BaseTestRunner.getTest(BaseTestRunner.java:117)
)
11) warning(junit.framework.TestSuite$1)junit.framework.AssertionFailedError: Exception in constructor: testConstantRedefinedInLocalScope2 (java.lang.NoClassDefFoundError: com/google/common/collect/ImmutableList
	at com.google.javascript.jscomp.CompilerTestCase.<init>(CompilerTestCase.java:157)
	at com.google.javascript.jscomp.CompilerTestCase.<init>(CompilerTestCase.java:176)
	at com.google.javascript.jscomp.ConstCheckTest.<init>(ConstCheckTest.java:26)
	at sun.reflect.NativeConstructorAccessorImpl.newInstance0(Native Method)
	at sun.reflect.NativeConstructorAccessorImpl.newInstance(NativeConstructorAccessorImpl.java:57)
	at sun.reflect.DelegatingConstructorAccessorImpl.newInstance(DelegatingConstructorAccessorImpl.java:45)
	at java.lang.reflect.Constructor.newInstance(Constructor.java:526)
	at junit.runner.BaseTestRunner.getTest(BaseTestRunner.java:117)
)
12) warning(junit.framework.TestSuite$1)junit.framework.AssertionFailedError: Exception in constructor: testConstantRedefinedInLocalScopeOutOfOrder (java.lang.NoClassDefFoundError: com/google/common/collect/ImmutableList
	at com.google.javascript.jscomp.CompilerTestCase.<init>(CompilerTestCase.java:157)
	at com.google.javascript.jscomp.CompilerTestCase.<init>(CompilerTestCase.java:176)
	at com.google.javascript.jscomp.ConstCheckTest.<init>(ConstCheckTest.java:26)
	at sun.reflect.NativeConstructorAccessorImpl.newInstance0(Native Method)
	at sun.reflect.NativeConstructorAccessorImpl.newInstance(NativeConstructorAccessorImpl.java:57)
	at sun.reflect.DelegatingConstructorAccessorImpl.newInstance(DelegatingConstructorAccessorImpl.java:45)
	at java.lang.reflect.Constructor.newInstance(Constructor.java:526)
	at junit.runner.BaseTestRunner.getTest(BaseTestRunner.java:117)
)
13) warning(junit.framework.TestSuite$1)junit.framework.AssertionFailedError: Exception in constructor: testConstantPostIncremented1 (java.lang.NoClassDefFoundError: com/google/common/collect/ImmutableList
	at com.google.javascript.jscomp.CompilerTestCase.<init>(CompilerTestCase.java:157)
	at com.google.javascript.jscomp.CompilerTestCase.<init>(CompilerTestCase.java:176)
	at com.google.javascript.jscomp.ConstCheckTest.<init>(ConstCheckTest.java:26)
	at sun.reflect.NativeConstructorAccessorImpl.newInstance0(Native Method)
	at sun.reflect.NativeConstructorAccessorImpl.newInstance(NativeConstructorAccessorImpl.java:57)
	at sun.reflect.DelegatingConstructorAccessorImpl.newInstance(DelegatingConstructorAccessorImpl.java:45)
	at java.lang.reflect.Constructor.newInstance(Constructor.java:526)
	at junit.runner.BaseTestRunner.getTest(BaseTestRunner.java:117)
)
14) warning(junit.framework.TestSuite$1)junit.framework.AssertionFailedError: Exception in constructor: testConstantPostIncremented2 (java.lang.NoClassDefFoundError: com/google/common/collect/ImmutableList
	at com.google.javascript.jscomp.CompilerTestCase.<init>(CompilerTestCase.java:157)
	at com.google.javascript.jscomp.CompilerTestCase.<init>(CompilerTestCase.java:176)
	at com.google.javascript.jscomp.ConstCheckTest.<init>(ConstCheckTest.java:26)
	at sun.reflect.NativeConstructorAccessorImpl.newInstance0(Native Method)
	at sun.reflect.NativeConstructorAccessorImpl.newInstance(NativeConstructorAccessorImpl.java:57)
	at sun.reflect.DelegatingConstructorAccessorImpl.newInstance(DelegatingConstructorAccessorImpl.java:45)
	at java.lang.reflect.Constructor.newInstance(Constructor.java:526)
	at junit.runner.BaseTestRunner.getTest(BaseTestRunner.java:117)
)
15) warning(junit.framework.TestSuite$1)junit.framework.AssertionFailedError: Exception in constructor: testConstantPreIncremented1 (java.lang.NoClassDefFoundError: com/google/common/collect/ImmutableList
	at com.google.javascript.jscomp.CompilerTestCase.<init>(CompilerTestCase.java:157)
	at com.google.javascript.jscomp.CompilerTestCase.<init>(CompilerTestCase.java:176)
	at com.google.javascript.jscomp.ConstCheckTest.<init>(ConstCheckTest.java:26)
	at sun.reflect.NativeConstructorAccessorImpl.newInstance0(Native Method)
	at sun.reflect.NativeConstructorAccessorImpl.newInstance(NativeConstructorAccessorImpl.java:57)
	at sun.reflect.DelegatingConstructorAccessorImpl.newInstance(DelegatingConstructorAccessorImpl.java:45)
	at java.lang.reflect.Constructor.newInstance(Constructor.java:526)
	at junit.runner.BaseTestRunner.getTest(BaseTestRunner.java:117)
)
16) warning(junit.framework.TestSuite$1)junit.framework.AssertionFailedError: Exception in constructor: testConstantPreIncremented2 (java.lang.NoClassDefFoundError: com/google/common/collect/ImmutableList
	at com.google.javascript.jscomp.CompilerTestCase.<init>(CompilerTestCase.java:157)
	at com.google.javascript.jscomp.CompilerTestCase.<init>(CompilerTestCase.java:176)
	at com.google.javascript.jscomp.ConstCheckTest.<init>(ConstCheckTest.java:26)
	at sun.reflect.NativeConstructorAccessorImpl.newInstance0(Native Method)
	at sun.reflect.NativeConstructorAccessorImpl.newInstance(NativeConstructorAccessorImpl.java:57)
	at sun.reflect.DelegatingConstructorAccessorImpl.newInstance(DelegatingConstructorAccessorImpl.java:45)
	at java.lang.reflect.Constructor.newInstance(Constructor.java:526)
	at junit.runner.BaseTestRunner.getTest(BaseTestRunner.java:117)
)
17) warning(junit.framework.TestSuite$1)junit.framework.AssertionFailedError: Exception in constructor: testConstantPostDecremented1 (java.lang.NoClassDefFoundError: com/google/common/collect/ImmutableList
	at com.google.javascript.jscomp.CompilerTestCase.<init>(CompilerTestCase.java:157)
	at com.google.javascript.jscomp.CompilerTestCase.<init>(CompilerTestCase.java:176)
	at com.google.javascript.jscomp.ConstCheckTest.<init>(ConstCheckTest.java:26)
	at sun.reflect.GeneratedConstructorAccessor1.newInstance(Unknown Source)
	at sun.reflect.DelegatingConstructorAccessorImpl.newInstance(DelegatingConstructorAccessorImpl.java:45)
	at java.lang.reflect.Constructor.newInstance(Constructor.java:526)
	at junit.runner.BaseTestRunner.getTest(BaseTestRunner.java:117)
)
18) warning(junit.framework.TestSuite$1)junit.framework.AssertionFailedError: Exception in constructor: testConstantPostDecremented2 (java.lang.NoClassDefFoundError: com/google/common/collect/ImmutableList
	at com.google.javascript.jscomp.CompilerTestCase.<init>(CompilerTestCase.java:157)
	at com.google.javascript.jscomp.CompilerTestCase.<init>(CompilerTestCase.java:176)
	at com.google.javascript.jscomp.ConstCheckTest.<init>(ConstCheckTest.java:26)
	at sun.reflect.GeneratedConstructorAccessor1.newInstance(Unknown Source)
	at sun.reflect.DelegatingConstructorAccessorImpl.newInstance(DelegatingConstructorAccessorImpl.java:45)
	at java.lang.reflect.Constructor.newInstance(Constructor.java:526)
	at junit.runner.BaseTestRunner.getTest(BaseTestRunner.java:117)
)
19) warning(junit.framework.TestSuite$1)junit.framework.AssertionFailedError: Exception in constructor: testConstantPreDecremented1 (java.lang.NoClassDefFoundError: com/google/common/collect/ImmutableList
	at com.google.javascript.jscomp.CompilerTestCase.<init>(CompilerTestCase.java:157)
	at com.google.javascript.jscomp.CompilerTestCase.<init>(CompilerTestCase.java:176)
	at com.google.javascript.jscomp.ConstCheckTest.<init>(ConstCheckTest.java:26)
	at sun.reflect.GeneratedConstructorAccessor1.newInstance(Unknown Source)
	at sun.reflect.DelegatingConstructorAccessorImpl.newInstance(DelegatingConstructorAccessorImpl.java:45)
	at java.lang.reflect.Constructor.newInstance(Constructor.java:526)
	at junit.runner.BaseTestRunner.getTest(BaseTestRunner.java:117)
)
20) warning(junit.framework.TestSuite$1)junit.framework.AssertionFailedError: Exception in constructor: testConstantPreDecremented2 (java.lang.NoClassDefFoundError: com/google/common/collect/ImmutableList
	at com.google.javascript.jscomp.CompilerTestCase.<init>(CompilerTestCase.java:157)
	at com.google.javascript.jscomp.CompilerTestCase.<init>(CompilerTestCase.java:176)
	at com.google.javascript.jscomp.ConstCheckTest.<init>(ConstCheckTest.java:26)
	at sun.reflect.GeneratedConstructorAccessor1.newInstance(Unknown Source)
	at sun.reflect.DelegatingConstructorAccessorImpl.newInstance(DelegatingConstructorAccessorImpl.java:45)
	at java.lang.reflect.Constructor.newInstance(Constructor.java:526)
	at junit.runner.BaseTestRunner.getTest(BaseTestRunner.java:117)
)
21) warning(junit.framework.TestSuite$1)junit.framework.AssertionFailedError: Exception in constructor: testAbbreviatedArithmeticAssignment1 (java.lang.NoClassDefFoundError: com/google/common/collect/ImmutableList
	at com.google.javascript.jscomp.CompilerTestCase.<init>(CompilerTestCase.java:157)
	at com.google.javascript.jscomp.CompilerTestCase.<init>(CompilerTestCase.java:176)
	at com.google.javascript.jscomp.ConstCheckTest.<init>(ConstCheckTest.java:26)
	at sun.reflect.GeneratedConstructorAccessor1.newInstance(Unknown Source)
	at sun.reflect.DelegatingConstructorAccessorImpl.newInstance(DelegatingConstructorAccessorImpl.java:45)
	at java.lang.reflect.Constructor.newInstance(Constructor.java:526)
	at junit.runner.BaseTestRunner.getTest(BaseTestRunner.java:117)
)
22) warning(junit.framework.TestSuite$1)junit.framework.AssertionFailedError: Exception in constructor: testAbbreviatedArithmeticAssignment2 (java.lang.NoClassDefFoundError: com/google/common/collect/ImmutableList
	at com.google.javascript.jscomp.CompilerTestCase.<init>(CompilerTestCase.java:157)
	at com.google.javascript.jscomp.CompilerTestCase.<init>(CompilerTestCase.java:176)
	at com.google.javascript.jscomp.ConstCheckTest.<init>(ConstCheckTest.java:26)
	at sun.reflect.GeneratedConstructorAccessor1.newInstance(Unknown Source)
	at sun.reflect.DelegatingConstructorAccessorImpl.newInstance(DelegatingConstructorAccessorImpl.java:45)
	at java.lang.reflect.Constructor.newInstance(Constructor.java:526)
	at junit.runner.BaseTestRunner.getTest(BaseTestRunner.java:117)
)
23) warning(junit.framework.TestSuite$1)junit.framework.AssertionFailedError: Exception in constructor: testAbbreviatedBitAssignment1 (java.lang.NoClassDefFoundError: com/google/common/collect/ImmutableList
	at com.google.javascript.jscomp.CompilerTestCase.<init>(CompilerTestCase.java:157)
	at com.google.javascript.jscomp.CompilerTestCase.<init>(CompilerTestCase.java:176)
	at com.google.javascript.jscomp.ConstCheckTest.<init>(ConstCheckTest.java:26)
	at sun.reflect.GeneratedConstructorAccessor1.newInstance(Unknown Source)
	at sun.reflect.DelegatingConstructorAccessorImpl.newInstance(DelegatingConstructorAccessorImpl.java:45)
	at java.lang.reflect.Constructor.newInstance(Constructor.java:526)
	at junit.runner.BaseTestRunner.getTest(BaseTestRunner.java:117)
)
24) warning(junit.framework.TestSuite$1)junit.framework.AssertionFailedError: Exception in constructor: testAbbreviatedBitAssignment2 (java.lang.NoClassDefFoundError: com/google/common/collect/ImmutableList
	at com.google.javascript.jscomp.CompilerTestCase.<init>(CompilerTestCase.java:157)
	at com.google.javascript.jscomp.CompilerTestCase.<init>(CompilerTestCase.java:176)
	at com.google.javascript.jscomp.ConstCheckTest.<init>(ConstCheckTest.java:26)
	at sun.reflect.GeneratedConstructorAccessor1.newInstance(Unknown Source)
	at sun.reflect.DelegatingConstructorAccessorImpl.newInstance(DelegatingConstructorAccessorImpl.java:45)
	at java.lang.reflect.Constructor.newInstance(Constructor.java:526)
	at junit.runner.BaseTestRunner.getTest(BaseTestRunner.java:117)
)
25) warning(junit.framework.TestSuite$1)junit.framework.AssertionFailedError: Exception in constructor: testAbbreviatedShiftAssignment1 (java.lang.NoClassDefFoundError: com/google/common/collect/ImmutableList
	at com.google.javascript.jscomp.CompilerTestCase.<init>(CompilerTestCase.java:157)
	at com.google.javascript.jscomp.CompilerTestCase.<init>(CompilerTestCase.java:176)
	at com.google.javascript.jscomp.ConstCheckTest.<init>(ConstCheckTest.java:26)
	at sun.reflect.GeneratedConstructorAccessor1.newInstance(Unknown Source)
	at sun.reflect.DelegatingConstructorAccessorImpl.newInstance(DelegatingConstructorAccessorImpl.java:45)
	at java.lang.reflect.Constructor.newInstance(Constructor.java:526)
	at junit.runner.BaseTestRunner.getTest(BaseTestRunner.java:117)
)
26) warning(junit.framework.TestSuite$1)junit.framework.AssertionFailedError: Exception in constructor: testAbbreviatedShiftAssignment2 (java.lang.NoClassDefFoundError: com/google/common/collect/ImmutableList
	at com.google.javascript.jscomp.CompilerTestCase.<init>(CompilerTestCase.java:157)
	at com.google.javascript.jscomp.CompilerTestCase.<init>(CompilerTestCase.java:176)
	at com.google.javascript.jscomp.ConstCheckTest.<init>(ConstCheckTest.java:26)
	at sun.reflect.GeneratedConstructorAccessor1.newInstance(Unknown Source)
	at sun.reflect.DelegatingConstructorAccessorImpl.newInstance(DelegatingConstructorAccessorImpl.java:45)
	at java.lang.reflect.Constructor.newInstance(Constructor.java:526)
	at junit.runner.BaseTestRunner.getTest(BaseTestRunner.java:117)
)
27) warning(junit.framework.TestSuite$1)junit.framework.AssertionFailedError: Exception in constructor: testConstAnnotation (java.lang.NoClassDefFoundError: com/google/common/collect/ImmutableList
	at com.google.javascript.jscomp.CompilerTestCase.<init>(CompilerTestCase.java:157)
	at com.google.javascript.jscomp.CompilerTestCase.<init>(CompilerTestCase.java:176)
	at com.google.javascript.jscomp.ConstCheckTest.<init>(ConstCheckTest.java:26)
	at sun.reflect.GeneratedConstructorAccessor1.newInstance(Unknown Source)
	at sun.reflect.DelegatingConstructorAccessorImpl.newInstance(DelegatingConstructorAccessorImpl.java:45)
	at java.lang.reflect.Constructor.newInstance(Constructor.java:526)
	at junit.runner.BaseTestRunner.getTest(BaseTestRunner.java:117)
)
28) warning(junit.framework.TestSuite$1)junit.framework.AssertionFailedError: Exception in constructor: testConstSuppressionInFileJsDoc (java.lang.NoClassDefFoundError: com/google/common/collect/ImmutableList
	at com.google.javascript.jscomp.CompilerTestCase.<init>(CompilerTestCase.java:157)
	at com.google.javascript.jscomp.CompilerTestCase.<init>(CompilerTestCase.java:176)
	at com.google.javascript.jscomp.ConstCheckTest.<init>(ConstCheckTest.java:26)
	at sun.reflect.GeneratedConstructorAccessor1.newInstance(Unknown Source)
	at sun.reflect.DelegatingConstructorAccessorImpl.newInstance(DelegatingConstructorAccessorImpl.java:45)
	at java.lang.reflect.Constructor.newInstance(Constructor.java:526)
	at junit.runner.BaseTestRunner.getTest(BaseTestRunner.java:117)
)
29) warning(junit.framework.TestSuite$1)junit.framework.AssertionFailedError: Exception in constructor: testConstSuppressionOnAssignment (java.lang.NoClassDefFoundError: com/google/common/collect/ImmutableList
	at com.google.javascript.jscomp.CompilerTestCase.<init>(CompilerTestCase.java:157)
	at com.google.javascript.jscomp.CompilerTestCase.<init>(CompilerTestCase.java:176)
	at com.google.javascript.jscomp.ConstCheckTest.<init>(ConstCheckTest.java:26)
	at sun.reflect.GeneratedConstructorAccessor1.newInstance(Unknown Source)
	at sun.reflect.DelegatingConstructorAccessorImpl.newInstance(DelegatingConstructorAccessorImpl.java:45)
	at java.lang.reflect.Constructor.newInstance(Constructor.java:526)
	at junit.runner.BaseTestRunner.getTest(BaseTestRunner.java:117)
)
30) warning(junit.framework.TestSuite$1)junit.framework.AssertionFailedError: Exception in constructor: testConstSuppressionOnAddAssign (java.lang.NoClassDefFoundError: com/google/common/collect/ImmutableList
	at com.google.javascript.jscomp.CompilerTestCase.<init>(CompilerTestCase.java:157)
	at com.google.javascript.jscomp.CompilerTestCase.<init>(CompilerTestCase.java:176)
	at com.google.javascript.jscomp.ConstCheckTest.<init>(ConstCheckTest.java:26)
	at sun.reflect.GeneratedConstructorAccessor1.newInstance(Unknown Source)
	at sun.reflect.DelegatingConstructorAccessorImpl.newInstance(DelegatingConstructorAccessorImpl.java:45)
	at java.lang.reflect.Constructor.newInstance(Constructor.java:526)
	at junit.runner.BaseTestRunner.getTest(BaseTestRunner.java:117)
)
31) warning(junit.framework.TestSuite$1)junit.framework.AssertionFailedError: Exception in constructor: testConstSuppressionOnVar (java.lang.NoClassDefFoundError: com/google/common/collect/ImmutableList
	at com.google.javascript.jscomp.CompilerTestCase.<init>(CompilerTestCase.java:157)
	at com.google.javascript.jscomp.CompilerTestCase.<init>(CompilerTestCase.java:176)
	at com.google.javascript.jscomp.ConstCheckTest.<init>(ConstCheckTest.java:26)
	at sun.reflect.GeneratedConstructorAccessor1.newInstance(Unknown Source)
	at sun.reflect.DelegatingConstructorAccessorImpl.newInstance(DelegatingConstructorAccessorImpl.java:45)
	at java.lang.reflect.Constructor.newInstance(Constructor.java:526)
	at junit.runner.BaseTestRunner.getTest(BaseTestRunner.java:117)
)
32) warning(junit.framework.TestSuite$1)junit.framework.AssertionFailedError: Exception in constructor: testConstSuppressionOnVarFromExterns (java.lang.NoClassDefFoundError: com/google/common/collect/ImmutableList
	at com.google.javascript.jscomp.CompilerTestCase.<init>(CompilerTestCase.java:157)
	at com.google.javascript.jscomp.CompilerTestCase.<init>(CompilerTestCase.java:176)
	at com.google.javascript.jscomp.ConstCheckTest.<init>(ConstCheckTest.java:26)
	at sun.reflect.GeneratedConstructorAccessor1.newInstance(Unknown Source)
	at sun.reflect.DelegatingConstructorAccessorImpl.newInstance(DelegatingConstructorAccessorImpl.java:45)
	at java.lang.reflect.Constructor.newInstance(Constructor.java:526)
	at junit.runner.BaseTestRunner.getTest(BaseTestRunner.java:117)
)
33) warning(junit.framework.TestSuite$1)junit.framework.AssertionFailedError: Exception in constructor: testConstSuppressionOnInc (java.lang.NoClassDefFoundError: com/google/common/collect/ImmutableList
	at com.google.javascript.jscomp.CompilerTestCase.<init>(CompilerTestCase.java:157)
	at com.google.javascript.jscomp.CompilerTestCase.<init>(CompilerTestCase.java:176)
	at com.google.javascript.jscomp.ConstCheckTest.<init>(ConstCheckTest.java:26)
	at sun.reflect.GeneratedConstructorAccessor1.newInstance(Unknown Source)
	at sun.reflect.DelegatingConstructorAccessorImpl.newInstance(DelegatingConstructorAccessorImpl.java:45)
	at java.lang.reflect.Constructor.newInstance(Constructor.java:526)
	at junit.runner.BaseTestRunner.getTest(BaseTestRunner.java:117)
)
34) warning(junit.framework.TestSuite$1)junit.framework.AssertionFailedError: Exception in constructor: testConstNameInExterns (java.lang.NoClassDefFoundError: com/google/common/collect/ImmutableList
	at com.google.javascript.jscomp.CompilerTestCase.<init>(CompilerTestCase.java:157)
	at com.google.javascript.jscomp.CompilerTestCase.<init>(CompilerTestCase.java:176)
	at com.google.javascript.jscomp.ConstCheckTest.<init>(ConstCheckTest.java:26)
	at sun.reflect.GeneratedConstructorAccessor1.newInstance(Unknown Source)
	at sun.reflect.DelegatingConstructorAccessorImpl.newInstance(DelegatingConstructorAccessorImpl.java:45)
	at java.lang.reflect.Constructor.newInstance(Constructor.java:526)
	at junit.runner.BaseTestRunner.getTest(BaseTestRunner.java:117)
)

FAILURES!!!
Tests run: 34,  Failures: 34,  Errors: 0

