.E.E.E.E.E
Time: 0.007
There were 5 errors:
1) testParameterizedArrayType(com.google.javascript.jscomp.ConvertDeclaredTypesToJSDocTest)java.lang.NoClassDefFoundError: com/google/common/collect/ImmutableSet
	at com.google.javascript.jscomp.parsing.JsDocInfoParser.<clinit>(JsDocInfoParser.java:97)
	at com.google.javascript.jscomp.ConvertDeclaredTypesToJSDocTest.assertTypeConversion(ConvertDeclaredTypesToJSDocTest.java:73)
	at com.google.javascript.jscomp.ConvertDeclaredTypesToJSDocTest.testParameterizedArrayType(ConvertDeclaredTypesToJSDocTest.java:53)
	at sun.reflect.NativeMethodAccessorImpl.invoke0(Native Method)
	at sun.reflect.NativeMethodAccessorImpl.invoke(NativeMethodAccessorImpl.java:57)
	at sun.reflect.DelegatingMethodAccessorImpl.invoke(DelegatingMethodAccessorImpl.java:43)
Caused by: java.lang.ClassNotFoundException: com.google.common.collect.ImmutableSet
	at java.net.URLClassLoader$1.run(URLClassLoader.java:366)
	at java.net.URLClassLoader$1.run(URLClassLoader.java:355)
	at java.security.AccessController.doPrivileged(Native Method)
	at java.net.URLClassLoader.findClass(URLClassLoader.java:354)
	at java.lang.ClassLoader.loadClass(ClassLoader.java:425)
	at sun.misc.Launcher$AppClassLoader.loadClass(Launcher.java:308)
	at java.lang.ClassLoader.loadClass(ClassLoader.java:358)
	... 18 more
2) testBuiltins(com.google.javascript.jscomp.ConvertDeclaredTypesToJSDocTest)java.lang.NoClassDefFoundError: Could not initialize class com.google.javascript.jscomp.parsing.JsDocInfoParser
	at com.google.javascript.jscomp.ConvertDeclaredTypesToJSDocTest.assertTypeConversion(ConvertDeclaredTypesToJSDocTest.java:73)
	at com.google.javascript.jscomp.ConvertDeclaredTypesToJSDocTest.testBuiltins(ConvertDeclaredTypesToJSDocTest.java:29)
	at sun.reflect.NativeMethodAccessorImpl.invoke0(Native Method)
	at sun.reflect.NativeMethodAccessorImpl.invoke(NativeMethodAccessorImpl.java:57)
	at sun.reflect.DelegatingMethodAccessorImpl.invoke(DelegatingMethodAccessorImpl.java:43)
3) testNamedType(com.google.javascript.jscomp.ConvertDeclaredTypesToJSDocTest)java.lang.NoClassDefFoundError: Could not initialize class com.google.javascript.jscomp.parsing.JsDocInfoParser
	at com.google.javascript.jscomp.ConvertDeclaredTypesToJSDocTest.assertTypeConversion(ConvertDeclaredTypesToJSDocTest.java:73)
	at com.google.javascript.jscomp.ConvertDeclaredTypesToJSDocTest.testNamedType(ConvertDeclaredTypesToJSDocTest.java:37)
	at sun.reflect.NativeMethodAccessorImpl.invoke0(Native Method)
	at sun.reflect.NativeMethodAccessorImpl.invoke(NativeMethodAccessorImpl.java:57)
	at sun.reflect.DelegatingMethodAccessorImpl.invoke(DelegatingMethodAccessorImpl.java:43)
4) testArrayType(com.google.javascript.jscomp.ConvertDeclaredTypesToJSDocTest)java.lang.NoClassDefFoundError: Could not initialize class com.google.javascript.jscomp.parsing.JsDocInfoParser
	at com.google.javascript.jscomp.ConvertDeclaredTypesToJSDocTest.assertTypeConversion(ConvertDeclaredTypesToJSDocTest.java:73)
	at com.google.javascript.jscomp.ConvertDeclaredTypesToJSDocTest.testArrayType(ConvertDeclaredTypesToJSDocTest.java:42)
	at sun.reflect.NativeMethodAccessorImpl.invoke0(Native Method)
	at sun.reflect.NativeMethodAccessorImpl.invoke(NativeMethodAccessorImpl.java:57)
	at sun.reflect.DelegatingMethodAccessorImpl.invoke(DelegatingMethodAccessorImpl.java:43)
5) testParameterizedType(com.google.javascript.jscomp.ConvertDeclaredTypesToJSDocTest)java.lang.NoClassDefFoundError: Could not initialize class com.google.javascript.jscomp.parsing.JsDocInfoParser
	at com.google.javascript.jscomp.ConvertDeclaredTypesToJSDocTest.assertTypeConversion(ConvertDeclaredTypesToJSDocTest.java:73)
	at com.google.javascript.jscomp.ConvertDeclaredTypesToJSDocTest.testParameterizedType(ConvertDeclaredTypesToJSDocTest.java:47)
	at sun.reflect.NativeMethodAccessorImpl.invoke0(Native Method)
	at sun.reflect.NativeMethodAccessorImpl.invoke(NativeMethodAccessorImpl.java:57)
	at sun.reflect.DelegatingMethodAccessorImpl.invoke(DelegatingMethodAccessorImpl.java:43)

FAILURES!!!
Tests run: 5,  Failures: 0,  Errors: 5

