.E
Time: 0.009
There was 1 error:
1) testWindowsAddresses(com.google.javascript.jscomp.ES6ModuleLoaderTest)java.lang.NoClassDefFoundError: com/google/common/base/Function
	at com.google.javascript.jscomp.ES6ModuleLoaderTest.setUp(ES6ModuleLoaderTest.java:37)
Caused by: java.lang.ClassNotFoundException: com.google.common.base.Function
	at java.net.URLClassLoader$1.run(URLClassLoader.java:366)
	at java.net.URLClassLoader$1.run(URLClassLoader.java:355)
	at java.security.AccessController.doPrivileged(Native Method)
	at java.net.URLClassLoader.findClass(URLClassLoader.java:354)
	at java.lang.ClassLoader.loadClass(ClassLoader.java:425)
	at sun.misc.Launcher$AppClassLoader.loadClass(Launcher.java:308)
	at java.lang.ClassLoader.loadClass(ClassLoader.java:358)
	... 11 more

FAILURES!!!
Tests run: 1,  Failures: 0,  Errors: 1

