.E.E.E.E.E.E.E.E.E.E.E.E.E.E.E.E.E.E.E.E.E.E.E.E
Time: 0.011
There were 24 errors:
1) testArrayDestructuring(com.google.javascript.jscomp.Es6SyntacticScopeCreatorTest)java.lang.NoClassDefFoundError: com/google/common/base/Function
	at com.google.javascript.jscomp.Es6SyntacticScopeCreatorTest.setUp(Es6SyntacticScopeCreatorTest.java:50)
Caused by: java.lang.ClassNotFoundException: com.google.common.base.Function
	at java.net.URLClassLoader$1.run(URLClassLoader.java:366)
	at java.net.URLClassLoader$1.run(URLClassLoader.java:355)
	at java.security.AccessController.doPrivileged(Native Method)
	at java.net.URLClassLoader.findClass(URLClassLoader.java:354)
	at java.lang.ClassLoader.loadClass(ClassLoader.java:425)
	at sun.misc.Launcher$AppClassLoader.loadClass(Launcher.java:308)
	at java.lang.ClassLoader.loadClass(ClassLoader.java:358)
	... 11 more
2) testNestedArrayDestructuring(com.google.javascript.jscomp.Es6SyntacticScopeCreatorTest)java.lang.NoClassDefFoundError: com/google/common/base/Function
	at com.google.javascript.jscomp.Es6SyntacticScopeCreatorTest.setUp(Es6SyntacticScopeCreatorTest.java:50)
Caused by: java.lang.ClassNotFoundException: com.google.common.base.Function
	at java.net.URLClassLoader$1.run(URLClassLoader.java:366)
	at java.net.URLClassLoader$1.run(URLClassLoader.java:355)
	at java.security.AccessController.doPrivileged(Native Method)
	at java.net.URLClassLoader.findClass(URLClassLoader.java:354)
	at java.lang.ClassLoader.loadClass(ClassLoader.java:425)
	at sun.misc.Launcher$AppClassLoader.loadClass(Launcher.java:308)
	at java.lang.ClassLoader.loadClass(ClassLoader.java:358)
	... 11 more
3) testArrayDestructuringWithName(com.google.javascript.jscomp.Es6SyntacticScopeCreatorTest)java.lang.NoClassDefFoundError: com/google/common/base/Function
	at com.google.javascript.jscomp.Es6SyntacticScopeCreatorTest.setUp(Es6SyntacticScopeCreatorTest.java:50)
Caused by: java.lang.ClassNotFoundException: com.google.common.base.Function
	at java.net.URLClassLoader$1.run(URLClassLoader.java:366)
	at java.net.URLClassLoader$1.run(URLClassLoader.java:355)
	at java.security.AccessController.doPrivileged(Native Method)
	at java.net.URLClassLoader.findClass(URLClassLoader.java:354)
	at java.lang.ClassLoader.loadClass(ClassLoader.java:425)
	at sun.misc.Launcher$AppClassLoader.loadClass(Launcher.java:308)
	at java.lang.ClassLoader.loadClass(ClassLoader.java:358)
	... 11 more
4) testArrayDestructuringLet(com.google.javascript.jscomp.Es6SyntacticScopeCreatorTest)java.lang.NoClassDefFoundError: com/google/common/base/Function
	at com.google.javascript.jscomp.Es6SyntacticScopeCreatorTest.setUp(Es6SyntacticScopeCreatorTest.java:50)
Caused by: java.lang.ClassNotFoundException: com.google.common.base.Function
	at java.net.URLClassLoader$1.run(URLClassLoader.java:366)
	at java.net.URLClassLoader$1.run(URLClassLoader.java:355)
	at java.security.AccessController.doPrivileged(Native Method)
	at java.net.URLClassLoader.findClass(URLClassLoader.java:354)
	at java.lang.ClassLoader.loadClass(ClassLoader.java:425)
	at sun.misc.Launcher$AppClassLoader.loadClass(Launcher.java:308)
	at java.lang.ClassLoader.loadClass(ClassLoader.java:358)
	... 11 more
5) testArrayDestructuringVarInBlock(com.google.javascript.jscomp.Es6SyntacticScopeCreatorTest)java.lang.NoClassDefFoundError: com/google/common/base/Function
	at com.google.javascript.jscomp.Es6SyntacticScopeCreatorTest.setUp(Es6SyntacticScopeCreatorTest.java:50)
Caused by: java.lang.ClassNotFoundException: com.google.common.base.Function
	at java.net.URLClassLoader$1.run(URLClassLoader.java:366)
	at java.net.URLClassLoader$1.run(URLClassLoader.java:355)
	at java.security.AccessController.doPrivileged(Native Method)
	at java.net.URLClassLoader.findClass(URLClassLoader.java:354)
	at java.lang.ClassLoader.loadClass(ClassLoader.java:425)
	at sun.misc.Launcher$AppClassLoader.loadClass(Launcher.java:308)
	at java.lang.ClassLoader.loadClass(ClassLoader.java:358)
	... 11 more
6) testObjectDestructuring(com.google.javascript.jscomp.Es6SyntacticScopeCreatorTest)java.lang.NoClassDefFoundError: com/google/common/base/Function
	at com.google.javascript.jscomp.Es6SyntacticScopeCreatorTest.setUp(Es6SyntacticScopeCreatorTest.java:50)
Caused by: java.lang.ClassNotFoundException: com.google.common.base.Function
	at java.net.URLClassLoader$1.run(URLClassLoader.java:366)
	at java.net.URLClassLoader$1.run(URLClassLoader.java:355)
	at java.security.AccessController.doPrivileged(Native Method)
	at java.net.URLClassLoader.findClass(URLClassLoader.java:354)
	at java.lang.ClassLoader.loadClass(ClassLoader.java:425)
	at sun.misc.Launcher$AppClassLoader.loadClass(Launcher.java:308)
	at java.lang.ClassLoader.loadClass(ClassLoader.java:358)
	... 11 more
7) testObjectDestructuring2(com.google.javascript.jscomp.Es6SyntacticScopeCreatorTest)java.lang.NoClassDefFoundError: com/google/common/base/Function
	at com.google.javascript.jscomp.Es6SyntacticScopeCreatorTest.setUp(Es6SyntacticScopeCreatorTest.java:50)
Caused by: java.lang.ClassNotFoundException: com.google.common.base.Function
	at java.net.URLClassLoader$1.run(URLClassLoader.java:366)
	at java.net.URLClassLoader$1.run(URLClassLoader.java:355)
	at java.security.AccessController.doPrivileged(Native Method)
	at java.net.URLClassLoader.findClass(URLClassLoader.java:354)
	at java.lang.ClassLoader.loadClass(ClassLoader.java:425)
	at sun.misc.Launcher$AppClassLoader.loadClass(Launcher.java:308)
	at java.lang.ClassLoader.loadClass(ClassLoader.java:358)
	... 11 more
8) testObjectDestructuringComputedProp(com.google.javascript.jscomp.Es6SyntacticScopeCreatorTest)java.lang.NoClassDefFoundError: com/google/common/base/Function
	at com.google.javascript.jscomp.Es6SyntacticScopeCreatorTest.setUp(Es6SyntacticScopeCreatorTest.java:50)
Caused by: java.lang.ClassNotFoundException: com.google.common.base.Function
	at java.net.URLClassLoader$1.run(URLClassLoader.java:366)
	at java.net.URLClassLoader$1.run(URLClassLoader.java:355)
	at java.security.AccessController.doPrivileged(Native Method)
	at java.net.URLClassLoader.findClass(URLClassLoader.java:354)
	at java.lang.ClassLoader.loadClass(ClassLoader.java:425)
	at sun.misc.Launcher$AppClassLoader.loadClass(Launcher.java:308)
	at java.lang.ClassLoader.loadClass(ClassLoader.java:358)
	... 11 more
9) testObjectDestructuringComputedPropParam(com.google.javascript.jscomp.Es6SyntacticScopeCreatorTest)java.lang.NoClassDefFoundError: com/google/common/base/Function
	at com.google.javascript.jscomp.Es6SyntacticScopeCreatorTest.setUp(Es6SyntacticScopeCreatorTest.java:50)
Caused by: java.lang.ClassNotFoundException: com.google.common.base.Function
	at java.net.URLClassLoader$1.run(URLClassLoader.java:366)
	at java.net.URLClassLoader$1.run(URLClassLoader.java:355)
	at java.security.AccessController.doPrivileged(Native Method)
	at java.net.URLClassLoader.findClass(URLClassLoader.java:354)
	at java.lang.ClassLoader.loadClass(ClassLoader.java:425)
	at sun.misc.Launcher$AppClassLoader.loadClass(Launcher.java:308)
	at java.lang.ClassLoader.loadClass(ClassLoader.java:358)
	... 11 more
10) testObjectDestructuringNested(com.google.javascript.jscomp.Es6SyntacticScopeCreatorTest)java.lang.NoClassDefFoundError: com/google/common/base/Function
	at com.google.javascript.jscomp.Es6SyntacticScopeCreatorTest.setUp(Es6SyntacticScopeCreatorTest.java:50)
Caused by: java.lang.ClassNotFoundException: com.google.common.base.Function
	at java.net.URLClassLoader$1.run(URLClassLoader.java:366)
	at java.net.URLClassLoader$1.run(URLClassLoader.java:355)
	at java.security.AccessController.doPrivileged(Native Method)
	at java.net.URLClassLoader.findClass(URLClassLoader.java:354)
	at java.lang.ClassLoader.loadClass(ClassLoader.java:425)
	at sun.misc.Launcher$AppClassLoader.loadClass(Launcher.java:308)
	at java.lang.ClassLoader.loadClass(ClassLoader.java:358)
	... 11 more
11) testObjectDestructuringWithInitializer(com.google.javascript.jscomp.Es6SyntacticScopeCreatorTest)java.lang.NoClassDefFoundError: com/google/common/base/Function
	at com.google.javascript.jscomp.Es6SyntacticScopeCreatorTest.setUp(Es6SyntacticScopeCreatorTest.java:50)
Caused by: java.lang.ClassNotFoundException: com.google.common.base.Function
	at java.net.URLClassLoader$1.run(URLClassLoader.java:366)
	at java.net.URLClassLoader$1.run(URLClassLoader.java:355)
	at java.security.AccessController.doPrivileged(Native Method)
	at java.net.URLClassLoader.findClass(URLClassLoader.java:354)
	at java.lang.ClassLoader.loadClass(ClassLoader.java:425)
	at sun.misc.Launcher$AppClassLoader.loadClass(Launcher.java:308)
	at java.lang.ClassLoader.loadClass(ClassLoader.java:358)
	... 11 more
12) testFunctionScope(com.google.javascript.jscomp.Es6SyntacticScopeCreatorTest)java.lang.NoClassDefFoundError: com/google/common/base/Function
	at com.google.javascript.jscomp.Es6SyntacticScopeCreatorTest.setUp(Es6SyntacticScopeCreatorTest.java:50)
Caused by: java.lang.ClassNotFoundException: com.google.common.base.Function
	at java.net.URLClassLoader$1.run(URLClassLoader.java:366)
	at java.net.URLClassLoader$1.run(URLClassLoader.java:355)
	at java.security.AccessController.doPrivileged(Native Method)
	at java.net.URLClassLoader.findClass(URLClassLoader.java:354)
	at java.lang.ClassLoader.loadClass(ClassLoader.java:425)
	at sun.misc.Launcher$AppClassLoader.loadClass(Launcher.java:308)
	at java.lang.ClassLoader.loadClass(ClassLoader.java:358)
	... 11 more
13) testClassScope(com.google.javascript.jscomp.Es6SyntacticScopeCreatorTest)java.lang.NoClassDefFoundError: com/google/common/base/Function
	at com.google.javascript.jscomp.Es6SyntacticScopeCreatorTest.setUp(Es6SyntacticScopeCreatorTest.java:50)
Caused by: java.lang.ClassNotFoundException: com.google.common.base.Function
	at java.net.URLClassLoader$1.run(URLClassLoader.java:366)
	at java.net.URLClassLoader$1.run(URLClassLoader.java:355)
	at java.security.AccessController.doPrivileged(Native Method)
	at java.net.URLClassLoader.findClass(URLClassLoader.java:354)
	at java.lang.ClassLoader.loadClass(ClassLoader.java:425)
	at sun.misc.Launcher$AppClassLoader.loadClass(Launcher.java:308)
	at java.lang.ClassLoader.loadClass(ClassLoader.java:358)
	... 11 more
14) testScopeRootNode(com.google.javascript.jscomp.Es6SyntacticScopeCreatorTest)java.lang.NoClassDefFoundError: com/google/common/base/Function
	at com.google.javascript.jscomp.Es6SyntacticScopeCreatorTest.setUp(Es6SyntacticScopeCreatorTest.java:50)
Caused by: java.lang.ClassNotFoundException: com.google.common.base.Function
	at java.net.URLClassLoader$1.run(URLClassLoader.java:366)
	at java.net.URLClassLoader$1.run(URLClassLoader.java:355)
	at java.security.AccessController.doPrivileged(Native Method)
	at java.net.URLClassLoader.findClass(URLClassLoader.java:354)
	at java.lang.ClassLoader.loadClass(ClassLoader.java:425)
	at sun.misc.Launcher$AppClassLoader.loadClass(Launcher.java:308)
	at java.lang.ClassLoader.loadClass(ClassLoader.java:358)
	... 11 more
15) testBlockScopeWithVar(com.google.javascript.jscomp.Es6SyntacticScopeCreatorTest)java.lang.NoClassDefFoundError: com/google/common/base/Function
	at com.google.javascript.jscomp.Es6SyntacticScopeCreatorTest.setUp(Es6SyntacticScopeCreatorTest.java:50)
Caused by: java.lang.ClassNotFoundException: com.google.common.base.Function
	at java.net.URLClassLoader$1.run(URLClassLoader.java:366)
	at java.net.URLClassLoader$1.run(URLClassLoader.java:355)
	at java.security.AccessController.doPrivileged(Native Method)
	at java.net.URLClassLoader.findClass(URLClassLoader.java:354)
	at java.lang.ClassLoader.loadClass(ClassLoader.java:425)
	at sun.misc.Launcher$AppClassLoader.loadClass(Launcher.java:308)
	at java.lang.ClassLoader.loadClass(ClassLoader.java:358)
	... 11 more
16) testBlockScopeWithLet(com.google.javascript.jscomp.Es6SyntacticScopeCreatorTest)java.lang.NoClassDefFoundError: com/google/common/base/Function
	at com.google.javascript.jscomp.Es6SyntacticScopeCreatorTest.setUp(Es6SyntacticScopeCreatorTest.java:50)
Caused by: java.lang.ClassNotFoundException: com.google.common.base.Function
	at java.net.URLClassLoader$1.run(URLClassLoader.java:366)
	at java.net.URLClassLoader$1.run(URLClassLoader.java:355)
	at java.security.AccessController.doPrivileged(Native Method)
	at java.net.URLClassLoader.findClass(URLClassLoader.java:354)
	at java.lang.ClassLoader.loadClass(ClassLoader.java:425)
	at sun.misc.Launcher$AppClassLoader.loadClass(Launcher.java:308)
	at java.lang.ClassLoader.loadClass(ClassLoader.java:358)
	... 11 more
17) testForLoopScope(com.google.javascript.jscomp.Es6SyntacticScopeCreatorTest)java.lang.NoClassDefFoundError: com/google/common/base/Function
	at com.google.javascript.jscomp.Es6SyntacticScopeCreatorTest.setUp(Es6SyntacticScopeCreatorTest.java:50)
Caused by: java.lang.ClassNotFoundException: com.google.common.base.Function
	at java.net.URLClassLoader$1.run(URLClassLoader.java:366)
	at java.net.URLClassLoader$1.run(URLClassLoader.java:355)
	at java.security.AccessController.doPrivileged(Native Method)
	at java.net.URLClassLoader.findClass(URLClassLoader.java:354)
	at java.lang.ClassLoader.loadClass(ClassLoader.java:425)
	at sun.misc.Launcher$AppClassLoader.loadClass(Launcher.java:308)
	at java.lang.ClassLoader.loadClass(ClassLoader.java:358)
	... 11 more
18) testForOfLoopScope(com.google.javascript.jscomp.Es6SyntacticScopeCreatorTest)java.lang.NoClassDefFoundError: com/google/common/base/Function
	at com.google.javascript.jscomp.Es6SyntacticScopeCreatorTest.setUp(Es6SyntacticScopeCreatorTest.java:50)
Caused by: java.lang.ClassNotFoundException: com.google.common.base.Function
	at java.net.URLClassLoader$1.run(URLClassLoader.java:366)
	at java.net.URLClassLoader$1.run(URLClassLoader.java:355)
	at java.security.AccessController.doPrivileged(Native Method)
	at java.net.URLClassLoader.findClass(URLClassLoader.java:354)
	at java.lang.ClassLoader.loadClass(ClassLoader.java:425)
	at sun.misc.Launcher$AppClassLoader.loadClass(Launcher.java:308)
	at java.lang.ClassLoader.loadClass(ClassLoader.java:358)
	... 11 more
19) testFunctionArgument(com.google.javascript.jscomp.Es6SyntacticScopeCreatorTest)java.lang.NoClassDefFoundError: com/google/common/base/Function
	at com.google.javascript.jscomp.Es6SyntacticScopeCreatorTest.setUp(Es6SyntacticScopeCreatorTest.java:50)
Caused by: java.lang.ClassNotFoundException: com.google.common.base.Function
	at java.net.URLClassLoader$1.run(URLClassLoader.java:366)
	at java.net.URLClassLoader$1.run(URLClassLoader.java:355)
	at java.security.AccessController.doPrivileged(Native Method)
	at java.net.URLClassLoader.findClass(URLClassLoader.java:354)
	at java.lang.ClassLoader.loadClass(ClassLoader.java:425)
	at sun.misc.Launcher$AppClassLoader.loadClass(Launcher.java:308)
	at java.lang.ClassLoader.loadClass(ClassLoader.java:358)
	... 11 more
20) testTheArgumentsVariable(com.google.javascript.jscomp.Es6SyntacticScopeCreatorTest)java.lang.NoClassDefFoundError: com/google/common/base/Function
	at com.google.javascript.jscomp.Es6SyntacticScopeCreatorTest.setUp(Es6SyntacticScopeCreatorTest.java:50)
Caused by: java.lang.ClassNotFoundException: com.google.common.base.Function
	at java.net.URLClassLoader$1.run(URLClassLoader.java:366)
	at java.net.URLClassLoader$1.run(URLClassLoader.java:355)
	at java.security.AccessController.doPrivileged(Native Method)
	at java.net.URLClassLoader.findClass(URLClassLoader.java:354)
	at java.lang.ClassLoader.loadClass(ClassLoader.java:425)
	at sun.misc.Launcher$AppClassLoader.loadClass(Launcher.java:308)
	at java.lang.ClassLoader.loadClass(ClassLoader.java:358)
	... 11 more
21) testIsFunctionBlockScoped(com.google.javascript.jscomp.Es6SyntacticScopeCreatorTest)java.lang.NoClassDefFoundError: com/google/common/base/Function
	at com.google.javascript.jscomp.Es6SyntacticScopeCreatorTest.setUp(Es6SyntacticScopeCreatorTest.java:50)
Caused by: java.lang.ClassNotFoundException: com.google.common.base.Function
	at java.net.URLClassLoader$1.run(URLClassLoader.java:366)
	at java.net.URLClassLoader$1.run(URLClassLoader.java:355)
	at java.security.AccessController.doPrivileged(Native Method)
	at java.net.URLClassLoader.findClass(URLClassLoader.java:354)
	at java.lang.ClassLoader.loadClass(ClassLoader.java:425)
	at sun.misc.Launcher$AppClassLoader.loadClass(Launcher.java:308)
	at java.lang.ClassLoader.loadClass(ClassLoader.java:358)
	... 11 more
22) testIsClassBlockScoped(com.google.javascript.jscomp.Es6SyntacticScopeCreatorTest)java.lang.NoClassDefFoundError: com/google/common/base/Function
	at com.google.javascript.jscomp.Es6SyntacticScopeCreatorTest.setUp(Es6SyntacticScopeCreatorTest.java:50)
Caused by: java.lang.ClassNotFoundException: com.google.common.base.Function
	at java.net.URLClassLoader$1.run(URLClassLoader.java:366)
	at java.net.URLClassLoader$1.run(URLClassLoader.java:355)
	at java.security.AccessController.doPrivileged(Native Method)
	at java.net.URLClassLoader.findClass(URLClassLoader.java:354)
	at java.lang.ClassLoader.loadClass(ClassLoader.java:425)
	at sun.misc.Launcher$AppClassLoader.loadClass(Launcher.java:308)
	at java.lang.ClassLoader.loadClass(ClassLoader.java:358)
	... 11 more
23) testIsCatchBlockScoped(com.google.javascript.jscomp.Es6SyntacticScopeCreatorTest)java.lang.NoClassDefFoundError: com/google/common/base/Function
	at com.google.javascript.jscomp.Es6SyntacticScopeCreatorTest.setUp(Es6SyntacticScopeCreatorTest.java:50)
Caused by: java.lang.ClassNotFoundException: com.google.common.base.Function
	at java.net.URLClassLoader$1.run(URLClassLoader.java:366)
	at java.net.URLClassLoader$1.run(URLClassLoader.java:355)
	at java.security.AccessController.doPrivileged(Native Method)
	at java.net.URLClassLoader.findClass(URLClassLoader.java:354)
	at java.lang.ClassLoader.loadClass(ClassLoader.java:425)
	at sun.misc.Launcher$AppClassLoader.loadClass(Launcher.java:308)
	at java.lang.ClassLoader.loadClass(ClassLoader.java:358)
	... 11 more
24) testVarAfterLet(com.google.javascript.jscomp.Es6SyntacticScopeCreatorTest)java.lang.NoClassDefFoundError: com/google/common/base/Function
	at com.google.javascript.jscomp.Es6SyntacticScopeCreatorTest.setUp(Es6SyntacticScopeCreatorTest.java:50)
Caused by: java.lang.ClassNotFoundException: com.google.common.base.Function
	at java.net.URLClassLoader$1.run(URLClassLoader.java:366)
	at java.net.URLClassLoader$1.run(URLClassLoader.java:355)
	at java.security.AccessController.doPrivileged(Native Method)
	at java.net.URLClassLoader.findClass(URLClassLoader.java:354)
	at java.lang.ClassLoader.loadClass(ClassLoader.java:425)
	at sun.misc.Launcher$AppClassLoader.loadClass(Launcher.java:308)
	at java.lang.ClassLoader.loadClass(ClassLoader.java:358)
	... 11 more

FAILURES!!!
Tests run: 24,  Failures: 0,  Errors: 24

