.E.E.E.E.E.E.E.E.E.E.E.E.E.E.E.E.E.E.E.E.E.E.E.E.E.E.E.E.E.E.E
Time: 0.02
There were 31 errors:
1) testExportSymbol(com.google.javascript.jscomp.ExternExportsPassTest)java.lang.NoClassDefFoundError: com/google/common/base/Function
	at com.google.javascript.jscomp.ExternExportsPassTest.compileAndExportExterns(ExternExportsPassTest.java:602)
	at com.google.javascript.jscomp.ExternExportsPassTest.compileAndExportExterns(ExternExportsPassTest.java:590)
	at com.google.javascript.jscomp.ExternExportsPassTest.compileAndCheck(ExternExportsPassTest.java:566)
	at com.google.javascript.jscomp.ExternExportsPassTest.testExportSymbol(ExternExportsPassTest.java:55)
	at sun.reflect.NativeMethodAccessorImpl.invoke0(Native Method)
	at sun.reflect.NativeMethodAccessorImpl.invoke(NativeMethodAccessorImpl.java:57)
	at sun.reflect.DelegatingMethodAccessorImpl.invoke(DelegatingMethodAccessorImpl.java:43)
Caused by: java.lang.ClassNotFoundException: com.google.common.base.Function
	at java.net.URLClassLoader$1.run(URLClassLoader.java:366)
	at java.net.URLClassLoader$1.run(URLClassLoader.java:355)
	at java.security.AccessController.doPrivileged(Native Method)
	at java.net.URLClassLoader.findClass(URLClassLoader.java:354)
	at java.lang.ClassLoader.loadClass(ClassLoader.java:425)
	at sun.misc.Launcher$AppClassLoader.loadClass(Launcher.java:308)
	at java.lang.ClassLoader.loadClass(ClassLoader.java:358)
	... 19 more
2) testExportProperty(com.google.javascript.jscomp.ExternExportsPassTest)java.lang.NoClassDefFoundError: com/google/common/base/Function
	at com.google.javascript.jscomp.ExternExportsPassTest.compileAndExportExterns(ExternExportsPassTest.java:602)
	at com.google.javascript.jscomp.ExternExportsPassTest.compileAndExportExterns(ExternExportsPassTest.java:590)
	at com.google.javascript.jscomp.ExternExportsPassTest.compileAndCheck(ExternExportsPassTest.java:566)
	at com.google.javascript.jscomp.ExternExportsPassTest.testExportProperty(ExternExportsPassTest.java:79)
	at sun.reflect.NativeMethodAccessorImpl.invoke0(Native Method)
	at sun.reflect.NativeMethodAccessorImpl.invoke(NativeMethodAccessorImpl.java:57)
	at sun.reflect.DelegatingMethodAccessorImpl.invoke(DelegatingMethodAccessorImpl.java:43)
Caused by: java.lang.ClassNotFoundException: com.google.common.base.Function
	at java.net.URLClassLoader$1.run(URLClassLoader.java:366)
	at java.net.URLClassLoader$1.run(URLClassLoader.java:355)
	at java.security.AccessController.doPrivileged(Native Method)
	at java.net.URLClassLoader.findClass(URLClassLoader.java:354)
	at java.lang.ClassLoader.loadClass(ClassLoader.java:425)
	at sun.misc.Launcher$AppClassLoader.loadClass(Launcher.java:308)
	at java.lang.ClassLoader.loadClass(ClassLoader.java:358)
	... 19 more
3) testExportSymbolDefinedInVar(com.google.javascript.jscomp.ExternExportsPassTest)java.lang.NoClassDefFoundError: com/google/common/base/Function
	at com.google.javascript.jscomp.ExternExportsPassTest.compileAndExportExterns(ExternExportsPassTest.java:602)
	at com.google.javascript.jscomp.ExternExportsPassTest.compileAndExportExterns(ExternExportsPassTest.java:590)
	at com.google.javascript.jscomp.ExternExportsPassTest.compileAndCheck(ExternExportsPassTest.java:566)
	at com.google.javascript.jscomp.ExternExportsPassTest.testExportSymbolDefinedInVar(ExternExportsPassTest.java:67)
	at sun.reflect.NativeMethodAccessorImpl.invoke0(Native Method)
	at sun.reflect.NativeMethodAccessorImpl.invoke(NativeMethodAccessorImpl.java:57)
	at sun.reflect.DelegatingMethodAccessorImpl.invoke(DelegatingMethodAccessorImpl.java:43)
Caused by: java.lang.ClassNotFoundException: com.google.common.base.Function
	at java.net.URLClassLoader$1.run(URLClassLoader.java:366)
	at java.net.URLClassLoader$1.run(URLClassLoader.java:355)
	at java.security.AccessController.doPrivileged(Native Method)
	at java.net.URLClassLoader.findClass(URLClassLoader.java:354)
	at java.lang.ClassLoader.loadClass(ClassLoader.java:425)
	at sun.misc.Launcher$AppClassLoader.loadClass(Launcher.java:308)
	at java.lang.ClassLoader.loadClass(ClassLoader.java:358)
	... 19 more
4) testExportMultiple(com.google.javascript.jscomp.ExternExportsPassTest)java.lang.NoClassDefFoundError: com/google/common/base/Function
	at com.google.javascript.jscomp.ExternExportsPassTest.compileAndExportExterns(ExternExportsPassTest.java:602)
	at com.google.javascript.jscomp.ExternExportsPassTest.compileAndExportExterns(ExternExportsPassTest.java:590)
	at com.google.javascript.jscomp.ExternExportsPassTest.compileAndCheck(ExternExportsPassTest.java:566)
	at com.google.javascript.jscomp.ExternExportsPassTest.testExportMultiple(ExternExportsPassTest.java:93)
	at sun.reflect.NativeMethodAccessorImpl.invoke0(Native Method)
	at sun.reflect.NativeMethodAccessorImpl.invoke(NativeMethodAccessorImpl.java:57)
	at sun.reflect.DelegatingMethodAccessorImpl.invoke(DelegatingMethodAccessorImpl.java:43)
Caused by: java.lang.ClassNotFoundException: com.google.common.base.Function
	at java.net.URLClassLoader$1.run(URLClassLoader.java:366)
	at java.net.URLClassLoader$1.run(URLClassLoader.java:355)
	at java.security.AccessController.doPrivileged(Native Method)
	at java.net.URLClassLoader.findClass(URLClassLoader.java:354)
	at java.lang.ClassLoader.loadClass(ClassLoader.java:425)
	at sun.misc.Launcher$AppClassLoader.loadClass(Launcher.java:308)
	at java.lang.ClassLoader.loadClass(ClassLoader.java:358)
	... 19 more
5) testExportMultiple2(com.google.javascript.jscomp.ExternExportsPassTest)java.lang.NoClassDefFoundError: com/google/common/base/Function
	at com.google.javascript.jscomp.ExternExportsPassTest.compileAndExportExterns(ExternExportsPassTest.java:602)
	at com.google.javascript.jscomp.ExternExportsPassTest.compileAndExportExterns(ExternExportsPassTest.java:590)
	at com.google.javascript.jscomp.ExternExportsPassTest.compileAndCheck(ExternExportsPassTest.java:566)
	at com.google.javascript.jscomp.ExternExportsPassTest.testExportMultiple2(ExternExportsPassTest.java:123)
	at sun.reflect.NativeMethodAccessorImpl.invoke0(Native Method)
	at sun.reflect.NativeMethodAccessorImpl.invoke(NativeMethodAccessorImpl.java:57)
	at sun.reflect.DelegatingMethodAccessorImpl.invoke(DelegatingMethodAccessorImpl.java:43)
Caused by: java.lang.ClassNotFoundException: com.google.common.base.Function
	at java.net.URLClassLoader$1.run(URLClassLoader.java:366)
	at java.net.URLClassLoader$1.run(URLClassLoader.java:355)
	at java.security.AccessController.doPrivileged(Native Method)
	at java.net.URLClassLoader.findClass(URLClassLoader.java:354)
	at java.lang.ClassLoader.loadClass(ClassLoader.java:425)
	at sun.misc.Launcher$AppClassLoader.loadClass(Launcher.java:308)
	at java.lang.ClassLoader.loadClass(ClassLoader.java:358)
	... 19 more
6) testExportMultiple3(com.google.javascript.jscomp.ExternExportsPassTest)java.lang.NoClassDefFoundError: com/google/common/base/Function
	at com.google.javascript.jscomp.ExternExportsPassTest.compileAndExportExterns(ExternExportsPassTest.java:602)
	at com.google.javascript.jscomp.ExternExportsPassTest.compileAndExportExterns(ExternExportsPassTest.java:590)
	at com.google.javascript.jscomp.ExternExportsPassTest.compileAndCheck(ExternExportsPassTest.java:566)
	at com.google.javascript.jscomp.ExternExportsPassTest.testExportMultiple3(ExternExportsPassTest.java:150)
	at sun.reflect.NativeMethodAccessorImpl.invoke0(Native Method)
	at sun.reflect.NativeMethodAccessorImpl.invoke(NativeMethodAccessorImpl.java:57)
	at sun.reflect.DelegatingMethodAccessorImpl.invoke(DelegatingMethodAccessorImpl.java:43)
Caused by: java.lang.ClassNotFoundException: com.google.common.base.Function
	at java.net.URLClassLoader$1.run(URLClassLoader.java:366)
	at java.net.URLClassLoader$1.run(URLClassLoader.java:355)
	at java.security.AccessController.doPrivileged(Native Method)
	at java.net.URLClassLoader.findClass(URLClassLoader.java:354)
	at java.lang.ClassLoader.loadClass(ClassLoader.java:425)
	at sun.misc.Launcher$AppClassLoader.loadClass(Launcher.java:308)
	at java.lang.ClassLoader.loadClass(ClassLoader.java:358)
	... 19 more
7) testExportNonStaticSymbol(com.google.javascript.jscomp.ExternExportsPassTest)java.lang.NoClassDefFoundError: com/google/common/base/Function
	at com.google.javascript.jscomp.ExternExportsPassTest.compileAndExportExterns(ExternExportsPassTest.java:602)
	at com.google.javascript.jscomp.ExternExportsPassTest.compileAndExportExterns(ExternExportsPassTest.java:590)
	at com.google.javascript.jscomp.ExternExportsPassTest.compileAndCheck(ExternExportsPassTest.java:566)
	at com.google.javascript.jscomp.ExternExportsPassTest.testExportNonStaticSymbol(ExternExportsPassTest.java:171)
	at sun.reflect.NativeMethodAccessorImpl.invoke0(Native Method)
	at sun.reflect.NativeMethodAccessorImpl.invoke(NativeMethodAccessorImpl.java:57)
	at sun.reflect.DelegatingMethodAccessorImpl.invoke(DelegatingMethodAccessorImpl.java:43)
Caused by: java.lang.ClassNotFoundException: com.google.common.base.Function
	at java.net.URLClassLoader$1.run(URLClassLoader.java:366)
	at java.net.URLClassLoader$1.run(URLClassLoader.java:355)
	at java.security.AccessController.doPrivileged(Native Method)
	at java.net.URLClassLoader.findClass(URLClassLoader.java:354)
	at java.lang.ClassLoader.loadClass(ClassLoader.java:425)
	at sun.misc.Launcher$AppClassLoader.loadClass(Launcher.java:308)
	at java.lang.ClassLoader.loadClass(ClassLoader.java:358)
	... 19 more
8) testExportNonStaticSymbol2(com.google.javascript.jscomp.ExternExportsPassTest)java.lang.NoClassDefFoundError: com/google/common/base/Function
	at com.google.javascript.jscomp.ExternExportsPassTest.compileAndExportExterns(ExternExportsPassTest.java:602)
	at com.google.javascript.jscomp.ExternExportsPassTest.compileAndExportExterns(ExternExportsPassTest.java:590)
	at com.google.javascript.jscomp.ExternExportsPassTest.compileAndCheck(ExternExportsPassTest.java:566)
	at com.google.javascript.jscomp.ExternExportsPassTest.testExportNonStaticSymbol2(ExternExportsPassTest.java:177)
	at sun.reflect.NativeMethodAccessorImpl.invoke0(Native Method)
	at sun.reflect.NativeMethodAccessorImpl.invoke(NativeMethodAccessorImpl.java:57)
	at sun.reflect.DelegatingMethodAccessorImpl.invoke(DelegatingMethodAccessorImpl.java:43)
Caused by: java.lang.ClassNotFoundException: com.google.common.base.Function
	at java.net.URLClassLoader$1.run(URLClassLoader.java:366)
	at java.net.URLClassLoader$1.run(URLClassLoader.java:355)
	at java.security.AccessController.doPrivileged(Native Method)
	at java.net.URLClassLoader.findClass(URLClassLoader.java:354)
	at java.lang.ClassLoader.loadClass(ClassLoader.java:425)
	at sun.misc.Launcher$AppClassLoader.loadClass(Launcher.java:308)
	at java.lang.ClassLoader.loadClass(ClassLoader.java:358)
	... 19 more
9) testExportNonexistentProperty(com.google.javascript.jscomp.ExternExportsPassTest)java.lang.NoClassDefFoundError: com/google/common/base/Function
	at com.google.javascript.jscomp.ExternExportsPassTest.compileAndExportExterns(ExternExportsPassTest.java:602)
	at com.google.javascript.jscomp.ExternExportsPassTest.compileAndExportExterns(ExternExportsPassTest.java:590)
	at com.google.javascript.jscomp.ExternExportsPassTest.compileAndCheck(ExternExportsPassTest.java:566)
	at com.google.javascript.jscomp.ExternExportsPassTest.testExportNonexistentProperty(ExternExportsPassTest.java:183)
	at sun.reflect.NativeMethodAccessorImpl.invoke0(Native Method)
	at sun.reflect.NativeMethodAccessorImpl.invoke(NativeMethodAccessorImpl.java:57)
	at sun.reflect.DelegatingMethodAccessorImpl.invoke(DelegatingMethodAccessorImpl.java:43)
Caused by: java.lang.ClassNotFoundException: com.google.common.base.Function
	at java.net.URLClassLoader$1.run(URLClassLoader.java:366)
	at java.net.URLClassLoader$1.run(URLClassLoader.java:355)
	at java.security.AccessController.doPrivileged(Native Method)
	at java.net.URLClassLoader.findClass(URLClassLoader.java:354)
	at java.lang.ClassLoader.loadClass(ClassLoader.java:425)
	at sun.misc.Launcher$AppClassLoader.loadClass(Launcher.java:308)
	at java.lang.ClassLoader.loadClass(ClassLoader.java:358)
	... 19 more
10) testExportSymbolWithTypeAnnotation(com.google.javascript.jscomp.ExternExportsPassTest)java.lang.NoClassDefFoundError: com/google/common/base/Function
	at com.google.javascript.jscomp.ExternExportsPassTest.compileAndExportExterns(ExternExportsPassTest.java:602)
	at com.google.javascript.jscomp.ExternExportsPassTest.compileAndExportExterns(ExternExportsPassTest.java:590)
	at com.google.javascript.jscomp.ExternExportsPassTest.compileAndCheck(ExternExportsPassTest.java:566)
	at com.google.javascript.jscomp.ExternExportsPassTest.testExportSymbolWithTypeAnnotation(ExternExportsPassTest.java:192)
	at sun.reflect.NativeMethodAccessorImpl.invoke0(Native Method)
	at sun.reflect.NativeMethodAccessorImpl.invoke(NativeMethodAccessorImpl.java:57)
	at sun.reflect.DelegatingMethodAccessorImpl.invoke(DelegatingMethodAccessorImpl.java:43)
Caused by: java.lang.ClassNotFoundException: com.google.common.base.Function
	at java.net.URLClassLoader$1.run(URLClassLoader.java:366)
	at java.net.URLClassLoader$1.run(URLClassLoader.java:355)
	at java.security.AccessController.doPrivileged(Native Method)
	at java.net.URLClassLoader.findClass(URLClassLoader.java:354)
	at java.lang.ClassLoader.loadClass(ClassLoader.java:425)
	at sun.misc.Launcher$AppClassLoader.loadClass(Launcher.java:308)
	at java.lang.ClassLoader.loadClass(ClassLoader.java:358)
	... 19 more
11) testExportSymbolWithTemplateAnnotation(com.google.javascript.jscomp.ExternExportsPassTest)java.lang.NoClassDefFoundError: com/google/common/base/Function
	at com.google.javascript.jscomp.ExternExportsPassTest.compileAndExportExterns(ExternExportsPassTest.java:602)
	at com.google.javascript.jscomp.ExternExportsPassTest.compileAndExportExterns(ExternExportsPassTest.java:590)
	at com.google.javascript.jscomp.ExternExportsPassTest.compileAndCheck(ExternExportsPassTest.java:566)
	at com.google.javascript.jscomp.ExternExportsPassTest.testExportSymbolWithTemplateAnnotation(ExternExportsPassTest.java:212)
	at sun.reflect.NativeMethodAccessorImpl.invoke0(Native Method)
	at sun.reflect.NativeMethodAccessorImpl.invoke(NativeMethodAccessorImpl.java:57)
	at sun.reflect.DelegatingMethodAccessorImpl.invoke(DelegatingMethodAccessorImpl.java:43)
Caused by: java.lang.ClassNotFoundException: com.google.common.base.Function
	at java.net.URLClassLoader$1.run(URLClassLoader.java:366)
	at java.net.URLClassLoader$1.run(URLClassLoader.java:355)
	at java.security.AccessController.doPrivileged(Native Method)
	at java.net.URLClassLoader.findClass(URLClassLoader.java:354)
	at java.lang.ClassLoader.loadClass(ClassLoader.java:425)
	at sun.misc.Launcher$AppClassLoader.loadClass(Launcher.java:308)
	at java.lang.ClassLoader.loadClass(ClassLoader.java:358)
	... 19 more
12) testExportSymbolWithMultipleTemplateAnnotation(com.google.javascript.jscomp.ExternExportsPassTest)java.lang.NoClassDefFoundError: com/google/common/base/Function
	at com.google.javascript.jscomp.ExternExportsPassTest.compileAndExportExterns(ExternExportsPassTest.java:602)
	at com.google.javascript.jscomp.ExternExportsPassTest.compileAndExportExterns(ExternExportsPassTest.java:590)
	at com.google.javascript.jscomp.ExternExportsPassTest.compileAndCheck(ExternExportsPassTest.java:566)
	at com.google.javascript.jscomp.ExternExportsPassTest.testExportSymbolWithMultipleTemplateAnnotation(ExternExportsPassTest.java:232)
	at sun.reflect.NativeMethodAccessorImpl.invoke0(Native Method)
	at sun.reflect.NativeMethodAccessorImpl.invoke(NativeMethodAccessorImpl.java:57)
	at sun.reflect.DelegatingMethodAccessorImpl.invoke(DelegatingMethodAccessorImpl.java:43)
Caused by: java.lang.ClassNotFoundException: com.google.common.base.Function
	at java.net.URLClassLoader$1.run(URLClassLoader.java:366)
	at java.net.URLClassLoader$1.run(URLClassLoader.java:355)
	at java.security.AccessController.doPrivileged(Native Method)
	at java.net.URLClassLoader.findClass(URLClassLoader.java:354)
	at java.lang.ClassLoader.loadClass(ClassLoader.java:425)
	at sun.misc.Launcher$AppClassLoader.loadClass(Launcher.java:308)
	at java.lang.ClassLoader.loadClass(ClassLoader.java:358)
	... 19 more
13) testExportSymbolWithoutTypeCheck(com.google.javascript.jscomp.ExternExportsPassTest)java.lang.NoClassDefFoundError: com/google/common/base/Function
	at com.google.javascript.jscomp.ExternExportsPassTest.compileAndExportExterns(ExternExportsPassTest.java:602)
	at com.google.javascript.jscomp.ExternExportsPassTest.compileAndExportExterns(ExternExportsPassTest.java:590)
	at com.google.javascript.jscomp.ExternExportsPassTest.compileAndCheck(ExternExportsPassTest.java:566)
	at com.google.javascript.jscomp.ExternExportsPassTest.testExportSymbolWithoutTypeCheck(ExternExportsPassTest.java:255)
	at sun.reflect.NativeMethodAccessorImpl.invoke0(Native Method)
	at sun.reflect.NativeMethodAccessorImpl.invoke(NativeMethodAccessorImpl.java:57)
	at sun.reflect.DelegatingMethodAccessorImpl.invoke(DelegatingMethodAccessorImpl.java:43)
Caused by: java.lang.ClassNotFoundException: com.google.common.base.Function
	at java.net.URLClassLoader$1.run(URLClassLoader.java:366)
	at java.net.URLClassLoader$1.run(URLClassLoader.java:355)
	at java.security.AccessController.doPrivileged(Native Method)
	at java.net.URLClassLoader.findClass(URLClassLoader.java:354)
	at java.lang.ClassLoader.loadClass(ClassLoader.java:425)
	at sun.misc.Launcher$AppClassLoader.loadClass(Launcher.java:308)
	at java.lang.ClassLoader.loadClass(ClassLoader.java:358)
	... 19 more
14) testExportSymbolWithConstructor(com.google.javascript.jscomp.ExternExportsPassTest)java.lang.NoClassDefFoundError: com/google/common/base/Function
	at com.google.javascript.jscomp.ExternExportsPassTest.compileAndExportExterns(ExternExportsPassTest.java:602)
	at com.google.javascript.jscomp.ExternExportsPassTest.compileAndExportExterns(ExternExportsPassTest.java:590)
	at com.google.javascript.jscomp.ExternExportsPassTest.compileAndCheck(ExternExportsPassTest.java:566)
	at com.google.javascript.jscomp.ExternExportsPassTest.testExportSymbolWithConstructor(ExternExportsPassTest.java:269)
	at sun.reflect.NativeMethodAccessorImpl.invoke0(Native Method)
	at sun.reflect.NativeMethodAccessorImpl.invoke(NativeMethodAccessorImpl.java:57)
	at sun.reflect.DelegatingMethodAccessorImpl.invoke(DelegatingMethodAccessorImpl.java:43)
Caused by: java.lang.ClassNotFoundException: com.google.common.base.Function
	at java.net.URLClassLoader$1.run(URLClassLoader.java:366)
	at java.net.URLClassLoader$1.run(URLClassLoader.java:355)
	at java.security.AccessController.doPrivileged(Native Method)
	at java.net.URLClassLoader.findClass(URLClassLoader.java:354)
	at java.lang.ClassLoader.loadClass(ClassLoader.java:425)
	at sun.misc.Launcher$AppClassLoader.loadClass(Launcher.java:308)
	at java.lang.ClassLoader.loadClass(ClassLoader.java:358)
	... 19 more
15) testExportSymbolWithConstructorWithoutTypeCheck(com.google.javascript.jscomp.ExternExportsPassTest)java.lang.NoClassDefFoundError: com/google/common/base/Function
	at com.google.javascript.jscomp.ExternExportsPassTest.compileAndExportExterns(ExternExportsPassTest.java:602)
	at com.google.javascript.jscomp.ExternExportsPassTest.compileAndExportExterns(ExternExportsPassTest.java:590)
	at com.google.javascript.jscomp.ExternExportsPassTest.compileAndCheck(ExternExportsPassTest.java:566)
	at com.google.javascript.jscomp.ExternExportsPassTest.testExportSymbolWithConstructorWithoutTypeCheck(ExternExportsPassTest.java:291)
	at sun.reflect.NativeMethodAccessorImpl.invoke0(Native Method)
	at sun.reflect.NativeMethodAccessorImpl.invoke(NativeMethodAccessorImpl.java:57)
	at sun.reflect.DelegatingMethodAccessorImpl.invoke(DelegatingMethodAccessorImpl.java:43)
Caused by: java.lang.ClassNotFoundException: com.google.common.base.Function
	at java.net.URLClassLoader$1.run(URLClassLoader.java:366)
	at java.net.URLClassLoader$1.run(URLClassLoader.java:355)
	at java.security.AccessController.doPrivileged(Native Method)
	at java.net.URLClassLoader.findClass(URLClassLoader.java:354)
	at java.lang.ClassLoader.loadClass(ClassLoader.java:425)
	at sun.misc.Launcher$AppClassLoader.loadClass(Launcher.java:308)
	at java.lang.ClassLoader.loadClass(ClassLoader.java:358)
	... 19 more
16) testExportFunctionWithOptionalArguments1(com.google.javascript.jscomp.ExternExportsPassTest)java.lang.NoClassDefFoundError: com/google/common/base/Function
	at com.google.javascript.jscomp.ExternExportsPassTest.compileAndExportExterns(ExternExportsPassTest.java:602)
	at com.google.javascript.jscomp.ExternExportsPassTest.compileAndExportExterns(ExternExportsPassTest.java:590)
	at com.google.javascript.jscomp.ExternExportsPassTest.compileAndCheck(ExternExportsPassTest.java:566)
	at com.google.javascript.jscomp.ExternExportsPassTest.testExportFunctionWithOptionalArguments1(ExternExportsPassTest.java:302)
	at sun.reflect.NativeMethodAccessorImpl.invoke0(Native Method)
	at sun.reflect.NativeMethodAccessorImpl.invoke(NativeMethodAccessorImpl.java:57)
	at sun.reflect.DelegatingMethodAccessorImpl.invoke(DelegatingMethodAccessorImpl.java:43)
Caused by: java.lang.ClassNotFoundException: com.google.common.base.Function
	at java.net.URLClassLoader$1.run(URLClassLoader.java:366)
	at java.net.URLClassLoader$1.run(URLClassLoader.java:355)
	at java.security.AccessController.doPrivileged(Native Method)
	at java.net.URLClassLoader.findClass(URLClassLoader.java:354)
	at java.lang.ClassLoader.loadClass(ClassLoader.java:425)
	at sun.misc.Launcher$AppClassLoader.loadClass(Launcher.java:308)
	at java.lang.ClassLoader.loadClass(ClassLoader.java:358)
	... 19 more
17) testExportFunctionWithOptionalArguments2(com.google.javascript.jscomp.ExternExportsPassTest)java.lang.NoClassDefFoundError: com/google/common/base/Function
	at com.google.javascript.jscomp.ExternExportsPassTest.compileAndExportExterns(ExternExportsPassTest.java:602)
	at com.google.javascript.jscomp.ExternExportsPassTest.compileAndExportExterns(ExternExportsPassTest.java:590)
	at com.google.javascript.jscomp.ExternExportsPassTest.compileAndCheck(ExternExportsPassTest.java:566)
	at com.google.javascript.jscomp.ExternExportsPassTest.testExportFunctionWithOptionalArguments2(ExternExportsPassTest.java:317)
	at sun.reflect.NativeMethodAccessorImpl.invoke0(Native Method)
	at sun.reflect.NativeMethodAccessorImpl.invoke(NativeMethodAccessorImpl.java:57)
	at sun.reflect.DelegatingMethodAccessorImpl.invoke(DelegatingMethodAccessorImpl.java:43)
Caused by: java.lang.ClassNotFoundException: com.google.common.base.Function
	at java.net.URLClassLoader$1.run(URLClassLoader.java:366)
	at java.net.URLClassLoader$1.run(URLClassLoader.java:355)
	at java.security.AccessController.doPrivileged(Native Method)
	at java.net.URLClassLoader.findClass(URLClassLoader.java:354)
	at java.lang.ClassLoader.loadClass(ClassLoader.java:425)
	at sun.misc.Launcher$AppClassLoader.loadClass(Launcher.java:308)
	at java.lang.ClassLoader.loadClass(ClassLoader.java:358)
	... 19 more
18) testExportFunctionWithOptionalArguments3(com.google.javascript.jscomp.ExternExportsPassTest)java.lang.NoClassDefFoundError: com/google/common/base/Function
	at com.google.javascript.jscomp.ExternExportsPassTest.compileAndExportExterns(ExternExportsPassTest.java:602)
	at com.google.javascript.jscomp.ExternExportsPassTest.compileAndExportExterns(ExternExportsPassTest.java:590)
	at com.google.javascript.jscomp.ExternExportsPassTest.compileAndCheck(ExternExportsPassTest.java:566)
	at com.google.javascript.jscomp.ExternExportsPassTest.testExportFunctionWithOptionalArguments3(ExternExportsPassTest.java:333)
	at sun.reflect.NativeMethodAccessorImpl.invoke0(Native Method)
	at sun.reflect.NativeMethodAccessorImpl.invoke(NativeMethodAccessorImpl.java:57)
	at sun.reflect.DelegatingMethodAccessorImpl.invoke(DelegatingMethodAccessorImpl.java:43)
Caused by: java.lang.ClassNotFoundException: com.google.common.base.Function
	at java.net.URLClassLoader$1.run(URLClassLoader.java:366)
	at java.net.URLClassLoader$1.run(URLClassLoader.java:355)
	at java.security.AccessController.doPrivileged(Native Method)
	at java.net.URLClassLoader.findClass(URLClassLoader.java:354)
	at java.lang.ClassLoader.loadClass(ClassLoader.java:425)
	at sun.misc.Launcher$AppClassLoader.loadClass(Launcher.java:308)
	at java.lang.ClassLoader.loadClass(ClassLoader.java:358)
	... 19 more
19) testExportFunctionWithVariableArguments(com.google.javascript.jscomp.ExternExportsPassTest)java.lang.NoClassDefFoundError: com/google/common/base/Function
	at com.google.javascript.jscomp.ExternExportsPassTest.compileAndExportExterns(ExternExportsPassTest.java:602)
	at com.google.javascript.jscomp.ExternExportsPassTest.compileAndExportExterns(ExternExportsPassTest.java:590)
	at com.google.javascript.jscomp.ExternExportsPassTest.compileAndCheck(ExternExportsPassTest.java:566)
	at com.google.javascript.jscomp.ExternExportsPassTest.testExportFunctionWithVariableArguments(ExternExportsPassTest.java:349)
	at sun.reflect.NativeMethodAccessorImpl.invoke0(Native Method)
	at sun.reflect.NativeMethodAccessorImpl.invoke(NativeMethodAccessorImpl.java:57)
	at sun.reflect.DelegatingMethodAccessorImpl.invoke(DelegatingMethodAccessorImpl.java:43)
Caused by: java.lang.ClassNotFoundException: com.google.common.base.Function
	at java.net.URLClassLoader$1.run(URLClassLoader.java:366)
	at java.net.URLClassLoader$1.run(URLClassLoader.java:355)
	at java.security.AccessController.doPrivileged(Native Method)
	at java.net.URLClassLoader.findClass(URLClassLoader.java:354)
	at java.lang.ClassLoader.loadClass(ClassLoader.java:425)
	at sun.misc.Launcher$AppClassLoader.loadClass(Launcher.java:308)
	at java.lang.ClassLoader.loadClass(ClassLoader.java:358)
	... 19 more
20) testExportEnum(com.google.javascript.jscomp.ExternExportsPassTest)java.lang.NoClassDefFoundError: com/google/common/base/Function
	at com.google.javascript.jscomp.ExternExportsPassTest.compileAndExportExterns(ExternExportsPassTest.java:602)
	at com.google.javascript.jscomp.ExternExportsPassTest.compileAndExportExterns(ExternExportsPassTest.java:590)
	at com.google.javascript.jscomp.ExternExportsPassTest.compileAndCheck(ExternExportsPassTest.java:566)
	at com.google.javascript.jscomp.ExternExportsPassTest.testExportEnum(ExternExportsPassTest.java:373)
	at sun.reflect.NativeMethodAccessorImpl.invoke0(Native Method)
	at sun.reflect.NativeMethodAccessorImpl.invoke(NativeMethodAccessorImpl.java:57)
	at sun.reflect.DelegatingMethodAccessorImpl.invoke(DelegatingMethodAccessorImpl.java:43)
Caused by: java.lang.ClassNotFoundException: com.google.common.base.Function
	at java.net.URLClassLoader$1.run(URLClassLoader.java:366)
	at java.net.URLClassLoader$1.run(URLClassLoader.java:355)
	at java.security.AccessController.doPrivileged(Native Method)
	at java.net.URLClassLoader.findClass(URLClassLoader.java:354)
	at java.lang.ClassLoader.loadClass(ClassLoader.java:425)
	at sun.misc.Launcher$AppClassLoader.loadClass(Launcher.java:308)
	at java.lang.ClassLoader.loadClass(ClassLoader.java:358)
	... 19 more
21) testExportDontEmitPrototypePathPrefix(com.google.javascript.jscomp.ExternExportsPassTest)java.lang.NoClassDefFoundError: com/google/common/base/Function
	at com.google.javascript.jscomp.ExternExportsPassTest.compileAndExportExterns(ExternExportsPassTest.java:602)
	at com.google.javascript.jscomp.ExternExportsPassTest.compileAndExportExterns(ExternExportsPassTest.java:590)
	at com.google.javascript.jscomp.ExternExportsPassTest.compileAndCheck(ExternExportsPassTest.java:566)
	at com.google.javascript.jscomp.ExternExportsPassTest.testExportDontEmitPrototypePathPrefix(ExternExportsPassTest.java:385)
	at sun.reflect.NativeMethodAccessorImpl.invoke0(Native Method)
	at sun.reflect.NativeMethodAccessorImpl.invoke(NativeMethodAccessorImpl.java:57)
	at sun.reflect.DelegatingMethodAccessorImpl.invoke(DelegatingMethodAccessorImpl.java:43)
Caused by: java.lang.ClassNotFoundException: com.google.common.base.Function
	at java.net.URLClassLoader$1.run(URLClassLoader.java:366)
	at java.net.URLClassLoader$1.run(URLClassLoader.java:355)
	at java.security.AccessController.doPrivileged(Native Method)
	at java.net.URLClassLoader.findClass(URLClassLoader.java:354)
	at java.lang.ClassLoader.loadClass(ClassLoader.java:425)
	at sun.misc.Launcher$AppClassLoader.loadClass(Launcher.java:308)
	at java.lang.ClassLoader.loadClass(ClassLoader.java:358)
	... 19 more
22) testUseExportsAsExterns(com.google.javascript.jscomp.ExternExportsPassTest)java.lang.NoClassDefFoundError: com/google/common/base/Function
	at com.google.javascript.jscomp.ExternExportsPassTest.compileAndExportExterns(ExternExportsPassTest.java:602)
	at com.google.javascript.jscomp.ExternExportsPassTest.compileAndExportExterns(ExternExportsPassTest.java:590)
	at com.google.javascript.jscomp.ExternExportsPassTest.testUseExportsAsExterns(ExternExportsPassTest.java:432)
	at sun.reflect.NativeMethodAccessorImpl.invoke0(Native Method)
	at sun.reflect.NativeMethodAccessorImpl.invoke(NativeMethodAccessorImpl.java:57)
	at sun.reflect.DelegatingMethodAccessorImpl.invoke(DelegatingMethodAccessorImpl.java:43)
Caused by: java.lang.ClassNotFoundException: com.google.common.base.Function
	at java.net.URLClassLoader$1.run(URLClassLoader.java:366)
	at java.net.URLClassLoader$1.run(URLClassLoader.java:355)
	at java.security.AccessController.doPrivileged(Native Method)
	at java.net.URLClassLoader.findClass(URLClassLoader.java:354)
	at java.lang.ClassLoader.loadClass(ClassLoader.java:425)
	at sun.misc.Launcher$AppClassLoader.loadClass(Launcher.java:308)
	at java.lang.ClassLoader.loadClass(ClassLoader.java:358)
	... 18 more
23) testDontWarnOnExportFunctionWithUnknownReturnType(com.google.javascript.jscomp.ExternExportsPassTest)java.lang.NoClassDefFoundError: com/google/common/base/Function
	at com.google.javascript.jscomp.ExternExportsPassTest.compileAndExportExterns(ExternExportsPassTest.java:602)
	at com.google.javascript.jscomp.ExternExportsPassTest.compileAndExportExterns(ExternExportsPassTest.java:590)
	at com.google.javascript.jscomp.ExternExportsPassTest.testDontWarnOnExportFunctionWithUnknownReturnType(ExternExportsPassTest.java:453)
	at sun.reflect.NativeMethodAccessorImpl.invoke0(Native Method)
	at sun.reflect.NativeMethodAccessorImpl.invoke(NativeMethodAccessorImpl.java:57)
	at sun.reflect.DelegatingMethodAccessorImpl.invoke(DelegatingMethodAccessorImpl.java:43)
Caused by: java.lang.ClassNotFoundException: com.google.common.base.Function
	at java.net.URLClassLoader$1.run(URLClassLoader.java:366)
	at java.net.URLClassLoader$1.run(URLClassLoader.java:355)
	at java.security.AccessController.doPrivileged(Native Method)
	at java.net.URLClassLoader.findClass(URLClassLoader.java:354)
	at java.lang.ClassLoader.loadClass(ClassLoader.java:425)
	at sun.misc.Launcher$AppClassLoader.loadClass(Launcher.java:308)
	at java.lang.ClassLoader.loadClass(ClassLoader.java:358)
	... 18 more
24) testDontWarnOnExportConstructorWithUnknownReturnType(com.google.javascript.jscomp.ExternExportsPassTest)java.lang.NoClassDefFoundError: com/google/common/base/Function
	at com.google.javascript.jscomp.ExternExportsPassTest.compileAndExportExterns(ExternExportsPassTest.java:602)
	at com.google.javascript.jscomp.ExternExportsPassTest.compileAndExportExterns(ExternExportsPassTest.java:590)
	at com.google.javascript.jscomp.ExternExportsPassTest.testDontWarnOnExportConstructorWithUnknownReturnType(ExternExportsPassTest.java:468)
	at sun.reflect.NativeMethodAccessorImpl.invoke0(Native Method)
	at sun.reflect.NativeMethodAccessorImpl.invoke(NativeMethodAccessorImpl.java:57)
	at sun.reflect.DelegatingMethodAccessorImpl.invoke(DelegatingMethodAccessorImpl.java:43)
Caused by: java.lang.ClassNotFoundException: com.google.common.base.Function
	at java.net.URLClassLoader$1.run(URLClassLoader.java:366)
	at java.net.URLClassLoader$1.run(URLClassLoader.java:355)
	at java.security.AccessController.doPrivileged(Native Method)
	at java.net.URLClassLoader.findClass(URLClassLoader.java:354)
	at java.lang.ClassLoader.loadClass(ClassLoader.java:425)
	at sun.misc.Launcher$AppClassLoader.loadClass(Launcher.java:308)
	at java.lang.ClassLoader.loadClass(ClassLoader.java:358)
	... 18 more
25) testTypedef(com.google.javascript.jscomp.ExternExportsPassTest)java.lang.NoClassDefFoundError: com/google/common/base/Function
	at com.google.javascript.jscomp.ExternExportsPassTest.compileAndExportExterns(ExternExportsPassTest.java:602)
	at com.google.javascript.jscomp.ExternExportsPassTest.compileAndExportExterns(ExternExportsPassTest.java:590)
	at com.google.javascript.jscomp.ExternExportsPassTest.compileAndCheck(ExternExportsPassTest.java:566)
	at com.google.javascript.jscomp.ExternExportsPassTest.testTypedef(ExternExportsPassTest.java:475)
	at sun.reflect.NativeMethodAccessorImpl.invoke0(Native Method)
	at sun.reflect.NativeMethodAccessorImpl.invoke(NativeMethodAccessorImpl.java:57)
	at sun.reflect.DelegatingMethodAccessorImpl.invoke(DelegatingMethodAccessorImpl.java:43)
Caused by: java.lang.ClassNotFoundException: com.google.common.base.Function
	at java.net.URLClassLoader$1.run(URLClassLoader.java:366)
	at java.net.URLClassLoader$1.run(URLClassLoader.java:355)
	at java.security.AccessController.doPrivileged(Native Method)
	at java.net.URLClassLoader.findClass(URLClassLoader.java:354)
	at java.lang.ClassLoader.loadClass(ClassLoader.java:425)
	at sun.misc.Launcher$AppClassLoader.loadClass(Launcher.java:308)
	at java.lang.ClassLoader.loadClass(ClassLoader.java:358)
	... 19 more
26) testExportParamWithNull(com.google.javascript.jscomp.ExternExportsPassTest)java.lang.NoClassDefFoundError: com/google/common/base/Function
	at com.google.javascript.jscomp.ExternExportsPassTest.compileAndExportExterns(ExternExportsPassTest.java:602)
	at com.google.javascript.jscomp.ExternExportsPassTest.compileAndExportExterns(ExternExportsPassTest.java:590)
	at com.google.javascript.jscomp.ExternExportsPassTest.compileAndCheck(ExternExportsPassTest.java:566)
	at com.google.javascript.jscomp.ExternExportsPassTest.testExportParamWithNull(ExternExportsPassTest.java:491)
	at sun.reflect.NativeMethodAccessorImpl.invoke0(Native Method)
	at sun.reflect.NativeMethodAccessorImpl.invoke(NativeMethodAccessorImpl.java:57)
	at sun.reflect.DelegatingMethodAccessorImpl.invoke(DelegatingMethodAccessorImpl.java:43)
Caused by: java.lang.ClassNotFoundException: com.google.common.base.Function
	at java.net.URLClassLoader$1.run(URLClassLoader.java:366)
	at java.net.URLClassLoader$1.run(URLClassLoader.java:355)
	at java.security.AccessController.doPrivileged(Native Method)
	at java.net.URLClassLoader.findClass(URLClassLoader.java:354)
	at java.lang.ClassLoader.loadClass(ClassLoader.java:425)
	at sun.misc.Launcher$AppClassLoader.loadClass(Launcher.java:308)
	at java.lang.ClassLoader.loadClass(ClassLoader.java:358)
	... 19 more
27) testExportConstructor(com.google.javascript.jscomp.ExternExportsPassTest)java.lang.NoClassDefFoundError: com/google/common/base/Function
	at com.google.javascript.jscomp.ExternExportsPassTest.compileAndExportExterns(ExternExportsPassTest.java:602)
	at com.google.javascript.jscomp.ExternExportsPassTest.compileAndExportExterns(ExternExportsPassTest.java:590)
	at com.google.javascript.jscomp.ExternExportsPassTest.compileAndCheck(ExternExportsPassTest.java:566)
	at com.google.javascript.jscomp.ExternExportsPassTest.testExportConstructor(ExternExportsPassTest.java:504)
	at sun.reflect.NativeMethodAccessorImpl.invoke0(Native Method)
	at sun.reflect.NativeMethodAccessorImpl.invoke(NativeMethodAccessorImpl.java:57)
	at sun.reflect.DelegatingMethodAccessorImpl.invoke(DelegatingMethodAccessorImpl.java:43)
Caused by: java.lang.ClassNotFoundException: com.google.common.base.Function
	at java.net.URLClassLoader$1.run(URLClassLoader.java:366)
	at java.net.URLClassLoader$1.run(URLClassLoader.java:355)
	at java.security.AccessController.doPrivileged(Native Method)
	at java.net.URLClassLoader.findClass(URLClassLoader.java:354)
	at java.lang.ClassLoader.loadClass(ClassLoader.java:425)
	at sun.misc.Launcher$AppClassLoader.loadClass(Launcher.java:308)
	at java.lang.ClassLoader.loadClass(ClassLoader.java:358)
	... 19 more
28) testExportParamWithSymbolDefinedInFunction(com.google.javascript.jscomp.ExternExportsPassTest)java.lang.NoClassDefFoundError: com/google/common/base/Function
	at com.google.javascript.jscomp.ExternExportsPassTest.compileAndExportExterns(ExternExportsPassTest.java:602)
	at com.google.javascript.jscomp.ExternExportsPassTest.compileAndExportExterns(ExternExportsPassTest.java:590)
	at com.google.javascript.jscomp.ExternExportsPassTest.compileAndCheck(ExternExportsPassTest.java:566)
	at com.google.javascript.jscomp.ExternExportsPassTest.testExportParamWithSymbolDefinedInFunction(ExternExportsPassTest.java:513)
	at sun.reflect.NativeMethodAccessorImpl.invoke0(Native Method)
	at sun.reflect.NativeMethodAccessorImpl.invoke(NativeMethodAccessorImpl.java:57)
	at sun.reflect.DelegatingMethodAccessorImpl.invoke(DelegatingMethodAccessorImpl.java:43)
Caused by: java.lang.ClassNotFoundException: com.google.common.base.Function
	at java.net.URLClassLoader$1.run(URLClassLoader.java:366)
	at java.net.URLClassLoader$1.run(URLClassLoader.java:355)
	at java.security.AccessController.doPrivileged(Native Method)
	at java.net.URLClassLoader.findClass(URLClassLoader.java:354)
	at java.lang.ClassLoader.loadClass(ClassLoader.java:425)
	at sun.misc.Launcher$AppClassLoader.loadClass(Launcher.java:308)
	at java.lang.ClassLoader.loadClass(ClassLoader.java:358)
	... 19 more
29) testExportSymbolWithFunctionDefinedAsFunction(com.google.javascript.jscomp.ExternExportsPassTest)java.lang.NoClassDefFoundError: com/google/common/base/Function
	at com.google.javascript.jscomp.ExternExportsPassTest.compileAndExportExterns(ExternExportsPassTest.java:602)
	at com.google.javascript.jscomp.ExternExportsPassTest.compileAndExportExterns(ExternExportsPassTest.java:590)
	at com.google.javascript.jscomp.ExternExportsPassTest.compileAndCheck(ExternExportsPassTest.java:566)
	at com.google.javascript.jscomp.ExternExportsPassTest.testExportSymbolWithFunctionDefinedAsFunction(ExternExportsPassTest.java:529)
	at sun.reflect.NativeMethodAccessorImpl.invoke0(Native Method)
	at sun.reflect.NativeMethodAccessorImpl.invoke(NativeMethodAccessorImpl.java:57)
	at sun.reflect.DelegatingMethodAccessorImpl.invoke(DelegatingMethodAccessorImpl.java:43)
Caused by: java.lang.ClassNotFoundException: com.google.common.base.Function
	at java.net.URLClassLoader$1.run(URLClassLoader.java:366)
	at java.net.URLClassLoader$1.run(URLClassLoader.java:355)
	at java.security.AccessController.doPrivileged(Native Method)
	at java.net.URLClassLoader.findClass(URLClassLoader.java:354)
	at java.lang.ClassLoader.loadClass(ClassLoader.java:425)
	at sun.misc.Launcher$AppClassLoader.loadClass(Launcher.java:308)
	at java.lang.ClassLoader.loadClass(ClassLoader.java:358)
	... 19 more
30) testExportSymbolWithFunctionAlias(com.google.javascript.jscomp.ExternExportsPassTest)java.lang.NoClassDefFoundError: com/google/common/base/Function
	at com.google.javascript.jscomp.ExternExportsPassTest.compileAndExportExterns(ExternExportsPassTest.java:602)
	at com.google.javascript.jscomp.ExternExportsPassTest.compileAndExportExterns(ExternExportsPassTest.java:590)
	at com.google.javascript.jscomp.ExternExportsPassTest.compileAndCheck(ExternExportsPassTest.java:566)
	at com.google.javascript.jscomp.ExternExportsPassTest.testExportSymbolWithFunctionAlias(ExternExportsPassTest.java:546)
	at sun.reflect.NativeMethodAccessorImpl.invoke0(Native Method)
	at sun.reflect.NativeMethodAccessorImpl.invoke(NativeMethodAccessorImpl.java:57)
	at sun.reflect.DelegatingMethodAccessorImpl.invoke(DelegatingMethodAccessorImpl.java:43)
Caused by: java.lang.ClassNotFoundException: com.google.common.base.Function
	at java.net.URLClassLoader$1.run(URLClassLoader.java:366)
	at java.net.URLClassLoader$1.run(URLClassLoader.java:355)
	at java.security.AccessController.doPrivileged(Native Method)
	at java.net.URLClassLoader.findClass(URLClassLoader.java:354)
	at java.lang.ClassLoader.loadClass(ClassLoader.java:425)
	at sun.misc.Launcher$AppClassLoader.loadClass(Launcher.java:308)
	at java.lang.ClassLoader.loadClass(ClassLoader.java:358)
	... 19 more
31) testDontWarnOnExportFunctionWithUnknownParameterTypes(com.google.javascript.jscomp.ExternExportsPassTest)java.lang.NoClassDefFoundError: com/google/common/base/Function
	at com.google.javascript.jscomp.ExternExportsPassTest.compileAndExportExterns(ExternExportsPassTest.java:602)
	at com.google.javascript.jscomp.ExternExportsPassTest.compileAndExportExterns(ExternExportsPassTest.java:590)
	at com.google.javascript.jscomp.ExternExportsPassTest.testDontWarnOnExportFunctionWithUnknownParameterTypes(ExternExportsPassTest.java:583)
	at sun.reflect.NativeMethodAccessorImpl.invoke0(Native Method)
	at sun.reflect.NativeMethodAccessorImpl.invoke(NativeMethodAccessorImpl.java:57)
	at sun.reflect.DelegatingMethodAccessorImpl.invoke(DelegatingMethodAccessorImpl.java:43)
Caused by: java.lang.ClassNotFoundException: com.google.common.base.Function
	at java.net.URLClassLoader$1.run(URLClassLoader.java:366)
	at java.net.URLClassLoader$1.run(URLClassLoader.java:355)
	at java.security.AccessController.doPrivileged(Native Method)
	at java.net.URLClassLoader.findClass(URLClassLoader.java:354)
	at java.lang.ClassLoader.loadClass(ClassLoader.java:425)
	at sun.misc.Launcher$AppClassLoader.loadClass(Launcher.java:308)
	at java.lang.ClassLoader.loadClass(ClassLoader.java:358)
	... 18 more

FAILURES!!!
Tests run: 31,  Failures: 0,  Errors: 31

