.E.E.E.E.E.E.E.E.E.E.E.E.E.E.E
Time: 0.007
There were 15 errors:
1) testMutateNoReturnWithoutResultAssignment(com.google.javascript.jscomp.FunctionToBlockMutatorTest)java.lang.NoClassDefFoundError: com/google/common/base/Function
	at com.google.javascript.jscomp.FunctionToBlockMutatorTest.helperMutate(FunctionToBlockMutatorTest.java:207)
	at com.google.javascript.jscomp.FunctionToBlockMutatorTest.helperMutate(FunctionToBlockMutatorTest.java:180)
	at com.google.javascript.jscomp.FunctionToBlockMutatorTest.helperMutate(FunctionToBlockMutatorTest.java:173)
	at com.google.javascript.jscomp.FunctionToBlockMutatorTest.testMutateNoReturnWithoutResultAssignment(FunctionToBlockMutatorTest.java:34)
	at sun.reflect.NativeMethodAccessorImpl.invoke0(Native Method)
	at sun.reflect.NativeMethodAccessorImpl.invoke(NativeMethodAccessorImpl.java:57)
	at sun.reflect.DelegatingMethodAccessorImpl.invoke(DelegatingMethodAccessorImpl.java:43)
Caused by: java.lang.ClassNotFoundException: com.google.common.base.Function
	at java.net.URLClassLoader$1.run(URLClassLoader.java:366)
	at java.net.URLClassLoader$1.run(URLClassLoader.java:355)
	at java.security.AccessController.doPrivileged(Native Method)
	at java.net.URLClassLoader.findClass(URLClassLoader.java:354)
	at java.lang.ClassLoader.loadClass(ClassLoader.java:425)
	at sun.misc.Launcher$AppClassLoader.loadClass(Launcher.java:308)
	at java.lang.ClassLoader.loadClass(ClassLoader.java:358)
	... 19 more
2) testMutateNoReturnWithResultAssignment(com.google.javascript.jscomp.FunctionToBlockMutatorTest)java.lang.NoClassDefFoundError: com/google/common/base/Function
	at com.google.javascript.jscomp.FunctionToBlockMutatorTest.helperMutate(FunctionToBlockMutatorTest.java:207)
	at com.google.javascript.jscomp.FunctionToBlockMutatorTest.helperMutate(FunctionToBlockMutatorTest.java:180)
	at com.google.javascript.jscomp.FunctionToBlockMutatorTest.testMutateNoReturnWithResultAssignment(FunctionToBlockMutatorTest.java:41)
	at sun.reflect.NativeMethodAccessorImpl.invoke0(Native Method)
	at sun.reflect.NativeMethodAccessorImpl.invoke(NativeMethodAccessorImpl.java:57)
	at sun.reflect.DelegatingMethodAccessorImpl.invoke(DelegatingMethodAccessorImpl.java:43)
Caused by: java.lang.ClassNotFoundException: com.google.common.base.Function
	at java.net.URLClassLoader$1.run(URLClassLoader.java:366)
	at java.net.URLClassLoader$1.run(URLClassLoader.java:355)
	at java.security.AccessController.doPrivileged(Native Method)
	at java.net.URLClassLoader.findClass(URLClassLoader.java:354)
	at java.lang.ClassLoader.loadClass(ClassLoader.java:425)
	at sun.misc.Launcher$AppClassLoader.loadClass(Launcher.java:308)
	at java.lang.ClassLoader.loadClass(ClassLoader.java:358)
	... 18 more
3) testMutateNoValueReturnWithoutResultAssignment(com.google.javascript.jscomp.FunctionToBlockMutatorTest)java.lang.NoClassDefFoundError: com/google/common/base/Function
	at com.google.javascript.jscomp.FunctionToBlockMutatorTest.helperMutate(FunctionToBlockMutatorTest.java:207)
	at com.google.javascript.jscomp.FunctionToBlockMutatorTest.helperMutate(FunctionToBlockMutatorTest.java:187)
	at com.google.javascript.jscomp.FunctionToBlockMutatorTest.testMutateNoValueReturnWithoutResultAssignment(FunctionToBlockMutatorTest.java:49)
	at sun.reflect.NativeMethodAccessorImpl.invoke0(Native Method)
	at sun.reflect.NativeMethodAccessorImpl.invoke(NativeMethodAccessorImpl.java:57)
	at sun.reflect.DelegatingMethodAccessorImpl.invoke(DelegatingMethodAccessorImpl.java:43)
Caused by: java.lang.ClassNotFoundException: com.google.common.base.Function
	at java.net.URLClassLoader$1.run(URLClassLoader.java:366)
	at java.net.URLClassLoader$1.run(URLClassLoader.java:355)
	at java.security.AccessController.doPrivileged(Native Method)
	at java.net.URLClassLoader.findClass(URLClassLoader.java:354)
	at java.lang.ClassLoader.loadClass(ClassLoader.java:425)
	at sun.misc.Launcher$AppClassLoader.loadClass(Launcher.java:308)
	at java.lang.ClassLoader.loadClass(ClassLoader.java:358)
	... 18 more
4) testMutateNoValueReturnWithResultAssignment(com.google.javascript.jscomp.FunctionToBlockMutatorTest)java.lang.NoClassDefFoundError: com/google/common/base/Function
	at com.google.javascript.jscomp.FunctionToBlockMutatorTest.helperMutate(FunctionToBlockMutatorTest.java:207)
	at com.google.javascript.jscomp.FunctionToBlockMutatorTest.helperMutate(FunctionToBlockMutatorTest.java:180)
	at com.google.javascript.jscomp.FunctionToBlockMutatorTest.helperMutate(FunctionToBlockMutatorTest.java:173)
	at com.google.javascript.jscomp.FunctionToBlockMutatorTest.testMutateNoValueReturnWithResultAssignment(FunctionToBlockMutatorTest.java:56)
	at sun.reflect.NativeMethodAccessorImpl.invoke0(Native Method)
	at sun.reflect.NativeMethodAccessorImpl.invoke(NativeMethodAccessorImpl.java:57)
	at sun.reflect.DelegatingMethodAccessorImpl.invoke(DelegatingMethodAccessorImpl.java:43)
Caused by: java.lang.ClassNotFoundException: com.google.common.base.Function
	at java.net.URLClassLoader$1.run(URLClassLoader.java:366)
	at java.net.URLClassLoader$1.run(URLClassLoader.java:355)
	at java.security.AccessController.doPrivileged(Native Method)
	at java.net.URLClassLoader.findClass(URLClassLoader.java:354)
	at java.lang.ClassLoader.loadClass(ClassLoader.java:425)
	at sun.misc.Launcher$AppClassLoader.loadClass(Launcher.java:308)
	at java.lang.ClassLoader.loadClass(ClassLoader.java:358)
	... 19 more
5) testMutateValueReturnWithoutResultAssignment(com.google.javascript.jscomp.FunctionToBlockMutatorTest)java.lang.NoClassDefFoundError: com/google/common/base/Function
	at com.google.javascript.jscomp.FunctionToBlockMutatorTest.helperMutate(FunctionToBlockMutatorTest.java:207)
	at com.google.javascript.jscomp.FunctionToBlockMutatorTest.helperMutate(FunctionToBlockMutatorTest.java:187)
	at com.google.javascript.jscomp.FunctionToBlockMutatorTest.testMutateValueReturnWithoutResultAssignment(FunctionToBlockMutatorTest.java:63)
	at sun.reflect.NativeMethodAccessorImpl.invoke0(Native Method)
	at sun.reflect.NativeMethodAccessorImpl.invoke(NativeMethodAccessorImpl.java:57)
	at sun.reflect.DelegatingMethodAccessorImpl.invoke(DelegatingMethodAccessorImpl.java:43)
Caused by: java.lang.ClassNotFoundException: com.google.common.base.Function
	at java.net.URLClassLoader$1.run(URLClassLoader.java:366)
	at java.net.URLClassLoader$1.run(URLClassLoader.java:355)
	at java.security.AccessController.doPrivileged(Native Method)
	at java.net.URLClassLoader.findClass(URLClassLoader.java:354)
	at java.lang.ClassLoader.loadClass(ClassLoader.java:425)
	at sun.misc.Launcher$AppClassLoader.loadClass(Launcher.java:308)
	at java.lang.ClassLoader.loadClass(ClassLoader.java:358)
	... 18 more
6) testMutateValueReturnWithResultAssignment(com.google.javascript.jscomp.FunctionToBlockMutatorTest)java.lang.NoClassDefFoundError: com/google/common/base/Function
	at com.google.javascript.jscomp.FunctionToBlockMutatorTest.helperMutate(FunctionToBlockMutatorTest.java:207)
	at com.google.javascript.jscomp.FunctionToBlockMutatorTest.testMutateValueReturnWithResultAssignment(FunctionToBlockMutatorTest.java:70)
	at sun.reflect.NativeMethodAccessorImpl.invoke0(Native Method)
	at sun.reflect.NativeMethodAccessorImpl.invoke(NativeMethodAccessorImpl.java:57)
	at sun.reflect.DelegatingMethodAccessorImpl.invoke(DelegatingMethodAccessorImpl.java:43)
Caused by: java.lang.ClassNotFoundException: com.google.common.base.Function
	at java.net.URLClassLoader$1.run(URLClassLoader.java:366)
	at java.net.URLClassLoader$1.run(URLClassLoader.java:355)
	at java.security.AccessController.doPrivileged(Native Method)
	at java.net.URLClassLoader.findClass(URLClassLoader.java:354)
	at java.lang.ClassLoader.loadClass(ClassLoader.java:425)
	at sun.misc.Launcher$AppClassLoader.loadClass(Launcher.java:308)
	at java.lang.ClassLoader.loadClass(ClassLoader.java:358)
	... 17 more
7) testMutateWithMultipleReturns(com.google.javascript.jscomp.FunctionToBlockMutatorTest)java.lang.NoClassDefFoundError: com/google/common/base/Function
	at com.google.javascript.jscomp.FunctionToBlockMutatorTest.helperMutate(FunctionToBlockMutatorTest.java:207)
	at com.google.javascript.jscomp.FunctionToBlockMutatorTest.helperMutate(FunctionToBlockMutatorTest.java:180)
	at com.google.javascript.jscomp.FunctionToBlockMutatorTest.testMutateWithMultipleReturns(FunctionToBlockMutatorTest.java:77)
	at sun.reflect.NativeMethodAccessorImpl.invoke0(Native Method)
	at sun.reflect.NativeMethodAccessorImpl.invoke(NativeMethodAccessorImpl.java:57)
	at sun.reflect.DelegatingMethodAccessorImpl.invoke(DelegatingMethodAccessorImpl.java:43)
Caused by: java.lang.ClassNotFoundException: com.google.common.base.Function
	at java.net.URLClassLoader$1.run(URLClassLoader.java:366)
	at java.net.URLClassLoader$1.run(URLClassLoader.java:355)
	at java.security.AccessController.doPrivileged(Native Method)
	at java.net.URLClassLoader.findClass(URLClassLoader.java:354)
	at java.lang.ClassLoader.loadClass(ClassLoader.java:425)
	at sun.misc.Launcher$AppClassLoader.loadClass(Launcher.java:308)
	at java.lang.ClassLoader.loadClass(ClassLoader.java:358)
	... 18 more
8) testMutateWithParameters1(com.google.javascript.jscomp.FunctionToBlockMutatorTest)java.lang.NoClassDefFoundError: com/google/common/base/Function
	at com.google.javascript.jscomp.FunctionToBlockMutatorTest.helperMutate(FunctionToBlockMutatorTest.java:207)
	at com.google.javascript.jscomp.FunctionToBlockMutatorTest.helperMutate(FunctionToBlockMutatorTest.java:187)
	at com.google.javascript.jscomp.FunctionToBlockMutatorTest.testMutateWithParameters1(FunctionToBlockMutatorTest.java:94)
	at sun.reflect.NativeMethodAccessorImpl.invoke0(Native Method)
	at sun.reflect.NativeMethodAccessorImpl.invoke(NativeMethodAccessorImpl.java:57)
	at sun.reflect.DelegatingMethodAccessorImpl.invoke(DelegatingMethodAccessorImpl.java:43)
Caused by: java.lang.ClassNotFoundException: com.google.common.base.Function
	at java.net.URLClassLoader$1.run(URLClassLoader.java:366)
	at java.net.URLClassLoader$1.run(URLClassLoader.java:355)
	at java.security.AccessController.doPrivileged(Native Method)
	at java.net.URLClassLoader.findClass(URLClassLoader.java:354)
	at java.lang.ClassLoader.loadClass(ClassLoader.java:425)
	at sun.misc.Launcher$AppClassLoader.loadClass(Launcher.java:308)
	at java.lang.ClassLoader.loadClass(ClassLoader.java:358)
	... 18 more
9) testMutateWithParameters2(com.google.javascript.jscomp.FunctionToBlockMutatorTest)java.lang.NoClassDefFoundError: com/google/common/base/Function
	at com.google.javascript.jscomp.FunctionToBlockMutatorTest.helperMutate(FunctionToBlockMutatorTest.java:207)
	at com.google.javascript.jscomp.FunctionToBlockMutatorTest.helperMutate(FunctionToBlockMutatorTest.java:187)
	at com.google.javascript.jscomp.FunctionToBlockMutatorTest.testMutateWithParameters2(FunctionToBlockMutatorTest.java:102)
	at sun.reflect.NativeMethodAccessorImpl.invoke0(Native Method)
	at sun.reflect.NativeMethodAccessorImpl.invoke(NativeMethodAccessorImpl.java:57)
	at sun.reflect.DelegatingMethodAccessorImpl.invoke(DelegatingMethodAccessorImpl.java:43)
Caused by: java.lang.ClassNotFoundException: com.google.common.base.Function
	at java.net.URLClassLoader$1.run(URLClassLoader.java:366)
	at java.net.URLClassLoader$1.run(URLClassLoader.java:355)
	at java.security.AccessController.doPrivileged(Native Method)
	at java.net.URLClassLoader.findClass(URLClassLoader.java:354)
	at java.lang.ClassLoader.loadClass(ClassLoader.java:425)
	at sun.misc.Launcher$AppClassLoader.loadClass(Launcher.java:308)
	at java.lang.ClassLoader.loadClass(ClassLoader.java:358)
	... 18 more
10) testMutateWithParameters3(com.google.javascript.jscomp.FunctionToBlockMutatorTest)java.lang.NoClassDefFoundError: com/google/common/base/Function
	at com.google.javascript.jscomp.FunctionToBlockMutatorTest.helperMutate(FunctionToBlockMutatorTest.java:207)
	at com.google.javascript.jscomp.FunctionToBlockMutatorTest.helperMutate(FunctionToBlockMutatorTest.java:187)
	at com.google.javascript.jscomp.FunctionToBlockMutatorTest.testMutateWithParameters3(FunctionToBlockMutatorTest.java:110)
	at sun.reflect.NativeMethodAccessorImpl.invoke0(Native Method)
	at sun.reflect.NativeMethodAccessorImpl.invoke(NativeMethodAccessorImpl.java:57)
	at sun.reflect.DelegatingMethodAccessorImpl.invoke(DelegatingMethodAccessorImpl.java:43)
Caused by: java.lang.ClassNotFoundException: com.google.common.base.Function
	at java.net.URLClassLoader$1.run(URLClassLoader.java:366)
	at java.net.URLClassLoader$1.run(URLClassLoader.java:355)
	at java.security.AccessController.doPrivileged(Native Method)
	at java.net.URLClassLoader.findClass(URLClassLoader.java:354)
	at java.lang.ClassLoader.loadClass(ClassLoader.java:425)
	at sun.misc.Launcher$AppClassLoader.loadClass(Launcher.java:308)
	at java.lang.ClassLoader.loadClass(ClassLoader.java:358)
	... 18 more
11) testMutate8(com.google.javascript.jscomp.FunctionToBlockMutatorTest)java.lang.NoClassDefFoundError: com/google/common/base/Function
	at com.google.javascript.jscomp.FunctionToBlockMutatorTest.helperMutate(FunctionToBlockMutatorTest.java:207)
	at com.google.javascript.jscomp.FunctionToBlockMutatorTest.helperMutate(FunctionToBlockMutatorTest.java:187)
	at com.google.javascript.jscomp.FunctionToBlockMutatorTest.testMutate8(FunctionToBlockMutatorTest.java:119)
	at sun.reflect.NativeMethodAccessorImpl.invoke0(Native Method)
	at sun.reflect.NativeMethodAccessorImpl.invoke(NativeMethodAccessorImpl.java:57)
	at sun.reflect.DelegatingMethodAccessorImpl.invoke(DelegatingMethodAccessorImpl.java:43)
Caused by: java.lang.ClassNotFoundException: com.google.common.base.Function
	at java.net.URLClassLoader$1.run(URLClassLoader.java:366)
	at java.net.URLClassLoader$1.run(URLClassLoader.java:355)
	at java.security.AccessController.doPrivileged(Native Method)
	at java.net.URLClassLoader.findClass(URLClassLoader.java:354)
	at java.lang.ClassLoader.loadClass(ClassLoader.java:425)
	at sun.misc.Launcher$AppClassLoader.loadClass(Launcher.java:308)
	at java.lang.ClassLoader.loadClass(ClassLoader.java:358)
	... 18 more
12) testMutateInitializeUninitializedVars1(com.google.javascript.jscomp.FunctionToBlockMutatorTest)java.lang.NoClassDefFoundError: com/google/common/base/Function
	at com.google.javascript.jscomp.FunctionToBlockMutatorTest.helperMutate(FunctionToBlockMutatorTest.java:207)
	at com.google.javascript.jscomp.FunctionToBlockMutatorTest.testMutateInitializeUninitializedVars1(FunctionToBlockMutatorTest.java:127)
	at sun.reflect.NativeMethodAccessorImpl.invoke0(Native Method)
	at sun.reflect.NativeMethodAccessorImpl.invoke(NativeMethodAccessorImpl.java:57)
	at sun.reflect.DelegatingMethodAccessorImpl.invoke(DelegatingMethodAccessorImpl.java:43)
Caused by: java.lang.ClassNotFoundException: com.google.common.base.Function
	at java.net.URLClassLoader$1.run(URLClassLoader.java:366)
	at java.net.URLClassLoader$1.run(URLClassLoader.java:355)
	at java.security.AccessController.doPrivileged(Native Method)
	at java.net.URLClassLoader.findClass(URLClassLoader.java:354)
	at java.lang.ClassLoader.loadClass(ClassLoader.java:425)
	at sun.misc.Launcher$AppClassLoader.loadClass(Launcher.java:308)
	at java.lang.ClassLoader.loadClass(ClassLoader.java:358)
	... 17 more
13) testMutateInitializeUninitializedVars2(com.google.javascript.jscomp.FunctionToBlockMutatorTest)java.lang.NoClassDefFoundError: com/google/common/base/Function
	at com.google.javascript.jscomp.FunctionToBlockMutatorTest.helperMutate(FunctionToBlockMutatorTest.java:207)
	at com.google.javascript.jscomp.FunctionToBlockMutatorTest.helperMutate(FunctionToBlockMutatorTest.java:187)
	at com.google.javascript.jscomp.FunctionToBlockMutatorTest.testMutateInitializeUninitializedVars2(FunctionToBlockMutatorTest.java:134)
	at sun.reflect.NativeMethodAccessorImpl.invoke0(Native Method)
	at sun.reflect.NativeMethodAccessorImpl.invoke(NativeMethodAccessorImpl.java:57)
	at sun.reflect.DelegatingMethodAccessorImpl.invoke(DelegatingMethodAccessorImpl.java:43)
Caused by: java.lang.ClassNotFoundException: com.google.common.base.Function
	at java.net.URLClassLoader$1.run(URLClassLoader.java:366)
	at java.net.URLClassLoader$1.run(URLClassLoader.java:355)
	at java.security.AccessController.doPrivileged(Native Method)
	at java.net.URLClassLoader.findClass(URLClassLoader.java:354)
	at java.lang.ClassLoader.loadClass(ClassLoader.java:425)
	at sun.misc.Launcher$AppClassLoader.loadClass(Launcher.java:308)
	at java.lang.ClassLoader.loadClass(ClassLoader.java:358)
	... 18 more
14) testMutateCallInLoopVars1(com.google.javascript.jscomp.FunctionToBlockMutatorTest)java.lang.NoClassDefFoundError: com/google/common/base/Function
	at com.google.javascript.jscomp.FunctionToBlockMutatorTest.helperMutate(FunctionToBlockMutatorTest.java:207)
	at com.google.javascript.jscomp.FunctionToBlockMutatorTest.testMutateCallInLoopVars1(FunctionToBlockMutatorTest.java:149)
	at sun.reflect.NativeMethodAccessorImpl.invoke0(Native Method)
	at sun.reflect.NativeMethodAccessorImpl.invoke(NativeMethodAccessorImpl.java:57)
	at sun.reflect.DelegatingMethodAccessorImpl.invoke(DelegatingMethodAccessorImpl.java:43)
Caused by: java.lang.ClassNotFoundException: com.google.common.base.Function
	at java.net.URLClassLoader$1.run(URLClassLoader.java:366)
	at java.net.URLClassLoader$1.run(URLClassLoader.java:355)
	at java.security.AccessController.doPrivileged(Native Method)
	at java.net.URLClassLoader.findClass(URLClassLoader.java:354)
	at java.lang.ClassLoader.loadClass(ClassLoader.java:425)
	at sun.misc.Launcher$AppClassLoader.loadClass(Launcher.java:308)
	at java.lang.ClassLoader.loadClass(ClassLoader.java:358)
	... 17 more
15) testMutateFunctionDefinition(com.google.javascript.jscomp.FunctionToBlockMutatorTest)java.lang.NoClassDefFoundError: com/google/common/base/Function
	at com.google.javascript.jscomp.FunctionToBlockMutatorTest.helperMutate(FunctionToBlockMutatorTest.java:207)
	at com.google.javascript.jscomp.FunctionToBlockMutatorTest.helperMutate(FunctionToBlockMutatorTest.java:187)
	at com.google.javascript.jscomp.FunctionToBlockMutatorTest.testMutateFunctionDefinition(FunctionToBlockMutatorTest.java:165)
	at sun.reflect.NativeMethodAccessorImpl.invoke0(Native Method)
	at sun.reflect.NativeMethodAccessorImpl.invoke(NativeMethodAccessorImpl.java:57)
	at sun.reflect.DelegatingMethodAccessorImpl.invoke(DelegatingMethodAccessorImpl.java:43)
Caused by: java.lang.ClassNotFoundException: com.google.common.base.Function
	at java.net.URLClassLoader$1.run(URLClassLoader.java:366)
	at java.net.URLClassLoader$1.run(URLClassLoader.java:355)
	at java.security.AccessController.doPrivileged(Native Method)
	at java.net.URLClassLoader.findClass(URLClassLoader.java:354)
	at java.lang.ClassLoader.loadClass(ClassLoader.java:425)
	at sun.misc.Launcher$AppClassLoader.loadClass(Launcher.java:308)
	at java.lang.ClassLoader.loadClass(ClassLoader.java:358)
	... 18 more

FAILURES!!!
Tests run: 15,  Failures: 0,  Errors: 15

