.E
Time: 0.011
There was 1 error:
1) testSimple(com.google.javascript.jscomp.graph.GraphReachabilityTest)java.lang.NoClassDefFoundError: com/google/common/collect/Sets
	at com.google.javascript.jscomp.graph.FixedPointGraphTraversal.computeFixedPoint(FixedPointGraphTraversal.java:82)
	at com.google.javascript.jscomp.graph.GraphReachability.compute(GraphReachability.java:60)
	at com.google.javascript.jscomp.graph.GraphReachabilityTest.testSimple(GraphReachabilityTest.java:37)
	at sun.reflect.NativeMethodAccessorImpl.invoke0(Native Method)
	at sun.reflect.NativeMethodAccessorImpl.invoke(NativeMethodAccessorImpl.java:57)
	at sun.reflect.DelegatingMethodAccessorImpl.invoke(DelegatingMethodAccessorImpl.java:43)
Caused by: java.lang.ClassNotFoundException: com.google.common.collect.Sets
	at java.net.URLClassLoader$1.run(URLClassLoader.java:366)
	at java.net.URLClassLoader$1.run(URLClassLoader.java:355)
	at java.security.AccessController.doPrivileged(Native Method)
	at java.net.URLClassLoader.findClass(URLClassLoader.java:354)
	at java.lang.ClassLoader.loadClass(ClassLoader.java:425)
	at sun.misc.Launcher$AppClassLoader.loadClass(Launcher.java:308)
	at java.lang.ClassLoader.loadClass(ClassLoader.java:358)
	... 18 more

FAILURES!!!
Tests run: 1,  Failures: 0,  Errors: 1

