.E
Time: 0.007
There was 1 error:
1) testCost(com.google.javascript.jscomp.InlineCostEstimatorTest)java.lang.NoClassDefFoundError: com/google/common/collect/Multimap
	at com.google.javascript.jscomp.InlineCostEstimatorTest.minimize(InlineCostEstimatorTest.java:38)
	at com.google.javascript.jscomp.InlineCostEstimatorTest.checkCost(InlineCostEstimatorTest.java:69)
	at com.google.javascript.jscomp.InlineCostEstimatorTest.testCost(InlineCostEstimatorTest.java:50)
	at sun.reflect.NativeMethodAccessorImpl.invoke0(Native Method)
	at sun.reflect.NativeMethodAccessorImpl.invoke(NativeMethodAccessorImpl.java:57)
	at sun.reflect.DelegatingMethodAccessorImpl.invoke(DelegatingMethodAccessorImpl.java:43)
Caused by: java.lang.ClassNotFoundException: com.google.common.collect.Multimap
	at java.net.URLClassLoader$1.run(URLClassLoader.java:366)
	at java.net.URLClassLoader$1.run(URLClassLoader.java:355)
	at java.security.AccessController.doPrivileged(Native Method)
	at java.net.URLClassLoader.findClass(URLClassLoader.java:354)
	at java.lang.ClassLoader.loadClass(ClassLoader.java:425)
	at sun.misc.Launcher$AppClassLoader.loadClass(Launcher.java:308)
	at java.lang.ClassLoader.loadClass(ClassLoader.java:358)
	... 18 more

FAILURES!!!
Tests run: 1,  Failures: 0,  Errors: 1

