<html xmlns:string="xalan://java.lang.String" xmlns:lxslt="http://xml.apache.org/xslt">
<head>
<META http-equiv="Content-Type" content="text/html; charset=UTF-8">
<title>Unit Test Results: com.google.javascript.jscomp.IntegrationTest</title>
<link rel="stylesheet" type="text/css" title="Style" href="../../../../stylesheet.css">
<script type="text/javascript" language="JavaScript">
        var TestCases = new Array();
        var cur;
        
    cur = TestCases['com.google.javascript.jscomp.IntegrationTest'] = new Array();
    
        cur['ant.build.javac.source'] = '1.7';
    
        cur['ant.build.javac.target'] = '1.7';
    
        cur['ant.core.lib'] = '/Users/linmanna/ant/lib/ant.jar';
    
        cur['ant.file'] = '/Users/linmanna/Documents/proj/UCLA-CS-239-Winter-2015/Part_B/Benchmark/closure-compiler/build.xml';
    
        cur['ant.file.compiler'] = '/Users/linmanna/Documents/proj/UCLA-CS-239-Winter-2015/Part_B/Benchmark/closure-compiler/build.xml';
    
        cur['ant.file.type'] = 'file';
    
        cur['ant.file.type.compiler'] = 'file';
    
        cur['ant.home'] = '//Users/linmanna/ant';
    
        cur['ant.java.version'] = '1.7';
    
        cur['ant.library.dir'] = '//Users/linmanna/ant/lib';
    
        cur['ant.project.default-target'] = 'jar';
    
        cur['ant.project.invoked-targets'] = 'clean,compile,compile-tests,test';
    
        cur['ant.project.name'] = 'compiler';
    
        cur['ant.version'] = 'Apache Ant(TM) version 1.9.4 compiled on April 29 2014';
    
        cur['awt.toolkit'] = 'sun.lwawt.macosx.LWCToolkit';
    
        cur['basedir'] = '/Users/linmanna/Documents/proj/UCLA-CS-239-Winter-2015/Part_B/Benchmark/closure-compiler';
    
        cur['build.dir'] = '/Users/linmanna/Documents/proj/UCLA-CS-239-Winter-2015/Part_B/Benchmark/closure-compiler/build';
    
        cur['build.relVersion'] = '00e3533';
    
        cur['buildlib.dir'] = '/Users/linmanna/Documents/proj/UCLA-CS-239-Winter-2015/Part_B/Benchmark/closure-compiler/build/lib';
    
        cur['classes.dir'] = '/Users/linmanna/Documents/proj/UCLA-CS-239-Winter-2015/Part_B/Benchmark/closure-compiler/build/classes';
    
        cur['closure.build.dir'] = '/Users/linmanna/Documents/proj/UCLA-CS-239-Winter-2015/Part_B/Benchmark/closure-compiler/build';
    
        cur['compiler-jarfile'] = '/Users/linmanna/Documents/proj/UCLA-CS-239-Winter-2015/Part_B/Benchmark/closure-compiler/build/compiler.jar';
    
        cur['externs.dir'] = '/Users/linmanna/Documents/proj/UCLA-CS-239-Winter-2015/Part_B/Benchmark/closure-compiler/externs';
    
        cur['file.encoding'] = 'UTF-8';
    
        cur['file.encoding.pkg'] = 'sun.io';
    
        cur['file.separator'] = '/';
    
        cur['ftp.nonProxyHosts'] = 'local|*.local|169.254/16|*.169.254/16';
    
        cur['gen.dir'] = '/Users/linmanna/Documents/proj/UCLA-CS-239-Winter-2015/Part_B/Benchmark/closure-compiler/gen';
    
        cur['gopherProxySet'] = 'false';
    
        cur['http.nonProxyHosts'] = 'local|*.local|169.254/16|*.169.254/16';
    
        cur['java.awt.graphicsenv'] = 'sun.awt.CGraphicsEnvironment';
    
        cur['java.awt.printerjob'] = 'sun.lwawt.macosx.CPrinterJob';
    
        cur['java.class.path'] = '/Users/linmanna/Documents/proj/UCLA-CS-239-Winter-2015/Part_B/Benchmark/closure-compiler/build/classes:/Users/linmanna/Documents/proj/UCLA-CS-239-Winter-2015/Part_B/Benchmark/closure-compiler/lib/ant-launcher.jar:/Users/linmanna/Documents/proj/UCLA-CS-239-Winter-2015/Part_B/Benchmark/closure-compiler/lib/ant.jar:/Users/linmanna/Documents/proj/UCLA-CS-239-Winter-2015/Part_B/Benchmark/closure-compiler/lib/args4j.jar:/Users/linmanna/Documents/proj/UCLA-CS-239-Winter-2015/Part_B/Benchmark/closure-compiler/lib/gson.jar:/Users/linmanna/Documents/proj/UCLA-CS-239-Winter-2015/Part_B/Benchmark/closure-compiler/lib/guava.jar:/Users/linmanna/Documents/proj/UCLA-CS-239-Winter-2015/Part_B/Benchmark/closure-compiler/lib/jsr305.jar:/Users/linmanna/Documents/proj/UCLA-CS-239-Winter-2015/Part_B/Benchmark/closure-compiler/lib/junit.jar:/Users/linmanna/Documents/proj/UCLA-CS-239-Winter-2015/Part_B/Benchmark/closure-compiler/lib/protobuf-java.jar:/Users/linmanna/Documents/proj/UCLA-CS-239-Winter-2015/Part_B/Benchmark/closure-compiler/lib/truth.jar:/Users/linmanna/Documents/proj/UCLA-CS-239-Winter-2015/Part_B/Benchmark/closure-compiler/build/test:/Users/linmanna/ant/lib/ant-launcher.jar:/Users/linmanna/ant/lib/ant.jar:/Users/linmanna/ant/lib/ant-junit.jar:/Users/linmanna/ant/lib/ant-junit4.jar';
    
        cur['java.class.version'] = '51.0';
    
        cur['java.endorsed.dirs'] = '/Library/Java/JavaVirtualMachines/jdk1.7.0_75.jdk/Contents/Home/jre/lib/endorsed';
    
        cur['java.ext.dirs'] = '/Users/linmanna/Library/Java/Extensions:/Library/Java/JavaVirtualMachines/jdk1.7.0_75.jdk/Contents/Home/jre/lib/ext:/Library/Java/Extensions:/Network/Library/Java/Extensions:/System/Library/Java/Extensions:/usr/lib/java';
    
        cur['java.home'] = '/Library/Java/JavaVirtualMachines/jdk1.7.0_75.jdk/Contents/Home/jre';
    
        cur['java.io.tmpdir'] = '/var/folders/_p/3swdt4h96dn79vyt21dtny9h0000gn/T/';
    
        cur['java.library.path'] = '/Users/linmanna/Library/Java/Extensions:/Library/Java/Extensions:/Network/Library/Java/Extensions:/System/Library/Java/Extensions:/usr/lib/java:.';
    
        cur['java.runtime.name'] = 'Java(TM) SE Runtime Environment';
    
        cur['java.runtime.version'] = '1.7.0_75-b13';
    
        cur['java.specification.name'] = 'Java Platform API Specification';
    
        cur['java.specification.vendor'] = 'Oracle Corporation';
    
        cur['java.specification.version'] = '1.7';
    
        cur['java.vendor'] = 'Oracle Corporation';
    
        cur['java.vendor.url'] = 'http://java.oracle.com/';
    
        cur['java.vendor.url.bug'] = 'http://bugreport.sun.com/bugreport/';
    
        cur['java.version'] = '1.7.0_75';
    
        cur['java.vm.info'] = 'mixed mode';
    
        cur['java.vm.name'] = 'Java HotSpot(TM) 64-Bit Server VM';
    
        cur['java.vm.specification.name'] = 'Java Virtual Machine Specification';
    
        cur['java.vm.specification.vendor'] = 'Oracle Corporation';
    
        cur['java.vm.specification.version'] = '1.7';
    
        cur['java.vm.vendor'] = 'Oracle Corporation';
    
        cur['java.vm.version'] = '24.75-b04';
    
        cur['javac.debug'] = 'on';
    
        cur['javadoc.dir'] = '/Users/linmanna/Documents/proj/UCLA-CS-239-Winter-2015/Part_B/Benchmark/closure-compiler/build/javadoc';
    
        cur['lib.dir'] = '/Users/linmanna/Documents/proj/UCLA-CS-239-Winter-2015/Part_B/Benchmark/closure-compiler/lib';
    
        cur['line.separator'] = '\n';
    
        cur['maven-repository-id'] = 'sonatype-nexus-staging';
    
        cur['maven-repository-url'] = 'https://oss.sonatype.org/service/local/staging/deploy/maven2/';
    
        cur['os.arch'] = 'x86_64';
    
        cur['os.name'] = 'Mac OS X';
    
        cur['os.version'] = '10.9.5';
    
        cur['path.separator'] = ':';
    
        cur['protoc.executable'] = 'protoc';
    
        cur['refasterjs.dir'] = '/Users/linmanna/Documents/proj/UCLA-CS-239-Winter-2015/Part_B/Benchmark/closure-compiler/src/com/google/javascript/refactoring';
    
        cur['refasterjs-classes.dir'] = '/Users/linmanna/Documents/proj/UCLA-CS-239-Winter-2015/Part_B/Benchmark/closure-compiler/build/refasterjs-classes';
    
        cur['refasterjs-jarfile'] = '/Users/linmanna/Documents/proj/UCLA-CS-239-Winter-2015/Part_B/Benchmark/closure-compiler/build/refasterjs.jar';
    
        cur['socksNonProxyHosts'] = 'local|*.local|169.254/16|*.169.254/16';
    
        cur['src.dir'] = '/Users/linmanna/Documents/proj/UCLA-CS-239-Winter-2015/Part_B/Benchmark/closure-compiler/src';
    
        cur['sun.arch.data.model'] = '64';
    
        cur['sun.boot.class.path'] = '/Library/Java/JavaVirtualMachines/jdk1.7.0_75.jdk/Contents/Home/jre/lib/resources.jar:/Library/Java/JavaVirtualMachines/jdk1.7.0_75.jdk/Contents/Home/jre/lib/rt.jar:/Library/Java/JavaVirtualMachines/jdk1.7.0_75.jdk/Contents/Home/jre/lib/sunrsasign.jar:/Library/Java/JavaVirtualMachines/jdk1.7.0_75.jdk/Contents/Home/jre/lib/jsse.jar:/Library/Java/JavaVirtualMachines/jdk1.7.0_75.jdk/Contents/Home/jre/lib/jce.jar:/Library/Java/JavaVirtualMachines/jdk1.7.0_75.jdk/Contents/Home/jre/lib/charsets.jar:/Library/Java/JavaVirtualMachines/jdk1.7.0_75.jdk/Contents/Home/jre/lib/jfr.jar:/Library/Java/JavaVirtualMachines/jdk1.7.0_75.jdk/Contents/Home/jre/classes';
    
        cur['sun.boot.library.path'] = '/Library/Java/JavaVirtualMachines/jdk1.7.0_75.jdk/Contents/Home/jre/lib';
    
        cur['sun.cpu.endian'] = 'little';
    
        cur['sun.cpu.isalist'] = '';
    
        cur['sun.io.unicode.encoding'] = 'UnicodeBig';
    
        cur['sun.java.command'] = 'org.apache.tools.ant.taskdefs.optional.junit.JUnitTestRunner testsfile=/Users/linmanna/Documents/proj/UCLA-CS-239-Winter-2015/Part_B/Benchmark/closure-compiler/junittestcases4622356093930181862.properties skipNonTests=false filtertrace=true haltOnError=false haltOnFailure=false formatter=org.apache.tools.ant.taskdefs.optional.junit.SummaryJUnitResultFormatter showoutput=true outputtoformatters=true logfailedtests=true threadid=0 logtestlistenerevents=false formatter=org.apache.tools.ant.taskdefs.optional.junit.BriefJUnitResultFormatter formatter=org.apache.tools.ant.taskdefs.optional.junit.XMLJUnitResultFormatter,/Users/linmanna/Documents/proj/UCLA-CS-239-Winter-2015/Part_B/Benchmark/closure-compiler/build/testoutput/IGNORETHIS.xml crashfile=/Users/linmanna/Documents/proj/UCLA-CS-239-Winter-2015/Part_B/Benchmark/closure-compiler/junitvmwatcher882389895192408063.properties propsfile=/Users/linmanna/Documents/proj/UCLA-CS-239-Winter-2015/Part_B/Benchmark/closure-compiler/junit6374663990081372210.properties';
    
        cur['sun.java.launcher'] = 'SUN_STANDARD';
    
        cur['sun.jnu.encoding'] = 'UTF-8';
    
        cur['sun.management.compiler'] = 'HotSpot 64-Bit Tiered Compilers';
    
        cur['sun.os.patch.level'] = 'unknown';
    
        cur['test.class'] = '*Test';
    
        cur['test.dir'] = '/Users/linmanna/Documents/proj/UCLA-CS-239-Winter-2015/Part_B/Benchmark/closure-compiler/test';
    
        cur['test.fork'] = 'true';
    
        cur['test.method'] = '';
    
        cur['testClasses.dir'] = '/Users/linmanna/Documents/proj/UCLA-CS-239-Winter-2015/Part_B/Benchmark/closure-compiler/build/test';
    
        cur['tools.dir'] = '/Users/linmanna/Documents/proj/UCLA-CS-239-Winter-2015/Part_B/Benchmark/closure-compiler/tools';
    
        cur['user.country'] = 'CN';
    
        cur['user.dir'] = '/Users/linmanna/Documents/proj/UCLA-CS-239-Winter-2015/Part_B/Benchmark/closure-compiler';
    
        cur['user.home'] = '/Users/linmanna';
    
        cur['user.language'] = 'zh';
    
        cur['user.name'] = 'linmanna';
    
        cur['user.timezone'] = '';
    
        cur['webservice.dir'] = '/Users/linmanna/Documents/proj/UCLA-CS-239-Winter-2015/Part_B/Benchmark/closure-compiler/src/com/google/javascript/jscomp/webservice';
    
        cur['webservice-classes.dir'] = '/Users/linmanna/Documents/proj/UCLA-CS-239-Winter-2015/Part_B/Benchmark/closure-compiler/build/webservice-classes';
    
        cur['webservice-jarfile'] = '/Users/linmanna/Documents/proj/UCLA-CS-239-Winter-2015/Part_B/Benchmark/closure-compiler/build/webservice.jar';
    </script><script type="text/javascript" language="JavaScript">
        function displayProperties (name) {
          var win = window.open('','JUnitSystemProperties','scrollbars=1,resizable=1');
          var doc = win.document;
          doc.open();
          doc.write("<html><head><title>Properties of " + name + "</title>");
          doc.write("<style type=\"text/css\">");
          doc.write("body {font:normal 68% verdana,arial,helvetica; color:#000000; }");
          doc.write("table tr td, table tr th { font-size: 68%; }");
          doc.write("table.properties { border-collapse:collapse; border-left:solid 1 #cccccc; border-top:solid 1 #cccccc; padding:5px; }");
          doc.write("table.properties th { text-align:left; border-right:solid 1 #cccccc; border-bottom:solid 1 #cccccc; background-color:#eeeeee; }");
          doc.write("table.properties td { font:normal; text-align:left; border-right:solid 1 #cccccc; border-bottom:solid 1 #cccccc; background-color:#fffffff; }");
          doc.write("h3 { margin-bottom: 0.5em; font: bold 115% verdana,arial,helvetica }");
          doc.write("</style>");
          doc.write("</head><body>");
          doc.write("<h3>Properties of " + name + "</h3>");
          doc.write("<div align=\"right\"><a href=\"javascript:window.close();\">Close</a></div>");
          doc.write("<table class='properties'>");
          doc.write("<tr><th>Name</th><th>Value</th></tr>");
          for (prop in TestCases[name]) {
            doc.write("<tr><th>" + prop + "</th><td>" + TestCases[name][prop] + "</td></tr>");
          }
          doc.write("</table>");
          doc.write("</body></html>");
          doc.close();
          win.focus();
        }
      
      </script>
</head>
<body>
<h1>Unit Test Results.</h1>
<table width="100%">
<tr>
<td align="left"></td><td align="right">Designed for use with <a href="http://www.junit.org/">JUnit</a> and <a href="http://ant.apache.org/">Ant</a>.</td>
</tr>
</table>
<hr size="1">
<h3>Class com.google.javascript.jscomp.IntegrationTest</h3>
<table class="details" border="0" cellpadding="5" cellspacing="2" width="95%">
<tr valign="top">
<th width="80%">Name</th><th>Tests</th><th>Errors</th><th>Failures</th><th>Skipped</th><th nowrap>Time(s)</th><th nowrap>Time Stamp</th><th>Host</th>
</tr>
<tr valign="top" class="Error">
<td><a title="Display all tests" href="111_IntegrationTest.html">IntegrationTest</a></td><td><a title="Display all tests" href="111_IntegrationTest.html">200</a></td><td><a title="Display only errors" href="111_IntegrationTest-errors.html">17</a></td><td><a title="Display only failures" href="111_IntegrationTest-fails.html">163</a></td><td>0</td><td>1.147</td><td>2015-03-09T03:17:26</td><td>cs-210-206.cs.ucla.edu</td>
</tr>
</table>
<h2>Tests</h2>
<table class="details" border="0" cellpadding="5" cellspacing="2" width="95%">
<tr valign="top">
<th>Name</th><th>Status</th><th width="80%">Type</th><th nowrap>Time(s)</th>
</tr>
<tr valign="top" class="Failure">
<td><a name="testManyAdds"></a>testManyAdds</td><td>Failure</td><td>Expected no warnings or errors
Errors: 
Warnings: 
JSC_UNREACHABLE_CODE. unreachable code at i0 line 1 : 0 expected:&lt;0&gt; but was:&lt;1&gt;<br>
<br>
<code>junit.framework.AssertionFailedError: Expected no warnings or errors<br>Errors: <br>Warnings: <br>JSC_UNREACHABLE_CODE. unreachable code at i0 line 1 : 0 expected:&lt;0&gt; but was:&lt;1&gt;<br>	at com.google.javascript.jscomp.IntegrationTestCase.test(IntegrationTestCase.java:97)<br>	at com.google.javascript.jscomp.IntegrationTestCase.test(IntegrationTestCase.java:87)<br>	at com.google.javascript.jscomp.IntegrationTest.testManyAdds(IntegrationTest.java:3083)<br>
</code></td><td>0.488</td>
</tr>
<tr valign="top" class="Failure">
<td><a name="testExports"></a>testExports</td><td>Failure</td><td>Expected no warnings or errors
Errors: 
Warnings: 
JSC_UNREACHABLE_CODE. unreachable code at i0 line 1 : 20 expected:&lt;0&gt; but was:&lt;1&gt;<br>
<br>
<code>junit.framework.AssertionFailedError: Expected no warnings or errors<br>Errors: <br>Warnings: <br>JSC_UNREACHABLE_CODE. unreachable code at i0 line 1 : 20 expected:&lt;0&gt; but was:&lt;1&gt;<br>	at com.google.javascript.jscomp.IntegrationTestCase.test(IntegrationTestCase.java:97)<br>	at com.google.javascript.jscomp.IntegrationTestCase.test(IntegrationTestCase.java:87)<br>	at com.google.javascript.jscomp.IntegrationTest.testExports(IntegrationTest.java:2993)<br>
</code></td><td>0.009</td>
</tr>
<tr valign="top" class="Error">
<td><a name="testIssue724"></a>testIssue724</td><td>Error</td><td>INTERNAL COMPILER ERROR.
Please report this problem.

null
  Node(FUNCTION ): i0:1:13
isFunction = function(functionToCheck) {  var getType = {};  return functionToCheck &amp;&amp;       getType.toString.apply(functionToCheck) ===      '[object Function]';};
  Parent(ASSIGN): i0:1:0
isFunction = function(functionToCheck) {  var getType = {};  return functionToCheck &amp;&amp;       getType.toString.apply(functionToCheck) ===      '[object Function]';};
<br>
<br>
<code>java.lang.RuntimeException: INTERNAL COMPILER ERROR.<br>Please report this problem.<br>
<br>null<br>  Node(FUNCTION ): i0:1:13<br>isFunction = function(functionToCheck) {  var getType = {};  return functionToCheck &amp;&amp;       getType.toString.apply(functionToCheck) ===      '[object Function]';};<br>  Parent(ASSIGN): i0:1:0<br>isFunction = function(functionToCheck) {  var getType = {};  return functionToCheck &amp;&amp;       getType.toString.apply(functionToCheck) ===      '[object Function]';};<br>
<br>	at com.google.javascript.jscomp.CheckGlobalThis.shouldTraverse(CheckGlobalThis.java:94)<br>	at com.google.javascript.jscomp.CombinedCompilerPass$CallbackWrapper.shouldTraverseIfActive(CombinedCompilerPass.java:130)<br>	at com.google.javascript.jscomp.CombinedCompilerPass.shouldTraverse(CombinedCompilerPass.java:165)<br>	at com.google.javascript.jscomp.NodeTraversal.traverseBranch(NodeTraversal.java:557)<br>	at com.google.javascript.jscomp.NodeTraversal.traverseBranch(NodeTraversal.java:570)<br>	at com.google.javascript.jscomp.NodeTraversal.traverseBranch(NodeTraversal.java:570)<br>	at com.google.javascript.jscomp.NodeTraversal.traverseBranch(NodeTraversal.java:570)<br>	at com.google.javascript.jscomp.NodeTraversal.traverseBranch(NodeTraversal.java:570)<br>	at com.google.javascript.jscomp.NodeTraversal.traverse(NodeTraversal.java:289)<br>	at com.google.javascript.jscomp.NodeTraversal.traverse(NodeTraversal.java:528)<br>	at com.google.javascript.jscomp.CombinedCompilerPass.process(CombinedCompilerPass.java:154)<br>	at com.google.javascript.jscomp.PhaseOptimizer$NamedPass.process(PhaseOptimizer.java:285)<br>	at com.google.javascript.jscomp.PhaseOptimizer.process(PhaseOptimizer.java:217)<br>	at com.google.javascript.jscomp.Compiler.check(Compiler.java:844)<br>	at com.google.javascript.jscomp.Compiler.compileInternal(Compiler.java:757)<br>	at com.google.javascript.jscomp.Compiler.access$000(Compiler.java:95)<br>	at com.google.javascript.jscomp.Compiler$3.call(Compiler.java:656)<br>	at com.google.javascript.jscomp.Compiler$3.call(Compiler.java:653)<br>	at com.google.javascript.jscomp.Compiler$4.call(Compiler.java:700)<br>	at java.util.concurrent.FutureTask.run(FutureTask.java:262)<br>	at java.util.concurrent.ThreadPoolExecutor.runWorker(ThreadPoolExecutor.java:1145)<br>	at java.util.concurrent.ThreadPoolExecutor$Worker.run(ThreadPoolExecutor.java:615)<br>	at java.lang.Thread.run(Thread.java:745)<br>Caused by: java.lang.NullPointerException<br>
</code></td><td>0.002</td>
</tr>
<tr valign="top" class="Failure">
<td><a name="testMissingReturn"></a>testMissingReturn</td><td>Failure</td><td>Expected no warnings or errors
Errors: 
Warnings: 
JSC_UNREACHABLE_CODE. unreachable code at i0 line 1 : 24 expected:&lt;0&gt; but was:&lt;1&gt;<br>
<br>
<code>junit.framework.AssertionFailedError: Expected no warnings or errors<br>Errors: <br>Warnings: <br>JSC_UNREACHABLE_CODE. unreachable code at i0 line 1 : 24 expected:&lt;0&gt; but was:&lt;1&gt;<br>	at com.google.javascript.jscomp.IntegrationTestCase.test(IntegrationTestCase.java:97)<br>	at com.google.javascript.jscomp.IntegrationTestCase.testSame(IntegrationTestCase.java:78)<br>	at com.google.javascript.jscomp.IntegrationTestCase.testSame(IntegrationTestCase.java:74)<br>	at com.google.javascript.jscomp.IntegrationTest.testMissingReturn(IntegrationTest.java:591)<br>
</code></td><td>0.003</td>
</tr>
<tr valign="top" class="Failure">
<td><a name="testBug1956277"></a>testBug1956277</td><td>Failure</td><td>Expected no warnings or errors
Errors: 
Warnings: 
JSC_UNREACHABLE_CODE. unreachable code at i0 line 1 : 0 expected:&lt;0&gt; but was:&lt;1&gt;<br>
<br>
<code>junit.framework.AssertionFailedError: Expected no warnings or errors<br>Errors: <br>Warnings: <br>JSC_UNREACHABLE_CODE. unreachable code at i0 line 1 : 0 expected:&lt;0&gt; but was:&lt;1&gt;<br>	at com.google.javascript.jscomp.IntegrationTestCase.test(IntegrationTestCase.java:97)<br>	at com.google.javascript.jscomp.IntegrationTestCase.test(IntegrationTestCase.java:87)<br>	at com.google.javascript.jscomp.IntegrationTest.testBug1956277(IntegrationTest.java:96)<br>
</code></td><td>0.002</td>
</tr>
<tr valign="top" class="Failure">
<td><a name="testCheckGlobalThisOff"></a>testCheckGlobalThisOff</td><td>Failure</td><td>Expected no warnings or errors
Errors: 
Warnings: 
JSC_UNREACHABLE_CODE. unreachable code at i0 line 1 : 0 expected:&lt;0&gt; but was:&lt;1&gt;<br>
<br>
<code>junit.framework.AssertionFailedError: Expected no warnings or errors<br>Errors: <br>Warnings: <br>JSC_UNREACHABLE_CODE. unreachable code at i0 line 1 : 0 expected:&lt;0&gt; but was:&lt;1&gt;<br>	at com.google.javascript.jscomp.IntegrationTestCase.test(IntegrationTestCase.java:97)<br>	at com.google.javascript.jscomp.IntegrationTestCase.testSame(IntegrationTestCase.java:78)<br>	at com.google.javascript.jscomp.IntegrationTestCase.testSame(IntegrationTestCase.java:74)<br>	at com.google.javascript.jscomp.IntegrationTest.testCheckGlobalThisOff(IntegrationTest.java:314)<br>
</code></td><td>0.004</td>
</tr>
<tr valign="top" class="Failure">
<td><a name="testInlineVariables"></a>testInlineVariables</td><td>Failure</td><td>Expected no warnings or errors
Errors: 
Warnings: 
JSC_UNREACHABLE_CODE. unreachable code at i0 line 1 : 0 expected:&lt;0&gt; but was:&lt;1&gt;<br>
<br>
<code>junit.framework.AssertionFailedError: Expected no warnings or errors<br>Errors: <br>Warnings: <br>JSC_UNREACHABLE_CODE. unreachable code at i0 line 1 : 0 expected:&lt;0&gt; but was:&lt;1&gt;<br>	at com.google.javascript.jscomp.IntegrationTestCase.test(IntegrationTestCase.java:97)<br>	at com.google.javascript.jscomp.IntegrationTestCase.testSame(IntegrationTestCase.java:78)<br>	at com.google.javascript.jscomp.IntegrationTestCase.testSame(IntegrationTestCase.java:74)<br>	at com.google.javascript.jscomp.IntegrationTest.testInlineVariables(IntegrationTest.java:1047)<br>
</code></td><td>0.003</td>
</tr>
<tr valign="top" class="Failure">
<td><a name="testHiddenSideEffect"></a>testHiddenSideEffect</td><td>Failure</td><td>Expected no warnings or errors
Errors: 
Warnings: 
JSC_UNREACHABLE_CODE. unreachable code at i0 line 1 : 0 expected:&lt;0&gt; but was:&lt;1&gt;<br>
<br>
<code>junit.framework.AssertionFailedError: Expected no warnings or errors<br>Errors: <br>Warnings: <br>JSC_UNREACHABLE_CODE. unreachable code at i0 line 1 : 0 expected:&lt;0&gt; but was:&lt;1&gt;<br>	at com.google.javascript.jscomp.IntegrationTestCase.test(IntegrationTestCase.java:97)<br>	at com.google.javascript.jscomp.IntegrationTestCase.test(IntegrationTestCase.java:87)<br>	at com.google.javascript.jscomp.IntegrationTest.testHiddenSideEffect(IntegrationTest.java:2594)<br>
</code></td><td>0.009</td>
</tr>
<tr valign="top" class="Failure">
<td><a name="testInlineConstants"></a>testInlineConstants</td><td>Failure</td><td>Expected no warnings or errors
Errors: 
Warnings: 
JSC_UNREACHABLE_CODE. unreachable code at i0 line 1 : 0 expected:&lt;0&gt; but was:&lt;1&gt;<br>
<br>
<code>junit.framework.AssertionFailedError: Expected no warnings or errors<br>Errors: <br>Warnings: <br>JSC_UNREACHABLE_CODE. unreachable code at i0 line 1 : 0 expected:&lt;0&gt; but was:&lt;1&gt;<br>	at com.google.javascript.jscomp.IntegrationTestCase.test(IntegrationTestCase.java:97)<br>	at com.google.javascript.jscomp.IntegrationTestCase.testSame(IntegrationTestCase.java:78)<br>	at com.google.javascript.jscomp.IntegrationTestCase.testSame(IntegrationTestCase.java:74)<br>	at com.google.javascript.jscomp.IntegrationTest.testInlineConstants(IntegrationTest.java:1059)<br>
</code></td><td>0.002</td>
</tr>
<tr valign="top" class="Failure">
<td><a name="testIssue90"></a>testIssue90</td><td>Failure</td><td>Expected no warnings or errors
Errors: 
Warnings: 
JSC_UNREACHABLE_CODE. unreachable code at i0 line 1 : 0 expected:&lt;0&gt; but was:&lt;1&gt;<br>
<br>
<code>junit.framework.AssertionFailedError: Expected no warnings or errors<br>Errors: <br>Warnings: <br>JSC_UNREACHABLE_CODE. unreachable code at i0 line 1 : 0 expected:&lt;0&gt; but was:&lt;1&gt;<br>	at com.google.javascript.jscomp.IntegrationTestCase.test(IntegrationTestCase.java:97)<br>	at com.google.javascript.jscomp.IntegrationTestCase.test(IntegrationTestCase.java:87)<br>	at com.google.javascript.jscomp.IntegrationTest.testIssue90(IntegrationTest.java:168)<br>
</code></td><td>0.005</td>
</tr>
<tr valign="top" class="Failure">
<td><a name="testConstructorCycle"></a>testConstructorCycle</td><td>Failure</td><td>Unexpected warnings or errors.
 Warning:JSC_UNREACHABLE_CODE. unreachable code at i0 line 1 : 28
Warning:JSC_PARSE_ERROR. Parse error. Cycle detected in inheritance chain of type Foo at i0 line 4 : 34
 expected:&lt;1&gt; but was:&lt;2&gt;<br>
<br>
<code>junit.framework.AssertionFailedError: Unexpected warnings or errors.<br> Warning:JSC_UNREACHABLE_CODE. unreachable code at i0 line 1 : 28<br>Warning:JSC_PARSE_ERROR. Parse error. Cycle detected in inheritance chain of type Foo at i0 line 4 : 34<br> expected:&lt;1&gt; but was:&lt;2&gt;<br>	at com.google.javascript.jscomp.IntegrationTestCase.checkUnexpectedErrorsOrWarnings(IntegrationTestCase.java:219)<br>	at com.google.javascript.jscomp.IntegrationTestCase.test(IntegrationTestCase.java:137)<br>	at com.google.javascript.jscomp.IntegrationTestCase.test(IntegrationTestCase.java:127)<br>	at com.google.javascript.jscomp.IntegrationTestCase.test(IntegrationTestCase.java:116)<br>	at com.google.javascript.jscomp.IntegrationTest.testConstructorCycle(IntegrationTest.java:52)<br>
</code></td><td>0.006</td>
</tr>
<tr valign="top" class="Failure">
<td><a name="testBug1949424"></a>testBug1949424</td><td>Failure</td><td>Expected no warnings or errors
Errors: 
Warnings: 
JSC_UNREACHABLE_CODE. unreachable code at i0 line 1 : 25 expected:&lt;0&gt; but was:&lt;1&gt;<br>
<br>
<code>junit.framework.AssertionFailedError: Expected no warnings or errors<br>Errors: <br>Warnings: <br>JSC_UNREACHABLE_CODE. unreachable code at i0 line 1 : 25 expected:&lt;0&gt; but was:&lt;1&gt;<br>	at com.google.javascript.jscomp.IntegrationTestCase.test(IntegrationTestCase.java:97)<br>	at com.google.javascript.jscomp.IntegrationTestCase.test(IntegrationTestCase.java:87)<br>	at com.google.javascript.jscomp.IntegrationTest.testBug1949424(IntegrationTest.java:65)<br>
</code></td><td>0.002</td>
</tr>
<tr valign="top" class="Failure">
<td><a name="testBug1949424_v2"></a>testBug1949424_v2</td><td>Failure</td><td>Expected no warnings or errors
Errors: 
Warnings: 
JSC_UNREACHABLE_CODE. unreachable code at i0 line 1 : 25 expected:&lt;0&gt; but was:&lt;1&gt;<br>
<br>
<code>junit.framework.AssertionFailedError: Expected no warnings or errors<br>Errors: <br>Warnings: <br>JSC_UNREACHABLE_CODE. unreachable code at i0 line 1 : 25 expected:&lt;0&gt; but was:&lt;1&gt;<br>	at com.google.javascript.jscomp.IntegrationTestCase.test(IntegrationTestCase.java:97)<br>	at com.google.javascript.jscomp.IntegrationTestCase.test(IntegrationTestCase.java:87)<br>	at com.google.javascript.jscomp.IntegrationTest.testBug1949424_v2(IntegrationTest.java:73)<br>
</code></td><td>0.003</td>
</tr>
<tr valign="top" class="Failure">
<td><a name="testUnresolvedDefine"></a>testUnresolvedDefine</td><td>Failure</td><td>Unexpected warnings or errors.
 Error:JSC_INVALID_DEFINE_TYPE_ERROR. @define tag only permits literal types at i0 line 1 : 62
Warning:JSC_UNREACHABLE_CODE. unreachable code at i0 line 1 : 0
Warning:JSC_TYPE_PARSE_ERROR. Bad type annotation. Unknown type foo.bar at i0 line 1 : 50
 expected:&lt;2&gt; but was:&lt;3&gt;<br>
<br>
<code>junit.framework.AssertionFailedError: Unexpected warnings or errors.<br> Error:JSC_INVALID_DEFINE_TYPE_ERROR. @define tag only permits literal types at i0 line 1 : 62<br>Warning:JSC_UNREACHABLE_CODE. unreachable code at i0 line 1 : 0<br>Warning:JSC_TYPE_PARSE_ERROR. Bad type annotation. Unknown type foo.bar at i0 line 1 : 50<br> expected:&lt;2&gt; but was:&lt;3&gt;<br>	at com.google.javascript.jscomp.IntegrationTestCase.checkUnexpectedErrorsOrWarnings(IntegrationTestCase.java:219)<br>	at com.google.javascript.jscomp.IntegrationTestCase.test(IntegrationTestCase.java:196)<br>	at com.google.javascript.jscomp.IntegrationTest.testUnresolvedDefine(IntegrationTest.java:89)<br>
</code></td><td>0.005</td>
</tr>
<tr valign="top" class="Failure">
<td><a name="testBug1962380"></a>testBug1962380</td><td>Failure</td><td>Expected no warnings or errors
Errors: 
Warnings: 
JSC_UNREACHABLE_CODE. unreachable code at i0 line 1 : 25 expected:&lt;0&gt; but was:&lt;1&gt;<br>
<br>
<code>junit.framework.AssertionFailedError: Expected no warnings or errors<br>Errors: <br>Warnings: <br>JSC_UNREACHABLE_CODE. unreachable code at i0 line 1 : 25 expected:&lt;0&gt; but was:&lt;1&gt;<br>	at com.google.javascript.jscomp.IntegrationTestCase.test(IntegrationTestCase.java:97)<br>	at com.google.javascript.jscomp.IntegrationTestCase.test(IntegrationTestCase.java:87)<br>	at com.google.javascript.jscomp.IntegrationTest.testBug1962380(IntegrationTest.java:108)<br>
</code></td><td>0.004</td>
</tr>
<tr valign="top" class="Failure">
<td><a name="testBug2410122"></a>testBug2410122</td><td>Failure</td><td>Expected no warnings or errors
Errors: 
Warnings: 
JSC_UNREACHABLE_CODE. unreachable code at i0 line 1 : 0 expected:&lt;0&gt; but was:&lt;1&gt;<br>
<br>
<code>junit.framework.AssertionFailedError: Expected no warnings or errors<br>Errors: <br>Warnings: <br>JSC_UNREACHABLE_CODE. unreachable code at i0 line 1 : 0 expected:&lt;0&gt; but was:&lt;1&gt;<br>	at com.google.javascript.jscomp.IntegrationTestCase.test(IntegrationTestCase.java:97)<br>	at com.google.javascript.jscomp.IntegrationTestCase.test(IntegrationTestCase.java:87)<br>	at com.google.javascript.jscomp.IntegrationTest.testBug2410122(IntegrationTest.java:119)<br>
</code></td><td>0.002</td>
</tr>
<tr valign="top" class="Error">
<td><a name="testBug18078936"></a>testBug18078936</td><td>Error</td><td>INTERNAL COMPILER ERROR.
Please report this problem.

null
  Node(FUNCTION ): i0:1:30
var goog = {};goog.inherits = function(a,b) {};goog.defineClass = function(a,b) {};/** @template T */
  Parent(ASSIGN): i0:1:14
var goog = {};goog.inherits = function(a,b) {};goog.defineClass = function(a,b) {};/** @template T */
<br>
<br>
<code>java.lang.RuntimeException: INTERNAL COMPILER ERROR.<br>Please report this problem.<br>
<br>null<br>  Node(FUNCTION ): i0:1:30<br>var goog = {};goog.inherits = function(a,b) {};goog.defineClass = function(a,b) {};/** @template T */<br>  Parent(ASSIGN): i0:1:14<br>var goog = {};goog.inherits = function(a,b) {};goog.defineClass = function(a,b) {};/** @template T */<br>
<br>	at com.google.javascript.jscomp.CheckGlobalThis.shouldTraverse(CheckGlobalThis.java:94)<br>	at com.google.javascript.jscomp.CombinedCompilerPass$CallbackWrapper.shouldTraverseIfActive(CombinedCompilerPass.java:130)<br>	at com.google.javascript.jscomp.CombinedCompilerPass.shouldTraverse(CombinedCompilerPass.java:165)<br>	at com.google.javascript.jscomp.NodeTraversal.traverseBranch(NodeTraversal.java:557)<br>	at com.google.javascript.jscomp.NodeTraversal.traverseBranch(NodeTraversal.java:570)<br>	at com.google.javascript.jscomp.NodeTraversal.traverseBranch(NodeTraversal.java:570)<br>	at com.google.javascript.jscomp.NodeTraversal.traverseBranch(NodeTraversal.java:570)<br>	at com.google.javascript.jscomp.NodeTraversal.traverseBranch(NodeTraversal.java:570)<br>	at com.google.javascript.jscomp.NodeTraversal.traverse(NodeTraversal.java:289)<br>	at com.google.javascript.jscomp.NodeTraversal.traverse(NodeTraversal.java:528)<br>	at com.google.javascript.jscomp.CombinedCompilerPass.process(CombinedCompilerPass.java:154)<br>	at com.google.javascript.jscomp.PhaseOptimizer$NamedPass.process(PhaseOptimizer.java:285)<br>	at com.google.javascript.jscomp.PhaseOptimizer.process(PhaseOptimizer.java:217)<br>	at com.google.javascript.jscomp.Compiler.check(Compiler.java:844)<br>	at com.google.javascript.jscomp.Compiler.compileInternal(Compiler.java:757)<br>	at com.google.javascript.jscomp.Compiler.access$000(Compiler.java:95)<br>	at com.google.javascript.jscomp.Compiler$3.call(Compiler.java:656)<br>	at com.google.javascript.jscomp.Compiler$3.call(Compiler.java:653)<br>	at com.google.javascript.jscomp.Compiler$4.call(Compiler.java:700)<br>	at java.util.concurrent.FutureTask.run(FutureTask.java:262)<br>	at java.util.concurrent.ThreadPoolExecutor.runWorker(ThreadPoolExecutor.java:1145)<br>	at java.util.concurrent.ThreadPoolExecutor$Worker.run(ThreadPoolExecutor.java:615)<br>	at java.lang.Thread.run(Thread.java:745)<br>Caused by: java.lang.NullPointerException<br>
</code></td><td>0.002</td>
</tr>
<tr valign="top" class="Failure">
<td><a name="testClosurePassOff"></a>testClosurePassOff</td><td>Failure</td><td>Expected no warnings or errors
Errors: 
Warnings: 
JSC_UNREACHABLE_CODE. unreachable code at i0 line 1 : 0 expected:&lt;0&gt; but was:&lt;1&gt;<br>
<br>
<code>junit.framework.AssertionFailedError: Expected no warnings or errors<br>Errors: <br>Warnings: <br>JSC_UNREACHABLE_CODE. unreachable code at i0 line 1 : 0 expected:&lt;0&gt; but was:&lt;1&gt;<br>	at com.google.javascript.jscomp.IntegrationTestCase.test(IntegrationTestCase.java:97)<br>	at com.google.javascript.jscomp.IntegrationTestCase.testSame(IntegrationTestCase.java:78)<br>	at com.google.javascript.jscomp.IntegrationTestCase.testSame(IntegrationTestCase.java:74)<br>	at com.google.javascript.jscomp.IntegrationTest.testClosurePassOff(IntegrationTest.java:174)<br>
</code></td><td>0.002</td>
</tr>
<tr valign="top" class="Failure">
<td><a name="testClosurePassOn"></a>testClosurePassOn</td><td>Failure</td><td>Expected no warnings or errors
Errors: 
Warnings: 
JSC_UNREACHABLE_CODE. unreachable code at i0 line 1 : 25 expected:&lt;0&gt; but was:&lt;1&gt;<br>
<br>
<code>junit.framework.AssertionFailedError: Expected no warnings or errors<br>Errors: <br>Warnings: <br>JSC_UNREACHABLE_CODE. unreachable code at i0 line 1 : 25 expected:&lt;0&gt; but was:&lt;1&gt;<br>	at com.google.javascript.jscomp.IntegrationTestCase.test(IntegrationTestCase.java:97)<br>	at com.google.javascript.jscomp.IntegrationTestCase.test(IntegrationTestCase.java:87)<br>	at com.google.javascript.jscomp.IntegrationTest.testClosurePassOn(IntegrationTest.java:186)<br>
</code></td><td>0.005</td>
</tr>
<tr valign="top" class="TableRowColor">
<td><a name="testCssNameCheck"></a>testCssNameCheck</td><td>Success</td><td></td><td>0.003</td>
</tr>
<tr valign="top" class="Failure">
<td><a name="testCheckEventfulDisposalWarningLevels"></a>testCheckEventfulDisposalWarningLevels</td><td>Failure</td><td>Unexpected warnings or errors.
 Error:JSC_EVENTFUL_OBJECT_NOT_DISPOSED. eventful object created should be
  * registered as disposable, or
  * explicitly disposed of at i0 line 6 : 42
Warning:JSC_UNREACHABLE_CODE. unreachable code at i0 line 1 : 0
Warning:JSC_REFLECT_OBJECTLIT_EXPECTED. Object literal expected as second argument at i0 line 6 : 86
 expected:&lt;1&gt; but was:&lt;3&gt;<br>
<br>
<code>junit.framework.AssertionFailedError: Unexpected warnings or errors.<br> Error:JSC_EVENTFUL_OBJECT_NOT_DISPOSED. eventful object created should be<br>  * registered as disposable, or<br>  * explicitly disposed of at i0 line 6 : 42<br>Warning:JSC_UNREACHABLE_CODE. unreachable code at i0 line 1 : 0<br>Warning:JSC_REFLECT_OBJECTLIT_EXPECTED. Object literal expected as second argument at i0 line 6 : 86<br> expected:&lt;1&gt; but was:&lt;3&gt;<br>	at com.google.javascript.jscomp.IntegrationTestCase.checkUnexpectedErrorsOrWarnings(IntegrationTestCase.java:219)<br>	at com.google.javascript.jscomp.IntegrationTestCase.test(IntegrationTestCase.java:137)<br>	at com.google.javascript.jscomp.IntegrationTestCase.test(IntegrationTestCase.java:127)<br>	at com.google.javascript.jscomp.IntegrationTestCase.test(IntegrationTestCase.java:116)<br>	at com.google.javascript.jscomp.IntegrationTest.testCheckEventfulDisposalWarningLevels(IntegrationTest.java:230)<br>
</code></td><td>0.006</td>
</tr>
<tr valign="top" class="Failure">
<td><a name="testBug2592659"></a>testBug2592659</td><td>Failure</td><td>Unexpected warnings or errors.
 Warning:JSC_UNREACHABLE_CODE. unreachable code at i0 line 1 : 0
Warning:JSC_TYPE_MISMATCH. actual parameter 1 of goog.getCssName does not match formal parameter
found   : number
required: string at i0 line 8 : 24
 expected:&lt;1&gt; but was:&lt;2&gt;<br>
<br>
<code>junit.framework.AssertionFailedError: Unexpected warnings or errors.<br> Warning:JSC_UNREACHABLE_CODE. unreachable code at i0 line 1 : 0<br>Warning:JSC_TYPE_MISMATCH. actual parameter 1 of goog.getCssName does not match formal parameter<br>found   : number<br>required: string at i0 line 8 : 24<br> expected:&lt;1&gt; but was:&lt;2&gt;<br>	at com.google.javascript.jscomp.IntegrationTestCase.checkUnexpectedErrorsOrWarnings(IntegrationTestCase.java:219)<br>	at com.google.javascript.jscomp.IntegrationTestCase.test(IntegrationTestCase.java:137)<br>	at com.google.javascript.jscomp.IntegrationTestCase.test(IntegrationTestCase.java:127)<br>	at com.google.javascript.jscomp.IntegrationTestCase.test(IntegrationTestCase.java:116)<br>	at com.google.javascript.jscomp.IntegrationTest.testBug2592659(IntegrationTest.java:243)<br>
</code></td><td>0.005</td>
</tr>
<tr valign="top" class="Failure">
<td><a name="testTypedefBeforeOwner1"></a>testTypedefBeforeOwner1</td><td>Failure</td><td>Expected no warnings or errors
Errors: 
Warnings: 
JSC_UNREACHABLE_CODE. unreachable code at i0 line 1 : 0 expected:&lt;0&gt; but was:&lt;1&gt;<br>
<br>
<code>junit.framework.AssertionFailedError: Expected no warnings or errors<br>Errors: <br>Warnings: <br>JSC_UNREACHABLE_CODE. unreachable code at i0 line 1 : 0 expected:&lt;0&gt; but was:&lt;1&gt;<br>	at com.google.javascript.jscomp.IntegrationTestCase.test(IntegrationTestCase.java:97)<br>	at com.google.javascript.jscomp.IntegrationTestCase.test(IntegrationTestCase.java:87)<br>	at com.google.javascript.jscomp.IntegrationTest.testTypedefBeforeOwner1(IntegrationTest.java:259)<br>
</code></td><td>0.002</td>
</tr>
<tr valign="top" class="Failure">
<td><a name="testTypedefBeforeOwner2"></a>testTypedefBeforeOwner2</td><td>Failure</td><td>Expected no warnings or errors
Errors: 
Warnings: 
JSC_UNREACHABLE_CODE. unreachable code at i0 line 1 : 0 expected:&lt;0&gt; but was:&lt;1&gt;<br>
<br>
<code>junit.framework.AssertionFailedError: Expected no warnings or errors<br>Errors: <br>Warnings: <br>JSC_UNREACHABLE_CODE. unreachable code at i0 line 1 : 0 expected:&lt;0&gt; but was:&lt;1&gt;<br>	at com.google.javascript.jscomp.IntegrationTestCase.test(IntegrationTestCase.java:97)<br>	at com.google.javascript.jscomp.IntegrationTestCase.test(IntegrationTestCase.java:87)<br>	at com.google.javascript.jscomp.IntegrationTest.testTypedefBeforeOwner2(IntegrationTest.java:272)<br>
</code></td><td>0.010</td>
</tr>
<tr valign="top" class="Failure">
<td><a name="testExportedNames"></a>testExportedNames</td><td>Failure</td><td>Expected no warnings or errors
Errors: 
Warnings: 
JSC_UNREACHABLE_CODE. unreachable code at i0 line 1 : 25 expected:&lt;0&gt; but was:&lt;1&gt;<br>
<br>
<code>junit.framework.AssertionFailedError: Expected no warnings or errors<br>Errors: <br>Warnings: <br>JSC_UNREACHABLE_CODE. unreachable code at i0 line 1 : 25 expected:&lt;0&gt; but was:&lt;1&gt;<br>	at com.google.javascript.jscomp.IntegrationTestCase.test(IntegrationTestCase.java:97)<br>	at com.google.javascript.jscomp.IntegrationTestCase.test(IntegrationTestCase.java:87)<br>	at com.google.javascript.jscomp.IntegrationTest.testExportedNames(IntegrationTest.java:285)<br>
</code></td><td>0.002</td>
</tr>
<tr valign="top" class="Error">
<td><a name="testCheckGlobalThisOn"></a>testCheckGlobalThisOn</td><td>Error</td><td>INTERNAL COMPILER ERROR.
Please report this problem.

null
  Node(FUNCTION f): i0:1:0
function f() { this.y = 3; }
  Parent(SCRIPT): i0:1:0
function f() { this.y = 3; }
<br>
<br>
<code>java.lang.RuntimeException: INTERNAL COMPILER ERROR.<br>Please report this problem.<br>
<br>null<br>  Node(FUNCTION f): i0:1:0<br>function f() { this.y = 3; }<br>  Parent(SCRIPT): i0:1:0<br>function f() { this.y = 3; }<br>
<br>	at com.google.javascript.jscomp.CheckGlobalThis.shouldTraverse(CheckGlobalThis.java:94)<br>	at com.google.javascript.jscomp.CombinedCompilerPass$CallbackWrapper.shouldTraverseIfActive(CombinedCompilerPass.java:130)<br>	at com.google.javascript.jscomp.CombinedCompilerPass.shouldTraverse(CombinedCompilerPass.java:165)<br>	at com.google.javascript.jscomp.NodeTraversal.traverseBranch(NodeTraversal.java:557)<br>	at com.google.javascript.jscomp.NodeTraversal.traverseBranch(NodeTraversal.java:570)<br>	at com.google.javascript.jscomp.NodeTraversal.traverseBranch(NodeTraversal.java:570)<br>	at com.google.javascript.jscomp.NodeTraversal.traverse(NodeTraversal.java:289)<br>	at com.google.javascript.jscomp.NodeTraversal.traverse(NodeTraversal.java:528)<br>	at com.google.javascript.jscomp.CombinedCompilerPass.process(CombinedCompilerPass.java:154)<br>	at com.google.javascript.jscomp.PhaseOptimizer$NamedPass.process(PhaseOptimizer.java:285)<br>	at com.google.javascript.jscomp.PhaseOptimizer.process(PhaseOptimizer.java:217)<br>	at com.google.javascript.jscomp.Compiler.check(Compiler.java:844)<br>	at com.google.javascript.jscomp.Compiler.compileInternal(Compiler.java:757)<br>	at com.google.javascript.jscomp.Compiler.access$000(Compiler.java:95)<br>	at com.google.javascript.jscomp.Compiler$3.call(Compiler.java:656)<br>	at com.google.javascript.jscomp.Compiler$3.call(Compiler.java:653)<br>	at com.google.javascript.jscomp.Compiler$4.call(Compiler.java:700)<br>	at java.util.concurrent.FutureTask.run(FutureTask.java:262)<br>	at java.util.concurrent.ThreadPoolExecutor.runWorker(ThreadPoolExecutor.java:1145)<br>	at java.util.concurrent.ThreadPoolExecutor$Worker.run(ThreadPoolExecutor.java:615)<br>	at java.lang.Thread.run(Thread.java:745)<br>Caused by: java.lang.NullPointerException<br>
</code></td><td>0.001</td>
</tr>
<tr valign="top" class="Error">
<td><a name="testSusiciousCodeOff"></a>testSusiciousCodeOff</td><td>Error</td><td>INTERNAL COMPILER ERROR.
Please report this problem.

null
  Node(FUNCTION f): i0:1:0
function f() { this.y = 3; }
  Parent(SCRIPT): i0:1:0
function f() { this.y = 3; }
<br>
<br>
<code>java.lang.RuntimeException: INTERNAL COMPILER ERROR.<br>Please report this problem.<br>
<br>null<br>  Node(FUNCTION f): i0:1:0<br>function f() { this.y = 3; }<br>  Parent(SCRIPT): i0:1:0<br>function f() { this.y = 3; }<br>
<br>	at com.google.javascript.jscomp.CheckGlobalThis.shouldTraverse(CheckGlobalThis.java:94)<br>	at com.google.javascript.jscomp.CombinedCompilerPass$CallbackWrapper.shouldTraverseIfActive(CombinedCompilerPass.java:130)<br>	at com.google.javascript.jscomp.CombinedCompilerPass.shouldTraverse(CombinedCompilerPass.java:165)<br>	at com.google.javascript.jscomp.NodeTraversal.traverseBranch(NodeTraversal.java:557)<br>	at com.google.javascript.jscomp.NodeTraversal.traverseBranch(NodeTraversal.java:570)<br>	at com.google.javascript.jscomp.NodeTraversal.traverseBranch(NodeTraversal.java:570)<br>	at com.google.javascript.jscomp.NodeTraversal.traverse(NodeTraversal.java:289)<br>	at com.google.javascript.jscomp.NodeTraversal.traverse(NodeTraversal.java:528)<br>	at com.google.javascript.jscomp.CombinedCompilerPass.process(CombinedCompilerPass.java:154)<br>	at com.google.javascript.jscomp.PhaseOptimizer$NamedPass.process(PhaseOptimizer.java:285)<br>	at com.google.javascript.jscomp.PhaseOptimizer.process(PhaseOptimizer.java:217)<br>	at com.google.javascript.jscomp.Compiler.check(Compiler.java:844)<br>	at com.google.javascript.jscomp.Compiler.compileInternal(Compiler.java:757)<br>	at com.google.javascript.jscomp.Compiler.access$000(Compiler.java:95)<br>	at com.google.javascript.jscomp.Compiler$3.call(Compiler.java:656)<br>	at com.google.javascript.jscomp.Compiler$3.call(Compiler.java:653)<br>	at com.google.javascript.jscomp.Compiler$4.call(Compiler.java:700)<br>	at java.util.concurrent.FutureTask.run(FutureTask.java:262)<br>	at java.util.concurrent.ThreadPoolExecutor.runWorker(ThreadPoolExecutor.java:1145)<br>	at java.util.concurrent.ThreadPoolExecutor$Worker.run(ThreadPoolExecutor.java:615)<br>	at java.lang.Thread.run(Thread.java:745)<br>Caused by: java.lang.NullPointerException<br>
</code></td><td>0.001</td>
</tr>
<tr valign="top" class="Failure">
<td><a name="testCheckRequiresAndCheckProvidesOff"></a>testCheckRequiresAndCheckProvidesOff</td><td>Failure</td><td>Expected no warnings or errors
Errors: 
Warnings: 
JSC_UNREACHABLE_CODE. unreachable code at i0 line 1 : 20 expected:&lt;0&gt; but was:&lt;1&gt;<br>
<br>
<code>junit.framework.AssertionFailedError: Expected no warnings or errors<br>Errors: <br>Warnings: <br>JSC_UNREACHABLE_CODE. unreachable code at i0 line 1 : 20 expected:&lt;0&gt; but was:&lt;1&gt;<br>	at com.google.javascript.jscomp.IntegrationTestCase.test(IntegrationTestCase.java:97)<br>	at com.google.javascript.jscomp.IntegrationTestCase.testSame(IntegrationTestCase.java:78)<br>	at com.google.javascript.jscomp.IntegrationTest.testCheckRequiresAndCheckProvidesOff(IntegrationTest.java:318)<br>
</code></td><td>0.002</td>
</tr>
<tr valign="top" class="TableRowColor">
<td><a name="testCheckProvidesOn"></a>testCheckProvidesOn</td><td>Success</td><td></td><td>0.001</td>
</tr>
<tr valign="top" class="Failure">
<td><a name="testGenerateExportsOff"></a>testGenerateExportsOff</td><td>Failure</td><td>Expected no warnings or errors
Errors: 
Warnings: 
JSC_UNREACHABLE_CODE. unreachable code at i0 line 1 : 15 expected:&lt;0&gt; but was:&lt;1&gt;<br>
<br>
<code>junit.framework.AssertionFailedError: Expected no warnings or errors<br>Errors: <br>Warnings: <br>JSC_UNREACHABLE_CODE. unreachable code at i0 line 1 : 15 expected:&lt;0&gt; but was:&lt;1&gt;<br>	at com.google.javascript.jscomp.IntegrationTestCase.test(IntegrationTestCase.java:97)<br>	at com.google.javascript.jscomp.IntegrationTestCase.testSame(IntegrationTestCase.java:78)<br>	at com.google.javascript.jscomp.IntegrationTestCase.testSame(IntegrationTestCase.java:74)<br>	at com.google.javascript.jscomp.IntegrationTest.testGenerateExportsOff(IntegrationTest.java:332)<br>
</code></td><td>0.001</td>
</tr>
<tr valign="top" class="Failure">
<td><a name="testGenerateExportsOn"></a>testGenerateExportsOn</td><td>Failure</td><td>Expected no warnings or errors
Errors: 
Warnings: 
JSC_UNREACHABLE_CODE. unreachable code at i0 line 1 : 15 expected:&lt;0&gt; but was:&lt;1&gt;<br>
<br>
<code>junit.framework.AssertionFailedError: Expected no warnings or errors<br>Errors: <br>Warnings: <br>JSC_UNREACHABLE_CODE. unreachable code at i0 line 1 : 15 expected:&lt;0&gt; but was:&lt;1&gt;<br>	at com.google.javascript.jscomp.IntegrationTestCase.test(IntegrationTestCase.java:97)<br>	at com.google.javascript.jscomp.IntegrationTestCase.test(IntegrationTestCase.java:87)<br>	at com.google.javascript.jscomp.IntegrationTest.testGenerateExportsOn(IntegrationTest.java:338)<br>
</code></td><td>0.001</td>
</tr>
<tr valign="top" class="Failure">
<td><a name="testAngularPassOff"></a>testAngularPassOff</td><td>Failure</td><td>Expected no warnings or errors
Errors: 
Warnings: 
JSC_UNREACHABLE_CODE. unreachable code at i0 line 1 : 17 expected:&lt;0&gt; but was:&lt;1&gt;<br>
<br>
<code>junit.framework.AssertionFailedError: Expected no warnings or errors<br>Errors: <br>Warnings: <br>JSC_UNREACHABLE_CODE. unreachable code at i0 line 1 : 17 expected:&lt;0&gt; but was:&lt;1&gt;<br>	at com.google.javascript.jscomp.IntegrationTestCase.test(IntegrationTestCase.java:97)<br>	at com.google.javascript.jscomp.IntegrationTestCase.testSame(IntegrationTestCase.java:78)<br>	at com.google.javascript.jscomp.IntegrationTestCase.testSame(IntegrationTestCase.java:74)<br>	at com.google.javascript.jscomp.IntegrationTest.testAngularPassOff(IntegrationTest.java:343)<br>
</code></td><td>0.001</td>
</tr>
<tr valign="top" class="Failure">
<td><a name="testAngularPassOn"></a>testAngularPassOn</td><td>Failure</td><td>Expected no warnings or errors
Errors: 
Warnings: 
JSC_UNREACHABLE_CODE. unreachable code at i0 line 1 : 17 expected:&lt;0&gt; but was:&lt;1&gt;<br>
<br>
<code>junit.framework.AssertionFailedError: Expected no warnings or errors<br>Errors: <br>Warnings: <br>JSC_UNREACHABLE_CODE. unreachable code at i0 line 1 : 17 expected:&lt;0&gt; but was:&lt;1&gt;<br>	at com.google.javascript.jscomp.IntegrationTestCase.test(IntegrationTestCase.java:97)<br>	at com.google.javascript.jscomp.IntegrationTestCase.test(IntegrationTestCase.java:87)<br>	at com.google.javascript.jscomp.IntegrationTest.testAngularPassOn(IntegrationTest.java:352)<br>
</code></td><td>0.002</td>
</tr>
<tr valign="top" class="Failure">
<td><a name="testExportTestFunctionsOff"></a>testExportTestFunctionsOff</td><td>Failure</td><td>Expected no warnings or errors
Errors: 
Warnings: 
JSC_UNREACHABLE_CODE. unreachable code at i0 line 1 : 0 expected:&lt;0&gt; but was:&lt;1&gt;<br>
<br>
<code>junit.framework.AssertionFailedError: Expected no warnings or errors<br>Errors: <br>Warnings: <br>JSC_UNREACHABLE_CODE. unreachable code at i0 line 1 : 0 expected:&lt;0&gt; but was:&lt;1&gt;<br>	at com.google.javascript.jscomp.IntegrationTestCase.test(IntegrationTestCase.java:97)<br>	at com.google.javascript.jscomp.IntegrationTestCase.testSame(IntegrationTestCase.java:78)<br>	at com.google.javascript.jscomp.IntegrationTestCase.testSame(IntegrationTestCase.java:74)<br>	at com.google.javascript.jscomp.IntegrationTest.testExportTestFunctionsOff(IntegrationTest.java:363)<br>
</code></td><td>0.002</td>
</tr>
<tr valign="top" class="Failure">
<td><a name="testExportTestFunctionsOn"></a>testExportTestFunctionsOn</td><td>Failure</td><td>Expected no warnings or errors
Errors: 
Warnings: 
JSC_UNREACHABLE_CODE. unreachable code at i0 line 1 : 0 expected:&lt;0&gt; but was:&lt;1&gt;<br>
<br>
<code>junit.framework.AssertionFailedError: Expected no warnings or errors<br>Errors: <br>Warnings: <br>JSC_UNREACHABLE_CODE. unreachable code at i0 line 1 : 0 expected:&lt;0&gt; but was:&lt;1&gt;<br>	at com.google.javascript.jscomp.IntegrationTestCase.test(IntegrationTestCase.java:97)<br>	at com.google.javascript.jscomp.IntegrationTestCase.test(IntegrationTestCase.java:87)<br>	at com.google.javascript.jscomp.IntegrationTest.testExportTestFunctionsOn(IntegrationTest.java:369)<br>
</code></td><td>0.002</td>
</tr>
<tr valign="top" class="Error">
<td><a name="testExpose"></a>testExpose</td><td>Error</td><td>INTERNAL COMPILER ERROR.
Please report this problem.

null
  Node(FUNCTION moe): i0:1:184
var x = {eeny: 1, /** @expose */ meeny: 2};/** @constructor */ var Foo = function() {};/** @expose */  Foo.prototype.miny = 3;Foo.prototype.moe = 4;/** @expose */  Foo.prototype.tiger;function moe(a, b) { return a.meeny + b.miny + a.tiger; }window['x'] = x;window['Foo'] = Foo;window['moe'] = moe;
  Parent(SCRIPT): i0:1:0
var x = {eeny: 1, /** @expose */ meeny: 2};/** @constructor */ var Foo = function() {};/** @expose */  Foo.prototype.miny = 3;Foo.prototype.moe = 4;/** @expose */  Foo.prototype.tiger;function moe(a, b) { return a.meeny + b.miny + a.tiger; }window['x'] = x;window['Foo'] = Foo;window['moe'] = moe;
<br>
<br>
<code>java.lang.RuntimeException: INTERNAL COMPILER ERROR.<br>Please report this problem.<br>
<br>null<br>  Node(FUNCTION moe): i0:1:184<br>var x = {eeny: 1, /** @expose */ meeny: 2};/** @constructor */ var Foo = function() {};/** @expose */  Foo.prototype.miny = 3;Foo.prototype.moe = 4;/** @expose */  Foo.prototype.tiger;function moe(a, b) { return a.meeny + b.miny + a.tiger; }window['x'] = x;window['Foo'] = Foo;window['moe'] = moe;<br>  Parent(SCRIPT): i0:1:0<br>var x = {eeny: 1, /** @expose */ meeny: 2};/** @constructor */ var Foo = function() {};/** @expose */  Foo.prototype.miny = 3;Foo.prototype.moe = 4;/** @expose */  Foo.prototype.tiger;function moe(a, b) { return a.meeny + b.miny + a.tiger; }window['x'] = x;window['Foo'] = Foo;window['moe'] = moe;<br>
<br>	at com.google.javascript.jscomp.CheckGlobalThis.shouldTraverse(CheckGlobalThis.java:94)<br>	at com.google.javascript.jscomp.CombinedCompilerPass$CallbackWrapper.shouldTraverseIfActive(CombinedCompilerPass.java:130)<br>	at com.google.javascript.jscomp.CombinedCompilerPass.shouldTraverse(CombinedCompilerPass.java:165)<br>	at com.google.javascript.jscomp.NodeTraversal.traverseBranch(NodeTraversal.java:557)<br>	at com.google.javascript.jscomp.NodeTraversal.traverseBranch(NodeTraversal.java:570)<br>	at com.google.javascript.jscomp.NodeTraversal.traverseBranch(NodeTraversal.java:570)<br>	at com.google.javascript.jscomp.NodeTraversal.traverse(NodeTraversal.java:289)<br>	at com.google.javascript.jscomp.NodeTraversal.traverse(NodeTraversal.java:528)<br>	at com.google.javascript.jscomp.CombinedCompilerPass.process(CombinedCompilerPass.java:154)<br>	at com.google.javascript.jscomp.PhaseOptimizer$NamedPass.process(PhaseOptimizer.java:285)<br>	at com.google.javascript.jscomp.PhaseOptimizer.process(PhaseOptimizer.java:217)<br>	at com.google.javascript.jscomp.Compiler.check(Compiler.java:844)<br>	at com.google.javascript.jscomp.Compiler.compileInternal(Compiler.java:757)<br>	at com.google.javascript.jscomp.Compiler.access$000(Compiler.java:95)<br>	at com.google.javascript.jscomp.Compiler$3.call(Compiler.java:656)<br>	at com.google.javascript.jscomp.Compiler$3.call(Compiler.java:653)<br>	at com.google.javascript.jscomp.Compiler$4.call(Compiler.java:700)<br>	at java.util.concurrent.FutureTask.run(FutureTask.java:262)<br>	at java.util.concurrent.ThreadPoolExecutor.runWorker(ThreadPoolExecutor.java:1145)<br>	at java.util.concurrent.ThreadPoolExecutor$Worker.run(ThreadPoolExecutor.java:615)<br>	at java.lang.Thread.run(Thread.java:745)<br>Caused by: java.lang.NullPointerException<br>
</code></td><td>0.002</td>
</tr>
<tr valign="top" class="Failure">
<td><a name="testCheckSymbolsOff"></a>testCheckSymbolsOff</td><td>Failure</td><td>Expected no warnings or errors
Errors: 
Warnings: 
JSC_UNREACHABLE_CODE. unreachable code at i0 line 1 : 0 expected:&lt;0&gt; but was:&lt;1&gt;<br>
<br>
<code>junit.framework.AssertionFailedError: Expected no warnings or errors<br>Errors: <br>Warnings: <br>JSC_UNREACHABLE_CODE. unreachable code at i0 line 1 : 0 expected:&lt;0&gt; but was:&lt;1&gt;<br>	at com.google.javascript.jscomp.IntegrationTestCase.test(IntegrationTestCase.java:97)<br>	at com.google.javascript.jscomp.IntegrationTestCase.testSame(IntegrationTestCase.java:78)<br>	at com.google.javascript.jscomp.IntegrationTestCase.testSame(IntegrationTestCase.java:74)<br>	at com.google.javascript.jscomp.IntegrationTest.testCheckSymbolsOff(IntegrationTest.java:399)<br>
</code></td><td>0.002</td>
</tr>
<tr valign="top" class="TableRowColor">
<td><a name="testCheckSymbolsOn"></a>testCheckSymbolsOn</td><td>Success</td><td></td><td>0.001</td>
</tr>
<tr valign="top" class="Failure">
<td><a name="testCheckReferencesOff"></a>testCheckReferencesOff</td><td>Failure</td><td>Expected no warnings or errors
Errors: 
JSC_CONSTANT_REASSIGNED_VALUE_ERROR. constant x assigned a value more than once.
Original definition at i0:1 at i0 line 1 : 11Warnings: 
JSC_UNREACHABLE_CODE. unreachable code at i0 line 1 : 0 expected:&lt;0&gt; but was:&lt;2&gt;<br>
<br>
<code>junit.framework.AssertionFailedError: Expected no warnings or errors<br>Errors: <br>Original definition at i0:1 at i0 line 1 : 11Warnings: <br>JSC_UNREACHABLE_CODE. unreachable code at i0 line 1 : 0 expected:&lt;0&gt; but was:&lt;2&gt;<br>	at com.google.javascript.jscomp.IntegrationTestCase.test(IntegrationTestCase.java:97)<br>	at com.google.javascript.jscomp.IntegrationTestCase.testSame(IntegrationTestCase.java:78)<br>	at com.google.javascript.jscomp.IntegrationTestCase.testSame(IntegrationTestCase.java:74)<br>	at com.google.javascript.jscomp.IntegrationTest.testCheckReferencesOff(IntegrationTest.java:410)<br>
</code></td><td>0.002</td>
</tr>
<tr valign="top" class="TableRowColor">
<td><a name="testCheckReferencesOn"></a>testCheckReferencesOn</td><td>Success</td><td></td><td>0.001</td>
</tr>
<tr valign="top" class="Failure">
<td><a name="testInferTypes"></a>testInferTypes</td><td>Failure</td><td>Unexpected warnings or errors.
 Warning:JSC_UNREACHABLE_CODE. unreachable code at i0 line 1 : 25
Warning:JSC_ENUM_NOT_CONSTANT. enum key a must be in ALL_CAPS at i0 line 1 : 136
 expected:&lt;1&gt; but was:&lt;2&gt;<br>
<br>
<code>junit.framework.AssertionFailedError: Unexpected warnings or errors.<br> Warning:JSC_UNREACHABLE_CODE. unreachable code at i0 line 1 : 25<br>Warning:JSC_ENUM_NOT_CONSTANT. enum key a must be in ALL_CAPS at i0 line 1 : 136<br> expected:&lt;1&gt; but was:&lt;2&gt;<br>	at com.google.javascript.jscomp.IntegrationTestCase.checkUnexpectedErrorsOrWarnings(IntegrationTestCase.java:219)<br>	at com.google.javascript.jscomp.IntegrationTestCase.test(IntegrationTestCase.java:137)<br>	at com.google.javascript.jscomp.IntegrationTestCase.test(IntegrationTestCase.java:127)<br>	at com.google.javascript.jscomp.IntegrationTestCase.test(IntegrationTestCase.java:116)<br>	at com.google.javascript.jscomp.IntegrationTest.testInferTypes(IntegrationTest.java:426)<br>
</code></td><td>0.004</td>
</tr>
<tr valign="top" class="Failure">
<td><a name="testTypeCheckAndInference"></a>testTypeCheckAndInference</td><td>Failure</td><td>expected:&lt;JSC_TYPE_MISMATCH: {0}&gt; but was:&lt;JSC_UNREACHABLE_CODE: unreachable code&gt;<br>
<br>
<code>junit.framework.AssertionFailedError: expected:&lt;JSC_TYPE_MISMATCH: {0}&gt; but was:&lt;JSC_UNREACHABLE_CODE: unreachable code&gt;<br>	at com.google.javascript.jscomp.IntegrationTestCase.test(IntegrationTestCase.java:143)<br>	at com.google.javascript.jscomp.IntegrationTestCase.test(IntegrationTestCase.java:127)<br>	at com.google.javascript.jscomp.IntegrationTestCase.test(IntegrationTestCase.java:116)<br>	at com.google.javascript.jscomp.IntegrationTest.testTypeCheckAndInference(IntegrationTest.java:439)<br>
</code></td><td>0.004</td>
</tr>
<tr valign="top" class="Failure">
<td><a name="testTypeNameParser"></a>testTypeNameParser</td><td>Failure</td><td>Unexpected warnings or errors.
 Warning:JSC_TYPE_PARSE_ERROR. Bad type annotation. Unknown type n at i0 line 1 : 11
Warning:JSC_UNREACHABLE_CODE. unreachable code at i0 line 1 : 17
 expected:&lt;1&gt; but was:&lt;2&gt;<br>
<br>
<code>junit.framework.AssertionFailedError: Unexpected warnings or errors.<br> Warning:JSC_TYPE_PARSE_ERROR. Bad type annotation. Unknown type n at i0 line 1 : 11<br>Warning:JSC_UNREACHABLE_CODE. unreachable code at i0 line 1 : 17<br> expected:&lt;1&gt; but was:&lt;2&gt;<br>	at com.google.javascript.jscomp.IntegrationTestCase.checkUnexpectedErrorsOrWarnings(IntegrationTestCase.java:219)<br>	at com.google.javascript.jscomp.IntegrationTestCase.test(IntegrationTestCase.java:137)<br>	at com.google.javascript.jscomp.IntegrationTestCase.test(IntegrationTestCase.java:127)<br>	at com.google.javascript.jscomp.IntegrationTestCase.test(IntegrationTestCase.java:116)<br>	at com.google.javascript.jscomp.IntegrationTest.testTypeNameParser(IntegrationTest.java:447)<br>
</code></td><td>0.003</td>
</tr>
<tr valign="top" class="Failure">
<td><a name="testMemoizedTypedScopeCreator"></a>testMemoizedTypedScopeCreator</td><td>Failure</td><td>Expected no warnings or errors
Errors: 
Warnings: 
JSC_UNREACHABLE_CODE. unreachable code at i0 line 1 : 0
JSC_REFLECT_OBJECTLIT_EXPECTED. Object literal expected as second argument at i0 line 8 : 2
JSC_REFLECT_OBJECTLIT_EXPECTED. Object literal expected as second argument at i0 line 10 : 2 expected:&lt;0&gt; but was:&lt;3&gt;<br>
<br>
<code>junit.framework.AssertionFailedError: Expected no warnings or errors<br>Errors: <br>Warnings: <br>JSC_UNREACHABLE_CODE. unreachable code at i0 line 1 : 0<br>JSC_REFLECT_OBJECTLIT_EXPECTED. Object literal expected as second argument at i0 line 8 : 2<br>JSC_REFLECT_OBJECTLIT_EXPECTED. Object literal expected as second argument at i0 line 10 : 2 expected:&lt;0&gt; but was:&lt;3&gt;<br>	at com.google.javascript.jscomp.IntegrationTestCase.test(IntegrationTestCase.java:97)<br>	at com.google.javascript.jscomp.IntegrationTestCase.test(IntegrationTestCase.java:87)<br>	at com.google.javascript.jscomp.IntegrationTest.testMemoizedTypedScopeCreator(IntegrationTest.java:460)<br>
</code></td><td>0.004</td>
</tr>
<tr valign="top" class="Failure">
<td><a name="testCheckTypes"></a>testCheckTypes</td><td>Failure</td><td>Unexpected warnings or errors.
 Warning:JSC_UNREACHABLE_CODE. unreachable code at i0 line 1 : 0
Warning:JSC_WRONG_ARGUMENT_COUNT. Function x.f: called with 1 argument(s). Function requires at least 0 argument(s) and no more than 0 argument(s). at i0 line 1 : 38
 expected:&lt;1&gt; but was:&lt;2&gt;<br>
<br>
<code>junit.framework.AssertionFailedError: Unexpected warnings or errors.<br> Warning:JSC_UNREACHABLE_CODE. unreachable code at i0 line 1 : 0<br> expected:&lt;1&gt; but was:&lt;2&gt;<br>	at com.google.javascript.jscomp.IntegrationTestCase.checkUnexpectedErrorsOrWarnings(IntegrationTestCase.java:219)<br>	at com.google.javascript.jscomp.IntegrationTestCase.test(IntegrationTestCase.java:137)<br>	at com.google.javascript.jscomp.IntegrationTestCase.test(IntegrationTestCase.java:127)<br>	at com.google.javascript.jscomp.IntegrationTestCase.test(IntegrationTestCase.java:116)<br>	at com.google.javascript.jscomp.IntegrationTest.testCheckTypes(IntegrationTest.java:485)<br>
</code></td><td>0.003</td>
</tr>
<tr valign="top" class="Failure">
<td><a name="testReplaceCssNames"></a>testReplaceCssNames</td><td>Failure</td><td>Expected no warnings or errors
Errors: 
Warnings: 
JSC_UNREACHABLE_CODE. unreachable code at i0 line 2 : 0 expected:&lt;0&gt; but was:&lt;1&gt;<br>
<br>
<code>junit.framework.AssertionFailedError: Expected no warnings or errors<br>Errors: <br>Warnings: <br>JSC_UNREACHABLE_CODE. unreachable code at i0 line 2 : 0 expected:&lt;0&gt; but was:&lt;1&gt;<br>	at com.google.javascript.jscomp.IntegrationTestCase.test(IntegrationTestCase.java:97)<br>	at com.google.javascript.jscomp.IntegrationTestCase.test(IntegrationTestCase.java:87)<br>	at com.google.javascript.jscomp.IntegrationTest.testReplaceCssNames(IntegrationTest.java:492)<br>
</code></td><td>0.003</td>
</tr>
<tr valign="top" class="Failure">
<td><a name="testReplaceIdGeneratorsTest"></a>testReplaceIdGeneratorsTest</td><td>Failure</td><td>Expected no warnings or errors
Errors: 
Warnings: 
JSC_UNREACHABLE_CODE. unreachable code at i0 line 1 : 28 expected:&lt;0&gt; but was:&lt;1&gt;<br>
<br>
<code>junit.framework.AssertionFailedError: Expected no warnings or errors<br>Errors: <br>Warnings: <br>JSC_UNREACHABLE_CODE. unreachable code at i0 line 1 : 28 expected:&lt;0&gt; but was:&lt;1&gt;<br>	at com.google.javascript.jscomp.IntegrationTestCase.test(IntegrationTestCase.java:97)<br>	at com.google.javascript.jscomp.IntegrationTestCase.test(IntegrationTestCase.java:87)<br>	at com.google.javascript.jscomp.IntegrationTest.testReplaceIdGeneratorsTest(IntegrationTest.java:521)<br>
</code></td><td>0.005</td>
</tr>
<tr valign="top" class="Failure">
<td><a name="testRemoveClosureAsserts"></a>testRemoveClosureAsserts</td><td>Failure</td><td>Expected no warnings or errors
Errors: 
Warnings: 
JSC_UNREACHABLE_CODE. unreachable code at i0 line 1 : 0 expected:&lt;0&gt; but was:&lt;1&gt;<br>
<br>
<code>junit.framework.AssertionFailedError: Expected no warnings or errors<br>Errors: <br>Warnings: <br>JSC_UNREACHABLE_CODE. unreachable code at i0 line 1 : 0 expected:&lt;0&gt; but was:&lt;1&gt;<br>	at com.google.javascript.jscomp.IntegrationTestCase.test(IntegrationTestCase.java:97)<br>	at com.google.javascript.jscomp.IntegrationTestCase.testSame(IntegrationTestCase.java:78)<br>	at com.google.javascript.jscomp.IntegrationTestCase.testSame(IntegrationTestCase.java:74)<br>	at com.google.javascript.jscomp.IntegrationTest.testRemoveClosureAsserts(IntegrationTest.java:535)<br>
</code></td><td>0.003</td>
</tr>
<tr valign="top" class="Failure">
<td><a name="testDeprecation"></a>testDeprecation</td><td>Failure</td><td>Expected no warnings or errors
Errors: 
Warnings: 
JSC_UNREACHABLE_CODE. unreachable code at i0 line 1 : 19 expected:&lt;0&gt; but was:&lt;1&gt;<br>
<br>
<code>junit.framework.AssertionFailedError: Expected no warnings or errors<br>Errors: <br>Warnings: <br>JSC_UNREACHABLE_CODE. unreachable code at i0 line 1 : 19 expected:&lt;0&gt; but was:&lt;1&gt;<br>	at com.google.javascript.jscomp.IntegrationTestCase.test(IntegrationTestCase.java:97)<br>	at com.google.javascript.jscomp.IntegrationTestCase.testSame(IntegrationTestCase.java:78)<br>	at com.google.javascript.jscomp.IntegrationTestCase.testSame(IntegrationTestCase.java:74)<br>	at com.google.javascript.jscomp.IntegrationTest.testDeprecation(IntegrationTest.java:550)<br>
</code></td><td>0.002</td>
</tr>
<tr valign="top" class="Failure">
<td><a name="testVisibility"></a>testVisibility</td><td>Failure</td><td>Expected no warnings or errors
Errors: 
Warnings: 
JSC_UNREACHABLE_CODE. unreachable code at i0 line 1 : 16
JSC_UNREACHABLE_CODE. unreachable code at i1 line 1 : 13 expected:&lt;0&gt; but was:&lt;2&gt;<br>
<br>
<code>junit.framework.AssertionFailedError: Expected no warnings or errors<br>Errors: <br>Warnings: <br>JSC_UNREACHABLE_CODE. unreachable code at i0 line 1 : 16<br>JSC_UNREACHABLE_CODE. unreachable code at i1 line 1 : 13 expected:&lt;0&gt; but was:&lt;2&gt;<br>	at com.google.javascript.jscomp.IntegrationTestCase.test(IntegrationTestCase.java:97)<br>	at com.google.javascript.jscomp.IntegrationTestCase.testSame(IntegrationTestCase.java:78)<br>	at com.google.javascript.jscomp.IntegrationTest.testVisibility(IntegrationTest.java:566)<br>
</code></td><td>0.002</td>
</tr>
<tr valign="top" class="TableRowColor">
<td><a name="testUnreachableCode"></a>testUnreachableCode</td><td>Success</td><td></td><td>0.008</td>
</tr>
<tr valign="top" class="Failure">
<td><a name="testIdGenerators"></a>testIdGenerators</td><td>Failure</td><td>Expected no warnings or errors
Errors: 
Warnings: 
JSC_UNREACHABLE_CODE. unreachable code at i0 line 1 : 0 expected:&lt;0&gt; but was:&lt;1&gt;<br>
<br>
<code>junit.framework.AssertionFailedError: Expected no warnings or errors<br>Errors: <br>Warnings: <br>JSC_UNREACHABLE_CODE. unreachable code at i0 line 1 : 0 expected:&lt;0&gt; but was:&lt;1&gt;<br>	at com.google.javascript.jscomp.IntegrationTestCase.test(IntegrationTestCase.java:97)<br>	at com.google.javascript.jscomp.IntegrationTestCase.testSame(IntegrationTestCase.java:78)<br>	at com.google.javascript.jscomp.IntegrationTestCase.testSame(IntegrationTestCase.java:74)<br>	at com.google.javascript.jscomp.IntegrationTest.testIdGenerators(IntegrationTest.java:604)<br>
</code></td><td>0.002</td>
</tr>
<tr valign="top" class="Failure">
<td><a name="testOptimizeArgumentsArray"></a>testOptimizeArgumentsArray</td><td>Failure</td><td>Expected no warnings or errors
Errors: 
Warnings: 
JSC_UNREACHABLE_CODE. unreachable code at i0 line 1 : 0 expected:&lt;0&gt; but was:&lt;1&gt;<br>
<br>
<code>junit.framework.AssertionFailedError: Expected no warnings or errors<br>Errors: <br>Warnings: <br>JSC_UNREACHABLE_CODE. unreachable code at i0 line 1 : 0 expected:&lt;0&gt; but was:&lt;1&gt;<br>	at com.google.javascript.jscomp.IntegrationTestCase.test(IntegrationTestCase.java:97)<br>	at com.google.javascript.jscomp.IntegrationTestCase.testSame(IntegrationTestCase.java:78)<br>	at com.google.javascript.jscomp.IntegrationTestCase.testSame(IntegrationTestCase.java:74)<br>	at com.google.javascript.jscomp.IntegrationTest.testOptimizeArgumentsArray(IntegrationTest.java:614)<br>
</code></td><td>0.001</td>
</tr>
<tr valign="top" class="Failure">
<td><a name="testOptimizeParameters"></a>testOptimizeParameters</td><td>Failure</td><td>Expected no warnings or errors
Errors: 
Warnings: 
JSC_UNREACHABLE_CODE. unreachable code at i0 line 1 : 0 expected:&lt;0&gt; but was:&lt;1&gt;<br>
<br>
<code>junit.framework.AssertionFailedError: Expected no warnings or errors<br>Errors: <br>Warnings: <br>JSC_UNREACHABLE_CODE. unreachable code at i0 line 1 : 0 expected:&lt;0&gt; but was:&lt;1&gt;<br>	at com.google.javascript.jscomp.IntegrationTestCase.test(IntegrationTestCase.java:97)<br>	at com.google.javascript.jscomp.IntegrationTestCase.testSame(IntegrationTestCase.java:78)<br>	at com.google.javascript.jscomp.IntegrationTestCase.testSame(IntegrationTestCase.java:74)<br>	at com.google.javascript.jscomp.IntegrationTest.testOptimizeParameters(IntegrationTest.java:626)<br>
</code></td><td>0.002</td>
</tr>
<tr valign="top" class="Failure">
<td><a name="testOptimizeReturns"></a>testOptimizeReturns</td><td>Failure</td><td>Expected no warnings or errors
Errors: 
Warnings: 
JSC_UNREACHABLE_CODE. unreachable code at i0 line 1 : 0 expected:&lt;0&gt; but was:&lt;1&gt;<br>
<br>
<code>junit.framework.AssertionFailedError: Expected no warnings or errors<br>Errors: <br>Warnings: <br>JSC_UNREACHABLE_CODE. unreachable code at i0 line 1 : 0 expected:&lt;0&gt; but was:&lt;1&gt;<br>	at com.google.javascript.jscomp.IntegrationTestCase.test(IntegrationTestCase.java:97)<br>	at com.google.javascript.jscomp.IntegrationTestCase.testSame(IntegrationTestCase.java:78)<br>	at com.google.javascript.jscomp.IntegrationTestCase.testSame(IntegrationTestCase.java:74)<br>	at com.google.javascript.jscomp.IntegrationTest.testOptimizeReturns(IntegrationTest.java:636)<br>
</code></td><td>0.001</td>
</tr>
<tr valign="top" class="Failure">
<td><a name="testRemoveAbstractMethods"></a>testRemoveAbstractMethods</td><td>Failure</td><td>Expected no warnings or errors
Errors: 
Warnings: 
JSC_UNREACHABLE_CODE. unreachable code at i0 line 1 : 25 expected:&lt;0&gt; but was:&lt;1&gt;<br>
<br>
<code>junit.framework.AssertionFailedError: Expected no warnings or errors<br>Errors: <br>Warnings: <br>JSC_UNREACHABLE_CODE. unreachable code at i0 line 1 : 25 expected:&lt;0&gt; but was:&lt;1&gt;<br>	at com.google.javascript.jscomp.IntegrationTestCase.test(IntegrationTestCase.java:97)<br>	at com.google.javascript.jscomp.IntegrationTestCase.testSame(IntegrationTestCase.java:78)<br>	at com.google.javascript.jscomp.IntegrationTestCase.testSame(IntegrationTestCase.java:74)<br>	at com.google.javascript.jscomp.IntegrationTest.testRemoveAbstractMethods(IntegrationTest.java:647)<br>
</code></td><td>0.002</td>
</tr>
<tr valign="top" class="Failure">
<td><a name="testGoogDefine1"></a>testGoogDefine1</td><td>Failure</td><td>Expected no warnings or errors
Errors: 
Warnings: 
JSC_UNREACHABLE_CODE. unreachable code at i0 line 1 : 25 expected:&lt;0&gt; but was:&lt;1&gt;<br>
<br>
<code>junit.framework.AssertionFailedError: Expected no warnings or errors<br>Errors: <br>Warnings: <br>JSC_UNREACHABLE_CODE. unreachable code at i0 line 1 : 25 expected:&lt;0&gt; but was:&lt;1&gt;<br>	at com.google.javascript.jscomp.IntegrationTestCase.test(IntegrationTestCase.java:97)<br>	at com.google.javascript.jscomp.IntegrationTestCase.test(IntegrationTestCase.java:87)<br>	at com.google.javascript.jscomp.IntegrationTest.testGoogDefine1(IntegrationTest.java:664)<br>
</code></td><td>0.004</td>
</tr>
<tr valign="top" class="Failure">
<td><a name="testGoogDefine2"></a>testGoogDefine2</td><td>Failure</td><td>Expected no warnings or errors
Errors: 
Warnings: 
JSC_UNREACHABLE_CODE. unreachable code at i0 line 1 : 25 expected:&lt;0&gt; but was:&lt;1&gt;<br>
<br>
<code>junit.framework.AssertionFailedError: Expected no warnings or errors<br>Errors: <br>Warnings: <br>JSC_UNREACHABLE_CODE. unreachable code at i0 line 1 : 25 expected:&lt;0&gt; but was:&lt;1&gt;<br>	at com.google.javascript.jscomp.IntegrationTestCase.test(IntegrationTestCase.java:97)<br>	at com.google.javascript.jscomp.IntegrationTestCase.test(IntegrationTestCase.java:87)<br>	at com.google.javascript.jscomp.IntegrationTest.testGoogDefine2(IntegrationTest.java:677)<br>
</code></td><td>0.007</td>
</tr>
<tr valign="top" class="Failure">
<td><a name="testCollapseProperties1"></a>testCollapseProperties1</td><td>Failure</td><td>Expected no warnings or errors
Errors: 
Warnings: 
JSC_UNREACHABLE_CODE. unreachable code at i0 line 1 : 0 expected:&lt;0&gt; but was:&lt;1&gt;<br>
<br>
<code>junit.framework.AssertionFailedError: Expected no warnings or errors<br>Errors: <br>Warnings: <br>JSC_UNREACHABLE_CODE. unreachable code at i0 line 1 : 0 expected:&lt;0&gt; but was:&lt;1&gt;<br>	at com.google.javascript.jscomp.IntegrationTestCase.test(IntegrationTestCase.java:97)<br>	at com.google.javascript.jscomp.IntegrationTestCase.testSame(IntegrationTestCase.java:78)<br>	at com.google.javascript.jscomp.IntegrationTestCase.testSame(IntegrationTestCase.java:74)<br>	at com.google.javascript.jscomp.IntegrationTest.testCollapseProperties1(IntegrationTest.java:685)<br>
</code></td><td>0.002</td>
</tr>
<tr valign="top" class="Failure">
<td><a name="testCollapseProperties2"></a>testCollapseProperties2</td><td>Failure</td><td>Expected no warnings or errors
Errors: 
Warnings: 
JSC_UNREACHABLE_CODE. unreachable code at i0 line 1 : 0 expected:&lt;0&gt; but was:&lt;1&gt;<br>
<br>
<code>junit.framework.AssertionFailedError: Expected no warnings or errors<br>Errors: <br>Warnings: <br>JSC_UNREACHABLE_CODE. unreachable code at i0 line 1 : 0 expected:&lt;0&gt; but was:&lt;1&gt;<br>	at com.google.javascript.jscomp.IntegrationTestCase.test(IntegrationTestCase.java:97)<br>	at com.google.javascript.jscomp.IntegrationTestCase.testSame(IntegrationTestCase.java:78)<br>	at com.google.javascript.jscomp.IntegrationTestCase.testSame(IntegrationTestCase.java:74)<br>	at com.google.javascript.jscomp.IntegrationTest.testCollapseProperties2(IntegrationTest.java:696)<br>
</code></td><td>0.003</td>
</tr>
<tr valign="top" class="Failure">
<td><a name="testCollapseObjectLiteral1"></a>testCollapseObjectLiteral1</td><td>Failure</td><td>Expected no warnings or errors
Errors: 
Warnings: 
JSC_UNREACHABLE_CODE. unreachable code at i0 line 1 : 0 expected:&lt;0&gt; but was:&lt;1&gt;<br>
<br>
<code>junit.framework.AssertionFailedError: Expected no warnings or errors<br>Errors: <br>Warnings: <br>JSC_UNREACHABLE_CODE. unreachable code at i0 line 1 : 0 expected:&lt;0&gt; but was:&lt;1&gt;<br>	at com.google.javascript.jscomp.IntegrationTestCase.test(IntegrationTestCase.java:97)<br>	at com.google.javascript.jscomp.IntegrationTestCase.testSame(IntegrationTestCase.java:78)<br>	at com.google.javascript.jscomp.IntegrationTestCase.testSame(IntegrationTestCase.java:74)<br>	at com.google.javascript.jscomp.IntegrationTest.testCollapseObjectLiteral1(IntegrationTest.java:708)<br>
</code></td><td>0.002</td>
</tr>
<tr valign="top" class="Failure">
<td><a name="testCollapseObjectLiteral2"></a>testCollapseObjectLiteral2</td><td>Failure</td><td>Expected no warnings or errors
Errors: 
Warnings: 
JSC_UNREACHABLE_CODE. unreachable code at i0 line 1 : 0 expected:&lt;0&gt; but was:&lt;1&gt;<br>
<br>
<code>junit.framework.AssertionFailedError: Expected no warnings or errors<br>Errors: <br>Warnings: <br>JSC_UNREACHABLE_CODE. unreachable code at i0 line 1 : 0 expected:&lt;0&gt; but was:&lt;1&gt;<br>	at com.google.javascript.jscomp.IntegrationTestCase.test(IntegrationTestCase.java:97)<br>	at com.google.javascript.jscomp.IntegrationTestCase.testSame(IntegrationTestCase.java:78)<br>	at com.google.javascript.jscomp.IntegrationTestCase.testSame(IntegrationTestCase.java:74)<br>	at com.google.javascript.jscomp.IntegrationTest.testCollapseObjectLiteral2(IntegrationTest.java:719)<br>
</code></td><td>0.002</td>
</tr>
<tr valign="top" class="Failure">
<td><a name="testDisambiguateProperties"></a>testDisambiguateProperties</td><td>Failure</td><td>Expected no warnings or errors
Errors: 
Warnings: 
JSC_UNREACHABLE_CODE. unreachable code at i0 line 1 : 20 expected:&lt;0&gt; but was:&lt;1&gt;<br>
<br>
<code>junit.framework.AssertionFailedError: Expected no warnings or errors<br>Errors: <br>Warnings: <br>JSC_UNREACHABLE_CODE. unreachable code at i0 line 1 : 20 expected:&lt;0&gt; but was:&lt;1&gt;<br>	at com.google.javascript.jscomp.IntegrationTestCase.test(IntegrationTestCase.java:97)<br>	at com.google.javascript.jscomp.IntegrationTestCase.testSame(IntegrationTestCase.java:78)<br>	at com.google.javascript.jscomp.IntegrationTestCase.testSame(IntegrationTestCase.java:74)<br>	at com.google.javascript.jscomp.IntegrationTest.testDisambiguateProperties(IntegrationTest.java:736)<br>
</code></td><td>0.002</td>
</tr>
<tr valign="top" class="Failure">
<td><a name="testMarkPureCalls"></a>testMarkPureCalls</td><td>Failure</td><td>Expected no warnings or errors
Errors: 
Warnings: 
JSC_UNREACHABLE_CODE. unreachable code at i0 line 1 : 0 expected:&lt;0&gt; but was:&lt;1&gt;<br>
<br>
<code>junit.framework.AssertionFailedError: Expected no warnings or errors<br>Errors: <br>Warnings: <br>JSC_UNREACHABLE_CODE. unreachable code at i0 line 1 : 0 expected:&lt;0&gt; but was:&lt;1&gt;<br>	at com.google.javascript.jscomp.IntegrationTestCase.test(IntegrationTestCase.java:97)<br>	at com.google.javascript.jscomp.IntegrationTestCase.testSame(IntegrationTestCase.java:78)<br>	at com.google.javascript.jscomp.IntegrationTestCase.testSame(IntegrationTestCase.java:74)<br>	at com.google.javascript.jscomp.IntegrationTest.testMarkPureCalls(IntegrationTest.java:750)<br>
</code></td><td>0.002</td>
</tr>
<tr valign="top" class="Failure">
<td><a name="testMarkNoSideEffects"></a>testMarkNoSideEffects</td><td>Failure</td><td>Expected no warnings or errors
Errors: 
Warnings: 
JSC_UNREACHABLE_CODE. unreachable code at i0 line 1 : 0 expected:&lt;0&gt; but was:&lt;1&gt;<br>
<br>
<code>junit.framework.AssertionFailedError: Expected no warnings or errors<br>Errors: <br>Warnings: <br>JSC_UNREACHABLE_CODE. unreachable code at i0 line 1 : 0 expected:&lt;0&gt; but was:&lt;1&gt;<br>	at com.google.javascript.jscomp.IntegrationTestCase.test(IntegrationTestCase.java:97)<br>	at com.google.javascript.jscomp.IntegrationTestCase.testSame(IntegrationTestCase.java:78)<br>	at com.google.javascript.jscomp.IntegrationTestCase.testSame(IntegrationTestCase.java:74)<br>	at com.google.javascript.jscomp.IntegrationTest.testMarkNoSideEffects(IntegrationTest.java:761)<br>
</code></td><td>0.002</td>
</tr>
<tr valign="top" class="Failure">
<td><a name="testChainedCalls"></a>testChainedCalls</td><td>Failure</td><td>Expected no warnings or errors
Errors: 
Warnings: 
JSC_UNREACHABLE_CODE. unreachable code at i0 line 1 : 20 expected:&lt;0&gt; but was:&lt;1&gt;<br>
<br>
<code>junit.framework.AssertionFailedError: Expected no warnings or errors<br>Errors: <br>Warnings: <br>JSC_UNREACHABLE_CODE. unreachable code at i0 line 1 : 20 expected:&lt;0&gt; but was:&lt;1&gt;<br>	at com.google.javascript.jscomp.IntegrationTestCase.test(IntegrationTestCase.java:97)<br>	at com.google.javascript.jscomp.IntegrationTestCase.test(IntegrationTestCase.java:87)<br>	at com.google.javascript.jscomp.IntegrationTest.testChainedCalls(IntegrationTest.java:770)<br>
</code></td><td>0.003</td>
</tr>
<tr valign="top" class="Failure">
<td><a name="testExtraAnnotationNames"></a>testExtraAnnotationNames</td><td>Failure</td><td>Expected no warnings or errors
Errors: 
Warnings: 
JSC_UNREACHABLE_CODE. unreachable code at i0 line 1 : 13 expected:&lt;0&gt; but was:&lt;1&gt;<br>
<br>
<code>junit.framework.AssertionFailedError: Expected no warnings or errors<br>Errors: <br>Warnings: <br>JSC_UNREACHABLE_CODE. unreachable code at i0 line 1 : 13 expected:&lt;0&gt; but was:&lt;1&gt;<br>	at com.google.javascript.jscomp.IntegrationTestCase.test(IntegrationTestCase.java:97)<br>	at com.google.javascript.jscomp.IntegrationTestCase.test(IntegrationTestCase.java:87)<br>	at com.google.javascript.jscomp.IntegrationTest.testExtraAnnotationNames(IntegrationTest.java:786)<br>
</code></td><td>0.002</td>
</tr>
<tr valign="top" class="Failure">
<td><a name="testDevirtualizePrototypeMethods"></a>testDevirtualizePrototypeMethods</td><td>Failure</td><td>Expected no warnings or errors
Errors: 
Warnings: 
JSC_UNREACHABLE_CODE. unreachable code at i0 line 1 : 20 expected:&lt;0&gt; but was:&lt;1&gt;<br>
<br>
<code>junit.framework.AssertionFailedError: Expected no warnings or errors<br>Errors: <br>Warnings: <br>JSC_UNREACHABLE_CODE. unreachable code at i0 line 1 : 20 expected:&lt;0&gt; but was:&lt;1&gt;<br>	at com.google.javascript.jscomp.IntegrationTestCase.test(IntegrationTestCase.java:97)<br>	at com.google.javascript.jscomp.IntegrationTestCase.test(IntegrationTestCase.java:87)<br>	at com.google.javascript.jscomp.IntegrationTest.testDevirtualizePrototypeMethods(IntegrationTest.java:795)<br>
</code></td><td>0.002</td>
</tr>
<tr valign="top" class="Failure">
<td><a name="testCheckConsts"></a>testCheckConsts</td><td>Failure</td><td>Unexpected warnings or errors.
 Error:JSC_CONSTANT_REASSIGNED_VALUE_ERROR. constant FOO assigned a value more than once.
Original definition at i0:1 at i0 line 1 : 16
Warning:JSC_UNREACHABLE_CODE. unreachable code at i0 line 1 : 0
 expected:&lt;1&gt; but was:&lt;2&gt;<br>
<br>
<code>junit.framework.AssertionFailedError: Unexpected warnings or errors.<br>Original definition at i0:1 at i0 line 1 : 16<br>Warning:JSC_UNREACHABLE_CODE. unreachable code at i0 line 1 : 0<br> expected:&lt;1&gt; but was:&lt;2&gt;<br>	at com.google.javascript.jscomp.IntegrationTestCase.checkUnexpectedErrorsOrWarnings(IntegrationTestCase.java:219)<br>	at com.google.javascript.jscomp.IntegrationTestCase.test(IntegrationTestCase.java:137)<br>	at com.google.javascript.jscomp.IntegrationTestCase.test(IntegrationTestCase.java:127)<br>	at com.google.javascript.jscomp.IntegrationTestCase.test(IntegrationTestCase.java:116)<br>	at com.google.javascript.jscomp.IntegrationTest.testCheckConsts(IntegrationTest.java:809)<br>
</code></td><td>0.001</td>
</tr>
<tr valign="top" class="Failure">
<td><a name="testAllChecksOn"></a>testAllChecksOn</td><td>Failure</td><td>Expected no warnings or errors
Errors: 
Warnings: 
JSC_UNREACHABLE_CODE. unreachable code at i0 line 1 : 25 expected:&lt;0&gt; but was:&lt;1&gt;<br>
<br>
<code>junit.framework.AssertionFailedError: Expected no warnings or errors<br>Errors: <br>Warnings: <br>JSC_UNREACHABLE_CODE. unreachable code at i0 line 1 : 25 expected:&lt;0&gt; but was:&lt;1&gt;<br>	at com.google.javascript.jscomp.IntegrationTestCase.test(IntegrationTestCase.java:97)<br>	at com.google.javascript.jscomp.IntegrationTestCase.test(IntegrationTestCase.java:87)<br>	at com.google.javascript.jscomp.IntegrationTest.testAllChecksOn(IntegrationTest.java:827)<br>
</code></td><td>0.007</td>
</tr>
<tr valign="top" class="Failure">
<td><a name="testTypeCheckingWithSyntheticBlocks"></a>testTypeCheckingWithSyntheticBlocks</td><td>Failure</td><td>Expected no warnings or errors
Errors: 
Warnings: 
JSC_UNREACHABLE_CODE. unreachable code at i0 line 1 : 25 expected:&lt;0&gt; but was:&lt;1&gt;<br>
<br>
<code>junit.framework.AssertionFailedError: Expected no warnings or errors<br>Errors: <br>Warnings: <br>JSC_UNREACHABLE_CODE. unreachable code at i0 line 1 : 25 expected:&lt;0&gt; but was:&lt;1&gt;<br>	at com.google.javascript.jscomp.IntegrationTestCase.test(IntegrationTestCase.java:97)<br>	at com.google.javascript.jscomp.IntegrationTestCase.testSame(IntegrationTestCase.java:78)<br>	at com.google.javascript.jscomp.IntegrationTestCase.testSame(IntegrationTestCase.java:74)<br>	at com.google.javascript.jscomp.IntegrationTest.testTypeCheckingWithSyntheticBlocks(IntegrationTest.java:839)<br>
</code></td><td>0.004</td>
</tr>
<tr valign="top" class="Failure">
<td><a name="testCompilerDoesNotBlowUpIfUndefinedSymbols"></a>testCompilerDoesNotBlowUpIfUndefinedSymbols</td><td>Failure</td><td>Expected no warnings or errors
Errors: 
Warnings: 
JSC_UNREACHABLE_CODE. unreachable code at i0 line 1 : 0 expected:&lt;0&gt; but was:&lt;1&gt;<br>
<br>
<code>junit.framework.AssertionFailedError: Expected no warnings or errors<br>Errors: <br>Warnings: <br>JSC_UNREACHABLE_CODE. unreachable code at i0 line 1 : 0 expected:&lt;0&gt; but was:&lt;1&gt;<br>	at com.google.javascript.jscomp.IntegrationTestCase.test(IntegrationTestCase.java:97)<br>	at com.google.javascript.jscomp.IntegrationTestCase.testSame(IntegrationTestCase.java:78)<br>	at com.google.javascript.jscomp.IntegrationTestCase.testSame(IntegrationTestCase.java:74)<br>	at com.google.javascript.jscomp.IntegrationTest.testCompilerDoesNotBlowUpIfUndefinedSymbols(IntegrationTest.java:860)<br>
</code></td><td>0.003</td>
</tr>
<tr valign="top" class="Failure">
<td><a name="testConstantTagsMustAlwaysBeRemoved"></a>testConstantTagsMustAlwaysBeRemoved</td><td>Failure</td><td>Expected no warnings or errors
Errors: 
Warnings: 
JSC_UNREACHABLE_CODE. unreachable code at i0 line 1 : 0 expected:&lt;0&gt; but was:&lt;1&gt;<br>
<br>
<code>junit.framework.AssertionFailedError: Expected no warnings or errors<br>Errors: <br>Warnings: <br>JSC_UNREACHABLE_CODE. unreachable code at i0 line 1 : 0 expected:&lt;0&gt; but was:&lt;1&gt;<br>	at com.google.javascript.jscomp.IntegrationTestCase.test(IntegrationTestCase.java:97)<br>	at com.google.javascript.jscomp.IntegrationTestCase.test(IntegrationTestCase.java:87)<br>	at com.google.javascript.jscomp.IntegrationTest.testConstantTagsMustAlwaysBeRemoved(IntegrationTest.java:879)<br>
</code></td><td>0.002</td>
</tr>
<tr valign="top" class="Failure">
<td><a name="testClosurePassPreservesJsDoc"></a>testClosurePassPreservesJsDoc</td><td>Failure</td><td>Expected no warnings or errors
Errors: 
Warnings: 
JSC_UNREACHABLE_CODE. unreachable code at i0 line 1 : 25 expected:&lt;0&gt; but was:&lt;1&gt;<br>
<br>
<code>junit.framework.AssertionFailedError: Expected no warnings or errors<br>Errors: <br>Warnings: <br>JSC_UNREACHABLE_CODE. unreachable code at i0 line 1 : 25 expected:&lt;0&gt; but was:&lt;1&gt;<br>	at com.google.javascript.jscomp.IntegrationTestCase.test(IntegrationTestCase.java:97)<br>	at com.google.javascript.jscomp.IntegrationTestCase.test(IntegrationTestCase.java:87)<br>	at com.google.javascript.jscomp.IntegrationTest.testClosurePassPreservesJsDoc(IntegrationTest.java:887)<br>
</code></td><td>0.007</td>
</tr>
<tr valign="top" class="Failure">
<td><a name="testProvidedNamespaceIsConst"></a>testProvidedNamespaceIsConst</td><td>Failure</td><td>Unexpected warnings or errors.
 Error:JSC_CONSTANT_REASSIGNED_VALUE_ERROR. constant foo assigned a value more than once.
Original definition at i0:1 at i0 line 1 : 51
Warning:JSC_UNREACHABLE_CODE. unreachable code at i0 line 1 : 0
 expected:&lt;1&gt; but was:&lt;2&gt;<br>
<br>
<code>junit.framework.AssertionFailedError: Unexpected warnings or errors.<br>Original definition at i0:1 at i0 line 1 : 51<br>Warning:JSC_UNREACHABLE_CODE. unreachable code at i0 line 1 : 0<br> expected:&lt;1&gt; but was:&lt;2&gt;<br>	at com.google.javascript.jscomp.IntegrationTestCase.checkUnexpectedErrorsOrWarnings(IntegrationTestCase.java:219)<br>	at com.google.javascript.jscomp.IntegrationTestCase.test(IntegrationTestCase.java:137)<br>	at com.google.javascript.jscomp.IntegrationTestCase.test(IntegrationTestCase.java:121)<br>	at com.google.javascript.jscomp.IntegrationTest.testProvidedNamespaceIsConst(IntegrationTest.java:904)<br>
</code></td><td>0.003</td>
</tr>
<tr valign="top" class="Failure">
<td><a name="testProvidedNamespaceIsConst2"></a>testProvidedNamespaceIsConst2</td><td>Failure</td><td>Unexpected warnings or errors.
 Error:JSC_CONSTANT_REASSIGNED_VALUE_ERROR. constant foo$bar assigned a value more than once.
Original definition at i0:1 at i0 line 1 : 55
Warning:JSC_UNREACHABLE_CODE. unreachable code at i0 line 1 : 0
 expected:&lt;1&gt; but was:&lt;2&gt;<br>
<br>
<code>junit.framework.AssertionFailedError: Unexpected warnings or errors.<br>Original definition at i0:1 at i0 line 1 : 55<br>Warning:JSC_UNREACHABLE_CODE. unreachable code at i0 line 1 : 0<br> expected:&lt;1&gt; but was:&lt;2&gt;<br>	at com.google.javascript.jscomp.IntegrationTestCase.checkUnexpectedErrorsOrWarnings(IntegrationTestCase.java:219)<br>	at com.google.javascript.jscomp.IntegrationTestCase.test(IntegrationTestCase.java:137)<br>	at com.google.javascript.jscomp.IntegrationTestCase.test(IntegrationTestCase.java:121)<br>	at com.google.javascript.jscomp.IntegrationTest.testProvidedNamespaceIsConst2(IntegrationTest.java:915)<br>
</code></td><td>0.002</td>
</tr>
<tr valign="top" class="Failure">
<td><a name="testProvidedNamespaceIsConst3"></a>testProvidedNamespaceIsConst3</td><td>Failure</td><td>Expected no warnings or errors
Errors: 
Warnings: 
JSC_UNREACHABLE_CODE. unreachable code at i0 line 1 : 0 expected:&lt;0&gt; but was:&lt;1&gt;<br>
<br>
<code>junit.framework.AssertionFailedError: Expected no warnings or errors<br>Errors: <br>Warnings: <br>JSC_UNREACHABLE_CODE. unreachable code at i0 line 1 : 0 expected:&lt;0&gt; but was:&lt;1&gt;<br>	at com.google.javascript.jscomp.IntegrationTestCase.test(IntegrationTestCase.java:97)<br>	at com.google.javascript.jscomp.IntegrationTestCase.test(IntegrationTestCase.java:87)<br>	at com.google.javascript.jscomp.IntegrationTest.testProvidedNamespaceIsConst3(IntegrationTest.java:929)<br>
</code></td><td>0.003</td>
</tr>
<tr valign="top" class="Failure">
<td><a name="testProvidedNamespaceIsConst4"></a>testProvidedNamespaceIsConst4</td><td>Failure</td><td>Expected no warnings or errors
Errors: 
Warnings: 
JSC_UNREACHABLE_CODE. unreachable code at i0 line 1 : 0 expected:&lt;0&gt; but was:&lt;1&gt;<br>
<br>
<code>junit.framework.AssertionFailedError: Expected no warnings or errors<br>Errors: <br>Warnings: <br>JSC_UNREACHABLE_CODE. unreachable code at i0 line 1 : 0 expected:&lt;0&gt; but was:&lt;1&gt;<br>	at com.google.javascript.jscomp.IntegrationTestCase.test(IntegrationTestCase.java:97)<br>	at com.google.javascript.jscomp.IntegrationTestCase.test(IntegrationTestCase.java:87)<br>	at com.google.javascript.jscomp.IntegrationTest.testProvidedNamespaceIsConst4(IntegrationTest.java:944)<br>
</code></td><td>0.002</td>
</tr>
<tr valign="top" class="Failure">
<td><a name="testProvidedNamespaceIsConst5"></a>testProvidedNamespaceIsConst5</td><td>Failure</td><td>Expected no warnings or errors
Errors: 
Warnings: 
JSC_UNREACHABLE_CODE. unreachable code at i0 line 1 : 0 expected:&lt;0&gt; but was:&lt;1&gt;<br>
<br>
<code>junit.framework.AssertionFailedError: Expected no warnings or errors<br>Errors: <br>Warnings: <br>JSC_UNREACHABLE_CODE. unreachable code at i0 line 1 : 0 expected:&lt;0&gt; but was:&lt;1&gt;<br>	at com.google.javascript.jscomp.IntegrationTestCase.test(IntegrationTestCase.java:97)<br>	at com.google.javascript.jscomp.IntegrationTestCase.test(IntegrationTestCase.java:87)<br>	at com.google.javascript.jscomp.IntegrationTest.testProvidedNamespaceIsConst5(IntegrationTest.java:956)<br>
</code></td><td>0.003</td>
</tr>
<tr valign="top" class="Failure">
<td><a name="testProcessDefinesAlwaysOn"></a>testProcessDefinesAlwaysOn</td><td>Failure</td><td>Expected no warnings or errors
Errors: 
Warnings: 
JSC_UNREACHABLE_CODE. unreachable code at i0 line 1 : 25 expected:&lt;0&gt; but was:&lt;1&gt;<br>
<br>
<code>junit.framework.AssertionFailedError: Expected no warnings or errors<br>Errors: <br>Warnings: <br>JSC_UNREACHABLE_CODE. unreachable code at i0 line 1 : 25 expected:&lt;0&gt; but was:&lt;1&gt;<br>	at com.google.javascript.jscomp.IntegrationTestCase.test(IntegrationTestCase.java:97)<br>	at com.google.javascript.jscomp.IntegrationTestCase.test(IntegrationTestCase.java:87)<br>	at com.google.javascript.jscomp.IntegrationTest.testProcessDefinesAlwaysOn(IntegrationTest.java:964)<br>
</code></td><td>0.001</td>
</tr>
<tr valign="top" class="Failure">
<td><a name="testProcessDefinesAdditionalReplacements"></a>testProcessDefinesAdditionalReplacements</td><td>Failure</td><td>Expected no warnings or errors
Errors: 
Warnings: 
JSC_UNREACHABLE_CODE. unreachable code at i0 line 1 : 25 expected:&lt;0&gt; but was:&lt;1&gt;<br>
<br>
<code>junit.framework.AssertionFailedError: Expected no warnings or errors<br>Errors: <br>Warnings: <br>JSC_UNREACHABLE_CODE. unreachable code at i0 line 1 : 25 expected:&lt;0&gt; but was:&lt;1&gt;<br>	at com.google.javascript.jscomp.IntegrationTestCase.test(IntegrationTestCase.java:97)<br>	at com.google.javascript.jscomp.IntegrationTestCase.test(IntegrationTestCase.java:87)<br>	at com.google.javascript.jscomp.IntegrationTest.testProcessDefinesAdditionalReplacements(IntegrationTest.java:972)<br>
</code></td><td>0.001</td>
</tr>
<tr valign="top" class="Failure">
<td><a name="testReplaceMessages"></a>testReplaceMessages</td><td>Failure</td><td>Expected no warnings or errors
Errors: 
Warnings: 
JSC_UNREACHABLE_CODE. unreachable code at i0 line 1 : 0 expected:&lt;0&gt; but was:&lt;1&gt;<br>
<br>
<code>junit.framework.AssertionFailedError: Expected no warnings or errors<br>Errors: <br>Warnings: <br>JSC_UNREACHABLE_CODE. unreachable code at i0 line 1 : 0 expected:&lt;0&gt; but was:&lt;1&gt;<br>	at com.google.javascript.jscomp.IntegrationTestCase.test(IntegrationTestCase.java:97)<br>	at com.google.javascript.jscomp.IntegrationTestCase.testSame(IntegrationTestCase.java:78)<br>	at com.google.javascript.jscomp.IntegrationTestCase.testSame(IntegrationTestCase.java:74)<br>	at com.google.javascript.jscomp.IntegrationTest.testReplaceMessages(IntegrationTest.java:980)<br>
</code></td><td>0.001</td>
</tr>
<tr valign="top" class="Failure">
<td><a name="testCheckGlobalNames"></a>testCheckGlobalNames</td><td>Failure</td><td>Unexpected warnings or errors.
 Error:JSC_UNDEFINED_NAME. x.z is never defined at i0 line 1 : 20
Warning:JSC_UNREACHABLE_CODE. unreachable code at i0 line 1 : 0
 expected:&lt;1&gt; but was:&lt;2&gt;<br>
<br>
<code>junit.framework.AssertionFailedError: Unexpected warnings or errors.<br> Error:JSC_UNDEFINED_NAME. x.z is never defined at i0 line 1 : 20<br>Warning:JSC_UNREACHABLE_CODE. unreachable code at i0 line 1 : 0<br> expected:&lt;1&gt; but was:&lt;2&gt;<br>	at com.google.javascript.jscomp.IntegrationTestCase.checkUnexpectedErrorsOrWarnings(IntegrationTestCase.java:219)<br>	at com.google.javascript.jscomp.IntegrationTestCase.test(IntegrationTestCase.java:137)<br>	at com.google.javascript.jscomp.IntegrationTestCase.test(IntegrationTestCase.java:127)<br>	at com.google.javascript.jscomp.IntegrationTestCase.test(IntegrationTestCase.java:116)<br>	at com.google.javascript.jscomp.IntegrationTest.testCheckGlobalNames(IntegrationTest.java:990)<br>
</code></td><td>0.001</td>
</tr>
<tr valign="top" class="Failure">
<td><a name="testInlineGetters"></a>testInlineGetters</td><td>Failure</td><td>Expected no warnings or errors
Errors: 
Warnings: 
JSC_UNREACHABLE_CODE. unreachable code at i0 line 1 : 0 expected:&lt;0&gt; but was:&lt;1&gt;<br>
<br>
<code>junit.framework.AssertionFailedError: Expected no warnings or errors<br>Errors: <br>Warnings: <br>JSC_UNREACHABLE_CODE. unreachable code at i0 line 1 : 0 expected:&lt;0&gt; but was:&lt;1&gt;<br>	at com.google.javascript.jscomp.IntegrationTestCase.test(IntegrationTestCase.java:97)<br>	at com.google.javascript.jscomp.IntegrationTestCase.testSame(IntegrationTestCase.java:78)<br>	at com.google.javascript.jscomp.IntegrationTestCase.testSame(IntegrationTestCase.java:74)<br>	at com.google.javascript.jscomp.IntegrationTest.testInlineGetters(IntegrationTest.java:999)<br>
</code></td><td>0.001</td>
</tr>
<tr valign="top" class="Failure">
<td><a name="testInlineGettersWithAmbiguate"></a>testInlineGettersWithAmbiguate</td><td>Failure</td><td>Expected no warnings or errors
Errors: 
Warnings: 
JSC_UNREACHABLE_CODE. unreachable code at i0 line 1 : 19 expected:&lt;0&gt; but was:&lt;1&gt;<br>
<br>
<code>junit.framework.AssertionFailedError: Expected no warnings or errors<br>Errors: <br>Warnings: <br>JSC_UNREACHABLE_CODE. unreachable code at i0 line 1 : 19 expected:&lt;0&gt; but was:&lt;1&gt;<br>	at com.google.javascript.jscomp.IntegrationTestCase.test(IntegrationTestCase.java:97)<br>	at com.google.javascript.jscomp.IntegrationTestCase.testSame(IntegrationTestCase.java:78)<br>	at com.google.javascript.jscomp.IntegrationTestCase.testSame(IntegrationTestCase.java:74)<br>	at com.google.javascript.jscomp.IntegrationTest.testInlineGettersWithAmbiguate(IntegrationTest.java:1022)<br>
</code></td><td>0.001</td>
</tr>
<tr valign="top" class="Failure">
<td><a name="testMinimizeExits"></a>testMinimizeExits</td><td>Failure</td><td>Expected no warnings or errors
Errors: 
Warnings: 
JSC_UNREACHABLE_CODE. unreachable code at i0 line 1 : 0 expected:&lt;0&gt; but was:&lt;1&gt;<br>
<br>
<code>junit.framework.AssertionFailedError: Expected no warnings or errors<br>Errors: <br>Warnings: <br>JSC_UNREACHABLE_CODE. unreachable code at i0 line 1 : 0 expected:&lt;0&gt; but was:&lt;1&gt;<br>	at com.google.javascript.jscomp.IntegrationTestCase.test(IntegrationTestCase.java:97)<br>	at com.google.javascript.jscomp.IntegrationTestCase.testSame(IntegrationTestCase.java:78)<br>	at com.google.javascript.jscomp.IntegrationTestCase.testSame(IntegrationTestCase.java:74)<br>	at com.google.javascript.jscomp.IntegrationTest.testMinimizeExits(IntegrationTest.java:1071)<br>
</code></td><td>0.002</td>
</tr>
<tr valign="top" class="Failure">
<td><a name="testFoldConstants"></a>testFoldConstants</td><td>Failure</td><td>Expected no warnings or errors
Errors: 
Warnings: 
JSC_UNREACHABLE_CODE. unreachable code at i0 line 1 : 0 expected:&lt;0&gt; but was:&lt;1&gt;<br>
<br>
<code>junit.framework.AssertionFailedError: Expected no warnings or errors<br>Errors: <br>Warnings: <br>JSC_UNREACHABLE_CODE. unreachable code at i0 line 1 : 0 expected:&lt;0&gt; but was:&lt;1&gt;<br>	at com.google.javascript.jscomp.IntegrationTestCase.test(IntegrationTestCase.java:97)<br>	at com.google.javascript.jscomp.IntegrationTestCase.testSame(IntegrationTestCase.java:78)<br>	at com.google.javascript.jscomp.IntegrationTestCase.testSame(IntegrationTestCase.java:74)<br>	at com.google.javascript.jscomp.IntegrationTest.testFoldConstants(IntegrationTest.java:1083)<br>
</code></td><td>0.002</td>
</tr>
<tr valign="top" class="TableRowColor">
<td><a name="testRemoveUnreachableCode"></a>testRemoveUnreachableCode</td><td>Success</td><td></td><td>0.004</td>
</tr>
<tr valign="top" class="Failure">
<td><a name="testRemoveUnusedPrototypeProperties1"></a>testRemoveUnusedPrototypeProperties1</td><td>Failure</td><td>Expected no warnings or errors
Errors: 
Warnings: 
JSC_UNREACHABLE_CODE. unreachable code at i0 line 1 : 0 expected:&lt;0&gt; but was:&lt;1&gt;<br>
<br>
<code>junit.framework.AssertionFailedError: Expected no warnings or errors<br>Errors: <br>Warnings: <br>JSC_UNREACHABLE_CODE. unreachable code at i0 line 1 : 0 expected:&lt;0&gt; but was:&lt;1&gt;<br>	at com.google.javascript.jscomp.IntegrationTestCase.test(IntegrationTestCase.java:97)<br>	at com.google.javascript.jscomp.IntegrationTestCase.testSame(IntegrationTestCase.java:78)<br>	at com.google.javascript.jscomp.IntegrationTestCase.testSame(IntegrationTestCase.java:74)<br>	at com.google.javascript.jscomp.IntegrationTest.testRemoveUnusedPrototypeProperties1(IntegrationTest.java:1104)<br>
</code></td><td>0.001</td>
</tr>
<tr valign="top" class="Failure">
<td><a name="testRemoveUnusedPrototypeProperties2"></a>testRemoveUnusedPrototypeProperties2</td><td>Failure</td><td>Expected no warnings or errors
Errors: 
Warnings: 
JSC_UNREACHABLE_CODE. unreachable code at i0 line 1 : 0 expected:&lt;0&gt; but was:&lt;1&gt;<br>
<br>
<code>junit.framework.AssertionFailedError: Expected no warnings or errors<br>Errors: <br>Warnings: <br>JSC_UNREACHABLE_CODE. unreachable code at i0 line 1 : 0 expected:&lt;0&gt; but was:&lt;1&gt;<br>	at com.google.javascript.jscomp.IntegrationTestCase.test(IntegrationTestCase.java:97)<br>	at com.google.javascript.jscomp.IntegrationTestCase.testSame(IntegrationTestCase.java:78)<br>	at com.google.javascript.jscomp.IntegrationTestCase.testSame(IntegrationTestCase.java:74)<br>	at com.google.javascript.jscomp.IntegrationTest.testRemoveUnusedPrototypeProperties2(IntegrationTest.java:1115)<br>
</code></td><td>0.001</td>
</tr>
<tr valign="top" class="Failure">
<td><a name="testSmartNamePass"></a>testSmartNamePass</td><td>Failure</td><td>Expected no warnings or errors
Errors: 
Warnings: 
JSC_UNREACHABLE_CODE. unreachable code at i0 line 1 : 0 expected:&lt;0&gt; but was:&lt;1&gt;<br>
<br>
<code>junit.framework.AssertionFailedError: Expected no warnings or errors<br>Errors: <br>Warnings: <br>JSC_UNREACHABLE_CODE. unreachable code at i0 line 1 : 0 expected:&lt;0&gt; but was:&lt;1&gt;<br>	at com.google.javascript.jscomp.IntegrationTestCase.test(IntegrationTestCase.java:97)<br>	at com.google.javascript.jscomp.IntegrationTestCase.testSame(IntegrationTestCase.java:78)<br>	at com.google.javascript.jscomp.IntegrationTestCase.testSame(IntegrationTestCase.java:74)<br>	at com.google.javascript.jscomp.IntegrationTest.testSmartNamePass(IntegrationTest.java:1128)<br>
</code></td><td>0.002</td>
</tr>
<tr valign="top" class="Failure">
<td><a name="testSmartNamePassBug11163486"></a>testSmartNamePassBug11163486</td><td>Failure</td><td>Expected no warnings or errors
Errors: 
Warnings: 
JSC_UNREACHABLE_CODE. unreachable code at i0 line 1 : 20 expected:&lt;0&gt; but was:&lt;1&gt;<br>
<br>
<code>junit.framework.AssertionFailedError: Expected no warnings or errors<br>Errors: <br>Warnings: <br>JSC_UNREACHABLE_CODE. unreachable code at i0 line 1 : 20 expected:&lt;0&gt; but was:&lt;1&gt;<br>	at com.google.javascript.jscomp.IntegrationTestCase.test(IntegrationTestCase.java:97)<br>	at com.google.javascript.jscomp.IntegrationTestCase.test(IntegrationTestCase.java:87)<br>	at com.google.javascript.jscomp.IntegrationTest.testSmartNamePassBug11163486(IntegrationTest.java:1173)<br>
</code></td><td>0.012</td>
</tr>
<tr valign="top" class="Failure">
<td><a name="testDeadCodeHasNoDisambiguationSideEffects"></a>testDeadCodeHasNoDisambiguationSideEffects</td><td>Failure</td><td>Expected no warnings or errors
Errors: 
Warnings: 
JSC_UNREACHABLE_CODE. unreachable code at i0 line 1 : 20 expected:&lt;0&gt; but was:&lt;1&gt;<br>
<br>
<code>junit.framework.AssertionFailedError: Expected no warnings or errors<br>Errors: <br>Warnings: <br>JSC_UNREACHABLE_CODE. unreachable code at i0 line 1 : 20 expected:&lt;0&gt; but was:&lt;1&gt;<br>	at com.google.javascript.jscomp.IntegrationTestCase.test(IntegrationTestCase.java:97)<br>	at com.google.javascript.jscomp.IntegrationTestCase.test(IntegrationTestCase.java:87)<br>	at com.google.javascript.jscomp.IntegrationTest.testDeadCodeHasNoDisambiguationSideEffects(IntegrationTest.java:1244)<br>
</code></td><td>0.020</td>
</tr>
<tr valign="top" class="Failure">
<td><a name="testQMarkTIsNullable"></a>testQMarkTIsNullable</td><td>Failure</td><td>expected:&lt;JSC_TYPE_MISMATCH: {0}&gt; but was:&lt;JSC_UNREACHABLE_CODE: unreachable code&gt;<br>
<br>
<code>junit.framework.AssertionFailedError: expected:&lt;JSC_TYPE_MISMATCH: {0}&gt; but was:&lt;JSC_UNREACHABLE_CODE: unreachable code&gt;<br>	at com.google.javascript.jscomp.IntegrationTestCase.test(IntegrationTestCase.java:143)<br>	at com.google.javascript.jscomp.IntegrationTestCase.test(IntegrationTestCase.java:127)<br>	at com.google.javascript.jscomp.IntegrationTestCase.test(IntegrationTestCase.java:116)<br>	at com.google.javascript.jscomp.IntegrationTest.testQMarkTIsNullable(IntegrationTest.java:1257)<br>
</code></td><td>0.005</td>
</tr>
<tr valign="top" class="Failure">
<td><a name="testTIsNotNullable"></a>testTIsNotNullable</td><td>Failure</td><td>expected:&lt;JSC_TYPE_MISMATCH: {0}&gt; but was:&lt;JSC_UNREACHABLE_CODE: unreachable code&gt;<br>
<br>
<code>junit.framework.AssertionFailedError: expected:&lt;JSC_TYPE_MISMATCH: {0}&gt; but was:&lt;JSC_UNREACHABLE_CODE: unreachable code&gt;<br>	at com.google.javascript.jscomp.IntegrationTestCase.test(IntegrationTestCase.java:143)<br>	at com.google.javascript.jscomp.IntegrationTestCase.test(IntegrationTestCase.java:127)<br>	at com.google.javascript.jscomp.IntegrationTestCase.test(IntegrationTestCase.java:116)<br>	at com.google.javascript.jscomp.IntegrationTest.testTIsNotNullable(IntegrationTest.java:1269)<br>
</code></td><td>0.005</td>
</tr>
<tr valign="top" class="Failure">
<td><a name="testDeadAssignmentsElimination"></a>testDeadAssignmentsElimination</td><td>Failure</td><td>Expected no warnings or errors
Errors: 
JSC_CONSTANT_REASSIGNED_VALUE_ERROR. constant x assigned a value more than once.
Original definition at i0:1 at i0 line 1 : 29Warnings: 
JSC_UNREACHABLE_CODE. unreachable code at i0 line 1 : 0 expected:&lt;0&gt; but was:&lt;2&gt;<br>
<br>
<code>junit.framework.AssertionFailedError: Expected no warnings or errors<br>Errors: <br>Original definition at i0:1 at i0 line 1 : 29Warnings: <br>JSC_UNREACHABLE_CODE. unreachable code at i0 line 1 : 0 expected:&lt;0&gt; but was:&lt;2&gt;<br>	at com.google.javascript.jscomp.IntegrationTestCase.test(IntegrationTestCase.java:97)<br>	at com.google.javascript.jscomp.IntegrationTestCase.testSame(IntegrationTestCase.java:78)<br>	at com.google.javascript.jscomp.IntegrationTestCase.testSame(IntegrationTestCase.java:74)<br>	at com.google.javascript.jscomp.IntegrationTest.testDeadAssignmentsElimination(IntegrationTest.java:1275)<br>
</code></td><td>0.002</td>
</tr>
<tr valign="top" class="Failure">
<td><a name="testInlineFunctions"></a>testInlineFunctions</td><td>Failure</td><td>Expected no warnings or errors
Errors: 
Warnings: 
JSC_UNREACHABLE_CODE. unreachable code at i0 line 1 : 0 expected:&lt;0&gt; but was:&lt;1&gt;<br>
<br>
<code>junit.framework.AssertionFailedError: Expected no warnings or errors<br>Errors: <br>Warnings: <br>JSC_UNREACHABLE_CODE. unreachable code at i0 line 1 : 0 expected:&lt;0&gt; but was:&lt;1&gt;<br>	at com.google.javascript.jscomp.IntegrationTestCase.test(IntegrationTestCase.java:97)<br>	at com.google.javascript.jscomp.IntegrationTestCase.testSame(IntegrationTestCase.java:78)<br>	at com.google.javascript.jscomp.IntegrationTestCase.testSame(IntegrationTestCase.java:74)<br>	at com.google.javascript.jscomp.IntegrationTest.testInlineFunctions(IntegrationTest.java:1287)<br>
</code></td><td>0.001</td>
</tr>
<tr valign="top" class="Failure">
<td><a name="testRemoveUnusedVars1"></a>testRemoveUnusedVars1</td><td>Failure</td><td>Expected no warnings or errors
Errors: 
Warnings: 
JSC_UNREACHABLE_CODE. unreachable code at i0 line 1 : 0 expected:&lt;0&gt; but was:&lt;1&gt;<br>
<br>
<code>junit.framework.AssertionFailedError: Expected no warnings or errors<br>Errors: <br>Warnings: <br>JSC_UNREACHABLE_CODE. unreachable code at i0 line 1 : 0 expected:&lt;0&gt; but was:&lt;1&gt;<br>	at com.google.javascript.jscomp.IntegrationTestCase.test(IntegrationTestCase.java:97)<br>	at com.google.javascript.jscomp.IntegrationTestCase.testSame(IntegrationTestCase.java:78)<br>	at com.google.javascript.jscomp.IntegrationTestCase.testSame(IntegrationTestCase.java:74)<br>	at com.google.javascript.jscomp.IntegrationTest.testRemoveUnusedVars1(IntegrationTest.java:1296)<br>
</code></td><td>0.002</td>
</tr>
<tr valign="top" class="Failure">
<td><a name="testRemoveUnusedVars2"></a>testRemoveUnusedVars2</td><td>Failure</td><td>Expected no warnings or errors
Errors: 
Warnings: 
JSC_UNREACHABLE_CODE. unreachable code at i0 line 1 : 0 expected:&lt;0&gt; but was:&lt;1&gt;<br>
<br>
<code>junit.framework.AssertionFailedError: Expected no warnings or errors<br>Errors: <br>Warnings: <br>JSC_UNREACHABLE_CODE. unreachable code at i0 line 1 : 0 expected:&lt;0&gt; but was:&lt;1&gt;<br>	at com.google.javascript.jscomp.IntegrationTestCase.test(IntegrationTestCase.java:97)<br>	at com.google.javascript.jscomp.IntegrationTestCase.testSame(IntegrationTestCase.java:78)<br>	at com.google.javascript.jscomp.IntegrationTestCase.testSame(IntegrationTestCase.java:74)<br>	at com.google.javascript.jscomp.IntegrationTest.testRemoveUnusedVars2(IntegrationTest.java:1305)<br>
</code></td><td>0.001</td>
</tr>
<tr valign="top" class="Failure">
<td><a name="testCrossModuleCodeMotion"></a>testCrossModuleCodeMotion</td><td>Failure</td><td>Expected no warnings or errors
Errors: 
Warnings: 
JSC_UNREACHABLE_CODE. unreachable code at i0 line 1 : 0 expected:&lt;0&gt; but was:&lt;1&gt;<br>
<br>
<code>junit.framework.AssertionFailedError: Expected no warnings or errors<br>Errors: <br>Warnings: <br>JSC_UNREACHABLE_CODE. unreachable code at i0 line 1 : 0 expected:&lt;0&gt; but was:&lt;1&gt;<br>	at com.google.javascript.jscomp.IntegrationTestCase.test(IntegrationTestCase.java:97)<br>	at com.google.javascript.jscomp.IntegrationTestCase.testSame(IntegrationTestCase.java:78)<br>	at com.google.javascript.jscomp.IntegrationTest.testCrossModuleCodeMotion(IntegrationTest.java:1320)<br>
</code></td><td>0.002</td>
</tr>
<tr valign="top" class="Failure">
<td><a name="testCrossModuleMethodMotion"></a>testCrossModuleMethodMotion</td><td>Failure</td><td>Expected no warnings or errors
Errors: 
Warnings: 
JSC_UNREACHABLE_CODE. unreachable code at i0 line 1 : 0 expected:&lt;0&gt; but was:&lt;1&gt;<br>
<br>
<code>junit.framework.AssertionFailedError: Expected no warnings or errors<br>Errors: <br>Warnings: <br>JSC_UNREACHABLE_CODE. unreachable code at i0 line 1 : 0 expected:&lt;0&gt; but was:&lt;1&gt;<br>	at com.google.javascript.jscomp.IntegrationTestCase.test(IntegrationTestCase.java:97)<br>	at com.google.javascript.jscomp.IntegrationTestCase.testSame(IntegrationTestCase.java:78)<br>	at com.google.javascript.jscomp.IntegrationTest.testCrossModuleMethodMotion(IntegrationTest.java:1336)<br>
</code></td><td>0.001</td>
</tr>
<tr valign="top" class="Failure">
<td><a name="testFlowSensitiveInlineVariables1"></a>testFlowSensitiveInlineVariables1</td><td>Failure</td><td>Expected no warnings or errors
Errors: 
JSC_CONSTANT_REASSIGNED_VALUE_ERROR. constant x assigned a value more than once.
Original definition at i0:1 at i0 line 1 : 26Warnings: 
JSC_UNREACHABLE_CODE. unreachable code at i0 line 1 : 0 expected:&lt;0&gt; but was:&lt;2&gt;<br>
<br>
<code>junit.framework.AssertionFailedError: Expected no warnings or errors<br>Errors: <br>Original definition at i0:1 at i0 line 1 : 26Warnings: <br>JSC_UNREACHABLE_CODE. unreachable code at i0 line 1 : 0 expected:&lt;0&gt; but was:&lt;2&gt;<br>	at com.google.javascript.jscomp.IntegrationTestCase.test(IntegrationTestCase.java:97)<br>	at com.google.javascript.jscomp.IntegrationTestCase.testSame(IntegrationTestCase.java:78)<br>	at com.google.javascript.jscomp.IntegrationTestCase.testSame(IntegrationTestCase.java:74)<br>	at com.google.javascript.jscomp.IntegrationTest.testFlowSensitiveInlineVariables1(IntegrationTest.java:1350)<br>
</code></td><td>0.002</td>
</tr>
<tr valign="top" class="Failure">
<td><a name="testFlowSensitiveInlineVariables2"></a>testFlowSensitiveInlineVariables2</td><td>Failure</td><td>Expected no warnings or errors
Errors: 
Warnings: 
JSC_UNREACHABLE_CODE. unreachable code at i0 line 1 : 0 expected:&lt;0&gt; but was:&lt;1&gt;<br>
<br>
<code>junit.framework.AssertionFailedError: Expected no warnings or errors<br>Errors: <br>Warnings: <br>JSC_UNREACHABLE_CODE. unreachable code at i0 line 1 : 0 expected:&lt;0&gt; but was:&lt;1&gt;<br>	at com.google.javascript.jscomp.IntegrationTestCase.test(IntegrationTestCase.java:97)<br>	at com.google.javascript.jscomp.IntegrationTestCase.test(IntegrationTestCase.java:87)<br>	at com.google.javascript.jscomp.IntegrationTest.testFlowSensitiveInlineVariables2(IntegrationTest.java:1366)<br>
</code></td><td>0.007</td>
</tr>
<tr valign="top" class="Failure">
<td><a name="testCollapseAnonymousFunctions"></a>testCollapseAnonymousFunctions</td><td>Failure</td><td>Expected no warnings or errors
Errors: 
Warnings: 
JSC_UNREACHABLE_CODE. unreachable code at i0 line 1 : 0 expected:&lt;0&gt; but was:&lt;1&gt;<br>
<br>
<code>junit.framework.AssertionFailedError: Expected no warnings or errors<br>Errors: <br>Warnings: <br>JSC_UNREACHABLE_CODE. unreachable code at i0 line 1 : 0 expected:&lt;0&gt; but was:&lt;1&gt;<br>	at com.google.javascript.jscomp.IntegrationTestCase.test(IntegrationTestCase.java:97)<br>	at com.google.javascript.jscomp.IntegrationTestCase.testSame(IntegrationTestCase.java:78)<br>	at com.google.javascript.jscomp.IntegrationTestCase.testSame(IntegrationTestCase.java:74)<br>	at com.google.javascript.jscomp.IntegrationTest.testCollapseAnonymousFunctions(IntegrationTest.java:1380)<br>
</code></td><td>0.002</td>
</tr>
<tr valign="top" class="Failure">
<td><a name="testMoveFunctionDeclarations"></a>testMoveFunctionDeclarations</td><td>Failure</td><td>Expected no warnings or errors
Errors: 
Warnings: 
JSC_UNREACHABLE_CODE. unreachable code at i0 line 1 : 0 expected:&lt;0&gt; but was:&lt;1&gt;<br>
<br>
<code>junit.framework.AssertionFailedError: Expected no warnings or errors<br>Errors: <br>Warnings: <br>JSC_UNREACHABLE_CODE. unreachable code at i0 line 1 : 0 expected:&lt;0&gt; but was:&lt;1&gt;<br>	at com.google.javascript.jscomp.IntegrationTestCase.test(IntegrationTestCase.java:97)<br>	at com.google.javascript.jscomp.IntegrationTestCase.testSame(IntegrationTestCase.java:78)<br>	at com.google.javascript.jscomp.IntegrationTestCase.testSame(IntegrationTestCase.java:74)<br>	at com.google.javascript.jscomp.IntegrationTest.testMoveFunctionDeclarations(IntegrationTest.java:1389)<br>
</code></td><td>0.001</td>
</tr>
<tr valign="top" class="Failure">
<td><a name="testNameAnonymousFunctions"></a>testNameAnonymousFunctions</td><td>Failure</td><td>Expected no warnings or errors
Errors: 
Warnings: 
JSC_UNREACHABLE_CODE. unreachable code at i0 line 1 : 0 expected:&lt;0&gt; but was:&lt;1&gt;<br>
<br>
<code>junit.framework.AssertionFailedError: Expected no warnings or errors<br>Errors: <br>Warnings: <br>JSC_UNREACHABLE_CODE. unreachable code at i0 line 1 : 0 expected:&lt;0&gt; but was:&lt;1&gt;<br>	at com.google.javascript.jscomp.IntegrationTestCase.test(IntegrationTestCase.java:97)<br>	at com.google.javascript.jscomp.IntegrationTestCase.testSame(IntegrationTestCase.java:78)<br>	at com.google.javascript.jscomp.IntegrationTestCase.testSame(IntegrationTestCase.java:74)<br>	at com.google.javascript.jscomp.IntegrationTest.testNameAnonymousFunctions(IntegrationTest.java:1398)<br>
</code></td><td>0.002</td>
</tr>
<tr valign="top" class="Failure">
<td><a name="testNameAnonymousFunctionsWithVarRemoval"></a>testNameAnonymousFunctionsWithVarRemoval</td><td>Failure</td><td>Expected no warnings or errors
Errors: 
Warnings: 
JSC_UNREACHABLE_CODE. unreachable code at i0 line 1 : 0 expected:&lt;0&gt; but was:&lt;1&gt;<br>
<br>
<code>junit.framework.AssertionFailedError: Expected no warnings or errors<br>Errors: <br>Warnings: <br>JSC_UNREACHABLE_CODE. unreachable code at i0 line 1 : 0 expected:&lt;0&gt; but was:&lt;1&gt;<br>	at com.google.javascript.jscomp.IntegrationTestCase.test(IntegrationTestCase.java:97)<br>	at com.google.javascript.jscomp.IntegrationTestCase.test(IntegrationTestCase.java:87)<br>	at com.google.javascript.jscomp.IntegrationTest.testNameAnonymousFunctionsWithVarRemoval(IntegrationTest.java:1415)<br>
</code></td><td>0.002</td>
</tr>
<tr valign="top" class="Failure">
<td><a name="testExtractPrototypeMemberDeclarations"></a>testExtractPrototypeMemberDeclarations</td><td>Failure</td><td>Expected no warnings or errors
Errors: 
Warnings: 
JSC_UNREACHABLE_CODE. unreachable code at i0 line 1 : 0 expected:&lt;0&gt; but was:&lt;1&gt;<br>
<br>
<code>junit.framework.AssertionFailedError: Expected no warnings or errors<br>Errors: <br>Warnings: <br>JSC_UNREACHABLE_CODE. unreachable code at i0 line 1 : 0 expected:&lt;0&gt; but was:&lt;1&gt;<br>	at com.google.javascript.jscomp.IntegrationTestCase.test(IntegrationTestCase.java:97)<br>	at com.google.javascript.jscomp.IntegrationTestCase.testSame(IntegrationTestCase.java:78)<br>	at com.google.javascript.jscomp.IntegrationTestCase.testSame(IntegrationTestCase.java:74)<br>	at com.google.javascript.jscomp.IntegrationTest.testExtractPrototypeMemberDeclarations(IntegrationTest.java:1440)<br>
</code></td><td>0.002</td>
</tr>
<tr valign="top" class="Failure">
<td><a name="testDevirtualizationAndExtractPrototypeMemberDeclarations"></a>testDevirtualizationAndExtractPrototypeMemberDeclarations</td><td>Failure</td><td>Expected no warnings or errors
Errors: 
Warnings: 
JSC_UNREACHABLE_CODE. unreachable code at i0 line 1 : 0 expected:&lt;0&gt; but was:&lt;1&gt;<br>
<br>
<code>junit.framework.AssertionFailedError: Expected no warnings or errors<br>Errors: <br>Warnings: <br>JSC_UNREACHABLE_CODE. unreachable code at i0 line 1 : 0 expected:&lt;0&gt; but was:&lt;1&gt;<br>	at com.google.javascript.jscomp.IntegrationTestCase.test(IntegrationTestCase.java:97)<br>	at com.google.javascript.jscomp.IntegrationTestCase.test(IntegrationTestCase.java:87)<br>	at com.google.javascript.jscomp.IntegrationTest.testDevirtualizationAndExtractPrototypeMemberDeclarations(IntegrationTest.java:1501)<br>
</code></td><td>0.004</td>
</tr>
<tr valign="top" class="Failure">
<td><a name="testCoalesceVariableNames"></a>testCoalesceVariableNames</td><td>Failure</td><td>Expected no warnings or errors
Errors: 
Warnings: 
JSC_UNREACHABLE_CODE. unreachable code at i0 line 1 : 0 expected:&lt;0&gt; but was:&lt;1&gt;<br>
<br>
<code>junit.framework.AssertionFailedError: Expected no warnings or errors<br>Errors: <br>Warnings: <br>JSC_UNREACHABLE_CODE. unreachable code at i0 line 1 : 0 expected:&lt;0&gt; but was:&lt;1&gt;<br>	at com.google.javascript.jscomp.IntegrationTestCase.test(IntegrationTestCase.java:97)<br>	at com.google.javascript.jscomp.IntegrationTestCase.testSame(IntegrationTestCase.java:78)<br>	at com.google.javascript.jscomp.IntegrationTestCase.testSame(IntegrationTestCase.java:74)<br>	at com.google.javascript.jscomp.IntegrationTest.testCoalesceVariableNames(IntegrationTest.java:1507)<br>
</code></td><td>0.002</td>
</tr>
<tr valign="top" class="Failure">
<td><a name="testPropertyRenaming"></a>testPropertyRenaming</td><td>Failure</td><td>Expected no warnings or errors
Errors: 
Warnings: 
JSC_UNREACHABLE_CODE. unreachable code at i0 line 1 : 0 expected:&lt;0&gt; but was:&lt;1&gt;<br>
<br>
<code>junit.framework.AssertionFailedError: Expected no warnings or errors<br>Errors: <br>Warnings: <br>JSC_UNREACHABLE_CODE. unreachable code at i0 line 1 : 0 expected:&lt;0&gt; but was:&lt;1&gt;<br>	at com.google.javascript.jscomp.IntegrationTestCase.test(IntegrationTestCase.java:97)<br>	at com.google.javascript.jscomp.IntegrationTestCase.testSame(IntegrationTestCase.java:78)<br>	at com.google.javascript.jscomp.IntegrationTestCase.testSame(IntegrationTestCase.java:74)<br>	at com.google.javascript.jscomp.IntegrationTest.testPropertyRenaming(IntegrationTest.java:1527)<br>
</code></td><td>0.001</td>
</tr>
<tr valign="top" class="Failure">
<td><a name="testConvertToDottedProperties"></a>testConvertToDottedProperties</td><td>Failure</td><td>Expected no warnings or errors
Errors: 
Warnings: 
JSC_UNREACHABLE_CODE. unreachable code at i0 line 1 : 0 expected:&lt;0&gt; but was:&lt;1&gt;<br>
<br>
<code>junit.framework.AssertionFailedError: Expected no warnings or errors<br>Errors: <br>Warnings: <br>JSC_UNREACHABLE_CODE. unreachable code at i0 line 1 : 0 expected:&lt;0&gt; but was:&lt;1&gt;<br>	at com.google.javascript.jscomp.IntegrationTestCase.test(IntegrationTestCase.java:97)<br>	at com.google.javascript.jscomp.IntegrationTestCase.testSame(IntegrationTestCase.java:78)<br>	at com.google.javascript.jscomp.IntegrationTestCase.testSame(IntegrationTestCase.java:74)<br>	at com.google.javascript.jscomp.IntegrationTest.testConvertToDottedProperties(IntegrationTest.java:1545)<br>
</code></td><td>0.002</td>
</tr>
<tr valign="top" class="Failure">
<td><a name="testRewriteFunctionExpressions"></a>testRewriteFunctionExpressions</td><td>Failure</td><td>Expected no warnings or errors
Errors: 
JSC_CONSTANT_REASSIGNED_VALUE_ERROR. constant a assigned a value more than once.
Original definition at i0:1 at i0 line 1 : 22
JSC_CONSTANT_REASSIGNED_VALUE_ERROR. constant a assigned a value more than once.
Original definition at i0:1 at i0 line 1 : 40
JSC_CONSTANT_REASSIGNED_VALUE_ERROR. constant a assigned a value more than once.
Original definition at i0:1 at i0 line 1 : 58
JSC_CONSTANT_REASSIGNED_VALUE_ERROR. constant a assigned a value more than once.
Original definition at i0:1 at i0 line 1 : 76
JSC_CONSTANT_REASSIGNED_VALUE_ERROR. constant a assigned a value more than once.
Original definition at i0:1 at i0 line 1 : 94
JSC_CONSTANT_REASSIGNED_VALUE_ERROR. constant a assigned a value more than once.
Original definition at i0:1 at i0 line 1 : 112
JSC_CONSTANT_REASSIGNED_VALUE_ERROR. constant a assigned a value more than once.
Original definition at i0:1 at i0 line 1 : 130
JSC_CONSTANT_REASSIGNED_VALUE_ERROR. constant a assigned a value more than once.
Original definition at i0:1 at i0 line 1 : 148
JSC_CONSTANT_REASSIGNED_VALUE_ERROR. constant a assigned a value more than once.
Original definition at i0:1 at i0 line 1 : 166
JSC_CONSTANT_REASSIGNED_VALUE_ERROR. constant a assigned a value more than once.
Original definition at i0:1 at i0 line 1 : 184Warnings: 
JSC_UNREACHABLE_CODE. unreachable code at i0 line 1 : 0 expected:&lt;0&gt; but was:&lt;11&gt;<br>
<br>
<code>junit.framework.AssertionFailedError: Expected no warnings or errors<br>Errors: <br>Original definition at i0:1 at i0 line 1 : 22<br>Original definition at i0:1 at i0 line 1 : 40<br>Original definition at i0:1 at i0 line 1 : 58<br>Original definition at i0:1 at i0 line 1 : 76<br>Original definition at i0:1 at i0 line 1 : 94<br>Original definition at i0:1 at i0 line 1 : 112<br>Original definition at i0:1 at i0 line 1 : 130<br>Original definition at i0:1 at i0 line 1 : 148<br>Original definition at i0:1 at i0 line 1 : 166<br>Original definition at i0:1 at i0 line 1 : 184Warnings: <br>JSC_UNREACHABLE_CODE. unreachable code at i0 line 1 : 0 expected:&lt;0&gt; but was:&lt;11&gt;<br>	at com.google.javascript.jscomp.IntegrationTestCase.test(IntegrationTestCase.java:97)<br>	at com.google.javascript.jscomp.IntegrationTestCase.testSame(IntegrationTestCase.java:78)<br>	at com.google.javascript.jscomp.IntegrationTestCase.testSame(IntegrationTestCase.java:74)<br>	at com.google.javascript.jscomp.IntegrationTest.testRewriteFunctionExpressions(IntegrationTest.java:1561)<br>
</code></td><td>0.002</td>
</tr>
<tr valign="top" class="Failure">
<td><a name="testAliasAllStrings"></a>testAliasAllStrings</td><td>Failure</td><td>Expected no warnings or errors
Errors: 
Warnings: 
JSC_UNREACHABLE_CODE. unreachable code at i0 line 1 : 0 expected:&lt;0&gt; but was:&lt;1&gt;<br>
<br>
<code>junit.framework.AssertionFailedError: Expected no warnings or errors<br>Errors: <br>Warnings: <br>JSC_UNREACHABLE_CODE. unreachable code at i0 line 1 : 0 expected:&lt;0&gt; but was:&lt;1&gt;<br>	at com.google.javascript.jscomp.IntegrationTestCase.test(IntegrationTestCase.java:97)<br>	at com.google.javascript.jscomp.IntegrationTestCase.testSame(IntegrationTestCase.java:78)<br>	at com.google.javascript.jscomp.IntegrationTestCase.testSame(IntegrationTestCase.java:74)<br>	at com.google.javascript.jscomp.IntegrationTest.testAliasAllStrings(IntegrationTest.java:1571)<br>
</code></td><td>0.001</td>
</tr>
<tr valign="top" class="Failure">
<td><a name="testAliasExterns"></a>testAliasExterns</td><td>Failure</td><td>Expected no warnings or errors
Errors: 
Warnings: 
JSC_UNREACHABLE_CODE. unreachable code at i0 line 1 : 0 expected:&lt;0&gt; but was:&lt;1&gt;<br>
<br>
<code>junit.framework.AssertionFailedError: Expected no warnings or errors<br>Errors: <br>Warnings: <br>JSC_UNREACHABLE_CODE. unreachable code at i0 line 1 : 0 expected:&lt;0&gt; but was:&lt;1&gt;<br>	at com.google.javascript.jscomp.IntegrationTestCase.test(IntegrationTestCase.java:97)<br>	at com.google.javascript.jscomp.IntegrationTestCase.testSame(IntegrationTestCase.java:78)<br>	at com.google.javascript.jscomp.IntegrationTestCase.testSame(IntegrationTestCase.java:74)<br>	at com.google.javascript.jscomp.IntegrationTest.testAliasExterns(IntegrationTest.java:1583)<br>
</code></td><td>0.001</td>
</tr>
<tr valign="top" class="Failure">
<td><a name="testRenameVars1"></a>testRenameVars1</td><td>Failure</td><td>Expected no warnings or errors
Errors: 
Warnings: 
JSC_UNREACHABLE_CODE. unreachable code at i0 line 1 : 0 expected:&lt;0&gt; but was:&lt;1&gt;<br>
<br>
<code>junit.framework.AssertionFailedError: Expected no warnings or errors<br>Errors: <br>Warnings: <br>JSC_UNREACHABLE_CODE. unreachable code at i0 line 1 : 0 expected:&lt;0&gt; but was:&lt;1&gt;<br>	at com.google.javascript.jscomp.IntegrationTestCase.test(IntegrationTestCase.java:97)<br>	at com.google.javascript.jscomp.IntegrationTestCase.testSame(IntegrationTestCase.java:78)<br>	at com.google.javascript.jscomp.IntegrationTestCase.testSame(IntegrationTestCase.java:74)<br>	at com.google.javascript.jscomp.IntegrationTest.testRenameVars1(IntegrationTest.java:1595)<br>
</code></td><td>0.002</td>
</tr>
<tr valign="top" class="Failure">
<td><a name="testRenameVars2"></a>testRenameVars2</td><td>Failure</td><td>Expected no warnings or errors
Errors: 
Warnings: 
JSC_UNREACHABLE_CODE. unreachable code at i0 line 1 : 0 expected:&lt;0&gt; but was:&lt;1&gt;<br>
<br>
<code>junit.framework.AssertionFailedError: Expected no warnings or errors<br>Errors: <br>Warnings: <br>JSC_UNREACHABLE_CODE. unreachable code at i0 line 1 : 0 expected:&lt;0&gt; but was:&lt;1&gt;<br>	at com.google.javascript.jscomp.IntegrationTestCase.test(IntegrationTestCase.java:97)<br>	at com.google.javascript.jscomp.IntegrationTestCase.test(IntegrationTestCase.java:87)<br>	at com.google.javascript.jscomp.IntegrationTest.testRenameVars2(IntegrationTest.java:1615)<br>
</code></td><td>0.001</td>
</tr>
<tr valign="top" class="Failure">
<td><a name="testShadowVaribles"></a>testShadowVaribles</td><td>Failure</td><td>Expected no warnings or errors
Errors: 
Warnings: 
JSC_UNREACHABLE_CODE. unreachable code at i0 line 1 : 0 expected:&lt;0&gt; but was:&lt;1&gt;<br>
<br>
<code>junit.framework.AssertionFailedError: Expected no warnings or errors<br>Errors: <br>Warnings: <br>JSC_UNREACHABLE_CODE. unreachable code at i0 line 1 : 0 expected:&lt;0&gt; but was:&lt;1&gt;<br>	at com.google.javascript.jscomp.IntegrationTestCase.test(IntegrationTestCase.java:97)<br>	at com.google.javascript.jscomp.IntegrationTestCase.test(IntegrationTestCase.java:87)<br>	at com.google.javascript.jscomp.IntegrationTest.testShadowVaribles(IntegrationTest.java:1627)<br>
</code></td><td>0.002</td>
</tr>
<tr valign="top" class="Failure">
<td><a name="testRenameLabels"></a>testRenameLabels</td><td>Failure</td><td>Expected no warnings or errors
Errors: 
Warnings: 
JSC_UNREACHABLE_CODE. unreachable code at i0 line 1 : 0 expected:&lt;0&gt; but was:&lt;1&gt;<br>
<br>
<code>junit.framework.AssertionFailedError: Expected no warnings or errors<br>Errors: <br>Warnings: <br>JSC_UNREACHABLE_CODE. unreachable code at i0 line 1 : 0 expected:&lt;0&gt; but was:&lt;1&gt;<br>	at com.google.javascript.jscomp.IntegrationTestCase.test(IntegrationTestCase.java:97)<br>	at com.google.javascript.jscomp.IntegrationTestCase.testSame(IntegrationTestCase.java:78)<br>	at com.google.javascript.jscomp.IntegrationTestCase.testSame(IntegrationTestCase.java:74)<br>	at com.google.javascript.jscomp.IntegrationTest.testRenameLabels(IntegrationTest.java:1634)<br>
</code></td><td>0.001</td>
</tr>
<tr valign="top" class="TableRowColor">
<td><a name="testBadBreakStatementInIdeMode"></a>testBadBreakStatementInIdeMode</td><td>Success</td><td></td><td>0.004</td>
</tr>
<tr valign="top" class="TableRowColor">
<td><a name="testIssue63SourceMap"></a>testIssue63SourceMap</td><td>Success</td><td></td><td>0.001</td>
</tr>
<tr valign="top" class="Failure">
<td><a name="testRegExp1"></a>testRegExp1</td><td>Failure</td><td>Expected no warnings or errors
Errors: 
Warnings: 
JSC_UNREACHABLE_CODE. unreachable code at i0 line 1 : 0 expected:&lt;0&gt; but was:&lt;1&gt;<br>
<br>
<code>junit.framework.AssertionFailedError: Expected no warnings or errors<br>Errors: <br>Warnings: <br>JSC_UNREACHABLE_CODE. unreachable code at i0 line 1 : 0 expected:&lt;0&gt; but was:&lt;1&gt;<br>	at com.google.javascript.jscomp.IntegrationTestCase.test(IntegrationTestCase.java:97)<br>	at com.google.javascript.jscomp.IntegrationTestCase.testSame(IntegrationTestCase.java:78)<br>	at com.google.javascript.jscomp.IntegrationTestCase.testSame(IntegrationTestCase.java:74)<br>	at com.google.javascript.jscomp.IntegrationTest.testRegExp1(IntegrationTest.java:1670)<br>
</code></td><td>0.002</td>
</tr>
<tr valign="top" class="Failure">
<td><a name="testRegExp2"></a>testRegExp2</td><td>Failure</td><td>Expected no warnings or errors
Errors: 
Warnings: 
JSC_UNREACHABLE_CODE. unreachable code at i0 line 1 : 0 expected:&lt;0&gt; but was:&lt;1&gt;<br>
<br>
<code>junit.framework.AssertionFailedError: Expected no warnings or errors<br>Errors: <br>Warnings: <br>JSC_UNREACHABLE_CODE. unreachable code at i0 line 1 : 0 expected:&lt;0&gt; but was:&lt;1&gt;<br>	at com.google.javascript.jscomp.IntegrationTestCase.test(IntegrationTestCase.java:97)<br>	at com.google.javascript.jscomp.IntegrationTestCase.testSame(IntegrationTestCase.java:78)<br>	at com.google.javascript.jscomp.IntegrationTestCase.testSame(IntegrationTestCase.java:74)<br>	at com.google.javascript.jscomp.IntegrationTest.testRegExp2(IntegrationTest.java:1686)<br>
</code></td><td>0.002</td>
</tr>
<tr valign="top" class="Failure">
<td><a name="testFoldLocals1"></a>testFoldLocals1</td><td>Failure</td><td>Expected no warnings or errors
Errors: 
Warnings: 
JSC_UNREACHABLE_CODE. unreachable code at i0 line 1 : 0 expected:&lt;0&gt; but was:&lt;1&gt;<br>
<br>
<code>junit.framework.AssertionFailedError: Expected no warnings or errors<br>Errors: <br>Warnings: <br>JSC_UNREACHABLE_CODE. unreachable code at i0 line 1 : 0 expected:&lt;0&gt; but was:&lt;1&gt;<br>	at com.google.javascript.jscomp.IntegrationTestCase.test(IntegrationTestCase.java:97)<br>	at com.google.javascript.jscomp.IntegrationTestCase.testSame(IntegrationTestCase.java:78)<br>	at com.google.javascript.jscomp.IntegrationTestCase.testSame(IntegrationTestCase.java:74)<br>	at com.google.javascript.jscomp.IntegrationTest.testFoldLocals1(IntegrationTest.java:1706)<br>
</code></td><td>0.002</td>
</tr>
<tr valign="top" class="Failure">
<td><a name="testFoldLocals2"></a>testFoldLocals2</td><td>Failure</td><td>Expected no warnings or errors
Errors: 
Warnings: 
JSC_UNREACHABLE_CODE. unreachable code at i0 line 1 : 0 expected:&lt;0&gt; but was:&lt;1&gt;<br>
<br>
<code>junit.framework.AssertionFailedError: Expected no warnings or errors<br>Errors: <br>Warnings: <br>JSC_UNREACHABLE_CODE. unreachable code at i0 line 1 : 0 expected:&lt;0&gt; but was:&lt;1&gt;<br>	at com.google.javascript.jscomp.IntegrationTestCase.test(IntegrationTestCase.java:97)<br>	at com.google.javascript.jscomp.IntegrationTestCase.testSame(IntegrationTestCase.java:78)<br>	at com.google.javascript.jscomp.IntegrationTestCase.testSame(IntegrationTestCase.java:74)<br>	at com.google.javascript.jscomp.IntegrationTest.testFoldLocals2(IntegrationTest.java:1723)<br>
</code></td><td>0.004</td>
</tr>
<tr valign="top" class="Failure">
<td><a name="testFoldLocals3"></a>testFoldLocals3</td><td>Failure</td><td>Expected no warnings or errors
Errors: 
Warnings: 
JSC_UNREACHABLE_CODE. unreachable code at i0 line 1 : 0 expected:&lt;0&gt; but was:&lt;1&gt;<br>
<br>
<code>junit.framework.AssertionFailedError: Expected no warnings or errors<br>Errors: <br>Warnings: <br>JSC_UNREACHABLE_CODE. unreachable code at i0 line 1 : 0 expected:&lt;0&gt; but was:&lt;1&gt;<br>	at com.google.javascript.jscomp.IntegrationTestCase.test(IntegrationTestCase.java:97)<br>	at com.google.javascript.jscomp.IntegrationTestCase.testSame(IntegrationTestCase.java:78)<br>	at com.google.javascript.jscomp.IntegrationTestCase.testSame(IntegrationTestCase.java:74)<br>	at com.google.javascript.jscomp.IntegrationTest.testFoldLocals3(IntegrationTest.java:1742)<br>
</code></td><td>0.002</td>
</tr>
<tr valign="top" class="Failure">
<td><a name="testFoldLocals4"></a>testFoldLocals4</td><td>Failure</td><td>Expected no warnings or errors
Errors: 
Warnings: 
JSC_UNREACHABLE_CODE. unreachable code at i0 line 2 : 0 expected:&lt;0&gt; but was:&lt;1&gt;<br>
<br>
<code>junit.framework.AssertionFailedError: Expected no warnings or errors<br>Errors: <br>Warnings: <br>JSC_UNREACHABLE_CODE. unreachable code at i0 line 2 : 0 expected:&lt;0&gt; but was:&lt;1&gt;<br>	at com.google.javascript.jscomp.IntegrationTestCase.test(IntegrationTestCase.java:97)<br>	at com.google.javascript.jscomp.IntegrationTestCase.testSame(IntegrationTestCase.java:78)<br>	at com.google.javascript.jscomp.IntegrationTestCase.testSame(IntegrationTestCase.java:74)<br>	at com.google.javascript.jscomp.IntegrationTest.testFoldLocals4(IntegrationTest.java:1762)<br>
</code></td><td>0.002</td>
</tr>
<tr valign="top" class="Failure">
<td><a name="testFoldLocals5"></a>testFoldLocals5</td><td>Failure</td><td>Expected no warnings or errors
Errors: 
Warnings: 
JSC_UNREACHABLE_CODE. unreachable code at i0 line 1 : 0 expected:&lt;0&gt; but was:&lt;1&gt;<br>
<br>
<code>junit.framework.AssertionFailedError: Expected no warnings or errors<br>Errors: <br>Warnings: <br>JSC_UNREACHABLE_CODE. unreachable code at i0 line 1 : 0 expected:&lt;0&gt; but was:&lt;1&gt;<br>	at com.google.javascript.jscomp.IntegrationTestCase.test(IntegrationTestCase.java:97)<br>	at com.google.javascript.jscomp.IntegrationTestCase.test(IntegrationTestCase.java:87)<br>	at com.google.javascript.jscomp.IntegrationTest.testFoldLocals5(IntegrationTest.java:1790)<br>
</code></td><td>0.001</td>
</tr>
<tr valign="top" class="Failure">
<td><a name="testFoldLocals6"></a>testFoldLocals6</td><td>Failure</td><td>Expected no warnings or errors
Errors: 
Warnings: 
JSC_UNREACHABLE_CODE. unreachable code at i0 line 1 : 0 expected:&lt;0&gt; but was:&lt;1&gt;<br>
<br>
<code>junit.framework.AssertionFailedError: Expected no warnings or errors<br>Errors: <br>Warnings: <br>JSC_UNREACHABLE_CODE. unreachable code at i0 line 1 : 0 expected:&lt;0&gt; but was:&lt;1&gt;<br>	at com.google.javascript.jscomp.IntegrationTestCase.test(IntegrationTestCase.java:97)<br>	at com.google.javascript.jscomp.IntegrationTestCase.testSame(IntegrationTestCase.java:78)<br>	at com.google.javascript.jscomp.IntegrationTestCase.testSame(IntegrationTestCase.java:74)<br>	at com.google.javascript.jscomp.IntegrationTest.testFoldLocals6(IntegrationTest.java:1807)<br>
</code></td><td>0.001</td>
</tr>
<tr valign="top" class="Failure">
<td><a name="testFoldLocals7"></a>testFoldLocals7</td><td>Failure</td><td>Expected no warnings or errors
Errors: 
Warnings: 
JSC_UNREACHABLE_CODE. unreachable code at i0 line 1 : 0 expected:&lt;0&gt; but was:&lt;1&gt;<br>
<br>
<code>junit.framework.AssertionFailedError: Expected no warnings or errors<br>Errors: <br>Warnings: <br>JSC_UNREACHABLE_CODE. unreachable code at i0 line 1 : 0 expected:&lt;0&gt; but was:&lt;1&gt;<br>	at com.google.javascript.jscomp.IntegrationTestCase.test(IntegrationTestCase.java:97)<br>	at com.google.javascript.jscomp.IntegrationTestCase.testSame(IntegrationTestCase.java:78)<br>	at com.google.javascript.jscomp.IntegrationTestCase.testSame(IntegrationTestCase.java:74)<br>	at com.google.javascript.jscomp.IntegrationTest.testFoldLocals7(IntegrationTest.java:1825)<br>
</code></td><td>0.003</td>
</tr>
<tr valign="top" class="Failure">
<td><a name="testVarDeclarationsIntoFor"></a>testVarDeclarationsIntoFor</td><td>Failure</td><td>Expected no warnings or errors
Errors: 
Warnings: 
JSC_UNREACHABLE_CODE. unreachable code at i0 line 1 : 0 expected:&lt;0&gt; but was:&lt;1&gt;<br>
<br>
<code>junit.framework.AssertionFailedError: Expected no warnings or errors<br>Errors: <br>Warnings: <br>JSC_UNREACHABLE_CODE. unreachable code at i0 line 1 : 0 expected:&lt;0&gt; but was:&lt;1&gt;<br>	at com.google.javascript.jscomp.IntegrationTestCase.test(IntegrationTestCase.java:97)<br>	at com.google.javascript.jscomp.IntegrationTestCase.testSame(IntegrationTestCase.java:78)<br>	at com.google.javascript.jscomp.IntegrationTestCase.testSame(IntegrationTestCase.java:74)<br>	at com.google.javascript.jscomp.IntegrationTest.testVarDeclarationsIntoFor(IntegrationTest.java:1844)<br>
</code></td><td>0.001</td>
</tr>
<tr valign="top" class="Failure">
<td><a name="testExploitAssigns"></a>testExploitAssigns</td><td>Failure</td><td>Expected no warnings or errors
Errors: 
Warnings: 
JSC_UNREACHABLE_CODE. unreachable code at i0 line 1 : 0 expected:&lt;0&gt; but was:&lt;1&gt;<br>
<br>
<code>junit.framework.AssertionFailedError: Expected no warnings or errors<br>Errors: <br>Warnings: <br>JSC_UNREACHABLE_CODE. unreachable code at i0 line 1 : 0 expected:&lt;0&gt; but was:&lt;1&gt;<br>	at com.google.javascript.jscomp.IntegrationTestCase.test(IntegrationTestCase.java:97)<br>	at com.google.javascript.jscomp.IntegrationTestCase.testSame(IntegrationTestCase.java:78)<br>	at com.google.javascript.jscomp.IntegrationTestCase.testSame(IntegrationTestCase.java:74)<br>	at com.google.javascript.jscomp.IntegrationTest.testExploitAssigns(IntegrationTest.java:1858)<br>
</code></td><td>0.001</td>
</tr>
<tr valign="top" class="Failure">
<td><a name="testRecoverOnBadExterns"></a>testRecoverOnBadExterns</td><td>Failure</td><td>Unexpected warnings or errors.
 Warning:JSC_UNDEFINED_EXTERN_VAR_ERROR. name extern is not defined in the externs. at externs line 1 : 0
Warning:JSC_UNREACHABLE_CODE. unreachable code at i0 line 1 : 0
 expected:&lt;1&gt; but was:&lt;2&gt;<br>
<br>
<code>junit.framework.AssertionFailedError: Unexpected warnings or errors.<br> Warning:JSC_UNDEFINED_EXTERN_VAR_ERROR. name extern is not defined in the externs. at externs line 1 : 0<br>Warning:JSC_UNREACHABLE_CODE. unreachable code at i0 line 1 : 0<br> expected:&lt;1&gt; but was:&lt;2&gt;<br>	at com.google.javascript.jscomp.IntegrationTestCase.checkUnexpectedErrorsOrWarnings(IntegrationTestCase.java:219)<br>	at com.google.javascript.jscomp.IntegrationTestCase.test(IntegrationTestCase.java:137)<br>	at com.google.javascript.jscomp.IntegrationTestCase.test(IntegrationTestCase.java:121)<br>	at com.google.javascript.jscomp.IntegrationTest.testRecoverOnBadExterns(IntegrationTest.java:1880)<br>
</code></td><td>0.002</td>
</tr>
<tr valign="top" class="Failure">
<td><a name="testDuplicateVariablesInExterns"></a>testDuplicateVariablesInExterns</td><td>Failure</td><td>Expected no warnings or errors
Errors: 
Warnings: 
JSC_UNREACHABLE_CODE. unreachable code at i0 line 1 : 0 expected:&lt;0&gt; but was:&lt;1&gt;<br>
<br>
<code>junit.framework.AssertionFailedError: Expected no warnings or errors<br>Errors: <br>Warnings: <br>JSC_UNREACHABLE_CODE. unreachable code at i0 line 1 : 0 expected:&lt;0&gt; but was:&lt;1&gt;<br>	at com.google.javascript.jscomp.IntegrationTestCase.test(IntegrationTestCase.java:97)<br>	at com.google.javascript.jscomp.IntegrationTestCase.testSame(IntegrationTestCase.java:78)<br>	at com.google.javascript.jscomp.IntegrationTestCase.testSame(IntegrationTestCase.java:74)<br>	at com.google.javascript.jscomp.IntegrationTest.testDuplicateVariablesInExterns(IntegrationTest.java:1893)<br>
</code></td><td>0.001</td>
</tr>
<tr valign="top" class="Failure">
<td><a name="testLanguageMode"></a>testLanguageMode</td><td>Failure</td><td>Expected no warnings or errors
Errors: 
Warnings: 
JSC_UNREACHABLE_CODE. unreachable code at i0 line 1 : 0 expected:&lt;0&gt; but was:&lt;1&gt;<br>
<br>
<code>junit.framework.AssertionFailedError: Expected no warnings or errors<br>Errors: <br>Warnings: <br>JSC_UNREACHABLE_CODE. unreachable code at i0 line 1 : 0 expected:&lt;0&gt; but was:&lt;1&gt;<br>	at com.google.javascript.jscomp.IntegrationTestCase.test(IntegrationTestCase.java:97)<br>	at com.google.javascript.jscomp.IntegrationTestCase.testSame(IntegrationTestCase.java:78)<br>	at com.google.javascript.jscomp.IntegrationTestCase.testSame(IntegrationTestCase.java:74)<br>	at com.google.javascript.jscomp.IntegrationTest.testLanguageMode(IntegrationTest.java:1916)<br>
</code></td><td>0.003</td>
</tr>
<tr valign="top" class="Failure">
<td><a name="testLanguageMode2"></a>testLanguageMode2</td><td>Failure</td><td>Expected no warnings or errors
Errors: 
Warnings: 
JSC_UNREACHABLE_CODE. unreachable code at i0 line 1 : 0 expected:&lt;0&gt; but was:&lt;1&gt;<br>
<br>
<code>junit.framework.AssertionFailedError: Expected no warnings or errors<br>Errors: <br>Warnings: <br>JSC_UNREACHABLE_CODE. unreachable code at i0 line 1 : 0 expected:&lt;0&gt; but was:&lt;1&gt;<br>	at com.google.javascript.jscomp.IntegrationTestCase.test(IntegrationTestCase.java:97)<br>	at com.google.javascript.jscomp.IntegrationTestCase.testSame(IntegrationTestCase.java:78)<br>	at com.google.javascript.jscomp.IntegrationTestCase.testSame(IntegrationTestCase.java:74)<br>	at com.google.javascript.jscomp.IntegrationTest.testLanguageMode2(IntegrationTest.java:1932)<br>
</code></td><td>0.001</td>
</tr>
<tr valign="top" class="Error">
<td><a name="testIssue598"></a>testIssue598</td><td>Error</td><td>INTERNAL COMPILER ERROR.
Please report this problem.

null
  Node(FUNCTION App): i0:2:0
function App() {}
  Parent(SCRIPT): i0:1:0
'use strict';
<br>
<br>
<code>java.lang.RuntimeException: INTERNAL COMPILER ERROR.<br>Please report this problem.<br>
<br>null<br>  Node(FUNCTION App): i0:2:0<br>function App() {}<br>  Parent(SCRIPT): i0:1:0<br>'use strict';<br>
<br>	at com.google.javascript.jscomp.CheckGlobalThis.shouldTraverse(CheckGlobalThis.java:94)<br>	at com.google.javascript.jscomp.CombinedCompilerPass$CallbackWrapper.shouldTraverseIfActive(CombinedCompilerPass.java:130)<br>	at com.google.javascript.jscomp.CombinedCompilerPass.shouldTraverse(CombinedCompilerPass.java:165)<br>	at com.google.javascript.jscomp.NodeTraversal.traverseBranch(NodeTraversal.java:557)<br>	at com.google.javascript.jscomp.NodeTraversal.traverseBranch(NodeTraversal.java:570)<br>	at com.google.javascript.jscomp.NodeTraversal.traverseBranch(NodeTraversal.java:570)<br>	at com.google.javascript.jscomp.NodeTraversal.traverse(NodeTraversal.java:289)<br>	at com.google.javascript.jscomp.NodeTraversal.traverse(NodeTraversal.java:528)<br>	at com.google.javascript.jscomp.CombinedCompilerPass.process(CombinedCompilerPass.java:154)<br>	at com.google.javascript.jscomp.PhaseOptimizer$NamedPass.process(PhaseOptimizer.java:285)<br>	at com.google.javascript.jscomp.PhaseOptimizer.process(PhaseOptimizer.java:217)<br>	at com.google.javascript.jscomp.Compiler.check(Compiler.java:844)<br>	at com.google.javascript.jscomp.Compiler.compileInternal(Compiler.java:757)<br>	at com.google.javascript.jscomp.Compiler.access$000(Compiler.java:95)<br>	at com.google.javascript.jscomp.Compiler$3.call(Compiler.java:656)<br>	at com.google.javascript.jscomp.Compiler$3.call(Compiler.java:653)<br>	at com.google.javascript.jscomp.Compiler$4.call(Compiler.java:700)<br>	at java.util.concurrent.FutureTask.run(FutureTask.java:262)<br>	at java.util.concurrent.ThreadPoolExecutor.runWorker(ThreadPoolExecutor.java:1145)<br>	at java.util.concurrent.ThreadPoolExecutor$Worker.run(ThreadPoolExecutor.java:615)<br>	at java.lang.Thread.run(Thread.java:745)<br>Caused by: java.lang.NullPointerException<br>
</code></td><td>0.002</td>
</tr>
<tr valign="top" class="Error">
<td><a name="testCheckStrictMode"></a>testCheckStrictMode</td><td>Error</td><td>INTERNAL COMPILER ERROR.
Please report this problem.

null
  Node(FUNCTION App): i0:1:0
function App() {}
  Parent(SCRIPT): i0:1:0
function App() {}
<br>
<br>
<code>java.lang.RuntimeException: INTERNAL COMPILER ERROR.<br>Please report this problem.<br>
<br>null<br>  Node(FUNCTION App): i0:1:0<br>function App() {}<br>  Parent(SCRIPT): i0:1:0<br>function App() {}<br>
<br>	at com.google.javascript.jscomp.CheckGlobalThis.shouldTraverse(CheckGlobalThis.java:94)<br>	at com.google.javascript.jscomp.CombinedCompilerPass$CallbackWrapper.shouldTraverseIfActive(CombinedCompilerPass.java:130)<br>	at com.google.javascript.jscomp.CombinedCompilerPass.shouldTraverse(CombinedCompilerPass.java:165)<br>	at com.google.javascript.jscomp.NodeTraversal.traverseBranch(NodeTraversal.java:557)<br>	at com.google.javascript.jscomp.NodeTraversal.traverseBranch(NodeTraversal.java:570)<br>	at com.google.javascript.jscomp.NodeTraversal.traverseBranch(NodeTraversal.java:570)<br>	at com.google.javascript.jscomp.NodeTraversal.traverse(NodeTraversal.java:289)<br>	at com.google.javascript.jscomp.NodeTraversal.traverse(NodeTraversal.java:528)<br>	at com.google.javascript.jscomp.CombinedCompilerPass.process(CombinedCompilerPass.java:154)<br>	at com.google.javascript.jscomp.PhaseOptimizer$NamedPass.process(PhaseOptimizer.java:285)<br>	at com.google.javascript.jscomp.PhaseOptimizer.process(PhaseOptimizer.java:217)<br>	at com.google.javascript.jscomp.Compiler.check(Compiler.java:844)<br>	at com.google.javascript.jscomp.Compiler.compileInternal(Compiler.java:757)<br>	at com.google.javascript.jscomp.Compiler.access$000(Compiler.java:95)<br>	at com.google.javascript.jscomp.Compiler$3.call(Compiler.java:656)<br>	at com.google.javascript.jscomp.Compiler$3.call(Compiler.java:653)<br>	at com.google.javascript.jscomp.Compiler$4.call(Compiler.java:700)<br>	at java.util.concurrent.FutureTask.run(FutureTask.java:262)<br>	at java.util.concurrent.ThreadPoolExecutor.runWorker(ThreadPoolExecutor.java:1145)<br>	at java.util.concurrent.ThreadPoolExecutor$Worker.run(ThreadPoolExecutor.java:615)<br>	at java.lang.Thread.run(Thread.java:745)<br>Caused by: java.lang.NullPointerException<br>
</code></td><td>0.001</td>
</tr>
<tr valign="top" class="Failure">
<td><a name="testIssue701"></a>testIssue701</td><td>Failure</td><td>Expected no warnings or errors
Errors: 
Warnings: 
JSC_UNREACHABLE_CODE. unreachable code at i0 line 6 : 2 expected:&lt;0&gt; but was:&lt;1&gt;<br>
<br>
<code>junit.framework.AssertionFailedError: Expected no warnings or errors<br>Errors: <br>Warnings: <br>JSC_UNREACHABLE_CODE. unreachable code at i0 line 6 : 2 expected:&lt;0&gt; but was:&lt;1&gt;<br>	at com.google.javascript.jscomp.IntegrationTestCase.test(IntegrationTestCase.java:97)<br>	at com.google.javascript.jscomp.IntegrationTestCase.testSame(IntegrationTestCase.java:78)<br>	at com.google.javascript.jscomp.IntegrationTestCase.testSame(IntegrationTestCase.java:74)<br>	at com.google.javascript.jscomp.IntegrationTest.testIssue701(IntegrationTest.java:1999)<br>
</code></td><td>0.002</td>
</tr>
<tr valign="top" class="Error">
<td><a name="testIssue730"></a>testIssue730</td><td>Error</td><td>INTERNAL COMPILER ERROR.
Please report this problem.

null
  Node(FUNCTION ): i0:3:22
B.prototype.dostuff = function() {this.a.foo++;alert('hi');}
  Parent(ASSIGN): i0:3:0
B.prototype.dostuff = function() {this.a.foo++;alert('hi');}
<br>
<br>
<code>java.lang.RuntimeException: INTERNAL COMPILER ERROR.<br>Please report this problem.<br>
<br>null<br>  Node(FUNCTION ): i0:3:22<br>B.prototype.dostuff = function() {this.a.foo++;alert('hi');}<br>  Parent(ASSIGN): i0:3:0<br>B.prototype.dostuff = function() {this.a.foo++;alert('hi');}<br>
<br>	at com.google.javascript.jscomp.CheckGlobalThis.shouldTraverse(CheckGlobalThis.java:94)<br>	at com.google.javascript.jscomp.CombinedCompilerPass$CallbackWrapper.shouldTraverseIfActive(CombinedCompilerPass.java:130)<br>	at com.google.javascript.jscomp.CombinedCompilerPass.shouldTraverse(CombinedCompilerPass.java:165)<br>	at com.google.javascript.jscomp.NodeTraversal.traverseBranch(NodeTraversal.java:557)<br>	at com.google.javascript.jscomp.NodeTraversal.traverseBranch(NodeTraversal.java:570)<br>	at com.google.javascript.jscomp.NodeTraversal.traverseBranch(NodeTraversal.java:570)<br>	at com.google.javascript.jscomp.NodeTraversal.traverseBranch(NodeTraversal.java:570)<br>	at com.google.javascript.jscomp.NodeTraversal.traverseBranch(NodeTraversal.java:570)<br>	at com.google.javascript.jscomp.NodeTraversal.traverse(NodeTraversal.java:289)<br>	at com.google.javascript.jscomp.NodeTraversal.traverse(NodeTraversal.java:528)<br>	at com.google.javascript.jscomp.CombinedCompilerPass.process(CombinedCompilerPass.java:154)<br>	at com.google.javascript.jscomp.PhaseOptimizer$NamedPass.process(PhaseOptimizer.java:285)<br>	at com.google.javascript.jscomp.PhaseOptimizer.process(PhaseOptimizer.java:217)<br>	at com.google.javascript.jscomp.Compiler.check(Compiler.java:844)<br>	at com.google.javascript.jscomp.Compiler.compileInternal(Compiler.java:757)<br>	at com.google.javascript.jscomp.Compiler.access$000(Compiler.java:95)<br>	at com.google.javascript.jscomp.Compiler$3.call(Compiler.java:656)<br>	at com.google.javascript.jscomp.Compiler$3.call(Compiler.java:653)<br>	at com.google.javascript.jscomp.Compiler$4.call(Compiler.java:700)<br>	at java.util.concurrent.FutureTask.run(FutureTask.java:262)<br>	at java.util.concurrent.ThreadPoolExecutor.runWorker(ThreadPoolExecutor.java:1145)<br>	at java.util.concurrent.ThreadPoolExecutor$Worker.run(ThreadPoolExecutor.java:615)<br>	at java.lang.Thread.run(Thread.java:745)<br>Caused by: java.lang.NullPointerException<br>
</code></td><td>0.002</td>
</tr>
<tr valign="top" class="Error">
<td><a name="testAddFunctionProperties1"></a>testAddFunctionProperties1</td><td>Error</td><td>INTERNAL COMPILER ERROR.
Please report this problem.

null
  Node(FUNCTION ): i0:1:31
var Foo = {};var addFuncProp = function(o) {  o.f = function() {}};addFuncProp(Foo);alert(Foo.f());
  Parent(NAME addFuncProp): i0:1:17
var Foo = {};var addFuncProp = function(o) {  o.f = function() {}};addFuncProp(Foo);alert(Foo.f());
<br>
<br>
<code>java.lang.RuntimeException: INTERNAL COMPILER ERROR.<br>Please report this problem.<br>
<br>null<br>  Node(FUNCTION ): i0:1:31<br>var Foo = {};var addFuncProp = function(o) {  o.f = function() {}};addFuncProp(Foo);alert(Foo.f());<br>  Parent(NAME addFuncProp): i0:1:17<br>var Foo = {};var addFuncProp = function(o) {  o.f = function() {}};addFuncProp(Foo);alert(Foo.f());<br>
<br>	at com.google.javascript.jscomp.CheckGlobalThis.shouldTraverse(CheckGlobalThis.java:94)<br>	at com.google.javascript.jscomp.CombinedCompilerPass$CallbackWrapper.shouldTraverseIfActive(CombinedCompilerPass.java:130)<br>	at com.google.javascript.jscomp.CombinedCompilerPass.shouldTraverse(CombinedCompilerPass.java:165)<br>	at com.google.javascript.jscomp.NodeTraversal.traverseBranch(NodeTraversal.java:557)<br>	at com.google.javascript.jscomp.NodeTraversal.traverseBranch(NodeTraversal.java:570)<br>	at com.google.javascript.jscomp.NodeTraversal.traverseBranch(NodeTraversal.java:570)<br>	at com.google.javascript.jscomp.NodeTraversal.traverseBranch(NodeTraversal.java:570)<br>	at com.google.javascript.jscomp.NodeTraversal.traverseBranch(NodeTraversal.java:570)<br>	at com.google.javascript.jscomp.NodeTraversal.traverse(NodeTraversal.java:289)<br>	at com.google.javascript.jscomp.NodeTraversal.traverse(NodeTraversal.java:528)<br>	at com.google.javascript.jscomp.CombinedCompilerPass.process(CombinedCompilerPass.java:154)<br>	at com.google.javascript.jscomp.PhaseOptimizer$NamedPass.process(PhaseOptimizer.java:285)<br>	at com.google.javascript.jscomp.PhaseOptimizer.process(PhaseOptimizer.java:217)<br>	at com.google.javascript.jscomp.Compiler.check(Compiler.java:844)<br>	at com.google.javascript.jscomp.Compiler.compileInternal(Compiler.java:757)<br>	at com.google.javascript.jscomp.Compiler.access$000(Compiler.java:95)<br>	at com.google.javascript.jscomp.Compiler$3.call(Compiler.java:656)<br>	at com.google.javascript.jscomp.Compiler$3.call(Compiler.java:653)<br>	at com.google.javascript.jscomp.Compiler$4.call(Compiler.java:700)<br>	at java.util.concurrent.FutureTask.run(FutureTask.java:262)<br>	at java.util.concurrent.ThreadPoolExecutor.runWorker(ThreadPoolExecutor.java:1145)<br>	at java.util.concurrent.ThreadPoolExecutor$Worker.run(ThreadPoolExecutor.java:615)<br>	at java.lang.Thread.run(Thread.java:745)<br>Caused by: java.lang.NullPointerException<br>
</code></td><td>0.001</td>
</tr>
<tr valign="top" class="Failure">
<td><a name="testAddFunctionProperties2"></a>testAddFunctionProperties2</td><td>Failure</td><td>Expected no warnings or errors
Errors: 
Warnings: 
JSC_UNREACHABLE_CODE. unreachable code at i0 line 1 : 20 expected:&lt;0&gt; but was:&lt;1&gt;<br>
<br>
<code>junit.framework.AssertionFailedError: Expected no warnings or errors<br>Errors: <br>Warnings: <br>JSC_UNREACHABLE_CODE. unreachable code at i0 line 1 : 20 expected:&lt;0&gt; but was:&lt;1&gt;<br>	at com.google.javascript.jscomp.IntegrationTestCase.test(IntegrationTestCase.java:97)<br>	at com.google.javascript.jscomp.IntegrationTestCase.test(IntegrationTestCase.java:87)<br>	at com.google.javascript.jscomp.IntegrationTest.testAddFunctionProperties2(IntegrationTest.java:2085)<br>
</code></td><td>0.011</td>
</tr>
<tr valign="top" class="Failure">
<td><a name="testAddFunctionProperties3"></a>testAddFunctionProperties3</td><td>Failure</td><td>Expected no warnings or errors
Errors: 
Warnings: 
JSC_UNREACHABLE_CODE. unreachable code at i0 line 1 : 20 expected:&lt;0&gt; but was:&lt;1&gt;<br>
<br>
<code>junit.framework.AssertionFailedError: Expected no warnings or errors<br>Errors: <br>Warnings: <br>JSC_UNREACHABLE_CODE. unreachable code at i0 line 1 : 20 expected:&lt;0&gt; but was:&lt;1&gt;<br>	at com.google.javascript.jscomp.IntegrationTestCase.test(IntegrationTestCase.java:97)<br>	at com.google.javascript.jscomp.IntegrationTestCase.test(IntegrationTestCase.java:87)<br>	at com.google.javascript.jscomp.IntegrationTest.testAddFunctionProperties3(IntegrationTest.java:2107)<br>
</code></td><td>0.008</td>
</tr>
<tr valign="top" class="Error">
<td><a name="testAddFunctionProperties4"></a>testAddFunctionProperties4</td><td>Error</td><td>INTERNAL COMPILER ERROR.
Please report this problem.

null
  Node(FUNCTION ): i0:1:83
/** @constructor */var Foo = function() {};var goog = {};goog.addSingletonGetter = function(o) {  o.f = function() {    o.i = new o;  };};goog.addSingletonGetter(Foo);alert(Foo.f());
  Parent(ASSIGN): i0:1:57
/** @constructor */var Foo = function() {};var goog = {};goog.addSingletonGetter = function(o) {  o.f = function() {    o.i = new o;  };};goog.addSingletonGetter(Foo);alert(Foo.f());
<br>
<br>
<code>java.lang.RuntimeException: INTERNAL COMPILER ERROR.<br>Please report this problem.<br>
<br>null<br>  Node(FUNCTION ): i0:1:83<br>/** @constructor */var Foo = function() {};var goog = {};goog.addSingletonGetter = function(o) {  o.f = function() {    o.i = new o;  };};goog.addSingletonGetter(Foo);alert(Foo.f());<br>  Parent(ASSIGN): i0:1:57<br>/** @constructor */var Foo = function() {};var goog = {};goog.addSingletonGetter = function(o) {  o.f = function() {    o.i = new o;  };};goog.addSingletonGetter(Foo);alert(Foo.f());<br>
<br>	at com.google.javascript.jscomp.CheckGlobalThis.shouldTraverse(CheckGlobalThis.java:94)<br>	at com.google.javascript.jscomp.CombinedCompilerPass$CallbackWrapper.shouldTraverseIfActive(CombinedCompilerPass.java:130)<br>	at com.google.javascript.jscomp.CombinedCompilerPass.shouldTraverse(CombinedCompilerPass.java:165)<br>	at com.google.javascript.jscomp.NodeTraversal.traverseBranch(NodeTraversal.java:557)<br>	at com.google.javascript.jscomp.NodeTraversal.traverseBranch(NodeTraversal.java:570)<br>	at com.google.javascript.jscomp.NodeTraversal.traverseBranch(NodeTraversal.java:570)<br>	at com.google.javascript.jscomp.NodeTraversal.traverseBranch(NodeTraversal.java:570)<br>	at com.google.javascript.jscomp.NodeTraversal.traverseBranch(NodeTraversal.java:570)<br>	at com.google.javascript.jscomp.NodeTraversal.traverse(NodeTraversal.java:289)<br>	at com.google.javascript.jscomp.NodeTraversal.traverse(NodeTraversal.java:528)<br>	at com.google.javascript.jscomp.CombinedCompilerPass.process(CombinedCompilerPass.java:154)<br>	at com.google.javascript.jscomp.PhaseOptimizer$NamedPass.process(PhaseOptimizer.java:285)<br>	at com.google.javascript.jscomp.PhaseOptimizer.process(PhaseOptimizer.java:217)<br>	at com.google.javascript.jscomp.Compiler.check(Compiler.java:844)<br>	at com.google.javascript.jscomp.Compiler.compileInternal(Compiler.java:757)<br>	at com.google.javascript.jscomp.Compiler.access$000(Compiler.java:95)<br>	at com.google.javascript.jscomp.Compiler$3.call(Compiler.java:656)<br>	at com.google.javascript.jscomp.Compiler$3.call(Compiler.java:653)<br>	at com.google.javascript.jscomp.Compiler$4.call(Compiler.java:700)<br>	at java.util.concurrent.FutureTask.run(FutureTask.java:262)<br>	at java.util.concurrent.ThreadPoolExecutor.runWorker(ThreadPoolExecutor.java:1145)<br>	at java.util.concurrent.ThreadPoolExecutor$Worker.run(ThreadPoolExecutor.java:615)<br>	at java.lang.Thread.run(Thread.java:745)<br>Caused by: java.lang.NullPointerException<br>
</code></td><td>0.002</td>
</tr>
<tr valign="top" class="TableRowColor">
<td><a name="testCoaleseVariables"></a>testCoaleseVariables</td><td>Success</td><td></td><td>0.006</td>
</tr>
<tr valign="top" class="Failure">
<td><a name="testLateStatementFusion"></a>testLateStatementFusion</td><td>Failure</td><td>Expected no warnings or errors
Errors: 
Warnings: 
JSC_UNREACHABLE_CODE. unreachable code at i0 line 1 : 0 expected:&lt;0&gt; but was:&lt;1&gt;<br>
<br>
<code>junit.framework.AssertionFailedError: Expected no warnings or errors<br>Errors: <br>Warnings: <br>JSC_UNREACHABLE_CODE. unreachable code at i0 line 1 : 0 expected:&lt;0&gt; but was:&lt;1&gt;<br>	at com.google.javascript.jscomp.IntegrationTestCase.test(IntegrationTestCase.java:97)<br>	at com.google.javascript.jscomp.IntegrationTestCase.test(IntegrationTestCase.java:87)<br>	at com.google.javascript.jscomp.IntegrationTest.testLateStatementFusion(IntegrationTest.java:2200)<br>
</code></td><td>0.002</td>
</tr>
<tr valign="top" class="Failure">
<td><a name="testLateConstantReordering"></a>testLateConstantReordering</td><td>Failure</td><td>Expected no warnings or errors
Errors: 
Warnings: 
JSC_UNREACHABLE_CODE. unreachable code at i0 line 1 : 0 expected:&lt;0&gt; but was:&lt;1&gt;<br>
<br>
<code>junit.framework.AssertionFailedError: Expected no warnings or errors<br>Errors: <br>Warnings: <br>JSC_UNREACHABLE_CODE. unreachable code at i0 line 1 : 0 expected:&lt;0&gt; but was:&lt;1&gt;<br>	at com.google.javascript.jscomp.IntegrationTestCase.test(IntegrationTestCase.java:97)<br>	at com.google.javascript.jscomp.IntegrationTestCase.test(IntegrationTestCase.java:87)<br>	at com.google.javascript.jscomp.IntegrationTest.testLateConstantReordering(IntegrationTest.java:2206)<br>
</code></td><td>0.003</td>
</tr>
<tr valign="top" class="Failure">
<td><a name="testsyntheticBlockOnDeadAssignments"></a>testsyntheticBlockOnDeadAssignments</td><td>Failure</td><td>Expected no warnings or errors
Errors: 
JSC_CONSTANT_REASSIGNED_VALUE_ERROR. constant x assigned a value more than once.
Original definition at i0:1 at i0 line 1 : 23Warnings: 
JSC_UNREACHABLE_CODE. unreachable code at i0 line 1 : 0 expected:&lt;0&gt; but was:&lt;2&gt;<br>
<br>
<code>junit.framework.AssertionFailedError: Expected no warnings or errors<br>Errors: <br>Original definition at i0:1 at i0 line 1 : 23Warnings: <br>JSC_UNREACHABLE_CODE. unreachable code at i0 line 1 : 0 expected:&lt;0&gt; but was:&lt;2&gt;<br>	at com.google.javascript.jscomp.IntegrationTestCase.test(IntegrationTestCase.java:97)<br>	at com.google.javascript.jscomp.IntegrationTestCase.test(IntegrationTestCase.java:87)<br>	at com.google.javascript.jscomp.IntegrationTest.testsyntheticBlockOnDeadAssignments(IntegrationTest.java:2216)<br>
</code></td><td>0.002</td>
</tr>
<tr valign="top" class="Failure">
<td><a name="testBug4152835"></a>testBug4152835</td><td>Failure</td><td>Expected no warnings or errors
Errors: 
Warnings: 
JSC_UNREACHABLE_CODE. unreachable code at i0 line 1 : 0 expected:&lt;0&gt; but was:&lt;1&gt;<br>
<br>
<code>junit.framework.AssertionFailedError: Expected no warnings or errors<br>Errors: <br>Warnings: <br>JSC_UNREACHABLE_CODE. unreachable code at i0 line 1 : 0 expected:&lt;0&gt; but was:&lt;1&gt;<br>	at com.google.javascript.jscomp.IntegrationTestCase.test(IntegrationTestCase.java:97)<br>	at com.google.javascript.jscomp.IntegrationTestCase.test(IntegrationTestCase.java:87)<br>	at com.google.javascript.jscomp.IntegrationTest.testBug4152835(IntegrationTest.java:2225)<br>
</code></td><td>0.002</td>
</tr>
<tr valign="top" class="Failure">
<td><a name="testNoFuseIntoSyntheticBlock"></a>testNoFuseIntoSyntheticBlock</td><td>Failure</td><td>Expected no warnings or errors
Errors: 
Warnings: 
JSC_UNREACHABLE_CODE. unreachable code at i0 line 1 : 0 expected:&lt;0&gt; but was:&lt;1&gt;<br>
<br>
<code>junit.framework.AssertionFailedError: Expected no warnings or errors<br>Errors: <br>Warnings: <br>JSC_UNREACHABLE_CODE. unreachable code at i0 line 1 : 0 expected:&lt;0&gt; but was:&lt;1&gt;<br>	at com.google.javascript.jscomp.IntegrationTestCase.test(IntegrationTestCase.java:97)<br>	at com.google.javascript.jscomp.IntegrationTestCase.testSame(IntegrationTestCase.java:78)<br>	at com.google.javascript.jscomp.IntegrationTestCase.testSame(IntegrationTestCase.java:74)<br>	at com.google.javascript.jscomp.IntegrationTest.testNoFuseIntoSyntheticBlock(IntegrationTest.java:2234)<br>
</code></td><td>0.003</td>
</tr>
<tr valign="top" class="Failure">
<td><a name="testBug5786871"></a>testBug5786871</td><td>Failure</td><td>Unexpected warnings: JSC_UNREACHABLE_CODE. unreachable code at i0 line 1 : 0 expected:&lt;0&gt; but was:&lt;1&gt;<br>
<br>
<code>junit.framework.AssertionFailedError: Unexpected warnings: JSC_UNREACHABLE_CODE. unreachable code at i0 line 1 : 0 expected:&lt;0&gt; but was:&lt;1&gt;<br>	at com.google.javascript.jscomp.IntegrationTestCase.testParseError(IntegrationTestCase.java:174)<br>	at com.google.javascript.jscomp.IntegrationTestCase.testParseError(IntegrationTestCase.java:160)<br>	at com.google.javascript.jscomp.IntegrationTest.testBug5786871(IntegrationTest.java:2245)<br>
</code></td><td>0.002</td>
</tr>
<tr valign="top" class="Failure">
<td><a name="testIssue378"></a>testIssue378</td><td>Failure</td><td>Expected no warnings or errors
Errors: 
Warnings: 
JSC_UNREACHABLE_CODE. unreachable code at i0 line 1 : 0 expected:&lt;0&gt; but was:&lt;1&gt;<br>
<br>
<code>junit.framework.AssertionFailedError: Expected no warnings or errors<br>Errors: <br>Warnings: <br>JSC_UNREACHABLE_CODE. unreachable code at i0 line 1 : 0 expected:&lt;0&gt; but was:&lt;1&gt;<br>	at com.google.javascript.jscomp.IntegrationTestCase.test(IntegrationTestCase.java:97)<br>	at com.google.javascript.jscomp.IntegrationTestCase.testSame(IntegrationTestCase.java:78)<br>	at com.google.javascript.jscomp.IntegrationTestCase.testSame(IntegrationTestCase.java:74)<br>	at com.google.javascript.jscomp.IntegrationTest.testIssue378(IntegrationTest.java:2252)<br>
</code></td><td>0.003</td>
</tr>
<tr valign="top" class="Failure">
<td><a name="testIssue550"></a>testIssue550</td><td>Failure</td><td>Expected no warnings or errors
Errors: 
JSC_CONSTANT_REASSIGNED_VALUE_ERROR. constant a assigned a value more than once.
Original definition at i0:2 at i0 line 3 : 2
JSC_CONSTANT_REASSIGNED_VALUE_ERROR. constant a assigned a value more than once.
Original definition at i0:2 at i0 line 4 : 2Warnings: 
JSC_UNREACHABLE_CODE. unreachable code at i0 line 1 : 0 expected:&lt;0&gt; but was:&lt;3&gt;<br>
<br>
<code>junit.framework.AssertionFailedError: Expected no warnings or errors<br>Errors: <br>Original definition at i0:2 at i0 line 3 : 2<br>Original definition at i0:2 at i0 line 4 : 2Warnings: <br>JSC_UNREACHABLE_CODE. unreachable code at i0 line 1 : 0 expected:&lt;0&gt; but was:&lt;3&gt;<br>	at com.google.javascript.jscomp.IntegrationTestCase.test(IntegrationTestCase.java:97)<br>	at com.google.javascript.jscomp.IntegrationTestCase.test(IntegrationTestCase.java:87)<br>	at com.google.javascript.jscomp.IntegrationTest.testIssue550(IntegrationTest.java:2265)<br>
</code></td><td>0.002</td>
</tr>
<tr valign="top" class="TableRowColor">
<td><a name="testIssue1168"></a>testIssue1168</td><td>Success</td><td></td><td>0.006</td>
</tr>
<tr valign="top" class="TableRowColor">
<td><a name="testIssue1198"></a>testIssue1198</td><td>Success</td><td></td><td>0.005</td>
</tr>
<tr valign="top" class="Error">
<td><a name="testIssue1131"></a>testIssue1131</td><td>Error</td><td>INTERNAL COMPILER ERROR.
Please report this problem.

null
  Node(FUNCTION f): i0:1:0
function f(k) { return k(k); } alert(f(f));
  Parent(SCRIPT): i0:1:0
function f(k) { return k(k); } alert(f(f));
<br>
<br>
<code>java.lang.RuntimeException: INTERNAL COMPILER ERROR.<br>Please report this problem.<br>
<br>null<br>  Node(FUNCTION f): i0:1:0<br>function f(k) { return k(k); } alert(f(f));<br>  Parent(SCRIPT): i0:1:0<br>function f(k) { return k(k); } alert(f(f));<br>
<br>	at com.google.javascript.jscomp.CheckGlobalThis.shouldTraverse(CheckGlobalThis.java:94)<br>	at com.google.javascript.jscomp.CombinedCompilerPass$CallbackWrapper.shouldTraverseIfActive(CombinedCompilerPass.java:130)<br>	at com.google.javascript.jscomp.CombinedCompilerPass.shouldTraverse(CombinedCompilerPass.java:165)<br>	at com.google.javascript.jscomp.NodeTraversal.traverseBranch(NodeTraversal.java:557)<br>	at com.google.javascript.jscomp.NodeTraversal.traverseBranch(NodeTraversal.java:570)<br>	at com.google.javascript.jscomp.NodeTraversal.traverseBranch(NodeTraversal.java:570)<br>	at com.google.javascript.jscomp.NodeTraversal.traverse(NodeTraversal.java:289)<br>	at com.google.javascript.jscomp.NodeTraversal.traverse(NodeTraversal.java:528)<br>	at com.google.javascript.jscomp.CombinedCompilerPass.process(CombinedCompilerPass.java:154)<br>	at com.google.javascript.jscomp.PhaseOptimizer$NamedPass.process(PhaseOptimizer.java:285)<br>	at com.google.javascript.jscomp.PhaseOptimizer.process(PhaseOptimizer.java:217)<br>	at com.google.javascript.jscomp.Compiler.check(Compiler.java:844)<br>	at com.google.javascript.jscomp.Compiler.compileInternal(Compiler.java:757)<br>	at com.google.javascript.jscomp.Compiler.access$000(Compiler.java:95)<br>	at com.google.javascript.jscomp.Compiler$3.call(Compiler.java:656)<br>	at com.google.javascript.jscomp.Compiler$3.call(Compiler.java:653)<br>	at com.google.javascript.jscomp.Compiler$4.call(Compiler.java:700)<br>	at java.util.concurrent.FutureTask.run(FutureTask.java:262)<br>	at java.util.concurrent.ThreadPoolExecutor.runWorker(ThreadPoolExecutor.java:1145)<br>	at java.util.concurrent.ThreadPoolExecutor$Worker.run(ThreadPoolExecutor.java:615)<br>	at java.lang.Thread.run(Thread.java:745)<br>Caused by: java.lang.NullPointerException<br>
</code></td><td>0.001</td>
</tr>
<tr valign="top" class="Failure">
<td><a name="testIssue284"></a>testIssue284</td><td>Failure</td><td>Expected no warnings or errors
Errors: 
Warnings: 
JSC_UNREACHABLE_CODE. unreachable code at i0 line 1 : 0 expected:&lt;0&gt; but was:&lt;1&gt;<br>
<br>
<code>junit.framework.AssertionFailedError: Expected no warnings or errors<br>Errors: <br>Warnings: <br>JSC_UNREACHABLE_CODE. unreachable code at i0 line 1 : 0 expected:&lt;0&gt; but was:&lt;1&gt;<br>	at com.google.javascript.jscomp.IntegrationTestCase.test(IntegrationTestCase.java:97)<br>	at com.google.javascript.jscomp.IntegrationTestCase.test(IntegrationTestCase.java:87)<br>	at com.google.javascript.jscomp.IntegrationTest.testIssue284(IntegrationTest.java:2313)<br>
</code></td><td>0.003</td>
</tr>
<tr valign="top" class="Failure">
<td><a name="testIssue772"></a>testIssue772</td><td>Failure</td><td>Expected no warnings or errors
Errors: 
Warnings: 
JSC_UNREACHABLE_CODE. unreachable code at i0 line 1 : 14 expected:&lt;0&gt; but was:&lt;1&gt;<br>
<br>
<code>junit.framework.AssertionFailedError: Expected no warnings or errors<br>Errors: <br>Warnings: <br>JSC_UNREACHABLE_CODE. unreachable code at i0 line 1 : 14 expected:&lt;0&gt; but was:&lt;1&gt;<br>	at com.google.javascript.jscomp.IntegrationTestCase.test(IntegrationTestCase.java:97)<br>	at com.google.javascript.jscomp.IntegrationTestCase.test(IntegrationTestCase.java:87)<br>	at com.google.javascript.jscomp.IntegrationTest.testIssue772(IntegrationTest.java:2333)<br>
</code></td><td>0.004</td>
</tr>
<tr valign="top" class="Failure">
<td><a name="testSuppressBadGoogRequire"></a>testSuppressBadGoogRequire</td><td>Failure</td><td>Expected no warnings or errors
Errors: 
Warnings: 
JSC_UNREACHABLE_CODE. unreachable code at i0 line 2 : 0 expected:&lt;0&gt; but was:&lt;1&gt;<br>
<br>
<code>junit.framework.AssertionFailedError: Expected no warnings or errors<br>Errors: <br>Warnings: <br>JSC_UNREACHABLE_CODE. unreachable code at i0 line 2 : 0 expected:&lt;0&gt; but was:&lt;1&gt;<br>	at com.google.javascript.jscomp.IntegrationTestCase.test(IntegrationTestCase.java:97)<br>	at com.google.javascript.jscomp.IntegrationTestCase.test(IntegrationTestCase.java:87)<br>	at com.google.javascript.jscomp.IntegrationTest.testSuppressBadGoogRequire(IntegrationTest.java:2357)<br>
</code></td><td>0.004</td>
</tr>
<tr valign="top" class="Failure">
<td><a name="testIssue1204"></a>testIssue1204</td><td>Failure</td><td>Expected no warnings or errors
Errors: 
Warnings: 
JSC_UNREACHABLE_CODE. unreachable code at i0 line 1 : 0 expected:&lt;0&gt; but was:&lt;1&gt;<br>
<br>
<code>junit.framework.AssertionFailedError: Expected no warnings or errors<br>Errors: <br>Warnings: <br>JSC_UNREACHABLE_CODE. unreachable code at i0 line 1 : 0 expected:&lt;0&gt; but was:&lt;1&gt;<br>	at com.google.javascript.jscomp.IntegrationTestCase.test(IntegrationTestCase.java:97)<br>	at com.google.javascript.jscomp.IntegrationTestCase.test(IntegrationTestCase.java:87)<br>	at com.google.javascript.jscomp.IntegrationTest.testIssue1204(IntegrationTest.java:2372)<br>
</code></td><td>0.009</td>
</tr>
<tr valign="top" class="TableRowColor">
<td><a name="testCodingConvention"></a>testCodingConvention</td><td>Success</td><td></td><td>0.001</td>
</tr>
<tr valign="top" class="Failure">
<td><a name="testJQueryStringSplitLoops"></a>testJQueryStringSplitLoops</td><td>Failure</td><td>Expected no warnings or errors
Errors: 
Warnings: 
JSC_UNREACHABLE_CODE. unreachable code at i0 line 1 : 0 expected:&lt;0&gt; but was:&lt;1&gt;<br>
<br>
<code>junit.framework.AssertionFailedError: Expected no warnings or errors<br>Errors: <br>Warnings: <br>JSC_UNREACHABLE_CODE. unreachable code at i0 line 1 : 0 expected:&lt;0&gt; but was:&lt;1&gt;<br>	at com.google.javascript.jscomp.IntegrationTestCase.test(IntegrationTestCase.java:97)<br>	at com.google.javascript.jscomp.IntegrationTestCase.test(IntegrationTestCase.java:87)<br>	at com.google.javascript.jscomp.IntegrationTest.testJQueryStringSplitLoops(IntegrationTest.java:2391)<br>
</code></td><td>0.001</td>
</tr>
<tr valign="top" class="TableRowColor">
<td><a name="testAlwaysRunSafetyCheck"></a>testAlwaysRunSafetyCheck</td><td>Success</td><td></td><td>0.004</td>
</tr>
<tr valign="top" class="Failure">
<td><a name="testSuppressEs5StrictWarning"></a>testSuppressEs5StrictWarning</td><td>Failure</td><td>Expected no warnings or errors
Errors: 
Warnings: 
JSC_UNREACHABLE_CODE. unreachable code at i0 line 2 : 0 expected:&lt;0&gt; but was:&lt;1&gt;<br>
<br>
<code>junit.framework.AssertionFailedError: Expected no warnings or errors<br>Errors: <br>Warnings: <br>JSC_UNREACHABLE_CODE. unreachable code at i0 line 2 : 0 expected:&lt;0&gt; but was:&lt;1&gt;<br>	at com.google.javascript.jscomp.IntegrationTestCase.test(IntegrationTestCase.java:97)<br>	at com.google.javascript.jscomp.IntegrationTestCase.test(IntegrationTestCase.java:87)<br>	at com.google.javascript.jscomp.IntegrationTest.testSuppressEs5StrictWarning(IntegrationTest.java:2432)<br>
</code></td><td>0.002</td>
</tr>
<tr valign="top" class="Failure">
<td><a name="testCheckProvidesWarning"></a>testCheckProvidesWarning</td><td>Failure</td><td>Unexpected warnings or errors.
 Warning:JSC_UNREACHABLE_CODE. unreachable code at i0 line 2 : 0
Warning:JSC_MISSING_PROVIDE. missing goog.provide('f') at i0 line 2 : 9
 expected:&lt;1&gt; but was:&lt;2&gt;<br>
<br>
<code>junit.framework.AssertionFailedError: Unexpected warnings or errors.<br> Warning:JSC_UNREACHABLE_CODE. unreachable code at i0 line 2 : 0<br>Warning:JSC_MISSING_PROVIDE. missing goog.provide('f') at i0 line 2 : 9<br> expected:&lt;1&gt; but was:&lt;2&gt;<br>	at com.google.javascript.jscomp.IntegrationTestCase.checkUnexpectedErrorsOrWarnings(IntegrationTestCase.java:219)<br>	at com.google.javascript.jscomp.IntegrationTestCase.test(IntegrationTestCase.java:137)<br>	at com.google.javascript.jscomp.IntegrationTestCase.test(IntegrationTestCase.java:127)<br>	at com.google.javascript.jscomp.IntegrationTestCase.test(IntegrationTestCase.java:116)<br>	at com.google.javascript.jscomp.IntegrationTest.testCheckProvidesWarning(IntegrationTest.java:2443)<br>
</code></td><td>0.002</td>
</tr>
<tr valign="top" class="Failure">
<td><a name="testSuppressCheckProvidesWarning"></a>testSuppressCheckProvidesWarning</td><td>Failure</td><td>Expected no warnings or errors
Errors: 
Warnings: 
JSC_UNREACHABLE_CODE. unreachable code at i0 line 3 : 0 expected:&lt;0&gt; but was:&lt;1&gt;<br>
<br>
<code>junit.framework.AssertionFailedError: Expected no warnings or errors<br>Errors: <br>Warnings: <br>JSC_UNREACHABLE_CODE. unreachable code at i0 line 3 : 0 expected:&lt;0&gt; but was:&lt;1&gt;<br>	at com.google.javascript.jscomp.IntegrationTestCase.test(IntegrationTestCase.java:97)<br>	at com.google.javascript.jscomp.IntegrationTestCase.testSame(IntegrationTestCase.java:78)<br>	at com.google.javascript.jscomp.IntegrationTestCase.testSame(IntegrationTestCase.java:74)<br>	at com.google.javascript.jscomp.IntegrationTest.testSuppressCheckProvidesWarning(IntegrationTest.java:2455)<br>
</code></td><td>0.002</td>
</tr>
<tr valign="top" class="Failure">
<td><a name="testSuppressCastWarning"></a>testSuppressCastWarning</td><td>Failure</td><td>Unexpected warnings or errors.
 Warning:JSC_UNREACHABLE_CODE. unreachable code at i0 line 1 : 0
Warning:JSC_INVALID_CAST. invalid cast - must be a subtype or supertype
from: number
to  : string at i0 line 1 : 47
 expected:&lt;1&gt; but was:&lt;2&gt;<br>
<br>
<code>junit.framework.AssertionFailedError: Unexpected warnings or errors.<br> Warning:JSC_UNREACHABLE_CODE. unreachable code at i0 line 1 : 0<br>Warning:JSC_INVALID_CAST. invalid cast - must be a subtype or supertype<br>from: number<br>to  : string at i0 line 1 : 47<br> expected:&lt;1&gt; but was:&lt;2&gt;<br>	at com.google.javascript.jscomp.IntegrationTestCase.checkUnexpectedErrorsOrWarnings(IntegrationTestCase.java:219)<br>	at com.google.javascript.jscomp.IntegrationTestCase.test(IntegrationTestCase.java:137)<br>	at com.google.javascript.jscomp.IntegrationTestCase.test(IntegrationTestCase.java:127)<br>	at com.google.javascript.jscomp.IntegrationTestCase.test(IntegrationTestCase.java:116)<br>	at com.google.javascript.jscomp.IntegrationTest.testSuppressCastWarning(IntegrationTest.java:2467)<br>
</code></td><td>0.004</td>
</tr>
<tr valign="top" class="Failure">
<td><a name="testLhsCast"></a>testLhsCast</td><td>Failure</td><td>Expected no warnings or errors
Errors: 
Warnings: 
JSC_UNREACHABLE_CODE. unreachable code at i0 line 1 : 14 expected:&lt;0&gt; but was:&lt;1&gt;<br>
<br>
<code>junit.framework.AssertionFailedError: Expected no warnings or errors<br>Errors: <br>Warnings: <br>JSC_UNREACHABLE_CODE. unreachable code at i0 line 1 : 14 expected:&lt;0&gt; but was:&lt;1&gt;<br>	at com.google.javascript.jscomp.IntegrationTestCase.test(IntegrationTestCase.java:97)<br>	at com.google.javascript.jscomp.IntegrationTestCase.test(IntegrationTestCase.java:87)<br>	at com.google.javascript.jscomp.IntegrationTest.testLhsCast(IntegrationTest.java:2484)<br>
</code></td><td>0.002</td>
</tr>
<tr valign="top" class="Failure">
<td><a name="testRenamePrefix"></a>testRenamePrefix</td><td>Failure</td><td>Expected no warnings or errors
Errors: 
Warnings: 
JSC_UNREACHABLE_CODE. unreachable code at i0 line 1 : 0 expected:&lt;0&gt; but was:&lt;1&gt;<br>
<br>
<code>junit.framework.AssertionFailedError: Expected no warnings or errors<br>Errors: <br>Warnings: <br>JSC_UNREACHABLE_CODE. unreachable code at i0 line 1 : 0 expected:&lt;0&gt; but was:&lt;1&gt;<br>	at com.google.javascript.jscomp.IntegrationTestCase.test(IntegrationTestCase.java:97)<br>	at com.google.javascript.jscomp.IntegrationTestCase.test(IntegrationTestCase.java:87)<br>	at com.google.javascript.jscomp.IntegrationTest.testRenamePrefix(IntegrationTest.java:2497)<br>
</code></td><td>0.003</td>
</tr>
<tr valign="top" class="Failure">
<td><a name="testRenamePrefixNamespace"></a>testRenamePrefixNamespace</td><td>Failure</td><td>Expected no warnings or errors
Errors: 
Warnings: 
JSC_UNREACHABLE_CODE. unreachable code at i0 line 1 : 0 expected:&lt;0&gt; but was:&lt;1&gt;<br>
<br>
<code>junit.framework.AssertionFailedError: Expected no warnings or errors<br>Errors: <br>Warnings: <br>JSC_UNREACHABLE_CODE. unreachable code at i0 line 1 : 0 expected:&lt;0&gt; but was:&lt;1&gt;<br>	at com.google.javascript.jscomp.IntegrationTestCase.test(IntegrationTestCase.java:97)<br>	at com.google.javascript.jscomp.IntegrationTestCase.testSame(IntegrationTestCase.java:78)<br>	at com.google.javascript.jscomp.IntegrationTestCase.testSame(IntegrationTestCase.java:74)<br>	at com.google.javascript.jscomp.IntegrationTest.testRenamePrefixNamespace(IntegrationTest.java:2505)<br>
</code></td><td>0.002</td>
</tr>
<tr valign="top" class="Error">
<td><a name="testRenamePrefixNamespaceProtectSideEffects"></a>testRenamePrefixNamespaceProtectSideEffects</td><td>Error</td><td>Missing catch or finally for try statement.. Reference node:
TRY 1 [source_file: i0]
    BLOCK 1 [source_file: i0]
        EXPR_RESULT 1 [source_file: i0]
            POS 1 [source_file: i0]
                GETPROP 1 [source_file: i0]
                    NAME x 1 [is_constant_name: 1] [source_file: i0]
                    STRING FOO 1 [is_constant_name: 1] [source_file: i0]
    BLOCK 1 [source_file: i0]
        CATCH 1 [source_file: i0]
            NAME e 1 [is_constant_name: 1] [source_file: i0] [is_constant_var: 1]
            BLOCK 1 [source_file: i0]
<br>
<br>
<code>java.lang.IllegalStateException: Missing catch or finally for try statement.. Reference node:<br>TRY 1 [source_file: i0]<br>    BLOCK 1 [source_file: i0]<br>        EXPR_RESULT 1 [source_file: i0]<br>            POS 1 [source_file: i0]<br>                GETPROP 1 [source_file: i0]<br>                    NAME x 1 [is_constant_name: 1] [source_file: i0]<br>                    STRING FOO 1 [is_constant_name: 1] [source_file: i0]<br>    BLOCK 1 [source_file: i0]<br>        CATCH 1 [source_file: i0]<br>            NAME e 1 [is_constant_name: 1] [source_file: i0] [is_constant_var: 1]<br>            BLOCK 1 [source_file: i0]<br>
<br>	at com.google.javascript.jscomp.AstValidator$1.handleViolation(AstValidator.java:54)<br>	at com.google.javascript.jscomp.AstValidator.violation(AstValidator.java:1167)<br>	at com.google.javascript.jscomp.AstValidator.validateTry(AstValidator.java:888)<br>	at com.google.javascript.jscomp.AstValidator.validateStatement(AstValidator.java:142)<br>	at com.google.javascript.jscomp.AstValidator.validateScript(AstValidator.java:91)<br>	at com.google.javascript.jscomp.AstValidator.validateCodeRoot(AstValidator.java:82)<br>	at com.google.javascript.jscomp.AstValidator.process(AstValidator.java:66)<br>	at com.google.javascript.jscomp.PhaseOptimizer$NamedPass.process(PhaseOptimizer.java:285)<br>	at com.google.javascript.jscomp.PhaseOptimizer.process(PhaseOptimizer.java:217)<br>	at com.google.javascript.jscomp.Compiler.optimize(Compiler.java:1978)<br>	at com.google.javascript.jscomp.Compiler.compileInternal(Compiler.java:764)<br>	at com.google.javascript.jscomp.Compiler.access$000(Compiler.java:95)<br>	at com.google.javascript.jscomp.Compiler$3.call(Compiler.java:656)<br>	at com.google.javascript.jscomp.Compiler$3.call(Compiler.java:653)<br>	at com.google.javascript.jscomp.Compiler$4.call(Compiler.java:700)<br>	at java.util.concurrent.FutureTask.run(FutureTask.java:262)<br>	at java.util.concurrent.ThreadPoolExecutor.runWorker(ThreadPoolExecutor.java:1145)<br>	at java.util.concurrent.ThreadPoolExecutor$Worker.run(ThreadPoolExecutor.java:615)<br>	at java.lang.Thread.run(Thread.java:745)<br>
</code></td><td>0.002</td>
</tr>
<tr valign="top" class="Error">
<td><a name="testRenameCollision"></a>testRenameCollision</td><td>Error</td><td>Missing catch or finally for try statement.. Reference node:
TRY 5 [source_file: i0]
    BLOCK 5 [source_file: i0]
        EXPR_RESULT 6 [source_file: i0]
            CALL 6 [free_call: 1] [source_file: i0]
                COMMA 6 [source_file: i0]
                    NUMBER 0.0 6 [source_file: i0]
                    NAME use 6 [source_file: i0]
                GETPROP 6 [source_file: i0]
                    NAME x 6 [is_constant_name: 1] [source_file: i0]
                    STRING FOO 6 [is_constant_name: 1] [source_file: i0]
    BLOCK 7 [source_file: i0]
        CATCH 7 [source_file: i0]
            NAME e 7 [is_constant_name: 1] [source_file: i0] [is_constant_var: 1]
            BLOCK 7 [source_file: i0]
<br>
<br>
<code>java.lang.IllegalStateException: Missing catch or finally for try statement.. Reference node:<br>TRY 5 [source_file: i0]<br>    BLOCK 5 [source_file: i0]<br>        EXPR_RESULT 6 [source_file: i0]<br>            CALL 6 [free_call: 1] [source_file: i0]<br>                COMMA 6 [source_file: i0]<br>                    NUMBER 0.0 6 [source_file: i0]<br>                    NAME use 6 [source_file: i0]<br>                GETPROP 6 [source_file: i0]<br>                    NAME x 6 [is_constant_name: 1] [source_file: i0]<br>                    STRING FOO 6 [is_constant_name: 1] [source_file: i0]<br>    BLOCK 7 [source_file: i0]<br>        CATCH 7 [source_file: i0]<br>            NAME e 7 [is_constant_name: 1] [source_file: i0] [is_constant_var: 1]<br>            BLOCK 7 [source_file: i0]<br>
<br>	at com.google.javascript.jscomp.AstValidator$1.handleViolation(AstValidator.java:54)<br>	at com.google.javascript.jscomp.AstValidator.violation(AstValidator.java:1167)<br>	at com.google.javascript.jscomp.AstValidator.validateTry(AstValidator.java:888)<br>	at com.google.javascript.jscomp.AstValidator.validateStatement(AstValidator.java:142)<br>	at com.google.javascript.jscomp.AstValidator.validateScript(AstValidator.java:91)<br>	at com.google.javascript.jscomp.AstValidator.validateCodeRoot(AstValidator.java:82)<br>	at com.google.javascript.jscomp.AstValidator.process(AstValidator.java:66)<br>	at com.google.javascript.jscomp.PhaseOptimizer$NamedPass.process(PhaseOptimizer.java:285)<br>	at com.google.javascript.jscomp.PhaseOptimizer.process(PhaseOptimizer.java:217)<br>	at com.google.javascript.jscomp.Compiler.optimize(Compiler.java:1978)<br>	at com.google.javascript.jscomp.Compiler.compileInternal(Compiler.java:764)<br>	at com.google.javascript.jscomp.Compiler.access$000(Compiler.java:95)<br>	at com.google.javascript.jscomp.Compiler$3.call(Compiler.java:656)<br>	at com.google.javascript.jscomp.Compiler$3.call(Compiler.java:653)<br>	at com.google.javascript.jscomp.Compiler$4.call(Compiler.java:700)<br>	at java.util.concurrent.FutureTask.run(FutureTask.java:262)<br>	at java.util.concurrent.ThreadPoolExecutor.runWorker(ThreadPoolExecutor.java:1145)<br>	at java.util.concurrent.ThreadPoolExecutor$Worker.run(ThreadPoolExecutor.java:615)<br>	at java.lang.Thread.run(Thread.java:745)<br>
</code></td><td>0.003</td>
</tr>
<tr valign="top" class="Failure">
<td><a name="testRenamePrefixNamespaceActivatesMoveFunctionDeclarations"></a>testRenamePrefixNamespaceActivatesMoveFunctionDeclarations</td><td>Failure</td><td>Expected no warnings or errors
Errors: 
Warnings: 
JSC_UNREACHABLE_CODE. unreachable code at i0 line 1 : 0 expected:&lt;0&gt; but was:&lt;1&gt;<br>
<br>
<code>junit.framework.AssertionFailedError: Expected no warnings or errors<br>Errors: <br>Warnings: <br>JSC_UNREACHABLE_CODE. unreachable code at i0 line 1 : 0 expected:&lt;0&gt; but was:&lt;1&gt;<br>	at com.google.javascript.jscomp.IntegrationTestCase.test(IntegrationTestCase.java:97)<br>	at com.google.javascript.jscomp.IntegrationTestCase.testSame(IntegrationTestCase.java:78)<br>	at com.google.javascript.jscomp.IntegrationTestCase.testSame(IntegrationTestCase.java:74)<br>	at com.google.javascript.jscomp.IntegrationTest.testRenamePrefixNamespaceActivatesMoveFunctionDeclarations(IntegrationTest.java:2549)<br>
</code></td><td>0.003</td>
</tr>
<tr valign="top" class="Failure">
<td><a name="testBrokenNameSpace"></a>testBrokenNameSpace</td><td>Failure</td><td>Expected no warnings or errors
Errors: 
Warnings: 
JSC_UNREACHABLE_CODE. unreachable code at i0 line 1 : 0 expected:&lt;0&gt; but was:&lt;1&gt;<br>
<br>
<code>junit.framework.AssertionFailedError: Expected no warnings or errors<br>Errors: <br>Warnings: <br>JSC_UNREACHABLE_CODE. unreachable code at i0 line 1 : 0 expected:&lt;0&gt; but was:&lt;1&gt;<br>	at com.google.javascript.jscomp.IntegrationTestCase.test(IntegrationTestCase.java:97)<br>	at com.google.javascript.jscomp.IntegrationTestCase.test(IntegrationTestCase.java:87)<br>	at com.google.javascript.jscomp.IntegrationTest.testBrokenNameSpace(IntegrationTest.java:2564)<br>
</code></td><td>0.004</td>
</tr>
<tr valign="top" class="Error">
<td><a name="testNamelessParameter"></a>testNamelessParameter</td><td>Error</td><td>INTERNAL COMPILER ERROR.
Please report this problem.

null
  Node(FUNCTION $load): i0:1:26
var impl_0;$load($init());function $load(){  window['f'] = impl_0;}function $init() {  impl_0 = {};}
  Parent(SCRIPT): i0:1:0
var impl_0;$load($init());function $load(){  window['f'] = impl_0;}function $init() {  impl_0 = {};}
<br>
<br>
<code>java.lang.RuntimeException: INTERNAL COMPILER ERROR.<br>Please report this problem.<br>
<br>null<br>  Node(FUNCTION $load): i0:1:26<br>var impl_0;$load($init());function $load(){  window['f'] = impl_0;}function $init() {  impl_0 = {};}<br>  Parent(SCRIPT): i0:1:0<br>var impl_0;$load($init());function $load(){  window['f'] = impl_0;}function $init() {  impl_0 = {};}<br>
<br>	at com.google.javascript.jscomp.CheckGlobalThis.shouldTraverse(CheckGlobalThis.java:94)<br>	at com.google.javascript.jscomp.CombinedCompilerPass$CallbackWrapper.shouldTraverseIfActive(CombinedCompilerPass.java:130)<br>	at com.google.javascript.jscomp.CombinedCompilerPass.shouldTraverse(CombinedCompilerPass.java:165)<br>	at com.google.javascript.jscomp.NodeTraversal.traverseBranch(NodeTraversal.java:557)<br>	at com.google.javascript.jscomp.NodeTraversal.traverseBranch(NodeTraversal.java:570)<br>	at com.google.javascript.jscomp.NodeTraversal.traverseBranch(NodeTraversal.java:570)<br>	at com.google.javascript.jscomp.NodeTraversal.traverse(NodeTraversal.java:289)<br>	at com.google.javascript.jscomp.NodeTraversal.traverse(NodeTraversal.java:528)<br>	at com.google.javascript.jscomp.CombinedCompilerPass.process(CombinedCompilerPass.java:154)<br>	at com.google.javascript.jscomp.PhaseOptimizer$NamedPass.process(PhaseOptimizer.java:285)<br>	at com.google.javascript.jscomp.PhaseOptimizer.process(PhaseOptimizer.java:217)<br>	at com.google.javascript.jscomp.Compiler.check(Compiler.java:844)<br>	at com.google.javascript.jscomp.Compiler.compileInternal(Compiler.java:757)<br>	at com.google.javascript.jscomp.Compiler.access$000(Compiler.java:95)<br>	at com.google.javascript.jscomp.Compiler$3.call(Compiler.java:656)<br>	at com.google.javascript.jscomp.Compiler$3.call(Compiler.java:653)<br>	at com.google.javascript.jscomp.Compiler$4.call(Compiler.java:700)<br>	at java.util.concurrent.FutureTask.run(FutureTask.java:262)<br>	at java.util.concurrent.ThreadPoolExecutor.runWorker(ThreadPoolExecutor.java:1145)<br>	at java.util.concurrent.ThreadPoolExecutor$Worker.run(ThreadPoolExecutor.java:615)<br>	at java.lang.Thread.run(Thread.java:745)<br>Caused by: java.lang.NullPointerException<br>
</code></td><td>0.001</td>
</tr>
<tr valign="top" class="Error">
<td><a name="testNegativeZero"></a>testNegativeZero</td><td>Error</td><td>INTERNAL COMPILER ERROR.
Please report this problem.

null
  Node(FUNCTION bar): i0:1:0
function bar(x) { return x; }
  Parent(SCRIPT): i0:1:0
function bar(x) { return x; }
<br>
<br>
<code>java.lang.RuntimeException: INTERNAL COMPILER ERROR.<br>Please report this problem.<br>
<br>null<br>  Node(FUNCTION bar): i0:1:0<br>function bar(x) { return x; }<br>  Parent(SCRIPT): i0:1:0<br>function bar(x) { return x; }<br>
<br>	at com.google.javascript.jscomp.CheckGlobalThis.shouldTraverse(CheckGlobalThis.java:94)<br>	at com.google.javascript.jscomp.CombinedCompilerPass$CallbackWrapper.shouldTraverseIfActive(CombinedCompilerPass.java:130)<br>	at com.google.javascript.jscomp.CombinedCompilerPass.shouldTraverse(CombinedCompilerPass.java:165)<br>	at com.google.javascript.jscomp.NodeTraversal.traverseBranch(NodeTraversal.java:557)<br>	at com.google.javascript.jscomp.NodeTraversal.traverseBranch(NodeTraversal.java:570)<br>	at com.google.javascript.jscomp.NodeTraversal.traverseBranch(NodeTraversal.java:570)<br>	at com.google.javascript.jscomp.NodeTraversal.traverse(NodeTraversal.java:289)<br>	at com.google.javascript.jscomp.NodeTraversal.traverse(NodeTraversal.java:528)<br>	at com.google.javascript.jscomp.CombinedCompilerPass.process(CombinedCompilerPass.java:154)<br>	at com.google.javascript.jscomp.PhaseOptimizer$NamedPass.process(PhaseOptimizer.java:285)<br>	at com.google.javascript.jscomp.PhaseOptimizer.process(PhaseOptimizer.java:217)<br>	at com.google.javascript.jscomp.Compiler.check(Compiler.java:844)<br>	at com.google.javascript.jscomp.Compiler.compileInternal(Compiler.java:757)<br>	at com.google.javascript.jscomp.Compiler.access$000(Compiler.java:95)<br>	at com.google.javascript.jscomp.Compiler$3.call(Compiler.java:656)<br>	at com.google.javascript.jscomp.Compiler$3.call(Compiler.java:653)<br>	at com.google.javascript.jscomp.Compiler$4.call(Compiler.java:700)<br>	at java.util.concurrent.FutureTask.run(FutureTask.java:262)<br>	at java.util.concurrent.ThreadPoolExecutor.runWorker(ThreadPoolExecutor.java:1145)<br>	at java.util.concurrent.ThreadPoolExecutor$Worker.run(ThreadPoolExecutor.java:615)<br>	at java.lang.Thread.run(Thread.java:745)<br>Caused by: java.lang.NullPointerException<br>
</code></td><td>0.002</td>
</tr>
<tr valign="top" class="Error">
<td><a name="testSingletonGetter1"></a>testSingletonGetter1</td><td>Error</td><td>INTERNAL COMPILER ERROR.
Please report this problem.

null
  Node(FUNCTION ): i0:3:26
goog.addSingletonGetter = function(ctor) {
  Parent(ASSIGN): i0:3:0
goog.addSingletonGetter = function(ctor) {
<br>
<br>
<code>java.lang.RuntimeException: INTERNAL COMPILER ERROR.<br>Please report this problem.<br>
<br>null<br>  Node(FUNCTION ): i0:3:26<br>goog.addSingletonGetter = function(ctor) {<br>  Parent(ASSIGN): i0:3:0<br>goog.addSingletonGetter = function(ctor) {<br>
<br>	at com.google.javascript.jscomp.CheckGlobalThis.shouldTraverse(CheckGlobalThis.java:94)<br>	at com.google.javascript.jscomp.CombinedCompilerPass$CallbackWrapper.shouldTraverseIfActive(CombinedCompilerPass.java:130)<br>	at com.google.javascript.jscomp.CombinedCompilerPass.shouldTraverse(CombinedCompilerPass.java:165)<br>	at com.google.javascript.jscomp.NodeTraversal.traverseBranch(NodeTraversal.java:557)<br>	at com.google.javascript.jscomp.NodeTraversal.traverseBranch(NodeTraversal.java:570)<br>	at com.google.javascript.jscomp.NodeTraversal.traverseBranch(NodeTraversal.java:570)<br>	at com.google.javascript.jscomp.NodeTraversal.traverseBranch(NodeTraversal.java:570)<br>	at com.google.javascript.jscomp.NodeTraversal.traverseBranch(NodeTraversal.java:570)<br>	at com.google.javascript.jscomp.NodeTraversal.traverse(NodeTraversal.java:289)<br>	at com.google.javascript.jscomp.NodeTraversal.traverse(NodeTraversal.java:528)<br>	at com.google.javascript.jscomp.CombinedCompilerPass.process(CombinedCompilerPass.java:154)<br>	at com.google.javascript.jscomp.PhaseOptimizer$NamedPass.process(PhaseOptimizer.java:285)<br>	at com.google.javascript.jscomp.PhaseOptimizer.process(PhaseOptimizer.java:217)<br>	at com.google.javascript.jscomp.Compiler.check(Compiler.java:844)<br>	at com.google.javascript.jscomp.Compiler.compileInternal(Compiler.java:757)<br>	at com.google.javascript.jscomp.Compiler.access$000(Compiler.java:95)<br>	at com.google.javascript.jscomp.Compiler$3.call(Compiler.java:656)<br>	at com.google.javascript.jscomp.Compiler$3.call(Compiler.java:653)<br>	at com.google.javascript.jscomp.Compiler$4.call(Compiler.java:700)<br>	at java.util.concurrent.FutureTask.run(FutureTask.java:262)<br>	at java.util.concurrent.ThreadPoolExecutor.runWorker(ThreadPoolExecutor.java:1145)<br>	at java.util.concurrent.ThreadPoolExecutor$Worker.run(ThreadPoolExecutor.java:615)<br>	at java.lang.Thread.run(Thread.java:745)<br>Caused by: java.lang.NullPointerException<br>
</code></td><td>0.002</td>
</tr>
<tr valign="top" class="Failure">
<td><a name="testIncompleteFunction1"></a>testIncompleteFunction1</td><td>Failure</td><td>Unexpected warnings or errors.
 Error:JSC_PARSE_ERROR. Parse error. '{' expected at i0 line 1 : 28
Error:JSC_PARSE_ERROR. Parse error. '}' expected at i0 line 1 : 29
Warning:JSC_UNREACHABLE_CODE. unreachable code at i0 line 1 : 0
 expected:&lt;2&gt; but was:&lt;3&gt;<br>
<br>
<code>junit.framework.AssertionFailedError: Unexpected warnings or errors.<br> Error:JSC_PARSE_ERROR. Parse error. '{' expected at i0 line 1 : 28<br>Error:JSC_PARSE_ERROR. Parse error. '}' expected at i0 line 1 : 29<br>Warning:JSC_UNREACHABLE_CODE. unreachable code at i0 line 1 : 0<br> expected:&lt;2&gt; but was:&lt;3&gt;<br>	at com.google.javascript.jscomp.IntegrationTestCase.checkUnexpectedErrorsOrWarnings(IntegrationTestCase.java:219)<br>	at com.google.javascript.jscomp.IntegrationTestCase.test(IntegrationTestCase.java:196)<br>	at com.google.javascript.jscomp.IntegrationTest.testIncompleteFunction1(IntegrationTest.java:2636)<br>
</code></td><td>0.001</td>
</tr>
<tr valign="top" class="Failure">
<td><a name="testIncompleteFunction2"></a>testIncompleteFunction2</td><td>Failure</td><td>Unexpected warnings: JSC_UNREACHABLE_CODE. unreachable code at i0 line 1 : 0 expected:&lt;0&gt; but was:&lt;1&gt;<br>
<br>
<code>junit.framework.AssertionFailedError: Unexpected warnings: JSC_UNREACHABLE_CODE. unreachable code at i0 line 1 : 0 expected:&lt;0&gt; but was:&lt;1&gt;<br>	at com.google.javascript.jscomp.IntegrationTestCase.testParseError(IntegrationTestCase.java:174)<br>	at com.google.javascript.jscomp.IntegrationTest.testIncompleteFunction2(IntegrationTest.java:2646)<br>
</code></td><td>0.001</td>
</tr>
<tr valign="top" class="TableRowColor">
<td><a name="testSortingOff"></a>testSortingOff</td><td>Success</td><td></td><td>0.001</td>
</tr>
<tr valign="top" class="Failure">
<td><a name="testUnboundedArrayLiteralInfiniteLoop"></a>testUnboundedArrayLiteralInfiniteLoop</td><td>Failure</td><td>Unexpected warnings: JSC_UNREACHABLE_CODE. unreachable code at i0 line 1 : 0 expected:&lt;0&gt; but was:&lt;1&gt;<br>
<br>
<code>junit.framework.AssertionFailedError: Unexpected warnings: JSC_UNREACHABLE_CODE. unreachable code at i0 line 1 : 0 expected:&lt;0&gt; but was:&lt;1&gt;<br>	at com.google.javascript.jscomp.IntegrationTestCase.testParseError(IntegrationTestCase.java:174)<br>	at com.google.javascript.jscomp.IntegrationTest.testUnboundedArrayLiteralInfiniteLoop(IntegrationTest.java:2664)<br>
</code></td><td>0.002</td>
</tr>
<tr valign="top" class="Failure">
<td><a name="testProvideRequireSameFile"></a>testProvideRequireSameFile</td><td>Failure</td><td>Expected no warnings or errors
Errors: 
Warnings: 
JSC_UNREACHABLE_CODE. unreachable code at i0 line 1 : 0 expected:&lt;0&gt; but was:&lt;1&gt;<br>
<br>
<code>junit.framework.AssertionFailedError: Expected no warnings or errors<br>Errors: <br>Warnings: <br>JSC_UNREACHABLE_CODE. unreachable code at i0 line 1 : 0 expected:&lt;0&gt; but was:&lt;1&gt;<br>	at com.google.javascript.jscomp.IntegrationTestCase.test(IntegrationTestCase.java:97)<br>	at com.google.javascript.jscomp.IntegrationTestCase.test(IntegrationTestCase.java:87)<br>	at com.google.javascript.jscomp.IntegrationTest.testProvideRequireSameFile(IntegrationTest.java:2673)<br>
</code></td><td>0.002</td>
</tr>
<tr valign="top" class="Failure">
<td><a name="testDependencySorting"></a>testDependencySorting</td><td>Failure</td><td>Expected no warnings or errors
Errors: 
Warnings: 
JSC_UNREACHABLE_CODE. unreachable code at i1 line 1 : 0 expected:&lt;0&gt; but was:&lt;1&gt;<br>
<br>
<code>junit.framework.AssertionFailedError: Expected no warnings or errors<br>Errors: <br>Warnings: <br>JSC_UNREACHABLE_CODE. unreachable code at i1 line 1 : 0 expected:&lt;0&gt; but was:&lt;1&gt;<br>	at com.google.javascript.jscomp.IntegrationTestCase.test(IntegrationTestCase.java:97)<br>	at com.google.javascript.jscomp.IntegrationTest.testDependencySorting(IntegrationTest.java:2681)<br>
</code></td><td>0.003</td>
</tr>
<tr valign="top" class="TableRowColor">
<td><a name="testStrictWarningsGuard"></a>testStrictWarningsGuard</td><td>Success</td><td></td><td>0.003</td>
</tr>
<tr valign="top" class="Error">
<td><a name="testStrictWarningsGuardEmergencyMode"></a>testStrictWarningsGuardEmergencyMode</td><td>Error</td><td>Not true that &lt;(com.google.javascript.jscomp.JSError[]) [JSC_UNREACHABLE_CODE. unreachable code at i0 line 1 : 24, JSC_TYPE_MISMATCH. inconsistent return type
found   : boolean
required: number at i0 line 1 : 46]&gt; has length &lt;1&gt;<br>
<br>
<code>java.lang.AssertionError: Not true that &lt;(com.google.javascript.jscomp.JSError[]) [JSC_UNREACHABLE_CODE. unreachable code at i0 line 1 : 24, JSC_TYPE_MISMATCH. inconsistent return type<br>found   : boolean<br>required: number at i0 line 1 : 46]&gt; has length &lt;1&gt;<br>	at com.google.common.truth.FailureStrategy.fail(FailureStrategy.java:27)<br>	at com.google.common.truth.FailureStrategy.fail(FailureStrategy.java:23)<br>	at com.google.common.truth.Subject.fail(Subject.java:230)<br>	at com.google.common.truth.AbstractArraySubject.hasLength(AbstractArraySubject.java:60)<br>	at com.google.javascript.jscomp.IntegrationTest.testStrictWarningsGuardEmergencyMode(IntegrationTest.java:2717)<br>
</code></td><td>0.003</td>
</tr>
<tr valign="top" class="Failure">
<td><a name="testInlineProperties"></a>testInlineProperties</td><td>Failure</td><td>Expected no warnings or errors
Errors: 
Warnings: 
JSC_UNREACHABLE_CODE. unreachable code at i0 line 1 : 0 expected:&lt;0&gt; but was:&lt;1&gt;<br>
<br>
<code>junit.framework.AssertionFailedError: Expected no warnings or errors<br>Errors: <br>Warnings: <br>JSC_UNREACHABLE_CODE. unreachable code at i0 line 1 : 0 expected:&lt;0&gt; but was:&lt;1&gt;<br>	at com.google.javascript.jscomp.IntegrationTestCase.test(IntegrationTestCase.java:97)<br>	at com.google.javascript.jscomp.IntegrationTestCase.test(IntegrationTestCase.java:87)<br>	at com.google.javascript.jscomp.IntegrationTest.testInlineProperties(IntegrationTest.java:2734)<br>
</code></td><td>0.010</td>
</tr>
<tr valign="top" class="Failure">
<td><a name="testGoogDefineClass1"></a>testGoogDefineClass1</td><td>Failure</td><td>Expected no warnings or errors
Errors: 
Warnings: 
JSC_UNREACHABLE_CODE. unreachable code at i0 line 1 : 0 expected:&lt;0&gt; but was:&lt;1&gt;<br>
<br>
<code>junit.framework.AssertionFailedError: Expected no warnings or errors<br>Errors: <br>Warnings: <br>JSC_UNREACHABLE_CODE. unreachable code at i0 line 1 : 0 expected:&lt;0&gt; but was:&lt;1&gt;<br>	at com.google.javascript.jscomp.IntegrationTestCase.test(IntegrationTestCase.java:97)<br>	at com.google.javascript.jscomp.IntegrationTestCase.test(IntegrationTestCase.java:87)<br>	at com.google.javascript.jscomp.IntegrationTest.testGoogDefineClass1(IntegrationTest.java:2753)<br>
</code></td><td>0.010</td>
</tr>
<tr valign="top" class="Failure">
<td><a name="testGoogDefineClass2"></a>testGoogDefineClass2</td><td>Failure</td><td>Expected no warnings or errors
Errors: 
Warnings: 
JSC_UNREACHABLE_CODE. unreachable code at i0 line 1 : 0 expected:&lt;0&gt; but was:&lt;1&gt;<br>
<br>
<code>junit.framework.AssertionFailedError: Expected no warnings or errors<br>Errors: <br>Warnings: <br>JSC_UNREACHABLE_CODE. unreachable code at i0 line 1 : 0 expected:&lt;0&gt; but was:&lt;1&gt;<br>	at com.google.javascript.jscomp.IntegrationTestCase.test(IntegrationTestCase.java:97)<br>	at com.google.javascript.jscomp.IntegrationTestCase.test(IntegrationTestCase.java:87)<br>	at com.google.javascript.jscomp.IntegrationTest.testGoogDefineClass2(IntegrationTest.java:2771)<br>
</code></td><td>0.011</td>
</tr>
<tr valign="top" class="Failure">
<td><a name="testGoogDefineClass3"></a>testGoogDefineClass3</td><td>Failure</td><td>Unexpected warnings or errors.
 Warning:JSC_UNREACHABLE_CODE. unreachable code at i0 line 1 : 0
Warning:JSC_TYPE_MISMATCH. actual parameter 1 of C.prototype.someMethod does not match formal parameter
found   : number
required: string at i0 line 9 : 13
 expected:&lt;1&gt; but was:&lt;2&gt;<br>
<br>
<code>junit.framework.AssertionFailedError: Unexpected warnings or errors.<br> Warning:JSC_UNREACHABLE_CODE. unreachable code at i0 line 1 : 0<br>Warning:JSC_TYPE_MISMATCH. actual parameter 1 of C.prototype.someMethod does not match formal parameter<br>found   : number<br>required: string at i0 line 9 : 13<br> expected:&lt;1&gt; but was:&lt;2&gt;<br>	at com.google.javascript.jscomp.IntegrationTestCase.checkUnexpectedErrorsOrWarnings(IntegrationTestCase.java:219)<br>	at com.google.javascript.jscomp.IntegrationTestCase.test(IntegrationTestCase.java:137)<br>	at com.google.javascript.jscomp.IntegrationTestCase.test(IntegrationTestCase.java:127)<br>	at com.google.javascript.jscomp.IntegrationTestCase.test(IntegrationTestCase.java:116)<br>	at com.google.javascript.jscomp.IntegrationTest.testGoogDefineClass3(IntegrationTest.java:2796)<br>
</code></td><td>0.014</td>
</tr>
<tr valign="top" class="Failure">
<td><a name="testGoogDefineClass4"></a>testGoogDefineClass4</td><td>Failure</td><td>Expected no warnings or errors
Errors: 
Warnings: 
JSC_UNREACHABLE_CODE. unreachable code at i0 line 1 : 0 expected:&lt;0&gt; but was:&lt;1&gt;<br>
<br>
<code>junit.framework.AssertionFailedError: Expected no warnings or errors<br>Errors: <br>Warnings: <br>JSC_UNREACHABLE_CODE. unreachable code at i0 line 1 : 0 expected:&lt;0&gt; but was:&lt;1&gt;<br>	at com.google.javascript.jscomp.IntegrationTestCase.test(IntegrationTestCase.java:97)<br>	at com.google.javascript.jscomp.IntegrationTestCase.test(IntegrationTestCase.java:87)<br>	at com.google.javascript.jscomp.IntegrationTest.testGoogDefineClass4(IntegrationTest.java:2813)<br>
</code></td><td>0.009</td>
</tr>
<tr valign="top" class="TableRowColor">
<td><a name="testCheckConstants1"></a>testCheckConstants1</td><td>Success</td><td></td><td>0.006</td>
</tr>
<tr valign="top" class="Failure">
<td><a name="testCheckConstants2"></a>testCheckConstants2</td><td>Failure</td><td>Unexpected warnings or errors.
 Error:JSC_CONSTANT_REASSIGNED_VALUE_ERROR. constant x assigned a value more than once.
Original definition at i0:3 at i0 line 3 : 18
Warning:JSC_UNREACHABLE_CODE. unreachable code at i0 line 1 : 0
 expected:&lt;1&gt; but was:&lt;2&gt;<br>
<br>
<code>junit.framework.AssertionFailedError: Unexpected warnings or errors.<br>Original definition at i0:3 at i0 line 3 : 18<br>Warning:JSC_UNREACHABLE_CODE. unreachable code at i0 line 1 : 0<br> expected:&lt;1&gt; but was:&lt;2&gt;<br>	at com.google.javascript.jscomp.IntegrationTestCase.checkUnexpectedErrorsOrWarnings(IntegrationTestCase.java:219)<br>	at com.google.javascript.jscomp.IntegrationTestCase.test(IntegrationTestCase.java:137)<br>	at com.google.javascript.jscomp.IntegrationTestCase.test(IntegrationTestCase.java:127)<br>	at com.google.javascript.jscomp.IntegrationTestCase.test(IntegrationTestCase.java:116)<br>	at com.google.javascript.jscomp.IntegrationTest.testCheckConstants2(IntegrationTest.java:2841)<br>
</code></td><td>0.002</td>
</tr>
<tr valign="top" class="Failure">
<td><a name="testIssue937"></a>testIssue937</td><td>Failure</td><td>Expected no warnings or errors
Errors: 
Warnings: 
JSC_UNREACHABLE_CODE. unreachable code at i0 line 1 : 0 expected:&lt;0&gt; but was:&lt;1&gt;<br>
<br>
<code>junit.framework.AssertionFailedError: Expected no warnings or errors<br>Errors: <br>Warnings: <br>JSC_UNREACHABLE_CODE. unreachable code at i0 line 1 : 0 expected:&lt;0&gt; but was:&lt;1&gt;<br>	at com.google.javascript.jscomp.IntegrationTestCase.test(IntegrationTestCase.java:97)<br>	at com.google.javascript.jscomp.IntegrationTestCase.test(IntegrationTestCase.java:87)<br>	at com.google.javascript.jscomp.IntegrationTest.testIssue937(IntegrationTest.java:2856)<br>
</code></td><td>0.003</td>
</tr>
<tr valign="top" class="TableRowColor">
<td><a name="testES5toES6"></a>testES5toES6</td><td>Success</td><td></td><td>0.002</td>
</tr>
<tr valign="top" class="Failure">
<td><a name="testIssue787"></a>testIssue787</td><td>Failure</td><td>Expected no warnings or errors
Errors: 
Warnings: 
JSC_UNREACHABLE_CODE. unreachable code at i0 line 1 : 0 expected:&lt;0&gt; but was:&lt;1&gt;<br>
<br>
<code>junit.framework.AssertionFailedError: Expected no warnings or errors<br>Errors: <br>Warnings: <br>JSC_UNREACHABLE_CODE. unreachable code at i0 line 1 : 0 expected:&lt;0&gt; but was:&lt;1&gt;<br>	at com.google.javascript.jscomp.IntegrationTestCase.test(IntegrationTestCase.java:97)<br>	at com.google.javascript.jscomp.IntegrationTestCase.test(IntegrationTestCase.java:87)<br>	at com.google.javascript.jscomp.IntegrationTest.testIssue787(IntegrationTest.java:2915)<br>
</code></td><td>0.007</td>
</tr>
<tr valign="top" class="Failure">
<td><a name="testClosureDefines"></a>testClosureDefines</td><td>Failure</td><td>Expected no warnings or errors
Errors: 
Warnings: 
JSC_UNREACHABLE_CODE. unreachable code at i0 line 1 : 0 expected:&lt;0&gt; but was:&lt;1&gt;<br>
<br>
<code>junit.framework.AssertionFailedError: Expected no warnings or errors<br>Errors: <br>Warnings: <br>JSC_UNREACHABLE_CODE. unreachable code at i0 line 1 : 0 expected:&lt;0&gt; but was:&lt;1&gt;<br>	at com.google.javascript.jscomp.IntegrationTestCase.test(IntegrationTestCase.java:97)<br>	at com.google.javascript.jscomp.IntegrationTestCase.test(IntegrationTestCase.java:87)<br>	at com.google.javascript.jscomp.IntegrationTest.testClosureDefines(IntegrationTest.java:2944)<br>
</code></td><td>0.004</td>
</tr>
<tr valign="top" class="Failure">
<td><a name="testClosureDefinesDuplicates2"></a>testClosureDefinesDuplicates2</td><td>Failure</td><td>Expected no warnings or errors
Errors: 
Warnings: 
JSC_UNREACHABLE_CODE. unreachable code at i0 line 1 : 0 expected:&lt;0&gt; but was:&lt;1&gt;<br>
<br>
<code>junit.framework.AssertionFailedError: Expected no warnings or errors<br>Errors: <br>Warnings: <br>JSC_UNREACHABLE_CODE. unreachable code at i0 line 1 : 0 expected:&lt;0&gt; but was:&lt;1&gt;<br>	at com.google.javascript.jscomp.IntegrationTestCase.test(IntegrationTestCase.java:97)<br>	at com.google.javascript.jscomp.IntegrationTestCase.test(IntegrationTestCase.java:87)<br>	at com.google.javascript.jscomp.IntegrationTest.testClosureDefinesDuplicates2(IntegrationTest.java:2972)<br>
</code></td><td>0.003</td>
</tr>
<tr valign="top" class="TableRowColor">
<td><a name="testRmUnusedProtoPropsInExternsUsage"></a>testRmUnusedProtoPropsInExternsUsage</td><td>Success</td><td></td><td>0.001</td>
</tr>
<tr valign="top" class="TableRowColor">
<td><a name="testMaxFunSizeAfterInliningUsage"></a>testMaxFunSizeAfterInliningUsage</td><td>Success</td><td></td><td>0.000</td>
</tr>
<tr valign="top" class="TableRowColor">
<td><a name="testIsEquivalentTo"></a>testIsEquivalentTo</td><td>Success</td><td></td><td>0.001</td>
</tr>
</table>
<div class="Properties">
<a href="javascript:displayProperties('com.google.javascript.jscomp.IntegrationTest');">
                    Properties &raquo;
                </a>
</div>
</body>
</html>
