<html xmlns:string="xalan://java.lang.String" xmlns:lxslt="http://xml.apache.org/xslt">
<head>
<META http-equiv="Content-Type" content="text/html; charset=UTF-8">
<title>Unit Test Results: com.google.javascript.jscomp.CheckGlobalThisTest</title>
<link rel="stylesheet" type="text/css" title="Style" href="../../../../stylesheet.css">
<script type="text/javascript" language="JavaScript">
        var TestCases = new Array();
        var cur;
        
    cur = TestCases['com.google.javascript.jscomp.CheckGlobalThisTest'] = new Array();
    
        cur['ant.build.javac.source'] = '1.7';
    
        cur['ant.build.javac.target'] = '1.7';
    
        cur['ant.core.lib'] = '/Users/linmanna/ant/lib/ant.jar';
    
        cur['ant.file'] = '/Users/linmanna/Documents/proj/UCLA-CS-239-Winter-2015/Part_B/Benchmark/closure-compiler/build.xml';
    
        cur['ant.file.compiler'] = '/Users/linmanna/Documents/proj/UCLA-CS-239-Winter-2015/Part_B/Benchmark/closure-compiler/build.xml';
    
        cur['ant.file.type'] = 'file';
    
        cur['ant.file.type.compiler'] = 'file';
    
        cur['ant.home'] = '//Users/linmanna/ant';
    
        cur['ant.java.version'] = '1.7';
    
        cur['ant.library.dir'] = '//Users/linmanna/ant/lib';
    
        cur['ant.project.default-target'] = 'jar';
    
        cur['ant.project.invoked-targets'] = 'clean,compile,compile-tests,test';
    
        cur['ant.project.name'] = 'compiler';
    
        cur['ant.version'] = 'Apache Ant(TM) version 1.9.4 compiled on April 29 2014';
    
        cur['awt.toolkit'] = 'sun.lwawt.macosx.LWCToolkit';
    
        cur['basedir'] = '/Users/linmanna/Documents/proj/UCLA-CS-239-Winter-2015/Part_B/Benchmark/closure-compiler';
    
        cur['build.dir'] = '/Users/linmanna/Documents/proj/UCLA-CS-239-Winter-2015/Part_B/Benchmark/closure-compiler/build';
    
        cur['build.relVersion'] = '00e3533';
    
        cur['buildlib.dir'] = '/Users/linmanna/Documents/proj/UCLA-CS-239-Winter-2015/Part_B/Benchmark/closure-compiler/build/lib';
    
        cur['classes.dir'] = '/Users/linmanna/Documents/proj/UCLA-CS-239-Winter-2015/Part_B/Benchmark/closure-compiler/build/classes';
    
        cur['closure.build.dir'] = '/Users/linmanna/Documents/proj/UCLA-CS-239-Winter-2015/Part_B/Benchmark/closure-compiler/build';
    
        cur['compiler-jarfile'] = '/Users/linmanna/Documents/proj/UCLA-CS-239-Winter-2015/Part_B/Benchmark/closure-compiler/build/compiler.jar';
    
        cur['externs.dir'] = '/Users/linmanna/Documents/proj/UCLA-CS-239-Winter-2015/Part_B/Benchmark/closure-compiler/externs';
    
        cur['file.encoding'] = 'UTF-8';
    
        cur['file.encoding.pkg'] = 'sun.io';
    
        cur['file.separator'] = '/';
    
        cur['ftp.nonProxyHosts'] = 'local|*.local|169.254/16|*.169.254/16';
    
        cur['gen.dir'] = '/Users/linmanna/Documents/proj/UCLA-CS-239-Winter-2015/Part_B/Benchmark/closure-compiler/gen';
    
        cur['gopherProxySet'] = 'false';
    
        cur['http.nonProxyHosts'] = 'local|*.local|169.254/16|*.169.254/16';
    
        cur['java.awt.graphicsenv'] = 'sun.awt.CGraphicsEnvironment';
    
        cur['java.awt.printerjob'] = 'sun.lwawt.macosx.CPrinterJob';
    
        cur['java.class.path'] = '/Users/linmanna/Documents/proj/UCLA-CS-239-Winter-2015/Part_B/Benchmark/closure-compiler/build/classes:/Users/linmanna/Documents/proj/UCLA-CS-239-Winter-2015/Part_B/Benchmark/closure-compiler/lib/ant-launcher.jar:/Users/linmanna/Documents/proj/UCLA-CS-239-Winter-2015/Part_B/Benchmark/closure-compiler/lib/ant.jar:/Users/linmanna/Documents/proj/UCLA-CS-239-Winter-2015/Part_B/Benchmark/closure-compiler/lib/args4j.jar:/Users/linmanna/Documents/proj/UCLA-CS-239-Winter-2015/Part_B/Benchmark/closure-compiler/lib/gson.jar:/Users/linmanna/Documents/proj/UCLA-CS-239-Winter-2015/Part_B/Benchmark/closure-compiler/lib/guava.jar:/Users/linmanna/Documents/proj/UCLA-CS-239-Winter-2015/Part_B/Benchmark/closure-compiler/lib/jsr305.jar:/Users/linmanna/Documents/proj/UCLA-CS-239-Winter-2015/Part_B/Benchmark/closure-compiler/lib/junit.jar:/Users/linmanna/Documents/proj/UCLA-CS-239-Winter-2015/Part_B/Benchmark/closure-compiler/lib/protobuf-java.jar:/Users/linmanna/Documents/proj/UCLA-CS-239-Winter-2015/Part_B/Benchmark/closure-compiler/lib/truth.jar:/Users/linmanna/Documents/proj/UCLA-CS-239-Winter-2015/Part_B/Benchmark/closure-compiler/build/test:/Users/linmanna/ant/lib/ant-launcher.jar:/Users/linmanna/ant/lib/ant.jar:/Users/linmanna/ant/lib/ant-junit.jar:/Users/linmanna/ant/lib/ant-junit4.jar';
    
        cur['java.class.version'] = '51.0';
    
        cur['java.endorsed.dirs'] = '/Library/Java/JavaVirtualMachines/jdk1.7.0_75.jdk/Contents/Home/jre/lib/endorsed';
    
        cur['java.ext.dirs'] = '/Users/linmanna/Library/Java/Extensions:/Library/Java/JavaVirtualMachines/jdk1.7.0_75.jdk/Contents/Home/jre/lib/ext:/Library/Java/Extensions:/Network/Library/Java/Extensions:/System/Library/Java/Extensions:/usr/lib/java';
    
        cur['java.home'] = '/Library/Java/JavaVirtualMachines/jdk1.7.0_75.jdk/Contents/Home/jre';
    
        cur['java.io.tmpdir'] = '/var/folders/_p/3swdt4h96dn79vyt21dtny9h0000gn/T/';
    
        cur['java.library.path'] = '/Users/linmanna/Library/Java/Extensions:/Library/Java/Extensions:/Network/Library/Java/Extensions:/System/Library/Java/Extensions:/usr/lib/java:.';
    
        cur['java.runtime.name'] = 'Java(TM) SE Runtime Environment';
    
        cur['java.runtime.version'] = '1.7.0_75-b13';
    
        cur['java.specification.name'] = 'Java Platform API Specification';
    
        cur['java.specification.vendor'] = 'Oracle Corporation';
    
        cur['java.specification.version'] = '1.7';
    
        cur['java.vendor'] = 'Oracle Corporation';
    
        cur['java.vendor.url'] = 'http://java.oracle.com/';
    
        cur['java.vendor.url.bug'] = 'http://bugreport.sun.com/bugreport/';
    
        cur['java.version'] = '1.7.0_75';
    
        cur['java.vm.info'] = 'mixed mode';
    
        cur['java.vm.name'] = 'Java HotSpot(TM) 64-Bit Server VM';
    
        cur['java.vm.specification.name'] = 'Java Virtual Machine Specification';
    
        cur['java.vm.specification.vendor'] = 'Oracle Corporation';
    
        cur['java.vm.specification.version'] = '1.7';
    
        cur['java.vm.vendor'] = 'Oracle Corporation';
    
        cur['java.vm.version'] = '24.75-b04';
    
        cur['javac.debug'] = 'on';
    
        cur['javadoc.dir'] = '/Users/linmanna/Documents/proj/UCLA-CS-239-Winter-2015/Part_B/Benchmark/closure-compiler/build/javadoc';
    
        cur['lib.dir'] = '/Users/linmanna/Documents/proj/UCLA-CS-239-Winter-2015/Part_B/Benchmark/closure-compiler/lib';
    
        cur['line.separator'] = '\n';
    
        cur['maven-repository-id'] = 'sonatype-nexus-staging';
    
        cur['maven-repository-url'] = 'https://oss.sonatype.org/service/local/staging/deploy/maven2/';
    
        cur['os.arch'] = 'x86_64';
    
        cur['os.name'] = 'Mac OS X';
    
        cur['os.version'] = '10.9.5';
    
        cur['path.separator'] = ':';
    
        cur['protoc.executable'] = 'protoc';
    
        cur['refasterjs.dir'] = '/Users/linmanna/Documents/proj/UCLA-CS-239-Winter-2015/Part_B/Benchmark/closure-compiler/src/com/google/javascript/refactoring';
    
        cur['refasterjs-classes.dir'] = '/Users/linmanna/Documents/proj/UCLA-CS-239-Winter-2015/Part_B/Benchmark/closure-compiler/build/refasterjs-classes';
    
        cur['refasterjs-jarfile'] = '/Users/linmanna/Documents/proj/UCLA-CS-239-Winter-2015/Part_B/Benchmark/closure-compiler/build/refasterjs.jar';
    
        cur['socksNonProxyHosts'] = 'local|*.local|169.254/16|*.169.254/16';
    
        cur['src.dir'] = '/Users/linmanna/Documents/proj/UCLA-CS-239-Winter-2015/Part_B/Benchmark/closure-compiler/src';
    
        cur['sun.arch.data.model'] = '64';
    
        cur['sun.boot.class.path'] = '/Library/Java/JavaVirtualMachines/jdk1.7.0_75.jdk/Contents/Home/jre/lib/resources.jar:/Library/Java/JavaVirtualMachines/jdk1.7.0_75.jdk/Contents/Home/jre/lib/rt.jar:/Library/Java/JavaVirtualMachines/jdk1.7.0_75.jdk/Contents/Home/jre/lib/sunrsasign.jar:/Library/Java/JavaVirtualMachines/jdk1.7.0_75.jdk/Contents/Home/jre/lib/jsse.jar:/Library/Java/JavaVirtualMachines/jdk1.7.0_75.jdk/Contents/Home/jre/lib/jce.jar:/Library/Java/JavaVirtualMachines/jdk1.7.0_75.jdk/Contents/Home/jre/lib/charsets.jar:/Library/Java/JavaVirtualMachines/jdk1.7.0_75.jdk/Contents/Home/jre/lib/jfr.jar:/Library/Java/JavaVirtualMachines/jdk1.7.0_75.jdk/Contents/Home/jre/classes';
    
        cur['sun.boot.library.path'] = '/Library/Java/JavaVirtualMachines/jdk1.7.0_75.jdk/Contents/Home/jre/lib';
    
        cur['sun.cpu.endian'] = 'little';
    
        cur['sun.cpu.isalist'] = '';
    
        cur['sun.io.unicode.encoding'] = 'UnicodeBig';
    
        cur['sun.java.command'] = 'org.apache.tools.ant.taskdefs.optional.junit.JUnitTestRunner testsfile=/Users/linmanna/Documents/proj/UCLA-CS-239-Winter-2015/Part_B/Benchmark/closure-compiler/junittestcases4622356093930181862.properties skipNonTests=false filtertrace=true haltOnError=false haltOnFailure=false formatter=org.apache.tools.ant.taskdefs.optional.junit.SummaryJUnitResultFormatter showoutput=true outputtoformatters=true logfailedtests=true threadid=0 logtestlistenerevents=false formatter=org.apache.tools.ant.taskdefs.optional.junit.BriefJUnitResultFormatter formatter=org.apache.tools.ant.taskdefs.optional.junit.XMLJUnitResultFormatter,/Users/linmanna/Documents/proj/UCLA-CS-239-Winter-2015/Part_B/Benchmark/closure-compiler/build/testoutput/IGNORETHIS.xml crashfile=/Users/linmanna/Documents/proj/UCLA-CS-239-Winter-2015/Part_B/Benchmark/closure-compiler/junitvmwatcher882389895192408063.properties propsfile=/Users/linmanna/Documents/proj/UCLA-CS-239-Winter-2015/Part_B/Benchmark/closure-compiler/junit6374663990081372210.properties';
    
        cur['sun.java.launcher'] = 'SUN_STANDARD';
    
        cur['sun.jnu.encoding'] = 'UTF-8';
    
        cur['sun.management.compiler'] = 'HotSpot 64-Bit Tiered Compilers';
    
        cur['sun.os.patch.level'] = 'unknown';
    
        cur['test.class'] = '*Test';
    
        cur['test.dir'] = '/Users/linmanna/Documents/proj/UCLA-CS-239-Winter-2015/Part_B/Benchmark/closure-compiler/test';
    
        cur['test.fork'] = 'true';
    
        cur['test.method'] = '';
    
        cur['testClasses.dir'] = '/Users/linmanna/Documents/proj/UCLA-CS-239-Winter-2015/Part_B/Benchmark/closure-compiler/build/test';
    
        cur['tools.dir'] = '/Users/linmanna/Documents/proj/UCLA-CS-239-Winter-2015/Part_B/Benchmark/closure-compiler/tools';
    
        cur['user.country'] = 'CN';
    
        cur['user.dir'] = '/Users/linmanna/Documents/proj/UCLA-CS-239-Winter-2015/Part_B/Benchmark/closure-compiler';
    
        cur['user.home'] = '/Users/linmanna';
    
        cur['user.language'] = 'zh';
    
        cur['user.name'] = 'linmanna';
    
        cur['user.timezone'] = '';
    
        cur['webservice.dir'] = '/Users/linmanna/Documents/proj/UCLA-CS-239-Winter-2015/Part_B/Benchmark/closure-compiler/src/com/google/javascript/jscomp/webservice';
    
        cur['webservice-classes.dir'] = '/Users/linmanna/Documents/proj/UCLA-CS-239-Winter-2015/Part_B/Benchmark/closure-compiler/build/webservice-classes';
    
        cur['webservice-jarfile'] = '/Users/linmanna/Documents/proj/UCLA-CS-239-Winter-2015/Part_B/Benchmark/closure-compiler/build/webservice.jar';
    </script><script type="text/javascript" language="JavaScript">
        function displayProperties (name) {
          var win = window.open('','JUnitSystemProperties','scrollbars=1,resizable=1');
          var doc = win.document;
          doc.open();
          doc.write("<html><head><title>Properties of " + name + "</title>");
          doc.write("<style type=\"text/css\">");
          doc.write("body {font:normal 68% verdana,arial,helvetica; color:#000000; }");
          doc.write("table tr td, table tr th { font-size: 68%; }");
          doc.write("table.properties { border-collapse:collapse; border-left:solid 1 #cccccc; border-top:solid 1 #cccccc; padding:5px; }");
          doc.write("table.properties th { text-align:left; border-right:solid 1 #cccccc; border-bottom:solid 1 #cccccc; background-color:#eeeeee; }");
          doc.write("table.properties td { font:normal; text-align:left; border-right:solid 1 #cccccc; border-bottom:solid 1 #cccccc; background-color:#fffffff; }");
          doc.write("h3 { margin-bottom: 0.5em; font: bold 115% verdana,arial,helvetica }");
          doc.write("</style>");
          doc.write("</head><body>");
          doc.write("<h3>Properties of " + name + "</h3>");
          doc.write("<div align=\"right\"><a href=\"javascript:window.close();\">Close</a></div>");
          doc.write("<table class='properties'>");
          doc.write("<tr><th>Name</th><th>Value</th></tr>");
          for (prop in TestCases[name]) {
            doc.write("<tr><th>" + prop + "</th><td>" + TestCases[name][prop] + "</td></tr>");
          }
          doc.write("</table>");
          doc.write("</body></html>");
          doc.close();
          win.focus();
        }
      
      </script>
</head>
<body>
<h1>Unit Test Results.</h1>
<table width="100%">
<tr>
<td align="left"></td><td align="right">Designed for use with <a href="http://www.junit.org/">JUnit</a> and <a href="http://ant.apache.org/">Ant</a>.</td>
</tr>
</table>
<hr size="1">
<h3>Class com.google.javascript.jscomp.CheckGlobalThisTest</h3>
<table class="details" border="0" cellpadding="5" cellspacing="2" width="95%">
<tr valign="top">
<th width="80%">Name</th><th>Tests</th><th>Errors</th><th>Failures</th><th>Skipped</th><th nowrap>Time(s)</th><th nowrap>Time Stamp</th><th>Host</th>
</tr>
<tr valign="top" class="Error">
<td><a title="Display all tests" href="18_CheckGlobalThisTest.html">CheckGlobalThisTest</a></td><td><a title="Display all tests" href="18_CheckGlobalThisTest.html">52</a></td><td><a title="Display only errors" href="18_CheckGlobalThisTest-errors.html">34</a></td><td><a title="Display only failures" href="18_CheckGlobalThisTest-fails.html">2</a></td><td>0</td><td>0.162</td><td>2015-03-09T03:17:12</td><td>cs-210-206.cs.ucla.edu</td>
</tr>
</table>
<h2>Errors</h2>
<table class="details" border="0" cellpadding="5" cellspacing="2" width="95%">
<tr valign="top">
<th>Name</th><th>Status</th><th width="80%">Type</th><th nowrap>Time(s)</th>
</tr>
<tr valign="top" class="Error">
<td><a name="testStaticFunction1"></a>testStaticFunction1</td><td>Error</td><td>INTERNAL COMPILER ERROR.
Please report this problem.

null
  Node(FUNCTION a): testcode:1:0
function a() { return this; }
  Parent(SCRIPT): testcode:1:0
function a() { return this; }
<br>
<br>
<code>java.lang.RuntimeException: INTERNAL COMPILER ERROR.<br>Please report this problem.<br>
<br>null<br>  Node(FUNCTION a): testcode:1:0<br>function a() { return this; }<br>  Parent(SCRIPT): testcode:1:0<br>function a() { return this; }<br>
<br>	at com.google.javascript.jscomp.CheckGlobalThis.shouldTraverse(CheckGlobalThis.java:94)<br>	at com.google.javascript.jscomp.CombinedCompilerPass$CallbackWrapper.shouldTraverseIfActive(CombinedCompilerPass.java:130)<br>	at com.google.javascript.jscomp.CombinedCompilerPass.shouldTraverse(CombinedCompilerPass.java:165)<br>	at com.google.javascript.jscomp.NodeTraversal.traverseBranch(NodeTraversal.java:557)<br>	at com.google.javascript.jscomp.NodeTraversal.traverseBranch(NodeTraversal.java:570)<br>	at com.google.javascript.jscomp.NodeTraversal.traverseBranch(NodeTraversal.java:570)<br>	at com.google.javascript.jscomp.NodeTraversal.traverse(NodeTraversal.java:289)<br>	at com.google.javascript.jscomp.NodeTraversal.traverse(NodeTraversal.java:528)<br>	at com.google.javascript.jscomp.CombinedCompilerPass.process(CombinedCompilerPass.java:154)<br>	at com.google.javascript.jscomp.CompilerTestCase.test(CompilerTestCase.java:1044)<br>	at com.google.javascript.jscomp.CompilerTestCase.test(CompilerTestCase.java:935)<br>	at com.google.javascript.jscomp.CompilerTestCase.test(CompilerTestCase.java:543)<br>	at com.google.javascript.jscomp.CompilerTestCase.test(CompilerTestCase.java:509)<br>	at com.google.javascript.jscomp.CompilerTestCase.test(CompilerTestCase.java:450)<br>	at com.google.javascript.jscomp.CompilerTestCase.test(CompilerTestCase.java:408)<br>	at com.google.javascript.jscomp.CompilerTestCase.testSame(CompilerTestCase.java:741)<br>	at com.google.javascript.jscomp.CheckGlobalThisTest.testStaticFunction1(CheckGlobalThisTest.java:68)<br>Caused by: java.lang.NullPointerException<br>
</code></td><td>0.002</td>
</tr>
<tr valign="top" class="Error">
<td><a name="testStaticFunction2"></a>testStaticFunction2</td><td>Error</td><td>INTERNAL COMPILER ERROR.
Please report this problem.

null
  Node(FUNCTION a): testcode:1:0
function a() { this.complex = 5; }
  Parent(SCRIPT): testcode:1:0
function a() { this.complex = 5; }
<br>
<br>
<code>java.lang.RuntimeException: INTERNAL COMPILER ERROR.<br>Please report this problem.<br>
<br>null<br>  Node(FUNCTION a): testcode:1:0<br>function a() { this.complex = 5; }<br>  Parent(SCRIPT): testcode:1:0<br>function a() { this.complex = 5; }<br>
<br>	at com.google.javascript.jscomp.CheckGlobalThis.shouldTraverse(CheckGlobalThis.java:94)<br>	at com.google.javascript.jscomp.CombinedCompilerPass$CallbackWrapper.shouldTraverseIfActive(CombinedCompilerPass.java:130)<br>	at com.google.javascript.jscomp.CombinedCompilerPass.shouldTraverse(CombinedCompilerPass.java:165)<br>	at com.google.javascript.jscomp.NodeTraversal.traverseBranch(NodeTraversal.java:557)<br>	at com.google.javascript.jscomp.NodeTraversal.traverseBranch(NodeTraversal.java:570)<br>	at com.google.javascript.jscomp.NodeTraversal.traverseBranch(NodeTraversal.java:570)<br>	at com.google.javascript.jscomp.NodeTraversal.traverse(NodeTraversal.java:289)<br>	at com.google.javascript.jscomp.NodeTraversal.traverse(NodeTraversal.java:528)<br>	at com.google.javascript.jscomp.CombinedCompilerPass.process(CombinedCompilerPass.java:154)<br>	at com.google.javascript.jscomp.CompilerTestCase.test(CompilerTestCase.java:1044)<br>	at com.google.javascript.jscomp.CompilerTestCase.test(CompilerTestCase.java:935)<br>	at com.google.javascript.jscomp.CompilerTestCase.test(CompilerTestCase.java:543)<br>	at com.google.javascript.jscomp.CompilerTestCase.test(CompilerTestCase.java:509)<br>	at com.google.javascript.jscomp.CompilerTestCase.test(CompilerTestCase.java:450)<br>	at com.google.javascript.jscomp.CompilerTestCase.testSame(CompilerTestCase.java:752)<br>	at com.google.javascript.jscomp.CheckGlobalThisTest.testFailure(CheckGlobalThisTest.java:36)<br>	at com.google.javascript.jscomp.CheckGlobalThisTest.testStaticFunction2(CheckGlobalThisTest.java:72)<br>Caused by: java.lang.NullPointerException<br>
</code></td><td>0.002</td>
</tr>
<tr valign="top" class="Error">
<td><a name="testStaticFunction3"></a>testStaticFunction3</td><td>Error</td><td>INTERNAL COMPILER ERROR.
Please report this problem.

null
  Node(FUNCTION ): testcode:1:8
var a = function() { return this; }
  Parent(NAME a): testcode:1:4
var a = function() { return this; }
<br>
<br>
<code>java.lang.RuntimeException: INTERNAL COMPILER ERROR.<br>Please report this problem.<br>
<br>null<br>  Node(FUNCTION ): testcode:1:8<br>var a = function() { return this; }<br>  Parent(NAME a): testcode:1:4<br>var a = function() { return this; }<br>
<br>	at com.google.javascript.jscomp.CheckGlobalThis.shouldTraverse(CheckGlobalThis.java:94)<br>	at com.google.javascript.jscomp.CombinedCompilerPass$CallbackWrapper.shouldTraverseIfActive(CombinedCompilerPass.java:130)<br>	at com.google.javascript.jscomp.CombinedCompilerPass.shouldTraverse(CombinedCompilerPass.java:165)<br>	at com.google.javascript.jscomp.NodeTraversal.traverseBranch(NodeTraversal.java:557)<br>	at com.google.javascript.jscomp.NodeTraversal.traverseBranch(NodeTraversal.java:570)<br>	at com.google.javascript.jscomp.NodeTraversal.traverseBranch(NodeTraversal.java:570)<br>	at com.google.javascript.jscomp.NodeTraversal.traverseBranch(NodeTraversal.java:570)<br>	at com.google.javascript.jscomp.NodeTraversal.traverseBranch(NodeTraversal.java:570)<br>	at com.google.javascript.jscomp.NodeTraversal.traverse(NodeTraversal.java:289)<br>	at com.google.javascript.jscomp.NodeTraversal.traverse(NodeTraversal.java:528)<br>	at com.google.javascript.jscomp.CombinedCompilerPass.process(CombinedCompilerPass.java:154)<br>	at com.google.javascript.jscomp.CompilerTestCase.test(CompilerTestCase.java:1044)<br>	at com.google.javascript.jscomp.CompilerTestCase.test(CompilerTestCase.java:935)<br>	at com.google.javascript.jscomp.CompilerTestCase.test(CompilerTestCase.java:543)<br>	at com.google.javascript.jscomp.CompilerTestCase.test(CompilerTestCase.java:509)<br>	at com.google.javascript.jscomp.CompilerTestCase.test(CompilerTestCase.java:450)<br>	at com.google.javascript.jscomp.CompilerTestCase.test(CompilerTestCase.java:408)<br>	at com.google.javascript.jscomp.CompilerTestCase.testSame(CompilerTestCase.java:741)<br>	at com.google.javascript.jscomp.CheckGlobalThisTest.testStaticFunction3(CheckGlobalThisTest.java:76)<br>Caused by: java.lang.NullPointerException<br>
</code></td><td>0.003</td>
</tr>
<tr valign="top" class="Error">
<td><a name="testStaticFunction4"></a>testStaticFunction4</td><td>Error</td><td>INTERNAL COMPILER ERROR.
Please report this problem.

null
  Node(FUNCTION ): testcode:1:8
var a = function() { this.foo.bar = 6; }
  Parent(NAME a): testcode:1:4
var a = function() { this.foo.bar = 6; }
<br>
<br>
<code>java.lang.RuntimeException: INTERNAL COMPILER ERROR.<br>Please report this problem.<br>
<br>null<br>  Node(FUNCTION ): testcode:1:8<br>var a = function() { this.foo.bar = 6; }<br>  Parent(NAME a): testcode:1:4<br>var a = function() { this.foo.bar = 6; }<br>
<br>	at com.google.javascript.jscomp.CheckGlobalThis.shouldTraverse(CheckGlobalThis.java:94)<br>	at com.google.javascript.jscomp.CombinedCompilerPass$CallbackWrapper.shouldTraverseIfActive(CombinedCompilerPass.java:130)<br>	at com.google.javascript.jscomp.CombinedCompilerPass.shouldTraverse(CombinedCompilerPass.java:165)<br>	at com.google.javascript.jscomp.NodeTraversal.traverseBranch(NodeTraversal.java:557)<br>	at com.google.javascript.jscomp.NodeTraversal.traverseBranch(NodeTraversal.java:570)<br>	at com.google.javascript.jscomp.NodeTraversal.traverseBranch(NodeTraversal.java:570)<br>	at com.google.javascript.jscomp.NodeTraversal.traverseBranch(NodeTraversal.java:570)<br>	at com.google.javascript.jscomp.NodeTraversal.traverseBranch(NodeTraversal.java:570)<br>	at com.google.javascript.jscomp.NodeTraversal.traverse(NodeTraversal.java:289)<br>	at com.google.javascript.jscomp.NodeTraversal.traverse(NodeTraversal.java:528)<br>	at com.google.javascript.jscomp.CombinedCompilerPass.process(CombinedCompilerPass.java:154)<br>	at com.google.javascript.jscomp.CompilerTestCase.test(CompilerTestCase.java:1044)<br>	at com.google.javascript.jscomp.CompilerTestCase.test(CompilerTestCase.java:935)<br>	at com.google.javascript.jscomp.CompilerTestCase.test(CompilerTestCase.java:543)<br>	at com.google.javascript.jscomp.CompilerTestCase.test(CompilerTestCase.java:509)<br>	at com.google.javascript.jscomp.CompilerTestCase.test(CompilerTestCase.java:450)<br>	at com.google.javascript.jscomp.CompilerTestCase.testSame(CompilerTestCase.java:752)<br>	at com.google.javascript.jscomp.CheckGlobalThisTest.testFailure(CheckGlobalThisTest.java:36)<br>	at com.google.javascript.jscomp.CheckGlobalThisTest.testStaticFunction4(CheckGlobalThisTest.java:80)<br>Caused by: java.lang.NullPointerException<br>
</code></td><td>0.002</td>
</tr>
<tr valign="top" class="Error">
<td><a name="testStaticFunction5"></a>testStaticFunction5</td><td>Error</td><td>INTERNAL COMPILER ERROR.
Please report this problem.

null
  Node(FUNCTION a): testcode:1:0
function a() { return function() { return this; } }
  Parent(SCRIPT): testcode:1:0
function a() { return function() { return this; } }
<br>
<br>
<code>java.lang.RuntimeException: INTERNAL COMPILER ERROR.<br>Please report this problem.<br>
<br>null<br>  Node(FUNCTION a): testcode:1:0<br>function a() { return function() { return this; } }<br>  Parent(SCRIPT): testcode:1:0<br>function a() { return function() { return this; } }<br>
<br>	at com.google.javascript.jscomp.CheckGlobalThis.shouldTraverse(CheckGlobalThis.java:94)<br>	at com.google.javascript.jscomp.CombinedCompilerPass$CallbackWrapper.shouldTraverseIfActive(CombinedCompilerPass.java:130)<br>	at com.google.javascript.jscomp.CombinedCompilerPass.shouldTraverse(CombinedCompilerPass.java:165)<br>	at com.google.javascript.jscomp.NodeTraversal.traverseBranch(NodeTraversal.java:557)<br>	at com.google.javascript.jscomp.NodeTraversal.traverseBranch(NodeTraversal.java:570)<br>	at com.google.javascript.jscomp.NodeTraversal.traverseBranch(NodeTraversal.java:570)<br>	at com.google.javascript.jscomp.NodeTraversal.traverse(NodeTraversal.java:289)<br>	at com.google.javascript.jscomp.NodeTraversal.traverse(NodeTraversal.java:528)<br>	at com.google.javascript.jscomp.CombinedCompilerPass.process(CombinedCompilerPass.java:154)<br>	at com.google.javascript.jscomp.CompilerTestCase.test(CompilerTestCase.java:1044)<br>	at com.google.javascript.jscomp.CompilerTestCase.test(CompilerTestCase.java:935)<br>	at com.google.javascript.jscomp.CompilerTestCase.test(CompilerTestCase.java:543)<br>	at com.google.javascript.jscomp.CompilerTestCase.test(CompilerTestCase.java:509)<br>	at com.google.javascript.jscomp.CompilerTestCase.test(CompilerTestCase.java:450)<br>	at com.google.javascript.jscomp.CompilerTestCase.test(CompilerTestCase.java:408)<br>	at com.google.javascript.jscomp.CompilerTestCase.testSame(CompilerTestCase.java:741)<br>	at com.google.javascript.jscomp.CheckGlobalThisTest.testStaticFunction5(CheckGlobalThisTest.java:84)<br>Caused by: java.lang.NullPointerException<br>
</code></td><td>0.005</td>
</tr>
<tr valign="top" class="Error">
<td><a name="testStaticFunction6"></a>testStaticFunction6</td><td>Error</td><td>INTERNAL COMPILER ERROR.
Please report this problem.

null
  Node(FUNCTION a): testcode:1:0
function a() { return function() { this.x = 8; } }
  Parent(SCRIPT): testcode:1:0
function a() { return function() { this.x = 8; } }
<br>
<br>
<code>java.lang.RuntimeException: INTERNAL COMPILER ERROR.<br>Please report this problem.<br>
<br>null<br>  Node(FUNCTION a): testcode:1:0<br>function a() { return function() { this.x = 8; } }<br>  Parent(SCRIPT): testcode:1:0<br>function a() { return function() { this.x = 8; } }<br>
<br>	at com.google.javascript.jscomp.CheckGlobalThis.shouldTraverse(CheckGlobalThis.java:94)<br>	at com.google.javascript.jscomp.CombinedCompilerPass$CallbackWrapper.shouldTraverseIfActive(CombinedCompilerPass.java:130)<br>	at com.google.javascript.jscomp.CombinedCompilerPass.shouldTraverse(CombinedCompilerPass.java:165)<br>	at com.google.javascript.jscomp.NodeTraversal.traverseBranch(NodeTraversal.java:557)<br>	at com.google.javascript.jscomp.NodeTraversal.traverseBranch(NodeTraversal.java:570)<br>	at com.google.javascript.jscomp.NodeTraversal.traverseBranch(NodeTraversal.java:570)<br>	at com.google.javascript.jscomp.NodeTraversal.traverse(NodeTraversal.java:289)<br>	at com.google.javascript.jscomp.NodeTraversal.traverse(NodeTraversal.java:528)<br>	at com.google.javascript.jscomp.CombinedCompilerPass.process(CombinedCompilerPass.java:154)<br>	at com.google.javascript.jscomp.CompilerTestCase.test(CompilerTestCase.java:1044)<br>	at com.google.javascript.jscomp.CompilerTestCase.test(CompilerTestCase.java:935)<br>	at com.google.javascript.jscomp.CompilerTestCase.test(CompilerTestCase.java:543)<br>	at com.google.javascript.jscomp.CompilerTestCase.test(CompilerTestCase.java:509)<br>	at com.google.javascript.jscomp.CompilerTestCase.test(CompilerTestCase.java:450)<br>	at com.google.javascript.jscomp.CompilerTestCase.test(CompilerTestCase.java:408)<br>	at com.google.javascript.jscomp.CompilerTestCase.testSame(CompilerTestCase.java:741)<br>	at com.google.javascript.jscomp.CheckGlobalThisTest.testStaticFunction6(CheckGlobalThisTest.java:88)<br>Caused by: java.lang.NullPointerException<br>
</code></td><td>0.002</td>
</tr>
<tr valign="top" class="Error">
<td><a name="testStaticFunction7"></a>testStaticFunction7</td><td>Error</td><td>INTERNAL COMPILER ERROR.
Please report this problem.

null
  Node(FUNCTION ): testcode:1:8
var a = function() { return function() { this.x = 8; } }
  Parent(NAME a): testcode:1:4
var a = function() { return function() { this.x = 8; } }
<br>
<br>
<code>java.lang.RuntimeException: INTERNAL COMPILER ERROR.<br>Please report this problem.<br>
<br>null<br>  Node(FUNCTION ): testcode:1:8<br>var a = function() { return function() { this.x = 8; } }<br>  Parent(NAME a): testcode:1:4<br>var a = function() { return function() { this.x = 8; } }<br>
<br>	at com.google.javascript.jscomp.CheckGlobalThis.shouldTraverse(CheckGlobalThis.java:94)<br>	at com.google.javascript.jscomp.CombinedCompilerPass$CallbackWrapper.shouldTraverseIfActive(CombinedCompilerPass.java:130)<br>	at com.google.javascript.jscomp.CombinedCompilerPass.shouldTraverse(CombinedCompilerPass.java:165)<br>	at com.google.javascript.jscomp.NodeTraversal.traverseBranch(NodeTraversal.java:557)<br>	at com.google.javascript.jscomp.NodeTraversal.traverseBranch(NodeTraversal.java:570)<br>	at com.google.javascript.jscomp.NodeTraversal.traverseBranch(NodeTraversal.java:570)<br>	at com.google.javascript.jscomp.NodeTraversal.traverseBranch(NodeTraversal.java:570)<br>	at com.google.javascript.jscomp.NodeTraversal.traverseBranch(NodeTraversal.java:570)<br>	at com.google.javascript.jscomp.NodeTraversal.traverse(NodeTraversal.java:289)<br>	at com.google.javascript.jscomp.NodeTraversal.traverse(NodeTraversal.java:528)<br>	at com.google.javascript.jscomp.CombinedCompilerPass.process(CombinedCompilerPass.java:154)<br>	at com.google.javascript.jscomp.CompilerTestCase.test(CompilerTestCase.java:1044)<br>	at com.google.javascript.jscomp.CompilerTestCase.test(CompilerTestCase.java:935)<br>	at com.google.javascript.jscomp.CompilerTestCase.test(CompilerTestCase.java:543)<br>	at com.google.javascript.jscomp.CompilerTestCase.test(CompilerTestCase.java:509)<br>	at com.google.javascript.jscomp.CompilerTestCase.test(CompilerTestCase.java:450)<br>	at com.google.javascript.jscomp.CompilerTestCase.test(CompilerTestCase.java:408)<br>	at com.google.javascript.jscomp.CompilerTestCase.testSame(CompilerTestCase.java:741)<br>	at com.google.javascript.jscomp.CheckGlobalThisTest.testStaticFunction7(CheckGlobalThisTest.java:92)<br>Caused by: java.lang.NullPointerException<br>
</code></td><td>0.003</td>
</tr>
<tr valign="top" class="Error">
<td><a name="testStaticFunction8"></a>testStaticFunction8</td><td>Error</td><td>INTERNAL COMPILER ERROR.
Please report this problem.

null
  Node(FUNCTION ): testcode:1:8
var a = function() { return this.foo; };
  Parent(NAME a): testcode:1:4
var a = function() { return this.foo; };
<br>
<br>
<code>java.lang.RuntimeException: INTERNAL COMPILER ERROR.<br>Please report this problem.<br>
<br>null<br>  Node(FUNCTION ): testcode:1:8<br>var a = function() { return this.foo; };<br>  Parent(NAME a): testcode:1:4<br>var a = function() { return this.foo; };<br>
<br>	at com.google.javascript.jscomp.CheckGlobalThis.shouldTraverse(CheckGlobalThis.java:94)<br>	at com.google.javascript.jscomp.CombinedCompilerPass$CallbackWrapper.shouldTraverseIfActive(CombinedCompilerPass.java:130)<br>	at com.google.javascript.jscomp.CombinedCompilerPass.shouldTraverse(CombinedCompilerPass.java:165)<br>	at com.google.javascript.jscomp.NodeTraversal.traverseBranch(NodeTraversal.java:557)<br>	at com.google.javascript.jscomp.NodeTraversal.traverseBranch(NodeTraversal.java:570)<br>	at com.google.javascript.jscomp.NodeTraversal.traverseBranch(NodeTraversal.java:570)<br>	at com.google.javascript.jscomp.NodeTraversal.traverseBranch(NodeTraversal.java:570)<br>	at com.google.javascript.jscomp.NodeTraversal.traverseBranch(NodeTraversal.java:570)<br>	at com.google.javascript.jscomp.NodeTraversal.traverse(NodeTraversal.java:289)<br>	at com.google.javascript.jscomp.NodeTraversal.traverse(NodeTraversal.java:528)<br>	at com.google.javascript.jscomp.CombinedCompilerPass.process(CombinedCompilerPass.java:154)<br>	at com.google.javascript.jscomp.CompilerTestCase.test(CompilerTestCase.java:1044)<br>	at com.google.javascript.jscomp.CompilerTestCase.test(CompilerTestCase.java:935)<br>	at com.google.javascript.jscomp.CompilerTestCase.test(CompilerTestCase.java:543)<br>	at com.google.javascript.jscomp.CompilerTestCase.test(CompilerTestCase.java:509)<br>	at com.google.javascript.jscomp.CompilerTestCase.test(CompilerTestCase.java:450)<br>	at com.google.javascript.jscomp.CompilerTestCase.testSame(CompilerTestCase.java:752)<br>	at com.google.javascript.jscomp.CheckGlobalThisTest.testFailure(CheckGlobalThisTest.java:36)<br>	at com.google.javascript.jscomp.CheckGlobalThisTest.testStaticFunction8(CheckGlobalThisTest.java:96)<br>Caused by: java.lang.NullPointerException<br>
</code></td><td>0.003</td>
</tr>
<tr valign="top" class="Error">
<td><a name="testThisJSDoc5"></a>testThisJSDoc5</td><td>Error</td><td>INTERNAL COMPILER ERROR.
Please report this problem.

null
  Node(FUNCTION a): testcode:1:0
function a() { /** @this x */function f() { this.foo = 56; } }
  Parent(SCRIPT): testcode:1:0
function a() { /** @this x */function f() { this.foo = 56; } }
<br>
<br>
<code>java.lang.RuntimeException: INTERNAL COMPILER ERROR.<br>Please report this problem.<br>
<br>null<br>  Node(FUNCTION a): testcode:1:0<br>function a() { /** @this x */function f() { this.foo = 56; } }<br>  Parent(SCRIPT): testcode:1:0<br>function a() { /** @this x */function f() { this.foo = 56; } }<br>
<br>	at com.google.javascript.jscomp.CheckGlobalThis.shouldTraverse(CheckGlobalThis.java:94)<br>	at com.google.javascript.jscomp.CombinedCompilerPass$CallbackWrapper.shouldTraverseIfActive(CombinedCompilerPass.java:130)<br>	at com.google.javascript.jscomp.CombinedCompilerPass.shouldTraverse(CombinedCompilerPass.java:165)<br>	at com.google.javascript.jscomp.NodeTraversal.traverseBranch(NodeTraversal.java:557)<br>	at com.google.javascript.jscomp.NodeTraversal.traverseBranch(NodeTraversal.java:570)<br>	at com.google.javascript.jscomp.NodeTraversal.traverseBranch(NodeTraversal.java:570)<br>	at com.google.javascript.jscomp.NodeTraversal.traverse(NodeTraversal.java:289)<br>	at com.google.javascript.jscomp.NodeTraversal.traverse(NodeTraversal.java:528)<br>	at com.google.javascript.jscomp.CombinedCompilerPass.process(CombinedCompilerPass.java:154)<br>	at com.google.javascript.jscomp.CompilerTestCase.test(CompilerTestCase.java:1044)<br>	at com.google.javascript.jscomp.CompilerTestCase.test(CompilerTestCase.java:935)<br>	at com.google.javascript.jscomp.CompilerTestCase.test(CompilerTestCase.java:543)<br>	at com.google.javascript.jscomp.CompilerTestCase.test(CompilerTestCase.java:509)<br>	at com.google.javascript.jscomp.CompilerTestCase.test(CompilerTestCase.java:450)<br>	at com.google.javascript.jscomp.CompilerTestCase.test(CompilerTestCase.java:408)<br>	at com.google.javascript.jscomp.CompilerTestCase.testSame(CompilerTestCase.java:741)<br>	at com.google.javascript.jscomp.CheckGlobalThisTest.testThisJSDoc5(CheckGlobalThisTest.java:138)<br>Caused by: java.lang.NullPointerException<br>
</code></td><td>0.003</td>
</tr>
<tr valign="top" class="Error">
<td><a name="testMethod1"></a>testMethod1</td><td>Error</td><td>INTERNAL COMPILER ERROR.
Please report this problem.

null
  Node(FUNCTION ): testcode:1:17
A.prototype.m1 = function() { this.m2 = 5; }
  Parent(ASSIGN): testcode:1:0
A.prototype.m1 = function() { this.m2 = 5; }
<br>
<br>
<code>java.lang.RuntimeException: INTERNAL COMPILER ERROR.<br>Please report this problem.<br>
<br>null<br>  Node(FUNCTION ): testcode:1:17<br>A.prototype.m1 = function() { this.m2 = 5; }<br>  Parent(ASSIGN): testcode:1:0<br>A.prototype.m1 = function() { this.m2 = 5; }<br>
<br>	at com.google.javascript.jscomp.CheckGlobalThis.shouldTraverse(CheckGlobalThis.java:94)<br>	at com.google.javascript.jscomp.CombinedCompilerPass$CallbackWrapper.shouldTraverseIfActive(CombinedCompilerPass.java:130)<br>	at com.google.javascript.jscomp.CombinedCompilerPass.shouldTraverse(CombinedCompilerPass.java:165)<br>	at com.google.javascript.jscomp.NodeTraversal.traverseBranch(NodeTraversal.java:557)<br>	at com.google.javascript.jscomp.NodeTraversal.traverseBranch(NodeTraversal.java:570)<br>	at com.google.javascript.jscomp.NodeTraversal.traverseBranch(NodeTraversal.java:570)<br>	at com.google.javascript.jscomp.NodeTraversal.traverseBranch(NodeTraversal.java:570)<br>	at com.google.javascript.jscomp.NodeTraversal.traverseBranch(NodeTraversal.java:570)<br>	at com.google.javascript.jscomp.NodeTraversal.traverse(NodeTraversal.java:289)<br>	at com.google.javascript.jscomp.NodeTraversal.traverse(NodeTraversal.java:528)<br>	at com.google.javascript.jscomp.CombinedCompilerPass.process(CombinedCompilerPass.java:154)<br>	at com.google.javascript.jscomp.CompilerTestCase.test(CompilerTestCase.java:1044)<br>	at com.google.javascript.jscomp.CompilerTestCase.test(CompilerTestCase.java:935)<br>	at com.google.javascript.jscomp.CompilerTestCase.test(CompilerTestCase.java:543)<br>	at com.google.javascript.jscomp.CompilerTestCase.test(CompilerTestCase.java:509)<br>	at com.google.javascript.jscomp.CompilerTestCase.test(CompilerTestCase.java:450)<br>	at com.google.javascript.jscomp.CompilerTestCase.test(CompilerTestCase.java:408)<br>	at com.google.javascript.jscomp.CompilerTestCase.testSame(CompilerTestCase.java:741)<br>	at com.google.javascript.jscomp.CheckGlobalThisTest.testMethod1(CheckGlobalThisTest.java:142)<br>Caused by: java.lang.NullPointerException<br>
</code></td><td>0.002</td>
</tr>
<tr valign="top" class="Error">
<td><a name="testMethod2"></a>testMethod2</td><td>Error</td><td>INTERNAL COMPILER ERROR.
Please report this problem.

null
  Node(FUNCTION ): testcode:1:19
a.B.prototype.m1 = function() { this.m2 = 5; }
  Parent(ASSIGN): testcode:1:0
a.B.prototype.m1 = function() { this.m2 = 5; }
<br>
<br>
<code>java.lang.RuntimeException: INTERNAL COMPILER ERROR.<br>Please report this problem.<br>
<br>null<br>  Node(FUNCTION ): testcode:1:19<br>a.B.prototype.m1 = function() { this.m2 = 5; }<br>  Parent(ASSIGN): testcode:1:0<br>a.B.prototype.m1 = function() { this.m2 = 5; }<br>
<br>	at com.google.javascript.jscomp.CheckGlobalThis.shouldTraverse(CheckGlobalThis.java:94)<br>	at com.google.javascript.jscomp.CombinedCompilerPass$CallbackWrapper.shouldTraverseIfActive(CombinedCompilerPass.java:130)<br>	at com.google.javascript.jscomp.CombinedCompilerPass.shouldTraverse(CombinedCompilerPass.java:165)<br>	at com.google.javascript.jscomp.NodeTraversal.traverseBranch(NodeTraversal.java:557)<br>	at com.google.javascript.jscomp.NodeTraversal.traverseBranch(NodeTraversal.java:570)<br>	at com.google.javascript.jscomp.NodeTraversal.traverseBranch(NodeTraversal.java:570)<br>	at com.google.javascript.jscomp.NodeTraversal.traverseBranch(NodeTraversal.java:570)<br>	at com.google.javascript.jscomp.NodeTraversal.traverseBranch(NodeTraversal.java:570)<br>	at com.google.javascript.jscomp.NodeTraversal.traverse(NodeTraversal.java:289)<br>	at com.google.javascript.jscomp.NodeTraversal.traverse(NodeTraversal.java:528)<br>	at com.google.javascript.jscomp.CombinedCompilerPass.process(CombinedCompilerPass.java:154)<br>	at com.google.javascript.jscomp.CompilerTestCase.test(CompilerTestCase.java:1044)<br>	at com.google.javascript.jscomp.CompilerTestCase.test(CompilerTestCase.java:935)<br>	at com.google.javascript.jscomp.CompilerTestCase.test(CompilerTestCase.java:543)<br>	at com.google.javascript.jscomp.CompilerTestCase.test(CompilerTestCase.java:509)<br>	at com.google.javascript.jscomp.CompilerTestCase.test(CompilerTestCase.java:450)<br>	at com.google.javascript.jscomp.CompilerTestCase.test(CompilerTestCase.java:408)<br>	at com.google.javascript.jscomp.CompilerTestCase.testSame(CompilerTestCase.java:741)<br>	at com.google.javascript.jscomp.CheckGlobalThisTest.testMethod2(CheckGlobalThisTest.java:146)<br>Caused by: java.lang.NullPointerException<br>
</code></td><td>0.001</td>
</tr>
<tr valign="top" class="Error">
<td><a name="testMethod3"></a>testMethod3</td><td>Error</td><td>INTERNAL COMPILER ERROR.
Please report this problem.

null
  Node(FUNCTION ): testcode:1:23
a.b.c.D.prototype.m1 = function() { this.m2 = 5; }
  Parent(ASSIGN): testcode:1:0
a.b.c.D.prototype.m1 = function() { this.m2 = 5; }
<br>
<br>
<code>java.lang.RuntimeException: INTERNAL COMPILER ERROR.<br>Please report this problem.<br>
<br>null<br>  Node(FUNCTION ): testcode:1:23<br>a.b.c.D.prototype.m1 = function() { this.m2 = 5; }<br>  Parent(ASSIGN): testcode:1:0<br>a.b.c.D.prototype.m1 = function() { this.m2 = 5; }<br>
<br>	at com.google.javascript.jscomp.CheckGlobalThis.shouldTraverse(CheckGlobalThis.java:94)<br>	at com.google.javascript.jscomp.CombinedCompilerPass$CallbackWrapper.shouldTraverseIfActive(CombinedCompilerPass.java:130)<br>	at com.google.javascript.jscomp.CombinedCompilerPass.shouldTraverse(CombinedCompilerPass.java:165)<br>	at com.google.javascript.jscomp.NodeTraversal.traverseBranch(NodeTraversal.java:557)<br>	at com.google.javascript.jscomp.NodeTraversal.traverseBranch(NodeTraversal.java:570)<br>	at com.google.javascript.jscomp.NodeTraversal.traverseBranch(NodeTraversal.java:570)<br>	at com.google.javascript.jscomp.NodeTraversal.traverseBranch(NodeTraversal.java:570)<br>	at com.google.javascript.jscomp.NodeTraversal.traverseBranch(NodeTraversal.java:570)<br>	at com.google.javascript.jscomp.NodeTraversal.traverse(NodeTraversal.java:289)<br>	at com.google.javascript.jscomp.NodeTraversal.traverse(NodeTraversal.java:528)<br>	at com.google.javascript.jscomp.CombinedCompilerPass.process(CombinedCompilerPass.java:154)<br>	at com.google.javascript.jscomp.CompilerTestCase.test(CompilerTestCase.java:1044)<br>	at com.google.javascript.jscomp.CompilerTestCase.test(CompilerTestCase.java:935)<br>	at com.google.javascript.jscomp.CompilerTestCase.test(CompilerTestCase.java:543)<br>	at com.google.javascript.jscomp.CompilerTestCase.test(CompilerTestCase.java:509)<br>	at com.google.javascript.jscomp.CompilerTestCase.test(CompilerTestCase.java:450)<br>	at com.google.javascript.jscomp.CompilerTestCase.test(CompilerTestCase.java:408)<br>	at com.google.javascript.jscomp.CompilerTestCase.testSame(CompilerTestCase.java:741)<br>	at com.google.javascript.jscomp.CheckGlobalThisTest.testMethod3(CheckGlobalThisTest.java:150)<br>Caused by: java.lang.NullPointerException<br>
</code></td><td>0.002</td>
</tr>
<tr valign="top" class="Error">
<td><a name="testMethod4"></a>testMethod4</td><td>Error</td><td>INTERNAL COMPILER ERROR.
Please report this problem.

null
  Node(FUNCTION ): testcode:1:26
a.prototype['x' + 'y'] =  function() { this.foo = 3; };
  Parent(ASSIGN): testcode:1:0
a.prototype['x' + 'y'] =  function() { this.foo = 3; };
<br>
<br>
<code>java.lang.RuntimeException: INTERNAL COMPILER ERROR.<br>Please report this problem.<br>
<br>null<br>  Node(FUNCTION ): testcode:1:26<br>a.prototype['x' + 'y'] =  function() { this.foo = 3; };<br>  Parent(ASSIGN): testcode:1:0<br>a.prototype['x' + 'y'] =  function() { this.foo = 3; };<br>
<br>	at com.google.javascript.jscomp.CheckGlobalThis.shouldTraverse(CheckGlobalThis.java:94)<br>	at com.google.javascript.jscomp.CombinedCompilerPass$CallbackWrapper.shouldTraverseIfActive(CombinedCompilerPass.java:130)<br>	at com.google.javascript.jscomp.CombinedCompilerPass.shouldTraverse(CombinedCompilerPass.java:165)<br>	at com.google.javascript.jscomp.NodeTraversal.traverseBranch(NodeTraversal.java:557)<br>	at com.google.javascript.jscomp.NodeTraversal.traverseBranch(NodeTraversal.java:570)<br>	at com.google.javascript.jscomp.NodeTraversal.traverseBranch(NodeTraversal.java:570)<br>	at com.google.javascript.jscomp.NodeTraversal.traverseBranch(NodeTraversal.java:570)<br>	at com.google.javascript.jscomp.NodeTraversal.traverseBranch(NodeTraversal.java:570)<br>	at com.google.javascript.jscomp.NodeTraversal.traverse(NodeTraversal.java:289)<br>	at com.google.javascript.jscomp.NodeTraversal.traverse(NodeTraversal.java:528)<br>	at com.google.javascript.jscomp.CombinedCompilerPass.process(CombinedCompilerPass.java:154)<br>	at com.google.javascript.jscomp.CompilerTestCase.test(CompilerTestCase.java:1044)<br>	at com.google.javascript.jscomp.CompilerTestCase.test(CompilerTestCase.java:935)<br>	at com.google.javascript.jscomp.CompilerTestCase.test(CompilerTestCase.java:543)<br>	at com.google.javascript.jscomp.CompilerTestCase.test(CompilerTestCase.java:509)<br>	at com.google.javascript.jscomp.CompilerTestCase.test(CompilerTestCase.java:450)<br>	at com.google.javascript.jscomp.CompilerTestCase.test(CompilerTestCase.java:408)<br>	at com.google.javascript.jscomp.CompilerTestCase.testSame(CompilerTestCase.java:741)<br>	at com.google.javascript.jscomp.CheckGlobalThisTest.testMethod4(CheckGlobalThisTest.java:154)<br>Caused by: java.lang.NullPointerException<br>
</code></td><td>0.002</td>
</tr>
<tr valign="top" class="Error">
<td><a name="testPropertyOfMethod"></a>testPropertyOfMethod</td><td>Error</td><td>INTERNAL COMPILER ERROR.
Please report this problem.

null
  Node(FUNCTION ): testcode:1:37
a.protoype.b = {}; a.prototype.b.c = function() { this.foo = 3; };
  Parent(ASSIGN): testcode:1:19
a.protoype.b = {}; a.prototype.b.c = function() { this.foo = 3; };
<br>
<br>
<code>java.lang.RuntimeException: INTERNAL COMPILER ERROR.<br>Please report this problem.<br>
<br>null<br>  Node(FUNCTION ): testcode:1:37<br>a.protoype.b = {}; a.prototype.b.c = function() { this.foo = 3; };<br>  Parent(ASSIGN): testcode:1:19<br>a.protoype.b = {}; a.prototype.b.c = function() { this.foo = 3; };<br>
<br>	at com.google.javascript.jscomp.CheckGlobalThis.shouldTraverse(CheckGlobalThis.java:94)<br>	at com.google.javascript.jscomp.CombinedCompilerPass$CallbackWrapper.shouldTraverseIfActive(CombinedCompilerPass.java:130)<br>	at com.google.javascript.jscomp.CombinedCompilerPass.shouldTraverse(CombinedCompilerPass.java:165)<br>	at com.google.javascript.jscomp.NodeTraversal.traverseBranch(NodeTraversal.java:557)<br>	at com.google.javascript.jscomp.NodeTraversal.traverseBranch(NodeTraversal.java:570)<br>	at com.google.javascript.jscomp.NodeTraversal.traverseBranch(NodeTraversal.java:570)<br>	at com.google.javascript.jscomp.NodeTraversal.traverseBranch(NodeTraversal.java:570)<br>	at com.google.javascript.jscomp.NodeTraversal.traverseBranch(NodeTraversal.java:570)<br>	at com.google.javascript.jscomp.NodeTraversal.traverse(NodeTraversal.java:289)<br>	at com.google.javascript.jscomp.NodeTraversal.traverse(NodeTraversal.java:528)<br>	at com.google.javascript.jscomp.CombinedCompilerPass.process(CombinedCompilerPass.java:154)<br>	at com.google.javascript.jscomp.CompilerTestCase.test(CompilerTestCase.java:1044)<br>	at com.google.javascript.jscomp.CompilerTestCase.test(CompilerTestCase.java:935)<br>	at com.google.javascript.jscomp.CompilerTestCase.test(CompilerTestCase.java:543)<br>	at com.google.javascript.jscomp.CompilerTestCase.test(CompilerTestCase.java:509)<br>	at com.google.javascript.jscomp.CompilerTestCase.test(CompilerTestCase.java:450)<br>	at com.google.javascript.jscomp.CompilerTestCase.testSame(CompilerTestCase.java:752)<br>	at com.google.javascript.jscomp.CheckGlobalThisTest.testFailure(CheckGlobalThisTest.java:36)<br>	at com.google.javascript.jscomp.CheckGlobalThisTest.testPropertyOfMethod(CheckGlobalThisTest.java:158)<br>Caused by: java.lang.NullPointerException<br>
</code></td><td>0.020</td>
</tr>
<tr valign="top" class="Error">
<td><a name="testStaticMethod1"></a>testStaticMethod1</td><td>Error</td><td>INTERNAL COMPILER ERROR.
Please report this problem.

null
  Node(FUNCTION ): testcode:1:6
a.b = function() { this.m2 = 5; }
  Parent(ASSIGN): testcode:1:0
a.b = function() { this.m2 = 5; }
<br>
<br>
<code>java.lang.RuntimeException: INTERNAL COMPILER ERROR.<br>Please report this problem.<br>
<br>null<br>  Node(FUNCTION ): testcode:1:6<br>a.b = function() { this.m2 = 5; }<br>  Parent(ASSIGN): testcode:1:0<br>a.b = function() { this.m2 = 5; }<br>
<br>	at com.google.javascript.jscomp.CheckGlobalThis.shouldTraverse(CheckGlobalThis.java:94)<br>	at com.google.javascript.jscomp.CombinedCompilerPass$CallbackWrapper.shouldTraverseIfActive(CombinedCompilerPass.java:130)<br>	at com.google.javascript.jscomp.CombinedCompilerPass.shouldTraverse(CombinedCompilerPass.java:165)<br>	at com.google.javascript.jscomp.NodeTraversal.traverseBranch(NodeTraversal.java:557)<br>	at com.google.javascript.jscomp.NodeTraversal.traverseBranch(NodeTraversal.java:570)<br>	at com.google.javascript.jscomp.NodeTraversal.traverseBranch(NodeTraversal.java:570)<br>	at com.google.javascript.jscomp.NodeTraversal.traverseBranch(NodeTraversal.java:570)<br>	at com.google.javascript.jscomp.NodeTraversal.traverseBranch(NodeTraversal.java:570)<br>	at com.google.javascript.jscomp.NodeTraversal.traverse(NodeTraversal.java:289)<br>	at com.google.javascript.jscomp.NodeTraversal.traverse(NodeTraversal.java:528)<br>	at com.google.javascript.jscomp.CombinedCompilerPass.process(CombinedCompilerPass.java:154)<br>	at com.google.javascript.jscomp.CompilerTestCase.test(CompilerTestCase.java:1044)<br>	at com.google.javascript.jscomp.CompilerTestCase.test(CompilerTestCase.java:935)<br>	at com.google.javascript.jscomp.CompilerTestCase.test(CompilerTestCase.java:543)<br>	at com.google.javascript.jscomp.CompilerTestCase.test(CompilerTestCase.java:509)<br>	at com.google.javascript.jscomp.CompilerTestCase.test(CompilerTestCase.java:450)<br>	at com.google.javascript.jscomp.CompilerTestCase.testSame(CompilerTestCase.java:752)<br>	at com.google.javascript.jscomp.CheckGlobalThisTest.testFailure(CheckGlobalThisTest.java:36)<br>	at com.google.javascript.jscomp.CheckGlobalThisTest.testStaticMethod1(CheckGlobalThisTest.java:163)<br>Caused by: java.lang.NullPointerException<br>
</code></td><td>0.002</td>
</tr>
<tr valign="top" class="Error">
<td><a name="testStaticMethod2"></a>testStaticMethod2</td><td>Error</td><td>INTERNAL COMPILER ERROR.
Please report this problem.

null
  Node(FUNCTION ): testcode:1:6
a.b = function() { return function() { this.m2 = 5; } }
  Parent(ASSIGN): testcode:1:0
a.b = function() { return function() { this.m2 = 5; } }
<br>
<br>
<code>java.lang.RuntimeException: INTERNAL COMPILER ERROR.<br>Please report this problem.<br>
<br>null<br>  Node(FUNCTION ): testcode:1:6<br>a.b = function() { return function() { this.m2 = 5; } }<br>  Parent(ASSIGN): testcode:1:0<br>a.b = function() { return function() { this.m2 = 5; } }<br>
<br>	at com.google.javascript.jscomp.CheckGlobalThis.shouldTraverse(CheckGlobalThis.java:94)<br>	at com.google.javascript.jscomp.CombinedCompilerPass$CallbackWrapper.shouldTraverseIfActive(CombinedCompilerPass.java:130)<br>	at com.google.javascript.jscomp.CombinedCompilerPass.shouldTraverse(CombinedCompilerPass.java:165)<br>	at com.google.javascript.jscomp.NodeTraversal.traverseBranch(NodeTraversal.java:557)<br>	at com.google.javascript.jscomp.NodeTraversal.traverseBranch(NodeTraversal.java:570)<br>	at com.google.javascript.jscomp.NodeTraversal.traverseBranch(NodeTraversal.java:570)<br>	at com.google.javascript.jscomp.NodeTraversal.traverseBranch(NodeTraversal.java:570)<br>	at com.google.javascript.jscomp.NodeTraversal.traverseBranch(NodeTraversal.java:570)<br>	at com.google.javascript.jscomp.NodeTraversal.traverse(NodeTraversal.java:289)<br>	at com.google.javascript.jscomp.NodeTraversal.traverse(NodeTraversal.java:528)<br>	at com.google.javascript.jscomp.CombinedCompilerPass.process(CombinedCompilerPass.java:154)<br>	at com.google.javascript.jscomp.CompilerTestCase.test(CompilerTestCase.java:1044)<br>	at com.google.javascript.jscomp.CompilerTestCase.test(CompilerTestCase.java:935)<br>	at com.google.javascript.jscomp.CompilerTestCase.test(CompilerTestCase.java:543)<br>	at com.google.javascript.jscomp.CompilerTestCase.test(CompilerTestCase.java:509)<br>	at com.google.javascript.jscomp.CompilerTestCase.test(CompilerTestCase.java:450)<br>	at com.google.javascript.jscomp.CompilerTestCase.test(CompilerTestCase.java:408)<br>	at com.google.javascript.jscomp.CompilerTestCase.testSame(CompilerTestCase.java:741)<br>	at com.google.javascript.jscomp.CheckGlobalThisTest.testStaticMethod2(CheckGlobalThisTest.java:167)<br>Caused by: java.lang.NullPointerException<br>
</code></td><td>0.002</td>
</tr>
<tr valign="top" class="Error">
<td><a name="testStaticMethod3"></a>testStaticMethod3</td><td>Error</td><td>INTERNAL COMPILER ERROR.
Please report this problem.

null
  Node(FUNCTION ): testcode:1:8
a.b.c = function() { return function() { this.m2 = 5; } }
  Parent(ASSIGN): testcode:1:0
a.b.c = function() { return function() { this.m2 = 5; } }
<br>
<br>
<code>java.lang.RuntimeException: INTERNAL COMPILER ERROR.<br>Please report this problem.<br>
<br>null<br>  Node(FUNCTION ): testcode:1:8<br>a.b.c = function() { return function() { this.m2 = 5; } }<br>  Parent(ASSIGN): testcode:1:0<br>a.b.c = function() { return function() { this.m2 = 5; } }<br>
<br>	at com.google.javascript.jscomp.CheckGlobalThis.shouldTraverse(CheckGlobalThis.java:94)<br>	at com.google.javascript.jscomp.CombinedCompilerPass$CallbackWrapper.shouldTraverseIfActive(CombinedCompilerPass.java:130)<br>	at com.google.javascript.jscomp.CombinedCompilerPass.shouldTraverse(CombinedCompilerPass.java:165)<br>	at com.google.javascript.jscomp.NodeTraversal.traverseBranch(NodeTraversal.java:557)<br>	at com.google.javascript.jscomp.NodeTraversal.traverseBranch(NodeTraversal.java:570)<br>	at com.google.javascript.jscomp.NodeTraversal.traverseBranch(NodeTraversal.java:570)<br>	at com.google.javascript.jscomp.NodeTraversal.traverseBranch(NodeTraversal.java:570)<br>	at com.google.javascript.jscomp.NodeTraversal.traverseBranch(NodeTraversal.java:570)<br>	at com.google.javascript.jscomp.NodeTraversal.traverse(NodeTraversal.java:289)<br>	at com.google.javascript.jscomp.NodeTraversal.traverse(NodeTraversal.java:528)<br>	at com.google.javascript.jscomp.CombinedCompilerPass.process(CombinedCompilerPass.java:154)<br>	at com.google.javascript.jscomp.CompilerTestCase.test(CompilerTestCase.java:1044)<br>	at com.google.javascript.jscomp.CompilerTestCase.test(CompilerTestCase.java:935)<br>	at com.google.javascript.jscomp.CompilerTestCase.test(CompilerTestCase.java:543)<br>	at com.google.javascript.jscomp.CompilerTestCase.test(CompilerTestCase.java:509)<br>	at com.google.javascript.jscomp.CompilerTestCase.test(CompilerTestCase.java:450)<br>	at com.google.javascript.jscomp.CompilerTestCase.test(CompilerTestCase.java:408)<br>	at com.google.javascript.jscomp.CompilerTestCase.testSame(CompilerTestCase.java:741)<br>	at com.google.javascript.jscomp.CheckGlobalThisTest.testStaticMethod3(CheckGlobalThisTest.java:171)<br>Caused by: java.lang.NullPointerException<br>
</code></td><td>0.002</td>
</tr>
<tr valign="top" class="Error">
<td><a name="testMethodInStaticFunction"></a>testMethodInStaticFunction</td><td>Error</td><td>INTERNAL COMPILER ERROR.
Please report this problem.

null
  Node(FUNCTION f): testcode:1:0
function f() { A.prototype.m1 = function() { this.m2 = 5; } }
  Parent(SCRIPT): testcode:1:0
function f() { A.prototype.m1 = function() { this.m2 = 5; } }
<br>
<br>
<code>java.lang.RuntimeException: INTERNAL COMPILER ERROR.<br>Please report this problem.<br>
<br>null<br>  Node(FUNCTION f): testcode:1:0<br>function f() { A.prototype.m1 = function() { this.m2 = 5; } }<br>  Parent(SCRIPT): testcode:1:0<br>function f() { A.prototype.m1 = function() { this.m2 = 5; } }<br>
<br>	at com.google.javascript.jscomp.CheckGlobalThis.shouldTraverse(CheckGlobalThis.java:94)<br>	at com.google.javascript.jscomp.CombinedCompilerPass$CallbackWrapper.shouldTraverseIfActive(CombinedCompilerPass.java:130)<br>	at com.google.javascript.jscomp.CombinedCompilerPass.shouldTraverse(CombinedCompilerPass.java:165)<br>	at com.google.javascript.jscomp.NodeTraversal.traverseBranch(NodeTraversal.java:557)<br>	at com.google.javascript.jscomp.NodeTraversal.traverseBranch(NodeTraversal.java:570)<br>	at com.google.javascript.jscomp.NodeTraversal.traverseBranch(NodeTraversal.java:570)<br>	at com.google.javascript.jscomp.NodeTraversal.traverse(NodeTraversal.java:289)<br>	at com.google.javascript.jscomp.NodeTraversal.traverse(NodeTraversal.java:528)<br>	at com.google.javascript.jscomp.CombinedCompilerPass.process(CombinedCompilerPass.java:154)<br>	at com.google.javascript.jscomp.CompilerTestCase.test(CompilerTestCase.java:1044)<br>	at com.google.javascript.jscomp.CompilerTestCase.test(CompilerTestCase.java:935)<br>	at com.google.javascript.jscomp.CompilerTestCase.test(CompilerTestCase.java:543)<br>	at com.google.javascript.jscomp.CompilerTestCase.test(CompilerTestCase.java:509)<br>	at com.google.javascript.jscomp.CompilerTestCase.test(CompilerTestCase.java:450)<br>	at com.google.javascript.jscomp.CompilerTestCase.test(CompilerTestCase.java:408)<br>	at com.google.javascript.jscomp.CompilerTestCase.testSame(CompilerTestCase.java:741)<br>	at com.google.javascript.jscomp.CheckGlobalThisTest.testMethodInStaticFunction(CheckGlobalThisTest.java:175)<br>Caused by: java.lang.NullPointerException<br>
</code></td><td>0.003</td>
</tr>
<tr valign="top" class="Error">
<td><a name="testStaticFunctionInMethod1"></a>testStaticFunctionInMethod1</td><td>Error</td><td>INTERNAL COMPILER ERROR.
Please report this problem.

null
  Node(FUNCTION ): testcode:1:17
A.prototype.m1 = function() { function me() { this.m2 = 5; } }
  Parent(ASSIGN): testcode:1:0
A.prototype.m1 = function() { function me() { this.m2 = 5; } }
<br>
<br>
<code>java.lang.RuntimeException: INTERNAL COMPILER ERROR.<br>Please report this problem.<br>
<br>null<br>  Node(FUNCTION ): testcode:1:17<br>A.prototype.m1 = function() { function me() { this.m2 = 5; } }<br>  Parent(ASSIGN): testcode:1:0<br>A.prototype.m1 = function() { function me() { this.m2 = 5; } }<br>
<br>	at com.google.javascript.jscomp.CheckGlobalThis.shouldTraverse(CheckGlobalThis.java:94)<br>	at com.google.javascript.jscomp.CombinedCompilerPass$CallbackWrapper.shouldTraverseIfActive(CombinedCompilerPass.java:130)<br>	at com.google.javascript.jscomp.CombinedCompilerPass.shouldTraverse(CombinedCompilerPass.java:165)<br>	at com.google.javascript.jscomp.NodeTraversal.traverseBranch(NodeTraversal.java:557)<br>	at com.google.javascript.jscomp.NodeTraversal.traverseBranch(NodeTraversal.java:570)<br>	at com.google.javascript.jscomp.NodeTraversal.traverseBranch(NodeTraversal.java:570)<br>	at com.google.javascript.jscomp.NodeTraversal.traverseBranch(NodeTraversal.java:570)<br>	at com.google.javascript.jscomp.NodeTraversal.traverseBranch(NodeTraversal.java:570)<br>	at com.google.javascript.jscomp.NodeTraversal.traverse(NodeTraversal.java:289)<br>	at com.google.javascript.jscomp.NodeTraversal.traverse(NodeTraversal.java:528)<br>	at com.google.javascript.jscomp.CombinedCompilerPass.process(CombinedCompilerPass.java:154)<br>	at com.google.javascript.jscomp.CompilerTestCase.test(CompilerTestCase.java:1044)<br>	at com.google.javascript.jscomp.CompilerTestCase.test(CompilerTestCase.java:935)<br>	at com.google.javascript.jscomp.CompilerTestCase.test(CompilerTestCase.java:543)<br>	at com.google.javascript.jscomp.CompilerTestCase.test(CompilerTestCase.java:509)<br>	at com.google.javascript.jscomp.CompilerTestCase.test(CompilerTestCase.java:450)<br>	at com.google.javascript.jscomp.CompilerTestCase.test(CompilerTestCase.java:408)<br>	at com.google.javascript.jscomp.CompilerTestCase.testSame(CompilerTestCase.java:741)<br>	at com.google.javascript.jscomp.CheckGlobalThisTest.testStaticFunctionInMethod1(CheckGlobalThisTest.java:179)<br>Caused by: java.lang.NullPointerException<br>
</code></td><td>0.001</td>
</tr>
<tr valign="top" class="Error">
<td><a name="testStaticFunctionInMethod2"></a>testStaticFunctionInMethod2</td><td>Error</td><td>INTERNAL COMPILER ERROR.
Please report this problem.

null
  Node(FUNCTION ): testcode:1:17
A.prototype.m1 = function() {  function me() {    function myself() {      function andI() { this.m2 = 5; } } } }
  Parent(ASSIGN): testcode:1:0
A.prototype.m1 = function() {  function me() {    function myself() {      function andI() { this.m2 = 5; } } } }
<br>
<br>
<code>java.lang.RuntimeException: INTERNAL COMPILER ERROR.<br>Please report this problem.<br>
<br>null<br>  Node(FUNCTION ): testcode:1:17<br>A.prototype.m1 = function() {  function me() {    function myself() {      function andI() { this.m2 = 5; } } } }<br>  Parent(ASSIGN): testcode:1:0<br>A.prototype.m1 = function() {  function me() {    function myself() {      function andI() { this.m2 = 5; } } } }<br>
<br>	at com.google.javascript.jscomp.CheckGlobalThis.shouldTraverse(CheckGlobalThis.java:94)<br>	at com.google.javascript.jscomp.CombinedCompilerPass$CallbackWrapper.shouldTraverseIfActive(CombinedCompilerPass.java:130)<br>	at com.google.javascript.jscomp.CombinedCompilerPass.shouldTraverse(CombinedCompilerPass.java:165)<br>	at com.google.javascript.jscomp.NodeTraversal.traverseBranch(NodeTraversal.java:557)<br>	at com.google.javascript.jscomp.NodeTraversal.traverseBranch(NodeTraversal.java:570)<br>	at com.google.javascript.jscomp.NodeTraversal.traverseBranch(NodeTraversal.java:570)<br>	at com.google.javascript.jscomp.NodeTraversal.traverseBranch(NodeTraversal.java:570)<br>	at com.google.javascript.jscomp.NodeTraversal.traverseBranch(NodeTraversal.java:570)<br>	at com.google.javascript.jscomp.NodeTraversal.traverse(NodeTraversal.java:289)<br>	at com.google.javascript.jscomp.NodeTraversal.traverse(NodeTraversal.java:528)<br>	at com.google.javascript.jscomp.CombinedCompilerPass.process(CombinedCompilerPass.java:154)<br>	at com.google.javascript.jscomp.CompilerTestCase.test(CompilerTestCase.java:1044)<br>	at com.google.javascript.jscomp.CompilerTestCase.test(CompilerTestCase.java:935)<br>	at com.google.javascript.jscomp.CompilerTestCase.test(CompilerTestCase.java:543)<br>	at com.google.javascript.jscomp.CompilerTestCase.test(CompilerTestCase.java:509)<br>	at com.google.javascript.jscomp.CompilerTestCase.test(CompilerTestCase.java:450)<br>	at com.google.javascript.jscomp.CompilerTestCase.test(CompilerTestCase.java:408)<br>	at com.google.javascript.jscomp.CompilerTestCase.testSame(CompilerTestCase.java:741)<br>	at com.google.javascript.jscomp.CheckGlobalThisTest.testStaticFunctionInMethod2(CheckGlobalThisTest.java:183)<br>Caused by: java.lang.NullPointerException<br>
</code></td><td>0.002</td>
</tr>
<tr valign="top" class="Error">
<td><a name="testInnerFunction1"></a>testInnerFunction1</td><td>Error</td><td>INTERNAL COMPILER ERROR.
Please report this problem.

null
  Node(FUNCTION f): testcode:1:0
function f() { function g() { return this.x; } }
  Parent(SCRIPT): testcode:1:0
function f() { function g() { return this.x; } }
<br>
<br>
<code>java.lang.RuntimeException: INTERNAL COMPILER ERROR.<br>Please report this problem.<br>
<br>null<br>  Node(FUNCTION f): testcode:1:0<br>function f() { function g() { return this.x; } }<br>  Parent(SCRIPT): testcode:1:0<br>function f() { function g() { return this.x; } }<br>
<br>	at com.google.javascript.jscomp.CheckGlobalThis.shouldTraverse(CheckGlobalThis.java:94)<br>	at com.google.javascript.jscomp.CombinedCompilerPass$CallbackWrapper.shouldTraverseIfActive(CombinedCompilerPass.java:130)<br>	at com.google.javascript.jscomp.CombinedCompilerPass.shouldTraverse(CombinedCompilerPass.java:165)<br>	at com.google.javascript.jscomp.NodeTraversal.traverseBranch(NodeTraversal.java:557)<br>	at com.google.javascript.jscomp.NodeTraversal.traverseBranch(NodeTraversal.java:570)<br>	at com.google.javascript.jscomp.NodeTraversal.traverseBranch(NodeTraversal.java:570)<br>	at com.google.javascript.jscomp.NodeTraversal.traverse(NodeTraversal.java:289)<br>	at com.google.javascript.jscomp.NodeTraversal.traverse(NodeTraversal.java:528)<br>	at com.google.javascript.jscomp.CombinedCompilerPass.process(CombinedCompilerPass.java:154)<br>	at com.google.javascript.jscomp.CompilerTestCase.test(CompilerTestCase.java:1044)<br>	at com.google.javascript.jscomp.CompilerTestCase.test(CompilerTestCase.java:935)<br>	at com.google.javascript.jscomp.CompilerTestCase.test(CompilerTestCase.java:543)<br>	at com.google.javascript.jscomp.CompilerTestCase.test(CompilerTestCase.java:509)<br>	at com.google.javascript.jscomp.CompilerTestCase.test(CompilerTestCase.java:450)<br>	at com.google.javascript.jscomp.CompilerTestCase.testSame(CompilerTestCase.java:752)<br>	at com.google.javascript.jscomp.CheckGlobalThisTest.testFailure(CheckGlobalThisTest.java:36)<br>	at com.google.javascript.jscomp.CheckGlobalThisTest.testInnerFunction1(CheckGlobalThisTest.java:190)<br>Caused by: java.lang.NullPointerException<br>
</code></td><td>0.002</td>
</tr>
<tr valign="top" class="Error">
<td><a name="testInnerFunction2"></a>testInnerFunction2</td><td>Error</td><td>INTERNAL COMPILER ERROR.
Please report this problem.

null
  Node(FUNCTION f): testcode:1:0
function f() { var g = function() { return this.x; } }
  Parent(SCRIPT): testcode:1:0
function f() { var g = function() { return this.x; } }
<br>
<br>
<code>java.lang.RuntimeException: INTERNAL COMPILER ERROR.<br>Please report this problem.<br>
<br>null<br>  Node(FUNCTION f): testcode:1:0<br>function f() { var g = function() { return this.x; } }<br>  Parent(SCRIPT): testcode:1:0<br>function f() { var g = function() { return this.x; } }<br>
<br>	at com.google.javascript.jscomp.CheckGlobalThis.shouldTraverse(CheckGlobalThis.java:94)<br>	at com.google.javascript.jscomp.CombinedCompilerPass$CallbackWrapper.shouldTraverseIfActive(CombinedCompilerPass.java:130)<br>	at com.google.javascript.jscomp.CombinedCompilerPass.shouldTraverse(CombinedCompilerPass.java:165)<br>	at com.google.javascript.jscomp.NodeTraversal.traverseBranch(NodeTraversal.java:557)<br>	at com.google.javascript.jscomp.NodeTraversal.traverseBranch(NodeTraversal.java:570)<br>	at com.google.javascript.jscomp.NodeTraversal.traverseBranch(NodeTraversal.java:570)<br>	at com.google.javascript.jscomp.NodeTraversal.traverse(NodeTraversal.java:289)<br>	at com.google.javascript.jscomp.NodeTraversal.traverse(NodeTraversal.java:528)<br>	at com.google.javascript.jscomp.CombinedCompilerPass.process(CombinedCompilerPass.java:154)<br>	at com.google.javascript.jscomp.CompilerTestCase.test(CompilerTestCase.java:1044)<br>	at com.google.javascript.jscomp.CompilerTestCase.test(CompilerTestCase.java:935)<br>	at com.google.javascript.jscomp.CompilerTestCase.test(CompilerTestCase.java:543)<br>	at com.google.javascript.jscomp.CompilerTestCase.test(CompilerTestCase.java:509)<br>	at com.google.javascript.jscomp.CompilerTestCase.test(CompilerTestCase.java:450)<br>	at com.google.javascript.jscomp.CompilerTestCase.testSame(CompilerTestCase.java:752)<br>	at com.google.javascript.jscomp.CheckGlobalThisTest.testFailure(CheckGlobalThisTest.java:36)<br>	at com.google.javascript.jscomp.CheckGlobalThisTest.testInnerFunction2(CheckGlobalThisTest.java:194)<br>Caused by: java.lang.NullPointerException<br>
</code></td><td>0.002</td>
</tr>
<tr valign="top" class="Error">
<td><a name="testInnerFunction3"></a>testInnerFunction3</td><td>Error</td><td>INTERNAL COMPILER ERROR.
Please report this problem.

null
  Node(FUNCTION f): testcode:1:0
function f() { var x = {}; x.y = function() { return this.x; } }
  Parent(SCRIPT): testcode:1:0
function f() { var x = {}; x.y = function() { return this.x; } }
<br>
<br>
<code>java.lang.RuntimeException: INTERNAL COMPILER ERROR.<br>Please report this problem.<br>
<br>null<br>  Node(FUNCTION f): testcode:1:0<br>function f() { var x = {}; x.y = function() { return this.x; } }<br>  Parent(SCRIPT): testcode:1:0<br>function f() { var x = {}; x.y = function() { return this.x; } }<br>
<br>	at com.google.javascript.jscomp.CheckGlobalThis.shouldTraverse(CheckGlobalThis.java:94)<br>	at com.google.javascript.jscomp.CombinedCompilerPass$CallbackWrapper.shouldTraverseIfActive(CombinedCompilerPass.java:130)<br>	at com.google.javascript.jscomp.CombinedCompilerPass.shouldTraverse(CombinedCompilerPass.java:165)<br>	at com.google.javascript.jscomp.NodeTraversal.traverseBranch(NodeTraversal.java:557)<br>	at com.google.javascript.jscomp.NodeTraversal.traverseBranch(NodeTraversal.java:570)<br>	at com.google.javascript.jscomp.NodeTraversal.traverseBranch(NodeTraversal.java:570)<br>	at com.google.javascript.jscomp.NodeTraversal.traverse(NodeTraversal.java:289)<br>	at com.google.javascript.jscomp.NodeTraversal.traverse(NodeTraversal.java:528)<br>	at com.google.javascript.jscomp.CombinedCompilerPass.process(CombinedCompilerPass.java:154)<br>	at com.google.javascript.jscomp.CompilerTestCase.test(CompilerTestCase.java:1044)<br>	at com.google.javascript.jscomp.CompilerTestCase.test(CompilerTestCase.java:935)<br>	at com.google.javascript.jscomp.CompilerTestCase.test(CompilerTestCase.java:543)<br>	at com.google.javascript.jscomp.CompilerTestCase.test(CompilerTestCase.java:509)<br>	at com.google.javascript.jscomp.CompilerTestCase.test(CompilerTestCase.java:450)<br>	at com.google.javascript.jscomp.CompilerTestCase.testSame(CompilerTestCase.java:752)<br>	at com.google.javascript.jscomp.CheckGlobalThisTest.testFailure(CheckGlobalThisTest.java:36)<br>	at com.google.javascript.jscomp.CheckGlobalThisTest.testInnerFunction3(CheckGlobalThisTest.java:198)<br>Caused by: java.lang.NullPointerException<br>
</code></td><td>0.002</td>
</tr>
<tr valign="top" class="Error">
<td><a name="testInnerFunction4"></a>testInnerFunction4</td><td>Error</td><td>INTERNAL COMPILER ERROR.
Please report this problem.

null
  Node(FUNCTION f): testcode:1:0
function f() { var x = {}; x.y(function() { return this.x; }); }
  Parent(SCRIPT): testcode:1:0
function f() { var x = {}; x.y(function() { return this.x; }); }
<br>
<br>
<code>java.lang.RuntimeException: INTERNAL COMPILER ERROR.<br>Please report this problem.<br>
<br>null<br>  Node(FUNCTION f): testcode:1:0<br>function f() { var x = {}; x.y(function() { return this.x; }); }<br>  Parent(SCRIPT): testcode:1:0<br>function f() { var x = {}; x.y(function() { return this.x; }); }<br>
<br>	at com.google.javascript.jscomp.CheckGlobalThis.shouldTraverse(CheckGlobalThis.java:94)<br>	at com.google.javascript.jscomp.CombinedCompilerPass$CallbackWrapper.shouldTraverseIfActive(CombinedCompilerPass.java:130)<br>	at com.google.javascript.jscomp.CombinedCompilerPass.shouldTraverse(CombinedCompilerPass.java:165)<br>	at com.google.javascript.jscomp.NodeTraversal.traverseBranch(NodeTraversal.java:557)<br>	at com.google.javascript.jscomp.NodeTraversal.traverseBranch(NodeTraversal.java:570)<br>	at com.google.javascript.jscomp.NodeTraversal.traverseBranch(NodeTraversal.java:570)<br>	at com.google.javascript.jscomp.NodeTraversal.traverse(NodeTraversal.java:289)<br>	at com.google.javascript.jscomp.NodeTraversal.traverse(NodeTraversal.java:528)<br>	at com.google.javascript.jscomp.CombinedCompilerPass.process(CombinedCompilerPass.java:154)<br>	at com.google.javascript.jscomp.CompilerTestCase.test(CompilerTestCase.java:1044)<br>	at com.google.javascript.jscomp.CompilerTestCase.test(CompilerTestCase.java:935)<br>	at com.google.javascript.jscomp.CompilerTestCase.test(CompilerTestCase.java:543)<br>	at com.google.javascript.jscomp.CompilerTestCase.test(CompilerTestCase.java:509)<br>	at com.google.javascript.jscomp.CompilerTestCase.test(CompilerTestCase.java:450)<br>	at com.google.javascript.jscomp.CompilerTestCase.test(CompilerTestCase.java:408)<br>	at com.google.javascript.jscomp.CompilerTestCase.testSame(CompilerTestCase.java:741)<br>	at com.google.javascript.jscomp.CheckGlobalThisTest.testInnerFunction4(CheckGlobalThisTest.java:203)<br>Caused by: java.lang.NullPointerException<br>
</code></td><td>0.001</td>
</tr>
<tr valign="top" class="Error">
<td><a name="testIssue182a"></a>testIssue182a</td><td>Error</td><td>INTERNAL COMPILER ERROR.
Please report this problem.

null
  Node(FUNCTION ): testcode:1:16
var NS = {read: function() { return this.foo; }};
  Parent(STRING_KEY read): testcode:1:10
var NS = {read: function() { return this.foo; }};
<br>
<br>
<code>java.lang.RuntimeException: INTERNAL COMPILER ERROR.<br>Please report this problem.<br>
<br>null<br>  Node(FUNCTION ): testcode:1:16<br>var NS = {read: function() { return this.foo; }};<br>  Parent(STRING_KEY read): testcode:1:10<br>var NS = {read: function() { return this.foo; }};<br>
<br>	at com.google.javascript.jscomp.CheckGlobalThis.shouldTraverse(CheckGlobalThis.java:94)<br>	at com.google.javascript.jscomp.CombinedCompilerPass$CallbackWrapper.shouldTraverseIfActive(CombinedCompilerPass.java:130)<br>	at com.google.javascript.jscomp.CombinedCompilerPass.shouldTraverse(CombinedCompilerPass.java:165)<br>	at com.google.javascript.jscomp.NodeTraversal.traverseBranch(NodeTraversal.java:557)<br>	at com.google.javascript.jscomp.NodeTraversal.traverseBranch(NodeTraversal.java:570)<br>	at com.google.javascript.jscomp.NodeTraversal.traverseBranch(NodeTraversal.java:570)<br>	at com.google.javascript.jscomp.NodeTraversal.traverseBranch(NodeTraversal.java:570)<br>	at com.google.javascript.jscomp.NodeTraversal.traverseBranch(NodeTraversal.java:570)<br>	at com.google.javascript.jscomp.NodeTraversal.traverseBranch(NodeTraversal.java:570)<br>	at com.google.javascript.jscomp.NodeTraversal.traverseBranch(NodeTraversal.java:570)<br>	at com.google.javascript.jscomp.NodeTraversal.traverse(NodeTraversal.java:289)<br>	at com.google.javascript.jscomp.NodeTraversal.traverse(NodeTraversal.java:528)<br>	at com.google.javascript.jscomp.CombinedCompilerPass.process(CombinedCompilerPass.java:154)<br>	at com.google.javascript.jscomp.CompilerTestCase.test(CompilerTestCase.java:1044)<br>	at com.google.javascript.jscomp.CompilerTestCase.test(CompilerTestCase.java:935)<br>	at com.google.javascript.jscomp.CompilerTestCase.test(CompilerTestCase.java:543)<br>	at com.google.javascript.jscomp.CompilerTestCase.test(CompilerTestCase.java:509)<br>	at com.google.javascript.jscomp.CompilerTestCase.test(CompilerTestCase.java:450)<br>	at com.google.javascript.jscomp.CompilerTestCase.testSame(CompilerTestCase.java:752)<br>	at com.google.javascript.jscomp.CheckGlobalThisTest.testFailure(CheckGlobalThisTest.java:36)<br>	at com.google.javascript.jscomp.CheckGlobalThisTest.testIssue182a(CheckGlobalThisTest.java:208)<br>Caused by: java.lang.NullPointerException<br>
</code></td><td>0.003</td>
</tr>
<tr valign="top" class="Error">
<td><a name="testIssue182b"></a>testIssue182b</td><td>Error</td><td>INTERNAL COMPILER ERROR.
Please report this problem.

null
  Node(FUNCTION ): testcode:1:17
var NS = {write: function() { this.foo = 3; }};
  Parent(STRING_KEY write): testcode:1:10
var NS = {write: function() { this.foo = 3; }};
<br>
<br>
<code>java.lang.RuntimeException: INTERNAL COMPILER ERROR.<br>Please report this problem.<br>
<br>null<br>  Node(FUNCTION ): testcode:1:17<br>var NS = {write: function() { this.foo = 3; }};<br>  Parent(STRING_KEY write): testcode:1:10<br>var NS = {write: function() { this.foo = 3; }};<br>
<br>	at com.google.javascript.jscomp.CheckGlobalThis.shouldTraverse(CheckGlobalThis.java:94)<br>	at com.google.javascript.jscomp.CombinedCompilerPass$CallbackWrapper.shouldTraverseIfActive(CombinedCompilerPass.java:130)<br>	at com.google.javascript.jscomp.CombinedCompilerPass.shouldTraverse(CombinedCompilerPass.java:165)<br>	at com.google.javascript.jscomp.NodeTraversal.traverseBranch(NodeTraversal.java:557)<br>	at com.google.javascript.jscomp.NodeTraversal.traverseBranch(NodeTraversal.java:570)<br>	at com.google.javascript.jscomp.NodeTraversal.traverseBranch(NodeTraversal.java:570)<br>	at com.google.javascript.jscomp.NodeTraversal.traverseBranch(NodeTraversal.java:570)<br>	at com.google.javascript.jscomp.NodeTraversal.traverseBranch(NodeTraversal.java:570)<br>	at com.google.javascript.jscomp.NodeTraversal.traverseBranch(NodeTraversal.java:570)<br>	at com.google.javascript.jscomp.NodeTraversal.traverseBranch(NodeTraversal.java:570)<br>	at com.google.javascript.jscomp.NodeTraversal.traverse(NodeTraversal.java:289)<br>	at com.google.javascript.jscomp.NodeTraversal.traverse(NodeTraversal.java:528)<br>	at com.google.javascript.jscomp.CombinedCompilerPass.process(CombinedCompilerPass.java:154)<br>	at com.google.javascript.jscomp.CompilerTestCase.test(CompilerTestCase.java:1044)<br>	at com.google.javascript.jscomp.CompilerTestCase.test(CompilerTestCase.java:935)<br>	at com.google.javascript.jscomp.CompilerTestCase.test(CompilerTestCase.java:543)<br>	at com.google.javascript.jscomp.CompilerTestCase.test(CompilerTestCase.java:509)<br>	at com.google.javascript.jscomp.CompilerTestCase.test(CompilerTestCase.java:450)<br>	at com.google.javascript.jscomp.CompilerTestCase.testSame(CompilerTestCase.java:752)<br>	at com.google.javascript.jscomp.CheckGlobalThisTest.testFailure(CheckGlobalThisTest.java:36)<br>	at com.google.javascript.jscomp.CheckGlobalThisTest.testIssue182b(CheckGlobalThisTest.java:212)<br>Caused by: java.lang.NullPointerException<br>
</code></td><td>0.002</td>
</tr>
<tr valign="top" class="Error">
<td><a name="testIssue182c"></a>testIssue182c</td><td>Error</td><td>INTERNAL COMPILER ERROR.
Please report this problem.

null
  Node(FUNCTION ): testcode:1:25
var NS = {}; NS.write2 = function() { this.foo = 3; };
  Parent(ASSIGN): testcode:1:13
var NS = {}; NS.write2 = function() { this.foo = 3; };
<br>
<br>
<code>java.lang.RuntimeException: INTERNAL COMPILER ERROR.<br>Please report this problem.<br>
<br>null<br>  Node(FUNCTION ): testcode:1:25<br>var NS = {}; NS.write2 = function() { this.foo = 3; };<br>  Parent(ASSIGN): testcode:1:13<br>var NS = {}; NS.write2 = function() { this.foo = 3; };<br>
<br>	at com.google.javascript.jscomp.CheckGlobalThis.shouldTraverse(CheckGlobalThis.java:94)<br>	at com.google.javascript.jscomp.CombinedCompilerPass$CallbackWrapper.shouldTraverseIfActive(CombinedCompilerPass.java:130)<br>	at com.google.javascript.jscomp.CombinedCompilerPass.shouldTraverse(CombinedCompilerPass.java:165)<br>	at com.google.javascript.jscomp.NodeTraversal.traverseBranch(NodeTraversal.java:557)<br>	at com.google.javascript.jscomp.NodeTraversal.traverseBranch(NodeTraversal.java:570)<br>	at com.google.javascript.jscomp.NodeTraversal.traverseBranch(NodeTraversal.java:570)<br>	at com.google.javascript.jscomp.NodeTraversal.traverseBranch(NodeTraversal.java:570)<br>	at com.google.javascript.jscomp.NodeTraversal.traverseBranch(NodeTraversal.java:570)<br>	at com.google.javascript.jscomp.NodeTraversal.traverse(NodeTraversal.java:289)<br>	at com.google.javascript.jscomp.NodeTraversal.traverse(NodeTraversal.java:528)<br>	at com.google.javascript.jscomp.CombinedCompilerPass.process(CombinedCompilerPass.java:154)<br>	at com.google.javascript.jscomp.CompilerTestCase.test(CompilerTestCase.java:1044)<br>	at com.google.javascript.jscomp.CompilerTestCase.test(CompilerTestCase.java:935)<br>	at com.google.javascript.jscomp.CompilerTestCase.test(CompilerTestCase.java:543)<br>	at com.google.javascript.jscomp.CompilerTestCase.test(CompilerTestCase.java:509)<br>	at com.google.javascript.jscomp.CompilerTestCase.test(CompilerTestCase.java:450)<br>	at com.google.javascript.jscomp.CompilerTestCase.testSame(CompilerTestCase.java:752)<br>	at com.google.javascript.jscomp.CheckGlobalThisTest.testFailure(CheckGlobalThisTest.java:36)<br>	at com.google.javascript.jscomp.CheckGlobalThisTest.testIssue182c(CheckGlobalThisTest.java:216)<br>Caused by: java.lang.NullPointerException<br>
</code></td><td>0.002</td>
</tr>
<tr valign="top" class="Error">
<td><a name="testIssue182d"></a>testIssue182d</td><td>Error</td><td>INTERNAL COMPILER ERROR.
Please report this problem.

null
  Node(FUNCTION Foo): testcode:1:0
function Foo() {} Foo.prototype = {write: function() { this.foo = 3; }};
  Parent(SCRIPT): testcode:1:0
function Foo() {} Foo.prototype = {write: function() { this.foo = 3; }};
<br>
<br>
<code>java.lang.RuntimeException: INTERNAL COMPILER ERROR.<br>Please report this problem.<br>
<br>null<br>  Node(FUNCTION Foo): testcode:1:0<br>function Foo() {} Foo.prototype = {write: function() { this.foo = 3; }};<br>  Parent(SCRIPT): testcode:1:0<br>function Foo() {} Foo.prototype = {write: function() { this.foo = 3; }};<br>
<br>	at com.google.javascript.jscomp.CheckGlobalThis.shouldTraverse(CheckGlobalThis.java:94)<br>	at com.google.javascript.jscomp.CombinedCompilerPass$CallbackWrapper.shouldTraverseIfActive(CombinedCompilerPass.java:130)<br>	at com.google.javascript.jscomp.CombinedCompilerPass.shouldTraverse(CombinedCompilerPass.java:165)<br>	at com.google.javascript.jscomp.NodeTraversal.traverseBranch(NodeTraversal.java:557)<br>	at com.google.javascript.jscomp.NodeTraversal.traverseBranch(NodeTraversal.java:570)<br>	at com.google.javascript.jscomp.NodeTraversal.traverseBranch(NodeTraversal.java:570)<br>	at com.google.javascript.jscomp.NodeTraversal.traverse(NodeTraversal.java:289)<br>	at com.google.javascript.jscomp.NodeTraversal.traverse(NodeTraversal.java:528)<br>	at com.google.javascript.jscomp.CombinedCompilerPass.process(CombinedCompilerPass.java:154)<br>	at com.google.javascript.jscomp.CompilerTestCase.test(CompilerTestCase.java:1044)<br>	at com.google.javascript.jscomp.CompilerTestCase.test(CompilerTestCase.java:935)<br>	at com.google.javascript.jscomp.CompilerTestCase.test(CompilerTestCase.java:543)<br>	at com.google.javascript.jscomp.CompilerTestCase.test(CompilerTestCase.java:509)<br>	at com.google.javascript.jscomp.CompilerTestCase.test(CompilerTestCase.java:450)<br>	at com.google.javascript.jscomp.CompilerTestCase.test(CompilerTestCase.java:408)<br>	at com.google.javascript.jscomp.CompilerTestCase.testSame(CompilerTestCase.java:741)<br>	at com.google.javascript.jscomp.CheckGlobalThisTest.testIssue182d(CheckGlobalThisTest.java:220)<br>Caused by: java.lang.NullPointerException<br>
</code></td><td>0.003</td>
</tr>
<tr valign="top" class="Error">
<td><a name="testLendsAnnotation1"></a>testLendsAnnotation1</td><td>Error</td><td>INTERNAL COMPILER ERROR.
Please report this problem.

null
  Node(FUNCTION ): testcode:1:57
/** @constructor */ function F() {}dojo.declare(F, {foo: function() { return this.foo; }});
  Parent(STRING_KEY foo): testcode:1:52
/** @constructor */ function F() {}dojo.declare(F, {foo: function() { return this.foo; }});
<br>
<br>
<code>java.lang.RuntimeException: INTERNAL COMPILER ERROR.<br>Please report this problem.<br>
<br>null<br>  Node(FUNCTION ): testcode:1:57<br>/** @constructor */ function F() {}dojo.declare(F, {foo: function() { return this.foo; }});<br>  Parent(STRING_KEY foo): testcode:1:52<br>/** @constructor */ function F() {}dojo.declare(F, {foo: function() { return this.foo; }});<br>
<br>	at com.google.javascript.jscomp.CheckGlobalThis.shouldTraverse(CheckGlobalThis.java:94)<br>	at com.google.javascript.jscomp.CombinedCompilerPass$CallbackWrapper.shouldTraverseIfActive(CombinedCompilerPass.java:130)<br>	at com.google.javascript.jscomp.CombinedCompilerPass.shouldTraverse(CombinedCompilerPass.java:165)<br>	at com.google.javascript.jscomp.NodeTraversal.traverseBranch(NodeTraversal.java:557)<br>	at com.google.javascript.jscomp.NodeTraversal.traverseBranch(NodeTraversal.java:570)<br>	at com.google.javascript.jscomp.NodeTraversal.traverseBranch(NodeTraversal.java:570)<br>	at com.google.javascript.jscomp.NodeTraversal.traverseBranch(NodeTraversal.java:570)<br>	at com.google.javascript.jscomp.NodeTraversal.traverseBranch(NodeTraversal.java:570)<br>	at com.google.javascript.jscomp.NodeTraversal.traverseBranch(NodeTraversal.java:570)<br>	at com.google.javascript.jscomp.NodeTraversal.traverseBranch(NodeTraversal.java:570)<br>	at com.google.javascript.jscomp.NodeTraversal.traverse(NodeTraversal.java:289)<br>	at com.google.javascript.jscomp.NodeTraversal.traverse(NodeTraversal.java:528)<br>	at com.google.javascript.jscomp.CombinedCompilerPass.process(CombinedCompilerPass.java:154)<br>	at com.google.javascript.jscomp.CompilerTestCase.test(CompilerTestCase.java:1044)<br>	at com.google.javascript.jscomp.CompilerTestCase.test(CompilerTestCase.java:935)<br>	at com.google.javascript.jscomp.CompilerTestCase.test(CompilerTestCase.java:543)<br>	at com.google.javascript.jscomp.CompilerTestCase.test(CompilerTestCase.java:509)<br>	at com.google.javascript.jscomp.CompilerTestCase.test(CompilerTestCase.java:450)<br>	at com.google.javascript.jscomp.CompilerTestCase.testSame(CompilerTestCase.java:752)<br>	at com.google.javascript.jscomp.CheckGlobalThisTest.testFailure(CheckGlobalThisTest.java:36)<br>	at com.google.javascript.jscomp.CheckGlobalThisTest.testLendsAnnotation1(CheckGlobalThisTest.java:225)<br>Caused by: java.lang.NullPointerException<br>
</code></td><td>0.003</td>
</tr>
<tr valign="top" class="Error">
<td><a name="testLendsAnnotation2"></a>testLendsAnnotation2</td><td>Error</td><td>INTERNAL COMPILER ERROR.
Please report this problem.

null
  Node(FUNCTION ): testcode:1:84
/** @constructor */ function F() {}dojo.declare(F, /** @lends {F.bar} */ (    {foo: function() { return this.foo; }}));
  Parent(STRING_KEY foo): testcode:1:79
/** @constructor */ function F() {}dojo.declare(F, /** @lends {F.bar} */ (    {foo: function() { return this.foo; }}));
<br>
<br>
<code>java.lang.RuntimeException: INTERNAL COMPILER ERROR.<br>Please report this problem.<br>
<br>null<br>  Node(FUNCTION ): testcode:1:84<br>/** @constructor */ function F() {}dojo.declare(F, /** @lends {F.bar} */ (    {foo: function() { return this.foo; }}));<br>  Parent(STRING_KEY foo): testcode:1:79<br>/** @constructor */ function F() {}dojo.declare(F, /** @lends {F.bar} */ (    {foo: function() { return this.foo; }}));<br>
<br>	at com.google.javascript.jscomp.CheckGlobalThis.shouldTraverse(CheckGlobalThis.java:94)<br>	at com.google.javascript.jscomp.CombinedCompilerPass$CallbackWrapper.shouldTraverseIfActive(CombinedCompilerPass.java:130)<br>	at com.google.javascript.jscomp.CombinedCompilerPass.shouldTraverse(CombinedCompilerPass.java:165)<br>	at com.google.javascript.jscomp.NodeTraversal.traverseBranch(NodeTraversal.java:557)<br>	at com.google.javascript.jscomp.NodeTraversal.traverseBranch(NodeTraversal.java:570)<br>	at com.google.javascript.jscomp.NodeTraversal.traverseBranch(NodeTraversal.java:570)<br>	at com.google.javascript.jscomp.NodeTraversal.traverseBranch(NodeTraversal.java:570)<br>	at com.google.javascript.jscomp.NodeTraversal.traverseBranch(NodeTraversal.java:570)<br>	at com.google.javascript.jscomp.NodeTraversal.traverseBranch(NodeTraversal.java:570)<br>	at com.google.javascript.jscomp.NodeTraversal.traverseBranch(NodeTraversal.java:570)<br>	at com.google.javascript.jscomp.NodeTraversal.traverse(NodeTraversal.java:289)<br>	at com.google.javascript.jscomp.NodeTraversal.traverse(NodeTraversal.java:528)<br>	at com.google.javascript.jscomp.CombinedCompilerPass.process(CombinedCompilerPass.java:154)<br>	at com.google.javascript.jscomp.CompilerTestCase.test(CompilerTestCase.java:1044)<br>	at com.google.javascript.jscomp.CompilerTestCase.test(CompilerTestCase.java:935)<br>	at com.google.javascript.jscomp.CompilerTestCase.test(CompilerTestCase.java:543)<br>	at com.google.javascript.jscomp.CompilerTestCase.test(CompilerTestCase.java:509)<br>	at com.google.javascript.jscomp.CompilerTestCase.test(CompilerTestCase.java:450)<br>	at com.google.javascript.jscomp.CompilerTestCase.testSame(CompilerTestCase.java:752)<br>	at com.google.javascript.jscomp.CheckGlobalThisTest.testFailure(CheckGlobalThisTest.java:36)<br>	at com.google.javascript.jscomp.CheckGlobalThisTest.testLendsAnnotation2(CheckGlobalThisTest.java:230)<br>Caused by: java.lang.NullPointerException<br>
</code></td><td>0.003</td>
</tr>
<tr valign="top" class="Error">
<td><a name="testLendsAnnotation3"></a>testLendsAnnotation3</td><td>Error</td><td>INTERNAL COMPILER ERROR.
Please report this problem.

null
  Node(FUNCTION ): testcode:1:90
/** @constructor */ function F() {}dojo.declare(F, /** @lends {F.prototype} */ (    {foo: function() { return this.foo; }}));
  Parent(STRING_KEY foo): testcode:1:85
/** @constructor */ function F() {}dojo.declare(F, /** @lends {F.prototype} */ (    {foo: function() { return this.foo; }}));
<br>
<br>
<code>java.lang.RuntimeException: INTERNAL COMPILER ERROR.<br>Please report this problem.<br>
<br>null<br>  Node(FUNCTION ): testcode:1:90<br>/** @constructor */ function F() {}dojo.declare(F, /** @lends {F.prototype} */ (    {foo: function() { return this.foo; }}));<br>  Parent(STRING_KEY foo): testcode:1:85<br>/** @constructor */ function F() {}dojo.declare(F, /** @lends {F.prototype} */ (    {foo: function() { return this.foo; }}));<br>
<br>	at com.google.javascript.jscomp.CheckGlobalThis.shouldTraverse(CheckGlobalThis.java:94)<br>	at com.google.javascript.jscomp.CombinedCompilerPass$CallbackWrapper.shouldTraverseIfActive(CombinedCompilerPass.java:130)<br>	at com.google.javascript.jscomp.CombinedCompilerPass.shouldTraverse(CombinedCompilerPass.java:165)<br>	at com.google.javascript.jscomp.NodeTraversal.traverseBranch(NodeTraversal.java:557)<br>	at com.google.javascript.jscomp.NodeTraversal.traverseBranch(NodeTraversal.java:570)<br>	at com.google.javascript.jscomp.NodeTraversal.traverseBranch(NodeTraversal.java:570)<br>	at com.google.javascript.jscomp.NodeTraversal.traverseBranch(NodeTraversal.java:570)<br>	at com.google.javascript.jscomp.NodeTraversal.traverseBranch(NodeTraversal.java:570)<br>	at com.google.javascript.jscomp.NodeTraversal.traverseBranch(NodeTraversal.java:570)<br>	at com.google.javascript.jscomp.NodeTraversal.traverseBranch(NodeTraversal.java:570)<br>	at com.google.javascript.jscomp.NodeTraversal.traverse(NodeTraversal.java:289)<br>	at com.google.javascript.jscomp.NodeTraversal.traverse(NodeTraversal.java:528)<br>	at com.google.javascript.jscomp.CombinedCompilerPass.process(CombinedCompilerPass.java:154)<br>	at com.google.javascript.jscomp.CompilerTestCase.test(CompilerTestCase.java:1044)<br>	at com.google.javascript.jscomp.CompilerTestCase.test(CompilerTestCase.java:935)<br>	at com.google.javascript.jscomp.CompilerTestCase.test(CompilerTestCase.java:543)<br>	at com.google.javascript.jscomp.CompilerTestCase.test(CompilerTestCase.java:509)<br>	at com.google.javascript.jscomp.CompilerTestCase.test(CompilerTestCase.java:450)<br>	at com.google.javascript.jscomp.CompilerTestCase.test(CompilerTestCase.java:408)<br>	at com.google.javascript.jscomp.CompilerTestCase.testSame(CompilerTestCase.java:741)<br>	at com.google.javascript.jscomp.CheckGlobalThisTest.testLendsAnnotation3(CheckGlobalThisTest.java:236)<br>Caused by: java.lang.NullPointerException<br>
</code></td><td>0.002</td>
</tr>
<tr valign="top" class="Error">
<td><a name="testSuppressWarning"></a>testSuppressWarning</td><td>Error</td><td>INTERNAL COMPILER ERROR.
Please report this problem.

null
  Node(FUNCTION ): testcode:1:8
var x = function() { this.complex = 5; };
  Parent(NAME x): testcode:1:4
var x = function() { this.complex = 5; };
<br>
<br>
<code>java.lang.RuntimeException: INTERNAL COMPILER ERROR.<br>Please report this problem.<br>
<br>null<br>  Node(FUNCTION ): testcode:1:8<br>var x = function() { this.complex = 5; };<br>  Parent(NAME x): testcode:1:4<br>var x = function() { this.complex = 5; };<br>
<br>	at com.google.javascript.jscomp.CheckGlobalThis.shouldTraverse(CheckGlobalThis.java:94)<br>	at com.google.javascript.jscomp.CombinedCompilerPass$CallbackWrapper.shouldTraverseIfActive(CombinedCompilerPass.java:130)<br>	at com.google.javascript.jscomp.CombinedCompilerPass.shouldTraverse(CombinedCompilerPass.java:165)<br>	at com.google.javascript.jscomp.NodeTraversal.traverseBranch(NodeTraversal.java:557)<br>	at com.google.javascript.jscomp.NodeTraversal.traverseBranch(NodeTraversal.java:570)<br>	at com.google.javascript.jscomp.NodeTraversal.traverseBranch(NodeTraversal.java:570)<br>	at com.google.javascript.jscomp.NodeTraversal.traverseBranch(NodeTraversal.java:570)<br>	at com.google.javascript.jscomp.NodeTraversal.traverseBranch(NodeTraversal.java:570)<br>	at com.google.javascript.jscomp.NodeTraversal.traverse(NodeTraversal.java:289)<br>	at com.google.javascript.jscomp.NodeTraversal.traverse(NodeTraversal.java:528)<br>	at com.google.javascript.jscomp.CombinedCompilerPass.process(CombinedCompilerPass.java:154)<br>	at com.google.javascript.jscomp.CompilerTestCase.test(CompilerTestCase.java:1044)<br>	at com.google.javascript.jscomp.CompilerTestCase.test(CompilerTestCase.java:935)<br>	at com.google.javascript.jscomp.CompilerTestCase.test(CompilerTestCase.java:543)<br>	at com.google.javascript.jscomp.CompilerTestCase.test(CompilerTestCase.java:509)<br>	at com.google.javascript.jscomp.CompilerTestCase.test(CompilerTestCase.java:450)<br>	at com.google.javascript.jscomp.CompilerTestCase.testSame(CompilerTestCase.java:752)<br>	at com.google.javascript.jscomp.CheckGlobalThisTest.testFailure(CheckGlobalThisTest.java:36)<br>	at com.google.javascript.jscomp.CheckGlobalThisTest.testSuppressWarning(CheckGlobalThisTest.java:242)<br>Caused by: java.lang.NullPointerException<br>
</code></td><td>0.002</td>
</tr>
<tr valign="top" class="Error">
<td><a name="testArrowFunction3"></a>testArrowFunction3</td><td>Error</td><td>INTERNAL COMPILER ERROR.
Please report this problem.

null
  Node(FUNCTION Foo): testcode:1:0
function Foo() {} Foo.prototype.getFoo = () =&gt; this.foo;
  Parent(SCRIPT): testcode:1:0
function Foo() {} Foo.prototype.getFoo = () =&gt; this.foo;
<br>
<br>
<code>java.lang.RuntimeException: INTERNAL COMPILER ERROR.<br>Please report this problem.<br>
<br>null<br>  Node(FUNCTION Foo): testcode:1:0<br>function Foo() {} Foo.prototype.getFoo = () =&gt; this.foo;<br>  Parent(SCRIPT): testcode:1:0<br>function Foo() {} Foo.prototype.getFoo = () =&gt; this.foo;<br>
<br>	at com.google.javascript.jscomp.CheckGlobalThis.shouldTraverse(CheckGlobalThis.java:94)<br>	at com.google.javascript.jscomp.CombinedCompilerPass$CallbackWrapper.shouldTraverseIfActive(CombinedCompilerPass.java:130)<br>	at com.google.javascript.jscomp.CombinedCompilerPass.shouldTraverse(CombinedCompilerPass.java:165)<br>	at com.google.javascript.jscomp.NodeTraversal.traverseBranch(NodeTraversal.java:557)<br>	at com.google.javascript.jscomp.NodeTraversal.traverseBranch(NodeTraversal.java:570)<br>	at com.google.javascript.jscomp.NodeTraversal.traverseBranch(NodeTraversal.java:570)<br>	at com.google.javascript.jscomp.NodeTraversal.traverse(NodeTraversal.java:289)<br>	at com.google.javascript.jscomp.NodeTraversal.traverse(NodeTraversal.java:528)<br>	at com.google.javascript.jscomp.CombinedCompilerPass.process(CombinedCompilerPass.java:154)<br>	at com.google.javascript.jscomp.CompilerTestCase.test(CompilerTestCase.java:1044)<br>	at com.google.javascript.jscomp.CompilerTestCase.test(CompilerTestCase.java:935)<br>	at com.google.javascript.jscomp.CompilerTestCase.test(CompilerTestCase.java:543)<br>	at com.google.javascript.jscomp.CompilerTestCase.test(CompilerTestCase.java:509)<br>	at com.google.javascript.jscomp.CompilerTestCase.test(CompilerTestCase.java:450)<br>	at com.google.javascript.jscomp.CompilerTestCase.testSame(CompilerTestCase.java:752)<br>	at com.google.javascript.jscomp.CheckGlobalThisTest.testFailure(CheckGlobalThisTest.java:36)<br>	at com.google.javascript.jscomp.CheckGlobalThisTest.testArrowFunction3(CheckGlobalThisTest.java:257)<br>Caused by: java.lang.NullPointerException<br>
</code></td><td>0.001</td>
</tr>
<tr valign="top" class="Error">
<td><a name="testArrowFunction4"></a>testArrowFunction4</td><td>Error</td><td>INTERNAL COMPILER ERROR.
Please report this problem.

null
  Node(FUNCTION Foo): testcode:1:0
function Foo() {} Foo.prototype.setFoo = (f) =&gt; { this.foo = f; };
  Parent(SCRIPT): testcode:1:0
function Foo() {} Foo.prototype.setFoo = (f) =&gt; { this.foo = f; };
<br>
<br>
<code>java.lang.RuntimeException: INTERNAL COMPILER ERROR.<br>Please report this problem.<br>
<br>null<br>  Node(FUNCTION Foo): testcode:1:0<br>function Foo() {} Foo.prototype.setFoo = (f) =&gt; { this.foo = f; };<br>  Parent(SCRIPT): testcode:1:0<br>function Foo() {} Foo.prototype.setFoo = (f) =&gt; { this.foo = f; };<br>
<br>	at com.google.javascript.jscomp.CheckGlobalThis.shouldTraverse(CheckGlobalThis.java:94)<br>	at com.google.javascript.jscomp.CombinedCompilerPass$CallbackWrapper.shouldTraverseIfActive(CombinedCompilerPass.java:130)<br>	at com.google.javascript.jscomp.CombinedCompilerPass.shouldTraverse(CombinedCompilerPass.java:165)<br>	at com.google.javascript.jscomp.NodeTraversal.traverseBranch(NodeTraversal.java:557)<br>	at com.google.javascript.jscomp.NodeTraversal.traverseBranch(NodeTraversal.java:570)<br>	at com.google.javascript.jscomp.NodeTraversal.traverseBranch(NodeTraversal.java:570)<br>	at com.google.javascript.jscomp.NodeTraversal.traverse(NodeTraversal.java:289)<br>	at com.google.javascript.jscomp.NodeTraversal.traverse(NodeTraversal.java:528)<br>	at com.google.javascript.jscomp.CombinedCompilerPass.process(CombinedCompilerPass.java:154)<br>	at com.google.javascript.jscomp.CompilerTestCase.test(CompilerTestCase.java:1044)<br>	at com.google.javascript.jscomp.CompilerTestCase.test(CompilerTestCase.java:935)<br>	at com.google.javascript.jscomp.CompilerTestCase.test(CompilerTestCase.java:543)<br>	at com.google.javascript.jscomp.CompilerTestCase.test(CompilerTestCase.java:509)<br>	at com.google.javascript.jscomp.CompilerTestCase.test(CompilerTestCase.java:450)<br>	at com.google.javascript.jscomp.CompilerTestCase.testSame(CompilerTestCase.java:752)<br>	at com.google.javascript.jscomp.CheckGlobalThisTest.testFailure(CheckGlobalThisTest.java:36)<br>	at com.google.javascript.jscomp.CheckGlobalThisTest.testArrowFunction4(CheckGlobalThisTest.java:263)<br>Caused by: java.lang.NullPointerException<br>
</code></td><td>0.002</td>
</tr>
</table>
<div class="Properties">
<a href="javascript:displayProperties('com.google.javascript.jscomp.CheckGlobalThisTest');">
                    Properties &raquo;
                </a>
</div>
</body>
</html>
