<html xmlns:string="xalan://java.lang.String" xmlns:lxslt="http://xml.apache.org/xslt">
<head>
<META http-equiv="Content-Type" content="text/html; charset=UTF-8">
<title>Unit Test Results: com.google.javascript.jscomp.AliasExternalsTest</title>
<link rel="stylesheet" type="text/css" title="Style" href="../../../../stylesheet.css">
<script type="text/javascript" language="JavaScript">
        var TestCases = new Array();
        var cur;
        
    cur = TestCases['com.google.javascript.jscomp.AliasExternalsTest'] = new Array();
    
        cur['ant.build.javac.source'] = '1.7';
    
        cur['ant.build.javac.target'] = '1.7';
    
        cur['ant.core.lib'] = '/Users/linmanna/ant/lib/ant.jar';
    
        cur['ant.file'] = '/Users/linmanna/Documents/proj/UCLA-CS-239-Winter-2015/Part_B/Benchmark/closure-compiler/build.xml';
    
        cur['ant.file.compiler'] = '/Users/linmanna/Documents/proj/UCLA-CS-239-Winter-2015/Part_B/Benchmark/closure-compiler/build.xml';
    
        cur['ant.file.type'] = 'file';
    
        cur['ant.file.type.compiler'] = 'file';
    
        cur['ant.home'] = '//Users/linmanna/ant';
    
        cur['ant.java.version'] = '1.7';
    
        cur['ant.library.dir'] = '//Users/linmanna/ant/lib';
    
        cur['ant.project.default-target'] = 'jar';
    
        cur['ant.project.invoked-targets'] = 'clean,compile,compile-tests,test';
    
        cur['ant.project.name'] = 'compiler';
    
        cur['ant.version'] = 'Apache Ant(TM) version 1.9.4 compiled on April 29 2014';
    
        cur['awt.toolkit'] = 'sun.lwawt.macosx.LWCToolkit';
    
        cur['basedir'] = '/Users/linmanna/Documents/proj/UCLA-CS-239-Winter-2015/Part_B/Benchmark/closure-compiler';
    
        cur['build.dir'] = '/Users/linmanna/Documents/proj/UCLA-CS-239-Winter-2015/Part_B/Benchmark/closure-compiler/build';
    
        cur['build.relVersion'] = '00e3533';
    
        cur['buildlib.dir'] = '/Users/linmanna/Documents/proj/UCLA-CS-239-Winter-2015/Part_B/Benchmark/closure-compiler/build/lib';
    
        cur['classes.dir'] = '/Users/linmanna/Documents/proj/UCLA-CS-239-Winter-2015/Part_B/Benchmark/closure-compiler/build/classes';
    
        cur['closure.build.dir'] = '/Users/linmanna/Documents/proj/UCLA-CS-239-Winter-2015/Part_B/Benchmark/closure-compiler/build';
    
        cur['compiler-jarfile'] = '/Users/linmanna/Documents/proj/UCLA-CS-239-Winter-2015/Part_B/Benchmark/closure-compiler/build/compiler.jar';
    
        cur['externs.dir'] = '/Users/linmanna/Documents/proj/UCLA-CS-239-Winter-2015/Part_B/Benchmark/closure-compiler/externs';
    
        cur['file.encoding'] = 'UTF-8';
    
        cur['file.encoding.pkg'] = 'sun.io';
    
        cur['file.separator'] = '/';
    
        cur['ftp.nonProxyHosts'] = 'local|*.local|169.254/16|*.169.254/16';
    
        cur['gen.dir'] = '/Users/linmanna/Documents/proj/UCLA-CS-239-Winter-2015/Part_B/Benchmark/closure-compiler/gen';
    
        cur['gopherProxySet'] = 'false';
    
        cur['http.nonProxyHosts'] = 'local|*.local|169.254/16|*.169.254/16';
    
        cur['java.awt.graphicsenv'] = 'sun.awt.CGraphicsEnvironment';
    
        cur['java.awt.printerjob'] = 'sun.lwawt.macosx.CPrinterJob';
    
        cur['java.class.path'] = '/Users/linmanna/Documents/proj/UCLA-CS-239-Winter-2015/Part_B/Benchmark/closure-compiler/build/classes:/Users/linmanna/Documents/proj/UCLA-CS-239-Winter-2015/Part_B/Benchmark/closure-compiler/lib/ant-launcher.jar:/Users/linmanna/Documents/proj/UCLA-CS-239-Winter-2015/Part_B/Benchmark/closure-compiler/lib/ant.jar:/Users/linmanna/Documents/proj/UCLA-CS-239-Winter-2015/Part_B/Benchmark/closure-compiler/lib/args4j.jar:/Users/linmanna/Documents/proj/UCLA-CS-239-Winter-2015/Part_B/Benchmark/closure-compiler/lib/gson.jar:/Users/linmanna/Documents/proj/UCLA-CS-239-Winter-2015/Part_B/Benchmark/closure-compiler/lib/guava.jar:/Users/linmanna/Documents/proj/UCLA-CS-239-Winter-2015/Part_B/Benchmark/closure-compiler/lib/jsr305.jar:/Users/linmanna/Documents/proj/UCLA-CS-239-Winter-2015/Part_B/Benchmark/closure-compiler/lib/junit.jar:/Users/linmanna/Documents/proj/UCLA-CS-239-Winter-2015/Part_B/Benchmark/closure-compiler/lib/protobuf-java.jar:/Users/linmanna/Documents/proj/UCLA-CS-239-Winter-2015/Part_B/Benchmark/closure-compiler/lib/truth.jar:/Users/linmanna/Documents/proj/UCLA-CS-239-Winter-2015/Part_B/Benchmark/closure-compiler/build/test:/Users/linmanna/ant/lib/ant-launcher.jar:/Users/linmanna/ant/lib/ant.jar:/Users/linmanna/ant/lib/ant-junit.jar:/Users/linmanna/ant/lib/ant-junit4.jar';
    
        cur['java.class.version'] = '51.0';
    
        cur['java.endorsed.dirs'] = '/Library/Java/JavaVirtualMachines/jdk1.7.0_75.jdk/Contents/Home/jre/lib/endorsed';
    
        cur['java.ext.dirs'] = '/Users/linmanna/Library/Java/Extensions:/Library/Java/JavaVirtualMachines/jdk1.7.0_75.jdk/Contents/Home/jre/lib/ext:/Library/Java/Extensions:/Network/Library/Java/Extensions:/System/Library/Java/Extensions:/usr/lib/java';
    
        cur['java.home'] = '/Library/Java/JavaVirtualMachines/jdk1.7.0_75.jdk/Contents/Home/jre';
    
        cur['java.io.tmpdir'] = '/var/folders/_p/3swdt4h96dn79vyt21dtny9h0000gn/T/';
    
        cur['java.library.path'] = '/Users/linmanna/Library/Java/Extensions:/Library/Java/Extensions:/Network/Library/Java/Extensions:/System/Library/Java/Extensions:/usr/lib/java:.';
    
        cur['java.runtime.name'] = 'Java(TM) SE Runtime Environment';
    
        cur['java.runtime.version'] = '1.7.0_75-b13';
    
        cur['java.specification.name'] = 'Java Platform API Specification';
    
        cur['java.specification.vendor'] = 'Oracle Corporation';
    
        cur['java.specification.version'] = '1.7';
    
        cur['java.vendor'] = 'Oracle Corporation';
    
        cur['java.vendor.url'] = 'http://java.oracle.com/';
    
        cur['java.vendor.url.bug'] = 'http://bugreport.sun.com/bugreport/';
    
        cur['java.version'] = '1.7.0_75';
    
        cur['java.vm.info'] = 'mixed mode';
    
        cur['java.vm.name'] = 'Java HotSpot(TM) 64-Bit Server VM';
    
        cur['java.vm.specification.name'] = 'Java Virtual Machine Specification';
    
        cur['java.vm.specification.vendor'] = 'Oracle Corporation';
    
        cur['java.vm.specification.version'] = '1.7';
    
        cur['java.vm.vendor'] = 'Oracle Corporation';
    
        cur['java.vm.version'] = '24.75-b04';
    
        cur['javac.debug'] = 'on';
    
        cur['javadoc.dir'] = '/Users/linmanna/Documents/proj/UCLA-CS-239-Winter-2015/Part_B/Benchmark/closure-compiler/build/javadoc';
    
        cur['lib.dir'] = '/Users/linmanna/Documents/proj/UCLA-CS-239-Winter-2015/Part_B/Benchmark/closure-compiler/lib';
    
        cur['line.separator'] = '\n';
    
        cur['maven-repository-id'] = 'sonatype-nexus-staging';
    
        cur['maven-repository-url'] = 'https://oss.sonatype.org/service/local/staging/deploy/maven2/';
    
        cur['os.arch'] = 'x86_64';
    
        cur['os.name'] = 'Mac OS X';
    
        cur['os.version'] = '10.9.5';
    
        cur['path.separator'] = ':';
    
        cur['protoc.executable'] = 'protoc';
    
        cur['refasterjs.dir'] = '/Users/linmanna/Documents/proj/UCLA-CS-239-Winter-2015/Part_B/Benchmark/closure-compiler/src/com/google/javascript/refactoring';
    
        cur['refasterjs-classes.dir'] = '/Users/linmanna/Documents/proj/UCLA-CS-239-Winter-2015/Part_B/Benchmark/closure-compiler/build/refasterjs-classes';
    
        cur['refasterjs-jarfile'] = '/Users/linmanna/Documents/proj/UCLA-CS-239-Winter-2015/Part_B/Benchmark/closure-compiler/build/refasterjs.jar';
    
        cur['socksNonProxyHosts'] = 'local|*.local|169.254/16|*.169.254/16';
    
        cur['src.dir'] = '/Users/linmanna/Documents/proj/UCLA-CS-239-Winter-2015/Part_B/Benchmark/closure-compiler/src';
    
        cur['sun.arch.data.model'] = '64';
    
        cur['sun.boot.class.path'] = '/Library/Java/JavaVirtualMachines/jdk1.7.0_75.jdk/Contents/Home/jre/lib/resources.jar:/Library/Java/JavaVirtualMachines/jdk1.7.0_75.jdk/Contents/Home/jre/lib/rt.jar:/Library/Java/JavaVirtualMachines/jdk1.7.0_75.jdk/Contents/Home/jre/lib/sunrsasign.jar:/Library/Java/JavaVirtualMachines/jdk1.7.0_75.jdk/Contents/Home/jre/lib/jsse.jar:/Library/Java/JavaVirtualMachines/jdk1.7.0_75.jdk/Contents/Home/jre/lib/jce.jar:/Library/Java/JavaVirtualMachines/jdk1.7.0_75.jdk/Contents/Home/jre/lib/charsets.jar:/Library/Java/JavaVirtualMachines/jdk1.7.0_75.jdk/Contents/Home/jre/lib/jfr.jar:/Library/Java/JavaVirtualMachines/jdk1.7.0_75.jdk/Contents/Home/jre/classes';
    
        cur['sun.boot.library.path'] = '/Library/Java/JavaVirtualMachines/jdk1.7.0_75.jdk/Contents/Home/jre/lib';
    
        cur['sun.cpu.endian'] = 'little';
    
        cur['sun.cpu.isalist'] = '';
    
        cur['sun.io.unicode.encoding'] = 'UnicodeBig';
    
        cur['sun.java.command'] = 'org.apache.tools.ant.taskdefs.optional.junit.JUnitTestRunner testsfile=/Users/linmanna/Documents/proj/UCLA-CS-239-Winter-2015/Part_B/Benchmark/closure-compiler/junittestcases4622356093930181862.properties skipNonTests=false filtertrace=true haltOnError=false haltOnFailure=false formatter=org.apache.tools.ant.taskdefs.optional.junit.SummaryJUnitResultFormatter showoutput=true outputtoformatters=true logfailedtests=true threadid=0 logtestlistenerevents=false formatter=org.apache.tools.ant.taskdefs.optional.junit.BriefJUnitResultFormatter formatter=org.apache.tools.ant.taskdefs.optional.junit.XMLJUnitResultFormatter,/Users/linmanna/Documents/proj/UCLA-CS-239-Winter-2015/Part_B/Benchmark/closure-compiler/build/testoutput/IGNORETHIS.xml crashfile=/Users/linmanna/Documents/proj/UCLA-CS-239-Winter-2015/Part_B/Benchmark/closure-compiler/junitvmwatcher882389895192408063.properties propsfile=/Users/linmanna/Documents/proj/UCLA-CS-239-Winter-2015/Part_B/Benchmark/closure-compiler/junit6374663990081372210.properties';
    
        cur['sun.java.launcher'] = 'SUN_STANDARD';
    
        cur['sun.jnu.encoding'] = 'UTF-8';
    
        cur['sun.management.compiler'] = 'HotSpot 64-Bit Tiered Compilers';
    
        cur['sun.os.patch.level'] = 'unknown';
    
        cur['test.class'] = '*Test';
    
        cur['test.dir'] = '/Users/linmanna/Documents/proj/UCLA-CS-239-Winter-2015/Part_B/Benchmark/closure-compiler/test';
    
        cur['test.fork'] = 'true';
    
        cur['test.method'] = '';
    
        cur['testClasses.dir'] = '/Users/linmanna/Documents/proj/UCLA-CS-239-Winter-2015/Part_B/Benchmark/closure-compiler/build/test';
    
        cur['tools.dir'] = '/Users/linmanna/Documents/proj/UCLA-CS-239-Winter-2015/Part_B/Benchmark/closure-compiler/tools';
    
        cur['user.country'] = 'CN';
    
        cur['user.dir'] = '/Users/linmanna/Documents/proj/UCLA-CS-239-Winter-2015/Part_B/Benchmark/closure-compiler';
    
        cur['user.home'] = '/Users/linmanna';
    
        cur['user.language'] = 'zh';
    
        cur['user.name'] = 'linmanna';
    
        cur['user.timezone'] = '';
    
        cur['webservice.dir'] = '/Users/linmanna/Documents/proj/UCLA-CS-239-Winter-2015/Part_B/Benchmark/closure-compiler/src/com/google/javascript/jscomp/webservice';
    
        cur['webservice-classes.dir'] = '/Users/linmanna/Documents/proj/UCLA-CS-239-Winter-2015/Part_B/Benchmark/closure-compiler/build/webservice-classes';
    
        cur['webservice-jarfile'] = '/Users/linmanna/Documents/proj/UCLA-CS-239-Winter-2015/Part_B/Benchmark/closure-compiler/build/webservice.jar';
    </script><script type="text/javascript" language="JavaScript">
        function displayProperties (name) {
          var win = window.open('','JUnitSystemProperties','scrollbars=1,resizable=1');
          var doc = win.document;
          doc.open();
          doc.write("<html><head><title>Properties of " + name + "</title>");
          doc.write("<style type=\"text/css\">");
          doc.write("body {font:normal 68% verdana,arial,helvetica; color:#000000; }");
          doc.write("table tr td, table tr th { font-size: 68%; }");
          doc.write("table.properties { border-collapse:collapse; border-left:solid 1 #cccccc; border-top:solid 1 #cccccc; padding:5px; }");
          doc.write("table.properties th { text-align:left; border-right:solid 1 #cccccc; border-bottom:solid 1 #cccccc; background-color:#eeeeee; }");
          doc.write("table.properties td { font:normal; text-align:left; border-right:solid 1 #cccccc; border-bottom:solid 1 #cccccc; background-color:#fffffff; }");
          doc.write("h3 { margin-bottom: 0.5em; font: bold 115% verdana,arial,helvetica }");
          doc.write("</style>");
          doc.write("</head><body>");
          doc.write("<h3>Properties of " + name + "</h3>");
          doc.write("<div align=\"right\"><a href=\"javascript:window.close();\">Close</a></div>");
          doc.write("<table class='properties'>");
          doc.write("<tr><th>Name</th><th>Value</th></tr>");
          for (prop in TestCases[name]) {
            doc.write("<tr><th>" + prop + "</th><td>" + TestCases[name][prop] + "</td></tr>");
          }
          doc.write("</table>");
          doc.write("</body></html>");
          doc.close();
          win.focus();
        }
      
      </script>
</head>
<body>
<h1>Unit Test Results.</h1>
<table width="100%">
<tr>
<td align="left"></td><td align="right">Designed for use with <a href="http://www.junit.org/">JUnit</a> and <a href="http://ant.apache.org/">Ant</a>.</td>
</tr>
</table>
<hr size="1">
<h3>Class com.google.javascript.jscomp.AliasExternalsTest</h3>
<table class="details" border="0" cellpadding="5" cellspacing="2" width="95%">
<tr valign="top">
<th width="80%">Name</th><th>Tests</th><th>Errors</th><th>Failures</th><th>Skipped</th><th nowrap>Time(s)</th><th nowrap>Time Stamp</th><th>Host</th>
</tr>
<tr valign="top" class="Error">
<td><a title="Display all tests" href="4_AliasExternalsTest.html">AliasExternalsTest</a></td><td><a title="Display all tests" href="4_AliasExternalsTest.html">23</a></td><td><a title="Display only errors" href="4_AliasExternalsTest-errors.html">23</a></td><td>0</td><td>0</td><td>0.295</td><td>2015-03-09T03:17:06</td><td>cs-210-206.cs.ucla.edu</td>
</tr>
</table>
<h2>Tests</h2>
<table class="details" border="0" cellpadding="5" cellspacing="2" width="95%">
<tr valign="top">
<th>Name</th><th>Status</th><th width="80%">Type</th><th nowrap>Time(s)</th>
</tr>
<tr valign="top" class="Error">
<td><a name="testNoAliasAnnotationForMultiVarDeclaration"></a>testNoAliasAnnotationForMultiVarDeclaration</td><td>Error</td><td>INTERNAL COMPILER ERROR.
Please report this problem.

The name GLOBAL__USER_ID is not annotated as constant.
  Node(NAME GLOBAL__USER_ID): [source unknown]
  Parent(VAR): [source unknown]
<br>
<br>
<code>java.lang.RuntimeException: INTERNAL COMPILER ERROR.<br>Please report this problem.<br>
<br>The name GLOBAL__USER_ID is not annotated as constant.<br>  Node(NAME GLOBAL__USER_ID): [source unknown]<br>  Parent(VAR): [source unknown]<br>
<br>	at com.google.common.base.Preconditions.checkState(Preconditions.java:197)<br>	at com.google.javascript.jscomp.Normalize$VerifyConstants.visit(Normalize.java:321)<br>	at com.google.javascript.jscomp.NodeTraversal.traverseBranch(NodeTraversal.java:576)<br>	at com.google.javascript.jscomp.NodeTraversal.traverseBranch(NodeTraversal.java:570)<br>	at com.google.javascript.jscomp.NodeTraversal.traverseBranch(NodeTraversal.java:570)<br>	at com.google.javascript.jscomp.NodeTraversal.traverseBranch(NodeTraversal.java:570)<br>	at com.google.javascript.jscomp.NodeTraversal.traverseRoots(NodeTraversal.java:308)<br>	at com.google.javascript.jscomp.NodeTraversal.traverseRoots(NodeTraversal.java:538)<br>	at com.google.javascript.jscomp.Normalize$VerifyConstants.process(Normalize.java:284)<br>	at com.google.javascript.jscomp.CompilerTestCase.test(CompilerTestCase.java:1063)<br>	at com.google.javascript.jscomp.CompilerTestCase.test(CompilerTestCase.java:935)<br>	at com.google.javascript.jscomp.CompilerTestCase.test(CompilerTestCase.java:543)<br>	at com.google.javascript.jscomp.CompilerTestCase.test(CompilerTestCase.java:509)<br>	at com.google.javascript.jscomp.CompilerTestCase.test(CompilerTestCase.java:450)<br>	at com.google.javascript.jscomp.CompilerTestCase.test(CompilerTestCase.java:408)<br>	at com.google.javascript.jscomp.AliasExternalsTest.testNoAliasAnnotationForMultiVarDeclaration(AliasExternalsTest.java:364)<br>Caused by: java.lang.IllegalStateException: The name GLOBAL__USER_ID is not annotated as constant.<br>
</code></td><td>0.056</td>
</tr>
<tr valign="top" class="Error">
<td><a name="testNoAliasAnnotationForFunction"></a>testNoAliasAnnotationForFunction</td><td>Error</td><td>INTERNAL COMPILER ERROR.
Please report this problem.

The name GLOBAL__USER_ID is not annotated as constant.
  Node(NAME GLOBAL__USER_ID): [source unknown]
  Parent(VAR): [source unknown]
<br>
<br>
<code>java.lang.RuntimeException: INTERNAL COMPILER ERROR.<br>Please report this problem.<br>
<br>The name GLOBAL__USER_ID is not annotated as constant.<br>  Node(NAME GLOBAL__USER_ID): [source unknown]<br>  Parent(VAR): [source unknown]<br>
<br>	at com.google.common.base.Preconditions.checkState(Preconditions.java:197)<br>	at com.google.javascript.jscomp.Normalize$VerifyConstants.visit(Normalize.java:321)<br>	at com.google.javascript.jscomp.NodeTraversal.traverseBranch(NodeTraversal.java:576)<br>	at com.google.javascript.jscomp.NodeTraversal.traverseBranch(NodeTraversal.java:570)<br>	at com.google.javascript.jscomp.NodeTraversal.traverseBranch(NodeTraversal.java:570)<br>	at com.google.javascript.jscomp.NodeTraversal.traverseBranch(NodeTraversal.java:570)<br>	at com.google.javascript.jscomp.NodeTraversal.traverseRoots(NodeTraversal.java:308)<br>	at com.google.javascript.jscomp.NodeTraversal.traverseRoots(NodeTraversal.java:538)<br>	at com.google.javascript.jscomp.Normalize$VerifyConstants.process(Normalize.java:284)<br>	at com.google.javascript.jscomp.CompilerTestCase.test(CompilerTestCase.java:1063)<br>	at com.google.javascript.jscomp.CompilerTestCase.test(CompilerTestCase.java:935)<br>	at com.google.javascript.jscomp.CompilerTestCase.test(CompilerTestCase.java:543)<br>	at com.google.javascript.jscomp.CompilerTestCase.test(CompilerTestCase.java:509)<br>	at com.google.javascript.jscomp.CompilerTestCase.test(CompilerTestCase.java:450)<br>	at com.google.javascript.jscomp.CompilerTestCase.test(CompilerTestCase.java:408)<br>	at com.google.javascript.jscomp.CompilerTestCase.testSame(CompilerTestCase.java:741)<br>	at com.google.javascript.jscomp.AliasExternalsTest.testNoAliasAnnotationForFunction(AliasExternalsTest.java:373)<br>Caused by: java.lang.IllegalStateException: The name GLOBAL__USER_ID is not annotated as constant.<br>
</code></td><td>0.015</td>
</tr>
<tr valign="top" class="Error">
<td><a name="testGlobalAlias"></a>testGlobalAlias</td><td>Error</td><td>INTERNAL COMPILER ERROR.
Please report this problem.

The name GLOBAL__USER_ID is not annotated as constant.
  Node(NAME GLOBAL__USER_ID): [source unknown]
  Parent(VAR): [source unknown]
<br>
<br>
<code>java.lang.RuntimeException: INTERNAL COMPILER ERROR.<br>Please report this problem.<br>
<br>The name GLOBAL__USER_ID is not annotated as constant.<br>  Node(NAME GLOBAL__USER_ID): [source unknown]<br>  Parent(VAR): [source unknown]<br>
<br>	at com.google.common.base.Preconditions.checkState(Preconditions.java:197)<br>	at com.google.javascript.jscomp.Normalize$VerifyConstants.visit(Normalize.java:321)<br>	at com.google.javascript.jscomp.NodeTraversal.traverseBranch(NodeTraversal.java:576)<br>	at com.google.javascript.jscomp.NodeTraversal.traverseBranch(NodeTraversal.java:570)<br>	at com.google.javascript.jscomp.NodeTraversal.traverseBranch(NodeTraversal.java:570)<br>	at com.google.javascript.jscomp.NodeTraversal.traverseBranch(NodeTraversal.java:570)<br>	at com.google.javascript.jscomp.NodeTraversal.traverseRoots(NodeTraversal.java:308)<br>	at com.google.javascript.jscomp.NodeTraversal.traverseRoots(NodeTraversal.java:538)<br>	at com.google.javascript.jscomp.Normalize$VerifyConstants.process(Normalize.java:284)<br>	at com.google.javascript.jscomp.CompilerTestCase.test(CompilerTestCase.java:1063)<br>	at com.google.javascript.jscomp.CompilerTestCase.test(CompilerTestCase.java:935)<br>	at com.google.javascript.jscomp.CompilerTestCase.test(CompilerTestCase.java:543)<br>	at com.google.javascript.jscomp.CompilerTestCase.test(CompilerTestCase.java:509)<br>	at com.google.javascript.jscomp.CompilerTestCase.test(CompilerTestCase.java:450)<br>	at com.google.javascript.jscomp.CompilerTestCase.test(CompilerTestCase.java:408)<br>	at com.google.javascript.jscomp.AliasExternalsTest.testGlobalAlias(AliasExternalsTest.java:67)<br>Caused by: java.lang.IllegalStateException: The name GLOBAL__USER_ID is not annotated as constant.<br>
</code></td><td>0.014</td>
</tr>
<tr valign="top" class="Error">
<td><a name="testUnaliasable"></a>testUnaliasable</td><td>Error</td><td>INTERNAL COMPILER ERROR.
Please report this problem.

The name GLOBAL__USER_ID is not annotated as constant.
  Node(NAME GLOBAL__USER_ID): [source unknown]
  Parent(VAR): [source unknown]
<br>
<br>
<code>java.lang.RuntimeException: INTERNAL COMPILER ERROR.<br>Please report this problem.<br>
<br>The name GLOBAL__USER_ID is not annotated as constant.<br>  Node(NAME GLOBAL__USER_ID): [source unknown]<br>  Parent(VAR): [source unknown]<br>
<br>	at com.google.common.base.Preconditions.checkState(Preconditions.java:197)<br>	at com.google.javascript.jscomp.Normalize$VerifyConstants.visit(Normalize.java:321)<br>	at com.google.javascript.jscomp.NodeTraversal.traverseBranch(NodeTraversal.java:576)<br>	at com.google.javascript.jscomp.NodeTraversal.traverseBranch(NodeTraversal.java:570)<br>	at com.google.javascript.jscomp.NodeTraversal.traverseBranch(NodeTraversal.java:570)<br>	at com.google.javascript.jscomp.NodeTraversal.traverseBranch(NodeTraversal.java:570)<br>	at com.google.javascript.jscomp.NodeTraversal.traverseRoots(NodeTraversal.java:308)<br>	at com.google.javascript.jscomp.NodeTraversal.traverseRoots(NodeTraversal.java:538)<br>	at com.google.javascript.jscomp.Normalize$VerifyConstants.process(Normalize.java:284)<br>	at com.google.javascript.jscomp.CompilerTestCase.test(CompilerTestCase.java:1063)<br>	at com.google.javascript.jscomp.CompilerTestCase.test(CompilerTestCase.java:935)<br>	at com.google.javascript.jscomp.CompilerTestCase.test(CompilerTestCase.java:543)<br>	at com.google.javascript.jscomp.CompilerTestCase.test(CompilerTestCase.java:509)<br>	at com.google.javascript.jscomp.CompilerTestCase.test(CompilerTestCase.java:450)<br>	at com.google.javascript.jscomp.CompilerTestCase.test(CompilerTestCase.java:408)<br>	at com.google.javascript.jscomp.AliasExternalsTest.testUnaliasable(AliasExternalsTest.java:89)<br>Caused by: java.lang.IllegalStateException: The name GLOBAL__USER_ID is not annotated as constant.<br>
</code></td><td>0.013</td>
</tr>
<tr valign="top" class="Error">
<td><a name="testAliasableGlobals"></a>testAliasableGlobals</td><td>Error</td><td>INTERNAL COMPILER ERROR.
Please report this problem.

The name GLOBAL__USER_ID is not annotated as constant.
  Node(NAME GLOBAL__USER_ID): [source unknown]
  Parent(VAR): [source unknown]
<br>
<br>
<code>java.lang.RuntimeException: INTERNAL COMPILER ERROR.<br>Please report this problem.<br>
<br>The name GLOBAL__USER_ID is not annotated as constant.<br>  Node(NAME GLOBAL__USER_ID): [source unknown]<br>  Parent(VAR): [source unknown]<br>
<br>	at com.google.common.base.Preconditions.checkState(Preconditions.java:197)<br>	at com.google.javascript.jscomp.Normalize$VerifyConstants.visit(Normalize.java:321)<br>	at com.google.javascript.jscomp.NodeTraversal.traverseBranch(NodeTraversal.java:576)<br>	at com.google.javascript.jscomp.NodeTraversal.traverseBranch(NodeTraversal.java:570)<br>	at com.google.javascript.jscomp.NodeTraversal.traverseBranch(NodeTraversal.java:570)<br>	at com.google.javascript.jscomp.NodeTraversal.traverseBranch(NodeTraversal.java:570)<br>	at com.google.javascript.jscomp.NodeTraversal.traverseRoots(NodeTraversal.java:308)<br>	at com.google.javascript.jscomp.NodeTraversal.traverseRoots(NodeTraversal.java:538)<br>	at com.google.javascript.jscomp.Normalize$VerifyConstants.process(Normalize.java:284)<br>	at com.google.javascript.jscomp.CompilerTestCase.test(CompilerTestCase.java:1063)<br>	at com.google.javascript.jscomp.CompilerTestCase.test(CompilerTestCase.java:935)<br>	at com.google.javascript.jscomp.CompilerTestCase.test(CompilerTestCase.java:543)<br>	at com.google.javascript.jscomp.CompilerTestCase.test(CompilerTestCase.java:509)<br>	at com.google.javascript.jscomp.CompilerTestCase.test(CompilerTestCase.java:450)<br>	at com.google.javascript.jscomp.CompilerTestCase.test(CompilerTestCase.java:408)<br>	at com.google.javascript.jscomp.AliasExternalsTest.testAliasableGlobals(AliasExternalsTest.java:132)<br>Caused by: java.lang.IllegalStateException: The name GLOBAL__USER_ID is not annotated as constant.<br>
</code></td><td>0.018</td>
</tr>
<tr valign="top" class="Error">
<td><a name="testAliasableAndUnaliasableGlobals"></a>testAliasableAndUnaliasableGlobals</td><td>Error</td><td>INTERNAL COMPILER ERROR.
Please report this problem.

The name GLOBAL__USER_ID is not annotated as constant.
  Node(NAME GLOBAL__USER_ID): [source unknown]
  Parent(VAR): [source unknown]
<br>
<br>
<code>java.lang.RuntimeException: INTERNAL COMPILER ERROR.<br>Please report this problem.<br>
<br>The name GLOBAL__USER_ID is not annotated as constant.<br>  Node(NAME GLOBAL__USER_ID): [source unknown]<br>  Parent(VAR): [source unknown]<br>
<br>	at com.google.common.base.Preconditions.checkState(Preconditions.java:197)<br>	at com.google.javascript.jscomp.Normalize$VerifyConstants.visit(Normalize.java:321)<br>	at com.google.javascript.jscomp.NodeTraversal.traverseBranch(NodeTraversal.java:576)<br>	at com.google.javascript.jscomp.NodeTraversal.traverseBranch(NodeTraversal.java:570)<br>	at com.google.javascript.jscomp.NodeTraversal.traverseBranch(NodeTraversal.java:570)<br>	at com.google.javascript.jscomp.NodeTraversal.traverseBranch(NodeTraversal.java:570)<br>	at com.google.javascript.jscomp.NodeTraversal.traverseRoots(NodeTraversal.java:308)<br>	at com.google.javascript.jscomp.NodeTraversal.traverseRoots(NodeTraversal.java:538)<br>	at com.google.javascript.jscomp.Normalize$VerifyConstants.process(Normalize.java:284)<br>	at com.google.javascript.jscomp.CompilerTestCase.test(CompilerTestCase.java:1063)<br>	at com.google.javascript.jscomp.CompilerTestCase.test(CompilerTestCase.java:935)<br>	at com.google.javascript.jscomp.CompilerTestCase.test(CompilerTestCase.java:543)<br>	at com.google.javascript.jscomp.CompilerTestCase.test(CompilerTestCase.java:509)<br>	at com.google.javascript.jscomp.CompilerTestCase.test(CompilerTestCase.java:450)<br>	at com.google.javascript.jscomp.CompilerTestCase.test(CompilerTestCase.java:408)<br>	at com.google.javascript.jscomp.AliasExternalsTest.testAliasableAndUnaliasableGlobals(AliasExternalsTest.java:174)<br>Caused by: java.lang.IllegalStateException: The name GLOBAL__USER_ID is not annotated as constant.<br>
</code></td><td>0.013</td>
</tr>
<tr valign="top" class="Error">
<td><a name="testGlobalAssignment"></a>testGlobalAssignment</td><td>Error</td><td>INTERNAL COMPILER ERROR.
Please report this problem.

The name GLOBAL__USER_ID is not annotated as constant.
  Node(NAME GLOBAL__USER_ID): [source unknown]
  Parent(VAR): [source unknown]
<br>
<br>
<code>java.lang.RuntimeException: INTERNAL COMPILER ERROR.<br>Please report this problem.<br>
<br>The name GLOBAL__USER_ID is not annotated as constant.<br>  Node(NAME GLOBAL__USER_ID): [source unknown]<br>  Parent(VAR): [source unknown]<br>
<br>	at com.google.common.base.Preconditions.checkState(Preconditions.java:197)<br>	at com.google.javascript.jscomp.Normalize$VerifyConstants.visit(Normalize.java:321)<br>	at com.google.javascript.jscomp.NodeTraversal.traverseBranch(NodeTraversal.java:576)<br>	at com.google.javascript.jscomp.NodeTraversal.traverseBranch(NodeTraversal.java:570)<br>	at com.google.javascript.jscomp.NodeTraversal.traverseBranch(NodeTraversal.java:570)<br>	at com.google.javascript.jscomp.NodeTraversal.traverseBranch(NodeTraversal.java:570)<br>	at com.google.javascript.jscomp.NodeTraversal.traverseRoots(NodeTraversal.java:308)<br>	at com.google.javascript.jscomp.NodeTraversal.traverseRoots(NodeTraversal.java:538)<br>	at com.google.javascript.jscomp.Normalize$VerifyConstants.process(Normalize.java:284)<br>	at com.google.javascript.jscomp.CompilerTestCase.test(CompilerTestCase.java:1063)<br>	at com.google.javascript.jscomp.CompilerTestCase.test(CompilerTestCase.java:935)<br>	at com.google.javascript.jscomp.CompilerTestCase.test(CompilerTestCase.java:543)<br>	at com.google.javascript.jscomp.CompilerTestCase.test(CompilerTestCase.java:509)<br>	at com.google.javascript.jscomp.CompilerTestCase.test(CompilerTestCase.java:450)<br>	at com.google.javascript.jscomp.CompilerTestCase.test(CompilerTestCase.java:408)<br>	at com.google.javascript.jscomp.AliasExternalsTest.testGlobalAssignment(AliasExternalsTest.java:196)<br>Caused by: java.lang.IllegalStateException: The name GLOBAL__USER_ID is not annotated as constant.<br>
</code></td><td>0.017</td>
</tr>
<tr valign="top" class="Error">
<td><a name="testNewOperator"></a>testNewOperator</td><td>Error</td><td>INTERNAL COMPILER ERROR.
Please report this problem.

The name GLOBAL__USER_ID is not annotated as constant.
  Node(NAME GLOBAL__USER_ID): [source unknown]
  Parent(VAR): [source unknown]
<br>
<br>
<code>java.lang.RuntimeException: INTERNAL COMPILER ERROR.<br>Please report this problem.<br>
<br>The name GLOBAL__USER_ID is not annotated as constant.<br>  Node(NAME GLOBAL__USER_ID): [source unknown]<br>  Parent(VAR): [source unknown]<br>
<br>	at com.google.common.base.Preconditions.checkState(Preconditions.java:197)<br>	at com.google.javascript.jscomp.Normalize$VerifyConstants.visit(Normalize.java:321)<br>	at com.google.javascript.jscomp.NodeTraversal.traverseBranch(NodeTraversal.java:576)<br>	at com.google.javascript.jscomp.NodeTraversal.traverseBranch(NodeTraversal.java:570)<br>	at com.google.javascript.jscomp.NodeTraversal.traverseBranch(NodeTraversal.java:570)<br>	at com.google.javascript.jscomp.NodeTraversal.traverseBranch(NodeTraversal.java:570)<br>	at com.google.javascript.jscomp.NodeTraversal.traverseRoots(NodeTraversal.java:308)<br>	at com.google.javascript.jscomp.NodeTraversal.traverseRoots(NodeTraversal.java:538)<br>	at com.google.javascript.jscomp.Normalize$VerifyConstants.process(Normalize.java:284)<br>	at com.google.javascript.jscomp.CompilerTestCase.test(CompilerTestCase.java:1063)<br>	at com.google.javascript.jscomp.CompilerTestCase.test(CompilerTestCase.java:935)<br>	at com.google.javascript.jscomp.CompilerTestCase.test(CompilerTestCase.java:543)<br>	at com.google.javascript.jscomp.CompilerTestCase.test(CompilerTestCase.java:509)<br>	at com.google.javascript.jscomp.CompilerTestCase.test(CompilerTestCase.java:450)<br>	at com.google.javascript.jscomp.CompilerTestCase.test(CompilerTestCase.java:408)<br>	at com.google.javascript.jscomp.AliasExternalsTest.testNewOperator(AliasExternalsTest.java:212)<br>Caused by: java.lang.IllegalStateException: The name GLOBAL__USER_ID is not annotated as constant.<br>
</code></td><td>0.016</td>
</tr>
<tr valign="top" class="Error">
<td><a name="testGetProp"></a>testGetProp</td><td>Error</td><td>INTERNAL COMPILER ERROR.
Please report this problem.

The name GLOBAL__USER_ID is not annotated as constant.
  Node(NAME GLOBAL__USER_ID): [source unknown]
  Parent(VAR): [source unknown]
<br>
<br>
<code>java.lang.RuntimeException: INTERNAL COMPILER ERROR.<br>Please report this problem.<br>
<br>The name GLOBAL__USER_ID is not annotated as constant.<br>  Node(NAME GLOBAL__USER_ID): [source unknown]<br>  Parent(VAR): [source unknown]<br>
<br>	at com.google.common.base.Preconditions.checkState(Preconditions.java:197)<br>	at com.google.javascript.jscomp.Normalize$VerifyConstants.visit(Normalize.java:321)<br>	at com.google.javascript.jscomp.NodeTraversal.traverseBranch(NodeTraversal.java:576)<br>	at com.google.javascript.jscomp.NodeTraversal.traverseBranch(NodeTraversal.java:570)<br>	at com.google.javascript.jscomp.NodeTraversal.traverseBranch(NodeTraversal.java:570)<br>	at com.google.javascript.jscomp.NodeTraversal.traverseBranch(NodeTraversal.java:570)<br>	at com.google.javascript.jscomp.NodeTraversal.traverseRoots(NodeTraversal.java:308)<br>	at com.google.javascript.jscomp.NodeTraversal.traverseRoots(NodeTraversal.java:538)<br>	at com.google.javascript.jscomp.Normalize$VerifyConstants.process(Normalize.java:284)<br>	at com.google.javascript.jscomp.CompilerTestCase.test(CompilerTestCase.java:1063)<br>	at com.google.javascript.jscomp.CompilerTestCase.test(CompilerTestCase.java:935)<br>	at com.google.javascript.jscomp.CompilerTestCase.test(CompilerTestCase.java:543)<br>	at com.google.javascript.jscomp.CompilerTestCase.test(CompilerTestCase.java:509)<br>	at com.google.javascript.jscomp.CompilerTestCase.test(CompilerTestCase.java:450)<br>	at com.google.javascript.jscomp.CompilerTestCase.test(CompilerTestCase.java:408)<br>	at com.google.javascript.jscomp.AliasExternalsTest.testGetProp(AliasExternalsTest.java:223)<br>Caused by: java.lang.IllegalStateException: The name GLOBAL__USER_ID is not annotated as constant.<br>
</code></td><td>0.015</td>
</tr>
<tr valign="top" class="Error">
<td><a name="testIgnoredOps"></a>testIgnoredOps</td><td>Error</td><td>INTERNAL COMPILER ERROR.
Please report this problem.

The name GLOBAL__USER_ID is not annotated as constant.
  Node(NAME GLOBAL__USER_ID): [source unknown]
  Parent(VAR): [source unknown]
<br>
<br>
<code>java.lang.RuntimeException: INTERNAL COMPILER ERROR.<br>Please report this problem.<br>
<br>The name GLOBAL__USER_ID is not annotated as constant.<br>  Node(NAME GLOBAL__USER_ID): [source unknown]<br>  Parent(VAR): [source unknown]<br>
<br>	at com.google.common.base.Preconditions.checkState(Preconditions.java:197)<br>	at com.google.javascript.jscomp.Normalize$VerifyConstants.visit(Normalize.java:321)<br>	at com.google.javascript.jscomp.NodeTraversal.traverseBranch(NodeTraversal.java:576)<br>	at com.google.javascript.jscomp.NodeTraversal.traverseBranch(NodeTraversal.java:570)<br>	at com.google.javascript.jscomp.NodeTraversal.traverseBranch(NodeTraversal.java:570)<br>	at com.google.javascript.jscomp.NodeTraversal.traverseBranch(NodeTraversal.java:570)<br>	at com.google.javascript.jscomp.NodeTraversal.traverseRoots(NodeTraversal.java:308)<br>	at com.google.javascript.jscomp.NodeTraversal.traverseRoots(NodeTraversal.java:538)<br>	at com.google.javascript.jscomp.Normalize$VerifyConstants.process(Normalize.java:284)<br>	at com.google.javascript.jscomp.CompilerTestCase.test(CompilerTestCase.java:1063)<br>	at com.google.javascript.jscomp.CompilerTestCase.test(CompilerTestCase.java:935)<br>	at com.google.javascript.jscomp.CompilerTestCase.test(CompilerTestCase.java:543)<br>	at com.google.javascript.jscomp.CompilerTestCase.test(CompilerTestCase.java:509)<br>	at com.google.javascript.jscomp.CompilerTestCase.test(CompilerTestCase.java:450)<br>	at com.google.javascript.jscomp.CompilerTestCase.test(CompilerTestCase.java:408)<br>	at com.google.javascript.jscomp.CompilerTestCase.testSame(CompilerTestCase.java:741)<br>	at com.google.javascript.jscomp.AliasExternalsTest.testIgnoredOps(AliasExternalsTest.java:236)<br>Caused by: java.lang.IllegalStateException: The name GLOBAL__USER_ID is not annotated as constant.<br>
</code></td><td>0.012</td>
</tr>
<tr valign="top" class="Error">
<td><a name="testSetProp"></a>testSetProp</td><td>Error</td><td>INTERNAL COMPILER ERROR.
Please report this problem.

The name GLOBAL__USER_ID is not annotated as constant.
  Node(NAME GLOBAL__USER_ID): [source unknown]
  Parent(VAR): [source unknown]
<br>
<br>
<code>java.lang.RuntimeException: INTERNAL COMPILER ERROR.<br>Please report this problem.<br>
<br>The name GLOBAL__USER_ID is not annotated as constant.<br>  Node(NAME GLOBAL__USER_ID): [source unknown]<br>  Parent(VAR): [source unknown]<br>
<br>	at com.google.common.base.Preconditions.checkState(Preconditions.java:197)<br>	at com.google.javascript.jscomp.Normalize$VerifyConstants.visit(Normalize.java:321)<br>	at com.google.javascript.jscomp.NodeTraversal.traverseBranch(NodeTraversal.java:576)<br>	at com.google.javascript.jscomp.NodeTraversal.traverseBranch(NodeTraversal.java:570)<br>	at com.google.javascript.jscomp.NodeTraversal.traverseBranch(NodeTraversal.java:570)<br>	at com.google.javascript.jscomp.NodeTraversal.traverseBranch(NodeTraversal.java:570)<br>	at com.google.javascript.jscomp.NodeTraversal.traverseRoots(NodeTraversal.java:308)<br>	at com.google.javascript.jscomp.NodeTraversal.traverseRoots(NodeTraversal.java:538)<br>	at com.google.javascript.jscomp.Normalize$VerifyConstants.process(Normalize.java:284)<br>	at com.google.javascript.jscomp.CompilerTestCase.test(CompilerTestCase.java:1063)<br>	at com.google.javascript.jscomp.CompilerTestCase.test(CompilerTestCase.java:935)<br>	at com.google.javascript.jscomp.CompilerTestCase.test(CompilerTestCase.java:543)<br>	at com.google.javascript.jscomp.CompilerTestCase.test(CompilerTestCase.java:509)<br>	at com.google.javascript.jscomp.CompilerTestCase.test(CompilerTestCase.java:450)<br>	at com.google.javascript.jscomp.CompilerTestCase.test(CompilerTestCase.java:408)<br>	at com.google.javascript.jscomp.AliasExternalsTest.testSetProp(AliasExternalsTest.java:246)<br>Caused by: java.lang.IllegalStateException: The name GLOBAL__USER_ID is not annotated as constant.<br>
</code></td><td>0.009</td>
</tr>
<tr valign="top" class="Error">
<td><a name="testParentChild"></a>testParentChild</td><td>Error</td><td>INTERNAL COMPILER ERROR.
Please report this problem.

The name GLOBAL__USER_ID is not annotated as constant.
  Node(NAME GLOBAL__USER_ID): [source unknown]
  Parent(VAR): [source unknown]
<br>
<br>
<code>java.lang.RuntimeException: INTERNAL COMPILER ERROR.<br>Please report this problem.<br>
<br>The name GLOBAL__USER_ID is not annotated as constant.<br>  Node(NAME GLOBAL__USER_ID): [source unknown]<br>  Parent(VAR): [source unknown]<br>
<br>	at com.google.common.base.Preconditions.checkState(Preconditions.java:197)<br>	at com.google.javascript.jscomp.Normalize$VerifyConstants.visit(Normalize.java:321)<br>	at com.google.javascript.jscomp.NodeTraversal.traverseBranch(NodeTraversal.java:576)<br>	at com.google.javascript.jscomp.NodeTraversal.traverseBranch(NodeTraversal.java:570)<br>	at com.google.javascript.jscomp.NodeTraversal.traverseBranch(NodeTraversal.java:570)<br>	at com.google.javascript.jscomp.NodeTraversal.traverseBranch(NodeTraversal.java:570)<br>	at com.google.javascript.jscomp.NodeTraversal.traverseRoots(NodeTraversal.java:308)<br>	at com.google.javascript.jscomp.NodeTraversal.traverseRoots(NodeTraversal.java:538)<br>	at com.google.javascript.jscomp.Normalize$VerifyConstants.process(Normalize.java:284)<br>	at com.google.javascript.jscomp.CompilerTestCase.test(CompilerTestCase.java:1063)<br>	at com.google.javascript.jscomp.CompilerTestCase.test(CompilerTestCase.java:935)<br>	at com.google.javascript.jscomp.CompilerTestCase.test(CompilerTestCase.java:543)<br>	at com.google.javascript.jscomp.CompilerTestCase.test(CompilerTestCase.java:509)<br>	at com.google.javascript.jscomp.CompilerTestCase.test(CompilerTestCase.java:450)<br>	at com.google.javascript.jscomp.CompilerTestCase.test(CompilerTestCase.java:408)<br>	at com.google.javascript.jscomp.AliasExternalsTest.testParentChild(AliasExternalsTest.java:257)<br>Caused by: java.lang.IllegalStateException: The name GLOBAL__USER_ID is not annotated as constant.<br>
</code></td><td>0.012</td>
</tr>
<tr valign="top" class="Error">
<td><a name="testModulesWithoutDependencies"></a>testModulesWithoutDependencies</td><td>Error</td><td>INTERNAL COMPILER ERROR.
Please report this problem.

The name GLOBAL__USER_ID is not annotated as constant.
  Node(NAME GLOBAL__USER_ID): [source unknown]
  Parent(VAR): [source unknown]
<br>
<br>
<code>java.lang.RuntimeException: INTERNAL COMPILER ERROR.<br>Please report this problem.<br>
<br>The name GLOBAL__USER_ID is not annotated as constant.<br>  Node(NAME GLOBAL__USER_ID): [source unknown]<br>  Parent(VAR): [source unknown]<br>
<br>	at com.google.common.base.Preconditions.checkState(Preconditions.java:197)<br>	at com.google.javascript.jscomp.Normalize$VerifyConstants.visit(Normalize.java:321)<br>	at com.google.javascript.jscomp.NodeTraversal.traverseBranch(NodeTraversal.java:576)<br>	at com.google.javascript.jscomp.NodeTraversal.traverseBranch(NodeTraversal.java:570)<br>	at com.google.javascript.jscomp.NodeTraversal.traverseBranch(NodeTraversal.java:570)<br>	at com.google.javascript.jscomp.NodeTraversal.traverseBranch(NodeTraversal.java:570)<br>	at com.google.javascript.jscomp.NodeTraversal.traverseRoots(NodeTraversal.java:308)<br>	at com.google.javascript.jscomp.NodeTraversal.traverseRoots(NodeTraversal.java:538)<br>	at com.google.javascript.jscomp.Normalize$VerifyConstants.process(Normalize.java:284)<br>	at com.google.javascript.jscomp.CompilerTestCase.test(CompilerTestCase.java:1063)<br>	at com.google.javascript.jscomp.CompilerTestCase.test(CompilerTestCase.java:935)<br>	at com.google.javascript.jscomp.CompilerTestCase.test(CompilerTestCase.java:911)<br>	at com.google.javascript.jscomp.CompilerTestCase.test(CompilerTestCase.java:732)<br>	at com.google.javascript.jscomp.CompilerTestCase.test(CompilerTestCase.java:712)<br>	at com.google.javascript.jscomp.CompilerTestCase.test(CompilerTestCase.java:699)<br>	at com.google.javascript.jscomp.AliasExternalsTest.testModulesWithoutDependencies(AliasExternalsTest.java:271)<br>Caused by: java.lang.IllegalStateException: The name GLOBAL__USER_ID is not annotated as constant.<br>
</code></td><td>0.008</td>
</tr>
<tr valign="top" class="Error">
<td><a name="testModulesWithDependencies"></a>testModulesWithDependencies</td><td>Error</td><td>INTERNAL COMPILER ERROR.
Please report this problem.

The name GLOBAL__USER_ID is not annotated as constant.
  Node(NAME GLOBAL__USER_ID): [source unknown]
  Parent(VAR): [source unknown]
<br>
<br>
<code>java.lang.RuntimeException: INTERNAL COMPILER ERROR.<br>Please report this problem.<br>
<br>The name GLOBAL__USER_ID is not annotated as constant.<br>  Node(NAME GLOBAL__USER_ID): [source unknown]<br>  Parent(VAR): [source unknown]<br>
<br>	at com.google.common.base.Preconditions.checkState(Preconditions.java:197)<br>	at com.google.javascript.jscomp.Normalize$VerifyConstants.visit(Normalize.java:321)<br>	at com.google.javascript.jscomp.NodeTraversal.traverseBranch(NodeTraversal.java:576)<br>	at com.google.javascript.jscomp.NodeTraversal.traverseBranch(NodeTraversal.java:570)<br>	at com.google.javascript.jscomp.NodeTraversal.traverseBranch(NodeTraversal.java:570)<br>	at com.google.javascript.jscomp.NodeTraversal.traverseBranch(NodeTraversal.java:570)<br>	at com.google.javascript.jscomp.NodeTraversal.traverseRoots(NodeTraversal.java:308)<br>	at com.google.javascript.jscomp.NodeTraversal.traverseRoots(NodeTraversal.java:538)<br>	at com.google.javascript.jscomp.Normalize$VerifyConstants.process(Normalize.java:284)<br>	at com.google.javascript.jscomp.CompilerTestCase.test(CompilerTestCase.java:1063)<br>	at com.google.javascript.jscomp.CompilerTestCase.test(CompilerTestCase.java:935)<br>	at com.google.javascript.jscomp.CompilerTestCase.test(CompilerTestCase.java:911)<br>	at com.google.javascript.jscomp.CompilerTestCase.test(CompilerTestCase.java:732)<br>	at com.google.javascript.jscomp.CompilerTestCase.test(CompilerTestCase.java:712)<br>	at com.google.javascript.jscomp.CompilerTestCase.test(CompilerTestCase.java:699)<br>	at com.google.javascript.jscomp.AliasExternalsTest.testModulesWithDependencies(AliasExternalsTest.java:283)<br>Caused by: java.lang.IllegalStateException: The name GLOBAL__USER_ID is not annotated as constant.<br>
</code></td><td>0.014</td>
</tr>
<tr valign="top" class="Error">
<td><a name="testPropAccessorPushedDeeper1"></a>testPropAccessorPushedDeeper1</td><td>Error</td><td>INTERNAL COMPILER ERROR.
Please report this problem.

The name GLOBAL__USER_ID is not annotated as constant.
  Node(NAME GLOBAL__USER_ID): [source unknown]
  Parent(VAR): [source unknown]
<br>
<br>
<code>java.lang.RuntimeException: INTERNAL COMPILER ERROR.<br>Please report this problem.<br>
<br>The name GLOBAL__USER_ID is not annotated as constant.<br>  Node(NAME GLOBAL__USER_ID): [source unknown]<br>  Parent(VAR): [source unknown]<br>
<br>	at com.google.common.base.Preconditions.checkState(Preconditions.java:197)<br>	at com.google.javascript.jscomp.Normalize$VerifyConstants.visit(Normalize.java:321)<br>	at com.google.javascript.jscomp.NodeTraversal.traverseBranch(NodeTraversal.java:576)<br>	at com.google.javascript.jscomp.NodeTraversal.traverseBranch(NodeTraversal.java:570)<br>	at com.google.javascript.jscomp.NodeTraversal.traverseBranch(NodeTraversal.java:570)<br>	at com.google.javascript.jscomp.NodeTraversal.traverseBranch(NodeTraversal.java:570)<br>	at com.google.javascript.jscomp.NodeTraversal.traverseRoots(NodeTraversal.java:308)<br>	at com.google.javascript.jscomp.NodeTraversal.traverseRoots(NodeTraversal.java:538)<br>	at com.google.javascript.jscomp.Normalize$VerifyConstants.process(Normalize.java:284)<br>	at com.google.javascript.jscomp.CompilerTestCase.test(CompilerTestCase.java:1063)<br>	at com.google.javascript.jscomp.CompilerTestCase.test(CompilerTestCase.java:935)<br>	at com.google.javascript.jscomp.CompilerTestCase.test(CompilerTestCase.java:911)<br>	at com.google.javascript.jscomp.CompilerTestCase.test(CompilerTestCase.java:732)<br>	at com.google.javascript.jscomp.CompilerTestCase.test(CompilerTestCase.java:712)<br>	at com.google.javascript.jscomp.CompilerTestCase.test(CompilerTestCase.java:699)<br>	at com.google.javascript.jscomp.AliasExternalsTest.testPropAccessorPushedDeeper1(AliasExternalsTest.java:291)<br>Caused by: java.lang.IllegalStateException: The name GLOBAL__USER_ID is not annotated as constant.<br>
</code></td><td>0.006</td>
</tr>
<tr valign="top" class="Error">
<td><a name="testPropAccessorPushedDeeper2"></a>testPropAccessorPushedDeeper2</td><td>Error</td><td>INTERNAL COMPILER ERROR.
Please report this problem.

The name GLOBAL__USER_ID is not annotated as constant.
  Node(NAME GLOBAL__USER_ID): [source unknown]
  Parent(VAR): [source unknown]
<br>
<br>
<code>java.lang.RuntimeException: INTERNAL COMPILER ERROR.<br>Please report this problem.<br>
<br>The name GLOBAL__USER_ID is not annotated as constant.<br>  Node(NAME GLOBAL__USER_ID): [source unknown]<br>  Parent(VAR): [source unknown]<br>
<br>	at com.google.common.base.Preconditions.checkState(Preconditions.java:197)<br>	at com.google.javascript.jscomp.Normalize$VerifyConstants.visit(Normalize.java:321)<br>	at com.google.javascript.jscomp.NodeTraversal.traverseBranch(NodeTraversal.java:576)<br>	at com.google.javascript.jscomp.NodeTraversal.traverseBranch(NodeTraversal.java:570)<br>	at com.google.javascript.jscomp.NodeTraversal.traverseBranch(NodeTraversal.java:570)<br>	at com.google.javascript.jscomp.NodeTraversal.traverseBranch(NodeTraversal.java:570)<br>	at com.google.javascript.jscomp.NodeTraversal.traverseRoots(NodeTraversal.java:308)<br>	at com.google.javascript.jscomp.NodeTraversal.traverseRoots(NodeTraversal.java:538)<br>	at com.google.javascript.jscomp.Normalize$VerifyConstants.process(Normalize.java:284)<br>	at com.google.javascript.jscomp.CompilerTestCase.test(CompilerTestCase.java:1063)<br>	at com.google.javascript.jscomp.CompilerTestCase.test(CompilerTestCase.java:935)<br>	at com.google.javascript.jscomp.CompilerTestCase.test(CompilerTestCase.java:911)<br>	at com.google.javascript.jscomp.CompilerTestCase.test(CompilerTestCase.java:732)<br>	at com.google.javascript.jscomp.CompilerTestCase.test(CompilerTestCase.java:712)<br>	at com.google.javascript.jscomp.CompilerTestCase.test(CompilerTestCase.java:699)<br>	at com.google.javascript.jscomp.AliasExternalsTest.testPropAccessorPushedDeeper2(AliasExternalsTest.java:298)<br>Caused by: java.lang.IllegalStateException: The name GLOBAL__USER_ID is not annotated as constant.<br>
</code></td><td>0.007</td>
</tr>
<tr valign="top" class="Error">
<td><a name="testPropAccessorPushedDeeper3"></a>testPropAccessorPushedDeeper3</td><td>Error</td><td>INTERNAL COMPILER ERROR.
Please report this problem.

The name GLOBAL__USER_ID is not annotated as constant.
  Node(NAME GLOBAL__USER_ID): [source unknown]
  Parent(VAR): [source unknown]
<br>
<br>
<code>java.lang.RuntimeException: INTERNAL COMPILER ERROR.<br>Please report this problem.<br>
<br>The name GLOBAL__USER_ID is not annotated as constant.<br>  Node(NAME GLOBAL__USER_ID): [source unknown]<br>  Parent(VAR): [source unknown]<br>
<br>	at com.google.common.base.Preconditions.checkState(Preconditions.java:197)<br>	at com.google.javascript.jscomp.Normalize$VerifyConstants.visit(Normalize.java:321)<br>	at com.google.javascript.jscomp.NodeTraversal.traverseBranch(NodeTraversal.java:576)<br>	at com.google.javascript.jscomp.NodeTraversal.traverseBranch(NodeTraversal.java:570)<br>	at com.google.javascript.jscomp.NodeTraversal.traverseBranch(NodeTraversal.java:570)<br>	at com.google.javascript.jscomp.NodeTraversal.traverseBranch(NodeTraversal.java:570)<br>	at com.google.javascript.jscomp.NodeTraversal.traverseRoots(NodeTraversal.java:308)<br>	at com.google.javascript.jscomp.NodeTraversal.traverseRoots(NodeTraversal.java:538)<br>	at com.google.javascript.jscomp.Normalize$VerifyConstants.process(Normalize.java:284)<br>	at com.google.javascript.jscomp.CompilerTestCase.test(CompilerTestCase.java:1063)<br>	at com.google.javascript.jscomp.CompilerTestCase.test(CompilerTestCase.java:935)<br>	at com.google.javascript.jscomp.CompilerTestCase.test(CompilerTestCase.java:911)<br>	at com.google.javascript.jscomp.CompilerTestCase.test(CompilerTestCase.java:732)<br>	at com.google.javascript.jscomp.CompilerTestCase.test(CompilerTestCase.java:712)<br>	at com.google.javascript.jscomp.CompilerTestCase.test(CompilerTestCase.java:699)<br>	at com.google.javascript.jscomp.AliasExternalsTest.testPropAccessorPushedDeeper3(AliasExternalsTest.java:307)<br>Caused by: java.lang.IllegalStateException: The name GLOBAL__USER_ID is not annotated as constant.<br>
</code></td><td>0.007</td>
</tr>
<tr valign="top" class="Error">
<td><a name="testPropAccessorNotPushedDeeper"></a>testPropAccessorNotPushedDeeper</td><td>Error</td><td>INTERNAL COMPILER ERROR.
Please report this problem.

The name GLOBAL__USER_ID is not annotated as constant.
  Node(NAME GLOBAL__USER_ID): [source unknown]
  Parent(VAR): [source unknown]
<br>
<br>
<code>java.lang.RuntimeException: INTERNAL COMPILER ERROR.<br>Please report this problem.<br>
<br>The name GLOBAL__USER_ID is not annotated as constant.<br>  Node(NAME GLOBAL__USER_ID): [source unknown]<br>  Parent(VAR): [source unknown]<br>
<br>	at com.google.common.base.Preconditions.checkState(Preconditions.java:197)<br>	at com.google.javascript.jscomp.Normalize$VerifyConstants.visit(Normalize.java:321)<br>	at com.google.javascript.jscomp.NodeTraversal.traverseBranch(NodeTraversal.java:576)<br>	at com.google.javascript.jscomp.NodeTraversal.traverseBranch(NodeTraversal.java:570)<br>	at com.google.javascript.jscomp.NodeTraversal.traverseBranch(NodeTraversal.java:570)<br>	at com.google.javascript.jscomp.NodeTraversal.traverseBranch(NodeTraversal.java:570)<br>	at com.google.javascript.jscomp.NodeTraversal.traverseRoots(NodeTraversal.java:308)<br>	at com.google.javascript.jscomp.NodeTraversal.traverseRoots(NodeTraversal.java:538)<br>	at com.google.javascript.jscomp.Normalize$VerifyConstants.process(Normalize.java:284)<br>	at com.google.javascript.jscomp.CompilerTestCase.test(CompilerTestCase.java:1063)<br>	at com.google.javascript.jscomp.CompilerTestCase.test(CompilerTestCase.java:935)<br>	at com.google.javascript.jscomp.CompilerTestCase.test(CompilerTestCase.java:911)<br>	at com.google.javascript.jscomp.CompilerTestCase.test(CompilerTestCase.java:732)<br>	at com.google.javascript.jscomp.CompilerTestCase.test(CompilerTestCase.java:712)<br>	at com.google.javascript.jscomp.CompilerTestCase.test(CompilerTestCase.java:699)<br>	at com.google.javascript.jscomp.AliasExternalsTest.testPropAccessorNotPushedDeeper(AliasExternalsTest.java:316)<br>Caused by: java.lang.IllegalStateException: The name GLOBAL__USER_ID is not annotated as constant.<br>
</code></td><td>0.006</td>
</tr>
<tr valign="top" class="Error">
<td><a name="testPropMutatorPushedDeeper"></a>testPropMutatorPushedDeeper</td><td>Error</td><td>INTERNAL COMPILER ERROR.
Please report this problem.

The name GLOBAL__USER_ID is not annotated as constant.
  Node(NAME GLOBAL__USER_ID): [source unknown]
  Parent(VAR): [source unknown]
<br>
<br>
<code>java.lang.RuntimeException: INTERNAL COMPILER ERROR.<br>Please report this problem.<br>
<br>The name GLOBAL__USER_ID is not annotated as constant.<br>  Node(NAME GLOBAL__USER_ID): [source unknown]<br>  Parent(VAR): [source unknown]<br>
<br>	at com.google.common.base.Preconditions.checkState(Preconditions.java:197)<br>	at com.google.javascript.jscomp.Normalize$VerifyConstants.visit(Normalize.java:321)<br>	at com.google.javascript.jscomp.NodeTraversal.traverseBranch(NodeTraversal.java:576)<br>	at com.google.javascript.jscomp.NodeTraversal.traverseBranch(NodeTraversal.java:570)<br>	at com.google.javascript.jscomp.NodeTraversal.traverseBranch(NodeTraversal.java:570)<br>	at com.google.javascript.jscomp.NodeTraversal.traverseBranch(NodeTraversal.java:570)<br>	at com.google.javascript.jscomp.NodeTraversal.traverseRoots(NodeTraversal.java:308)<br>	at com.google.javascript.jscomp.NodeTraversal.traverseRoots(NodeTraversal.java:538)<br>	at com.google.javascript.jscomp.Normalize$VerifyConstants.process(Normalize.java:284)<br>	at com.google.javascript.jscomp.CompilerTestCase.test(CompilerTestCase.java:1063)<br>	at com.google.javascript.jscomp.CompilerTestCase.test(CompilerTestCase.java:935)<br>	at com.google.javascript.jscomp.CompilerTestCase.test(CompilerTestCase.java:911)<br>	at com.google.javascript.jscomp.CompilerTestCase.test(CompilerTestCase.java:732)<br>	at com.google.javascript.jscomp.CompilerTestCase.test(CompilerTestCase.java:712)<br>	at com.google.javascript.jscomp.CompilerTestCase.test(CompilerTestCase.java:699)<br>	at com.google.javascript.jscomp.AliasExternalsTest.testPropMutatorPushedDeeper(AliasExternalsTest.java:325)<br>Caused by: java.lang.IllegalStateException: The name GLOBAL__USER_ID is not annotated as constant.<br>
</code></td><td>0.004</td>
</tr>
<tr valign="top" class="Error">
<td><a name="testPropMutatorNotPushedDeeper"></a>testPropMutatorNotPushedDeeper</td><td>Error</td><td>INTERNAL COMPILER ERROR.
Please report this problem.

The name GLOBAL__USER_ID is not annotated as constant.
  Node(NAME GLOBAL__USER_ID): [source unknown]
  Parent(VAR): [source unknown]
<br>
<br>
<code>java.lang.RuntimeException: INTERNAL COMPILER ERROR.<br>Please report this problem.<br>
<br>The name GLOBAL__USER_ID is not annotated as constant.<br>  Node(NAME GLOBAL__USER_ID): [source unknown]<br>  Parent(VAR): [source unknown]<br>
<br>	at com.google.common.base.Preconditions.checkState(Preconditions.java:197)<br>	at com.google.javascript.jscomp.Normalize$VerifyConstants.visit(Normalize.java:321)<br>	at com.google.javascript.jscomp.NodeTraversal.traverseBranch(NodeTraversal.java:576)<br>	at com.google.javascript.jscomp.NodeTraversal.traverseBranch(NodeTraversal.java:570)<br>	at com.google.javascript.jscomp.NodeTraversal.traverseBranch(NodeTraversal.java:570)<br>	at com.google.javascript.jscomp.NodeTraversal.traverseBranch(NodeTraversal.java:570)<br>	at com.google.javascript.jscomp.NodeTraversal.traverseRoots(NodeTraversal.java:308)<br>	at com.google.javascript.jscomp.NodeTraversal.traverseRoots(NodeTraversal.java:538)<br>	at com.google.javascript.jscomp.Normalize$VerifyConstants.process(Normalize.java:284)<br>	at com.google.javascript.jscomp.CompilerTestCase.test(CompilerTestCase.java:1063)<br>	at com.google.javascript.jscomp.CompilerTestCase.test(CompilerTestCase.java:935)<br>	at com.google.javascript.jscomp.CompilerTestCase.test(CompilerTestCase.java:911)<br>	at com.google.javascript.jscomp.CompilerTestCase.test(CompilerTestCase.java:732)<br>	at com.google.javascript.jscomp.CompilerTestCase.test(CompilerTestCase.java:712)<br>	at com.google.javascript.jscomp.CompilerTestCase.test(CompilerTestCase.java:699)<br>	at com.google.javascript.jscomp.AliasExternalsTest.testPropMutatorNotPushedDeeper(AliasExternalsTest.java:332)<br>Caused by: java.lang.IllegalStateException: The name GLOBAL__USER_ID is not annotated as constant.<br>
</code></td><td>0.005</td>
</tr>
<tr valign="top" class="Error">
<td><a name="testGlobalAliasPushedDeeper"></a>testGlobalAliasPushedDeeper</td><td>Error</td><td>INTERNAL COMPILER ERROR.
Please report this problem.

The name GLOBAL__USER_ID is not annotated as constant.
  Node(NAME GLOBAL__USER_ID): [source unknown]
  Parent(VAR): [source unknown]
<br>
<br>
<code>java.lang.RuntimeException: INTERNAL COMPILER ERROR.<br>Please report this problem.<br>
<br>The name GLOBAL__USER_ID is not annotated as constant.<br>  Node(NAME GLOBAL__USER_ID): [source unknown]<br>  Parent(VAR): [source unknown]<br>
<br>	at com.google.common.base.Preconditions.checkState(Preconditions.java:197)<br>	at com.google.javascript.jscomp.Normalize$VerifyConstants.visit(Normalize.java:321)<br>	at com.google.javascript.jscomp.NodeTraversal.traverseBranch(NodeTraversal.java:576)<br>	at com.google.javascript.jscomp.NodeTraversal.traverseBranch(NodeTraversal.java:570)<br>	at com.google.javascript.jscomp.NodeTraversal.traverseBranch(NodeTraversal.java:570)<br>	at com.google.javascript.jscomp.NodeTraversal.traverseBranch(NodeTraversal.java:570)<br>	at com.google.javascript.jscomp.NodeTraversal.traverseRoots(NodeTraversal.java:308)<br>	at com.google.javascript.jscomp.NodeTraversal.traverseRoots(NodeTraversal.java:538)<br>	at com.google.javascript.jscomp.Normalize$VerifyConstants.process(Normalize.java:284)<br>	at com.google.javascript.jscomp.CompilerTestCase.test(CompilerTestCase.java:1063)<br>	at com.google.javascript.jscomp.CompilerTestCase.test(CompilerTestCase.java:935)<br>	at com.google.javascript.jscomp.CompilerTestCase.test(CompilerTestCase.java:911)<br>	at com.google.javascript.jscomp.CompilerTestCase.test(CompilerTestCase.java:732)<br>	at com.google.javascript.jscomp.CompilerTestCase.test(CompilerTestCase.java:712)<br>	at com.google.javascript.jscomp.CompilerTestCase.test(CompilerTestCase.java:699)<br>	at com.google.javascript.jscomp.AliasExternalsTest.testGlobalAliasPushedDeeper(AliasExternalsTest.java:340)<br>Caused by: java.lang.IllegalStateException: The name GLOBAL__USER_ID is not annotated as constant.<br>
</code></td><td>0.006</td>
</tr>
<tr valign="top" class="Error">
<td><a name="testGlobalAliasNotPushedDeeper"></a>testGlobalAliasNotPushedDeeper</td><td>Error</td><td>INTERNAL COMPILER ERROR.
Please report this problem.

The name GLOBAL__USER_ID is not annotated as constant.
  Node(NAME GLOBAL__USER_ID): [source unknown]
  Parent(VAR): [source unknown]
<br>
<br>
<code>java.lang.RuntimeException: INTERNAL COMPILER ERROR.<br>Please report this problem.<br>
<br>The name GLOBAL__USER_ID is not annotated as constant.<br>  Node(NAME GLOBAL__USER_ID): [source unknown]<br>  Parent(VAR): [source unknown]<br>
<br>	at com.google.common.base.Preconditions.checkState(Preconditions.java:197)<br>	at com.google.javascript.jscomp.Normalize$VerifyConstants.visit(Normalize.java:321)<br>	at com.google.javascript.jscomp.NodeTraversal.traverseBranch(NodeTraversal.java:576)<br>	at com.google.javascript.jscomp.NodeTraversal.traverseBranch(NodeTraversal.java:570)<br>	at com.google.javascript.jscomp.NodeTraversal.traverseBranch(NodeTraversal.java:570)<br>	at com.google.javascript.jscomp.NodeTraversal.traverseBranch(NodeTraversal.java:570)<br>	at com.google.javascript.jscomp.NodeTraversal.traverseRoots(NodeTraversal.java:308)<br>	at com.google.javascript.jscomp.NodeTraversal.traverseRoots(NodeTraversal.java:538)<br>	at com.google.javascript.jscomp.Normalize$VerifyConstants.process(Normalize.java:284)<br>	at com.google.javascript.jscomp.CompilerTestCase.test(CompilerTestCase.java:1063)<br>	at com.google.javascript.jscomp.CompilerTestCase.test(CompilerTestCase.java:935)<br>	at com.google.javascript.jscomp.CompilerTestCase.test(CompilerTestCase.java:911)<br>	at com.google.javascript.jscomp.CompilerTestCase.test(CompilerTestCase.java:732)<br>	at com.google.javascript.jscomp.CompilerTestCase.test(CompilerTestCase.java:712)<br>	at com.google.javascript.jscomp.CompilerTestCase.test(CompilerTestCase.java:699)<br>	at com.google.javascript.jscomp.AliasExternalsTest.testGlobalAliasNotPushedDeeper(AliasExternalsTest.java:350)<br>Caused by: java.lang.IllegalStateException: The name GLOBAL__USER_ID is not annotated as constant.<br>
</code></td><td>0.006</td>
</tr>
<tr valign="top" class="Error">
<td><a name="testNoAliasAnnotationForSingleVar"></a>testNoAliasAnnotationForSingleVar</td><td>Error</td><td>INTERNAL COMPILER ERROR.
Please report this problem.

The name GLOBAL__USER_ID is not annotated as constant.
  Node(NAME GLOBAL__USER_ID): [source unknown]
  Parent(VAR): [source unknown]
<br>
<br>
<code>java.lang.RuntimeException: INTERNAL COMPILER ERROR.<br>Please report this problem.<br>
<br>The name GLOBAL__USER_ID is not annotated as constant.<br>  Node(NAME GLOBAL__USER_ID): [source unknown]<br>  Parent(VAR): [source unknown]<br>
<br>	at com.google.common.base.Preconditions.checkState(Preconditions.java:197)<br>	at com.google.javascript.jscomp.Normalize$VerifyConstants.visit(Normalize.java:321)<br>	at com.google.javascript.jscomp.NodeTraversal.traverseBranch(NodeTraversal.java:576)<br>	at com.google.javascript.jscomp.NodeTraversal.traverseBranch(NodeTraversal.java:570)<br>	at com.google.javascript.jscomp.NodeTraversal.traverseBranch(NodeTraversal.java:570)<br>	at com.google.javascript.jscomp.NodeTraversal.traverseBranch(NodeTraversal.java:570)<br>	at com.google.javascript.jscomp.NodeTraversal.traverseRoots(NodeTraversal.java:308)<br>	at com.google.javascript.jscomp.NodeTraversal.traverseRoots(NodeTraversal.java:538)<br>	at com.google.javascript.jscomp.Normalize$VerifyConstants.process(Normalize.java:284)<br>	at com.google.javascript.jscomp.CompilerTestCase.test(CompilerTestCase.java:1063)<br>	at com.google.javascript.jscomp.CompilerTestCase.test(CompilerTestCase.java:935)<br>	at com.google.javascript.jscomp.CompilerTestCase.test(CompilerTestCase.java:543)<br>	at com.google.javascript.jscomp.CompilerTestCase.test(CompilerTestCase.java:509)<br>	at com.google.javascript.jscomp.CompilerTestCase.test(CompilerTestCase.java:450)<br>	at com.google.javascript.jscomp.CompilerTestCase.test(CompilerTestCase.java:408)<br>	at com.google.javascript.jscomp.CompilerTestCase.testSame(CompilerTestCase.java:741)<br>	at com.google.javascript.jscomp.AliasExternalsTest.testNoAliasAnnotationForSingleVar(AliasExternalsTest.java:360)<br>Caused by: java.lang.IllegalStateException: The name GLOBAL__USER_ID is not annotated as constant.<br>
</code></td><td>0.008</td>
</tr>
</table>
<div class="Properties">
<a href="javascript:displayProperties('com.google.javascript.jscomp.AliasExternalsTest');">
                    Properties &raquo;
                </a>
</div>
</body>
</html>
