<html xmlns:string="xalan://java.lang.String" xmlns:lxslt="http://xml.apache.org/xslt">
<head>
<META http-equiv="Content-Type" content="text/html; charset=UTF-8">
<title>Unit Test Results: com.google.javascript.jscomp.FlowSensitiveInlineVariablesTest</title>
<link rel="stylesheet" type="text/css" title="Style" href="../../../../stylesheet.css">
<script type="text/javascript" language="JavaScript">
        var TestCases = new Array();
        var cur;
        
    cur = TestCases['com.google.javascript.jscomp.FlowSensitiveInlineVariablesTest'] = new Array();
    
        cur['ant.build.javac.source'] = '1.7';
    
        cur['ant.build.javac.target'] = '1.7';
    
        cur['ant.core.lib'] = '/Users/linmanna/ant/lib/ant.jar';
    
        cur['ant.file'] = '/Users/linmanna/Documents/proj/UCLA-CS-239-Winter-2015/Part_B/Benchmark/closure-compiler/build.xml';
    
        cur['ant.file.compiler'] = '/Users/linmanna/Documents/proj/UCLA-CS-239-Winter-2015/Part_B/Benchmark/closure-compiler/build.xml';
    
        cur['ant.file.type'] = 'file';
    
        cur['ant.file.type.compiler'] = 'file';
    
        cur['ant.home'] = '//Users/linmanna/ant';
    
        cur['ant.java.version'] = '1.7';
    
        cur['ant.library.dir'] = '//Users/linmanna/ant/lib';
    
        cur['ant.project.default-target'] = 'jar';
    
        cur['ant.project.invoked-targets'] = 'clean,compile,compile-tests,test';
    
        cur['ant.project.name'] = 'compiler';
    
        cur['ant.version'] = 'Apache Ant(TM) version 1.9.4 compiled on April 29 2014';
    
        cur['awt.toolkit'] = 'sun.lwawt.macosx.LWCToolkit';
    
        cur['basedir'] = '/Users/linmanna/Documents/proj/UCLA-CS-239-Winter-2015/Part_B/Benchmark/closure-compiler';
    
        cur['build.dir'] = '/Users/linmanna/Documents/proj/UCLA-CS-239-Winter-2015/Part_B/Benchmark/closure-compiler/build';
    
        cur['build.relVersion'] = '00e3533';
    
        cur['buildlib.dir'] = '/Users/linmanna/Documents/proj/UCLA-CS-239-Winter-2015/Part_B/Benchmark/closure-compiler/build/lib';
    
        cur['classes.dir'] = '/Users/linmanna/Documents/proj/UCLA-CS-239-Winter-2015/Part_B/Benchmark/closure-compiler/build/classes';
    
        cur['closure.build.dir'] = '/Users/linmanna/Documents/proj/UCLA-CS-239-Winter-2015/Part_B/Benchmark/closure-compiler/build';
    
        cur['compiler-jarfile'] = '/Users/linmanna/Documents/proj/UCLA-CS-239-Winter-2015/Part_B/Benchmark/closure-compiler/build/compiler.jar';
    
        cur['externs.dir'] = '/Users/linmanna/Documents/proj/UCLA-CS-239-Winter-2015/Part_B/Benchmark/closure-compiler/externs';
    
        cur['file.encoding'] = 'UTF-8';
    
        cur['file.encoding.pkg'] = 'sun.io';
    
        cur['file.separator'] = '/';
    
        cur['ftp.nonProxyHosts'] = 'local|*.local|169.254/16|*.169.254/16';
    
        cur['gen.dir'] = '/Users/linmanna/Documents/proj/UCLA-CS-239-Winter-2015/Part_B/Benchmark/closure-compiler/gen';
    
        cur['gopherProxySet'] = 'false';
    
        cur['http.nonProxyHosts'] = 'local|*.local|169.254/16|*.169.254/16';
    
        cur['java.awt.graphicsenv'] = 'sun.awt.CGraphicsEnvironment';
    
        cur['java.awt.printerjob'] = 'sun.lwawt.macosx.CPrinterJob';
    
        cur['java.class.path'] = '/Users/linmanna/Documents/proj/UCLA-CS-239-Winter-2015/Part_B/Benchmark/closure-compiler/build/classes:/Users/linmanna/Documents/proj/UCLA-CS-239-Winter-2015/Part_B/Benchmark/closure-compiler/lib/ant-launcher.jar:/Users/linmanna/Documents/proj/UCLA-CS-239-Winter-2015/Part_B/Benchmark/closure-compiler/lib/ant.jar:/Users/linmanna/Documents/proj/UCLA-CS-239-Winter-2015/Part_B/Benchmark/closure-compiler/lib/args4j.jar:/Users/linmanna/Documents/proj/UCLA-CS-239-Winter-2015/Part_B/Benchmark/closure-compiler/lib/gson.jar:/Users/linmanna/Documents/proj/UCLA-CS-239-Winter-2015/Part_B/Benchmark/closure-compiler/lib/guava.jar:/Users/linmanna/Documents/proj/UCLA-CS-239-Winter-2015/Part_B/Benchmark/closure-compiler/lib/jsr305.jar:/Users/linmanna/Documents/proj/UCLA-CS-239-Winter-2015/Part_B/Benchmark/closure-compiler/lib/junit.jar:/Users/linmanna/Documents/proj/UCLA-CS-239-Winter-2015/Part_B/Benchmark/closure-compiler/lib/protobuf-java.jar:/Users/linmanna/Documents/proj/UCLA-CS-239-Winter-2015/Part_B/Benchmark/closure-compiler/lib/truth.jar:/Users/linmanna/Documents/proj/UCLA-CS-239-Winter-2015/Part_B/Benchmark/closure-compiler/build/test:/Users/linmanna/ant/lib/ant-launcher.jar:/Users/linmanna/ant/lib/ant.jar:/Users/linmanna/ant/lib/ant-junit.jar:/Users/linmanna/ant/lib/ant-junit4.jar';
    
        cur['java.class.version'] = '51.0';
    
        cur['java.endorsed.dirs'] = '/Library/Java/JavaVirtualMachines/jdk1.7.0_75.jdk/Contents/Home/jre/lib/endorsed';
    
        cur['java.ext.dirs'] = '/Users/linmanna/Library/Java/Extensions:/Library/Java/JavaVirtualMachines/jdk1.7.0_75.jdk/Contents/Home/jre/lib/ext:/Library/Java/Extensions:/Network/Library/Java/Extensions:/System/Library/Java/Extensions:/usr/lib/java';
    
        cur['java.home'] = '/Library/Java/JavaVirtualMachines/jdk1.7.0_75.jdk/Contents/Home/jre';
    
        cur['java.io.tmpdir'] = '/var/folders/_p/3swdt4h96dn79vyt21dtny9h0000gn/T/';
    
        cur['java.library.path'] = '/Users/linmanna/Library/Java/Extensions:/Library/Java/Extensions:/Network/Library/Java/Extensions:/System/Library/Java/Extensions:/usr/lib/java:.';
    
        cur['java.runtime.name'] = 'Java(TM) SE Runtime Environment';
    
        cur['java.runtime.version'] = '1.7.0_75-b13';
    
        cur['java.specification.name'] = 'Java Platform API Specification';
    
        cur['java.specification.vendor'] = 'Oracle Corporation';
    
        cur['java.specification.version'] = '1.7';
    
        cur['java.vendor'] = 'Oracle Corporation';
    
        cur['java.vendor.url'] = 'http://java.oracle.com/';
    
        cur['java.vendor.url.bug'] = 'http://bugreport.sun.com/bugreport/';
    
        cur['java.version'] = '1.7.0_75';
    
        cur['java.vm.info'] = 'mixed mode';
    
        cur['java.vm.name'] = 'Java HotSpot(TM) 64-Bit Server VM';
    
        cur['java.vm.specification.name'] = 'Java Virtual Machine Specification';
    
        cur['java.vm.specification.vendor'] = 'Oracle Corporation';
    
        cur['java.vm.specification.version'] = '1.7';
    
        cur['java.vm.vendor'] = 'Oracle Corporation';
    
        cur['java.vm.version'] = '24.75-b04';
    
        cur['javac.debug'] = 'on';
    
        cur['javadoc.dir'] = '/Users/linmanna/Documents/proj/UCLA-CS-239-Winter-2015/Part_B/Benchmark/closure-compiler/build/javadoc';
    
        cur['lib.dir'] = '/Users/linmanna/Documents/proj/UCLA-CS-239-Winter-2015/Part_B/Benchmark/closure-compiler/lib';
    
        cur['line.separator'] = '\n';
    
        cur['maven-repository-id'] = 'sonatype-nexus-staging';
    
        cur['maven-repository-url'] = 'https://oss.sonatype.org/service/local/staging/deploy/maven2/';
    
        cur['os.arch'] = 'x86_64';
    
        cur['os.name'] = 'Mac OS X';
    
        cur['os.version'] = '10.9.5';
    
        cur['path.separator'] = ':';
    
        cur['protoc.executable'] = 'protoc';
    
        cur['refasterjs.dir'] = '/Users/linmanna/Documents/proj/UCLA-CS-239-Winter-2015/Part_B/Benchmark/closure-compiler/src/com/google/javascript/refactoring';
    
        cur['refasterjs-classes.dir'] = '/Users/linmanna/Documents/proj/UCLA-CS-239-Winter-2015/Part_B/Benchmark/closure-compiler/build/refasterjs-classes';
    
        cur['refasterjs-jarfile'] = '/Users/linmanna/Documents/proj/UCLA-CS-239-Winter-2015/Part_B/Benchmark/closure-compiler/build/refasterjs.jar';
    
        cur['socksNonProxyHosts'] = 'local|*.local|169.254/16|*.169.254/16';
    
        cur['src.dir'] = '/Users/linmanna/Documents/proj/UCLA-CS-239-Winter-2015/Part_B/Benchmark/closure-compiler/src';
    
        cur['sun.arch.data.model'] = '64';
    
        cur['sun.boot.class.path'] = '/Library/Java/JavaVirtualMachines/jdk1.7.0_75.jdk/Contents/Home/jre/lib/resources.jar:/Library/Java/JavaVirtualMachines/jdk1.7.0_75.jdk/Contents/Home/jre/lib/rt.jar:/Library/Java/JavaVirtualMachines/jdk1.7.0_75.jdk/Contents/Home/jre/lib/sunrsasign.jar:/Library/Java/JavaVirtualMachines/jdk1.7.0_75.jdk/Contents/Home/jre/lib/jsse.jar:/Library/Java/JavaVirtualMachines/jdk1.7.0_75.jdk/Contents/Home/jre/lib/jce.jar:/Library/Java/JavaVirtualMachines/jdk1.7.0_75.jdk/Contents/Home/jre/lib/charsets.jar:/Library/Java/JavaVirtualMachines/jdk1.7.0_75.jdk/Contents/Home/jre/lib/jfr.jar:/Library/Java/JavaVirtualMachines/jdk1.7.0_75.jdk/Contents/Home/jre/classes';
    
        cur['sun.boot.library.path'] = '/Library/Java/JavaVirtualMachines/jdk1.7.0_75.jdk/Contents/Home/jre/lib';
    
        cur['sun.cpu.endian'] = 'little';
    
        cur['sun.cpu.isalist'] = '';
    
        cur['sun.io.unicode.encoding'] = 'UnicodeBig';
    
        cur['sun.java.command'] = 'org.apache.tools.ant.taskdefs.optional.junit.JUnitTestRunner testsfile=/Users/linmanna/Documents/proj/UCLA-CS-239-Winter-2015/Part_B/Benchmark/closure-compiler/junittestcases4622356093930181862.properties skipNonTests=false filtertrace=true haltOnError=false haltOnFailure=false formatter=org.apache.tools.ant.taskdefs.optional.junit.SummaryJUnitResultFormatter showoutput=true outputtoformatters=true logfailedtests=true threadid=0 logtestlistenerevents=false formatter=org.apache.tools.ant.taskdefs.optional.junit.BriefJUnitResultFormatter formatter=org.apache.tools.ant.taskdefs.optional.junit.XMLJUnitResultFormatter,/Users/linmanna/Documents/proj/UCLA-CS-239-Winter-2015/Part_B/Benchmark/closure-compiler/build/testoutput/IGNORETHIS.xml crashfile=/Users/linmanna/Documents/proj/UCLA-CS-239-Winter-2015/Part_B/Benchmark/closure-compiler/junitvmwatcher882389895192408063.properties propsfile=/Users/linmanna/Documents/proj/UCLA-CS-239-Winter-2015/Part_B/Benchmark/closure-compiler/junit6374663990081372210.properties';
    
        cur['sun.java.launcher'] = 'SUN_STANDARD';
    
        cur['sun.jnu.encoding'] = 'UTF-8';
    
        cur['sun.management.compiler'] = 'HotSpot 64-Bit Tiered Compilers';
    
        cur['sun.os.patch.level'] = 'unknown';
    
        cur['test.class'] = '*Test';
    
        cur['test.dir'] = '/Users/linmanna/Documents/proj/UCLA-CS-239-Winter-2015/Part_B/Benchmark/closure-compiler/test';
    
        cur['test.fork'] = 'true';
    
        cur['test.method'] = '';
    
        cur['testClasses.dir'] = '/Users/linmanna/Documents/proj/UCLA-CS-239-Winter-2015/Part_B/Benchmark/closure-compiler/build/test';
    
        cur['tools.dir'] = '/Users/linmanna/Documents/proj/UCLA-CS-239-Winter-2015/Part_B/Benchmark/closure-compiler/tools';
    
        cur['user.country'] = 'CN';
    
        cur['user.dir'] = '/Users/linmanna/Documents/proj/UCLA-CS-239-Winter-2015/Part_B/Benchmark/closure-compiler';
    
        cur['user.home'] = '/Users/linmanna';
    
        cur['user.language'] = 'zh';
    
        cur['user.name'] = 'linmanna';
    
        cur['user.timezone'] = '';
    
        cur['webservice.dir'] = '/Users/linmanna/Documents/proj/UCLA-CS-239-Winter-2015/Part_B/Benchmark/closure-compiler/src/com/google/javascript/jscomp/webservice';
    
        cur['webservice-classes.dir'] = '/Users/linmanna/Documents/proj/UCLA-CS-239-Winter-2015/Part_B/Benchmark/closure-compiler/build/webservice-classes';
    
        cur['webservice-jarfile'] = '/Users/linmanna/Documents/proj/UCLA-CS-239-Winter-2015/Part_B/Benchmark/closure-compiler/build/webservice.jar';
    </script><script type="text/javascript" language="JavaScript">
        function displayProperties (name) {
          var win = window.open('','JUnitSystemProperties','scrollbars=1,resizable=1');
          var doc = win.document;
          doc.open();
          doc.write("<html><head><title>Properties of " + name + "</title>");
          doc.write("<style type=\"text/css\">");
          doc.write("body {font:normal 68% verdana,arial,helvetica; color:#000000; }");
          doc.write("table tr td, table tr th { font-size: 68%; }");
          doc.write("table.properties { border-collapse:collapse; border-left:solid 1 #cccccc; border-top:solid 1 #cccccc; padding:5px; }");
          doc.write("table.properties th { text-align:left; border-right:solid 1 #cccccc; border-bottom:solid 1 #cccccc; background-color:#eeeeee; }");
          doc.write("table.properties td { font:normal; text-align:left; border-right:solid 1 #cccccc; border-bottom:solid 1 #cccccc; background-color:#fffffff; }");
          doc.write("h3 { margin-bottom: 0.5em; font: bold 115% verdana,arial,helvetica }");
          doc.write("</style>");
          doc.write("</head><body>");
          doc.write("<h3>Properties of " + name + "</h3>");
          doc.write("<div align=\"right\"><a href=\"javascript:window.close();\">Close</a></div>");
          doc.write("<table class='properties'>");
          doc.write("<tr><th>Name</th><th>Value</th></tr>");
          for (prop in TestCases[name]) {
            doc.write("<tr><th>" + prop + "</th><td>" + TestCases[name][prop] + "</td></tr>");
          }
          doc.write("</table>");
          doc.write("</body></html>");
          doc.close();
          win.focus();
        }
      
      </script>
</head>
<body>
<h1>Unit Test Results.</h1>
<table width="100%">
<tr>
<td align="left"></td><td align="right">Designed for use with <a href="http://www.junit.org/">JUnit</a> and <a href="http://ant.apache.org/">Ant</a>.</td>
</tr>
</table>
<hr size="1">
<h3>Class com.google.javascript.jscomp.FlowSensitiveInlineVariablesTest</h3>
<table class="details" border="0" cellpadding="5" cellspacing="2" width="95%">
<tr valign="top">
<th width="80%">Name</th><th>Tests</th><th>Errors</th><th>Failures</th><th>Skipped</th><th nowrap>Time(s)</th><th nowrap>Time Stamp</th><th>Host</th>
</tr>
<tr valign="top" class="Error">
<td><a title="Display all tests" href="85_FlowSensitiveInlineVariablesTest.html">FlowSensitiveInlineVariablesTest</a></td><td><a title="Display all tests" href="85_FlowSensitiveInlineVariablesTest.html">76</a></td><td><a title="Display only errors" href="85_FlowSensitiveInlineVariablesTest-errors.html">8</a></td><td>0</td><td>0</td><td>1.166</td><td>2015-03-09T03:17:22</td><td>cs-210-206.cs.ucla.edu</td>
</tr>
</table>
<h2>Tests</h2>
<table class="details" border="0" cellpadding="5" cellspacing="2" width="95%">
<tr valign="top">
<th>Name</th><th>Status</th><th width="80%">Type</th><th nowrap>Time(s)</th>
</tr>
<tr valign="top" class="TableRowColor">
<td><a name="testSwitchCase"></a>testSwitchCase</td><td>Success</td><td></td><td>0.013</td>
</tr>
<tr valign="top" class="TableRowColor">
<td><a name="testSimpleVar"></a>testSimpleVar</td><td>Success</td><td></td><td>0.021</td>
</tr>
<tr valign="top" class="TableRowColor">
<td><a name="testSimpleForIn"></a>testSimpleForIn</td><td>Success</td><td></td><td>0.017</td>
</tr>
<tr valign="top" class="TableRowColor">
<td><a name="testSimpleAssign"></a>testSimpleAssign</td><td>Success</td><td></td><td>0.025</td>
</tr>
<tr valign="top" class="TableRowColor">
<td><a name="testExported"></a>testExported</td><td>Success</td><td></td><td>0.007</td>
</tr>
<tr valign="top" class="TableRowColor">
<td><a name="testDoNotInlineIncrement"></a>testDoNotInlineIncrement</td><td>Success</td><td></td><td>0.014</td>
</tr>
<tr valign="top" class="TableRowColor">
<td><a name="testDoNotInlineAssignmentOp"></a>testDoNotInlineAssignmentOp</td><td>Success</td><td></td><td>0.014</td>
</tr>
<tr valign="top" class="TableRowColor">
<td><a name="testDoNotInlineIntoLhsOfAssign"></a>testDoNotInlineIntoLhsOfAssign</td><td>Success</td><td></td><td>0.006</td>
</tr>
<tr valign="top" class="TableRowColor">
<td><a name="testMultiUse"></a>testMultiUse</td><td>Success</td><td></td><td>0.008</td>
</tr>
<tr valign="top" class="TableRowColor">
<td><a name="testMultiUseInSameCfgNode"></a>testMultiUseInSameCfgNode</td><td>Success</td><td></td><td>0.008</td>
</tr>
<tr valign="top" class="TableRowColor">
<td><a name="testMultiUseInTwoDifferentPath"></a>testMultiUseInTwoDifferentPath</td><td>Success</td><td></td><td>0.008</td>
</tr>
<tr valign="top" class="TableRowColor">
<td><a name="testAssignmentBeforeDefinition"></a>testAssignmentBeforeDefinition</td><td>Success</td><td></td><td>0.007</td>
</tr>
<tr valign="top" class="TableRowColor">
<td><a name="testVarInConditionPath"></a>testVarInConditionPath</td><td>Success</td><td></td><td>0.006</td>
</tr>
<tr valign="top" class="TableRowColor">
<td><a name="testMultiDefinitionsBeforeUse"></a>testMultiDefinitionsBeforeUse</td><td>Success</td><td></td><td>0.007</td>
</tr>
<tr valign="top" class="TableRowColor">
<td><a name="testMultiDefinitionsInSameCfgNode"></a>testMultiDefinitionsInSameCfgNode</td><td>Success</td><td></td><td>0.036</td>
</tr>
<tr valign="top" class="TableRowColor">
<td><a name="testNotReachingDefinitions"></a>testNotReachingDefinitions</td><td>Success</td><td></td><td>0.007</td>
</tr>
<tr valign="top" class="TableRowColor">
<td><a name="testNoInlineLoopCarriedDefinition"></a>testNoInlineLoopCarriedDefinition</td><td>Success</td><td></td><td>0.017</td>
</tr>
<tr valign="top" class="TableRowColor">
<td><a name="testDoNotExitLoop"></a>testDoNotExitLoop</td><td>Success</td><td></td><td>0.007</td>
</tr>
<tr valign="top" class="TableRowColor">
<td><a name="testDoNotInlineWithinLoop"></a>testDoNotInlineWithinLoop</td><td>Success</td><td></td><td>0.008</td>
</tr>
<tr valign="top" class="Error">
<td><a name="testDoNotInlineCatchExpression1"></a>testDoNotInlineCatchExpression1</td><td>Error</td><td>Missing catch or finally for try statement.. Reference node:
TRY 2 [source_file: testcode]
    BLOCK 2 [source_file: testcode]
        THROW 3 [source_file: testcode]
            CALL 3 [free_call: 1] [source_file: testcode]
                NAME Error 3 [source_file: testcode]
                STRING  3 [source_file: testcode]
    BLOCK 4 [source_file: testcode]
        CATCH 4 [source_file: testcode]
            NAME err 4 [source_file: testcode]
            BLOCK 4 [source_file: testcode]
                EXPR_RESULT 4 [source_file: testcode]
                    ASSIGN 4 [source_file: testcode]
                        NAME a 4 [source_file: testcode]
                        NAME err 4 [source_file: testcode]
<br>
<br>
<code>java.lang.IllegalStateException: Missing catch or finally for try statement.. Reference node:<br>TRY 2 [source_file: testcode]<br>    BLOCK 2 [source_file: testcode]<br>        THROW 3 [source_file: testcode]<br>            CALL 3 [free_call: 1] [source_file: testcode]<br>                NAME Error 3 [source_file: testcode]<br>                STRING  3 [source_file: testcode]<br>    BLOCK 4 [source_file: testcode]<br>        CATCH 4 [source_file: testcode]<br>            NAME err 4 [source_file: testcode]<br>            BLOCK 4 [source_file: testcode]<br>                EXPR_RESULT 4 [source_file: testcode]<br>                    ASSIGN 4 [source_file: testcode]<br>                        NAME a 4 [source_file: testcode]<br>                        NAME err 4 [source_file: testcode]<br>
<br>	at com.google.javascript.jscomp.AstValidator$1.handleViolation(AstValidator.java:54)<br>	at com.google.javascript.jscomp.AstValidator.violation(AstValidator.java:1167)<br>	at com.google.javascript.jscomp.AstValidator.validateTry(AstValidator.java:888)<br>	at com.google.javascript.jscomp.AstValidator.validateStatement(AstValidator.java:142)<br>	at com.google.javascript.jscomp.AstValidator.validateBlock(AstValidator.java:481)<br>	at com.google.javascript.jscomp.AstValidator.validateFunctionStatement(AstValidator.java:569)<br>	at com.google.javascript.jscomp.AstValidator.validateStatement(AstValidator.java:104)<br>	at com.google.javascript.jscomp.AstValidator.validateScript(AstValidator.java:91)<br>	at com.google.javascript.jscomp.AstValidator.validateCodeRoot(AstValidator.java:82)<br>	at com.google.javascript.jscomp.AstValidator.validateRoot(AstValidator.java:75)<br>	at com.google.javascript.jscomp.CompilerTestCase.test(CompilerTestCase.java:967)<br>	at com.google.javascript.jscomp.CompilerTestCase.test(CompilerTestCase.java:935)<br>	at com.google.javascript.jscomp.CompilerTestCase.test(CompilerTestCase.java:543)<br>	at com.google.javascript.jscomp.CompilerTestCase.test(CompilerTestCase.java:509)<br>	at com.google.javascript.jscomp.CompilerTestCase.test(CompilerTestCase.java:489)<br>	at com.google.javascript.jscomp.CompilerTestCase.test(CompilerTestCase.java:466)<br>	at com.google.javascript.jscomp.FlowSensitiveInlineVariablesTest.inline(FlowSensitiveInlineVariablesTest.java:590)<br>	at com.google.javascript.jscomp.FlowSensitiveInlineVariablesTest.noInline(FlowSensitiveInlineVariablesTest.java:586)<br>	at com.google.javascript.jscomp.FlowSensitiveInlineVariablesTest.testDoNotInlineCatchExpression1(FlowSensitiveInlineVariablesTest.java:147)<br>
</code></td><td>0.002</td>
</tr>
<tr valign="top" class="Error">
<td><a name="testDoNotInlineCatchExpression1a"></a>testDoNotInlineCatchExpression1a</td><td>Error</td><td>Missing catch or finally for try statement.. Reference node:
TRY 2 [source_file: testcode]
    BLOCK 2 [source_file: testcode]
        THROW 3 [source_file: testcode]
            CALL 3 [free_call: 1] [source_file: testcode]
                NAME Error 3 [source_file: testcode]
                STRING  3 [source_file: testcode]
    BLOCK 4 [source_file: testcode]
        CATCH 4 [source_file: testcode]
            NAME err 4 [source_file: testcode]
            BLOCK 4 [source_file: testcode]
                EXPR_RESULT 4 [source_file: testcode]
                    ASSIGN 4 [source_file: testcode]
                        NAME a 4 [source_file: testcode]
                        ADD 4 [source_file: testcode]
                            NAME err 4 [source_file: testcode]
                            NUMBER 1.0 4 [source_file: testcode]
<br>
<br>
<code>java.lang.IllegalStateException: Missing catch or finally for try statement.. Reference node:<br>TRY 2 [source_file: testcode]<br>    BLOCK 2 [source_file: testcode]<br>        THROW 3 [source_file: testcode]<br>            CALL 3 [free_call: 1] [source_file: testcode]<br>                NAME Error 3 [source_file: testcode]<br>                STRING  3 [source_file: testcode]<br>    BLOCK 4 [source_file: testcode]<br>        CATCH 4 [source_file: testcode]<br>            NAME err 4 [source_file: testcode]<br>            BLOCK 4 [source_file: testcode]<br>                EXPR_RESULT 4 [source_file: testcode]<br>                    ASSIGN 4 [source_file: testcode]<br>                        NAME a 4 [source_file: testcode]<br>                        ADD 4 [source_file: testcode]<br>                            NAME err 4 [source_file: testcode]<br>                            NUMBER 1.0 4 [source_file: testcode]<br>
<br>	at com.google.javascript.jscomp.AstValidator$1.handleViolation(AstValidator.java:54)<br>	at com.google.javascript.jscomp.AstValidator.violation(AstValidator.java:1167)<br>	at com.google.javascript.jscomp.AstValidator.validateTry(AstValidator.java:888)<br>	at com.google.javascript.jscomp.AstValidator.validateStatement(AstValidator.java:142)<br>	at com.google.javascript.jscomp.AstValidator.validateBlock(AstValidator.java:481)<br>	at com.google.javascript.jscomp.AstValidator.validateFunctionStatement(AstValidator.java:569)<br>	at com.google.javascript.jscomp.AstValidator.validateStatement(AstValidator.java:104)<br>	at com.google.javascript.jscomp.AstValidator.validateScript(AstValidator.java:91)<br>	at com.google.javascript.jscomp.AstValidator.validateCodeRoot(AstValidator.java:82)<br>	at com.google.javascript.jscomp.AstValidator.validateRoot(AstValidator.java:75)<br>	at com.google.javascript.jscomp.CompilerTestCase.test(CompilerTestCase.java:967)<br>	at com.google.javascript.jscomp.CompilerTestCase.test(CompilerTestCase.java:935)<br>	at com.google.javascript.jscomp.CompilerTestCase.test(CompilerTestCase.java:543)<br>	at com.google.javascript.jscomp.CompilerTestCase.test(CompilerTestCase.java:509)<br>	at com.google.javascript.jscomp.CompilerTestCase.test(CompilerTestCase.java:489)<br>	at com.google.javascript.jscomp.CompilerTestCase.test(CompilerTestCase.java:466)<br>	at com.google.javascript.jscomp.FlowSensitiveInlineVariablesTest.inline(FlowSensitiveInlineVariablesTest.java:590)<br>	at com.google.javascript.jscomp.FlowSensitiveInlineVariablesTest.noInline(FlowSensitiveInlineVariablesTest.java:586)<br>	at com.google.javascript.jscomp.FlowSensitiveInlineVariablesTest.testDoNotInlineCatchExpression1a(FlowSensitiveInlineVariablesTest.java:158)<br>
</code></td><td>0.003</td>
</tr>
<tr valign="top" class="Error">
<td><a name="testDoNotInlineCatchExpression2"></a>testDoNotInlineCatchExpression2</td><td>Error</td><td>Missing catch or finally for try statement.. Reference node:
TRY 2 [source_file: testcode]
    BLOCK 2 [source_file: testcode]
        IF 3 [source_file: testcode]
            NAME x 3 [source_file: testcode]
            BLOCK 3 [source_file: testcode]
                THROW 3 [source_file: testcode]
                    CALL 3 [free_call: 1] [source_file: testcode]
                        NAME Error 3 [source_file: testcode]
                        STRING  3 [source_file: testcode]
    BLOCK 4 [source_file: testcode]
        CATCH 4 [source_file: testcode]
            NAME err 4 [source_file: testcode]
            BLOCK 4 [source_file: testcode]
                EXPR_RESULT 4 [source_file: testcode]
                    ASSIGN 4 [source_file: testcode]
                        NAME a 4 [source_file: testcode]
                        NAME err 4 [source_file: testcode]
<br>
<br>
<code>java.lang.IllegalStateException: Missing catch or finally for try statement.. Reference node:<br>TRY 2 [source_file: testcode]<br>    BLOCK 2 [source_file: testcode]<br>        IF 3 [source_file: testcode]<br>            NAME x 3 [source_file: testcode]<br>            BLOCK 3 [source_file: testcode]<br>                THROW 3 [source_file: testcode]<br>                    CALL 3 [free_call: 1] [source_file: testcode]<br>                        NAME Error 3 [source_file: testcode]<br>                        STRING  3 [source_file: testcode]<br>    BLOCK 4 [source_file: testcode]<br>        CATCH 4 [source_file: testcode]<br>            NAME err 4 [source_file: testcode]<br>            BLOCK 4 [source_file: testcode]<br>                EXPR_RESULT 4 [source_file: testcode]<br>                    ASSIGN 4 [source_file: testcode]<br>                        NAME a 4 [source_file: testcode]<br>                        NAME err 4 [source_file: testcode]<br>
<br>	at com.google.javascript.jscomp.AstValidator$1.handleViolation(AstValidator.java:54)<br>	at com.google.javascript.jscomp.AstValidator.violation(AstValidator.java:1167)<br>	at com.google.javascript.jscomp.AstValidator.validateTry(AstValidator.java:888)<br>	at com.google.javascript.jscomp.AstValidator.validateStatement(AstValidator.java:142)<br>	at com.google.javascript.jscomp.AstValidator.validateBlock(AstValidator.java:481)<br>	at com.google.javascript.jscomp.AstValidator.validateFunctionStatement(AstValidator.java:569)<br>	at com.google.javascript.jscomp.AstValidator.validateStatement(AstValidator.java:104)<br>	at com.google.javascript.jscomp.AstValidator.validateScript(AstValidator.java:91)<br>	at com.google.javascript.jscomp.AstValidator.validateCodeRoot(AstValidator.java:82)<br>	at com.google.javascript.jscomp.AstValidator.validateRoot(AstValidator.java:75)<br>	at com.google.javascript.jscomp.CompilerTestCase.test(CompilerTestCase.java:967)<br>	at com.google.javascript.jscomp.CompilerTestCase.test(CompilerTestCase.java:935)<br>	at com.google.javascript.jscomp.CompilerTestCase.test(CompilerTestCase.java:543)<br>	at com.google.javascript.jscomp.CompilerTestCase.test(CompilerTestCase.java:509)<br>	at com.google.javascript.jscomp.CompilerTestCase.test(CompilerTestCase.java:489)<br>	at com.google.javascript.jscomp.CompilerTestCase.test(CompilerTestCase.java:466)<br>	at com.google.javascript.jscomp.FlowSensitiveInlineVariablesTest.inline(FlowSensitiveInlineVariablesTest.java:590)<br>	at com.google.javascript.jscomp.FlowSensitiveInlineVariablesTest.noInline(FlowSensitiveInlineVariablesTest.java:586)<br>	at com.google.javascript.jscomp.FlowSensitiveInlineVariablesTest.testDoNotInlineCatchExpression2(FlowSensitiveInlineVariablesTest.java:169)<br>
</code></td><td>0.001</td>
</tr>
<tr valign="top" class="Error">
<td><a name="testDoNotInlineCatchExpression3"></a>testDoNotInlineCatchExpression3</td><td>Error</td><td>Missing catch or finally for try statement.. Reference node:
TRY 2 [source_file: testcode]
    BLOCK 2 [source_file: testcode]
        THROW 3 [source_file: testcode]
            CALL 3 [free_call: 1] [source_file: testcode]
                NAME Error 3 [source_file: testcode]
                STRING  3 [source_file: testcode]
    BLOCK 4 [source_file: testcode]
        CATCH 4 [source_file: testcode]
            NAME err 4 [source_file: testcode]
            BLOCK 4 [source_file: testcode]
                EXPR_RESULT 4 [source_file: testcode]
                    ASSIGN 4 [source_file: testcode]
                        NAME err 4 [source_file: testcode]
                        NAME x 4 [source_file: testcode]
                EXPR_RESULT 5 [source_file: testcode]
                    ASSIGN 5 [source_file: testcode]
                        NAME a 5 [source_file: testcode]
                        NAME err 5 [source_file: testcode]
<br>
<br>
<code>java.lang.IllegalStateException: Missing catch or finally for try statement.. Reference node:<br>TRY 2 [source_file: testcode]<br>    BLOCK 2 [source_file: testcode]<br>        THROW 3 [source_file: testcode]<br>            CALL 3 [free_call: 1] [source_file: testcode]<br>                NAME Error 3 [source_file: testcode]<br>                STRING  3 [source_file: testcode]<br>    BLOCK 4 [source_file: testcode]<br>        CATCH 4 [source_file: testcode]<br>            NAME err 4 [source_file: testcode]<br>            BLOCK 4 [source_file: testcode]<br>                EXPR_RESULT 4 [source_file: testcode]<br>                    ASSIGN 4 [source_file: testcode]<br>                        NAME err 4 [source_file: testcode]<br>                        NAME x 4 [source_file: testcode]<br>                EXPR_RESULT 5 [source_file: testcode]<br>                    ASSIGN 5 [source_file: testcode]<br>                        NAME a 5 [source_file: testcode]<br>                        NAME err 5 [source_file: testcode]<br>
<br>	at com.google.javascript.jscomp.AstValidator$1.handleViolation(AstValidator.java:54)<br>	at com.google.javascript.jscomp.AstValidator.violation(AstValidator.java:1167)<br>	at com.google.javascript.jscomp.AstValidator.validateTry(AstValidator.java:888)<br>	at com.google.javascript.jscomp.AstValidator.validateStatement(AstValidator.java:142)<br>	at com.google.javascript.jscomp.AstValidator.validateBlock(AstValidator.java:481)<br>	at com.google.javascript.jscomp.AstValidator.validateFunctionStatement(AstValidator.java:569)<br>	at com.google.javascript.jscomp.AstValidator.validateStatement(AstValidator.java:104)<br>	at com.google.javascript.jscomp.AstValidator.validateScript(AstValidator.java:91)<br>	at com.google.javascript.jscomp.AstValidator.validateCodeRoot(AstValidator.java:82)<br>	at com.google.javascript.jscomp.AstValidator.validateRoot(AstValidator.java:75)<br>	at com.google.javascript.jscomp.CompilerTestCase.test(CompilerTestCase.java:967)<br>	at com.google.javascript.jscomp.CompilerTestCase.test(CompilerTestCase.java:935)<br>	at com.google.javascript.jscomp.CompilerTestCase.test(CompilerTestCase.java:543)<br>	at com.google.javascript.jscomp.CompilerTestCase.test(CompilerTestCase.java:509)<br>	at com.google.javascript.jscomp.CompilerTestCase.test(CompilerTestCase.java:489)<br>	at com.google.javascript.jscomp.CompilerTestCase.test(CompilerTestCase.java:466)<br>	at com.google.javascript.jscomp.FlowSensitiveInlineVariablesTest.inline(FlowSensitiveInlineVariablesTest.java:590)<br>	at com.google.javascript.jscomp.FlowSensitiveInlineVariablesTest.noInline(FlowSensitiveInlineVariablesTest.java:586)<br>	at com.google.javascript.jscomp.FlowSensitiveInlineVariablesTest.testDoNotInlineCatchExpression3(FlowSensitiveInlineVariablesTest.java:180)<br>
</code></td><td>0.001</td>
</tr>
<tr valign="top" class="Error">
<td><a name="testDoNotInlineCatchExpression4"></a>testDoNotInlineCatchExpression4</td><td>Error</td><td>Missing catch or finally for try statement.. Reference node:
TRY 1 [source_file: testcode]
    BLOCK 1 [source_file: testcode]
        EXPR_RESULT 2 [source_file: testcode]
            CALL 2 [free_call: 1] [source_file: testcode]
                NAME stuff 2 [source_file: testcode]
    BLOCK 3 [source_file: testcode]
        CATCH 3 [source_file: testcode]
            NAME e 3 [source_file: testcode]
            BLOCK 3 [source_file: testcode]
                EXPR_RESULT 4 [source_file: testcode]
                    ASSIGN 4 [source_file: testcode]
                        NAME x 4 [source_file: testcode]
                        NAME e 4 [source_file: testcode]
                EXPR_RESULT 5 [source_file: testcode]
                    CALL 5 [free_call: 1] [source_file: testcode]
                        NAME print 5 [source_file: testcode]
                        NAME x 5 [source_file: testcode]
<br>
<br>
<code>java.lang.IllegalStateException: Missing catch or finally for try statement.. Reference node:<br>TRY 1 [source_file: testcode]<br>    BLOCK 1 [source_file: testcode]<br>        EXPR_RESULT 2 [source_file: testcode]<br>            CALL 2 [free_call: 1] [source_file: testcode]<br>                NAME stuff 2 [source_file: testcode]<br>    BLOCK 3 [source_file: testcode]<br>        CATCH 3 [source_file: testcode]<br>            NAME e 3 [source_file: testcode]<br>            BLOCK 3 [source_file: testcode]<br>                EXPR_RESULT 4 [source_file: testcode]<br>                    ASSIGN 4 [source_file: testcode]<br>                        NAME x 4 [source_file: testcode]<br>                        NAME e 4 [source_file: testcode]<br>                EXPR_RESULT 5 [source_file: testcode]<br>                    CALL 5 [free_call: 1] [source_file: testcode]<br>                        NAME print 5 [source_file: testcode]<br>                        NAME x 5 [source_file: testcode]<br>
<br>	at com.google.javascript.jscomp.AstValidator$1.handleViolation(AstValidator.java:54)<br>	at com.google.javascript.jscomp.AstValidator.violation(AstValidator.java:1167)<br>	at com.google.javascript.jscomp.AstValidator.validateTry(AstValidator.java:888)<br>	at com.google.javascript.jscomp.AstValidator.validateStatement(AstValidator.java:142)<br>	at com.google.javascript.jscomp.AstValidator.validateBlock(AstValidator.java:481)<br>	at com.google.javascript.jscomp.AstValidator.validateFunctionStatement(AstValidator.java:569)<br>	at com.google.javascript.jscomp.AstValidator.validateStatement(AstValidator.java:104)<br>	at com.google.javascript.jscomp.AstValidator.validateScript(AstValidator.java:91)<br>	at com.google.javascript.jscomp.AstValidator.validateCodeRoot(AstValidator.java:82)<br>	at com.google.javascript.jscomp.AstValidator.validateRoot(AstValidator.java:75)<br>	at com.google.javascript.jscomp.CompilerTestCase.test(CompilerTestCase.java:967)<br>	at com.google.javascript.jscomp.CompilerTestCase.test(CompilerTestCase.java:935)<br>	at com.google.javascript.jscomp.CompilerTestCase.test(CompilerTestCase.java:543)<br>	at com.google.javascript.jscomp.CompilerTestCase.test(CompilerTestCase.java:509)<br>	at com.google.javascript.jscomp.CompilerTestCase.test(CompilerTestCase.java:489)<br>	at com.google.javascript.jscomp.CompilerTestCase.test(CompilerTestCase.java:466)<br>	at com.google.javascript.jscomp.FlowSensitiveInlineVariablesTest.inline(FlowSensitiveInlineVariablesTest.java:590)<br>	at com.google.javascript.jscomp.FlowSensitiveInlineVariablesTest.noInline(FlowSensitiveInlineVariablesTest.java:586)<br>	at com.google.javascript.jscomp.FlowSensitiveInlineVariablesTest.testDoNotInlineCatchExpression4(FlowSensitiveInlineVariablesTest.java:193)<br>
</code></td><td>0.001</td>
</tr>
<tr valign="top" class="TableRowColor">
<td><a name="testDefinitionAfterUse"></a>testDefinitionAfterUse</td><td>Success</td><td></td><td>0.006</td>
</tr>
<tr valign="top" class="TableRowColor">
<td><a name="testInlineSameVariableInStraightLine"></a>testInlineSameVariableInStraightLine</td><td>Success</td><td></td><td>0.006</td>
</tr>
<tr valign="top" class="TableRowColor">
<td><a name="testInlineInDifferentPaths"></a>testInlineInDifferentPaths</td><td>Success</td><td></td><td>0.008</td>
</tr>
<tr valign="top" class="TableRowColor">
<td><a name="testNoInlineInMergedPath"></a>testNoInlineInMergedPath</td><td>Success</td><td></td><td>0.012</td>
</tr>
<tr valign="top" class="TableRowColor">
<td><a name="testInlineIntoExpressions"></a>testInlineIntoExpressions</td><td>Success</td><td></td><td>0.007</td>
</tr>
<tr valign="top" class="TableRowColor">
<td><a name="testInlineExpressions1"></a>testInlineExpressions1</td><td>Success</td><td></td><td>0.008</td>
</tr>
<tr valign="top" class="TableRowColor">
<td><a name="testInlineExpressions2"></a>testInlineExpressions2</td><td>Success</td><td></td><td>0.009</td>
</tr>
<tr valign="top" class="TableRowColor">
<td><a name="testInlineExpressions3"></a>testInlineExpressions3</td><td>Success</td><td></td><td>0.010</td>
</tr>
<tr valign="top" class="TableRowColor">
<td><a name="testInlineExpressions4"></a>testInlineExpressions4</td><td>Success</td><td></td><td>0.010</td>
</tr>
<tr valign="top" class="TableRowColor">
<td><a name="testInlineExpressions5"></a>testInlineExpressions5</td><td>Success</td><td></td><td>0.008</td>
</tr>
<tr valign="top" class="TableRowColor">
<td><a name="testInlineExpressions6"></a>testInlineExpressions6</td><td>Success</td><td></td><td>0.014</td>
</tr>
<tr valign="top" class="TableRowColor">
<td><a name="testInlineExpression7"></a>testInlineExpression7</td><td>Success</td><td></td><td>0.040</td>
</tr>
<tr valign="top" class="TableRowColor">
<td><a name="testInlineExpression8"></a>testInlineExpression8</td><td>Success</td><td></td><td>0.030</td>
</tr>
<tr valign="top" class="TableRowColor">
<td><a name="testInlineExpression9"></a>testInlineExpression9</td><td>Success</td><td></td><td>0.013</td>
</tr>
<tr valign="top" class="TableRowColor">
<td><a name="testInlineExpression10"></a>testInlineExpression10</td><td>Success</td><td></td><td>0.038</td>
</tr>
<tr valign="top" class="TableRowColor">
<td><a name="testInlineExpressions11"></a>testInlineExpressions11</td><td>Success</td><td></td><td>0.023</td>
</tr>
<tr valign="top" class="TableRowColor">
<td><a name="testInlineExpressions12"></a>testInlineExpressions12</td><td>Success</td><td></td><td>0.017</td>
</tr>
<tr valign="top" class="TableRowColor">
<td><a name="testInlineExpressions13"></a>testInlineExpressions13</td><td>Success</td><td></td><td>0.011</td>
</tr>
<tr valign="top" class="TableRowColor">
<td><a name="testNoInlineIfDefinitionMayNotReach"></a>testNoInlineIfDefinitionMayNotReach</td><td>Success</td><td></td><td>0.007</td>
</tr>
<tr valign="top" class="TableRowColor">
<td><a name="testNoInlineEscapedToInnerFunction"></a>testNoInlineEscapedToInnerFunction</td><td>Success</td><td></td><td>0.008</td>
</tr>
<tr valign="top" class="TableRowColor">
<td><a name="testNoInlineLValue"></a>testNoInlineLValue</td><td>Success</td><td></td><td>0.007</td>
</tr>
<tr valign="top" class="TableRowColor">
<td><a name="testShadowedVariableInnerFunction"></a>testShadowedVariableInnerFunction</td><td>Success</td><td></td><td>0.010</td>
</tr>
<tr valign="top" class="Error">
<td><a name="testCatch"></a>testCatch</td><td>Error</td><td>Missing catch or finally for try statement.. Reference node:
TRY 1 [source_file: testcode]
    BLOCK 1 [source_file: testcode]
    BLOCK 1 [source_file: testcode]
        CATCH 1 [source_file: testcode]
            NAME x 1 [source_file: testcode]
            BLOCK 1 [source_file: testcode]
<br>
<br>
<code>java.lang.IllegalStateException: Missing catch or finally for try statement.. Reference node:<br>TRY 1 [source_file: testcode]<br>    BLOCK 1 [source_file: testcode]<br>    BLOCK 1 [source_file: testcode]<br>        CATCH 1 [source_file: testcode]<br>            NAME x 1 [source_file: testcode]<br>            BLOCK 1 [source_file: testcode]<br>
<br>	at com.google.javascript.jscomp.AstValidator$1.handleViolation(AstValidator.java:54)<br>	at com.google.javascript.jscomp.AstValidator.violation(AstValidator.java:1167)<br>	at com.google.javascript.jscomp.AstValidator.validateTry(AstValidator.java:888)<br>	at com.google.javascript.jscomp.AstValidator.validateStatement(AstValidator.java:142)<br>	at com.google.javascript.jscomp.AstValidator.validateBlock(AstValidator.java:481)<br>	at com.google.javascript.jscomp.AstValidator.validateFunctionStatement(AstValidator.java:569)<br>	at com.google.javascript.jscomp.AstValidator.validateStatement(AstValidator.java:104)<br>	at com.google.javascript.jscomp.AstValidator.validateScript(AstValidator.java:91)<br>	at com.google.javascript.jscomp.AstValidator.validateCodeRoot(AstValidator.java:82)<br>	at com.google.javascript.jscomp.AstValidator.validateRoot(AstValidator.java:75)<br>	at com.google.javascript.jscomp.CompilerTestCase.test(CompilerTestCase.java:967)<br>	at com.google.javascript.jscomp.CompilerTestCase.test(CompilerTestCase.java:935)<br>	at com.google.javascript.jscomp.CompilerTestCase.test(CompilerTestCase.java:543)<br>	at com.google.javascript.jscomp.CompilerTestCase.test(CompilerTestCase.java:509)<br>	at com.google.javascript.jscomp.CompilerTestCase.test(CompilerTestCase.java:489)<br>	at com.google.javascript.jscomp.CompilerTestCase.test(CompilerTestCase.java:466)<br>	at com.google.javascript.jscomp.FlowSensitiveInlineVariablesTest.inline(FlowSensitiveInlineVariablesTest.java:590)<br>	at com.google.javascript.jscomp.FlowSensitiveInlineVariablesTest.noInline(FlowSensitiveInlineVariablesTest.java:586)<br>	at com.google.javascript.jscomp.FlowSensitiveInlineVariablesTest.testCatch(FlowSensitiveInlineVariablesTest.java:336)<br>
</code></td><td>0.003</td>
</tr>
<tr valign="top" class="TableRowColor">
<td><a name="testNoInlineGetProp"></a>testNoInlineGetProp</td><td>Success</td><td></td><td>0.011</td>
</tr>
<tr valign="top" class="TableRowColor">
<td><a name="testNoInlineGetProp2"></a>testNoInlineGetProp2</td><td>Success</td><td></td><td>0.010</td>
</tr>
<tr valign="top" class="TableRowColor">
<td><a name="testNoInlineGetProp3"></a>testNoInlineGetProp3</td><td>Success</td><td></td><td>0.011</td>
</tr>
<tr valign="top" class="TableRowColor">
<td><a name="testNoInlineGetEle"></a>testNoInlineGetEle</td><td>Success</td><td></td><td>0.006</td>
</tr>
<tr valign="top" class="TableRowColor">
<td><a name="testNoInlineConstructors"></a>testNoInlineConstructors</td><td>Success</td><td></td><td>0.005</td>
</tr>
<tr valign="top" class="TableRowColor">
<td><a name="testNoInlineArrayLits"></a>testNoInlineArrayLits</td><td>Success</td><td></td><td>0.005</td>
</tr>
<tr valign="top" class="TableRowColor">
<td><a name="testNoInlineObjectLits"></a>testNoInlineObjectLits</td><td>Success</td><td></td><td>0.006</td>
</tr>
<tr valign="top" class="TableRowColor">
<td><a name="testNoInlineRegExpLits"></a>testNoInlineRegExpLits</td><td>Success</td><td></td><td>0.008</td>
</tr>
<tr valign="top" class="TableRowColor">
<td><a name="testInlineConstructorCallsIntoLoop"></a>testInlineConstructorCallsIntoLoop</td><td>Success</td><td></td><td>0.013</td>
</tr>
<tr valign="top" class="TableRowColor">
<td><a name="testRemoveWithLabels"></a>testRemoveWithLabels</td><td>Success</td><td></td><td>0.016</td>
</tr>
<tr valign="top" class="TableRowColor">
<td><a name="testInlineAcrossSideEffect1"></a>testInlineAcrossSideEffect1</td><td>Success</td><td></td><td>0.010</td>
</tr>
<tr valign="top" class="TableRowColor">
<td><a name="testInlineAcrossSideEffect2"></a>testInlineAcrossSideEffect2</td><td>Success</td><td></td><td>0.032</td>
</tr>
<tr valign="top" class="TableRowColor">
<td><a name="testInlineAcrossSideEffect3"></a>testInlineAcrossSideEffect3</td><td>Success</td><td></td><td>0.039</td>
</tr>
<tr valign="top" class="TableRowColor">
<td><a name="testInlineAcrossSideEffect4"></a>testInlineAcrossSideEffect4</td><td>Success</td><td></td><td>0.036</td>
</tr>
<tr valign="top" class="TableRowColor">
<td><a name="testCanInlineAcrossNoSideEffect"></a>testCanInlineAcrossNoSideEffect</td><td>Success</td><td></td><td>0.008</td>
</tr>
<tr valign="top" class="TableRowColor">
<td><a name="testDependOnOuterScopeVariables"></a>testDependOnOuterScopeVariables</td><td>Success</td><td></td><td>0.035</td>
</tr>
<tr valign="top" class="TableRowColor">
<td><a name="testInlineIfNameIsLeftSideOfAssign"></a>testInlineIfNameIsLeftSideOfAssign</td><td>Success</td><td></td><td>0.059</td>
</tr>
<tr valign="top" class="TableRowColor">
<td><a name="testInlineArguments"></a>testInlineArguments</td><td>Success</td><td></td><td>0.034</td>
</tr>
<tr valign="top" class="TableRowColor">
<td><a name="testInvalidInlineArguments1"></a>testInvalidInlineArguments1</td><td>Success</td><td></td><td>0.036</td>
</tr>
<tr valign="top" class="TableRowColor">
<td><a name="testInvalidInlineArguments2"></a>testInvalidInlineArguments2</td><td>Success</td><td></td><td>0.006</td>
</tr>
<tr valign="top" class="TableRowColor">
<td><a name="testNotOkToSkipCheckPathBetweenNodes"></a>testNotOkToSkipCheckPathBetweenNodes</td><td>Success</td><td></td><td>0.022</td>
</tr>
<tr valign="top" class="TableRowColor">
<td><a name="testIssue698"></a>testIssue698</td><td>Success</td><td></td><td>0.011</td>
</tr>
<tr valign="top" class="TableRowColor">
<td><a name="testIssue777"></a>testIssue777</td><td>Success</td><td></td><td>0.028</td>
</tr>
<tr valign="top" class="TableRowColor">
<td><a name="testTransitiveDependencies1"></a>testTransitiveDependencies1</td><td>Success</td><td></td><td>0.007</td>
</tr>
<tr valign="top" class="TableRowColor">
<td><a name="testTransitiveDependencies2"></a>testTransitiveDependencies2</td><td>Success</td><td></td><td>0.010</td>
</tr>
<tr valign="top" class="Error">
<td><a name="testIssue794a"></a>testIssue794a</td><td>Error</td><td>Missing catch or finally for try statement.. Reference node:
TRY 1 [source_file: testcode]
    BLOCK 1 [source_file: testcode]
        EXPR_RESULT 1 [source_file: testcode]
            ASSIGN_ADD 1 [source_file: testcode]
                NAME x 1 [source_file: testcode]
                CALL 1 [free_call: 1] [source_file: testcode]
                    NAME someFunction 1 [source_file: testcode]
    BLOCK 1 [source_file: testcode]
        CATCH 1 [source_file: testcode]
            NAME e 1 [source_file: testcode]
            BLOCK 1 [source_file: testcode]
<br>
<br>
<code>java.lang.IllegalStateException: Missing catch or finally for try statement.. Reference node:<br>TRY 1 [source_file: testcode]<br>    BLOCK 1 [source_file: testcode]<br>        EXPR_RESULT 1 [source_file: testcode]<br>            ASSIGN_ADD 1 [source_file: testcode]<br>                NAME x 1 [source_file: testcode]<br>                CALL 1 [free_call: 1] [source_file: testcode]<br>                    NAME someFunction 1 [source_file: testcode]<br>    BLOCK 1 [source_file: testcode]<br>        CATCH 1 [source_file: testcode]<br>            NAME e 1 [source_file: testcode]<br>            BLOCK 1 [source_file: testcode]<br>
<br>	at com.google.javascript.jscomp.AstValidator$1.handleViolation(AstValidator.java:54)<br>	at com.google.javascript.jscomp.AstValidator.violation(AstValidator.java:1167)<br>	at com.google.javascript.jscomp.AstValidator.validateTry(AstValidator.java:888)<br>	at com.google.javascript.jscomp.AstValidator.validateStatement(AstValidator.java:142)<br>	at com.google.javascript.jscomp.AstValidator.validateBlock(AstValidator.java:481)<br>	at com.google.javascript.jscomp.AstValidator.validateFunctionStatement(AstValidator.java:569)<br>	at com.google.javascript.jscomp.AstValidator.validateStatement(AstValidator.java:104)<br>	at com.google.javascript.jscomp.AstValidator.validateScript(AstValidator.java:91)<br>	at com.google.javascript.jscomp.AstValidator.validateCodeRoot(AstValidator.java:82)<br>	at com.google.javascript.jscomp.AstValidator.validateRoot(AstValidator.java:75)<br>	at com.google.javascript.jscomp.CompilerTestCase.test(CompilerTestCase.java:967)<br>	at com.google.javascript.jscomp.CompilerTestCase.test(CompilerTestCase.java:935)<br>	at com.google.javascript.jscomp.CompilerTestCase.test(CompilerTestCase.java:543)<br>	at com.google.javascript.jscomp.CompilerTestCase.test(CompilerTestCase.java:509)<br>	at com.google.javascript.jscomp.CompilerTestCase.test(CompilerTestCase.java:489)<br>	at com.google.javascript.jscomp.CompilerTestCase.test(CompilerTestCase.java:466)<br>	at com.google.javascript.jscomp.FlowSensitiveInlineVariablesTest.inline(FlowSensitiveInlineVariablesTest.java:590)<br>	at com.google.javascript.jscomp.FlowSensitiveInlineVariablesTest.noInline(FlowSensitiveInlineVariablesTest.java:586)<br>	at com.google.javascript.jscomp.FlowSensitiveInlineVariablesTest.testIssue794a(FlowSensitiveInlineVariablesTest.java:561)<br>
</code></td><td>0.003</td>
</tr>
<tr valign="top" class="Error">
<td><a name="testIssue794b"></a>testIssue794b</td><td>Error</td><td>Missing catch or finally for try statement.. Reference node:
TRY 1 [source_file: testcode]
    BLOCK 1 [source_file: testcode]
        EXPR_RESULT 1 [source_file: testcode]
            ASSIGN 1 [source_file: testcode]
                NAME x 1 [source_file: testcode]
                ADD 1 [source_file: testcode]
                    NAME x 1 [source_file: testcode]
                    CALL 1 [free_call: 1] [source_file: testcode]
                        NAME someFunction 1 [source_file: testcode]
    BLOCK 1 [source_file: testcode]
        CATCH 1 [source_file: testcode]
            NAME e 1 [source_file: testcode]
            BLOCK 1 [source_file: testcode]
<br>
<br>
<code>java.lang.IllegalStateException: Missing catch or finally for try statement.. Reference node:<br>TRY 1 [source_file: testcode]<br>    BLOCK 1 [source_file: testcode]<br>        EXPR_RESULT 1 [source_file: testcode]<br>            ASSIGN 1 [source_file: testcode]<br>                NAME x 1 [source_file: testcode]<br>                ADD 1 [source_file: testcode]<br>                    NAME x 1 [source_file: testcode]<br>                    CALL 1 [free_call: 1] [source_file: testcode]<br>                        NAME someFunction 1 [source_file: testcode]<br>    BLOCK 1 [source_file: testcode]<br>        CATCH 1 [source_file: testcode]<br>            NAME e 1 [source_file: testcode]<br>            BLOCK 1 [source_file: testcode]<br>
<br>	at com.google.javascript.jscomp.AstValidator$1.handleViolation(AstValidator.java:54)<br>	at com.google.javascript.jscomp.AstValidator.violation(AstValidator.java:1167)<br>	at com.google.javascript.jscomp.AstValidator.validateTry(AstValidator.java:888)<br>	at com.google.javascript.jscomp.AstValidator.validateStatement(AstValidator.java:142)<br>	at com.google.javascript.jscomp.AstValidator.validateBlock(AstValidator.java:481)<br>	at com.google.javascript.jscomp.AstValidator.validateFunctionStatement(AstValidator.java:569)<br>	at com.google.javascript.jscomp.AstValidator.validateStatement(AstValidator.java:104)<br>	at com.google.javascript.jscomp.AstValidator.validateScript(AstValidator.java:91)<br>	at com.google.javascript.jscomp.AstValidator.validateCodeRoot(AstValidator.java:82)<br>	at com.google.javascript.jscomp.AstValidator.validateRoot(AstValidator.java:75)<br>	at com.google.javascript.jscomp.CompilerTestCase.test(CompilerTestCase.java:967)<br>	at com.google.javascript.jscomp.CompilerTestCase.test(CompilerTestCase.java:935)<br>	at com.google.javascript.jscomp.CompilerTestCase.test(CompilerTestCase.java:543)<br>	at com.google.javascript.jscomp.CompilerTestCase.test(CompilerTestCase.java:509)<br>	at com.google.javascript.jscomp.CompilerTestCase.test(CompilerTestCase.java:489)<br>	at com.google.javascript.jscomp.CompilerTestCase.test(CompilerTestCase.java:466)<br>	at com.google.javascript.jscomp.FlowSensitiveInlineVariablesTest.inline(FlowSensitiveInlineVariablesTest.java:590)<br>	at com.google.javascript.jscomp.FlowSensitiveInlineVariablesTest.noInline(FlowSensitiveInlineVariablesTest.java:586)<br>	at com.google.javascript.jscomp.FlowSensitiveInlineVariablesTest.testIssue794b(FlowSensitiveInlineVariablesTest.java:570)<br>
</code></td><td>0.002</td>
</tr>
<tr valign="top" class="TableRowColor">
<td><a name="testVarAssinInsideHookIssue965"></a>testVarAssinInsideHookIssue965</td><td>Success</td><td></td><td>0.039</td>
</tr>
<tr valign="top" class="TableRowColor">
<td><a name="testForIn"></a>testForIn</td><td>Success</td><td></td><td>0.075</td>
</tr>
</table>
<div class="Properties">
<a href="javascript:displayProperties('com.google.javascript.jscomp.FlowSensitiveInlineVariablesTest');">
                    Properties &raquo;
                </a>
</div>
</body>
</html>
