-------------------------------------------------------------------------------
Test set: org.joda.time.TestAllPackages
-------------------------------------------------------------------------------
Tests run: 4157, Failures: 73, Errors: 10, Skipped: 0, Time elapsed: 9.058 sec <<< FAILURE! - in org.joda.time.TestAllPackages
testMinusMillis_int(org.joda.time.TestDateTime_Basics)  Time elapsed: 0.004 sec  <<< FAILURE!
junit.framework.AssertionFailedError: expected same:<2002-05-03T01:02:03.004-00:01:15> was not:<2002-05-03T01:02:03.003-00:01:15>
	at junit.framework.Assert.fail(Assert.java:47)
	at junit.framework.Assert.failNotSame(Assert.java:276)
	at junit.framework.Assert.assertSame(Assert.java:239)
	at junit.framework.Assert.assertSame(Assert.java:246)
	at org.joda.time.TestDateTime_Basics.testMinusMillis_int(TestDateTime_Basics.java:1250)

testWithDurationAdded_RP_int(org.joda.time.TestDateTime_Basics)  Time elapsed: 0.006 sec  <<< FAILURE!
junit.framework.AssertionFailedError: expected:<2001-03-02T00:00:00.001-00:01:15> but was:<2001-03-02T00:00:00.000-00:01:15>
	at junit.framework.Assert.fail(Assert.java:47)
	at junit.framework.Assert.failNotEquals(Assert.java:280)
	at junit.framework.Assert.assertEquals(Assert.java:64)
	at junit.framework.Assert.assertEquals(Assert.java:71)
	at org.joda.time.TestDateTime_Basics.testWithDurationAdded_RP_int(TestDateTime_Basics.java:1034)

testGetters(org.joda.time.TestDateTime_Basics)  Time elapsed: 0 sec  <<< FAILURE!
junit.framework.AssertionFailedError: expected:<0> but was:<1>
	at junit.framework.Assert.fail(Assert.java:47)
	at junit.framework.Assert.failNotEquals(Assert.java:280)
	at junit.framework.Assert.assertEquals(Assert.java:64)
	at junit.framework.Assert.assertEquals(Assert.java:198)
	at junit.framework.Assert.assertEquals(Assert.java:204)
	at org.joda.time.TestDateTime_Basics.testGetters(TestDateTime_Basics.java:232)

testPropertyToIntervalDayOfMonth(org.joda.time.TestDateMidnight_Properties)  Time elapsed: 0.001 sec  <<< ERROR!
org.joda.time.IllegalFieldValueException: Value 0 for dayOfMonth must be in the range [1,31]
	at org.joda.time.field.FieldUtils.verifyValueBounds(FieldUtils.java:252)
	at org.joda.time.chrono.BasicChronology.getDateMidnightMillis(BasicChronology.java:613)
	at org.joda.time.chrono.BasicChronology.getDateTimeMillis(BasicChronology.java:177)
	at org.joda.time.chrono.GregorianChronology.getDateTimeMillis(GregorianChronology.java:44)
	at org.joda.time.chrono.AssembledChronology.getDateTimeMillis(AssembledChronology.java:133)
	at org.joda.time.chrono.ZonedChronology.getDateTimeMillis(ZonedChronology.java:118)
	at org.joda.time.chrono.AssembledChronology.getDateTimeMillis(AssembledChronology.java:133)
	at org.joda.time.base.BaseDateTime.<init>(BaseDateTime.java:258)
	at org.joda.time.base.BaseDateTime.<init>(BaseDateTime.java:199)
	at org.joda.time.DateMidnight.<init>(DateMidnight.java:317)
	at org.joda.time.TestDateMidnight_Properties.testPropertyToIntervalDayOfMonth(TestDateMidnight_Properties.java:518)

testPropertyGetWeekOfWeekyear(org.joda.time.TestDateMidnight_Properties)  Time elapsed: 0 sec  <<< FAILURE!
junit.framework.AssertionFailedError: expected:<1> but was:<0>
	at junit.framework.Assert.fail(Assert.java:47)
	at junit.framework.Assert.failNotEquals(Assert.java:280)
	at junit.framework.Assert.assertEquals(Assert.java:64)
	at junit.framework.Assert.assertEquals(Assert.java:198)
	at junit.framework.Assert.assertEquals(Assert.java:204)
	at org.joda.time.TestDateMidnight_Properties.testPropertyGetWeekOfWeekyear(TestDateMidnight_Properties.java:448)

testToDateTime(org.joda.time.TestLocalDateTime_Basics)  Time elapsed: 0.001 sec  <<< FAILURE!
junit.framework.AssertionFailedError: expected:<2005-06-09T06:07:08.009Z> but was:<2005-06-09T06:07:08.009Z>
	at junit.framework.Assert.fail(Assert.java:47)
	at junit.framework.Assert.failNotEquals(Assert.java:280)
	at junit.framework.Assert.assertEquals(Assert.java:64)
	at junit.framework.Assert.assertEquals(Assert.java:71)
	at org.joda.time.TestLocalDateTime_Basics.testToDateTime(TestLocalDateTime_Basics.java:772)

testToDateTime_Zone(org.joda.time.TestLocalDateTime_Basics)  Time elapsed: 0 sec  <<< FAILURE!
junit.framework.AssertionFailedError: expected:<2005-06-09T06:07:08.009+09:00> but was:<2005-06-09T06:07:08.009Z>
	at junit.framework.Assert.fail(Assert.java:47)
	at junit.framework.Assert.failNotEquals(Assert.java:280)
	at junit.framework.Assert.assertEquals(Assert.java:64)
	at junit.framework.Assert.assertEquals(Assert.java:71)
	at org.joda.time.TestLocalDateTime_Basics.testToDateTime_Zone(TestLocalDateTime_Basics.java:782)

testToDateTime_nullZone(org.joda.time.TestLocalDateTime_Basics)  Time elapsed: 0.001 sec  <<< FAILURE!
junit.framework.AssertionFailedError: expected:<2005-06-09T06:07:08.009Z> but was:<2005-06-09T06:07:08.009Z>
	at junit.framework.Assert.fail(Assert.java:47)
	at junit.framework.Assert.failNotEquals(Assert.java:280)
	at junit.framework.Assert.assertEquals(Assert.java:64)
	at junit.framework.Assert.assertEquals(Assert.java:71)
	at org.joda.time.TestLocalDateTime_Basics.testToDateTime_nullZone(TestLocalDateTime_Basics.java:791)

testToDateMidnight(org.joda.time.TestLocalDate_Basics)  Time elapsed: 0.012 sec  <<< FAILURE!
junit.framework.AssertionFailedError: expected:<2005-06-09T00:00:00.000Z> but was:<2005-06-09T00:00:00.000Z>
	at junit.framework.Assert.fail(Assert.java:47)
	at junit.framework.Assert.failNotEquals(Assert.java:280)
	at junit.framework.Assert.assertEquals(Assert.java:64)
	at junit.framework.Assert.assertEquals(Assert.java:71)
	at org.joda.time.TestLocalDate_Basics.testToDateMidnight(TestLocalDate_Basics.java:908)

testToDateTimeAtStartOfDay(org.joda.time.TestLocalDate_Basics)  Time elapsed: 0 sec  <<< FAILURE!
junit.framework.AssertionFailedError: expected:<2005-06-09T00:00:00.000Z> but was:<2005-06-09T00:00:00.000Z>
	at junit.framework.Assert.fail(Assert.java:47)
	at junit.framework.Assert.failNotEquals(Assert.java:280)
	at junit.framework.Assert.assertEquals(Assert.java:64)
	at junit.framework.Assert.assertEquals(Assert.java:71)
	at org.joda.time.TestLocalDate_Basics.testToDateTimeAtStartOfDay(TestLocalDate_Basics.java:668)

testToDateTimeAtStartOfDay_Zone(org.joda.time.TestLocalDate_Basics)  Time elapsed: 0 sec  <<< FAILURE!
junit.framework.AssertionFailedError: expected:<2005-06-09T00:00:00.000+09:00> but was:<2005-06-08T00:00:00.000Z>
	at junit.framework.Assert.fail(Assert.java:47)
	at junit.framework.Assert.failNotEquals(Assert.java:280)
	at junit.framework.Assert.assertEquals(Assert.java:64)
	at junit.framework.Assert.assertEquals(Assert.java:71)
	at org.joda.time.TestLocalDate_Basics.testToDateTimeAtStartOfDay_Zone(TestLocalDate_Basics.java:686)

testToDateTimeAtStartOfDay_nullZone(org.joda.time.TestLocalDate_Basics)  Time elapsed: 0.001 sec  <<< FAILURE!
junit.framework.AssertionFailedError: expected:<2005-06-09T00:00:00.000Z> but was:<2005-06-09T00:00:00.000Z>
	at junit.framework.Assert.fail(Assert.java:47)
	at junit.framework.Assert.failNotEquals(Assert.java:280)
	at junit.framework.Assert.assertEquals(Assert.java:64)
	at junit.framework.Assert.assertEquals(Assert.java:71)
	at org.joda.time.TestLocalDate_Basics.testToDateTimeAtStartOfDay_nullZone(TestLocalDate_Basics.java:702)

testToDateTimeAtMidnight(org.joda.time.TestLocalDate_Basics)  Time elapsed: 0.001 sec  <<< FAILURE!
junit.framework.AssertionFailedError: expected:<2005-06-09T00:00:00.000Z> but was:<2005-06-09T00:00:00.000Z>
	at junit.framework.Assert.fail(Assert.java:47)
	at junit.framework.Assert.failNotEquals(Assert.java:280)
	at junit.framework.Assert.assertEquals(Assert.java:64)
	at junit.framework.Assert.assertEquals(Assert.java:71)
	at org.joda.time.TestLocalDate_Basics.testToDateTimeAtMidnight(TestLocalDate_Basics.java:712)

testToDateTimeAtMidnight_Zone(org.joda.time.TestLocalDate_Basics)  Time elapsed: 0 sec  <<< FAILURE!
junit.framework.AssertionFailedError: expected:<2005-06-09T00:00:00.000+09:00> but was:<2005-06-09T00:00:00.000Z>
	at junit.framework.Assert.fail(Assert.java:47)
	at junit.framework.Assert.failNotEquals(Assert.java:280)
	at junit.framework.Assert.assertEquals(Assert.java:64)
	at junit.framework.Assert.assertEquals(Assert.java:71)
	at org.joda.time.TestLocalDate_Basics.testToDateTimeAtMidnight_Zone(TestLocalDate_Basics.java:722)

testToDateTimeAtMidnight_nullZone(org.joda.time.TestLocalDate_Basics)  Time elapsed: 0.001 sec  <<< FAILURE!
junit.framework.AssertionFailedError: expected:<2005-06-09T00:00:00.000Z> but was:<2005-06-09T00:00:00.000Z>
	at junit.framework.Assert.fail(Assert.java:47)
	at junit.framework.Assert.failNotEquals(Assert.java:280)
	at junit.framework.Assert.assertEquals(Assert.java:64)
	at junit.framework.Assert.assertEquals(Assert.java:71)
	at org.joda.time.TestLocalDate_Basics.testToDateTimeAtMidnight_nullZone(TestLocalDate_Basics.java:731)

testToDateTimeAtCurrentTime(org.joda.time.TestLocalDate_Basics)  Time elapsed: 0.001 sec  <<< FAILURE!
junit.framework.AssertionFailedError: expected:<2005-06-09T06:07:08.009Z> but was:<2005-06-09T05:07:08.009Z>
	at junit.framework.Assert.fail(Assert.java:47)
	at junit.framework.Assert.failNotEquals(Assert.java:280)
	at junit.framework.Assert.assertEquals(Assert.java:64)
	at junit.framework.Assert.assertEquals(Assert.java:71)
	at org.joda.time.TestLocalDate_Basics.testToDateTimeAtCurrentTime(TestLocalDate_Basics.java:746)

testToDateTimeAtCurrentTime_Zone(org.joda.time.TestLocalDate_Basics)  Time elapsed: 0.001 sec  <<< FAILURE!
junit.framework.AssertionFailedError: expected:<2005-06-09T14:07:08.009+09:00> but was:<2005-06-09T05:07:08.009Z>
	at junit.framework.Assert.fail(Assert.java:47)
	at junit.framework.Assert.failNotEquals(Assert.java:280)
	at junit.framework.Assert.assertEquals(Assert.java:64)
	at junit.framework.Assert.assertEquals(Assert.java:71)
	at org.joda.time.TestLocalDate_Basics.testToDateTimeAtCurrentTime_Zone(TestLocalDate_Basics.java:761)

testToDateTimeAtCurrentTime_nullZone(org.joda.time.TestLocalDate_Basics)  Time elapsed: 0 sec  <<< FAILURE!
junit.framework.AssertionFailedError: expected:<2005-06-09T06:07:08.009Z> but was:<2005-06-09T05:07:08.009Z>
	at junit.framework.Assert.fail(Assert.java:47)
	at junit.framework.Assert.failNotEquals(Assert.java:280)
	at junit.framework.Assert.assertEquals(Assert.java:64)
	at junit.framework.Assert.assertEquals(Assert.java:71)
	at org.joda.time.TestLocalDate_Basics.testToDateTimeAtCurrentTime_nullZone(TestLocalDate_Basics.java:775)

testToDateTime_LocalTime(org.joda.time.TestLocalDate_Basics)  Time elapsed: 0.001 sec  <<< FAILURE!
junit.framework.AssertionFailedError: expected:<2005-06-09T12:13:14.015Z> but was:<2005-06-09T12:13:14.015Z>
	at junit.framework.Assert.fail(Assert.java:47)
	at junit.framework.Assert.failNotEquals(Assert.java:280)
	at junit.framework.Assert.assertEquals(Assert.java:64)
	at junit.framework.Assert.assertEquals(Assert.java:71)
	at org.joda.time.TestLocalDate_Basics.testToDateTime_LocalTime(TestLocalDate_Basics.java:820)

testToDateTime_nullLocalTime(org.joda.time.TestLocalDate_Basics)  Time elapsed: 0.002 sec  <<< FAILURE!
junit.framework.AssertionFailedError: expected:<2005-06-09T12:13:14.015Z> but was:<2005-06-09T12:13:14.015Z>
	at junit.framework.Assert.fail(Assert.java:47)
	at junit.framework.Assert.failNotEquals(Assert.java:280)
	at junit.framework.Assert.assertEquals(Assert.java:64)
	at junit.framework.Assert.assertEquals(Assert.java:71)
	at org.joda.time.TestLocalDate_Basics.testToDateTime_nullLocalTime(TestLocalDate_Basics.java:831)

testToDateTime_LocalTime_Zone(org.joda.time.TestLocalDate_Basics)  Time elapsed: 0.002 sec  <<< FAILURE!
junit.framework.AssertionFailedError: expected:<2005-06-09T12:13:14.015+09:00> but was:<2005-06-09T12:13:14.015Z>
	at junit.framework.Assert.fail(Assert.java:47)
	at junit.framework.Assert.failNotEquals(Assert.java:280)
	at junit.framework.Assert.assertEquals(Assert.java:64)
	at junit.framework.Assert.assertEquals(Assert.java:71)
	at org.joda.time.TestLocalDate_Basics.testToDateTime_LocalTime_Zone(TestLocalDate_Basics.java:842)

testToDateTime_LocalTime_nullZone(org.joda.time.TestLocalDate_Basics)  Time elapsed: 0.001 sec  <<< FAILURE!
junit.framework.AssertionFailedError: expected:<2005-06-09T12:13:14.015Z> but was:<2005-06-09T12:13:14.015Z>
	at junit.framework.Assert.fail(Assert.java:47)
	at junit.framework.Assert.failNotEquals(Assert.java:280)
	at junit.framework.Assert.assertEquals(Assert.java:64)
	at junit.framework.Assert.assertEquals(Assert.java:71)
	at org.joda.time.TestLocalDate_Basics.testToDateTime_LocalTime_nullZone(TestLocalDate_Basics.java:852)

testToDateTime_nullLocalTime_Zone(org.joda.time.TestLocalDate_Basics)  Time elapsed: 0 sec  <<< FAILURE!
junit.framework.AssertionFailedError: expected:<2005-06-09T12:13:14.015+09:00> but was:<2005-06-09T03:13:14.015Z>
	at junit.framework.Assert.fail(Assert.java:47)
	at junit.framework.Assert.failNotEquals(Assert.java:280)
	at junit.framework.Assert.assertEquals(Assert.java:64)
	at junit.framework.Assert.assertEquals(Assert.java:71)
	at org.joda.time.TestLocalDate_Basics.testToDateTime_nullLocalTime_Zone(TestLocalDate_Basics.java:863)

testToDateMidnight_Zone(org.joda.time.TestLocalDate_Basics)  Time elapsed: 0.001 sec  <<< FAILURE!
junit.framework.AssertionFailedError: expected:<2005-06-09T00:00:00.000+09:00> but was:<2005-06-09T00:00:00.000Z>
	at junit.framework.Assert.fail(Assert.java:47)
	at junit.framework.Assert.failNotEquals(Assert.java:280)
	at junit.framework.Assert.assertEquals(Assert.java:64)
	at junit.framework.Assert.assertEquals(Assert.java:71)
	at org.joda.time.TestLocalDate_Basics.testToDateMidnight_Zone(TestLocalDate_Basics.java:918)

testToDateMidnight_nullZone(org.joda.time.TestLocalDate_Basics)  Time elapsed: 0 sec  <<< FAILURE!
junit.framework.AssertionFailedError: expected:<2005-06-09T00:00:00.000Z> but was:<2005-06-09T00:00:00.000Z>
	at junit.framework.Assert.fail(Assert.java:47)
	at junit.framework.Assert.failNotEquals(Assert.java:280)
	at junit.framework.Assert.assertEquals(Assert.java:64)
	at junit.framework.Assert.assertEquals(Assert.java:71)
	at org.joda.time.TestLocalDate_Basics.testToDateMidnight_nullZone(TestLocalDate_Basics.java:927)

testToDateTimeTodayDefaultZone(org.joda.time.TestLocalTime_Basics)  Time elapsed: 0.004 sec  <<< FAILURE!
junit.framework.AssertionFailedError: expected:<1720-10-02T10:20:30.040+01:00> but was:<1720-10-02T10:20:30.040Z>
	at junit.framework.Assert.fail(Assert.java:47)
	at junit.framework.Assert.failNotEquals(Assert.java:280)
	at junit.framework.Assert.assertEquals(Assert.java:64)
	at junit.framework.Assert.assertEquals(Assert.java:71)
	at org.joda.time.TestLocalTime_Basics.testToDateTimeTodayDefaultZone(TestLocalTime_Basics.java:680)

testToDateTimeToday_Zone(org.joda.time.TestLocalTime_Basics)  Time elapsed: 0.001 sec  <<< FAILURE!
junit.framework.AssertionFailedError: expected:<1720-10-02T10:20:30.040+09:00> but was:<1720-10-02T10:20:30.040Z>
	at junit.framework.Assert.fail(Assert.java:47)
	at junit.framework.Assert.failNotEquals(Assert.java:280)
	at junit.framework.Assert.assertEquals(Assert.java:64)
	at junit.framework.Assert.assertEquals(Assert.java:71)
	at org.joda.time.TestLocalTime_Basics.testToDateTimeToday_Zone(TestLocalTime_Basics.java:696)

testToDateTimeToday_nullZone(org.joda.time.TestLocalTime_Basics)  Time elapsed: 0 sec  <<< FAILURE!
junit.framework.AssertionFailedError: expected:<1720-10-02T10:20:30.040+01:00> but was:<1720-10-02T10:20:30.040Z>
	at junit.framework.Assert.fail(Assert.java:47)
	at junit.framework.Assert.failNotEquals(Assert.java:280)
	at junit.framework.Assert.assertEquals(Assert.java:64)
	at junit.framework.Assert.assertEquals(Assert.java:71)
	at org.joda.time.TestLocalTime_Basics.testToDateTimeToday_nullZone(TestLocalTime_Basics.java:711)

testDividedBy_int(org.joda.time.TestWeeks)  Time elapsed: 0 sec  <<< FAILURE!
junit.framework.AssertionFailedError
	at junit.framework.Assert.fail(Assert.java:47)
	at junit.framework.Assert.fail(Assert.java:53)
	at org.joda.time.TestWeeks.testDividedBy_int(TestWeeks.java:373)

testToDateTimeToday_Zone(org.joda.time.TestTimeOfDay_Basics)  Time elapsed: 0.001 sec  <<< FAILURE!
junit.framework.AssertionFailedError: expected:<1720-10-02T10:20:30.040+09:00> but was:<1720-10-02T10:20:30.040Z>
	at junit.framework.Assert.fail(Assert.java:47)
	at junit.framework.Assert.failNotEquals(Assert.java:280)
	at junit.framework.Assert.assertEquals(Assert.java:64)
	at junit.framework.Assert.assertEquals(Assert.java:71)
	at org.joda.time.TestTimeOfDay_Basics.testToDateTimeToday_Zone(TestTimeOfDay_Basics.java:624)

testToDateTimeToday_nullZone(org.joda.time.TestTimeOfDay_Basics)  Time elapsed: 0.001 sec  <<< FAILURE!
junit.framework.AssertionFailedError: expected:<1720-10-02T10:20:30.040+01:00> but was:<1720-10-02T10:20:30.040Z>
	at junit.framework.Assert.fail(Assert.java:47)
	at junit.framework.Assert.failNotEquals(Assert.java:280)
	at junit.framework.Assert.assertEquals(Assert.java:64)
	at junit.framework.Assert.assertEquals(Assert.java:71)
	at org.joda.time.TestTimeOfDay_Basics.testToDateTimeToday_nullZone(TestTimeOfDay_Basics.java:639)

testToDateTimeToday(org.joda.time.TestTimeOfDay_Basics)  Time elapsed: 0.002 sec  <<< FAILURE!
junit.framework.AssertionFailedError: expected:<1720-10-02T10:20:30.040+01:00> but was:<1720-10-02T10:20:30.040Z>
	at junit.framework.Assert.fail(Assert.java:47)
	at junit.framework.Assert.failNotEquals(Assert.java:280)
	at junit.framework.Assert.assertEquals(Assert.java:64)
	at junit.framework.Assert.assertEquals(Assert.java:71)
	at org.joda.time.TestTimeOfDay_Basics.testToDateTimeToday(TestTimeOfDay_Basics.java:608)

testToDateMidnight(org.joda.time.TestYearMonthDay_Basics)  Time elapsed: 0 sec  <<< FAILURE!
junit.framework.AssertionFailedError: expected:<2005-06-09T00:00:00.000Z> but was:<2005-06-09T00:00:00.000Z>
	at junit.framework.Assert.fail(Assert.java:47)
	at junit.framework.Assert.failNotEquals(Assert.java:280)
	at junit.framework.Assert.assertEquals(Assert.java:64)
	at junit.framework.Assert.assertEquals(Assert.java:71)
	at org.joda.time.TestYearMonthDay_Basics.testToDateMidnight(TestYearMonthDay_Basics.java:663)

testToDateTimeAtMidnight(org.joda.time.TestYearMonthDay_Basics)  Time elapsed: 0.001 sec  <<< FAILURE!
junit.framework.AssertionFailedError: expected:<2005-06-09T00:00:00.000Z> but was:<2005-06-09T00:00:00.000Z>
	at junit.framework.Assert.fail(Assert.java:47)
	at junit.framework.Assert.failNotEquals(Assert.java:280)
	at junit.framework.Assert.assertEquals(Assert.java:64)
	at junit.framework.Assert.assertEquals(Assert.java:71)
	at org.joda.time.TestYearMonthDay_Basics.testToDateTimeAtMidnight(TestYearMonthDay_Basics.java:539)

testToDateTimeAtMidnight_Zone(org.joda.time.TestYearMonthDay_Basics)  Time elapsed: 0.001 sec  <<< FAILURE!
junit.framework.AssertionFailedError: expected:<2005-06-09T00:00:00.000+09:00> but was:<2005-06-09T00:00:00.000Z>
	at junit.framework.Assert.fail(Assert.java:47)
	at junit.framework.Assert.failNotEquals(Assert.java:280)
	at junit.framework.Assert.assertEquals(Assert.java:64)
	at junit.framework.Assert.assertEquals(Assert.java:71)
	at org.joda.time.TestYearMonthDay_Basics.testToDateTimeAtMidnight_Zone(TestYearMonthDay_Basics.java:548)

testToDateTimeAtMidnight_nullZone(org.joda.time.TestYearMonthDay_Basics)  Time elapsed: 0.001 sec  <<< FAILURE!
junit.framework.AssertionFailedError: expected:<2005-06-09T00:00:00.000Z> but was:<2005-06-09T00:00:00.000Z>
	at junit.framework.Assert.fail(Assert.java:47)
	at junit.framework.Assert.failNotEquals(Assert.java:280)
	at junit.framework.Assert.assertEquals(Assert.java:64)
	at junit.framework.Assert.assertEquals(Assert.java:71)
	at org.joda.time.TestYearMonthDay_Basics.testToDateTimeAtMidnight_nullZone(TestYearMonthDay_Basics.java:556)

testToDateTimeAtCurrentTime(org.joda.time.TestYearMonthDay_Basics)  Time elapsed: 0.001 sec  <<< FAILURE!
junit.framework.AssertionFailedError: expected:<2005-06-09T06:07:08.009Z> but was:<2005-06-09T05:07:08.009Z>
	at junit.framework.Assert.fail(Assert.java:47)
	at junit.framework.Assert.failNotEquals(Assert.java:280)
	at junit.framework.Assert.assertEquals(Assert.java:64)
	at junit.framework.Assert.assertEquals(Assert.java:71)
	at org.joda.time.TestYearMonthDay_Basics.testToDateTimeAtCurrentTime(TestYearMonthDay_Basics.java:571)

testToDateTimeAtCurrentTime_Zone(org.joda.time.TestYearMonthDay_Basics)  Time elapsed: 0.001 sec  <<< FAILURE!
junit.framework.AssertionFailedError: expected:<2005-06-09T14:07:08.009+09:00> but was:<2005-06-09T05:07:08.009Z>
	at junit.framework.Assert.fail(Assert.java:47)
	at junit.framework.Assert.failNotEquals(Assert.java:280)
	at junit.framework.Assert.assertEquals(Assert.java:64)
	at junit.framework.Assert.assertEquals(Assert.java:71)
	at org.joda.time.TestYearMonthDay_Basics.testToDateTimeAtCurrentTime_Zone(TestYearMonthDay_Basics.java:586)

testToDateTimeAtCurrentTime_nullZone(org.joda.time.TestYearMonthDay_Basics)  Time elapsed: 0.001 sec  <<< FAILURE!
junit.framework.AssertionFailedError: expected:<2005-06-09T06:07:08.009Z> but was:<2005-06-09T05:07:08.009Z>
	at junit.framework.Assert.fail(Assert.java:47)
	at junit.framework.Assert.failNotEquals(Assert.java:280)
	at junit.framework.Assert.assertEquals(Assert.java:64)
	at junit.framework.Assert.assertEquals(Assert.java:71)
	at org.joda.time.TestYearMonthDay_Basics.testToDateTimeAtCurrentTime_nullZone(TestYearMonthDay_Basics.java:600)

testToDateMidnight_Zone(org.joda.time.TestYearMonthDay_Basics)  Time elapsed: 0.001 sec  <<< FAILURE!
junit.framework.AssertionFailedError: expected:<2005-06-09T00:00:00.000+09:00> but was:<2005-06-09T00:00:00.000Z>
	at junit.framework.Assert.fail(Assert.java:47)
	at junit.framework.Assert.failNotEquals(Assert.java:280)
	at junit.framework.Assert.assertEquals(Assert.java:64)
	at junit.framework.Assert.assertEquals(Assert.java:71)
	at org.joda.time.TestYearMonthDay_Basics.testToDateMidnight_Zone(TestYearMonthDay_Basics.java:672)

testToDateMidnight_nullZone(org.joda.time.TestYearMonthDay_Basics)  Time elapsed: 0.001 sec  <<< FAILURE!
junit.framework.AssertionFailedError: expected:<2005-06-09T00:00:00.000Z> but was:<2005-06-09T00:00:00.000Z>
	at junit.framework.Assert.fail(Assert.java:47)
	at junit.framework.Assert.failNotEquals(Assert.java:280)
	at junit.framework.Assert.assertEquals(Assert.java:64)
	at junit.framework.Assert.assertEquals(Assert.java:71)
	at org.joda.time.TestYearMonthDay_Basics.testToDateMidnight_nullZone(TestYearMonthDay_Basics.java:680)

testToDateTime_TOD(org.joda.time.TestYearMonthDay_Basics)  Time elapsed: 0.001 sec  <<< FAILURE!
junit.framework.AssertionFailedError: expected:<2005-06-09T12:13:14.015Z> but was:<2005-06-09T12:13:14.015Z>
	at junit.framework.Assert.fail(Assert.java:47)
	at junit.framework.Assert.failNotEquals(Assert.java:280)
	at junit.framework.Assert.assertEquals(Assert.java:64)
	at junit.framework.Assert.assertEquals(Assert.java:71)
	at org.joda.time.TestYearMonthDay_Basics.testToDateTime_TOD(TestYearMonthDay_Basics.java:611)

testToDateTime_nullTOD(org.joda.time.TestYearMonthDay_Basics)  Time elapsed: 0 sec  <<< FAILURE!
junit.framework.AssertionFailedError: expected:<2005-06-09T12:13:14.015Z> but was:<2005-06-09T12:13:14.015Z>
	at junit.framework.Assert.fail(Assert.java:47)
	at junit.framework.Assert.failNotEquals(Assert.java:280)
	at junit.framework.Assert.assertEquals(Assert.java:64)
	at junit.framework.Assert.assertEquals(Assert.java:71)
	at org.joda.time.TestYearMonthDay_Basics.testToDateTime_nullTOD(TestYearMonthDay_Basics.java:622)

testToDateTime_TOD_Zone(org.joda.time.TestYearMonthDay_Basics)  Time elapsed: 0 sec  <<< FAILURE!
junit.framework.AssertionFailedError: expected:<2005-06-09T12:13:14.015+09:00> but was:<2005-06-09T12:13:14.015Z>
	at junit.framework.Assert.fail(Assert.java:47)
	at junit.framework.Assert.failNotEquals(Assert.java:280)
	at junit.framework.Assert.assertEquals(Assert.java:64)
	at junit.framework.Assert.assertEquals(Assert.java:71)
	at org.joda.time.TestYearMonthDay_Basics.testToDateTime_TOD_Zone(TestYearMonthDay_Basics.java:633)

testToDateTime_TOD_nullZone(org.joda.time.TestYearMonthDay_Basics)  Time elapsed: 0.001 sec  <<< FAILURE!
junit.framework.AssertionFailedError: expected:<2005-06-09T12:13:14.015Z> but was:<2005-06-09T12:13:14.015Z>
	at junit.framework.Assert.fail(Assert.java:47)
	at junit.framework.Assert.failNotEquals(Assert.java:280)
	at junit.framework.Assert.assertEquals(Assert.java:64)
	at junit.framework.Assert.assertEquals(Assert.java:71)
	at org.joda.time.TestYearMonthDay_Basics.testToDateTime_TOD_nullZone(TestYearMonthDay_Basics.java:643)

testToDateTime_nullTOD_Zone(org.joda.time.TestYearMonthDay_Basics)  Time elapsed: 0 sec  <<< FAILURE!
junit.framework.AssertionFailedError: expected:<2005-06-09T12:13:14.015+09:00> but was:<2005-06-09T03:13:14.015Z>
	at junit.framework.Assert.fail(Assert.java:47)
	at junit.framework.Assert.failNotEquals(Assert.java:280)
	at junit.framework.Assert.assertEquals(Assert.java:64)
	at junit.framework.Assert.assertEquals(Assert.java:71)
	at org.joda.time.TestYearMonthDay_Basics.testToDateTime_nullTOD_Zone(TestYearMonthDay_Basics.java:654)

testToInterval_Zone(org.joda.time.TestYearMonth_Basics)  Time elapsed: 0.006 sec  <<< FAILURE!
junit.framework.AssertionFailedError: expected:<2005-06-01T00:00:00.000+09:00/2005-07-01T00:00:00.000+09:00> but was:<2005-05-30T00:00:00.000Z/2005-06-30T00:00:00.000Z>
	at junit.framework.Assert.fail(Assert.java:47)
	at junit.framework.Assert.failNotEquals(Assert.java:280)
	at junit.framework.Assert.assertEquals(Assert.java:64)
	at junit.framework.Assert.assertEquals(Assert.java:71)
	at org.joda.time.TestYearMonth_Basics.testToInterval_Zone(TestYearMonth_Basics.java:556)

testToInterval_nullZone(org.joda.time.TestYearMonth_Basics)  Time elapsed: 0.001 sec  <<< FAILURE!
junit.framework.AssertionFailedError: expected:<2005-06-01T00:00:00.000Z/2005-07-01T00:00:00.000Z> but was:<2005-06-01T00:00:00.000Z/2005-07-01T00:00:00.000Z>
	at junit.framework.Assert.fail(Assert.java:47)
	at junit.framework.Assert.failNotEquals(Assert.java:280)
	at junit.framework.Assert.assertEquals(Assert.java:64)
	at junit.framework.Assert.assertEquals(Assert.java:71)
	at org.joda.time.TestYearMonth_Basics.testToInterval_nullZone(TestYearMonth_Basics.java:566)

testToInterval(org.joda.time.TestYearMonth_Basics)  Time elapsed: 0 sec  <<< FAILURE!
junit.framework.AssertionFailedError: expected:<2005-06-01T00:00:00.000Z/2005-07-01T00:00:00.000Z> but was:<2005-06-01T00:00:00.000Z/2005-07-01T00:00:00.000Z>
	at junit.framework.Assert.fail(Assert.java:47)
	at junit.framework.Assert.failNotEquals(Assert.java:280)
	at junit.framework.Assert.assertEquals(Assert.java:64)
	at junit.framework.Assert.assertEquals(Assert.java:71)
	at org.joda.time.TestYearMonth_Basics.testToInterval(TestYearMonth_Basics.java:545)

testMinus_RP(org.joda.time.TestPartial_Basics)  Time elapsed: 0.001 sec  <<< FAILURE!
junit.framework.AssertionFailedError: 1121 expected:<9> but was:<11>
	at junit.framework.Assert.fail(Assert.java:47)
	at junit.framework.Assert.failNotEquals(Assert.java:280)
	at junit.framework.Assert.assertEquals(Assert.java:64)
	at junit.framework.Assert.assertEquals(Assert.java:198)
	at org.joda.time.TestPartial_Basics.check(TestPartial_Basics.java:927)
	at org.joda.time.TestPartial_Basics.testMinus_RP(TestPartial_Basics.java:735)

testCompareTo(org.joda.time.TestPartial_Basics)  Time elapsed: 0.001 sec  <<< ERROR!
java.lang.ArrayIndexOutOfBoundsException: 2
	at org.joda.time.chrono.BaseChronology.validate(BaseChronology.java:185)
	at org.joda.time.Partial.without(Partial.java:525)
	at org.joda.time.TestPartial_Basics.testCompareTo(TestPartial_Basics.java:241)

testPlus_RP(org.joda.time.TestPartial_Basics)  Time elapsed: 0.001 sec  <<< FAILURE!
junit.framework.AssertionFailedError: 0514 expected:<15> but was:<5>
	at junit.framework.Assert.fail(Assert.java:47)
	at junit.framework.Assert.failNotEquals(Assert.java:280)
	at junit.framework.Assert.assertEquals(Assert.java:64)
	at junit.framework.Assert.assertEquals(Assert.java:198)
	at org.joda.time.TestPartial_Basics.check(TestPartial_Basics.java:927)
	at org.joda.time.TestPartial_Basics.testPlus_RP(TestPartial_Basics.java:724)

testToString_String(org.joda.time.TestPartial_Basics)  Time elapsed: 0.001 sec  <<< FAILURE!
junit.framework.ComparisonFailure: expected:<10[:]20> but was:<10[]20>
	at junit.framework.Assert.assertEquals(Assert.java:81)
	at junit.framework.Assert.assertEquals(Assert.java:87)
	at org.joda.time.TestPartial_Basics.testToString_String(TestPartial_Basics.java:878)

testToString_String_Locale(org.joda.time.TestPartial_Basics)  Time elapsed: 0.001 sec  <<< FAILURE!
junit.framework.ComparisonFailure: expected:<10[:]20> but was:<10[]20>
	at junit.framework.Assert.assertEquals(Assert.java:81)
	at junit.framework.Assert.assertEquals(Assert.java:87)
	at org.joda.time.TestPartial_Basics.testToString_String_Locale(TestPartial_Basics.java:885)

testToString_DTFormatter(org.joda.time.TestPartial_Basics)  Time elapsed: 0 sec  <<< FAILURE!
junit.framework.ComparisonFailure: expected:<10[:]20> but was:<10[]20>
	at junit.framework.Assert.assertEquals(Assert.java:81)
	at junit.framework.Assert.assertEquals(Assert.java:87)
	at org.joda.time.TestPartial_Basics.testToString_DTFormatter(TestPartial_Basics.java:894)

testWithout3(org.joda.time.TestPartial_Basics)  Time elapsed: 0 sec  <<< ERROR!
java.lang.ArrayIndexOutOfBoundsException: 0
	at org.joda.time.chrono.BaseChronology.validate(BaseChronology.java:185)
	at org.joda.time.Partial.without(Partial.java:525)
	at org.joda.time.TestPartial_Basics.testWithout3(TestPartial_Basics.java:492)

testWithout4(org.joda.time.TestPartial_Basics)  Time elapsed: 0.001 sec  <<< ERROR!
java.lang.ArrayIndexOutOfBoundsException
	at java.lang.System.arraycopy(Native Method)
	at org.joda.time.Partial.without(Partial.java:520)
	at org.joda.time.TestPartial_Basics.testWithout4(TestPartial_Basics.java:502)

testGetFormatter1(org.joda.time.TestPartial_Basics)  Time elapsed: 0.001 sec  <<< FAILURE!
junit.framework.ComparisonFailure: expected:<2005[-06-]25> but was:<2005[06]25>
	at junit.framework.Assert.assertEquals(Assert.java:81)
	at junit.framework.Assert.assertEquals(Assert.java:87)
	at org.joda.time.TestPartial_Basics.testGetFormatter1(TestPartial_Basics.java:807)

testToString1(org.joda.time.TestPartial_Basics)  Time elapsed: 0 sec  <<< FAILURE!
junit.framework.ComparisonFailure: expected:<10[:]20> but was:<10[]20>
	at junit.framework.Assert.assertEquals(Assert.java:81)
	at junit.framework.Assert.assertEquals(Assert.java:87)
	at org.joda.time.TestPartial_Basics.testToString1(TestPartial_Basics.java:836)

testToString3(org.joda.time.TestPartial_Basics)  Time elapsed: 0 sec  <<< FAILURE!
junit.framework.ComparisonFailure: expected:<2005[-06-]25> but was:<2005[06]25>
	at junit.framework.Assert.assertEquals(Assert.java:81)
	at junit.framework.Assert.assertEquals(Assert.java:87)
	at org.joda.time.TestPartial_Basics.testToString3(TestPartial_Basics.java:852)

testToString4(org.joda.time.TestPartial_Basics)  Time elapsed: 0 sec  <<< FAILURE!
junit.framework.ComparisonFailure: expected:<[[]dayOfMonth=13, dayOf...> but was:<[[, ]dayOfMonth=13, dayOf...>
	at junit.framework.Assert.assertEquals(Assert.java:81)
	at junit.framework.Assert.assertEquals(Assert.java:87)
	at org.joda.time.TestPartial_Basics.testToString4(TestPartial_Basics.java:863)

testToString5(org.joda.time.TestPartial_Basics)  Time elapsed: 0.001 sec  <<< FAILURE!
junit.framework.ComparisonFailure: expected:<[[]era=1]> but was:<[[, ]era=1]>
	at junit.framework.Assert.assertEquals(Assert.java:81)
	at junit.framework.Assert.assertEquals(Assert.java:87)
	at org.joda.time.TestPartial_Basics.testToString5(TestPartial_Basics.java:868)

testWithout5(org.joda.time.TestPartial_Basics)  Time elapsed: 0 sec  <<< ERROR!
java.lang.NegativeArraySizeException
	at org.joda.time.Partial.without(Partial.java:519)
	at org.joda.time.TestPartial_Basics.testWithout5(TestPartial_Basics.java:512)

testNameProvider(org.joda.time.TestDateTimeZone)  Time elapsed: 0.007 sec  <<< FAILURE!
junit.framework.ComparisonFailure: expected:<[+]00:00> but was:<[-]00:00>
	at junit.framework.Assert.assertEquals(Assert.java:81)
	at junit.framework.Assert.assertEquals(Assert.java:87)
	at org.joda.time.TestDateTimeZone.testNameProvider(TestDateTimeZone.java:608)

testGetName(org.joda.time.TestDateTimeZone)  Time elapsed: 0.001 sec  <<< FAILURE!
junit.framework.ComparisonFailure: expected:<[British Summer Time]> but was:<[Europe/London]>
	at junit.framework.Assert.assertEquals(Assert.java:81)
	at junit.framework.Assert.assertEquals(Assert.java:87)
	at org.joda.time.TestDateTimeZone.testGetName(TestDateTimeZone.java:753)

testGetName_berlin(org.joda.time.TestDateTimeZone)  Time elapsed: 0.001 sec  <<< FAILURE!
junit.framework.ComparisonFailure: expected:<[Central European Time]> but was:<[Europe/Berlin]>
	at junit.framework.Assert.assertEquals(Assert.java:81)
	at junit.framework.Assert.assertEquals(Assert.java:87)
	at org.joda.time.TestDateTimeZone.testGetName_berlin(TestDateTimeZone.java:760)

testGetNameNullKey(org.joda.time.TestDateTimeZone)  Time elapsed: 0 sec  <<< FAILURE!
junit.framework.ComparisonFailure: expected:<[Europe/London]> but was:<[-00:00]>
	at junit.framework.Assert.assertEquals(Assert.java:81)
	at junit.framework.Assert.assertEquals(Assert.java:87)
	at org.joda.time.TestDateTimeZone.testGetNameNullKey(TestDateTimeZone.java:780)

testPatchedNameKeysLondon(org.joda.time.TestDateTimeZone)  Time elapsed: 0.001 sec  <<< FAILURE!
junit.framework.AssertionFailedError: expected:<false> but was:<true>
	at junit.framework.Assert.fail(Assert.java:47)
	at junit.framework.Assert.failNotEquals(Assert.java:280)
	at junit.framework.Assert.assertEquals(Assert.java:64)
	at junit.framework.Assert.assertEquals(Assert.java:146)
	at junit.framework.Assert.assertEquals(Assert.java:152)
	at org.joda.time.TestDateTimeZone.testPatchedNameKeysLondon(TestDateTimeZone.java:1073)

testPatchedNameKeysSydney(org.joda.time.TestDateTimeZone)  Time elapsed: 0 sec  <<< FAILURE!
junit.framework.AssertionFailedError: expected:<false> but was:<true>
	at junit.framework.Assert.fail(Assert.java:47)
	at junit.framework.Assert.failNotEquals(Assert.java:280)
	at junit.framework.Assert.assertEquals(Assert.java:64)
	at junit.framework.Assert.assertEquals(Assert.java:146)
	at junit.framework.Assert.assertEquals(Assert.java:152)
	at org.joda.time.TestDateTimeZone.testPatchedNameKeysSydney(TestDateTimeZone.java:1083)

testPatchedNameKeysSydneyHistoric(org.joda.time.TestDateTimeZone)  Time elapsed: 0 sec  <<< FAILURE!
junit.framework.AssertionFailedError: expected:<false> but was:<true>
	at junit.framework.Assert.fail(Assert.java:47)
	at junit.framework.Assert.failNotEquals(Assert.java:280)
	at junit.framework.Assert.assertEquals(Assert.java:64)
	at junit.framework.Assert.assertEquals(Assert.java:146)
	at junit.framework.Assert.assertEquals(Assert.java:152)
	at org.joda.time.TestDateTimeZone.testPatchedNameKeysSydneyHistoric(TestDateTimeZone.java:1093)

testPatchedNameKeysGazaHistoric(org.joda.time.TestDateTimeZone)  Time elapsed: 0.001 sec  <<< FAILURE!
junit.framework.AssertionFailedError: expected:<false> but was:<true>
	at junit.framework.Assert.fail(Assert.java:47)
	at junit.framework.Assert.failNotEquals(Assert.java:280)
	at junit.framework.Assert.assertEquals(Assert.java:64)
	at junit.framework.Assert.assertEquals(Assert.java:146)
	at junit.framework.Assert.assertEquals(Assert.java:152)
	at org.joda.time.TestDateTimeZone.testPatchedNameKeysGazaHistoric(TestDateTimeZone.java:1103)

testForOffsetHoursMinutes_int_int(org.joda.time.TestDateTimeZone)  Time elapsed: 0.001 sec  <<< FAILURE!
junit.framework.AssertionFailedError: expected:<+00:15> but was:<UTC>
	at junit.framework.Assert.fail(Assert.java:47)
	at junit.framework.Assert.failNotEquals(Assert.java:280)
	at junit.framework.Assert.assertEquals(Assert.java:64)
	at junit.framework.Assert.assertEquals(Assert.java:71)
	at org.joda.time.TestDateTimeZone.testForOffsetHoursMinutes_int_int(TestDateTimeZone.java:316)

testWithMinuteOfHourInDstChange_mockZone(org.joda.time.TestDateTimeZoneCutover)  Time elapsed: 0.004 sec  <<< FAILURE!
junit.framework.ComparisonFailure: expected:<...0-10-31T01:15:00.000[+00:30]> but was:<...0-10-31T01:15:00.000[Z]>
	at junit.framework.Assert.assertEquals(Assert.java:81)
	at junit.framework.Assert.assertEquals(Assert.java:87)
	at org.joda.time.TestDateTimeZoneCutover.testWithMinuteOfHourInDstChange_mockZone(TestDateTimeZoneCutover.java:1120)

testSerializedCopticChronology(org.joda.time.TestSerialization)  Time elapsed: 0.002 sec  <<< ERROR!
java.lang.IllegalArgumentException: Invalid min days in first week: 0
	at org.joda.time.chrono.CopticChronology.getInstance(CopticChronology.java:133)
	at org.joda.time.chrono.CopticChronology.readResolve(CopticChronology.java:176)
	at sun.reflect.GeneratedMethodAccessor5.invoke(Unknown Source)
	at sun.reflect.DelegatingMethodAccessorImpl.invoke(DelegatingMethodAccessorImpl.java:43)
	at java.lang.reflect.Method.invoke(Method.java:606)
	at java.io.ObjectStreamClass.invokeReadResolve(ObjectStreamClass.java:1104)
	at java.io.ObjectInputStream.readOrdinaryObject(ObjectInputStream.java:1807)
	at java.io.ObjectInputStream.readObject0(ObjectInputStream.java:1350)
	at java.io.ObjectInputStream.defaultReadFields(ObjectInputStream.java:1990)
	at java.io.ObjectInputStream.defaultReadObject(ObjectInputStream.java:500)
	at org.joda.time.chrono.AssembledChronology.readObject(AssembledChronology.java:389)
	at sun.reflect.GeneratedMethodAccessor4.invoke(Unknown Source)
	at sun.reflect.DelegatingMethodAccessorImpl.invoke(DelegatingMethodAccessorImpl.java:43)
	at java.lang.reflect.Method.invoke(Method.java:606)
	at java.io.ObjectStreamClass.invokeReadObject(ObjectStreamClass.java:1017)
	at java.io.ObjectInputStream.readSerialData(ObjectInputStream.java:1893)
	at java.io.ObjectInputStream.readOrdinaryObject(ObjectInputStream.java:1798)
	at java.io.ObjectInputStream.readObject0(ObjectInputStream.java:1350)
	at java.io.ObjectInputStream.defaultReadFields(ObjectInputStream.java:1990)
	at java.io.ObjectInputStream.defaultReadObject(ObjectInputStream.java:500)
	at org.joda.time.chrono.AssembledChronology.readObject(AssembledChronology.java:389)
	at sun.reflect.GeneratedMethodAccessor4.invoke(Unknown Source)
	at sun.reflect.DelegatingMethodAccessorImpl.invoke(DelegatingMethodAccessorImpl.java:43)
	at java.lang.reflect.Method.invoke(Method.java:606)
	at java.io.ObjectStreamClass.invokeReadObject(ObjectStreamClass.java:1017)
	at java.io.ObjectInputStream.readSerialData(ObjectInputStream.java:1893)
	at java.io.ObjectInputStream.readOrdinaryObject(ObjectInputStream.java:1798)
	at java.io.ObjectInputStream.readObject0(ObjectInputStream.java:1350)
	at java.io.ObjectInputStream.defaultReadFields(ObjectInputStream.java:1990)
	at java.io.ObjectInputStream.defaultReadObject(ObjectInputStream.java:500)
	at org.joda.time.chrono.AssembledChronology.readObject(AssembledChronology.java:389)
	at sun.reflect.GeneratedMethodAccessor4.invoke(Unknown Source)
	at sun.reflect.DelegatingMethodAccessorImpl.invoke(DelegatingMethodAccessorImpl.java:43)
	at java.lang.reflect.Method.invoke(Method.java:606)
	at java.io.ObjectStreamClass.invokeReadObject(ObjectStreamClass.java:1017)
	at java.io.ObjectInputStream.readSerialData(ObjectInputStream.java:1893)
	at java.io.ObjectInputStream.readOrdinaryObject(ObjectInputStream.java:1798)
	at java.io.ObjectInputStream.readObject0(ObjectInputStream.java:1350)
	at java.io.ObjectInputStream.defaultReadFields(ObjectInputStream.java:1990)
	at java.io.ObjectInputStream.defaultReadObject(ObjectInputStream.java:500)
	at org.joda.time.chrono.AssembledChronology.readObject(AssembledChronology.java:389)
	at sun.reflect.GeneratedMethodAccessor4.invoke(Unknown Source)
	at sun.reflect.DelegatingMethodAccessorImpl.invoke(DelegatingMethodAccessorImpl.java:43)
	at java.lang.reflect.Method.invoke(Method.java:606)
	at java.io.ObjectStreamClass.invokeReadObject(ObjectStreamClass.java:1017)
	at java.io.ObjectInputStream.readSerialData(ObjectInputStream.java:1893)
	at java.io.ObjectInputStream.readOrdinaryObject(ObjectInputStream.java:1798)
	at java.io.ObjectInputStream.readObject0(ObjectInputStream.java:1350)
	at java.io.ObjectInputStream.readObject(ObjectInputStream.java:370)
	at org.joda.time.TestSerialization.loadAndCompare(TestSerialization.java:295)
	at org.joda.time.TestSerialization.testSerializedCopticChronology(TestSerialization.java:232)

testWithZone(org.joda.time.chrono.TestCopticChronology)  Time elapsed: 0.001 sec  <<< FAILURE!
junit.framework.AssertionFailedError: expected same:<CopticChronology[Europe/London]> was not:<CopticChronology[Asia/Tokyo]>
	at junit.framework.Assert.fail(Assert.java:47)
	at junit.framework.Assert.failNotSame(Assert.java:276)
	at junit.framework.Assert.assertSame(Assert.java:239)
	at junit.framework.Assert.assertSame(Assert.java:246)
	at org.joda.time.chrono.TestCopticChronology.testWithZone(TestCopticChronology.java:133)

testEpoch(org.joda.time.chrono.TestCopticChronology)  Time elapsed: 0.009 sec  <<< ERROR!
IllegalArgumentException: The resulting instant is below the supported minimum of 0001-01-01T00:00:00.001Z (CopticChronology[UTC])
	at org.joda.time.chrono.LimitChronology.checkLimits(LimitChronology.java:286)
	at org.joda.time.chrono.LimitChronology.getDateTimeMillis(LimitChronology.java:190)
	at org.joda.time.chrono.BasicChronology.getDateTimeMillis(BasicChronology.java:168)
	at org.joda.time.chrono.CopticChronology.getDateTimeMillis(CopticChronology.java:50)
	at org.joda.time.base.BaseDateTime.<init>(BaseDateTime.java:258)
	at org.joda.time.DateTime.<init>(DateTime.java:532)
	at org.joda.time.chrono.TestCopticChronology.testEpoch(TestCopticChronology.java:300)

testCalendar(org.joda.time.chrono.TestCopticChronology)  Time elapsed: 0.001 sec  <<< ERROR!
IllegalArgumentException: The resulting instant is below the supported minimum of 0001-01-01T00:00:00.001Z (CopticChronology[UTC])
	at org.joda.time.chrono.LimitChronology.checkLimits(LimitChronology.java:286)
	at org.joda.time.chrono.LimitChronology.getDateTimeMillis(LimitChronology.java:190)
	at org.joda.time.chrono.BasicChronology.getDateTimeMillis(BasicChronology.java:168)
	at org.joda.time.chrono.CopticChronology.getDateTimeMillis(CopticChronology.java:50)
	at org.joda.time.base.BaseDateTime.<init>(BaseDateTime.java:258)
	at org.joda.time.DateTime.<init>(DateTime.java:532)
	at org.joda.time.chrono.TestCopticChronology.testCalendar(TestCopticChronology.java:321)

testEpoch(org.joda.time.chrono.TestIslamicChronology)  Time elapsed: 0.001 sec  <<< ERROR!
IllegalArgumentException: The resulting instant is below the supported minimum of 0001-01-01T00:00:00.001Z (IslamicChronology[UTC])
	at org.joda.time.chrono.LimitChronology.checkLimits(LimitChronology.java:286)
	at org.joda.time.chrono.LimitChronology.getDateTimeMillis(LimitChronology.java:190)
	at org.joda.time.chrono.BasicChronology.getDateTimeMillis(BasicChronology.java:168)
	at org.joda.time.chrono.IslamicChronology.getDateTimeMillis(IslamicChronology.java:65)
	at org.joda.time.base.BaseDateTime.<init>(BaseDateTime.java:258)
	at org.joda.time.DateTime.<init>(DateTime.java:532)
	at org.joda.time.chrono.TestIslamicChronology.testEpoch(TestIslamicChronology.java:297)

testCalendar(org.joda.time.chrono.TestIslamicChronology)  Time elapsed: 0.001 sec  <<< ERROR!
IllegalArgumentException: The resulting instant is below the supported minimum of 0001-01-01T00:00:00.001Z (IslamicChronology[UTC])
	at org.joda.time.chrono.LimitChronology.checkLimits(LimitChronology.java:286)
	at org.joda.time.chrono.LimitChronology.getDateTimeMillis(LimitChronology.java:190)
	at org.joda.time.chrono.BasicChronology.getDateTimeMillis(BasicChronology.java:168)
	at org.joda.time.chrono.IslamicChronology.getDateTimeMillis(IslamicChronology.java:65)
	at org.joda.time.base.BaseDateTime.<init>(BaseDateTime.java:258)
	at org.joda.time.DateTime.<init>(DateTime.java:532)
	at org.joda.time.chrono.TestIslamicChronology.testCalendar(TestIslamicChronology.java:326)

testZoneNameNearTransition(org.joda.time.format.TestDateTimeFormatter)  Time elapsed: 0.003 sec  <<< FAILURE!
junit.framework.ComparisonFailure: expected:<...05-10-30 01:00:00.0 [Eastern Daylight Time]> but was:<...05-10-30 01:00:00.0 [America/New_York]>
	at junit.framework.Assert.assertEquals(Assert.java:81)
	at junit.framework.Assert.assertEquals(Assert.java:87)
	at org.joda.time.format.TestDateTimeFormatter.testZoneNameNearTransition(TestDateTimeFormatter.java:1003)

testFormat_zoneLongText(org.joda.time.format.TestDateTimeFormat)  Time elapsed: 0.001 sec  <<< FAILURE!
junit.framework.ComparisonFailure: 2004-06-09T10:20:30.040Z expected:<[Coordinated Universal Time]> but was:<[UTC]>
	at junit.framework.Assert.assertEquals(Assert.java:81)
	at org.joda.time.format.TestDateTimeFormat.testFormat_zoneLongText(TestDateTimeFormat.java:769)

test_printParseLongName(org.joda.time.format.TestDateTimeFormatterBuilder)  Time elapsed: 0.001 sec  <<< FAILURE!
junit.framework.ComparisonFailure: expected:<2011-01-04 12:30 [Greenwich Mean Time]> but was:<2011-01-04 12:30 [Europe/London]>
	at junit.framework.Assert.assertEquals(Assert.java:81)
	at junit.framework.Assert.assertEquals(Assert.java:87)
	at org.joda.time.format.TestDateTimeFormatterBuilder.test_printParseLongName(TestDateTimeFormatterBuilder.java:637)

test_printParseLongNameWithLookup(org.joda.time.format.TestDateTimeFormatterBuilder)  Time elapsed: 0.001 sec  <<< FAILURE!
junit.framework.ComparisonFailure: expected:<2011-01-04 12:30 [Greenwich Mean Time]> but was:<2011-01-04 12:30 [Europe/London]>
	at junit.framework.Assert.assertEquals(Assert.java:81)
	at junit.framework.Assert.assertEquals(Assert.java:87)
	at org.joda.time.format.TestDateTimeFormatterBuilder.test_printParseLongNameWithLookup(TestDateTimeFormatterBuilder.java:658)

