<?xml version="1.0" encoding="UTF-8" ?>
<testsuite errors="1" failures="0" hostname="cs-210-206.cs.ucla.edu" name="com.google.javascript.jscomp.CollapsePropertiesTest" skipped="0" tests="244" time="0.778" timestamp="2015-03-09T03:17:14">
  <properties>
    <property name="java.vendor" value="Oracle Corporation" />
    <property name="lib.dir" value="/Users/linmanna/Documents/proj/UCLA-CS-239-Winter-2015/Part_B/Benchmark/closure-compiler/lib" />
    <property name="refasterjs-jarfile" value="/Users/linmanna/Documents/proj/UCLA-CS-239-Winter-2015/Part_B/Benchmark/closure-compiler/build/refasterjs.jar" />
    <property name="sun.java.launcher" value="SUN_STANDARD" />
    <property name="sun.management.compiler" value="HotSpot 64-Bit Tiered Compilers" />
    <property name="os.name" value="Mac OS X" />
    <property name="sun.boot.class.path" value="/Library/Java/JavaVirtualMachines/jdk1.7.0_75.jdk/Contents/Home/jre/lib/resources.jar:/Library/Java/JavaVirtualMachines/jdk1.7.0_75.jdk/Contents/Home/jre/lib/rt.jar:/Library/Java/JavaVirtualMachines/jdk1.7.0_75.jdk/Contents/Home/jre/lib/sunrsasign.jar:/Library/Java/JavaVirtualMachines/jdk1.7.0_75.jdk/Contents/Home/jre/lib/jsse.jar:/Library/Java/JavaVirtualMachines/jdk1.7.0_75.jdk/Contents/Home/jre/lib/jce.jar:/Library/Java/JavaVirtualMachines/jdk1.7.0_75.jdk/Contents/Home/jre/lib/charsets.jar:/Library/Java/JavaVirtualMachines/jdk1.7.0_75.jdk/Contents/Home/jre/lib/jfr.jar:/Library/Java/JavaVirtualMachines/jdk1.7.0_75.jdk/Contents/Home/jre/classes" />
    <property name="maven-repository-id" value="sonatype-nexus-staging" />
    <property name="java.vm.specification.vendor" value="Oracle Corporation" />
    <property name="ant.home" value="//Users/linmanna/ant" />
    <property name="java.runtime.version" value="1.7.0_75-b13" />
    <property name="gen.dir" value="/Users/linmanna/Documents/proj/UCLA-CS-239-Winter-2015/Part_B/Benchmark/closure-compiler/gen" />
    <property name="user.name" value="linmanna" />
    <property name="ant.file.compiler" value="/Users/linmanna/Documents/proj/UCLA-CS-239-Winter-2015/Part_B/Benchmark/closure-compiler/build.xml" />
    <property name="build.dir" value="/Users/linmanna/Documents/proj/UCLA-CS-239-Winter-2015/Part_B/Benchmark/closure-compiler/build" />
    <property name="ant.build.javac.target" value="1.7" />
    <property name="user.language" value="zh" />
    <property name="test.method" value="" />
    <property name="sun.boot.library.path" value="/Library/Java/JavaVirtualMachines/jdk1.7.0_75.jdk/Contents/Home/jre/lib" />
    <property name="ant.project.default-target" value="jar" />
    <property name="ant.project.name" value="compiler" />
    <property name="java.version" value="1.7.0_75" />
    <property name="user.timezone" value="" />
    <property name="sun.arch.data.model" value="64" />
    <property name="http.nonProxyHosts" value="local|*.local|169.254/16|*.169.254/16" />
    <property name="java.endorsed.dirs" value="/Library/Java/JavaVirtualMachines/jdk1.7.0_75.jdk/Contents/Home/jre/lib/endorsed" />
    <property name="sun.cpu.isalist" value="" />
    <property name="sun.jnu.encoding" value="UTF-8" />
    <property name="file.encoding.pkg" value="sun.io" />
    <property name="file.separator" value="/" />
    <property name="java.specification.name" value="Java Platform API Specification" />
    <property name="protoc.executable" value="protoc" />
    <property name="classes.dir" value="/Users/linmanna/Documents/proj/UCLA-CS-239-Winter-2015/Part_B/Benchmark/closure-compiler/build/classes" />
    <property name="java.class.version" value="51.0" />
    <property name="testClasses.dir" value="/Users/linmanna/Documents/proj/UCLA-CS-239-Winter-2015/Part_B/Benchmark/closure-compiler/build/test" />
    <property name="user.country" value="CN" />
    <property name="java.home" value="/Library/Java/JavaVirtualMachines/jdk1.7.0_75.jdk/Contents/Home/jre" />
    <property name="java.vm.info" value="mixed mode" />
    <property name="externs.dir" value="/Users/linmanna/Documents/proj/UCLA-CS-239-Winter-2015/Part_B/Benchmark/closure-compiler/externs" />
    <property name="ant.file" value="/Users/linmanna/Documents/proj/UCLA-CS-239-Winter-2015/Part_B/Benchmark/closure-compiler/build.xml" />
    <property name="os.version" value="10.9.5" />
    <property name="javac.debug" value="on" />
    <property name="path.separator" value=":" />
    <property name="java.vm.version" value="24.75-b04" />
    <property name="ant.library.dir" value="//Users/linmanna/ant/lib" />
    <property name="java.awt.printerjob" value="sun.lwawt.macosx.CPrinterJob" />
    <property name="webservice-jarfile" value="/Users/linmanna/Documents/proj/UCLA-CS-239-Winter-2015/Part_B/Benchmark/closure-compiler/build/webservice.jar" />
    <property name="sun.io.unicode.encoding" value="UnicodeBig" />
    <property name="test.fork" value="true" />
    <property name="webservice.dir" value="/Users/linmanna/Documents/proj/UCLA-CS-239-Winter-2015/Part_B/Benchmark/closure-compiler/src/com/google/javascript/jscomp/webservice" />
    <property name="awt.toolkit" value="sun.lwawt.macosx.LWCToolkit" />
    <property name="buildlib.dir" value="/Users/linmanna/Documents/proj/UCLA-CS-239-Winter-2015/Part_B/Benchmark/closure-compiler/build/lib" />
    <property name="socksNonProxyHosts" value="local|*.local|169.254/16|*.169.254/16" />
    <property name="ftp.nonProxyHosts" value="local|*.local|169.254/16|*.169.254/16" />
    <property name="ant.build.javac.source" value="1.7" />
    <property name="refasterjs.dir" value="/Users/linmanna/Documents/proj/UCLA-CS-239-Winter-2015/Part_B/Benchmark/closure-compiler/src/com/google/javascript/refactoring" />
    <property name="user.home" value="/Users/linmanna" />
    <property name="java.specification.vendor" value="Oracle Corporation" />
    <property name="test.dir" value="/Users/linmanna/Documents/proj/UCLA-CS-239-Winter-2015/Part_B/Benchmark/closure-compiler/test" />
    <property name="java.library.path" value="/Users/linmanna/Library/Java/Extensions:/Library/Java/Extensions:/Network/Library/Java/Extensions:/System/Library/Java/Extensions:/usr/lib/java:." />
    <property name="java.vendor.url" value="http://java.oracle.com/" />
    <property name="java.vm.vendor" value="Oracle Corporation" />
    <property name="gopherProxySet" value="false" />
    <property name="build.relVersion" value="00e3533" />
    <property name="java.runtime.name" value="Java(TM) SE Runtime Environment" />
    <property name="sun.java.command" value="org.apache.tools.ant.taskdefs.optional.junit.JUnitTestRunner testsfile=/Users/linmanna/Documents/proj/UCLA-CS-239-Winter-2015/Part_B/Benchmark/closure-compiler/junittestcases4622356093930181862.properties skipNonTests=false filtertrace=true haltOnError=false haltOnFailure=false formatter=org.apache.tools.ant.taskdefs.optional.junit.SummaryJUnitResultFormatter showoutput=true outputtoformatters=true logfailedtests=true threadid=0 logtestlistenerevents=false formatter=org.apache.tools.ant.taskdefs.optional.junit.BriefJUnitResultFormatter formatter=org.apache.tools.ant.taskdefs.optional.junit.XMLJUnitResultFormatter,/Users/linmanna/Documents/proj/UCLA-CS-239-Winter-2015/Part_B/Benchmark/closure-compiler/build/testoutput/IGNORETHIS.xml crashfile=/Users/linmanna/Documents/proj/UCLA-CS-239-Winter-2015/Part_B/Benchmark/closure-compiler/junitvmwatcher882389895192408063.properties propsfile=/Users/linmanna/Documents/proj/UCLA-CS-239-Winter-2015/Part_B/Benchmark/closure-compiler/junit6374663990081372210.properties" />
    <property name="java.class.path" value="/Users/linmanna/Documents/proj/UCLA-CS-239-Winter-2015/Part_B/Benchmark/closure-compiler/build/classes:/Users/linmanna/Documents/proj/UCLA-CS-239-Winter-2015/Part_B/Benchmark/closure-compiler/lib/ant-launcher.jar:/Users/linmanna/Documents/proj/UCLA-CS-239-Winter-2015/Part_B/Benchmark/closure-compiler/lib/ant.jar:/Users/linmanna/Documents/proj/UCLA-CS-239-Winter-2015/Part_B/Benchmark/closure-compiler/lib/args4j.jar:/Users/linmanna/Documents/proj/UCLA-CS-239-Winter-2015/Part_B/Benchmark/closure-compiler/lib/gson.jar:/Users/linmanna/Documents/proj/UCLA-CS-239-Winter-2015/Part_B/Benchmark/closure-compiler/lib/guava.jar:/Users/linmanna/Documents/proj/UCLA-CS-239-Winter-2015/Part_B/Benchmark/closure-compiler/lib/jsr305.jar:/Users/linmanna/Documents/proj/UCLA-CS-239-Winter-2015/Part_B/Benchmark/closure-compiler/lib/junit.jar:/Users/linmanna/Documents/proj/UCLA-CS-239-Winter-2015/Part_B/Benchmark/closure-compiler/lib/protobuf-java.jar:/Users/linmanna/Documents/proj/UCLA-CS-239-Winter-2015/Part_B/Benchmark/closure-compiler/lib/truth.jar:/Users/linmanna/Documents/proj/UCLA-CS-239-Winter-2015/Part_B/Benchmark/closure-compiler/build/test:/Users/linmanna/ant/lib/ant-launcher.jar:/Users/linmanna/ant/lib/ant.jar:/Users/linmanna/ant/lib/ant-junit.jar:/Users/linmanna/ant/lib/ant-junit4.jar" />
    <property name="ant.version" value="Apache Ant(TM) version 1.9.4 compiled on April 29 2014" />
    <property name="test.class" value="*Test" />
    <property name="java.vm.specification.name" value="Java Virtual Machine Specification" />
    <property name="ant.file.type" value="file" />
    <property name="java.vm.specification.version" value="1.7" />
    <property name="sun.cpu.endian" value="little" />
    <property name="sun.os.patch.level" value="unknown" />
    <property name="java.io.tmpdir" value="/var/folders/_p/3swdt4h96dn79vyt21dtny9h0000gn/T/" />
    <property name="java.vendor.url.bug" value="http://bugreport.sun.com/bugreport/" />
    <property name="java.awt.graphicsenv" value="sun.awt.CGraphicsEnvironment" />
    <property name="maven-repository-url" value="https://oss.sonatype.org/service/local/staging/deploy/maven2/" />
    <property name="os.arch" value="x86_64" />
    <property name="webservice-classes.dir" value="/Users/linmanna/Documents/proj/UCLA-CS-239-Winter-2015/Part_B/Benchmark/closure-compiler/build/webservice-classes" />
    <property name="java.ext.dirs" value="/Users/linmanna/Library/Java/Extensions:/Library/Java/JavaVirtualMachines/jdk1.7.0_75.jdk/Contents/Home/jre/lib/ext:/Library/Java/Extensions:/Network/Library/Java/Extensions:/System/Library/Java/Extensions:/usr/lib/java" />
    <property name="user.dir" value="/Users/linmanna/Documents/proj/UCLA-CS-239-Winter-2015/Part_B/Benchmark/closure-compiler" />
    <property name="ant.file.type.compiler" value="file" />
    <property name="line.separator" value="&#xa;" />
    <property name="java.vm.name" value="Java HotSpot(TM) 64-Bit Server VM" />
    <property name="refasterjs-classes.dir" value="/Users/linmanna/Documents/proj/UCLA-CS-239-Winter-2015/Part_B/Benchmark/closure-compiler/build/refasterjs-classes" />
    <property name="basedir" value="/Users/linmanna/Documents/proj/UCLA-CS-239-Winter-2015/Part_B/Benchmark/closure-compiler" />
    <property name="ant.java.version" value="1.7" />
    <property name="ant.core.lib" value="/Users/linmanna/ant/lib/ant.jar" />
    <property name="file.encoding" value="UTF-8" />
    <property name="closure.build.dir" value="/Users/linmanna/Documents/proj/UCLA-CS-239-Winter-2015/Part_B/Benchmark/closure-compiler/build" />
    <property name="compiler-jarfile" value="/Users/linmanna/Documents/proj/UCLA-CS-239-Winter-2015/Part_B/Benchmark/closure-compiler/build/compiler.jar" />
    <property name="java.specification.version" value="1.7" />
    <property name="src.dir" value="/Users/linmanna/Documents/proj/UCLA-CS-239-Winter-2015/Part_B/Benchmark/closure-compiler/src" />
    <property name="ant.project.invoked-targets" value="clean,compile,compile-tests,test" />
    <property name="javadoc.dir" value="/Users/linmanna/Documents/proj/UCLA-CS-239-Winter-2015/Part_B/Benchmark/closure-compiler/build/javadoc" />
    <property name="tools.dir" value="/Users/linmanna/Documents/proj/UCLA-CS-239-Winter-2015/Part_B/Benchmark/closure-compiler/tools" />
  </properties>
  <testcase classname="com.google.javascript.jscomp.CollapsePropertiesTest" name="testGlobalCatch" time="0.002">
    <error message="Missing catch or finally for try statement.. Reference node:&#xa;TRY 1 [source_file: testcode]&#xa;    BLOCK 1 [source_file: testcode]&#xa;        THROW 1 [source_file: testcode]&#xa;            CALL 1 [free_call: 1] [source_file: testcode]&#xa;                NAME Error 1 [source_file: testcode]&#xa;    BLOCK 1 [source_file: testcode]&#xa;        CATCH 1 [source_file: testcode]&#xa;            NAME e 1 [source_file: testcode]&#xa;            BLOCK 1 [source_file: testcode]&#xa;                EXPR_RESULT 1 [source_file: testcode]&#xa;                    CALL 1 [source_file: testcode]&#xa;                        GETPROP 1 [source_file: testcode]&#xa;                            NAME console 1 [source_file: testcode]&#xa;                            STRING log 1 [source_file: testcode]&#xa;                        GETPROP 1 [source_file: testcode]&#xa;                            NAME e 1 [source_file: testcode]&#xa;                            STRING name 1 [source_file: testcode]&#xa;" type="java.lang.IllegalStateException">java.lang.IllegalStateException: Missing catch or finally for try statement.. Reference node:
TRY 1 [source_file: testcode]
    BLOCK 1 [source_file: testcode]
        THROW 1 [source_file: testcode]
            CALL 1 [free_call: 1] [source_file: testcode]
                NAME Error 1 [source_file: testcode]
    BLOCK 1 [source_file: testcode]
        CATCH 1 [source_file: testcode]
            NAME e 1 [source_file: testcode]
            BLOCK 1 [source_file: testcode]
                EXPR_RESULT 1 [source_file: testcode]
                    CALL 1 [source_file: testcode]
                        GETPROP 1 [source_file: testcode]
                            NAME console 1 [source_file: testcode]
                            STRING log 1 [source_file: testcode]
                        GETPROP 1 [source_file: testcode]
                            NAME e 1 [source_file: testcode]
                            STRING name 1 [source_file: testcode]

	at com.google.javascript.jscomp.AstValidator$1.handleViolation(AstValidator.java:54)
	at com.google.javascript.jscomp.AstValidator.violation(AstValidator.java:1167)
	at com.google.javascript.jscomp.AstValidator.validateTry(AstValidator.java:888)
	at com.google.javascript.jscomp.AstValidator.validateStatement(AstValidator.java:142)
	at com.google.javascript.jscomp.AstValidator.validateScript(AstValidator.java:91)
	at com.google.javascript.jscomp.AstValidator.validateCodeRoot(AstValidator.java:82)
	at com.google.javascript.jscomp.AstValidator.validateRoot(AstValidator.java:75)
	at com.google.javascript.jscomp.CompilerTestCase.test(CompilerTestCase.java:967)
	at com.google.javascript.jscomp.CompilerTestCase.test(CompilerTestCase.java:935)
	at com.google.javascript.jscomp.CompilerTestCase.test(CompilerTestCase.java:543)
	at com.google.javascript.jscomp.CompilerTestCase.test(CompilerTestCase.java:509)
	at com.google.javascript.jscomp.CompilerTestCase.test(CompilerTestCase.java:450)
	at com.google.javascript.jscomp.CompilerTestCase.test(CompilerTestCase.java:408)
	at com.google.javascript.jscomp.CompilerTestCase.testSame(CompilerTestCase.java:741)
	at com.google.javascript.jscomp.CollapsePropertiesTest.testGlobalCatch(CollapsePropertiesTest.java:1699)
</error>
  </testcase>
  <testcase classname="com.google.javascript.jscomp.CollapsePropertiesTest" name="testNewOperator" time="0.008" />
  <testcase classname="com.google.javascript.jscomp.CollapsePropertiesTest" name="testCollapse" time="0.002" />
  <testcase classname="com.google.javascript.jscomp.CollapsePropertiesTest" name="testMultiLevelCollapse" time="0.002" />
  <testcase classname="com.google.javascript.jscomp.CollapsePropertiesTest" name="testDecrement" time="0.002" />
  <testcase classname="com.google.javascript.jscomp.CollapsePropertiesTest" name="testIncrement" time="0.002" />
  <testcase classname="com.google.javascript.jscomp.CollapsePropertiesTest" name="testObjLitDeclaration" time="0.002" />
  <testcase classname="com.google.javascript.jscomp.CollapsePropertiesTest" name="testObjLitDeclarationWithGet1" time="0.003" />
  <testcase classname="com.google.javascript.jscomp.CollapsePropertiesTest" name="testObjLitDeclarationWithGet2" time="0.002" />
  <testcase classname="com.google.javascript.jscomp.CollapsePropertiesTest" name="testObjLitDeclarationWithGet3" time="0.002" />
  <testcase classname="com.google.javascript.jscomp.CollapsePropertiesTest" name="testObjLitDeclarationWithSet1" time="0.002" />
  <testcase classname="com.google.javascript.jscomp.CollapsePropertiesTest" name="testObjLitDeclarationWithSet2" time="0.002" />
  <testcase classname="com.google.javascript.jscomp.CollapsePropertiesTest" name="testObjLitDeclarationWithSet3" time="0.002" />
  <testcase classname="com.google.javascript.jscomp.CollapsePropertiesTest" name="testObjLitDeclarationWithGetAndSet1" time="0.004" />
  <testcase classname="com.google.javascript.jscomp.CollapsePropertiesTest" name="testObjLitDeclarationWithDuplicateKeys" time="0.003" />
  <testcase classname="com.google.javascript.jscomp.CollapsePropertiesTest" name="testObjLitAssignmentDepth1" time="0.004" />
  <testcase classname="com.google.javascript.jscomp.CollapsePropertiesTest" name="testObjLitAssignmentDepth2" time="0.002" />
  <testcase classname="com.google.javascript.jscomp.CollapsePropertiesTest" name="testObjLitAssignmentDepth3" time="0.003" />
  <testcase classname="com.google.javascript.jscomp.CollapsePropertiesTest" name="testObjLitAssignmentDepth4" time="0.003" />
  <testcase classname="com.google.javascript.jscomp.CollapsePropertiesTest" name="testGlobalObjectDeclaredToPreserveItsPreviousValue1" time="0.003" />
  <testcase classname="com.google.javascript.jscomp.CollapsePropertiesTest" name="testGlobalObjectDeclaredToPreserveItsPreviousValue2" time="0.003" />
  <testcase classname="com.google.javascript.jscomp.CollapsePropertiesTest" name="testGlobalObjectDeclaredToPreserveItsPreviousValue3" time="0.003" />
  <testcase classname="com.google.javascript.jscomp.CollapsePropertiesTest" name="testGlobalObjectNameInBooleanExpressionDepth1_1" time="0.004" />
  <testcase classname="com.google.javascript.jscomp.CollapsePropertiesTest" name="testGlobalObjectNameInBooleanExpressionDepth1_2" time="0.003" />
  <testcase classname="com.google.javascript.jscomp.CollapsePropertiesTest" name="testGlobalObjectNameInBooleanExpressionDepth1_3" time="0.003" />
  <testcase classname="com.google.javascript.jscomp.CollapsePropertiesTest" name="testGlobalObjectNameInBooleanExpressionDepth1_4" time="0.002" />
  <testcase classname="com.google.javascript.jscomp.CollapsePropertiesTest" name="testGlobalObjectNameInBooleanExpressionDepth1_5" time="0.003" />
  <testcase classname="com.google.javascript.jscomp.CollapsePropertiesTest" name="testGlobalObjectNameInBooleanExpressionDepth1_6" time="0.002" />
  <testcase classname="com.google.javascript.jscomp.CollapsePropertiesTest" name="testGlobalObjectNameInBooleanExpressionDepth2" time="0.002" />
  <testcase classname="com.google.javascript.jscomp.CollapsePropertiesTest" name="testGlobalObjectNameInBooleanExpressionDepth3" time="0.002" />
  <testcase classname="com.google.javascript.jscomp.CollapsePropertiesTest" name="testGlobalFunctionNameInBooleanExpressionDepth1" time="0.003" />
  <testcase classname="com.google.javascript.jscomp.CollapsePropertiesTest" name="testGlobalFunctionNameInBooleanExpressionDepth2" time="0.003" />
  <testcase classname="com.google.javascript.jscomp.CollapsePropertiesTest" name="testAliasCreatedForObjectDepth1_1" time="0.005" />
  <testcase classname="com.google.javascript.jscomp.CollapsePropertiesTest" name="testAliasCreatedForObjectDepth1_2" time="0.002" />
  <testcase classname="com.google.javascript.jscomp.CollapsePropertiesTest" name="testAliasCreatedForObjectDepth1_3" time="0.003" />
  <testcase classname="com.google.javascript.jscomp.CollapsePropertiesTest" name="testAliasCreatedForObjectDepth2_1" time="0.003" />
  <testcase classname="com.google.javascript.jscomp.CollapsePropertiesTest" name="testAliasCreatedForObjectDepth2_2" time="0.003" />
  <testcase classname="com.google.javascript.jscomp.CollapsePropertiesTest" name="testAliasCreatedForEnumDepth1_1" time="0.002" />
  <testcase classname="com.google.javascript.jscomp.CollapsePropertiesTest" name="testAliasCreatedForEnumDepth1_2" time="0.003" />
  <testcase classname="com.google.javascript.jscomp.CollapsePropertiesTest" name="testAliasCreatedForEnumDepth1_3" time="0.003" />
  <testcase classname="com.google.javascript.jscomp.CollapsePropertiesTest" name="testAliasCreatedForEnumDepth1_4" time="0.005" />
  <testcase classname="com.google.javascript.jscomp.CollapsePropertiesTest" name="testAliasCreatedForEnumDepth2_1" time="0.003" />
  <testcase classname="com.google.javascript.jscomp.CollapsePropertiesTest" name="testAliasCreatedForEnumDepth2_2" time="0.003" />
  <testcase classname="com.google.javascript.jscomp.CollapsePropertiesTest" name="testAliasCreatedForEnumDepth2_3" time="0.002" />
  <testcase classname="com.google.javascript.jscomp.CollapsePropertiesTest" name="testAliasCreatedForEnumOfObjects" time="0.003" />
  <testcase classname="com.google.javascript.jscomp.CollapsePropertiesTest" name="testAliasCreatedForEnumOfObjects2" time="0.003" />
  <testcase classname="com.google.javascript.jscomp.CollapsePropertiesTest" name="testAliasCreatedForPropertyOfEnumOfObjects" time="0.003" />
  <testcase classname="com.google.javascript.jscomp.CollapsePropertiesTest" name="testAliasCreatedForPropertyOfEnumOfObjects2" time="0.003" />
  <testcase classname="com.google.javascript.jscomp.CollapsePropertiesTest" name="testMisusedEnumTag" time="0.003" />
  <testcase classname="com.google.javascript.jscomp.CollapsePropertiesTest" name="testMisusedConstructorTag" time="0.002" />
  <testcase classname="com.google.javascript.jscomp.CollapsePropertiesTest" name="testAliasCreatedForFunctionDepth1_1" time="0.002" />
  <testcase classname="com.google.javascript.jscomp.CollapsePropertiesTest" name="testAliasCreatedForCtorDepth1_1" time="0.005" />
  <testcase classname="com.google.javascript.jscomp.CollapsePropertiesTest" name="testAliasCreatedForFunctionDepth1_2" time="0.002" />
  <testcase classname="com.google.javascript.jscomp.CollapsePropertiesTest" name="testAliasCreatedForCtorDepth1_2" time="0.002" />
  <testcase classname="com.google.javascript.jscomp.CollapsePropertiesTest" name="testAliasCreatedForFunctionDepth1_3" time="0.001" />
  <testcase classname="com.google.javascript.jscomp.CollapsePropertiesTest" name="testAliasCreatedForCtorDepth1_3" time="0.002" />
  <testcase classname="com.google.javascript.jscomp.CollapsePropertiesTest" name="testAliasCreatedForFunctionDepth2" time="0.002" />
  <testcase classname="com.google.javascript.jscomp.CollapsePropertiesTest" name="testAliasCreatedForCtorDepth2" time="0.003" />
  <testcase classname="com.google.javascript.jscomp.CollapsePropertiesTest" name="testAliasCreatedForClassDepth1_1" time="0.005" />
  <testcase classname="com.google.javascript.jscomp.CollapsePropertiesTest" name="testAliasCreatedForClassDepth1_2" time="0.003" />
  <testcase classname="com.google.javascript.jscomp.CollapsePropertiesTest" name="testAliasCreatedForClassDepth1_3" time="0.004" />
  <testcase classname="com.google.javascript.jscomp.CollapsePropertiesTest" name="testAliasCreatedForClassDepth2_1" time="0.003" />
  <testcase classname="com.google.javascript.jscomp.CollapsePropertiesTest" name="testAliasCreatedForClassDepth2_2" time="0.004" />
  <testcase classname="com.google.javascript.jscomp.CollapsePropertiesTest" name="testAliasCreatedForClassDepth2_3" time="0.003" />
  <testcase classname="com.google.javascript.jscomp.CollapsePropertiesTest" name="testAliasCreatedForClassProperty" time="0.003" />
  <testcase classname="com.google.javascript.jscomp.CollapsePropertiesTest" name="testNestedObjLit" time="0.004" />
  <testcase classname="com.google.javascript.jscomp.CollapsePropertiesTest" name="testObjLitDeclarationUsedInSameVarList" time="0.003" />
  <testcase classname="com.google.javascript.jscomp.CollapsePropertiesTest" name="testPropGetInsideAnObjLit" time="0.003" />
  <testcase classname="com.google.javascript.jscomp.CollapsePropertiesTest" name="testObjLitWithQuotedKeyThatDoesNotGetRead" time="0.003" />
  <testcase classname="com.google.javascript.jscomp.CollapsePropertiesTest" name="testObjLitWithQuotedKeyThatGetsRead" time="0.003" />
  <testcase classname="com.google.javascript.jscomp.CollapsePropertiesTest" name="testFunctionWithQuotedPropertyThatDoesNotGetRead" time="0.002" />
  <testcase classname="com.google.javascript.jscomp.CollapsePropertiesTest" name="testFunctionWithQuotedPropertyThatGetsRead" time="0.002" />
  <testcase classname="com.google.javascript.jscomp.CollapsePropertiesTest" name="testObjLitAssignedToMultipleNames1" time="0.003" />
  <testcase classname="com.google.javascript.jscomp.CollapsePropertiesTest" name="testObjLitAssignedToMultipleNames2" time="0.002" />
  <testcase classname="com.google.javascript.jscomp.CollapsePropertiesTest" name="testObjLitRedefinedInGlobalScope" time="0.001" />
  <testcase classname="com.google.javascript.jscomp.CollapsePropertiesTest" name="testObjLitRedefinedInLocalScope" time="0.005" />
  <testcase classname="com.google.javascript.jscomp.CollapsePropertiesTest" name="testObjLitAssignedInTernaryExpression1" time="0.002" />
  <testcase classname="com.google.javascript.jscomp.CollapsePropertiesTest" name="testObjLitAssignedInTernaryExpression2" time="0.003" />
  <testcase classname="com.google.javascript.jscomp.CollapsePropertiesTest" name="testGlobalVarSetToObjLitConditionally1" time="0.002" />
  <testcase classname="com.google.javascript.jscomp.CollapsePropertiesTest" name="testGlobalVarSetToObjLitConditionally1b" time="0.002" />
  <testcase classname="com.google.javascript.jscomp.CollapsePropertiesTest" name="testGlobalVarSetToObjLitConditionally2" time="0.003" />
  <testcase classname="com.google.javascript.jscomp.CollapsePropertiesTest" name="testGlobalVarSetToObjLitConditionally3" time="0.004" />
  <testcase classname="com.google.javascript.jscomp.CollapsePropertiesTest" name="testObjectPropertySetToObjLitConditionally" time="0.006" />
  <testcase classname="com.google.javascript.jscomp.CollapsePropertiesTest" name="testFunctionPropertySetToObjLitConditionally" time="0.003" />
  <testcase classname="com.google.javascript.jscomp.CollapsePropertiesTest" name="testPrototypePropertySetToAnObjectLiteral" time="0.004" />
  <testcase classname="com.google.javascript.jscomp.CollapsePropertiesTest" name="testObjectPropertyResetInLocalScope" time="0.003" />
  <testcase classname="com.google.javascript.jscomp.CollapsePropertiesTest" name="testFunctionPropertyResetInLocalScope" time="0.003" />
  <testcase classname="com.google.javascript.jscomp.CollapsePropertiesTest" name="testNamespaceResetInGlobalScope1" time="0.003" />
  <testcase classname="com.google.javascript.jscomp.CollapsePropertiesTest" name="testNamespaceResetInGlobalScope2" time="0.003" />
  <testcase classname="com.google.javascript.jscomp.CollapsePropertiesTest" name="testNamespaceResetInGlobalScope3" time="0.003" />
  <testcase classname="com.google.javascript.jscomp.CollapsePropertiesTest" name="testNamespaceResetInGlobalScope4" time="0.002" />
  <testcase classname="com.google.javascript.jscomp.CollapsePropertiesTest" name="testNamespaceResetInLocalScope1" time="0.002" />
  <testcase classname="com.google.javascript.jscomp.CollapsePropertiesTest" name="testNamespaceResetInLocalScope2" time="0.002" />
  <testcase classname="com.google.javascript.jscomp.CollapsePropertiesTest" name="testNamespaceDefinedInLocalScope" time="0.002" />
  <testcase classname="com.google.javascript.jscomp.CollapsePropertiesTest" name="testAddPropertyToObjectInLocalScopeDepth1" time="0.003" />
  <testcase classname="com.google.javascript.jscomp.CollapsePropertiesTest" name="testAddPropertyToObjectInLocalScopeDepth2" time="0.003" />
  <testcase classname="com.google.javascript.jscomp.CollapsePropertiesTest" name="testAddPropertyToFunctionInLocalScopeDepth1" time="0.003" />
  <testcase classname="com.google.javascript.jscomp.CollapsePropertiesTest" name="testAddPropertyToFunctionInLocalScopeDepth2" time="0.002" />
  <testcase classname="com.google.javascript.jscomp.CollapsePropertiesTest" name="testAddPropertyToUncollapsibleObjectInLocalScopeDepth1" time="0.002" />
  <testcase classname="com.google.javascript.jscomp.CollapsePropertiesTest" name="testAddPropertyToUncollapsibleFunctionInLocalScopeDepth1" time="0.004" />
  <testcase classname="com.google.javascript.jscomp.CollapsePropertiesTest" name="testAddPropertyToUncollapsibleNamedCtorInLocalScopeDepth1" time="0.003" />
  <testcase classname="com.google.javascript.jscomp.CollapsePropertiesTest" name="testAddPropertyToUncollapsibleCtorInLocalScopeDepth1" time="0.003" />
  <testcase classname="com.google.javascript.jscomp.CollapsePropertiesTest" name="testAddPropertyToUncollapsibleObjectInLocalScopeDepth2" time="0.004" />
  <testcase classname="com.google.javascript.jscomp.CollapsePropertiesTest" name="testAddPropertyToUncollapsibleFunctionInLocalScopeDepth2" time="0.003" />
  <testcase classname="com.google.javascript.jscomp.CollapsePropertiesTest" name="testAddPropertyToUncollapsibleCtorInLocalScopeDepth2" time="0.003" />
  <testcase classname="com.google.javascript.jscomp.CollapsePropertiesTest" name="testPropertyOfChildFuncOfUncollapsibleObjectDepth1" time="0.002" />
  <testcase classname="com.google.javascript.jscomp.CollapsePropertiesTest" name="testPropertyOfChildFuncOfUncollapsibleObjectDepth2" time="0.004" />
  <testcase classname="com.google.javascript.jscomp.CollapsePropertiesTest" name="testAddPropertyToChildFuncOfUncollapsibleObjectInLocalScope" time="0.003" />
  <testcase classname="com.google.javascript.jscomp.CollapsePropertiesTest" name="testAddPropertyToChildTypeOfUncollapsibleObjectInLocalScope" time="0.004" />
  <testcase classname="com.google.javascript.jscomp.CollapsePropertiesTest" name="testAddPropertyToChildOfUncollapsibleFunctionInLocalScope" time="0.003" />
  <testcase classname="com.google.javascript.jscomp.CollapsePropertiesTest" name="testAddPropertyToChildOfUncollapsibleCtorInLocalScope" time="0.005" />
  <testcase classname="com.google.javascript.jscomp.CollapsePropertiesTest" name="testResetObjectPropertyInLocalScope" time="0.003" />
  <testcase classname="com.google.javascript.jscomp.CollapsePropertiesTest" name="testResetFunctionPropertyInLocalScope" time="0.003" />
  <testcase classname="com.google.javascript.jscomp.CollapsePropertiesTest" name="testGlobalNameReferencedInLocalScopeBeforeDefined1" time="0.003" />
  <testcase classname="com.google.javascript.jscomp.CollapsePropertiesTest" name="testGlobalNameReferencedInLocalScopeBeforeDefined2" time="0.002" />
  <testcase classname="com.google.javascript.jscomp.CollapsePropertiesTest" name="testTwiceDefinedGlobalNameDepth1_1" time="0.002" />
  <testcase classname="com.google.javascript.jscomp.CollapsePropertiesTest" name="testTwiceDefinedGlobalNameDepth1_2" time="0.002" />
  <testcase classname="com.google.javascript.jscomp.CollapsePropertiesTest" name="testTwiceDefinedGlobalNameDepth2" time="0.002" />
  <testcase classname="com.google.javascript.jscomp.CollapsePropertiesTest" name="testFunctionCallDepth1" time="0.002" />
  <testcase classname="com.google.javascript.jscomp.CollapsePropertiesTest" name="testFunctionCallDepth2" time="0.003" />
  <testcase classname="com.google.javascript.jscomp.CollapsePropertiesTest" name="testFunctionAlias1" time="0.003" />
  <testcase classname="com.google.javascript.jscomp.CollapsePropertiesTest" name="testFunctionAlias2" time="0.003" />
  <testcase classname="com.google.javascript.jscomp.CollapsePropertiesTest" name="testCallToRedefinedFunction" time="0.002" />
  <testcase classname="com.google.javascript.jscomp.CollapsePropertiesTest" name="testCollapsePrototypeName" time="0.003" />
  <testcase classname="com.google.javascript.jscomp.CollapsePropertiesTest" name="testReferencedPrototypeProperty" time="0.003" />
  <testcase classname="com.google.javascript.jscomp.CollapsePropertiesTest" name="testSetStaticAndPrototypePropertiesOnFunction" time="0.003" />
  <testcase classname="com.google.javascript.jscomp.CollapsePropertiesTest" name="testReadUndefinedPropertyDepth1" time="0.003" />
  <testcase classname="com.google.javascript.jscomp.CollapsePropertiesTest" name="testReadUndefinedPropertyDepth2" time="0.002" />
  <testcase classname="com.google.javascript.jscomp.CollapsePropertiesTest" name="testCallUndefinedMethodOnObjLitDepth1" time="0.002" />
  <testcase classname="com.google.javascript.jscomp.CollapsePropertiesTest" name="testCallUndefinedMethodOnObjLitDepth2" time="0.003" />
  <testcase classname="com.google.javascript.jscomp.CollapsePropertiesTest" name="testPropertiesOfAnUndefinedVar" time="0.003" />
  <testcase classname="com.google.javascript.jscomp.CollapsePropertiesTest" name="testPropertyOfAnObjectThatIsNeitherFunctionNorObjLit" time="0.003" />
  <testcase classname="com.google.javascript.jscomp.CollapsePropertiesTest" name="testStaticFunctionReferencingThis1" time="0.003" />
  <testcase classname="com.google.javascript.jscomp.CollapsePropertiesTest" name="testStaticFunctionReferencingThis2" time="0.003" />
  <testcase classname="com.google.javascript.jscomp.CollapsePropertiesTest" name="testStaticFunctionReferencingThis3" time="0.003" />
  <testcase classname="com.google.javascript.jscomp.CollapsePropertiesTest" name="testStaticFunctionReferencingThis4" time="0.003" />
  <testcase classname="com.google.javascript.jscomp.CollapsePropertiesTest" name="testPrototypeMethodReferencingThis" time="0.002" />
  <testcase classname="com.google.javascript.jscomp.CollapsePropertiesTest" name="testConstructorReferencingThis" time="0.001" />
  <testcase classname="com.google.javascript.jscomp.CollapsePropertiesTest" name="testSafeReferenceOfThis" time="0.001" />
  <testcase classname="com.google.javascript.jscomp.CollapsePropertiesTest" name="testGlobalFunctionReferenceOfThis" time="0.001" />
  <testcase classname="com.google.javascript.jscomp.CollapsePropertiesTest" name="testFunctionGivenTwoNames" time="0.002" />
  <testcase classname="com.google.javascript.jscomp.CollapsePropertiesTest" name="testObjLitWithUsedNumericKey" time="0.002" />
  <testcase classname="com.google.javascript.jscomp.CollapsePropertiesTest" name="testObjLitWithUnusedNumericKey" time="0.002" />
  <testcase classname="com.google.javascript.jscomp.CollapsePropertiesTest" name="testObjLitWithNonIdentifierKeys" time="0.002" />
  <testcase classname="com.google.javascript.jscomp.CollapsePropertiesTest" name="testChainedAssignments1" time="0.002" />
  <testcase classname="com.google.javascript.jscomp.CollapsePropertiesTest" name="testChainedAssignments2" time="0.002" />
  <testcase classname="com.google.javascript.jscomp.CollapsePropertiesTest" name="testChainedAssignments3" time="0.002" />
  <testcase classname="com.google.javascript.jscomp.CollapsePropertiesTest" name="testChainedAssignments4" time="0.001" />
  <testcase classname="com.google.javascript.jscomp.CollapsePropertiesTest" name="testChainedAssignments5" time="0.002" />
  <testcase classname="com.google.javascript.jscomp.CollapsePropertiesTest" name="testChainedAssignments6" time="0.002" />
  <testcase classname="com.google.javascript.jscomp.CollapsePropertiesTest" name="testChainedAssignments7" time="0.002" />
  <testcase classname="com.google.javascript.jscomp.CollapsePropertiesTest" name="testChainedVarAssignments1" time="0.002" />
  <testcase classname="com.google.javascript.jscomp.CollapsePropertiesTest" name="testChainedVarAssignments2" time="0.002" />
  <testcase classname="com.google.javascript.jscomp.CollapsePropertiesTest" name="testChainedVarAssignments3" time="0.002" />
  <testcase classname="com.google.javascript.jscomp.CollapsePropertiesTest" name="testChainedVarAssignments4" time="0.003" />
  <testcase classname="com.google.javascript.jscomp.CollapsePropertiesTest" name="testChainedVarAssignments5" time="0.003" />
  <testcase classname="com.google.javascript.jscomp.CollapsePropertiesTest" name="testPeerAndSubpropertyOfUncollapsibleProperty" time="0.005" />
  <testcase classname="com.google.javascript.jscomp.CollapsePropertiesTest" name="testComplexAssignmentAfterInitialAssignment" time="0.003" />
  <testcase classname="com.google.javascript.jscomp.CollapsePropertiesTest" name="testRenamePrefixOfUncollapsibleProperty" time="0.003" />
  <testcase classname="com.google.javascript.jscomp.CollapsePropertiesTest" name="testMethodCall" time="0.002" />
  <testcase classname="com.google.javascript.jscomp.CollapsePropertiesTest" name="testObjLitDefinedInLocalScopeIsLeftAlone" time="0.002" />
  <testcase classname="com.google.javascript.jscomp.CollapsePropertiesTest" name="testPropertiesOnBothSidesOfAssignment" time="0.003" />
  <testcase classname="com.google.javascript.jscomp.CollapsePropertiesTest" name="testCallOnUndefinedProperty" time="0.003" />
  <testcase classname="com.google.javascript.jscomp.CollapsePropertiesTest" name="testGetPropOnUndefinedProperty" time="0.003" />
  <testcase classname="com.google.javascript.jscomp.CollapsePropertiesTest" name="testLocalAlias1" time="0.003" />
  <testcase classname="com.google.javascript.jscomp.CollapsePropertiesTest" name="testLocalAlias2" time="0.003" />
  <testcase classname="com.google.javascript.jscomp.CollapsePropertiesTest" name="testLocalAlias3" time="0.003" />
  <testcase classname="com.google.javascript.jscomp.CollapsePropertiesTest" name="testLocalAlias4" time="0.003" />
  <testcase classname="com.google.javascript.jscomp.CollapsePropertiesTest" name="testLocalAlias5" time="0.005" />
  <testcase classname="com.google.javascript.jscomp.CollapsePropertiesTest" name="testLocalAlias6" time="0.003" />
  <testcase classname="com.google.javascript.jscomp.CollapsePropertiesTest" name="testLocalAlias7" time="0.004" />
  <testcase classname="com.google.javascript.jscomp.CollapsePropertiesTest" name="testGlobalWriteToAncestor" time="0.003" />
  <testcase classname="com.google.javascript.jscomp.CollapsePropertiesTest" name="testGlobalWriteToNonAncestor" time="0.003" />
  <testcase classname="com.google.javascript.jscomp.CollapsePropertiesTest" name="testLocalWriteToAncestor" time="0.002" />
  <testcase classname="com.google.javascript.jscomp.CollapsePropertiesTest" name="testLocalWriteToNonAncestor" time="0.003" />
  <testcase classname="com.google.javascript.jscomp.CollapsePropertiesTest" name="testNonWellformedAlias1" time="0.003" />
  <testcase classname="com.google.javascript.jscomp.CollapsePropertiesTest" name="testNonWellformedAlias2" time="0.003" />
  <testcase classname="com.google.javascript.jscomp.CollapsePropertiesTest" name="testLocalAliasOfAncestor" time="0.004" />
  <testcase classname="com.google.javascript.jscomp.CollapsePropertiesTest" name="testGlobalAliasOfAncestor" time="0.003" />
  <testcase classname="com.google.javascript.jscomp.CollapsePropertiesTest" name="testLocalAliasOfOtherName" time="0.003" />
  <testcase classname="com.google.javascript.jscomp.CollapsePropertiesTest" name="testLocalAliasOfFunction" time="0.004" />
  <testcase classname="com.google.javascript.jscomp.CollapsePropertiesTest" name="testNoInlineGetpropIntoCall" time="0.005" />
  <testcase classname="com.google.javascript.jscomp.CollapsePropertiesTest" name="testInlineAliasWithModifications" time="0.01" />
  <testcase classname="com.google.javascript.jscomp.CollapsePropertiesTest" name="testDoNotCollapsePropertyOnExternType" time="0.002" />
  <testcase classname="com.google.javascript.jscomp.CollapsePropertiesTest" name="testBug1704733" time="0.003" />
  <testcase classname="com.google.javascript.jscomp.CollapsePropertiesTest" name="testBug1956277" time="0.003" />
  <testcase classname="com.google.javascript.jscomp.CollapsePropertiesTest" name="testBug1974371" time="0.003" />
  <testcase classname="com.google.javascript.jscomp.CollapsePropertiesTest" name="testEnumOfObjects1" time="0.003" />
  <testcase classname="com.google.javascript.jscomp.CollapsePropertiesTest" name="testEnumOfObjects2" time="0.003" />
  <testcase classname="com.google.javascript.jscomp.CollapsePropertiesTest" name="testEnumOfObjects3" time="0.004" />
  <testcase classname="com.google.javascript.jscomp.CollapsePropertiesTest" name="testEnumOfObjects4" time="0.002" />
  <testcase classname="com.google.javascript.jscomp.CollapsePropertiesTest" name="testObjectOfObjects1" time="0.002" />
  <testcase classname="com.google.javascript.jscomp.CollapsePropertiesTest" name="testReferenceInAnonymousObject0" time="0.002" />
  <testcase classname="com.google.javascript.jscomp.CollapsePropertiesTest" name="testReferenceInAnonymousObject1" time="0.002" />
  <testcase classname="com.google.javascript.jscomp.CollapsePropertiesTest" name="testReferenceInAnonymousObject2" time="0.003" />
  <testcase classname="com.google.javascript.jscomp.CollapsePropertiesTest" name="testReferenceInAnonymousObject3" time="0.002" />
  <testcase classname="com.google.javascript.jscomp.CollapsePropertiesTest" name="testReferenceInAnonymousObject4" time="0.003" />
  <testcase classname="com.google.javascript.jscomp.CollapsePropertiesTest" name="testReferenceInAnonymousObject5" time="0.003" />
  <testcase classname="com.google.javascript.jscomp.CollapsePropertiesTest" name="testCrashInCommaOperator" time="0.002" />
  <testcase classname="com.google.javascript.jscomp.CollapsePropertiesTest" name="testCrashInNestedAssign" time="0.003" />
  <testcase classname="com.google.javascript.jscomp.CollapsePropertiesTest" name="testTwinReferenceCancelsChildCollapsing" time="0.002" />
  <testcase classname="com.google.javascript.jscomp.CollapsePropertiesTest" name="testPropWithDollarSign" time="0.002" />
  <testcase classname="com.google.javascript.jscomp.CollapsePropertiesTest" name="testPropWithDollarSign2" time="0.002" />
  <testcase classname="com.google.javascript.jscomp.CollapsePropertiesTest" name="testPropWithDollarSign3" time="0.002" />
  <testcase classname="com.google.javascript.jscomp.CollapsePropertiesTest" name="testPropWithDollarSign4" time="0.003" />
  <testcase classname="com.google.javascript.jscomp.CollapsePropertiesTest" name="testPropWithDollarSign5" time="0.002" />
  <testcase classname="com.google.javascript.jscomp.CollapsePropertiesTest" name="testConstKey" time="0.002" />
  <testcase classname="com.google.javascript.jscomp.CollapsePropertiesTest" name="testPropertyOnGlobalCtor" time="0.003" />
  <testcase classname="com.google.javascript.jscomp.CollapsePropertiesTest" name="testPropertyOnGlobalInterface" time="0.003" />
  <testcase classname="com.google.javascript.jscomp.CollapsePropertiesTest" name="testPropertyOnGlobalFunction" time="0.04" />
  <testcase classname="com.google.javascript.jscomp.CollapsePropertiesTest" name="testIssue389" time="0.003" />
  <testcase classname="com.google.javascript.jscomp.CollapsePropertiesTest" name="testAliasedTopLevelName" time="0.003" />
  <testcase classname="com.google.javascript.jscomp.CollapsePropertiesTest" name="testAliasedTopLevelEnum" time="0.002" />
  <testcase classname="com.google.javascript.jscomp.CollapsePropertiesTest" name="testAssignFunctionBeforeDefinition" time="0.001" />
  <testcase classname="com.google.javascript.jscomp.CollapsePropertiesTest" name="testObjectLitBeforeDefinition" time="0.002" />
  <testcase classname="com.google.javascript.jscomp.CollapsePropertiesTest" name="testTypedef1" time="0.002" />
  <testcase classname="com.google.javascript.jscomp.CollapsePropertiesTest" name="testTypedef2" time="0.002" />
  <testcase classname="com.google.javascript.jscomp.CollapsePropertiesTest" name="testDelete1" time="0.003" />
  <testcase classname="com.google.javascript.jscomp.CollapsePropertiesTest" name="testDelete2" time="0.003" />
  <testcase classname="com.google.javascript.jscomp.CollapsePropertiesTest" name="testDelete3" time="0.002" />
  <testcase classname="com.google.javascript.jscomp.CollapsePropertiesTest" name="testDelete4" time="0.002" />
  <testcase classname="com.google.javascript.jscomp.CollapsePropertiesTest" name="testDelete5" time="0.003" />
  <testcase classname="com.google.javascript.jscomp.CollapsePropertiesTest" name="testDelete6" time="0.003" />
  <testcase classname="com.google.javascript.jscomp.CollapsePropertiesTest" name="testDelete7" time="0.002" />
  <testcase classname="com.google.javascript.jscomp.CollapsePropertiesTest" name="testDelete8" time="0.002" />
  <testcase classname="com.google.javascript.jscomp.CollapsePropertiesTest" name="testDelete9" time="0.002" />
  <testcase classname="com.google.javascript.jscomp.CollapsePropertiesTest" name="testDelete10" time="0.001" />
  <testcase classname="com.google.javascript.jscomp.CollapsePropertiesTest" name="testDelete11" time="0.001" />
  <testcase classname="com.google.javascript.jscomp.CollapsePropertiesTest" name="testPreserveConstructorDoc" time="0.003" />
  <testcase classname="com.google.javascript.jscomp.CollapsePropertiesTest" name="testTypeDefAlias1" time="0.002" />
  <testcase classname="com.google.javascript.jscomp.CollapsePropertiesTest" name="testTypeDefAlias2" time="0.002" />
  <testcase classname="com.google.javascript.jscomp.CollapsePropertiesTest" name="testGlobalAliasWithProperties1" time="0.002" />
  <testcase classname="com.google.javascript.jscomp.CollapsePropertiesTest" name="testGlobalAliasWithProperties2" time="0.004" />
  <testcase classname="com.google.javascript.jscomp.CollapsePropertiesTest" name="testGlobalAliasWithProperties3" time="0.003" />
  <testcase classname="com.google.javascript.jscomp.CollapsePropertiesTest" name="testGlobalAliasWithProperties4" time="0.002" />
  <testcase classname="com.google.javascript.jscomp.CollapsePropertiesTest" name="testGlobalAliasWithProperties5" time="0.002" />
  <testcase classname="com.google.javascript.jscomp.CollapsePropertiesTest" name="testLocalAliasOfEnumWithInstanceofCheck" time="0.004" />
  <testcase classname="com.google.javascript.jscomp.CollapsePropertiesTest" name="testCollapsePropertiesOfClass1" time="0.005" />
  <testcase classname="com.google.javascript.jscomp.CollapsePropertiesTest" name="testCollapsePropertiesOfClass2" time="0.004" />
  <testcase classname="com.google.javascript.jscomp.CollapsePropertiesTest" name="test_b19179602" time="0.004" />
  <testcase classname="com.google.javascript.jscomp.CollapsePropertiesTest" name="test_b19179602_declareOutsideLoop" time="0.003" />
  <testcase classname="com.google.javascript.jscomp.CollapsePropertiesTest" name="testCtorManyAssignmentsDontInlineDontWarn" time="0.004" />
  <testcase classname="com.google.javascript.jscomp.CollapsePropertiesTest" name="testCtorManyAssignmentsDontInlineWarn" time="0.003" />
  <testcase classname="com.google.javascript.jscomp.CollapsePropertiesTest" name="testExpressionResultReferenceWontPreventCollapse" time="0.003" />
  <system-out><![CDATA[]]></system-out>
  <system-err><![CDATA[]]></system-err>
</testsuite>
