<?xml version="1.0" encoding="UTF-8" ?>
<testsuite errors="0" failures="14" hostname="s-164-67-71-126.resnet.ucla.edu" name="com.google.javascript.jscomp.ClosureRewriteModuleTest" skipped="0" tests="27" time="0.063" timestamp="2015-03-08T09:06:10">
  <properties>
    <property name="java.vendor" value="Oracle Corporation" />
    <property name="lib.dir" value="/Users/tomerwei/Repos/PLay/closure-compiler/lib" />
    <property name="refasterjs-jarfile" value="/Users/tomerwei/Repos/PLay/closure-compiler/build/refasterjs.jar" />
    <property name="sun.java.launcher" value="SUN_STANDARD" />
    <property name="sun.management.compiler" value="HotSpot 64-Bit Tiered Compilers" />
    <property name="os.name" value="Mac OS X" />
    <property name="sun.boot.class.path" value="/Library/Java/JavaVirtualMachines/jdk1.7.0_75.jdk/Contents/Home/jre/lib/resources.jar:/Library/Java/JavaVirtualMachines/jdk1.7.0_75.jdk/Contents/Home/jre/lib/rt.jar:/Library/Java/JavaVirtualMachines/jdk1.7.0_75.jdk/Contents/Home/jre/lib/sunrsasign.jar:/Library/Java/JavaVirtualMachines/jdk1.7.0_75.jdk/Contents/Home/jre/lib/jsse.jar:/Library/Java/JavaVirtualMachines/jdk1.7.0_75.jdk/Contents/Home/jre/lib/jce.jar:/Library/Java/JavaVirtualMachines/jdk1.7.0_75.jdk/Contents/Home/jre/lib/charsets.jar:/Library/Java/JavaVirtualMachines/jdk1.7.0_75.jdk/Contents/Home/jre/lib/jfr.jar:/Library/Java/JavaVirtualMachines/jdk1.7.0_75.jdk/Contents/Home/jre/classes" />
    <property name="maven-repository-id" value="sonatype-nexus-staging" />
    <property name="java.vm.specification.vendor" value="Oracle Corporation" />
    <property name="ant.home" value="/opt/local/share/java/apache-ant" />
    <property name="java.runtime.version" value="1.7.0_75-b13" />
    <property name="gen.dir" value="/Users/tomerwei/Repos/PLay/closure-compiler/gen" />
    <property name="user.name" value="tomerwei" />
    <property name="ant.file.compiler" value="/Users/tomerwei/Repos/PLay/closure-compiler/build.xml" />
    <property name="build.dir" value="/Users/tomerwei/Repos/PLay/closure-compiler/build" />
    <property name="ant.build.javac.target" value="1.7" />
    <property name="user.language" value="en" />
    <property name="test.method" value="" />
    <property name="sun.boot.library.path" value="/Library/Java/JavaVirtualMachines/jdk1.7.0_75.jdk/Contents/Home/jre/lib" />
    <property name="ant.project.default-target" value="jar" />
    <property name="ant.project.name" value="compiler" />
    <property name="java.version" value="1.7.0_75" />
    <property name="user.timezone" value="" />
    <property name="sun.arch.data.model" value="64" />
    <property name="http.nonProxyHosts" value="local|*.local|169.254/16|*.169.254/16" />
    <property name="java.endorsed.dirs" value="/Library/Java/JavaVirtualMachines/jdk1.7.0_75.jdk/Contents/Home/jre/lib/endorsed" />
    <property name="sun.cpu.isalist" value="" />
    <property name="sun.jnu.encoding" value="UTF-8" />
    <property name="file.encoding.pkg" value="sun.io" />
    <property name="file.separator" value="/" />
    <property name="java.specification.name" value="Java Platform API Specification" />
    <property name="protoc.executable" value="protoc" />
    <property name="classes.dir" value="/Users/tomerwei/Repos/PLay/closure-compiler/build/classes" />
    <property name="java.class.version" value="51.0" />
    <property name="testClasses.dir" value="/Users/tomerwei/Repos/PLay/closure-compiler/build/test" />
    <property name="user.country" value="US" />
    <property name="java.home" value="/Library/Java/JavaVirtualMachines/jdk1.7.0_75.jdk/Contents/Home/jre" />
    <property name="java.vm.info" value="mixed mode" />
    <property name="externs.dir" value="/Users/tomerwei/Repos/PLay/closure-compiler/externs" />
    <property name="ant.file" value="/Users/tomerwei/Repos/PLay/closure-compiler/build.xml" />
    <property name="os.version" value="10.9.5" />
    <property name="javac.debug" value="on" />
    <property name="path.separator" value=":" />
    <property name="java.vm.version" value="24.75-b04" />
    <property name="ant.library.dir" value="/opt/local/share/java/apache-ant/lib" />
    <property name="java.awt.printerjob" value="sun.lwawt.macosx.CPrinterJob" />
    <property name="webservice-jarfile" value="/Users/tomerwei/Repos/PLay/closure-compiler/build/webservice.jar" />
    <property name="sun.io.unicode.encoding" value="UnicodeBig" />
    <property name="test.fork" value="true" />
    <property name="webservice.dir" value="/Users/tomerwei/Repos/PLay/closure-compiler/src/com/google/javascript/jscomp/webservice" />
    <property name="awt.toolkit" value="sun.lwawt.macosx.LWCToolkit" />
    <property name="buildlib.dir" value="/Users/tomerwei/Repos/PLay/closure-compiler/build/lib" />
    <property name="socksNonProxyHosts" value="local|*.local|169.254/16|*.169.254/16" />
    <property name="ftp.nonProxyHosts" value="local|*.local|169.254/16|*.169.254/16" />
    <property name="ant.build.javac.source" value="1.7" />
    <property name="refasterjs.dir" value="/Users/tomerwei/Repos/PLay/closure-compiler/src/com/google/javascript/refactoring" />
    <property name="user.home" value="/Users/tomerwei" />
    <property name="java.specification.vendor" value="Oracle Corporation" />
    <property name="test.dir" value="/Users/tomerwei/Repos/PLay/closure-compiler/test" />
    <property name="java.library.path" value="/Users/tomerwei/Library/Java/Extensions:/Library/Java/Extensions:/Network/Library/Java/Extensions:/System/Library/Java/Extensions:/usr/lib/java:." />
    <property name="java.vendor.url" value="http://java.oracle.com/" />
    <property name="java.vm.vendor" value="Oracle Corporation" />
    <property name="gopherProxySet" value="false" />
    <property name="build.relVersion" value="v20150126-162-g55aa491" />
    <property name="java.runtime.name" value="Java(TM) SE Runtime Environment" />
    <property name="sun.java.command" value="org.apache.tools.ant.taskdefs.optional.junit.JUnitTestRunner testsfile=/Users/tomerwei/Repos/PLay/closure-compiler/junittestcases5320804302362041037.properties skipNonTests=false filtertrace=true haltOnError=false haltOnFailure=false formatter=org.apache.tools.ant.taskdefs.optional.junit.SummaryJUnitResultFormatter showoutput=true outputtoformatters=true logfailedtests=true threadid=0 logtestlistenerevents=false formatter=org.apache.tools.ant.taskdefs.optional.junit.BriefJUnitResultFormatter formatter=org.apache.tools.ant.taskdefs.optional.junit.XMLJUnitResultFormatter,/Users/tomerwei/Repos/PLay/closure-compiler/build/testoutput/IGNORETHIS.xml crashfile=/Users/tomerwei/Repos/PLay/closure-compiler/junitvmwatcher5819990703841375885.properties propsfile=/Users/tomerwei/Repos/PLay/closure-compiler/junit642073203518458064.properties" />
    <property name="java.class.path" value="/Users/tomerwei/Repos/PLay/closure-compiler/build/classes:/Users/tomerwei/Repos/PLay/closure-compiler/lib/ant-launcher.jar:/Users/tomerwei/Repos/PLay/closure-compiler/lib/ant.jar:/Users/tomerwei/Repos/PLay/closure-compiler/lib/args4j.jar:/Users/tomerwei/Repos/PLay/closure-compiler/lib/gson.jar:/Users/tomerwei/Repos/PLay/closure-compiler/lib/guava.jar:/Users/tomerwei/Repos/PLay/closure-compiler/lib/jsr305.jar:/Users/tomerwei/Repos/PLay/closure-compiler/lib/junit.jar:/Users/tomerwei/Repos/PLay/closure-compiler/lib/protobuf-java.jar:/Users/tomerwei/Repos/PLay/closure-compiler/lib/truth.jar:/Users/tomerwei/Repos/PLay/closure-compiler/build/test:/opt/local/share/java/apache-ant/lib/ant-launcher.jar:/opt/local/share/java/apache-ant/lib/ant.jar:/opt/local/share/java/apache-ant/lib/ant-junit.jar:/opt/local/share/java/apache-ant/lib/ant-junit4.jar" />
    <property name="ant.version" value="Apache Ant(TM) version 1.9.4 compiled on April 29 2014" />
    <property name="test.class" value="*Test" />
    <property name="java.vm.specification.name" value="Java Virtual Machine Specification" />
    <property name="ant.file.type" value="file" />
    <property name="java.vm.specification.version" value="1.7" />
    <property name="sun.cpu.endian" value="little" />
    <property name="sun.os.patch.level" value="unknown" />
    <property name="java.io.tmpdir" value="/var/folders/f6/3011v4610sd8c89rtjf_9j9m0000gn/T/" />
    <property name="java.vendor.url.bug" value="http://bugreport.sun.com/bugreport/" />
    <property name="java.awt.graphicsenv" value="sun.awt.CGraphicsEnvironment" />
    <property name="maven-repository-url" value="https://oss.sonatype.org/service/local/staging/deploy/maven2/" />
    <property name="os.arch" value="x86_64" />
    <property name="webservice-classes.dir" value="/Users/tomerwei/Repos/PLay/closure-compiler/build/webservice-classes" />
    <property name="java.ext.dirs" value="/Users/tomerwei/Library/Java/Extensions:/Library/Java/JavaVirtualMachines/jdk1.7.0_75.jdk/Contents/Home/jre/lib/ext:/Library/Java/Extensions:/Network/Library/Java/Extensions:/System/Library/Java/Extensions:/usr/lib/java" />
    <property name="user.dir" value="/Users/tomerwei/Repos/PLay/closure-compiler" />
    <property name="ant.file.type.compiler" value="file" />
    <property name="line.separator" value="&#xa;" />
    <property name="java.vm.name" value="Java HotSpot(TM) 64-Bit Server VM" />
    <property name="refasterjs-classes.dir" value="/Users/tomerwei/Repos/PLay/closure-compiler/build/refasterjs-classes" />
    <property name="basedir" value="/Users/tomerwei/Repos/PLay/closure-compiler" />
    <property name="ant.java.version" value="1.7" />
    <property name="ant.core.lib" value="/opt/local/share/java/apache-ant/lib/ant.jar" />
    <property name="file.encoding" value="UTF-8" />
    <property name="closure.build.dir" value="/Users/tomerwei/Repos/PLay/closure-compiler/build" />
    <property name="compiler-jarfile" value="/Users/tomerwei/Repos/PLay/closure-compiler/build/compiler.jar" />
    <property name="java.specification.version" value="1.7" />
    <property name="src.dir" value="/Users/tomerwei/Repos/PLay/closure-compiler/src" />
    <property name="ant.project.invoked-targets" value="clean,compile,compile-tests,test" />
    <property name="javadoc.dir" value="/Users/tomerwei/Repos/PLay/closure-compiler/build/javadoc" />
    <property name="tools.dir" value="/Users/tomerwei/Repos/PLay/closure-compiler/tools" />
  </properties>
  <testcase classname="com.google.javascript.jscomp.ClosureRewriteModuleTest" name="testBasic2" time="0.001">
    <failure message="Unexpected error(s): JSC_INVALID_CLOSURE_CALL_ERROR. Closure dependency methods(goog.provide, goog.require, etc) must be called at file scope. at testcode line 1 : 28 expected:&lt;0&gt; but was:&lt;1&gt;" type="junit.framework.AssertionFailedError">junit.framework.AssertionFailedError: Unexpected error(s): JSC_INVALID_CLOSURE_CALL_ERROR. Closure dependency methods(goog.provide, goog.require, etc) must be called at file scope. at testcode line 1 : 28 expected:&lt;0&gt; but was:&lt;1&gt;
	at com.google.javascript.jscomp.CompilerTestCase.test(CompilerTestCase.java:1070)
	at com.google.javascript.jscomp.CompilerTestCase.test(CompilerTestCase.java:935)
	at com.google.javascript.jscomp.CompilerTestCase.test(CompilerTestCase.java:543)
	at com.google.javascript.jscomp.CompilerTestCase.test(CompilerTestCase.java:509)
	at com.google.javascript.jscomp.CompilerTestCase.test(CompilerTestCase.java:450)
	at com.google.javascript.jscomp.CompilerTestCase.test(CompilerTestCase.java:408)
	at com.google.javascript.jscomp.ClosureRewriteModuleTest.testBasic2(ClosureRewriteModuleTest.java:61)
</failure>
  </testcase>
  <testcase classname="com.google.javascript.jscomp.ClosureRewriteModuleTest" name="testBasic1" time="0.002" />
  <testcase classname="com.google.javascript.jscomp.ClosureRewriteModuleTest" name="testDeclareLegacyNamespace" time="0.002">
    <failure message="Unexpected error(s): JSC_INVALID_CLOSURE_CALL_ERROR. Closure dependency methods(goog.provide, goog.require, etc) must be called at file scope. at testcode line 1 : 65 expected:&lt;0&gt; but was:&lt;1&gt;" type="junit.framework.AssertionFailedError">junit.framework.AssertionFailedError: Unexpected error(s): JSC_INVALID_CLOSURE_CALL_ERROR. Closure dependency methods(goog.provide, goog.require, etc) must be called at file scope. at testcode line 1 : 65 expected:&lt;0&gt; but was:&lt;1&gt;
	at com.google.javascript.jscomp.CompilerTestCase.test(CompilerTestCase.java:1070)
	at com.google.javascript.jscomp.CompilerTestCase.test(CompilerTestCase.java:935)
	at com.google.javascript.jscomp.CompilerTestCase.test(CompilerTestCase.java:543)
	at com.google.javascript.jscomp.CompilerTestCase.test(CompilerTestCase.java:509)
	at com.google.javascript.jscomp.CompilerTestCase.test(CompilerTestCase.java:450)
	at com.google.javascript.jscomp.CompilerTestCase.test(CompilerTestCase.java:408)
	at com.google.javascript.jscomp.ClosureRewriteModuleTest.testDeclareLegacyNamespace(ClosureRewriteModuleTest.java:73)
</failure>
  </testcase>
  <testcase classname="com.google.javascript.jscomp.ClosureRewriteModuleTest" name="testBasic0" time="0.002">
    <failure message="&#xa;Expected: goog.provide(&quot;a&quot;)&#xa;Result:   var a={}&#xa;Node tree inequality:&#xa;Expected tree:&#xa;BLOCK [synthetic: 1]&#xa;    SCRIPT 1 [synthetic: 1] [source_file: expected0] [input_id: InputId: expected0]&#xa;        EXPR_RESULT 1 [source_file: expected0]&#xa;            CALL 1 [source_file: expected0]&#xa;                GETPROP 1 [source_file: expected0]&#xa;                    NAME goog 1 [source_file: expected0]&#xa;                    STRING provide 1 [source_file: expected0]&#xa;                STRING a 1 [source_file: expected0]&#xa;&#xa;&#xa;Actual tree:&#xa;BLOCK [synthetic: 1]&#xa;    SCRIPT 1 [synthetic: 1] [source_file: testcode] [input_id: InputId: testcode]&#xa;        VAR 1 [is_namespace: 1] [source_file: testcode]&#xa;            NAME a 1 [jsdoc_info: JSDocInfo] [source_file: testcode]&#xa;                OBJECTLIT 1 [source_file: testcode] : {}&#xa;&#xa;&#xa;Expected subtree: EXPR_RESULT 1 [source_file: expected0]&#xa;    CALL 1 [source_file: expected0]&#xa;        GETPROP 1 [source_file: expected0]&#xa;            NAME goog 1 [source_file: expected0]&#xa;            STRING provide 1 [source_file: expected0]&#xa;        STRING a 1 [source_file: expected0]&#xa;&#xa;&#xa;Actual subtree: VAR 1 [is_namespace: 1] [source_file: testcode]&#xa;    NAME a 1 [jsdoc_info: JSDocInfo] [source_file: testcode]&#xa;        OBJECTLIT 1 [source_file: testcode] : {}&#xa;" type="junit.framework.AssertionFailedError">junit.framework.AssertionFailedError: 
Expected: goog.provide(&quot;a&quot;)
Result:   var a={}
Node tree inequality:
Expected tree:
BLOCK [synthetic: 1]
    SCRIPT 1 [synthetic: 1] [source_file: expected0] [input_id: InputId: expected0]
        EXPR_RESULT 1 [source_file: expected0]
            CALL 1 [source_file: expected0]
                GETPROP 1 [source_file: expected0]
                    NAME goog 1 [source_file: expected0]
                    STRING provide 1 [source_file: expected0]
                STRING a 1 [source_file: expected0]


Actual tree:
BLOCK [synthetic: 1]
    SCRIPT 1 [synthetic: 1] [source_file: testcode] [input_id: InputId: testcode]
        VAR 1 [is_namespace: 1] [source_file: testcode]
            NAME a 1 [jsdoc_info: JSDocInfo] [source_file: testcode]
                OBJECTLIT 1 [source_file: testcode] : {}


Expected subtree: EXPR_RESULT 1 [source_file: expected0]
    CALL 1 [source_file: expected0]
        GETPROP 1 [source_file: expected0]
            NAME goog 1 [source_file: expected0]
            STRING provide 1 [source_file: expected0]
        STRING a 1 [source_file: expected0]


Actual subtree: VAR 1 [is_namespace: 1] [source_file: testcode]
    NAME a 1 [jsdoc_info: JSDocInfo] [source_file: testcode]
        OBJECTLIT 1 [source_file: testcode] : {}

	at com.google.javascript.jscomp.CompilerTestCase.test(CompilerTestCase.java:1161)
	at com.google.javascript.jscomp.CompilerTestCase.test(CompilerTestCase.java:935)
	at com.google.javascript.jscomp.CompilerTestCase.test(CompilerTestCase.java:543)
	at com.google.javascript.jscomp.CompilerTestCase.test(CompilerTestCase.java:509)
	at com.google.javascript.jscomp.CompilerTestCase.test(CompilerTestCase.java:450)
	at com.google.javascript.jscomp.CompilerTestCase.test(CompilerTestCase.java:408)
	at com.google.javascript.jscomp.CompilerTestCase.testSame(CompilerTestCase.java:741)
	at com.google.javascript.jscomp.ClosureRewriteModuleTest.testBasic0(ClosureRewriteModuleTest.java:49)
</failure>
  </testcase>
  <testcase classname="com.google.javascript.jscomp.ClosureRewriteModuleTest" name="testBundle1" time="0.002">
    <failure message="Unexpected error(s): JSC_INVALID_CLOSURE_CALL_ERROR. Closure dependency methods(goog.provide, goog.require, etc) must be called at file scope. at testcode line 1 : 63 expected:&lt;0&gt; but was:&lt;1&gt;" type="junit.framework.AssertionFailedError">junit.framework.AssertionFailedError: Unexpected error(s): JSC_INVALID_CLOSURE_CALL_ERROR. Closure dependency methods(goog.provide, goog.require, etc) must be called at file scope. at testcode line 1 : 63 expected:&lt;0&gt; but was:&lt;1&gt;
	at com.google.javascript.jscomp.CompilerTestCase.test(CompilerTestCase.java:1070)
	at com.google.javascript.jscomp.CompilerTestCase.test(CompilerTestCase.java:935)
	at com.google.javascript.jscomp.CompilerTestCase.test(CompilerTestCase.java:543)
	at com.google.javascript.jscomp.CompilerTestCase.test(CompilerTestCase.java:509)
	at com.google.javascript.jscomp.CompilerTestCase.test(CompilerTestCase.java:450)
	at com.google.javascript.jscomp.CompilerTestCase.test(CompilerTestCase.java:408)
	at com.google.javascript.jscomp.ClosureRewriteModuleTest.testBundle1(ClosureRewriteModuleTest.java:86)
</failure>
  </testcase>
  <testcase classname="com.google.javascript.jscomp.ClosureRewriteModuleTest" name="testBundle2" time="0.002">
    <failure message="Unexpected error(s): JSC_INVALID_CLOSURE_CALL_ERROR. Closure dependency methods(goog.provide, goog.require, etc) must be called at file scope. at testcode line 1 : 63&#xa;JSC_INVALID_CLOSURE_CALL_ERROR. Closure dependency methods(goog.provide, goog.require, etc) must be called at file scope. at testcode line 1 : 165 expected:&lt;0&gt; but was:&lt;2&gt;" type="junit.framework.AssertionFailedError">junit.framework.AssertionFailedError: Unexpected error(s): JSC_INVALID_CLOSURE_CALL_ERROR. Closure dependency methods(goog.provide, goog.require, etc) must be called at file scope. at testcode line 1 : 63
JSC_INVALID_CLOSURE_CALL_ERROR. Closure dependency methods(goog.provide, goog.require, etc) must be called at file scope. at testcode line 1 : 165 expected:&lt;0&gt; but was:&lt;2&gt;
	at com.google.javascript.jscomp.CompilerTestCase.test(CompilerTestCase.java:1070)
	at com.google.javascript.jscomp.CompilerTestCase.test(CompilerTestCase.java:935)
	at com.google.javascript.jscomp.CompilerTestCase.test(CompilerTestCase.java:543)
	at com.google.javascript.jscomp.CompilerTestCase.test(CompilerTestCase.java:509)
	at com.google.javascript.jscomp.CompilerTestCase.test(CompilerTestCase.java:450)
	at com.google.javascript.jscomp.CompilerTestCase.test(CompilerTestCase.java:408)
	at com.google.javascript.jscomp.ClosureRewriteModuleTest.testBundle2(ClosureRewriteModuleTest.java:100)
</failure>
  </testcase>
  <testcase classname="com.google.javascript.jscomp.ClosureRewriteModuleTest" name="testBundle3" time="0.002">
    <failure message="Unexpected error(s): JSC_INVALID_CLOSURE_CALL_ERROR. Closure dependency methods(goog.provide, goog.require, etc) must be called at file scope. at testcode line 1 : 113 expected:&lt;0&gt; but was:&lt;1&gt;" type="junit.framework.AssertionFailedError">junit.framework.AssertionFailedError: Unexpected error(s): JSC_INVALID_CLOSURE_CALL_ERROR. Closure dependency methods(goog.provide, goog.require, etc) must be called at file scope. at testcode line 1 : 113 expected:&lt;0&gt; but was:&lt;1&gt;
	at com.google.javascript.jscomp.CompilerTestCase.test(CompilerTestCase.java:1070)
	at com.google.javascript.jscomp.CompilerTestCase.test(CompilerTestCase.java:935)
	at com.google.javascript.jscomp.CompilerTestCase.test(CompilerTestCase.java:543)
	at com.google.javascript.jscomp.CompilerTestCase.test(CompilerTestCase.java:509)
	at com.google.javascript.jscomp.CompilerTestCase.test(CompilerTestCase.java:450)
	at com.google.javascript.jscomp.CompilerTestCase.test(CompilerTestCase.java:408)
	at com.google.javascript.jscomp.ClosureRewriteModuleTest.testBundle3(ClosureRewriteModuleTest.java:123)
</failure>
  </testcase>
  <testcase classname="com.google.javascript.jscomp.ClosureRewriteModuleTest" name="testBundle4" time="0.001">
    <failure message="Unexpected error(s): JSC_INVALID_CLOSURE_CALL_ERROR. Closure dependency methods(goog.provide, goog.require, etc) must be called at file scope. at testcode line 1 : 76 expected:&lt;0&gt; but was:&lt;1&gt;" type="junit.framework.AssertionFailedError">junit.framework.AssertionFailedError: Unexpected error(s): JSC_INVALID_CLOSURE_CALL_ERROR. Closure dependency methods(goog.provide, goog.require, etc) must be called at file scope. at testcode line 1 : 76 expected:&lt;0&gt; but was:&lt;1&gt;
	at com.google.javascript.jscomp.CompilerTestCase.test(CompilerTestCase.java:1070)
	at com.google.javascript.jscomp.CompilerTestCase.test(CompilerTestCase.java:935)
	at com.google.javascript.jscomp.CompilerTestCase.test(CompilerTestCase.java:543)
	at com.google.javascript.jscomp.CompilerTestCase.test(CompilerTestCase.java:509)
	at com.google.javascript.jscomp.CompilerTestCase.test(CompilerTestCase.java:450)
	at com.google.javascript.jscomp.CompilerTestCase.test(CompilerTestCase.java:408)
	at com.google.javascript.jscomp.ClosureRewriteModuleTest.testBundle4(ClosureRewriteModuleTest.java:139)
</failure>
  </testcase>
  <testcase classname="com.google.javascript.jscomp.ClosureRewriteModuleTest" name="testBundle5" time="0.002">
    <failure message="Unexpected error(s): JSC_INVALID_CLOSURE_CALL_ERROR. Closure dependency methods(goog.provide, goog.require, etc) must be called at file scope. at testcode line 1 : 118 expected:&lt;0&gt; but was:&lt;1&gt;" type="junit.framework.AssertionFailedError">junit.framework.AssertionFailedError: Unexpected error(s): JSC_INVALID_CLOSURE_CALL_ERROR. Closure dependency methods(goog.provide, goog.require, etc) must be called at file scope. at testcode line 1 : 118 expected:&lt;0&gt; but was:&lt;1&gt;
	at com.google.javascript.jscomp.CompilerTestCase.test(CompilerTestCase.java:1070)
	at com.google.javascript.jscomp.CompilerTestCase.test(CompilerTestCase.java:935)
	at com.google.javascript.jscomp.CompilerTestCase.test(CompilerTestCase.java:543)
	at com.google.javascript.jscomp.CompilerTestCase.test(CompilerTestCase.java:509)
	at com.google.javascript.jscomp.CompilerTestCase.test(CompilerTestCase.java:450)
	at com.google.javascript.jscomp.CompilerTestCase.test(CompilerTestCase.java:408)
	at com.google.javascript.jscomp.ClosureRewriteModuleTest.testBundle5(ClosureRewriteModuleTest.java:154)
</failure>
  </testcase>
  <testcase classname="com.google.javascript.jscomp.ClosureRewriteModuleTest" name="testAliasShadowsGlobal1" time="0.001">
    <failure message="Unexpected error(s): JSC_INVALID_CLOSURE_CALL_ERROR. Closure dependency methods(goog.provide, goog.require, etc) must be called at file scope. at testcode line 1 : 26 expected:&lt;0&gt; but was:&lt;1&gt;" type="junit.framework.AssertionFailedError">junit.framework.AssertionFailedError: Unexpected error(s): JSC_INVALID_CLOSURE_CALL_ERROR. Closure dependency methods(goog.provide, goog.require, etc) must be called at file scope. at testcode line 1 : 26 expected:&lt;0&gt; but was:&lt;1&gt;
	at com.google.javascript.jscomp.CompilerTestCase.test(CompilerTestCase.java:1070)
	at com.google.javascript.jscomp.CompilerTestCase.test(CompilerTestCase.java:935)
	at com.google.javascript.jscomp.CompilerTestCase.test(CompilerTestCase.java:543)
	at com.google.javascript.jscomp.CompilerTestCase.test(CompilerTestCase.java:509)
	at com.google.javascript.jscomp.CompilerTestCase.test(CompilerTestCase.java:450)
	at com.google.javascript.jscomp.CompilerTestCase.test(CompilerTestCase.java:408)
	at com.google.javascript.jscomp.ClosureRewriteModuleTest.testAliasShadowsGlobal1(ClosureRewriteModuleTest.java:178)
</failure>
  </testcase>
  <testcase classname="com.google.javascript.jscomp.ClosureRewriteModuleTest" name="testAliasShadowsGlobal2" time="0.001">
    <failure message="Unexpected error(s): JSC_MISSING_PROVIDE_ERROR. required &quot;b&quot; namespace never provided at testcode line 1 : 18 expected:&lt;0&gt; but was:&lt;1&gt;" type="junit.framework.AssertionFailedError">junit.framework.AssertionFailedError: Unexpected error(s): JSC_MISSING_PROVIDE_ERROR. required &quot;b&quot; namespace never provided at testcode line 1 : 18 expected:&lt;0&gt; but was:&lt;1&gt;
	at com.google.javascript.jscomp.CompilerTestCase.test(CompilerTestCase.java:1070)
	at com.google.javascript.jscomp.CompilerTestCase.test(CompilerTestCase.java:935)
	at com.google.javascript.jscomp.CompilerTestCase.test(CompilerTestCase.java:543)
	at com.google.javascript.jscomp.CompilerTestCase.test(CompilerTestCase.java:509)
	at com.google.javascript.jscomp.CompilerTestCase.test(CompilerTestCase.java:450)
	at com.google.javascript.jscomp.CompilerTestCase.test(CompilerTestCase.java:408)
	at com.google.javascript.jscomp.ClosureRewriteModuleTest.testAliasShadowsGlobal2(ClosureRewriteModuleTest.java:188)
</failure>
  </testcase>
  <testcase classname="com.google.javascript.jscomp.ClosureRewriteModuleTest" name="testAliasShadowsGlobal3" time="0.001">
    <failure message="Unexpected error(s): JSC_MISSING_PROVIDE_ERROR. required &quot;b.c&quot; namespace never provided at testcode line 1 : 20 expected:&lt;0&gt; but was:&lt;1&gt;" type="junit.framework.AssertionFailedError">junit.framework.AssertionFailedError: Unexpected error(s): JSC_MISSING_PROVIDE_ERROR. required &quot;b.c&quot; namespace never provided at testcode line 1 : 20 expected:&lt;0&gt; but was:&lt;1&gt;
	at com.google.javascript.jscomp.CompilerTestCase.test(CompilerTestCase.java:1070)
	at com.google.javascript.jscomp.CompilerTestCase.test(CompilerTestCase.java:935)
	at com.google.javascript.jscomp.CompilerTestCase.test(CompilerTestCase.java:543)
	at com.google.javascript.jscomp.CompilerTestCase.test(CompilerTestCase.java:509)
	at com.google.javascript.jscomp.CompilerTestCase.test(CompilerTestCase.java:450)
	at com.google.javascript.jscomp.CompilerTestCase.test(CompilerTestCase.java:408)
	at com.google.javascript.jscomp.ClosureRewriteModuleTest.testAliasShadowsGlobal3(ClosureRewriteModuleTest.java:198)
</failure>
  </testcase>
  <testcase classname="com.google.javascript.jscomp.ClosureRewriteModuleTest" name="testThis" time="0.002" />
  <testcase classname="com.google.javascript.jscomp.ClosureRewriteModuleTest" name="testInvalidModule" time="0.0" />
  <testcase classname="com.google.javascript.jscomp.ClosureRewriteModuleTest" name="testInvalidRequire" time="0.001">
    <failure message="There should be one error. method &quot;goog.require&quot; called with invalid argument&#xa;goog.require parameter must be a string literal.&#xa; expected:&lt;1&gt; but was:&lt;2&gt;" type="junit.framework.AssertionFailedError">junit.framework.AssertionFailedError: There should be one error. method &quot;goog.require&quot; called with invalid argument
goog.require parameter must be a string literal.
 expected:&lt;1&gt; but was:&lt;2&gt;
	at com.google.javascript.jscomp.CompilerTestCase.test(CompilerTestCase.java:1214)
	at com.google.javascript.jscomp.CompilerTestCase.test(CompilerTestCase.java:929)
	at com.google.javascript.jscomp.CompilerTestCase.test(CompilerTestCase.java:543)
	at com.google.javascript.jscomp.CompilerTestCase.test(CompilerTestCase.java:509)
	at com.google.javascript.jscomp.CompilerTestCase.test(CompilerTestCase.java:450)
	at com.google.javascript.jscomp.CompilerTestCase.testSame(CompilerTestCase.java:765)
	at com.google.javascript.jscomp.ClosureRewriteModuleTest.testInvalidRequire(ClosureRewriteModuleTest.java:222)
</failure>
  </testcase>
  <testcase classname="com.google.javascript.jscomp.ClosureRewriteModuleTest" name="testGoogModuleGet1" time="0.002" />
  <testcase classname="com.google.javascript.jscomp.ClosureRewriteModuleTest" name="testGoogModuleGet2" time="0.001" />
  <testcase classname="com.google.javascript.jscomp.ClosureRewriteModuleTest" name="testInvalidGoogModuleGet1" time="0.0" />
  <testcase classname="com.google.javascript.jscomp.ClosureRewriteModuleTest" name="testInvalidGoogModuleGet2" time="0.0" />
  <testcase classname="com.google.javascript.jscomp.ClosureRewriteModuleTest" name="testExport1" time="0.001" />
  <testcase classname="com.google.javascript.jscomp.ClosureRewriteModuleTest" name="testExport2" time="0.001" />
  <testcase classname="com.google.javascript.jscomp.ClosureRewriteModuleTest" name="testExport3" time="0.005" />
  <testcase classname="com.google.javascript.jscomp.ClosureRewriteModuleTest" name="testExport4" time="0.003" />
  <testcase classname="com.google.javascript.jscomp.ClosureRewriteModuleTest" name="testExport5" time="0.002" />
  <testcase classname="com.google.javascript.jscomp.ClosureRewriteModuleTest" name="testExport6" time="0.001" />
  <testcase classname="com.google.javascript.jscomp.ClosureRewriteModuleTest" name="testRequiresRetainOrder" time="0.001">
    <failure message="Unexpected error(s): JSC_INVALID_CLOSURE_CALL_ERROR. Closure dependency methods(goog.provide, goog.require, etc) must be called at file scope. at testcode line 1 : 28&#xa;JSC_INVALID_CLOSURE_CALL_ERROR. Closure dependency methods(goog.provide, goog.require, etc) must be called at file scope. at testcode line 1 : 57 expected:&lt;0&gt; but was:&lt;2&gt;" type="junit.framework.AssertionFailedError">junit.framework.AssertionFailedError: Unexpected error(s): JSC_INVALID_CLOSURE_CALL_ERROR. Closure dependency methods(goog.provide, goog.require, etc) must be called at file scope. at testcode line 1 : 28
JSC_INVALID_CLOSURE_CALL_ERROR. Closure dependency methods(goog.provide, goog.require, etc) must be called at file scope. at testcode line 1 : 57 expected:&lt;0&gt; but was:&lt;2&gt;
	at com.google.javascript.jscomp.CompilerTestCase.test(CompilerTestCase.java:1070)
	at com.google.javascript.jscomp.CompilerTestCase.test(CompilerTestCase.java:935)
	at com.google.javascript.jscomp.CompilerTestCase.test(CompilerTestCase.java:543)
	at com.google.javascript.jscomp.CompilerTestCase.test(CompilerTestCase.java:509)
	at com.google.javascript.jscomp.CompilerTestCase.test(CompilerTestCase.java:450)
	at com.google.javascript.jscomp.CompilerTestCase.test(CompilerTestCase.java:408)
	at com.google.javascript.jscomp.ClosureRewriteModuleTest.testRequiresRetainOrder(ClosureRewriteModuleTest.java:330)
</failure>
  </testcase>
  <testcase classname="com.google.javascript.jscomp.ClosureRewriteModuleTest" name="testSetTestOnly" time="0.002">
    <failure message="Unexpected error(s): JSC_INVALID_CLOSURE_CALL_ERROR. Closure dependency methods(goog.provide, goog.require, etc) must be called at file scope. at testcode line 1 : 47 expected:&lt;0&gt; but was:&lt;1&gt;" type="junit.framework.AssertionFailedError">junit.framework.AssertionFailedError: Unexpected error(s): JSC_INVALID_CLOSURE_CALL_ERROR. Closure dependency methods(goog.provide, goog.require, etc) must be called at file scope. at testcode line 1 : 47 expected:&lt;0&gt; but was:&lt;1&gt;
	at com.google.javascript.jscomp.CompilerTestCase.test(CompilerTestCase.java:1070)
	at com.google.javascript.jscomp.CompilerTestCase.test(CompilerTestCase.java:935)
	at com.google.javascript.jscomp.CompilerTestCase.test(CompilerTestCase.java:543)
	at com.google.javascript.jscomp.CompilerTestCase.test(CompilerTestCase.java:509)
	at com.google.javascript.jscomp.CompilerTestCase.test(CompilerTestCase.java:450)
	at com.google.javascript.jscomp.CompilerTestCase.test(CompilerTestCase.java:408)
	at com.google.javascript.jscomp.ClosureRewriteModuleTest.testSetTestOnly(ClosureRewriteModuleTest.java:345)
</failure>
  </testcase>
  <system-out><![CDATA[]]></system-out>
  <system-err><![CDATA[]]></system-err>
</testsuite>
