<?xml version="1.0" encoding="UTF-8" ?>
<testsuite errors="0" failures="3" hostname="cs-210-206.cs.ucla.edu" name="com.google.javascript.jscomp.AmbiguatePropertiesTest" skipped="0" tests="41" time="0.719" timestamp="2015-03-09T03:17:07">
  <properties>
    <property name="java.vendor" value="Oracle Corporation" />
    <property name="lib.dir" value="/Users/linmanna/Documents/proj/UCLA-CS-239-Winter-2015/Part_B/Benchmark/closure-compiler/lib" />
    <property name="refasterjs-jarfile" value="/Users/linmanna/Documents/proj/UCLA-CS-239-Winter-2015/Part_B/Benchmark/closure-compiler/build/refasterjs.jar" />
    <property name="sun.java.launcher" value="SUN_STANDARD" />
    <property name="sun.management.compiler" value="HotSpot 64-Bit Tiered Compilers" />
    <property name="os.name" value="Mac OS X" />
    <property name="sun.boot.class.path" value="/Library/Java/JavaVirtualMachines/jdk1.7.0_75.jdk/Contents/Home/jre/lib/resources.jar:/Library/Java/JavaVirtualMachines/jdk1.7.0_75.jdk/Contents/Home/jre/lib/rt.jar:/Library/Java/JavaVirtualMachines/jdk1.7.0_75.jdk/Contents/Home/jre/lib/sunrsasign.jar:/Library/Java/JavaVirtualMachines/jdk1.7.0_75.jdk/Contents/Home/jre/lib/jsse.jar:/Library/Java/JavaVirtualMachines/jdk1.7.0_75.jdk/Contents/Home/jre/lib/jce.jar:/Library/Java/JavaVirtualMachines/jdk1.7.0_75.jdk/Contents/Home/jre/lib/charsets.jar:/Library/Java/JavaVirtualMachines/jdk1.7.0_75.jdk/Contents/Home/jre/lib/jfr.jar:/Library/Java/JavaVirtualMachines/jdk1.7.0_75.jdk/Contents/Home/jre/classes" />
    <property name="maven-repository-id" value="sonatype-nexus-staging" />
    <property name="java.vm.specification.vendor" value="Oracle Corporation" />
    <property name="ant.home" value="//Users/linmanna/ant" />
    <property name="java.runtime.version" value="1.7.0_75-b13" />
    <property name="gen.dir" value="/Users/linmanna/Documents/proj/UCLA-CS-239-Winter-2015/Part_B/Benchmark/closure-compiler/gen" />
    <property name="user.name" value="linmanna" />
    <property name="ant.file.compiler" value="/Users/linmanna/Documents/proj/UCLA-CS-239-Winter-2015/Part_B/Benchmark/closure-compiler/build.xml" />
    <property name="build.dir" value="/Users/linmanna/Documents/proj/UCLA-CS-239-Winter-2015/Part_B/Benchmark/closure-compiler/build" />
    <property name="ant.build.javac.target" value="1.7" />
    <property name="user.language" value="zh" />
    <property name="test.method" value="" />
    <property name="sun.boot.library.path" value="/Library/Java/JavaVirtualMachines/jdk1.7.0_75.jdk/Contents/Home/jre/lib" />
    <property name="ant.project.default-target" value="jar" />
    <property name="ant.project.name" value="compiler" />
    <property name="java.version" value="1.7.0_75" />
    <property name="user.timezone" value="" />
    <property name="sun.arch.data.model" value="64" />
    <property name="http.nonProxyHosts" value="local|*.local|169.254/16|*.169.254/16" />
    <property name="java.endorsed.dirs" value="/Library/Java/JavaVirtualMachines/jdk1.7.0_75.jdk/Contents/Home/jre/lib/endorsed" />
    <property name="sun.cpu.isalist" value="" />
    <property name="sun.jnu.encoding" value="UTF-8" />
    <property name="file.encoding.pkg" value="sun.io" />
    <property name="file.separator" value="/" />
    <property name="java.specification.name" value="Java Platform API Specification" />
    <property name="protoc.executable" value="protoc" />
    <property name="classes.dir" value="/Users/linmanna/Documents/proj/UCLA-CS-239-Winter-2015/Part_B/Benchmark/closure-compiler/build/classes" />
    <property name="java.class.version" value="51.0" />
    <property name="testClasses.dir" value="/Users/linmanna/Documents/proj/UCLA-CS-239-Winter-2015/Part_B/Benchmark/closure-compiler/build/test" />
    <property name="user.country" value="CN" />
    <property name="java.home" value="/Library/Java/JavaVirtualMachines/jdk1.7.0_75.jdk/Contents/Home/jre" />
    <property name="java.vm.info" value="mixed mode" />
    <property name="externs.dir" value="/Users/linmanna/Documents/proj/UCLA-CS-239-Winter-2015/Part_B/Benchmark/closure-compiler/externs" />
    <property name="ant.file" value="/Users/linmanna/Documents/proj/UCLA-CS-239-Winter-2015/Part_B/Benchmark/closure-compiler/build.xml" />
    <property name="os.version" value="10.9.5" />
    <property name="javac.debug" value="on" />
    <property name="path.separator" value=":" />
    <property name="java.vm.version" value="24.75-b04" />
    <property name="ant.library.dir" value="//Users/linmanna/ant/lib" />
    <property name="java.awt.printerjob" value="sun.lwawt.macosx.CPrinterJob" />
    <property name="webservice-jarfile" value="/Users/linmanna/Documents/proj/UCLA-CS-239-Winter-2015/Part_B/Benchmark/closure-compiler/build/webservice.jar" />
    <property name="sun.io.unicode.encoding" value="UnicodeBig" />
    <property name="test.fork" value="true" />
    <property name="webservice.dir" value="/Users/linmanna/Documents/proj/UCLA-CS-239-Winter-2015/Part_B/Benchmark/closure-compiler/src/com/google/javascript/jscomp/webservice" />
    <property name="awt.toolkit" value="sun.lwawt.macosx.LWCToolkit" />
    <property name="buildlib.dir" value="/Users/linmanna/Documents/proj/UCLA-CS-239-Winter-2015/Part_B/Benchmark/closure-compiler/build/lib" />
    <property name="socksNonProxyHosts" value="local|*.local|169.254/16|*.169.254/16" />
    <property name="ftp.nonProxyHosts" value="local|*.local|169.254/16|*.169.254/16" />
    <property name="ant.build.javac.source" value="1.7" />
    <property name="refasterjs.dir" value="/Users/linmanna/Documents/proj/UCLA-CS-239-Winter-2015/Part_B/Benchmark/closure-compiler/src/com/google/javascript/refactoring" />
    <property name="user.home" value="/Users/linmanna" />
    <property name="java.specification.vendor" value="Oracle Corporation" />
    <property name="test.dir" value="/Users/linmanna/Documents/proj/UCLA-CS-239-Winter-2015/Part_B/Benchmark/closure-compiler/test" />
    <property name="java.library.path" value="/Users/linmanna/Library/Java/Extensions:/Library/Java/Extensions:/Network/Library/Java/Extensions:/System/Library/Java/Extensions:/usr/lib/java:." />
    <property name="java.vendor.url" value="http://java.oracle.com/" />
    <property name="java.vm.vendor" value="Oracle Corporation" />
    <property name="gopherProxySet" value="false" />
    <property name="build.relVersion" value="00e3533" />
    <property name="java.runtime.name" value="Java(TM) SE Runtime Environment" />
    <property name="sun.java.command" value="org.apache.tools.ant.taskdefs.optional.junit.JUnitTestRunner testsfile=/Users/linmanna/Documents/proj/UCLA-CS-239-Winter-2015/Part_B/Benchmark/closure-compiler/junittestcases4622356093930181862.properties skipNonTests=false filtertrace=true haltOnError=false haltOnFailure=false formatter=org.apache.tools.ant.taskdefs.optional.junit.SummaryJUnitResultFormatter showoutput=true outputtoformatters=true logfailedtests=true threadid=0 logtestlistenerevents=false formatter=org.apache.tools.ant.taskdefs.optional.junit.BriefJUnitResultFormatter formatter=org.apache.tools.ant.taskdefs.optional.junit.XMLJUnitResultFormatter,/Users/linmanna/Documents/proj/UCLA-CS-239-Winter-2015/Part_B/Benchmark/closure-compiler/build/testoutput/IGNORETHIS.xml crashfile=/Users/linmanna/Documents/proj/UCLA-CS-239-Winter-2015/Part_B/Benchmark/closure-compiler/junitvmwatcher882389895192408063.properties propsfile=/Users/linmanna/Documents/proj/UCLA-CS-239-Winter-2015/Part_B/Benchmark/closure-compiler/junit6374663990081372210.properties" />
    <property name="java.class.path" value="/Users/linmanna/Documents/proj/UCLA-CS-239-Winter-2015/Part_B/Benchmark/closure-compiler/build/classes:/Users/linmanna/Documents/proj/UCLA-CS-239-Winter-2015/Part_B/Benchmark/closure-compiler/lib/ant-launcher.jar:/Users/linmanna/Documents/proj/UCLA-CS-239-Winter-2015/Part_B/Benchmark/closure-compiler/lib/ant.jar:/Users/linmanna/Documents/proj/UCLA-CS-239-Winter-2015/Part_B/Benchmark/closure-compiler/lib/args4j.jar:/Users/linmanna/Documents/proj/UCLA-CS-239-Winter-2015/Part_B/Benchmark/closure-compiler/lib/gson.jar:/Users/linmanna/Documents/proj/UCLA-CS-239-Winter-2015/Part_B/Benchmark/closure-compiler/lib/guava.jar:/Users/linmanna/Documents/proj/UCLA-CS-239-Winter-2015/Part_B/Benchmark/closure-compiler/lib/jsr305.jar:/Users/linmanna/Documents/proj/UCLA-CS-239-Winter-2015/Part_B/Benchmark/closure-compiler/lib/junit.jar:/Users/linmanna/Documents/proj/UCLA-CS-239-Winter-2015/Part_B/Benchmark/closure-compiler/lib/protobuf-java.jar:/Users/linmanna/Documents/proj/UCLA-CS-239-Winter-2015/Part_B/Benchmark/closure-compiler/lib/truth.jar:/Users/linmanna/Documents/proj/UCLA-CS-239-Winter-2015/Part_B/Benchmark/closure-compiler/build/test:/Users/linmanna/ant/lib/ant-launcher.jar:/Users/linmanna/ant/lib/ant.jar:/Users/linmanna/ant/lib/ant-junit.jar:/Users/linmanna/ant/lib/ant-junit4.jar" />
    <property name="ant.version" value="Apache Ant(TM) version 1.9.4 compiled on April 29 2014" />
    <property name="test.class" value="*Test" />
    <property name="java.vm.specification.name" value="Java Virtual Machine Specification" />
    <property name="ant.file.type" value="file" />
    <property name="java.vm.specification.version" value="1.7" />
    <property name="sun.cpu.endian" value="little" />
    <property name="sun.os.patch.level" value="unknown" />
    <property name="java.io.tmpdir" value="/var/folders/_p/3swdt4h96dn79vyt21dtny9h0000gn/T/" />
    <property name="java.vendor.url.bug" value="http://bugreport.sun.com/bugreport/" />
    <property name="java.awt.graphicsenv" value="sun.awt.CGraphicsEnvironment" />
    <property name="maven-repository-url" value="https://oss.sonatype.org/service/local/staging/deploy/maven2/" />
    <property name="os.arch" value="x86_64" />
    <property name="webservice-classes.dir" value="/Users/linmanna/Documents/proj/UCLA-CS-239-Winter-2015/Part_B/Benchmark/closure-compiler/build/webservice-classes" />
    <property name="java.ext.dirs" value="/Users/linmanna/Library/Java/Extensions:/Library/Java/JavaVirtualMachines/jdk1.7.0_75.jdk/Contents/Home/jre/lib/ext:/Library/Java/Extensions:/Network/Library/Java/Extensions:/System/Library/Java/Extensions:/usr/lib/java" />
    <property name="user.dir" value="/Users/linmanna/Documents/proj/UCLA-CS-239-Winter-2015/Part_B/Benchmark/closure-compiler" />
    <property name="ant.file.type.compiler" value="file" />
    <property name="line.separator" value="&#xa;" />
    <property name="java.vm.name" value="Java HotSpot(TM) 64-Bit Server VM" />
    <property name="refasterjs-classes.dir" value="/Users/linmanna/Documents/proj/UCLA-CS-239-Winter-2015/Part_B/Benchmark/closure-compiler/build/refasterjs-classes" />
    <property name="basedir" value="/Users/linmanna/Documents/proj/UCLA-CS-239-Winter-2015/Part_B/Benchmark/closure-compiler" />
    <property name="ant.java.version" value="1.7" />
    <property name="ant.core.lib" value="/Users/linmanna/ant/lib/ant.jar" />
    <property name="file.encoding" value="UTF-8" />
    <property name="closure.build.dir" value="/Users/linmanna/Documents/proj/UCLA-CS-239-Winter-2015/Part_B/Benchmark/closure-compiler/build" />
    <property name="compiler-jarfile" value="/Users/linmanna/Documents/proj/UCLA-CS-239-Winter-2015/Part_B/Benchmark/closure-compiler/build/compiler.jar" />
    <property name="java.specification.version" value="1.7" />
    <property name="src.dir" value="/Users/linmanna/Documents/proj/UCLA-CS-239-Winter-2015/Part_B/Benchmark/closure-compiler/src" />
    <property name="ant.project.invoked-targets" value="clean,compile,compile-tests,test" />
    <property name="javadoc.dir" value="/Users/linmanna/Documents/proj/UCLA-CS-239-Winter-2015/Part_B/Benchmark/closure-compiler/build/javadoc" />
    <property name="tools.dir" value="/Users/linmanna/Documents/proj/UCLA-CS-239-Winter-2015/Part_B/Benchmark/closure-compiler/tools" />
  </properties>
  <testcase classname="com.google.javascript.jscomp.AmbiguatePropertiesTest" name="testOneVar2" time="0.059" />
  <testcase classname="com.google.javascript.jscomp.AmbiguatePropertiesTest" name="testOneVar1" time="0.016" />
  <testcase classname="com.google.javascript.jscomp.AmbiguatePropertiesTest" name="testOneVar3" time="0.015" />
  <testcase classname="com.google.javascript.jscomp.AmbiguatePropertiesTest" name="testOneVar4" time="0.015" />
  <testcase classname="com.google.javascript.jscomp.AmbiguatePropertiesTest" name="testTwoVar1" time="0.014" />
  <testcase classname="com.google.javascript.jscomp.AmbiguatePropertiesTest" name="testTwoVar2" time="0.013" />
  <testcase classname="com.google.javascript.jscomp.AmbiguatePropertiesTest" name="testTwoIndependentVar" time="0.013" />
  <testcase classname="com.google.javascript.jscomp.AmbiguatePropertiesTest" name="testTwoTypesTwoVar" time="0.02" />
  <testcase classname="com.google.javascript.jscomp.AmbiguatePropertiesTest" name="testUnion" time="0.016" />
  <testcase classname="com.google.javascript.jscomp.AmbiguatePropertiesTest" name="testUnions" time="0.025" />
  <testcase classname="com.google.javascript.jscomp.AmbiguatePropertiesTest" name="testExtends" time="0.018">
    <failure message="Unexpected warning(s): JSC_REFLECT_OBJECTLIT_EXPECTED. Object literal expected as second argument at testcode line 5 : 0 expected:&lt;0&gt; but was:&lt;1&gt;" type="junit.framework.AssertionFailedError">junit.framework.AssertionFailedError: Unexpected warning(s): JSC_REFLECT_OBJECTLIT_EXPECTED. Object literal expected as second argument at testcode line 5 : 0 expected:&lt;0&gt; but was:&lt;1&gt;
	at com.google.javascript.jscomp.CompilerTestCase.test(CompilerTestCase.java:1094)
	at com.google.javascript.jscomp.CompilerTestCase.test(CompilerTestCase.java:935)
	at com.google.javascript.jscomp.CompilerTestCase.test(CompilerTestCase.java:543)
	at com.google.javascript.jscomp.CompilerTestCase.test(CompilerTestCase.java:509)
	at com.google.javascript.jscomp.CompilerTestCase.test(CompilerTestCase.java:450)
	at com.google.javascript.jscomp.CompilerTestCase.test(CompilerTestCase.java:408)
	at com.google.javascript.jscomp.AmbiguatePropertiesTest.testExtends(AmbiguatePropertiesTest.java:236)
</failure>
  </testcase>
  <testcase classname="com.google.javascript.jscomp.AmbiguatePropertiesTest" name="testLotsOfVars" time="0.034" />
  <testcase classname="com.google.javascript.jscomp.AmbiguatePropertiesTest" name="testLotsOfClasses" time="0.035" />
  <testcase classname="com.google.javascript.jscomp.AmbiguatePropertiesTest" name="testFunctionType" time="0.015" />
  <testcase classname="com.google.javascript.jscomp.AmbiguatePropertiesTest" name="testPrototypePropertiesAsObjLitKeys1" time="0.014" />
  <testcase classname="com.google.javascript.jscomp.AmbiguatePropertiesTest" name="testPrototypePropertiesAsObjLitKeys2" time="0.014" />
  <testcase classname="com.google.javascript.jscomp.AmbiguatePropertiesTest" name="testQuotedPrototypeProperty" time="0.015" />
  <testcase classname="com.google.javascript.jscomp.AmbiguatePropertiesTest" name="testOverlappingOriginalAndGeneratedNames" time="0.019" />
  <testcase classname="com.google.javascript.jscomp.AmbiguatePropertiesTest" name="testPropertyAddedToObject" time="0.015" />
  <testcase classname="com.google.javascript.jscomp.AmbiguatePropertiesTest" name="testPropertyAddedToFunction" time="0.012" />
  <testcase classname="com.google.javascript.jscomp.AmbiguatePropertiesTest" name="testPropertyOfObjectOfUnknownType" time="0.012" />
  <testcase classname="com.google.javascript.jscomp.AmbiguatePropertiesTest" name="testPropertyOnParamOfUnknownType" time="0.021" />
  <testcase classname="com.google.javascript.jscomp.AmbiguatePropertiesTest" name="testSetPropertyOfGlobalThis" time="0.01" />
  <testcase classname="com.google.javascript.jscomp.AmbiguatePropertiesTest" name="testReadPropertyOfGlobalThis" time="0.011" />
  <testcase classname="com.google.javascript.jscomp.AmbiguatePropertiesTest" name="testSetQuotedPropertyOfThis" time="0.01" />
  <testcase classname="com.google.javascript.jscomp.AmbiguatePropertiesTest" name="testExternedPropertyName" time="0.016" />
  <testcase classname="com.google.javascript.jscomp.AmbiguatePropertiesTest" name="testExternedPropertyNameDefinedByObjectLiteral" time="0.009" />
  <testcase classname="com.google.javascript.jscomp.AmbiguatePropertiesTest" name="testStaticAndInstanceMethodWithSameName" time="0.011" />
  <testcase classname="com.google.javascript.jscomp.AmbiguatePropertiesTest" name="testStaticAndInstanceProperties" time="0.009" />
  <testcase classname="com.google.javascript.jscomp.AmbiguatePropertiesTest" name="testStaticAndSubInstanceProperties" time="0.011">
    <failure message="Unexpected warning(s): JSC_REFLECT_OBJECTLIT_EXPECTED. Object literal expected as second argument at testcode line 5 : 0 expected:&lt;0&gt; but was:&lt;1&gt;" type="junit.framework.AssertionFailedError">junit.framework.AssertionFailedError: Unexpected warning(s): JSC_REFLECT_OBJECTLIT_EXPECTED. Object literal expected as second argument at testcode line 5 : 0 expected:&lt;0&gt; but was:&lt;1&gt;
	at com.google.javascript.jscomp.CompilerTestCase.test(CompilerTestCase.java:1094)
	at com.google.javascript.jscomp.CompilerTestCase.test(CompilerTestCase.java:935)
	at com.google.javascript.jscomp.CompilerTestCase.test(CompilerTestCase.java:543)
	at com.google.javascript.jscomp.CompilerTestCase.test(CompilerTestCase.java:509)
	at com.google.javascript.jscomp.CompilerTestCase.test(CompilerTestCase.java:450)
	at com.google.javascript.jscomp.CompilerTestCase.test(CompilerTestCase.java:408)
	at com.google.javascript.jscomp.AmbiguatePropertiesTest.testStaticAndSubInstanceProperties(AmbiguatePropertiesTest.java:399)
</failure>
  </testcase>
  <testcase classname="com.google.javascript.jscomp.AmbiguatePropertiesTest" name="testStaticWithFunctions" time="0.05" />
  <testcase classname="com.google.javascript.jscomp.AmbiguatePropertiesTest" name="testTypeMismatch" time="0.01" />
  <testcase classname="com.google.javascript.jscomp.AmbiguatePropertiesTest" name="testRenamingMap" time="0.009" />
  <testcase classname="com.google.javascript.jscomp.AmbiguatePropertiesTest" name="testInline" time="0.016" />
  <testcase classname="com.google.javascript.jscomp.AmbiguatePropertiesTest" name="testImplementsAndExtends" time="0.017" />
  <testcase classname="com.google.javascript.jscomp.AmbiguatePropertiesTest" name="testImplementsAndExtends2" time="0.014" />
  <testcase classname="com.google.javascript.jscomp.AmbiguatePropertiesTest" name="testExtendsInterface" time="0.017" />
  <testcase classname="com.google.javascript.jscomp.AmbiguatePropertiesTest" name="testFunctionSubType" time="0.009" />
  <testcase classname="com.google.javascript.jscomp.AmbiguatePropertiesTest" name="testFunctionSubType2" time="0.011" />
  <testcase classname="com.google.javascript.jscomp.AmbiguatePropertiesTest" name="testPredeclaredType" time="0.013">
    <failure message="Unexpected warning(s): JSC_TYPE_MISMATCH. No properties on this expression&#xa;found   : (null)&#xa;required: Object at testcode line 1 : 137 expected:&lt;0&gt; but was:&lt;1&gt;" type="junit.framework.AssertionFailedError">junit.framework.AssertionFailedError: Unexpected warning(s): JSC_TYPE_MISMATCH. No properties on this expression
found   : (null)
required: Object at testcode line 1 : 137 expected:&lt;0&gt; but was:&lt;1&gt;
	at com.google.javascript.jscomp.CompilerTestCase.test(CompilerTestCase.java:1094)
	at com.google.javascript.jscomp.CompilerTestCase.test(CompilerTestCase.java:935)
	at com.google.javascript.jscomp.CompilerTestCase.test(CompilerTestCase.java:543)
	at com.google.javascript.jscomp.CompilerTestCase.test(CompilerTestCase.java:509)
	at com.google.javascript.jscomp.CompilerTestCase.test(CompilerTestCase.java:450)
	at com.google.javascript.jscomp.CompilerTestCase.test(CompilerTestCase.java:408)
	at com.google.javascript.jscomp.AmbiguatePropertiesTest.testPredeclaredType(AmbiguatePropertiesTest.java:601)
</failure>
  </testcase>
  <testcase classname="com.google.javascript.jscomp.AmbiguatePropertiesTest" name="testBug14291280" time="0.014" />
  <system-out><![CDATA[]]></system-out>
  <system-err><![CDATA[]]></system-err>
</testsuite>
