<?xml version="1.0" encoding="UTF-8" ?>
<testsuite errors="0" failures="20" hostname="cs-210-206.cs.ucla.edu" name="com.google.javascript.jscomp.CheckRequiresForConstructorsTest" skipped="0" tests="44" time="0.239" timestamp="2015-03-08T21:49:02">
  <properties>
    <property name="java.vendor" value="Oracle Corporation" />
    <property name="lib.dir" value="/Users/linmanna/Documents/proj/UCLA-CS-239-Winter-2015/Part_B/Benchmark/closure-compiler/lib" />
    <property name="refasterjs-jarfile" value="/Users/linmanna/Documents/proj/UCLA-CS-239-Winter-2015/Part_B/Benchmark/closure-compiler/build/refasterjs.jar" />
    <property name="sun.java.launcher" value="SUN_STANDARD" />
    <property name="sun.management.compiler" value="HotSpot 64-Bit Tiered Compilers" />
    <property name="os.name" value="Mac OS X" />
    <property name="sun.boot.class.path" value="/Library/Java/JavaVirtualMachines/jdk1.7.0_75.jdk/Contents/Home/jre/lib/resources.jar:/Library/Java/JavaVirtualMachines/jdk1.7.0_75.jdk/Contents/Home/jre/lib/rt.jar:/Library/Java/JavaVirtualMachines/jdk1.7.0_75.jdk/Contents/Home/jre/lib/sunrsasign.jar:/Library/Java/JavaVirtualMachines/jdk1.7.0_75.jdk/Contents/Home/jre/lib/jsse.jar:/Library/Java/JavaVirtualMachines/jdk1.7.0_75.jdk/Contents/Home/jre/lib/jce.jar:/Library/Java/JavaVirtualMachines/jdk1.7.0_75.jdk/Contents/Home/jre/lib/charsets.jar:/Library/Java/JavaVirtualMachines/jdk1.7.0_75.jdk/Contents/Home/jre/lib/jfr.jar:/Library/Java/JavaVirtualMachines/jdk1.7.0_75.jdk/Contents/Home/jre/classes" />
    <property name="maven-repository-id" value="sonatype-nexus-staging" />
    <property name="java.vm.specification.vendor" value="Oracle Corporation" />
    <property name="ant.home" value="//Users/linmanna/ant" />
    <property name="java.runtime.version" value="1.7.0_75-b13" />
    <property name="gen.dir" value="/Users/linmanna/Documents/proj/UCLA-CS-239-Winter-2015/Part_B/Benchmark/closure-compiler/gen" />
    <property name="user.name" value="linmanna" />
    <property name="ant.file.compiler" value="/Users/linmanna/Documents/proj/UCLA-CS-239-Winter-2015/Part_B/Benchmark/closure-compiler/build.xml" />
    <property name="build.dir" value="/Users/linmanna/Documents/proj/UCLA-CS-239-Winter-2015/Part_B/Benchmark/closure-compiler/build" />
    <property name="ant.build.javac.target" value="1.7" />
    <property name="user.language" value="zh" />
    <property name="test.method" value="" />
    <property name="sun.boot.library.path" value="/Library/Java/JavaVirtualMachines/jdk1.7.0_75.jdk/Contents/Home/jre/lib" />
    <property name="ant.project.default-target" value="jar" />
    <property name="ant.project.name" value="compiler" />
    <property name="java.version" value="1.7.0_75" />
    <property name="user.timezone" value="" />
    <property name="sun.arch.data.model" value="64" />
    <property name="http.nonProxyHosts" value="local|*.local|169.254/16|*.169.254/16" />
    <property name="java.endorsed.dirs" value="/Library/Java/JavaVirtualMachines/jdk1.7.0_75.jdk/Contents/Home/jre/lib/endorsed" />
    <property name="sun.cpu.isalist" value="" />
    <property name="sun.jnu.encoding" value="UTF-8" />
    <property name="file.encoding.pkg" value="sun.io" />
    <property name="file.separator" value="/" />
    <property name="java.specification.name" value="Java Platform API Specification" />
    <property name="protoc.executable" value="protoc" />
    <property name="classes.dir" value="/Users/linmanna/Documents/proj/UCLA-CS-239-Winter-2015/Part_B/Benchmark/closure-compiler/build/classes" />
    <property name="java.class.version" value="51.0" />
    <property name="testClasses.dir" value="/Users/linmanna/Documents/proj/UCLA-CS-239-Winter-2015/Part_B/Benchmark/closure-compiler/build/test" />
    <property name="user.country" value="CN" />
    <property name="java.home" value="/Library/Java/JavaVirtualMachines/jdk1.7.0_75.jdk/Contents/Home/jre" />
    <property name="java.vm.info" value="mixed mode" />
    <property name="externs.dir" value="/Users/linmanna/Documents/proj/UCLA-CS-239-Winter-2015/Part_B/Benchmark/closure-compiler/externs" />
    <property name="ant.file" value="/Users/linmanna/Documents/proj/UCLA-CS-239-Winter-2015/Part_B/Benchmark/closure-compiler/build.xml" />
    <property name="os.version" value="10.9.5" />
    <property name="javac.debug" value="on" />
    <property name="path.separator" value=":" />
    <property name="java.vm.version" value="24.75-b04" />
    <property name="ant.library.dir" value="//Users/linmanna/ant/lib" />
    <property name="java.awt.printerjob" value="sun.lwawt.macosx.CPrinterJob" />
    <property name="webservice-jarfile" value="/Users/linmanna/Documents/proj/UCLA-CS-239-Winter-2015/Part_B/Benchmark/closure-compiler/build/webservice.jar" />
    <property name="sun.io.unicode.encoding" value="UnicodeBig" />
    <property name="test.fork" value="true" />
    <property name="webservice.dir" value="/Users/linmanna/Documents/proj/UCLA-CS-239-Winter-2015/Part_B/Benchmark/closure-compiler/src/com/google/javascript/jscomp/webservice" />
    <property name="awt.toolkit" value="sun.lwawt.macosx.LWCToolkit" />
    <property name="buildlib.dir" value="/Users/linmanna/Documents/proj/UCLA-CS-239-Winter-2015/Part_B/Benchmark/closure-compiler/build/lib" />
    <property name="socksNonProxyHosts" value="local|*.local|169.254/16|*.169.254/16" />
    <property name="ftp.nonProxyHosts" value="local|*.local|169.254/16|*.169.254/16" />
    <property name="ant.build.javac.source" value="1.7" />
    <property name="refasterjs.dir" value="/Users/linmanna/Documents/proj/UCLA-CS-239-Winter-2015/Part_B/Benchmark/closure-compiler/src/com/google/javascript/refactoring" />
    <property name="user.home" value="/Users/linmanna" />
    <property name="java.specification.vendor" value="Oracle Corporation" />
    <property name="test.dir" value="/Users/linmanna/Documents/proj/UCLA-CS-239-Winter-2015/Part_B/Benchmark/closure-compiler/test" />
    <property name="java.library.path" value="/Users/linmanna/Library/Java/Extensions:/Library/Java/Extensions:/Network/Library/Java/Extensions:/System/Library/Java/Extensions:/usr/lib/java:." />
    <property name="java.vendor.url" value="http://java.oracle.com/" />
    <property name="java.vm.vendor" value="Oracle Corporation" />
    <property name="gopherProxySet" value="false" />
    <property name="build.relVersion" value="5107abc" />
    <property name="java.runtime.name" value="Java(TM) SE Runtime Environment" />
    <property name="sun.java.command" value="org.apache.tools.ant.taskdefs.optional.junit.JUnitTestRunner testsfile=/Users/linmanna/Documents/proj/UCLA-CS-239-Winter-2015/Part_B/Benchmark/closure-compiler/junittestcases5949901879760027472.properties skipNonTests=false filtertrace=true haltOnError=false haltOnFailure=false formatter=org.apache.tools.ant.taskdefs.optional.junit.SummaryJUnitResultFormatter showoutput=true outputtoformatters=true logfailedtests=true threadid=0 logtestlistenerevents=false formatter=org.apache.tools.ant.taskdefs.optional.junit.BriefJUnitResultFormatter formatter=org.apache.tools.ant.taskdefs.optional.junit.XMLJUnitResultFormatter,/Users/linmanna/Documents/proj/UCLA-CS-239-Winter-2015/Part_B/Benchmark/closure-compiler/build/testoutput/IGNORETHIS.xml crashfile=/Users/linmanna/Documents/proj/UCLA-CS-239-Winter-2015/Part_B/Benchmark/closure-compiler/junitvmwatcher5896012663290099626.properties propsfile=/Users/linmanna/Documents/proj/UCLA-CS-239-Winter-2015/Part_B/Benchmark/closure-compiler/junit3382148267101857145.properties" />
    <property name="java.class.path" value="/Users/linmanna/Documents/proj/UCLA-CS-239-Winter-2015/Part_B/Benchmark/closure-compiler/build/classes:/Users/linmanna/Documents/proj/UCLA-CS-239-Winter-2015/Part_B/Benchmark/closure-compiler/lib/ant-launcher.jar:/Users/linmanna/Documents/proj/UCLA-CS-239-Winter-2015/Part_B/Benchmark/closure-compiler/lib/ant.jar:/Users/linmanna/Documents/proj/UCLA-CS-239-Winter-2015/Part_B/Benchmark/closure-compiler/lib/args4j.jar:/Users/linmanna/Documents/proj/UCLA-CS-239-Winter-2015/Part_B/Benchmark/closure-compiler/lib/gson.jar:/Users/linmanna/Documents/proj/UCLA-CS-239-Winter-2015/Part_B/Benchmark/closure-compiler/lib/guava.jar:/Users/linmanna/Documents/proj/UCLA-CS-239-Winter-2015/Part_B/Benchmark/closure-compiler/lib/jsr305.jar:/Users/linmanna/Documents/proj/UCLA-CS-239-Winter-2015/Part_B/Benchmark/closure-compiler/lib/junit.jar:/Users/linmanna/Documents/proj/UCLA-CS-239-Winter-2015/Part_B/Benchmark/closure-compiler/lib/protobuf-java.jar:/Users/linmanna/Documents/proj/UCLA-CS-239-Winter-2015/Part_B/Benchmark/closure-compiler/lib/truth.jar:/Users/linmanna/Documents/proj/UCLA-CS-239-Winter-2015/Part_B/Benchmark/closure-compiler/build/test:/Users/linmanna/ant/lib/ant-launcher.jar:/Users/linmanna/ant/lib/ant.jar:/Users/linmanna/ant/lib/ant-junit.jar:/Users/linmanna/ant/lib/ant-junit4.jar" />
    <property name="ant.version" value="Apache Ant(TM) version 1.9.4 compiled on April 29 2014" />
    <property name="test.class" value="*Test" />
    <property name="java.vm.specification.name" value="Java Virtual Machine Specification" />
    <property name="ant.file.type" value="file" />
    <property name="java.vm.specification.version" value="1.7" />
    <property name="sun.cpu.endian" value="little" />
    <property name="sun.os.patch.level" value="unknown" />
    <property name="java.io.tmpdir" value="/var/folders/_p/3swdt4h96dn79vyt21dtny9h0000gn/T/" />
    <property name="java.vendor.url.bug" value="http://bugreport.sun.com/bugreport/" />
    <property name="java.awt.graphicsenv" value="sun.awt.CGraphicsEnvironment" />
    <property name="maven-repository-url" value="https://oss.sonatype.org/service/local/staging/deploy/maven2/" />
    <property name="os.arch" value="x86_64" />
    <property name="webservice-classes.dir" value="/Users/linmanna/Documents/proj/UCLA-CS-239-Winter-2015/Part_B/Benchmark/closure-compiler/build/webservice-classes" />
    <property name="java.ext.dirs" value="/Users/linmanna/Library/Java/Extensions:/Library/Java/JavaVirtualMachines/jdk1.7.0_75.jdk/Contents/Home/jre/lib/ext:/Library/Java/Extensions:/Network/Library/Java/Extensions:/System/Library/Java/Extensions:/usr/lib/java" />
    <property name="user.dir" value="/Users/linmanna/Documents/proj/UCLA-CS-239-Winter-2015/Part_B/Benchmark/closure-compiler" />
    <property name="ant.file.type.compiler" value="file" />
    <property name="line.separator" value="&#xa;" />
    <property name="java.vm.name" value="Java HotSpot(TM) 64-Bit Server VM" />
    <property name="refasterjs-classes.dir" value="/Users/linmanna/Documents/proj/UCLA-CS-239-Winter-2015/Part_B/Benchmark/closure-compiler/build/refasterjs-classes" />
    <property name="basedir" value="/Users/linmanna/Documents/proj/UCLA-CS-239-Winter-2015/Part_B/Benchmark/closure-compiler" />
    <property name="ant.java.version" value="1.7" />
    <property name="ant.core.lib" value="/Users/linmanna/ant/lib/ant.jar" />
    <property name="file.encoding" value="UTF-8" />
    <property name="closure.build.dir" value="/Users/linmanna/Documents/proj/UCLA-CS-239-Winter-2015/Part_B/Benchmark/closure-compiler/build" />
    <property name="compiler-jarfile" value="/Users/linmanna/Documents/proj/UCLA-CS-239-Winter-2015/Part_B/Benchmark/closure-compiler/build/compiler.jar" />
    <property name="java.specification.version" value="1.7" />
    <property name="src.dir" value="/Users/linmanna/Documents/proj/UCLA-CS-239-Winter-2015/Part_B/Benchmark/closure-compiler/src" />
    <property name="ant.project.invoked-targets" value="clean,compile,compile-tests,test" />
    <property name="javadoc.dir" value="/Users/linmanna/Documents/proj/UCLA-CS-239-Winter-2015/Part_B/Benchmark/closure-compiler/build/javadoc" />
    <property name="tools.dir" value="/Users/linmanna/Documents/proj/UCLA-CS-239-Winter-2015/Part_B/Benchmark/closure-compiler/tools" />
  </properties>
  <testcase classname="com.google.javascript.jscomp.CheckRequiresForConstructorsTest" name="testPassWithOneNew" time="0.004">
    <failure message="Unexpected error(s): JSC_MISSING_PROVIDE_ERROR. required &quot;foo.bar.goo&quot; namespace never provided at testcode line 1 : 14 expected:&lt;0&gt; but was:&lt;1&gt;" type="junit.framework.AssertionFailedError">junit.framework.AssertionFailedError: Unexpected error(s): JSC_MISSING_PROVIDE_ERROR. required &quot;foo.bar.goo&quot; namespace never provided at testcode line 1 : 14 expected:&lt;0&gt; but was:&lt;1&gt;
	at com.google.javascript.jscomp.CompilerTestCase.test(CompilerTestCase.java:1070)
	at com.google.javascript.jscomp.CompilerTestCase.test(CompilerTestCase.java:935)
	at com.google.javascript.jscomp.CompilerTestCase.test(CompilerTestCase.java:543)
	at com.google.javascript.jscomp.CompilerTestCase.test(CompilerTestCase.java:509)
	at com.google.javascript.jscomp.CompilerTestCase.test(CompilerTestCase.java:450)
	at com.google.javascript.jscomp.CompilerTestCase.test(CompilerTestCase.java:408)
	at com.google.javascript.jscomp.CompilerTestCase.testSame(CompilerTestCase.java:741)
	at com.google.javascript.jscomp.CheckRequiresForConstructorsTest.testPassWithOneNew(CheckRequiresForConstructorsTest.java:56)
</failure>
  </testcase>
  <testcase classname="com.google.javascript.jscomp.CheckRequiresForConstructorsTest" name="testPassWithNoNewNodes" time="0.008" />
  <testcase classname="com.google.javascript.jscomp.CheckRequiresForConstructorsTest" name="testPassWithOneNewOuterClass" time="0.004">
    <failure message="Unexpected error(s): JSC_MISSING_PROVIDE_ERROR. required &quot;goog.foo.Bar&quot; namespace never provided at testcode line 1 : 14 expected:&lt;0&gt; but was:&lt;1&gt;" type="junit.framework.AssertionFailedError">junit.framework.AssertionFailedError: Unexpected error(s): JSC_MISSING_PROVIDE_ERROR. required &quot;goog.foo.Bar&quot; namespace never provided at testcode line 1 : 14 expected:&lt;0&gt; but was:&lt;1&gt;
	at com.google.javascript.jscomp.CompilerTestCase.test(CompilerTestCase.java:1070)
	at com.google.javascript.jscomp.CompilerTestCase.test(CompilerTestCase.java:935)
	at com.google.javascript.jscomp.CompilerTestCase.test(CompilerTestCase.java:543)
	at com.google.javascript.jscomp.CompilerTestCase.test(CompilerTestCase.java:509)
	at com.google.javascript.jscomp.CompilerTestCase.test(CompilerTestCase.java:450)
	at com.google.javascript.jscomp.CompilerTestCase.test(CompilerTestCase.java:408)
	at com.google.javascript.jscomp.CompilerTestCase.testSame(CompilerTestCase.java:741)
	at com.google.javascript.jscomp.CheckRequiresForConstructorsTest.testPassWithOneNewOuterClass(CheckRequiresForConstructorsTest.java:63)
</failure>
  </testcase>
  <testcase classname="com.google.javascript.jscomp.CheckRequiresForConstructorsTest" name="testPassWithOneNewOuterClassWithUpperPrefix" time="0.002">
    <failure message="Unexpected error(s): JSC_MISSING_PROVIDE_ERROR. required &quot;goog.foo.IDBar&quot; namespace never provided at testcode line 1 : 14 expected:&lt;0&gt; but was:&lt;1&gt;" type="junit.framework.AssertionFailedError">junit.framework.AssertionFailedError: Unexpected error(s): JSC_MISSING_PROVIDE_ERROR. required &quot;goog.foo.IDBar&quot; namespace never provided at testcode line 1 : 14 expected:&lt;0&gt; but was:&lt;1&gt;
	at com.google.javascript.jscomp.CompilerTestCase.test(CompilerTestCase.java:1070)
	at com.google.javascript.jscomp.CompilerTestCase.test(CompilerTestCase.java:935)
	at com.google.javascript.jscomp.CompilerTestCase.test(CompilerTestCase.java:543)
	at com.google.javascript.jscomp.CompilerTestCase.test(CompilerTestCase.java:509)
	at com.google.javascript.jscomp.CompilerTestCase.test(CompilerTestCase.java:450)
	at com.google.javascript.jscomp.CompilerTestCase.test(CompilerTestCase.java:408)
	at com.google.javascript.jscomp.CompilerTestCase.testSame(CompilerTestCase.java:741)
	at com.google.javascript.jscomp.CheckRequiresForConstructorsTest.testPassWithOneNewOuterClassWithUpperPrefix(CheckRequiresForConstructorsTest.java:70)
</failure>
  </testcase>
  <testcase classname="com.google.javascript.jscomp.CheckRequiresForConstructorsTest" name="testFailWithOneNew" time="0.002" />
  <testcase classname="com.google.javascript.jscomp.CheckRequiresForConstructorsTest" name="testPassWithTwoNewNodes" time="0.002">
    <failure message="Unexpected error(s): JSC_MISSING_PROVIDE_ERROR. required &quot;goog.foo.Bar&quot; namespace never provided at testcode line 1 : 14&#xa;JSC_MISSING_PROVIDE_ERROR. required &quot;goog.foo.Baz&quot; namespace never provided at testcode line 1 : 43 expected:&lt;0&gt; but was:&lt;2&gt;" type="junit.framework.AssertionFailedError">junit.framework.AssertionFailedError: Unexpected error(s): JSC_MISSING_PROVIDE_ERROR. required &quot;goog.foo.Bar&quot; namespace never provided at testcode line 1 : 14
JSC_MISSING_PROVIDE_ERROR. required &quot;goog.foo.Baz&quot; namespace never provided at testcode line 1 : 43 expected:&lt;0&gt; but was:&lt;2&gt;
	at com.google.javascript.jscomp.CompilerTestCase.test(CompilerTestCase.java:1070)
	at com.google.javascript.jscomp.CompilerTestCase.test(CompilerTestCase.java:935)
	at com.google.javascript.jscomp.CompilerTestCase.test(CompilerTestCase.java:543)
	at com.google.javascript.jscomp.CompilerTestCase.test(CompilerTestCase.java:509)
	at com.google.javascript.jscomp.CompilerTestCase.test(CompilerTestCase.java:450)
	at com.google.javascript.jscomp.CompilerTestCase.test(CompilerTestCase.java:408)
	at com.google.javascript.jscomp.CompilerTestCase.testSame(CompilerTestCase.java:741)
	at com.google.javascript.jscomp.CheckRequiresForConstructorsTest.testPassWithTwoNewNodes(CheckRequiresForConstructorsTest.java:84)
</failure>
  </testcase>
  <testcase classname="com.google.javascript.jscomp.CheckRequiresForConstructorsTest" name="testPassWithNestedNewNodes" time="0.002">
    <failure message="Unexpected error(s): JSC_MISSING_PROVIDE_ERROR. required &quot;goog.foo.Bar&quot; namespace never provided at testcode line 1 : 15 expected:&lt;0&gt; but was:&lt;1&gt;" type="junit.framework.AssertionFailedError">junit.framework.AssertionFailedError: Unexpected error(s): JSC_MISSING_PROVIDE_ERROR. required &quot;goog.foo.Bar&quot; namespace never provided at testcode line 1 : 15 expected:&lt;0&gt; but was:&lt;1&gt;
	at com.google.javascript.jscomp.CompilerTestCase.test(CompilerTestCase.java:1070)
	at com.google.javascript.jscomp.CompilerTestCase.test(CompilerTestCase.java:935)
	at com.google.javascript.jscomp.CompilerTestCase.test(CompilerTestCase.java:543)
	at com.google.javascript.jscomp.CompilerTestCase.test(CompilerTestCase.java:509)
	at com.google.javascript.jscomp.CompilerTestCase.test(CompilerTestCase.java:450)
	at com.google.javascript.jscomp.CompilerTestCase.test(CompilerTestCase.java:408)
	at com.google.javascript.jscomp.CompilerTestCase.testSame(CompilerTestCase.java:741)
	at com.google.javascript.jscomp.CheckRequiresForConstructorsTest.testPassWithNestedNewNodes(CheckRequiresForConstructorsTest.java:91)
</failure>
  </testcase>
  <testcase classname="com.google.javascript.jscomp.CheckRequiresForConstructorsTest" name="testFailWithNestedNewNodes" time="0.002">
    <failure message="Unexpected error(s): JSC_MISSING_PROVIDE_ERROR. required &quot;goog.foo.Bar&quot; namespace never provided at input0 line 1 : 15 expected:&lt;0&gt; but was:&lt;1&gt;" type="junit.framework.AssertionFailedError">junit.framework.AssertionFailedError: Unexpected error(s): JSC_MISSING_PROVIDE_ERROR. required &quot;goog.foo.Bar&quot; namespace never provided at input0 line 1 : 15 expected:&lt;0&gt; but was:&lt;1&gt;
	at com.google.javascript.jscomp.CompilerTestCase.test(CompilerTestCase.java:1070)
	at com.google.javascript.jscomp.CompilerTestCase.test(CompilerTestCase.java:935)
	at com.google.javascript.jscomp.CompilerTestCase.test(CompilerTestCase.java:689)
	at com.google.javascript.jscomp.CompilerTestCase.test(CompilerTestCase.java:647)
	at com.google.javascript.jscomp.CheckRequiresForConstructorsTest.testFailWithNestedNewNodes(CheckRequiresForConstructorsTest.java:99)
</failure>
  </testcase>
  <testcase classname="com.google.javascript.jscomp.CheckRequiresForConstructorsTest" name="testFailWithImplements" time="0.006">
    <failure message="&#xa;Expected: var goog={};goog.provide(&quot;example.Foo&quot;);example.Foo=function(){};var Ctor=function(){}&#xa;Result:   var goog={};var example={};example.Foo=function(){};var Ctor=function(){}&#xa;Node tree inequality:&#xa;Expected tree:&#xa;BLOCK [synthetic: 1]&#xa;    SCRIPT 1 [synthetic: 1] [source_file: expected0] [input_id: InputId: expected0]&#xa;        VAR 1 [source_file: expected0]&#xa;            NAME goog 1 [source_file: expected0]&#xa;                OBJECTLIT 1 [source_file: expected0]&#xa;        EXPR_RESULT 1 [source_file: expected0]&#xa;            CALL 1 [source_file: expected0]&#xa;                GETPROP 1 [source_file: expected0]&#xa;                    NAME goog 1 [source_file: expected0]&#xa;                    STRING provide 1 [source_file: expected0]&#xa;                STRING example.Foo 1 [source_file: expected0]&#xa;        EXPR_RESULT 1 [source_file: expected0]&#xa;            ASSIGN 1 [jsdoc_info: JSDocInfo] [source_file: expected0]&#xa;                GETPROP 1 [source_file: expected0]&#xa;                    NAME example 1 [source_file: expected0]&#xa;                    STRING Foo 1 [source_file: expected0]&#xa;                FUNCTION  1 [source_file: expected0]&#xa;                    NAME  1 [source_file: expected0]&#xa;                    PARAM_LIST 1 [source_file: expected0]&#xa;                    BLOCK 1 [source_file: expected0]&#xa;    SCRIPT 1 [synthetic: 1] [source_file: expected1] [input_id: InputId: expected1]&#xa;        VAR 1 [jsdoc_info: JSDocInfo] [source_file: expected1]&#xa;            NAME Ctor 1 [source_file: expected1]&#xa;                FUNCTION  1 [source_file: expected1]&#xa;                    NAME  1 [source_file: expected1]&#xa;                    PARAM_LIST 1 [source_file: expected1]&#xa;                    BLOCK 1 [source_file: expected1]&#xa;&#xa;&#xa;Actual tree:&#xa;BLOCK [synthetic: 1]&#xa;    SCRIPT 1 [synthetic: 1] [source_file: input0] [input_id: InputId: input0]&#xa;        VAR 1 [source_file: input0]&#xa;            NAME goog 1 [source_file: input0]&#xa;                OBJECTLIT 1 [source_file: input0]&#xa;        VAR 1 [is_namespace: 1] [source_file: input0]&#xa;            NAME example 1 [jsdoc_info: JSDocInfo] [source_file: input0]&#xa;                OBJECTLIT 1 [source_file: input0] : {}&#xa;        EXPR_RESULT 1 [is_namespace: 1] [source_file: input0]&#xa;            ASSIGN 1 [jsdoc_info: JSDocInfo] [source_file: input0]&#xa;                GETPROP 1 [source_file: input0]&#xa;                    NAME example 1 [source_file: input0]&#xa;                    STRING Foo 1 [source_file: input0]&#xa;                FUNCTION  1 [source_file: input0]&#xa;                    NAME  1 [source_file: input0]&#xa;                    PARAM_LIST 1 [source_file: input0]&#xa;                    BLOCK 1 [source_file: input0]&#xa;    SCRIPT 1 [synthetic: 1] [source_file: input1] [input_id: InputId: input1]&#xa;        VAR 1 [jsdoc_info: JSDocInfo] [source_file: input1]&#xa;            NAME Ctor 1 [source_file: input1]&#xa;                FUNCTION  1 [source_file: input1]&#xa;                    NAME  1 [source_file: input1]&#xa;                    PARAM_LIST 1 [source_file: input1]&#xa;                    BLOCK 1 [source_file: input1]&#xa;&#xa;&#xa;Expected subtree: EXPR_RESULT 1 [source_file: expected0]&#xa;    CALL 1 [source_file: expected0]&#xa;        GETPROP 1 [source_file: expected0]&#xa;            NAME goog 1 [source_file: expected0]&#xa;            STRING provide 1 [source_file: expected0]&#xa;        STRING example.Foo 1 [source_file: expected0]&#xa;&#xa;&#xa;Actual subtree: VAR 1 [is_namespace: 1] [source_file: input0]&#xa;    NAME example 1 [jsdoc_info: JSDocInfo] [source_file: input0]&#xa;        OBJECTLIT 1 [source_file: input0] : {}&#xa;" type="junit.framework.AssertionFailedError">junit.framework.AssertionFailedError: 
Expected: var goog={};goog.provide(&quot;example.Foo&quot;);example.Foo=function(){};var Ctor=function(){}
Result:   var goog={};var example={};example.Foo=function(){};var Ctor=function(){}
Node tree inequality:
Expected tree:
BLOCK [synthetic: 1]
    SCRIPT 1 [synthetic: 1] [source_file: expected0] [input_id: InputId: expected0]
        VAR 1 [source_file: expected0]
            NAME goog 1 [source_file: expected0]
                OBJECTLIT 1 [source_file: expected0]
        EXPR_RESULT 1 [source_file: expected0]
            CALL 1 [source_file: expected0]
                GETPROP 1 [source_file: expected0]
                    NAME goog 1 [source_file: expected0]
                    STRING provide 1 [source_file: expected0]
                STRING example.Foo 1 [source_file: expected0]
        EXPR_RESULT 1 [source_file: expected0]
            ASSIGN 1 [jsdoc_info: JSDocInfo] [source_file: expected0]
                GETPROP 1 [source_file: expected0]
                    NAME example 1 [source_file: expected0]
                    STRING Foo 1 [source_file: expected0]
                FUNCTION  1 [source_file: expected0]
                    NAME  1 [source_file: expected0]
                    PARAM_LIST 1 [source_file: expected0]
                    BLOCK 1 [source_file: expected0]
    SCRIPT 1 [synthetic: 1] [source_file: expected1] [input_id: InputId: expected1]
        VAR 1 [jsdoc_info: JSDocInfo] [source_file: expected1]
            NAME Ctor 1 [source_file: expected1]
                FUNCTION  1 [source_file: expected1]
                    NAME  1 [source_file: expected1]
                    PARAM_LIST 1 [source_file: expected1]
                    BLOCK 1 [source_file: expected1]


Actual tree:
BLOCK [synthetic: 1]
    SCRIPT 1 [synthetic: 1] [source_file: input0] [input_id: InputId: input0]
        VAR 1 [source_file: input0]
            NAME goog 1 [source_file: input0]
                OBJECTLIT 1 [source_file: input0]
        VAR 1 [is_namespace: 1] [source_file: input0]
            NAME example 1 [jsdoc_info: JSDocInfo] [source_file: input0]
                OBJECTLIT 1 [source_file: input0] : {}
        EXPR_RESULT 1 [is_namespace: 1] [source_file: input0]
            ASSIGN 1 [jsdoc_info: JSDocInfo] [source_file: input0]
                GETPROP 1 [source_file: input0]
                    NAME example 1 [source_file: input0]
                    STRING Foo 1 [source_file: input0]
                FUNCTION  1 [source_file: input0]
                    NAME  1 [source_file: input0]
                    PARAM_LIST 1 [source_file: input0]
                    BLOCK 1 [source_file: input0]
    SCRIPT 1 [synthetic: 1] [source_file: input1] [input_id: InputId: input1]
        VAR 1 [jsdoc_info: JSDocInfo] [source_file: input1]
            NAME Ctor 1 [source_file: input1]
                FUNCTION  1 [source_file: input1]
                    NAME  1 [source_file: input1]
                    PARAM_LIST 1 [source_file: input1]
                    BLOCK 1 [source_file: input1]


Expected subtree: EXPR_RESULT 1 [source_file: expected0]
    CALL 1 [source_file: expected0]
        GETPROP 1 [source_file: expected0]
            NAME goog 1 [source_file: expected0]
            STRING provide 1 [source_file: expected0]
        STRING example.Foo 1 [source_file: expected0]


Actual subtree: VAR 1 [is_namespace: 1] [source_file: input0]
    NAME example 1 [jsdoc_info: JSDocInfo] [source_file: input0]
        OBJECTLIT 1 [source_file: input0] : {}

	at com.google.javascript.jscomp.CompilerTestCase.test(CompilerTestCase.java:1161)
	at com.google.javascript.jscomp.CompilerTestCase.test(CompilerTestCase.java:935)
	at com.google.javascript.jscomp.CompilerTestCase.test(CompilerTestCase.java:689)
	at com.google.javascript.jscomp.CompilerTestCase.test(CompilerTestCase.java:647)
	at com.google.javascript.jscomp.CheckRequiresForConstructorsTest.testFailWithImplements(CheckRequiresForConstructorsTest.java:110)
</failure>
  </testcase>
  <testcase classname="com.google.javascript.jscomp.CheckRequiresForConstructorsTest" name="testPassWithImplements" time="0.002">
    <failure message="Unexpected error(s): JSC_MISSING_PROVIDE_ERROR. required &quot;example.Foo&quot; namespace never provided at testcode line 1 : 0 expected:&lt;0&gt; but was:&lt;1&gt;" type="junit.framework.AssertionFailedError">junit.framework.AssertionFailedError: Unexpected error(s): JSC_MISSING_PROVIDE_ERROR. required &quot;example.Foo&quot; namespace never provided at testcode line 1 : 0 expected:&lt;0&gt; but was:&lt;1&gt;
	at com.google.javascript.jscomp.CompilerTestCase.test(CompilerTestCase.java:1070)
	at com.google.javascript.jscomp.CompilerTestCase.test(CompilerTestCase.java:935)
	at com.google.javascript.jscomp.CompilerTestCase.test(CompilerTestCase.java:543)
	at com.google.javascript.jscomp.CompilerTestCase.test(CompilerTestCase.java:509)
	at com.google.javascript.jscomp.CompilerTestCase.test(CompilerTestCase.java:450)
	at com.google.javascript.jscomp.CompilerTestCase.test(CompilerTestCase.java:408)
	at com.google.javascript.jscomp.CompilerTestCase.testSame(CompilerTestCase.java:741)
	at com.google.javascript.jscomp.CheckRequiresForConstructorsTest.testPassWithImplements(CheckRequiresForConstructorsTest.java:117)
</failure>
  </testcase>
  <testcase classname="com.google.javascript.jscomp.CheckRequiresForConstructorsTest" name="testFailWithExtends" time="0.004">
    <failure message="&#xa;Expected: var goog={};goog.provide(&quot;example.Foo&quot;);example.Foo=function(){};var Ctor=function(){}&#xa;Result:   var goog={};var example={};example.Foo=function(){};var Ctor=function(){}&#xa;Node tree inequality:&#xa;Expected tree:&#xa;BLOCK [synthetic: 1]&#xa;    SCRIPT 1 [synthetic: 1] [source_file: expected0] [input_id: InputId: expected0]&#xa;        VAR 1 [source_file: expected0]&#xa;            NAME goog 1 [source_file: expected0]&#xa;                OBJECTLIT 1 [source_file: expected0]&#xa;        EXPR_RESULT 2 [source_file: expected0]&#xa;            CALL 2 [source_file: expected0]&#xa;                GETPROP 2 [source_file: expected0]&#xa;                    NAME goog 2 [source_file: expected0]&#xa;                    STRING provide 2 [source_file: expected0]&#xa;                STRING example.Foo 2 [source_file: expected0]&#xa;        EXPR_RESULT 3 [source_file: expected0]&#xa;            ASSIGN 3 [jsdoc_info: JSDocInfo] [source_file: expected0]&#xa;                GETPROP 3 [source_file: expected0]&#xa;                    NAME example 3 [source_file: expected0]&#xa;                    STRING Foo 3 [source_file: expected0]&#xa;                FUNCTION  3 [source_file: expected0]&#xa;                    NAME  3 [source_file: expected0]&#xa;                    PARAM_LIST 3 [source_file: expected0]&#xa;                    BLOCK 3 [source_file: expected0]&#xa;    SCRIPT 1 [synthetic: 1] [source_file: expected1] [input_id: InputId: expected1]&#xa;        VAR 1 [jsdoc_info: JSDocInfo] [source_file: expected1]&#xa;            NAME Ctor 1 [source_file: expected1]&#xa;                FUNCTION  1 [source_file: expected1]&#xa;                    NAME  1 [source_file: expected1]&#xa;                    PARAM_LIST 1 [source_file: expected1]&#xa;                    BLOCK 1 [source_file: expected1]&#xa;&#xa;&#xa;Actual tree:&#xa;BLOCK [synthetic: 1]&#xa;    SCRIPT 1 [synthetic: 1] [source_file: input0] [input_id: InputId: input0]&#xa;        VAR 1 [source_file: input0]&#xa;            NAME goog 1 [source_file: input0]&#xa;                OBJECTLIT 1 [source_file: input0]&#xa;        VAR 2 [is_namespace: 1] [source_file: input0]&#xa;            NAME example 2 [jsdoc_info: JSDocInfo] [source_file: input0]&#xa;                OBJECTLIT 2 [source_file: input0] : {}&#xa;        EXPR_RESULT 3 [is_namespace: 1] [source_file: input0]&#xa;            ASSIGN 3 [jsdoc_info: JSDocInfo] [source_file: input0]&#xa;                GETPROP 3 [source_file: input0]&#xa;                    NAME example 3 [source_file: input0]&#xa;                    STRING Foo 3 [source_file: input0]&#xa;                FUNCTION  3 [source_file: input0]&#xa;                    NAME  3 [source_file: input0]&#xa;                    PARAM_LIST 3 [source_file: input0]&#xa;                    BLOCK 3 [source_file: input0]&#xa;    SCRIPT 1 [synthetic: 1] [source_file: input1] [input_id: InputId: input1]&#xa;        VAR 1 [jsdoc_info: JSDocInfo] [source_file: input1]&#xa;            NAME Ctor 1 [source_file: input1]&#xa;                FUNCTION  1 [source_file: input1]&#xa;                    NAME  1 [source_file: input1]&#xa;                    PARAM_LIST 1 [source_file: input1]&#xa;                    BLOCK 1 [source_file: input1]&#xa;&#xa;&#xa;Expected subtree: EXPR_RESULT 2 [source_file: expected0]&#xa;    CALL 2 [source_file: expected0]&#xa;        GETPROP 2 [source_file: expected0]&#xa;            NAME goog 2 [source_file: expected0]&#xa;            STRING provide 2 [source_file: expected0]&#xa;        STRING example.Foo 2 [source_file: expected0]&#xa;&#xa;&#xa;Actual subtree: VAR 2 [is_namespace: 1] [source_file: input0]&#xa;    NAME example 2 [jsdoc_info: JSDocInfo] [source_file: input0]&#xa;        OBJECTLIT 2 [source_file: input0] : {}&#xa;" type="junit.framework.AssertionFailedError">junit.framework.AssertionFailedError: 
Expected: var goog={};goog.provide(&quot;example.Foo&quot;);example.Foo=function(){};var Ctor=function(){}
Result:   var goog={};var example={};example.Foo=function(){};var Ctor=function(){}
Node tree inequality:
Expected tree:
BLOCK [synthetic: 1]
    SCRIPT 1 [synthetic: 1] [source_file: expected0] [input_id: InputId: expected0]
        VAR 1 [source_file: expected0]
            NAME goog 1 [source_file: expected0]
                OBJECTLIT 1 [source_file: expected0]
        EXPR_RESULT 2 [source_file: expected0]
            CALL 2 [source_file: expected0]
                GETPROP 2 [source_file: expected0]
                    NAME goog 2 [source_file: expected0]
                    STRING provide 2 [source_file: expected0]
                STRING example.Foo 2 [source_file: expected0]
        EXPR_RESULT 3 [source_file: expected0]
            ASSIGN 3 [jsdoc_info: JSDocInfo] [source_file: expected0]
                GETPROP 3 [source_file: expected0]
                    NAME example 3 [source_file: expected0]
                    STRING Foo 3 [source_file: expected0]
                FUNCTION  3 [source_file: expected0]
                    NAME  3 [source_file: expected0]
                    PARAM_LIST 3 [source_file: expected0]
                    BLOCK 3 [source_file: expected0]
    SCRIPT 1 [synthetic: 1] [source_file: expected1] [input_id: InputId: expected1]
        VAR 1 [jsdoc_info: JSDocInfo] [source_file: expected1]
            NAME Ctor 1 [source_file: expected1]
                FUNCTION  1 [source_file: expected1]
                    NAME  1 [source_file: expected1]
                    PARAM_LIST 1 [source_file: expected1]
                    BLOCK 1 [source_file: expected1]


Actual tree:
BLOCK [synthetic: 1]
    SCRIPT 1 [synthetic: 1] [source_file: input0] [input_id: InputId: input0]
        VAR 1 [source_file: input0]
            NAME goog 1 [source_file: input0]
                OBJECTLIT 1 [source_file: input0]
        VAR 2 [is_namespace: 1] [source_file: input0]
            NAME example 2 [jsdoc_info: JSDocInfo] [source_file: input0]
                OBJECTLIT 2 [source_file: input0] : {}
        EXPR_RESULT 3 [is_namespace: 1] [source_file: input0]
            ASSIGN 3 [jsdoc_info: JSDocInfo] [source_file: input0]
                GETPROP 3 [source_file: input0]
                    NAME example 3 [source_file: input0]
                    STRING Foo 3 [source_file: input0]
                FUNCTION  3 [source_file: input0]
                    NAME  3 [source_file: input0]
                    PARAM_LIST 3 [source_file: input0]
                    BLOCK 3 [source_file: input0]
    SCRIPT 1 [synthetic: 1] [source_file: input1] [input_id: InputId: input1]
        VAR 1 [jsdoc_info: JSDocInfo] [source_file: input1]
            NAME Ctor 1 [source_file: input1]
                FUNCTION  1 [source_file: input1]
                    NAME  1 [source_file: input1]
                    PARAM_LIST 1 [source_file: input1]
                    BLOCK 1 [source_file: input1]


Expected subtree: EXPR_RESULT 2 [source_file: expected0]
    CALL 2 [source_file: expected0]
        GETPROP 2 [source_file: expected0]
            NAME goog 2 [source_file: expected0]
            STRING provide 2 [source_file: expected0]
        STRING example.Foo 2 [source_file: expected0]


Actual subtree: VAR 2 [is_namespace: 1] [source_file: input0]
    NAME example 2 [jsdoc_info: JSDocInfo] [source_file: input0]
        OBJECTLIT 2 [source_file: input0] : {}

	at com.google.javascript.jscomp.CompilerTestCase.test(CompilerTestCase.java:1161)
	at com.google.javascript.jscomp.CompilerTestCase.test(CompilerTestCase.java:935)
	at com.google.javascript.jscomp.CompilerTestCase.test(CompilerTestCase.java:689)
	at com.google.javascript.jscomp.CompilerTestCase.test(CompilerTestCase.java:647)
	at com.google.javascript.jscomp.CheckRequiresForConstructorsTest.testFailWithExtends(CheckRequiresForConstructorsTest.java:129)
</failure>
  </testcase>
  <testcase classname="com.google.javascript.jscomp.CheckRequiresForConstructorsTest" name="testPassWithExtends" time="0.003">
    <failure message="Unexpected error(s): JSC_MISSING_PROVIDE_ERROR. required &quot;example.Foo&quot; namespace never provided at testcode line 1 : 0 expected:&lt;0&gt; but was:&lt;1&gt;" type="junit.framework.AssertionFailedError">junit.framework.AssertionFailedError: Unexpected error(s): JSC_MISSING_PROVIDE_ERROR. required &quot;example.Foo&quot; namespace never provided at testcode line 1 : 0 expected:&lt;0&gt; but was:&lt;1&gt;
	at com.google.javascript.jscomp.CompilerTestCase.test(CompilerTestCase.java:1070)
	at com.google.javascript.jscomp.CompilerTestCase.test(CompilerTestCase.java:935)
	at com.google.javascript.jscomp.CompilerTestCase.test(CompilerTestCase.java:543)
	at com.google.javascript.jscomp.CompilerTestCase.test(CompilerTestCase.java:509)
	at com.google.javascript.jscomp.CompilerTestCase.test(CompilerTestCase.java:450)
	at com.google.javascript.jscomp.CompilerTestCase.test(CompilerTestCase.java:408)
	at com.google.javascript.jscomp.CompilerTestCase.testSame(CompilerTestCase.java:741)
	at com.google.javascript.jscomp.CheckRequiresForConstructorsTest.testPassWithExtends(CheckRequiresForConstructorsTest.java:136)
</failure>
  </testcase>
  <testcase classname="com.google.javascript.jscomp.CheckRequiresForConstructorsTest" name="testPassWithLocalFunctions" time="0.002" />
  <testcase classname="com.google.javascript.jscomp.CheckRequiresForConstructorsTest" name="testPassWithLocalVariables" time="0.003" />
  <testcase classname="com.google.javascript.jscomp.CheckRequiresForConstructorsTest" name="testFailWithLocalVariableInMoreThanOneFile" time="0.003" />
  <testcase classname="com.google.javascript.jscomp.CheckRequiresForConstructorsTest" name="testNewNodesMetaTraditionalFunctionForm" time="0.003" />
  <testcase classname="com.google.javascript.jscomp.CheckRequiresForConstructorsTest" name="testNewNodesMeta" time="0.002" />
  <testcase classname="com.google.javascript.jscomp.CheckRequiresForConstructorsTest" name="testShouldWarnWhenInstantiatingObjectsDefinedInGlobalScope" time="0.003" />
  <testcase classname="com.google.javascript.jscomp.CheckRequiresForConstructorsTest" name="testShouldWarnWhenInstantiatingGlobalClassesFromGlobalScope" time="0.003" />
  <testcase classname="com.google.javascript.jscomp.CheckRequiresForConstructorsTest" name="testIgnoresNativeObject" time="0.003" />
  <testcase classname="com.google.javascript.jscomp.CheckRequiresForConstructorsTest" name="testNewNodesWithMoreThanOneFile" time="0.002">
    <failure message="Unexpected error(s): JSC_MISSING_PROVIDE_ERROR. required &quot;Bar&quot; namespace never provided at input0 line 1 : 51 expected:&lt;0&gt; but was:&lt;1&gt;" type="junit.framework.AssertionFailedError">junit.framework.AssertionFailedError: Unexpected error(s): JSC_MISSING_PROVIDE_ERROR. required &quot;Bar&quot; namespace never provided at input0 line 1 : 51 expected:&lt;0&gt; but was:&lt;1&gt;
	at com.google.javascript.jscomp.CompilerTestCase.test(CompilerTestCase.java:1070)
	at com.google.javascript.jscomp.CompilerTestCase.test(CompilerTestCase.java:935)
	at com.google.javascript.jscomp.CompilerTestCase.test(CompilerTestCase.java:689)
	at com.google.javascript.jscomp.CompilerTestCase.test(CompilerTestCase.java:647)
	at com.google.javascript.jscomp.CheckRequiresForConstructorsTest.testNewNodesWithMoreThanOneFile(CheckRequiresForConstructorsTest.java:223)
</failure>
  </testcase>
  <testcase classname="com.google.javascript.jscomp.CheckRequiresForConstructorsTest" name="testPassWithoutWarningsAndMultipleFiles" time="0.003">
    <failure message="Unexpected error(s): JSC_MISSING_PROVIDE_ERROR. required &quot;Foo&quot; namespace never provided at input0 line 1 : 14&#xa;JSC_MISSING_PROVIDE_ERROR. required &quot;Bar&quot; namespace never provided at input1 line 1 : 0 expected:&lt;0&gt; but was:&lt;2&gt;" type="junit.framework.AssertionFailedError">junit.framework.AssertionFailedError: Unexpected error(s): JSC_MISSING_PROVIDE_ERROR. required &quot;Foo&quot; namespace never provided at input0 line 1 : 14
JSC_MISSING_PROVIDE_ERROR. required &quot;Bar&quot; namespace never provided at input1 line 1 : 0 expected:&lt;0&gt; but was:&lt;2&gt;
	at com.google.javascript.jscomp.CompilerTestCase.test(CompilerTestCase.java:1070)
	at com.google.javascript.jscomp.CompilerTestCase.test(CompilerTestCase.java:935)
	at com.google.javascript.jscomp.CompilerTestCase.test(CompilerTestCase.java:689)
	at com.google.javascript.jscomp.CompilerTestCase.test(CompilerTestCase.java:647)
	at com.google.javascript.jscomp.CompilerTestCase.test(CompilerTestCase.java:610)
	at com.google.javascript.jscomp.CompilerTestCase.test(CompilerTestCase.java:583)
	at com.google.javascript.jscomp.CompilerTestCase.test(CompilerTestCase.java:560)
	at com.google.javascript.jscomp.CompilerTestCase.testSame(CompilerTestCase.java:845)
	at com.google.javascript.jscomp.CheckRequiresForConstructorsTest.testPassWithoutWarningsAndMultipleFiles(CheckRequiresForConstructorsTest.java:231)
</failure>
  </testcase>
  <testcase classname="com.google.javascript.jscomp.CheckRequiresForConstructorsTest" name="testFailWithWarningsAndMultipleFiles" time="0.002">
    <failure message="Unexpected error(s): JSC_MISSING_PROVIDE_ERROR. required &quot;Bar&quot; namespace never provided at input0 line 1 : 51 expected:&lt;0&gt; but was:&lt;1&gt;" type="junit.framework.AssertionFailedError">junit.framework.AssertionFailedError: Unexpected error(s): JSC_MISSING_PROVIDE_ERROR. required &quot;Bar&quot; namespace never provided at input0 line 1 : 51 expected:&lt;0&gt; but was:&lt;1&gt;
	at com.google.javascript.jscomp.CompilerTestCase.test(CompilerTestCase.java:1070)
	at com.google.javascript.jscomp.CompilerTestCase.test(CompilerTestCase.java:935)
	at com.google.javascript.jscomp.CompilerTestCase.test(CompilerTestCase.java:689)
	at com.google.javascript.jscomp.CompilerTestCase.test(CompilerTestCase.java:647)
	at com.google.javascript.jscomp.CheckRequiresForConstructorsTest.testFailWithWarningsAndMultipleFiles(CheckRequiresForConstructorsTest.java:242)
</failure>
  </testcase>
  <testcase classname="com.google.javascript.jscomp.CheckRequiresForConstructorsTest" name="testCanStillCallNumberWithoutNewOperator" time="0.004" />
  <testcase classname="com.google.javascript.jscomp.CheckRequiresForConstructorsTest" name="testRequiresAreCaughtBeforeProcessed" time="0.043" />
  <testcase classname="com.google.javascript.jscomp.CheckRequiresForConstructorsTest" name="testNoWarningsForThisConstructor" time="0.004" />
  <testcase classname="com.google.javascript.jscomp.CheckRequiresForConstructorsTest" name="testBug2062487" time="0.01" />
  <testcase classname="com.google.javascript.jscomp.CheckRequiresForConstructorsTest" name="testIgnoreDuplicateWarningsForSingleClasses" time="0.004" />
  <testcase classname="com.google.javascript.jscomp.CheckRequiresForConstructorsTest" name="testVarConstructorName" time="0.004" />
  <testcase classname="com.google.javascript.jscomp.CheckRequiresForConstructorsTest" name="testVarConstructorFunction" time="0.005" />
  <testcase classname="com.google.javascript.jscomp.CheckRequiresForConstructorsTest" name="testAssignConstructorName" time="0.004" />
  <testcase classname="com.google.javascript.jscomp.CheckRequiresForConstructorsTest" name="testAssignConstructorFunction" time="0.004" />
  <testcase classname="com.google.javascript.jscomp.CheckRequiresForConstructorsTest" name="testConstructorFunctionReference" time="0.006" />
  <testcase classname="com.google.javascript.jscomp.CheckRequiresForConstructorsTest" name="testMissingGoogRequireNoRootScope" time="0.006">
    <failure message="&#xa;Expected: goog.provide(&quot;foo.Bar&quot;);foo.Bar=function(){};function someFn(){var bar=new foo.Bar}&#xa;Result:   var foo={};foo.Bar=function(){};function someFn(){var bar=new foo.Bar}&#xa;Node tree inequality:&#xa;Expected tree:&#xa;BLOCK [synthetic: 1]&#xa;    SCRIPT 1 [synthetic: 1] [source_file: expected0] [input_id: InputId: expected0]&#xa;        EXPR_RESULT 1 [source_file: expected0]&#xa;            CALL 1 [source_file: expected0]&#xa;                GETPROP 1 [source_file: expected0]&#xa;                    NAME goog 1 [source_file: expected0]&#xa;                    STRING provide 1 [source_file: expected0]&#xa;                STRING foo.Bar 1 [source_file: expected0]&#xa;        EXPR_RESULT 3 [source_file: expected0]&#xa;            ASSIGN 3 [jsdoc_info: JSDocInfo] [source_file: expected0]&#xa;                GETPROP 3 [source_file: expected0]&#xa;                    NAME foo 3 [source_file: expected0]&#xa;                    STRING Bar 3 [source_file: expected0]&#xa;                FUNCTION  3 [source_file: expected0]&#xa;                    NAME  3 [source_file: expected0]&#xa;                    PARAM_LIST 3 [source_file: expected0]&#xa;                    BLOCK 3 [source_file: expected0]&#xa;    SCRIPT 1 [synthetic: 1] [source_file: expected1] [input_id: InputId: expected1]&#xa;        FUNCTION someFn 1 [source_file: expected1]&#xa;            NAME someFn 1 [source_file: expected1]&#xa;            PARAM_LIST 1 [source_file: expected1]&#xa;            BLOCK 1 [source_file: expected1]&#xa;                VAR 2 [source_file: expected1]&#xa;                    NAME bar 2 [source_file: expected1]&#xa;                        NEW 2 [source_file: expected1]&#xa;                            GETPROP 2 [source_file: expected1]&#xa;                                NAME foo 2 [source_file: expected1]&#xa;                                STRING Bar 2 [source_file: expected1]&#xa;&#xa;&#xa;Actual tree:&#xa;BLOCK [synthetic: 1]&#xa;    SCRIPT 1 [synthetic: 1] [source_file: input0] [input_id: InputId: input0]&#xa;        VAR 1 [is_namespace: 1] [source_file: input0]&#xa;            NAME foo 1 [jsdoc_info: JSDocInfo] [source_file: input0]&#xa;                OBJECTLIT 1 [source_file: input0] : {}&#xa;        EXPR_RESULT 3 [is_namespace: 1] [source_file: input0]&#xa;            ASSIGN 3 [jsdoc_info: JSDocInfo] [source_file: input0]&#xa;                GETPROP 3 [source_file: input0]&#xa;                    NAME foo 3 [source_file: input0]&#xa;                    STRING Bar 3 [source_file: input0]&#xa;                FUNCTION  3 [source_file: input0]&#xa;                    NAME  3 [source_file: input0]&#xa;                    PARAM_LIST 3 [source_file: input0]&#xa;                    BLOCK 3 [source_file: input0]&#xa;    SCRIPT 1 [synthetic: 1] [source_file: input1] [input_id: InputId: input1]&#xa;        FUNCTION someFn 1 [source_file: input1]&#xa;            NAME someFn 1 [source_file: input1]&#xa;            PARAM_LIST 1 [source_file: input1]&#xa;            BLOCK 1 [source_file: input1]&#xa;                VAR 2 [source_file: input1]&#xa;                    NAME bar 2 [source_file: input1]&#xa;                        NEW 2 [source_file: input1]&#xa;                            GETPROP 2 [source_file: input1]&#xa;                                NAME foo 2 [source_file: input1]&#xa;                                STRING Bar 2 [source_file: input1]&#xa;&#xa;&#xa;Expected subtree: EXPR_RESULT 1 [source_file: expected0]&#xa;    CALL 1 [source_file: expected0]&#xa;        GETPROP 1 [source_file: expected0]&#xa;            NAME goog 1 [source_file: expected0]&#xa;            STRING provide 1 [source_file: expected0]&#xa;        STRING foo.Bar 1 [source_file: expected0]&#xa;&#xa;&#xa;Actual subtree: VAR 1 [is_namespace: 1] [source_file: input0]&#xa;    NAME foo 1 [jsdoc_info: JSDocInfo] [source_file: input0]&#xa;        OBJECTLIT 1 [source_file: input0] : {}&#xa;" type="junit.framework.AssertionFailedError">junit.framework.AssertionFailedError: 
Expected: goog.provide(&quot;foo.Bar&quot;);foo.Bar=function(){};function someFn(){var bar=new foo.Bar}
Result:   var foo={};foo.Bar=function(){};function someFn(){var bar=new foo.Bar}
Node tree inequality:
Expected tree:
BLOCK [synthetic: 1]
    SCRIPT 1 [synthetic: 1] [source_file: expected0] [input_id: InputId: expected0]
        EXPR_RESULT 1 [source_file: expected0]
            CALL 1 [source_file: expected0]
                GETPROP 1 [source_file: expected0]
                    NAME goog 1 [source_file: expected0]
                    STRING provide 1 [source_file: expected0]
                STRING foo.Bar 1 [source_file: expected0]
        EXPR_RESULT 3 [source_file: expected0]
            ASSIGN 3 [jsdoc_info: JSDocInfo] [source_file: expected0]
                GETPROP 3 [source_file: expected0]
                    NAME foo 3 [source_file: expected0]
                    STRING Bar 3 [source_file: expected0]
                FUNCTION  3 [source_file: expected0]
                    NAME  3 [source_file: expected0]
                    PARAM_LIST 3 [source_file: expected0]
                    BLOCK 3 [source_file: expected0]
    SCRIPT 1 [synthetic: 1] [source_file: expected1] [input_id: InputId: expected1]
        FUNCTION someFn 1 [source_file: expected1]
            NAME someFn 1 [source_file: expected1]
            PARAM_LIST 1 [source_file: expected1]
            BLOCK 1 [source_file: expected1]
                VAR 2 [source_file: expected1]
                    NAME bar 2 [source_file: expected1]
                        NEW 2 [source_file: expected1]
                            GETPROP 2 [source_file: expected1]
                                NAME foo 2 [source_file: expected1]
                                STRING Bar 2 [source_file: expected1]


Actual tree:
BLOCK [synthetic: 1]
    SCRIPT 1 [synthetic: 1] [source_file: input0] [input_id: InputId: input0]
        VAR 1 [is_namespace: 1] [source_file: input0]
            NAME foo 1 [jsdoc_info: JSDocInfo] [source_file: input0]
                OBJECTLIT 1 [source_file: input0] : {}
        EXPR_RESULT 3 [is_namespace: 1] [source_file: input0]
            ASSIGN 3 [jsdoc_info: JSDocInfo] [source_file: input0]
                GETPROP 3 [source_file: input0]
                    NAME foo 3 [source_file: input0]
                    STRING Bar 3 [source_file: input0]
                FUNCTION  3 [source_file: input0]
                    NAME  3 [source_file: input0]
                    PARAM_LIST 3 [source_file: input0]
                    BLOCK 3 [source_file: input0]
    SCRIPT 1 [synthetic: 1] [source_file: input1] [input_id: InputId: input1]
        FUNCTION someFn 1 [source_file: input1]
            NAME someFn 1 [source_file: input1]
            PARAM_LIST 1 [source_file: input1]
            BLOCK 1 [source_file: input1]
                VAR 2 [source_file: input1]
                    NAME bar 2 [source_file: input1]
                        NEW 2 [source_file: input1]
                            GETPROP 2 [source_file: input1]
                                NAME foo 2 [source_file: input1]
                                STRING Bar 2 [source_file: input1]


Expected subtree: EXPR_RESULT 1 [source_file: expected0]
    CALL 1 [source_file: expected0]
        GETPROP 1 [source_file: expected0]
            NAME goog 1 [source_file: expected0]
            STRING provide 1 [source_file: expected0]
        STRING foo.Bar 1 [source_file: expected0]


Actual subtree: VAR 1 [is_namespace: 1] [source_file: input0]
    NAME foo 1 [jsdoc_info: JSDocInfo] [source_file: input0]
        OBJECTLIT 1 [source_file: input0] : {}

	at com.google.javascript.jscomp.CompilerTestCase.test(CompilerTestCase.java:1161)
	at com.google.javascript.jscomp.CompilerTestCase.test(CompilerTestCase.java:935)
	at com.google.javascript.jscomp.CompilerTestCase.test(CompilerTestCase.java:689)
	at com.google.javascript.jscomp.CompilerTestCase.test(CompilerTestCase.java:647)
	at com.google.javascript.jscomp.CheckRequiresForConstructorsTest.testMissingGoogRequireNoRootScope(CheckRequiresForConstructorsTest.java:352)
</failure>
  </testcase>
  <testcase classname="com.google.javascript.jscomp.CheckRequiresForConstructorsTest" name="testMissingGoogRequireFromGoogDefineClass" time="0.005" />
  <testcase classname="com.google.javascript.jscomp.CheckRequiresForConstructorsTest" name="testNoMissingGoogRequireFromGoogDefineClass" time="0.006">
    <failure message="Unexpected warning(s): JSC_MISSING_REQUIRE_WARNING. &apos;foo.Bar&apos; used but not goog.require&apos;d at input1 line 3 : 12&#xa;JSC_MISSING_REQUIRE_WARNING. &apos;foo.Bar&apos; used but not goog.require&apos;d at input1 line 3 : 12 expected:&lt;0&gt; but was:&lt;2&gt;" type="junit.framework.AssertionFailedError">junit.framework.AssertionFailedError: Unexpected warning(s): JSC_MISSING_REQUIRE_WARNING. &apos;foo.Bar&apos; used but not goog.require&apos;d at input1 line 3 : 12
JSC_MISSING_REQUIRE_WARNING. &apos;foo.Bar&apos; used but not goog.require&apos;d at input1 line 3 : 12 expected:&lt;0&gt; but was:&lt;2&gt;
	at com.google.javascript.jscomp.CompilerTestCase.test(CompilerTestCase.java:1094)
	at com.google.javascript.jscomp.CompilerTestCase.test(CompilerTestCase.java:929)
	at com.google.javascript.jscomp.CompilerTestCase.test(CompilerTestCase.java:689)
	at com.google.javascript.jscomp.CompilerTestCase.test(CompilerTestCase.java:647)
	at com.google.javascript.jscomp.CompilerTestCase.test(CompilerTestCase.java:610)
	at com.google.javascript.jscomp.CompilerTestCase.test(CompilerTestCase.java:583)
	at com.google.javascript.jscomp.CompilerTestCase.test(CompilerTestCase.java:560)
	at com.google.javascript.jscomp.CheckRequiresForConstructorsTest.testNoMissingGoogRequireFromGoogDefineClass(CheckRequiresForConstructorsTest.java:382)
</failure>
  </testcase>
  <testcase classname="com.google.javascript.jscomp.CheckRequiresForConstructorsTest" name="testNoMissingGoogRequireFromGoogDefineClassSameFile" time="0.004">
    <failure message="Unexpected warning(s): JSC_MISSING_REQUIRE_WARNING. &apos;foo.Bar&apos; used but not goog.require&apos;d at testcode line 6 : 12 expected:&lt;0&gt; but was:&lt;1&gt;" type="junit.framework.AssertionFailedError">junit.framework.AssertionFailedError: Unexpected warning(s): JSC_MISSING_REQUIRE_WARNING. &apos;foo.Bar&apos; used but not goog.require&apos;d at testcode line 6 : 12 expected:&lt;0&gt; but was:&lt;1&gt;
	at com.google.javascript.jscomp.CompilerTestCase.test(CompilerTestCase.java:1094)
	at com.google.javascript.jscomp.CompilerTestCase.test(CompilerTestCase.java:929)
	at com.google.javascript.jscomp.CompilerTestCase.test(CompilerTestCase.java:543)
	at com.google.javascript.jscomp.CompilerTestCase.test(CompilerTestCase.java:509)
	at com.google.javascript.jscomp.CompilerTestCase.test(CompilerTestCase.java:450)
	at com.google.javascript.jscomp.CompilerTestCase.test(CompilerTestCase.java:408)
	at com.google.javascript.jscomp.CheckRequiresForConstructorsTest.testNoMissingGoogRequireFromGoogDefineClassSameFile(CheckRequiresForConstructorsTest.java:394)
</failure>
  </testcase>
  <testcase classname="com.google.javascript.jscomp.CheckRequiresForConstructorsTest" name="testAliasConstructorToPrivateVariable" time="0.004" />
  <testcase classname="com.google.javascript.jscomp.CheckRequiresForConstructorsTest" name="testMissingGoogRequireFromGoogScope" time="0.01">
    <failure message="There should be one warning, repeated 2 time(s). Warnings: [JSC_MISSING_REQUIRE_WARNING. &apos;foo.bar.Baz&apos; used but not goog.require&apos;d at input1 line 4 : 14] expected:&lt;2&gt; but was:&lt;1&gt;" type="junit.framework.AssertionFailedError">junit.framework.AssertionFailedError: There should be one warning, repeated 2 time(s). Warnings: [JSC_MISSING_REQUIRE_WARNING. &apos;foo.bar.Baz&apos; used but not goog.require&apos;d at input1 line 4 : 14] expected:&lt;2&gt; but was:&lt;1&gt;
	at com.google.javascript.jscomp.CompilerTestCase.test(CompilerTestCase.java:1098)
	at com.google.javascript.jscomp.CompilerTestCase.test(CompilerTestCase.java:929)
	at com.google.javascript.jscomp.CompilerTestCase.test(CompilerTestCase.java:689)
	at com.google.javascript.jscomp.CompilerTestCase.test(CompilerTestCase.java:647)
	at com.google.javascript.jscomp.CheckRequiresForConstructorsTest.testMissingGoogRequireFromGoogScope(CheckRequiresForConstructorsTest.java:424)
</failure>
  </testcase>
  <testcase classname="com.google.javascript.jscomp.CheckRequiresForConstructorsTest" name="testNoMissingGoogRequireFromGoogScope" time="0.006">
    <failure message="Unexpected warning(s): JSC_MISSING_REQUIRE_WARNING. &apos;foo.bar.Baz&apos; used but not goog.require&apos;d at input1 line 5 : 14 expected:&lt;0&gt; but was:&lt;1&gt;" type="junit.framework.AssertionFailedError">junit.framework.AssertionFailedError: Unexpected warning(s): JSC_MISSING_REQUIRE_WARNING. &apos;foo.bar.Baz&apos; used but not goog.require&apos;d at input1 line 5 : 14 expected:&lt;0&gt; but was:&lt;1&gt;
	at com.google.javascript.jscomp.CompilerTestCase.test(CompilerTestCase.java:1094)
	at com.google.javascript.jscomp.CompilerTestCase.test(CompilerTestCase.java:929)
	at com.google.javascript.jscomp.CompilerTestCase.test(CompilerTestCase.java:689)
	at com.google.javascript.jscomp.CompilerTestCase.test(CompilerTestCase.java:647)
	at com.google.javascript.jscomp.CompilerTestCase.test(CompilerTestCase.java:610)
	at com.google.javascript.jscomp.CompilerTestCase.test(CompilerTestCase.java:583)
	at com.google.javascript.jscomp.CompilerTestCase.test(CompilerTestCase.java:560)
	at com.google.javascript.jscomp.CheckRequiresForConstructorsTest.testNoMissingGoogRequireFromGoogScope(CheckRequiresForConstructorsTest.java:441)
</failure>
  </testcase>
  <testcase classname="com.google.javascript.jscomp.CheckRequiresForConstructorsTest" name="testNoMissingGoogRequireFromGoogScopeSameFile" time="0.007" />
  <testcase classname="com.google.javascript.jscomp.CheckRequiresForConstructorsTest" name="testMissingGoogRequireFromGoogModule" time="0.007" />
  <testcase classname="com.google.javascript.jscomp.CheckRequiresForConstructorsTest" name="testNoMissingGoogRequireFromGoogModule" time="0.003">
    <failure message="Unexpected error(s): JSC_INVALID_CLOSURE_CALL_ERROR. Closure dependency methods(goog.provide, goog.require, etc) must be called at file scope. at input1 line 2 : 10 expected:&lt;0&gt; but was:&lt;1&gt;" type="junit.framework.AssertionFailedError">junit.framework.AssertionFailedError: Unexpected error(s): JSC_INVALID_CLOSURE_CALL_ERROR. Closure dependency methods(goog.provide, goog.require, etc) must be called at file scope. at input1 line 2 : 10 expected:&lt;0&gt; but was:&lt;1&gt;
	at com.google.javascript.jscomp.CompilerTestCase.test(CompilerTestCase.java:1070)
	at com.google.javascript.jscomp.CompilerTestCase.test(CompilerTestCase.java:929)
	at com.google.javascript.jscomp.CompilerTestCase.test(CompilerTestCase.java:689)
	at com.google.javascript.jscomp.CompilerTestCase.test(CompilerTestCase.java:647)
	at com.google.javascript.jscomp.CompilerTestCase.test(CompilerTestCase.java:610)
	at com.google.javascript.jscomp.CompilerTestCase.test(CompilerTestCase.java:583)
	at com.google.javascript.jscomp.CompilerTestCase.test(CompilerTestCase.java:560)
	at com.google.javascript.jscomp.CheckRequiresForConstructorsTest.testNoMissingGoogRequireFromGoogModule(CheckRequiresForConstructorsTest.java:489)
</failure>
  </testcase>
  <testcase classname="com.google.javascript.jscomp.CheckRequiresForConstructorsTest" name="testNoMissingGoogRequireFromGoogModuleSameFile" time="0.006">
    <failure message="Unexpected warning(s): JSC_MISSING_REQUIRE_WARNING. &apos;Atom&apos; used but not goog.require&apos;d at testcode line 7 : 12 expected:&lt;0&gt; but was:&lt;1&gt;" type="junit.framework.AssertionFailedError">junit.framework.AssertionFailedError: Unexpected warning(s): JSC_MISSING_REQUIRE_WARNING. &apos;Atom&apos; used but not goog.require&apos;d at testcode line 7 : 12 expected:&lt;0&gt; but was:&lt;1&gt;
	at com.google.javascript.jscomp.CompilerTestCase.test(CompilerTestCase.java:1094)
	at com.google.javascript.jscomp.CompilerTestCase.test(CompilerTestCase.java:929)
	at com.google.javascript.jscomp.CompilerTestCase.test(CompilerTestCase.java:543)
	at com.google.javascript.jscomp.CompilerTestCase.test(CompilerTestCase.java:509)
	at com.google.javascript.jscomp.CompilerTestCase.test(CompilerTestCase.java:450)
	at com.google.javascript.jscomp.CompilerTestCase.test(CompilerTestCase.java:408)
	at com.google.javascript.jscomp.CheckRequiresForConstructorsTest.testNoMissingGoogRequireFromGoogModuleSameFile(CheckRequiresForConstructorsTest.java:502)
</failure>
  </testcase>
  <system-out><![CDATA[]]></system-out>
  <system-err><![CDATA[ 08, 2015 2:49:03  com.google.javascript.jscomp.LoggerErrorManager println
: foo.js:1: WARNING - 'foo.bar.goo' used but not goog.require'd
var foo = {}; var bar = new foo.bar.goo();
                        ^

 08, 2015 2:49:03  com.google.javascript.jscomp.LoggerErrorManager printSummary
: 0 error(s), 1 warning(s)
]]></system-err>
</testsuite>
