<?xml version="1.0" encoding="UTF-8" ?>
<testsuite errors="1" failures="1" hostname="s-164-67-71-126.resnet.ucla.edu" name="com.google.javascript.jscomp.CodePrinterTest" skipped="0" tests="117" time="0.77" timestamp="2015-03-08T09:06:10">
  <properties>
    <property name="java.vendor" value="Oracle Corporation" />
    <property name="lib.dir" value="/Users/tomerwei/Repos/PLay/closure-compiler/lib" />
    <property name="refasterjs-jarfile" value="/Users/tomerwei/Repos/PLay/closure-compiler/build/refasterjs.jar" />
    <property name="sun.java.launcher" value="SUN_STANDARD" />
    <property name="sun.management.compiler" value="HotSpot 64-Bit Tiered Compilers" />
    <property name="os.name" value="Mac OS X" />
    <property name="sun.boot.class.path" value="/Library/Java/JavaVirtualMachines/jdk1.7.0_75.jdk/Contents/Home/jre/lib/resources.jar:/Library/Java/JavaVirtualMachines/jdk1.7.0_75.jdk/Contents/Home/jre/lib/rt.jar:/Library/Java/JavaVirtualMachines/jdk1.7.0_75.jdk/Contents/Home/jre/lib/sunrsasign.jar:/Library/Java/JavaVirtualMachines/jdk1.7.0_75.jdk/Contents/Home/jre/lib/jsse.jar:/Library/Java/JavaVirtualMachines/jdk1.7.0_75.jdk/Contents/Home/jre/lib/jce.jar:/Library/Java/JavaVirtualMachines/jdk1.7.0_75.jdk/Contents/Home/jre/lib/charsets.jar:/Library/Java/JavaVirtualMachines/jdk1.7.0_75.jdk/Contents/Home/jre/lib/jfr.jar:/Library/Java/JavaVirtualMachines/jdk1.7.0_75.jdk/Contents/Home/jre/classes" />
    <property name="maven-repository-id" value="sonatype-nexus-staging" />
    <property name="java.vm.specification.vendor" value="Oracle Corporation" />
    <property name="ant.home" value="/opt/local/share/java/apache-ant" />
    <property name="java.runtime.version" value="1.7.0_75-b13" />
    <property name="gen.dir" value="/Users/tomerwei/Repos/PLay/closure-compiler/gen" />
    <property name="user.name" value="tomerwei" />
    <property name="ant.file.compiler" value="/Users/tomerwei/Repos/PLay/closure-compiler/build.xml" />
    <property name="build.dir" value="/Users/tomerwei/Repos/PLay/closure-compiler/build" />
    <property name="ant.build.javac.target" value="1.7" />
    <property name="user.language" value="en" />
    <property name="test.method" value="" />
    <property name="sun.boot.library.path" value="/Library/Java/JavaVirtualMachines/jdk1.7.0_75.jdk/Contents/Home/jre/lib" />
    <property name="ant.project.default-target" value="jar" />
    <property name="ant.project.name" value="compiler" />
    <property name="java.version" value="1.7.0_75" />
    <property name="user.timezone" value="" />
    <property name="sun.arch.data.model" value="64" />
    <property name="http.nonProxyHosts" value="local|*.local|169.254/16|*.169.254/16" />
    <property name="java.endorsed.dirs" value="/Library/Java/JavaVirtualMachines/jdk1.7.0_75.jdk/Contents/Home/jre/lib/endorsed" />
    <property name="sun.cpu.isalist" value="" />
    <property name="sun.jnu.encoding" value="UTF-8" />
    <property name="file.encoding.pkg" value="sun.io" />
    <property name="file.separator" value="/" />
    <property name="java.specification.name" value="Java Platform API Specification" />
    <property name="protoc.executable" value="protoc" />
    <property name="classes.dir" value="/Users/tomerwei/Repos/PLay/closure-compiler/build/classes" />
    <property name="java.class.version" value="51.0" />
    <property name="testClasses.dir" value="/Users/tomerwei/Repos/PLay/closure-compiler/build/test" />
    <property name="user.country" value="US" />
    <property name="java.home" value="/Library/Java/JavaVirtualMachines/jdk1.7.0_75.jdk/Contents/Home/jre" />
    <property name="java.vm.info" value="mixed mode" />
    <property name="externs.dir" value="/Users/tomerwei/Repos/PLay/closure-compiler/externs" />
    <property name="ant.file" value="/Users/tomerwei/Repos/PLay/closure-compiler/build.xml" />
    <property name="os.version" value="10.9.5" />
    <property name="javac.debug" value="on" />
    <property name="path.separator" value=":" />
    <property name="java.vm.version" value="24.75-b04" />
    <property name="ant.library.dir" value="/opt/local/share/java/apache-ant/lib" />
    <property name="java.awt.printerjob" value="sun.lwawt.macosx.CPrinterJob" />
    <property name="webservice-jarfile" value="/Users/tomerwei/Repos/PLay/closure-compiler/build/webservice.jar" />
    <property name="sun.io.unicode.encoding" value="UnicodeBig" />
    <property name="test.fork" value="true" />
    <property name="webservice.dir" value="/Users/tomerwei/Repos/PLay/closure-compiler/src/com/google/javascript/jscomp/webservice" />
    <property name="awt.toolkit" value="sun.lwawt.macosx.LWCToolkit" />
    <property name="buildlib.dir" value="/Users/tomerwei/Repos/PLay/closure-compiler/build/lib" />
    <property name="socksNonProxyHosts" value="local|*.local|169.254/16|*.169.254/16" />
    <property name="ftp.nonProxyHosts" value="local|*.local|169.254/16|*.169.254/16" />
    <property name="ant.build.javac.source" value="1.7" />
    <property name="refasterjs.dir" value="/Users/tomerwei/Repos/PLay/closure-compiler/src/com/google/javascript/refactoring" />
    <property name="user.home" value="/Users/tomerwei" />
    <property name="java.specification.vendor" value="Oracle Corporation" />
    <property name="test.dir" value="/Users/tomerwei/Repos/PLay/closure-compiler/test" />
    <property name="java.library.path" value="/Users/tomerwei/Library/Java/Extensions:/Library/Java/Extensions:/Network/Library/Java/Extensions:/System/Library/Java/Extensions:/usr/lib/java:." />
    <property name="java.vendor.url" value="http://java.oracle.com/" />
    <property name="java.vm.vendor" value="Oracle Corporation" />
    <property name="gopherProxySet" value="false" />
    <property name="build.relVersion" value="v20150126-162-g55aa491" />
    <property name="java.runtime.name" value="Java(TM) SE Runtime Environment" />
    <property name="sun.java.command" value="org.apache.tools.ant.taskdefs.optional.junit.JUnitTestRunner testsfile=/Users/tomerwei/Repos/PLay/closure-compiler/junittestcases5320804302362041037.properties skipNonTests=false filtertrace=true haltOnError=false haltOnFailure=false formatter=org.apache.tools.ant.taskdefs.optional.junit.SummaryJUnitResultFormatter showoutput=true outputtoformatters=true logfailedtests=true threadid=0 logtestlistenerevents=false formatter=org.apache.tools.ant.taskdefs.optional.junit.BriefJUnitResultFormatter formatter=org.apache.tools.ant.taskdefs.optional.junit.XMLJUnitResultFormatter,/Users/tomerwei/Repos/PLay/closure-compiler/build/testoutput/IGNORETHIS.xml crashfile=/Users/tomerwei/Repos/PLay/closure-compiler/junitvmwatcher5819990703841375885.properties propsfile=/Users/tomerwei/Repos/PLay/closure-compiler/junit642073203518458064.properties" />
    <property name="java.class.path" value="/Users/tomerwei/Repos/PLay/closure-compiler/build/classes:/Users/tomerwei/Repos/PLay/closure-compiler/lib/ant-launcher.jar:/Users/tomerwei/Repos/PLay/closure-compiler/lib/ant.jar:/Users/tomerwei/Repos/PLay/closure-compiler/lib/args4j.jar:/Users/tomerwei/Repos/PLay/closure-compiler/lib/gson.jar:/Users/tomerwei/Repos/PLay/closure-compiler/lib/guava.jar:/Users/tomerwei/Repos/PLay/closure-compiler/lib/jsr305.jar:/Users/tomerwei/Repos/PLay/closure-compiler/lib/junit.jar:/Users/tomerwei/Repos/PLay/closure-compiler/lib/protobuf-java.jar:/Users/tomerwei/Repos/PLay/closure-compiler/lib/truth.jar:/Users/tomerwei/Repos/PLay/closure-compiler/build/test:/opt/local/share/java/apache-ant/lib/ant-launcher.jar:/opt/local/share/java/apache-ant/lib/ant.jar:/opt/local/share/java/apache-ant/lib/ant-junit.jar:/opt/local/share/java/apache-ant/lib/ant-junit4.jar" />
    <property name="ant.version" value="Apache Ant(TM) version 1.9.4 compiled on April 29 2014" />
    <property name="test.class" value="*Test" />
    <property name="java.vm.specification.name" value="Java Virtual Machine Specification" />
    <property name="ant.file.type" value="file" />
    <property name="java.vm.specification.version" value="1.7" />
    <property name="sun.cpu.endian" value="little" />
    <property name="sun.os.patch.level" value="unknown" />
    <property name="java.io.tmpdir" value="/var/folders/f6/3011v4610sd8c89rtjf_9j9m0000gn/T/" />
    <property name="java.vendor.url.bug" value="http://bugreport.sun.com/bugreport/" />
    <property name="java.awt.graphicsenv" value="sun.awt.CGraphicsEnvironment" />
    <property name="maven-repository-url" value="https://oss.sonatype.org/service/local/staging/deploy/maven2/" />
    <property name="os.arch" value="x86_64" />
    <property name="webservice-classes.dir" value="/Users/tomerwei/Repos/PLay/closure-compiler/build/webservice-classes" />
    <property name="java.ext.dirs" value="/Users/tomerwei/Library/Java/Extensions:/Library/Java/JavaVirtualMachines/jdk1.7.0_75.jdk/Contents/Home/jre/lib/ext:/Library/Java/Extensions:/Network/Library/Java/Extensions:/System/Library/Java/Extensions:/usr/lib/java" />
    <property name="user.dir" value="/Users/tomerwei/Repos/PLay/closure-compiler" />
    <property name="ant.file.type.compiler" value="file" />
    <property name="line.separator" value="&#xa;" />
    <property name="java.vm.name" value="Java HotSpot(TM) 64-Bit Server VM" />
    <property name="refasterjs-classes.dir" value="/Users/tomerwei/Repos/PLay/closure-compiler/build/refasterjs-classes" />
    <property name="basedir" value="/Users/tomerwei/Repos/PLay/closure-compiler" />
    <property name="ant.java.version" value="1.7" />
    <property name="ant.core.lib" value="/opt/local/share/java/apache-ant/lib/ant.jar" />
    <property name="file.encoding" value="UTF-8" />
    <property name="closure.build.dir" value="/Users/tomerwei/Repos/PLay/closure-compiler/build" />
    <property name="compiler-jarfile" value="/Users/tomerwei/Repos/PLay/closure-compiler/build/compiler.jar" />
    <property name="java.specification.version" value="1.7" />
    <property name="src.dir" value="/Users/tomerwei/Repos/PLay/closure-compiler/src" />
    <property name="ant.project.invoked-targets" value="clean,compile,compile-tests,test" />
    <property name="javadoc.dir" value="/Users/tomerwei/Repos/PLay/closure-compiler/build/javadoc" />
    <property name="tools.dir" value="/Users/tomerwei/Repos/PLay/closure-compiler/tools" />
  </properties>
  <testcase classname="com.google.javascript.jscomp.CodePrinterTest" name="testClass" time="0.005" />
  <testcase classname="com.google.javascript.jscomp.CodePrinterTest" name="testTypeAnnotations" time="0.004" />
  <testcase classname="com.google.javascript.jscomp.CodePrinterTest" name="testPrint" time="0.066" />
  <testcase classname="com.google.javascript.jscomp.CodePrinterTest" name="testPrintArrayPatternVar" time="0.007" />
  <testcase classname="com.google.javascript.jscomp.CodePrinterTest" name="testPrintArrayPatternLet" time="0.007" />
  <testcase classname="com.google.javascript.jscomp.CodePrinterTest" name="testPrintArrayPatternConst" time="0.007" />
  <testcase classname="com.google.javascript.jscomp.CodePrinterTest" name="testPrintArrayPatternAssign" time="0.007" />
  <testcase classname="com.google.javascript.jscomp.CodePrinterTest" name="testPrintArrayPatternWithInitializer" time="0.003" />
  <testcase classname="com.google.javascript.jscomp.CodePrinterTest" name="testPrintNestedArrayPattern" time="0.005" />
  <testcase classname="com.google.javascript.jscomp.CodePrinterTest" name="testPrintObjectPatternVar" time="0.002" />
  <testcase classname="com.google.javascript.jscomp.CodePrinterTest" name="testPrintObjectPatternLet" time="0.003" />
  <testcase classname="com.google.javascript.jscomp.CodePrinterTest" name="testPrintObjectPatternConst" time="0.003" />
  <testcase classname="com.google.javascript.jscomp.CodePrinterTest" name="testPrintObjectPatternAssign" time="0.003" />
  <testcase classname="com.google.javascript.jscomp.CodePrinterTest" name="testPrintNestedObjectPattern" time="0.002" />
  <testcase classname="com.google.javascript.jscomp.CodePrinterTest" name="testPrintObjectPatternInitializer" time="0.005" />
  <testcase classname="com.google.javascript.jscomp.CodePrinterTest" name="testPrintMixedDestructuring" time="0.002" />
  <testcase classname="com.google.javascript.jscomp.CodePrinterTest" name="testPrintDestructuringInParamList" time="0.008" />
  <testcase classname="com.google.javascript.jscomp.CodePrinterTest" name="testBreakTrustedStrings" time="0.005" />
  <testcase classname="com.google.javascript.jscomp.CodePrinterTest" name="testBreakUntrustedStrings" time="0.006" />
  <testcase classname="com.google.javascript.jscomp.CodePrinterTest" name="testHtmlComments" time="0.002" />
  <testcase classname="com.google.javascript.jscomp.CodePrinterTest" name="testPrintArray" time="0.003" />
  <testcase classname="com.google.javascript.jscomp.CodePrinterTest" name="testHook" time="0.011" />
  <testcase classname="com.google.javascript.jscomp.CodePrinterTest" name="testPrintInOperatorInForLoop" time="0.01" />
  <testcase classname="com.google.javascript.jscomp.CodePrinterTest" name="testForOf" time="0.001" />
  <testcase classname="com.google.javascript.jscomp.CodePrinterTest" name="testLetFor" time="0.002" />
  <testcase classname="com.google.javascript.jscomp.CodePrinterTest" name="testConstFor" time="0.002" />
  <testcase classname="com.google.javascript.jscomp.CodePrinterTest" name="testLiteralProperty" time="0.0" />
  <testcase classname="com.google.javascript.jscomp.CodePrinterTest" name="testAmbiguousElseClauses" time="0.0" />
  <testcase classname="com.google.javascript.jscomp.CodePrinterTest" name="testLineBreak" time="0.001" />
  <testcase classname="com.google.javascript.jscomp.CodePrinterTest" name="testPreferLineBreakAtEndOfFile" time="0.002" />
  <testcase classname="com.google.javascript.jscomp.CodePrinterTest" name="testPrettyPrinter" time="0.013" />
  <testcase classname="com.google.javascript.jscomp.CodePrinterTest" name="testPrettyPrinter2" time="0.002" />
  <testcase classname="com.google.javascript.jscomp.CodePrinterTest" name="testPrettyPrinter3" time="0.002" />
  <testcase classname="com.google.javascript.jscomp.CodePrinterTest" name="testPrettyPrinter4" time="0.002" />
  <testcase classname="com.google.javascript.jscomp.CodePrinterTest" name="testPrettyPrinter_arrow" time="0.001" />
  <testcase classname="com.google.javascript.jscomp.CodePrinterTest" name="testPrettyPrinter_defaultValue" time="0.001" />
  <testcase classname="com.google.javascript.jscomp.CodePrinterTest" name="testPrettyPrinter_spaceBeforeSingleQuote" time="0.001" />
  <testcase classname="com.google.javascript.jscomp.CodePrinterTest" name="testPrettyPrinter_spaceBeforeUnaryOperators" time="0.003" />
  <testcase classname="com.google.javascript.jscomp.CodePrinterTest" name="testTypeAnnotationsTypeDef" time="0.002" />
  <testcase classname="com.google.javascript.jscomp.CodePrinterTest" name="testTypeAnnotationsAssign" time="0.001" />
  <testcase classname="com.google.javascript.jscomp.CodePrinterTest" name="testTypeAnnotationsNamespace" time="0.001" />
  <testcase classname="com.google.javascript.jscomp.CodePrinterTest" name="testTypeAnnotationsMemberSubclass" time="0.001" />
  <testcase classname="com.google.javascript.jscomp.CodePrinterTest" name="testTypeAnnotationsInterface" time="0.002" />
  <testcase classname="com.google.javascript.jscomp.CodePrinterTest" name="testTypeAnnotationsMultipleInterface" time="0.002" />
  <testcase classname="com.google.javascript.jscomp.CodePrinterTest" name="testTypeAnnotationsMember" time="0.002" />
  <testcase classname="com.google.javascript.jscomp.CodePrinterTest" name="testTypeAnnotationsImplements" time="0.003" />
  <testcase classname="com.google.javascript.jscomp.CodePrinterTest" name="testU2UFunctionTypeAnnotation1" time="0.001" />
  <testcase classname="com.google.javascript.jscomp.CodePrinterTest" name="testU2UFunctionTypeAnnotation2" time="0.001" />
  <testcase classname="com.google.javascript.jscomp.CodePrinterTest" name="testEmitUnknownParamTypesAsAllType" time="0.002" />
  <testcase classname="com.google.javascript.jscomp.CodePrinterTest" name="testOptionalTypesAnnotation" time="0.002" />
  <testcase classname="com.google.javascript.jscomp.CodePrinterTest" name="testVariableArgumentsTypesAnnotation" time="0.002" />
  <testcase classname="com.google.javascript.jscomp.CodePrinterTest" name="testTempConstructor" time="0.002" />
  <testcase classname="com.google.javascript.jscomp.CodePrinterTest" name="testEnumAnnotation1" time="0.002" />
  <testcase classname="com.google.javascript.jscomp.CodePrinterTest" name="testEnumAnnotation2" time="0.004" />
  <testcase classname="com.google.javascript.jscomp.CodePrinterTest" name="testSubtraction" time="0.001" />
  <testcase classname="com.google.javascript.jscomp.CodePrinterTest" name="testFunctionWithCall" time="0.002" />
  <testcase classname="com.google.javascript.jscomp.CodePrinterTest" name="testLineLength" time="0.003" />
  <testcase classname="com.google.javascript.jscomp.CodePrinterTest" name="testParsePrintParse" time="0.054" />
  <testcase classname="com.google.javascript.jscomp.CodePrinterTest" name="testDoLoopIECompatibility" time="0.007" />
  <testcase classname="com.google.javascript.jscomp.CodePrinterTest" name="testFunctionSafariCompatibility" time="0.004" />
  <testcase classname="com.google.javascript.jscomp.CodePrinterTest" name="testExponents" time="0.027" />
  <testcase classname="com.google.javascript.jscomp.CodePrinterTest" name="testBiggerThanMaxLongNumericLiterals" time="0.005">
    <failure message="Unexpected warnings or errors.&#xa; Error:JSC_PARSE_ERROR. Parse error. Octal Integer Literal must contain at least one digit at [testcode] line 1 : 2&#xa; expected:&lt;0&gt; but was:&lt;1&gt;" type="junit.framework.AssertionFailedError">junit.framework.AssertionFailedError: Unexpected warnings or errors.
 Error:JSC_PARSE_ERROR. Parse error. Octal Integer Literal must contain at least one digit at [testcode] line 1 : 2
 expected:&lt;0&gt; but was:&lt;1&gt;
	at com.google.javascript.jscomp.CodePrinterTestBase.checkUnexpectedErrorsOrWarnings(CodePrinterTestBase.java:92)
	at com.google.javascript.jscomp.CodePrinterTestBase.parse(CodePrinterTestBase.java:71)
	at com.google.javascript.jscomp.CodePrinterTestBase.parse(CodePrinterTestBase.java:44)
	at com.google.javascript.jscomp.CodePrinterTestBase.parsePrint(CodePrinterTestBase.java:97)
	at com.google.javascript.jscomp.CodePrinterTestBase.assertPrint(CodePrinterTestBase.java:126)
	at com.google.javascript.jscomp.CodePrinterTest.testBiggerThanMaxLongNumericLiterals(CodePrinterTest.java:1358)
</failure>
  </testcase>
  <testcase classname="com.google.javascript.jscomp.CodePrinterTest" name="testDirectEval" time="0.002" />
  <testcase classname="com.google.javascript.jscomp.CodePrinterTest" name="testIndirectEval" time="0.001" />
  <testcase classname="com.google.javascript.jscomp.CodePrinterTest" name="testFreeCall1" time="0.003" />
  <testcase classname="com.google.javascript.jscomp.CodePrinterTest" name="testFreeCall2" time="0.001" />
  <testcase classname="com.google.javascript.jscomp.CodePrinterTest" name="testFreeCall3" time="0.001" />
  <testcase classname="com.google.javascript.jscomp.CodePrinterTest" name="testPrintScript" time="0.001" />
  <testcase classname="com.google.javascript.jscomp.CodePrinterTest" name="testObjectLit" time="0.004" />
  <testcase classname="com.google.javascript.jscomp.CodePrinterTest" name="testObjectLit2" time="0.004" />
  <testcase classname="com.google.javascript.jscomp.CodePrinterTest" name="testObjectLit3" time="0.005" />
  <testcase classname="com.google.javascript.jscomp.CodePrinterTest" name="testObjectLit4" time="0.001" />
  <testcase classname="com.google.javascript.jscomp.CodePrinterTest" name="testExtendedObjectLit" time="0.006" />
  <testcase classname="com.google.javascript.jscomp.CodePrinterTest" name="testComputedProperties" time="0.02" />
  <testcase classname="com.google.javascript.jscomp.CodePrinterTest" name="testComputedPropertiesClassMethods" time="0.003" />
  <testcase classname="com.google.javascript.jscomp.CodePrinterTest" name="testGetter" time="0.007" />
  <testcase classname="com.google.javascript.jscomp.CodePrinterTest" name="testGetterInEs3" time="0.0" />
  <testcase classname="com.google.javascript.jscomp.CodePrinterTest" name="testSetter" time="0.005" />
  <testcase classname="com.google.javascript.jscomp.CodePrinterTest" name="testSetterInEs3" time="0.0" />
  <testcase classname="com.google.javascript.jscomp.CodePrinterTest" name="testNegCollapse" time="0.002" />
  <testcase classname="com.google.javascript.jscomp.CodePrinterTest" name="testStrict" time="0.002" />
  <testcase classname="com.google.javascript.jscomp.CodePrinterTest" name="testArrayLiteral" time="0.006" />
  <testcase classname="com.google.javascript.jscomp.CodePrinterTest" name="testZero" time="0.005" />
  <testcase classname="com.google.javascript.jscomp.CodePrinterTest" name="testOctalInString" time="0.009" />
  <testcase classname="com.google.javascript.jscomp.CodePrinterTest" name="testOctalInStringNoLeadingZero" time="0.014" />
  <testcase classname="com.google.javascript.jscomp.CodePrinterTest" name="testUnicode" time="0.004" />
  <testcase classname="com.google.javascript.jscomp.CodePrinterTest" name="testOctalNumericKey" time="0.003" />
  <testcase classname="com.google.javascript.jscomp.CodePrinterTest" name="testNumericKeys" time="0.008" />
  <testcase classname="com.google.javascript.jscomp.CodePrinterTest" name="testIssue582" time="0.001" />
  <testcase classname="com.google.javascript.jscomp.CodePrinterTest" name="testIssue942" time="0.001" />
  <testcase classname="com.google.javascript.jscomp.CodePrinterTest" name="testIssue601" time="0.003" />
  <testcase classname="com.google.javascript.jscomp.CodePrinterTest" name="testIssue620" time="0.002" />
  <testcase classname="com.google.javascript.jscomp.CodePrinterTest" name="testIssue5746867" time="0.001" />
  <testcase classname="com.google.javascript.jscomp.CodePrinterTest" name="testCommaSpacing" time="0.002" />
  <testcase classname="com.google.javascript.jscomp.CodePrinterTest" name="testManyCommas" time="0.101" />
  <testcase classname="com.google.javascript.jscomp.CodePrinterTest" name="testManyAdds" time="0.116" />
  <testcase classname="com.google.javascript.jscomp.CodePrinterTest" name="testMinusNegativeZero" time="0.002" />
  <testcase classname="com.google.javascript.jscomp.CodePrinterTest" name="testStringEscapeSequences" time="0.01" />
  <testcase classname="com.google.javascript.jscomp.CodePrinterTest" name="testKeywordProperties1" time="0.002" />
  <testcase classname="com.google.javascript.jscomp.CodePrinterTest" name="testKeywordProperties1a" time="0.001" />
  <testcase classname="com.google.javascript.jscomp.CodePrinterTest" name="testKeywordProperties2" time="0.001" />
  <testcase classname="com.google.javascript.jscomp.CodePrinterTest" name="testKeywordProperties2a" time="0.0" />
  <testcase classname="com.google.javascript.jscomp.CodePrinterTest" name="testIssue1062" time="0.001" />
  <testcase classname="com.google.javascript.jscomp.CodePrinterTest" name="testPreserveTypeAnnotations" time="0.003" />
  <testcase classname="com.google.javascript.jscomp.CodePrinterTest" name="testDefaultParameters" time="0.001" />
  <testcase classname="com.google.javascript.jscomp.CodePrinterTest" name="testRestParameters" time="0.002" />
  <testcase classname="com.google.javascript.jscomp.CodePrinterTest" name="testDefaultParametersWithRestParameters" time="0.001" />
  <testcase classname="com.google.javascript.jscomp.CodePrinterTest" name="testSpreadExpression" time="0.002" />
  <testcase classname="com.google.javascript.jscomp.CodePrinterTest" name="testClassPretty" time="0.001" />
  <testcase classname="com.google.javascript.jscomp.CodePrinterTest" name="testSuper" time="0.002" />
  <testcase classname="com.google.javascript.jscomp.CodePrinterTest" name="testGeneratorYield1" time="0.005" />
  <testcase classname="com.google.javascript.jscomp.CodePrinterTest" name="testMemberGeneratorYield1" time="0.002" />
  <testcase classname="com.google.javascript.jscomp.CodePrinterTest" name="testArrowFunction" time="0.003" />
  <testcase classname="com.google.javascript.jscomp.CodePrinterTest" name="testDeclarations" time="0.005" />
  <testcase classname="com.google.javascript.jscomp.CodePrinterTest" name="testImports" time="0.003" />
  <testcase classname="com.google.javascript.jscomp.CodePrinterTest" name="testExports" time="0.007" />
  <testcase classname="com.google.javascript.jscomp.CodePrinterTest" name="testTemplateLiteral" time="0.001">
    <error message="-1" type="java.lang.ArrayIndexOutOfBoundsException">java.lang.ArrayIndexOutOfBoundsException: -1
	at com.google.javascript.jscomp.parsing.parser.LineNumberTable.offsetOfLine(LineNumberTable.java:93)
	at com.google.javascript.jscomp.parsing.parser.LineNumberTable.getColumn(LineNumberTable.java:97)
	at com.google.javascript.jscomp.parsing.parser.LineNumberTable.getSourcePosition(LineNumberTable.java:80)
	at com.google.javascript.jscomp.parsing.parser.LineNumberTable.getSourceRange(LineNumberTable.java:101)
	at com.google.javascript.jscomp.parsing.parser.Scanner.getTokenRange(Scanner.java:80)
	at com.google.javascript.jscomp.parsing.parser.Scanner.nextTemplateLiteralTokenShared(Scanner.java:793)
	at com.google.javascript.jscomp.parsing.parser.Scanner.scanTemplateLiteral(Scanner.java:777)
	at com.google.javascript.jscomp.parsing.parser.Scanner.scanToken(Scanner.java:567)
	at com.google.javascript.jscomp.parsing.parser.Scanner.peekToken(Scanner.java:228)
	at com.google.javascript.jscomp.parsing.parser.Parser.peekToken(Parser.java:2879)
	at com.google.javascript.jscomp.parsing.parser.Parser.peekToken(Parser.java:2872)
	at com.google.javascript.jscomp.parsing.parser.Parser.getTreeStartLocation(Parser.java:2791)
	at com.google.javascript.jscomp.parsing.parser.Parser.parseProgram(Parser.java:150)
	at com.google.javascript.jscomp.parsing.ParserRunner.parse(ParserRunner.java:102)
	at com.google.javascript.jscomp.JsAst.parse(JsAst.java:84)
	at com.google.javascript.jscomp.JsAst.getAstRoot(JsAst.java:50)
	at com.google.javascript.jscomp.CompilerInput.getAstRoot(CompilerInput.java:114)
	at com.google.javascript.jscomp.Compiler.parseTestCode(Compiler.java:1669)
	at com.google.javascript.jscomp.CodePrinterTestBase.parse(CodePrinterTestBase.java:57)
	at com.google.javascript.jscomp.CodePrinterTestBase.parse(CodePrinterTestBase.java:44)
	at com.google.javascript.jscomp.CodePrinterTestBase.assertPrint(CodePrinterTestBase.java:125)
	at com.google.javascript.jscomp.CodePrinterTestBase.assertPrintSame(CodePrinterTestBase.java:136)
	at com.google.javascript.jscomp.CodePrinterTest.testTemplateLiteral(CodePrinterTest.java:1975)
</error>
  </testcase>
  <system-out><![CDATA[]]></system-out>
  <system-err><![CDATA[]]></system-err>
</testsuite>
