<?xml version="1.0" encoding="UTF-8" ?>
<testsuite errors="8" failures="0" hostname="cs-210-206.cs.ucla.edu" name="com.google.javascript.jscomp.FlowSensitiveInlineVariablesTest" skipped="0" tests="76" time="1.166" timestamp="2015-03-09T03:17:22">
  <properties>
    <property name="java.vendor" value="Oracle Corporation" />
    <property name="lib.dir" value="/Users/linmanna/Documents/proj/UCLA-CS-239-Winter-2015/Part_B/Benchmark/closure-compiler/lib" />
    <property name="refasterjs-jarfile" value="/Users/linmanna/Documents/proj/UCLA-CS-239-Winter-2015/Part_B/Benchmark/closure-compiler/build/refasterjs.jar" />
    <property name="sun.java.launcher" value="SUN_STANDARD" />
    <property name="sun.management.compiler" value="HotSpot 64-Bit Tiered Compilers" />
    <property name="os.name" value="Mac OS X" />
    <property name="sun.boot.class.path" value="/Library/Java/JavaVirtualMachines/jdk1.7.0_75.jdk/Contents/Home/jre/lib/resources.jar:/Library/Java/JavaVirtualMachines/jdk1.7.0_75.jdk/Contents/Home/jre/lib/rt.jar:/Library/Java/JavaVirtualMachines/jdk1.7.0_75.jdk/Contents/Home/jre/lib/sunrsasign.jar:/Library/Java/JavaVirtualMachines/jdk1.7.0_75.jdk/Contents/Home/jre/lib/jsse.jar:/Library/Java/JavaVirtualMachines/jdk1.7.0_75.jdk/Contents/Home/jre/lib/jce.jar:/Library/Java/JavaVirtualMachines/jdk1.7.0_75.jdk/Contents/Home/jre/lib/charsets.jar:/Library/Java/JavaVirtualMachines/jdk1.7.0_75.jdk/Contents/Home/jre/lib/jfr.jar:/Library/Java/JavaVirtualMachines/jdk1.7.0_75.jdk/Contents/Home/jre/classes" />
    <property name="maven-repository-id" value="sonatype-nexus-staging" />
    <property name="java.vm.specification.vendor" value="Oracle Corporation" />
    <property name="ant.home" value="//Users/linmanna/ant" />
    <property name="java.runtime.version" value="1.7.0_75-b13" />
    <property name="gen.dir" value="/Users/linmanna/Documents/proj/UCLA-CS-239-Winter-2015/Part_B/Benchmark/closure-compiler/gen" />
    <property name="user.name" value="linmanna" />
    <property name="ant.file.compiler" value="/Users/linmanna/Documents/proj/UCLA-CS-239-Winter-2015/Part_B/Benchmark/closure-compiler/build.xml" />
    <property name="build.dir" value="/Users/linmanna/Documents/proj/UCLA-CS-239-Winter-2015/Part_B/Benchmark/closure-compiler/build" />
    <property name="ant.build.javac.target" value="1.7" />
    <property name="user.language" value="zh" />
    <property name="test.method" value="" />
    <property name="sun.boot.library.path" value="/Library/Java/JavaVirtualMachines/jdk1.7.0_75.jdk/Contents/Home/jre/lib" />
    <property name="ant.project.default-target" value="jar" />
    <property name="ant.project.name" value="compiler" />
    <property name="java.version" value="1.7.0_75" />
    <property name="user.timezone" value="" />
    <property name="sun.arch.data.model" value="64" />
    <property name="http.nonProxyHosts" value="local|*.local|169.254/16|*.169.254/16" />
    <property name="java.endorsed.dirs" value="/Library/Java/JavaVirtualMachines/jdk1.7.0_75.jdk/Contents/Home/jre/lib/endorsed" />
    <property name="sun.cpu.isalist" value="" />
    <property name="sun.jnu.encoding" value="UTF-8" />
    <property name="file.encoding.pkg" value="sun.io" />
    <property name="file.separator" value="/" />
    <property name="java.specification.name" value="Java Platform API Specification" />
    <property name="protoc.executable" value="protoc" />
    <property name="classes.dir" value="/Users/linmanna/Documents/proj/UCLA-CS-239-Winter-2015/Part_B/Benchmark/closure-compiler/build/classes" />
    <property name="java.class.version" value="51.0" />
    <property name="testClasses.dir" value="/Users/linmanna/Documents/proj/UCLA-CS-239-Winter-2015/Part_B/Benchmark/closure-compiler/build/test" />
    <property name="user.country" value="CN" />
    <property name="java.home" value="/Library/Java/JavaVirtualMachines/jdk1.7.0_75.jdk/Contents/Home/jre" />
    <property name="java.vm.info" value="mixed mode" />
    <property name="externs.dir" value="/Users/linmanna/Documents/proj/UCLA-CS-239-Winter-2015/Part_B/Benchmark/closure-compiler/externs" />
    <property name="ant.file" value="/Users/linmanna/Documents/proj/UCLA-CS-239-Winter-2015/Part_B/Benchmark/closure-compiler/build.xml" />
    <property name="os.version" value="10.9.5" />
    <property name="javac.debug" value="on" />
    <property name="path.separator" value=":" />
    <property name="java.vm.version" value="24.75-b04" />
    <property name="ant.library.dir" value="//Users/linmanna/ant/lib" />
    <property name="java.awt.printerjob" value="sun.lwawt.macosx.CPrinterJob" />
    <property name="webservice-jarfile" value="/Users/linmanna/Documents/proj/UCLA-CS-239-Winter-2015/Part_B/Benchmark/closure-compiler/build/webservice.jar" />
    <property name="sun.io.unicode.encoding" value="UnicodeBig" />
    <property name="test.fork" value="true" />
    <property name="webservice.dir" value="/Users/linmanna/Documents/proj/UCLA-CS-239-Winter-2015/Part_B/Benchmark/closure-compiler/src/com/google/javascript/jscomp/webservice" />
    <property name="awt.toolkit" value="sun.lwawt.macosx.LWCToolkit" />
    <property name="buildlib.dir" value="/Users/linmanna/Documents/proj/UCLA-CS-239-Winter-2015/Part_B/Benchmark/closure-compiler/build/lib" />
    <property name="socksNonProxyHosts" value="local|*.local|169.254/16|*.169.254/16" />
    <property name="ftp.nonProxyHosts" value="local|*.local|169.254/16|*.169.254/16" />
    <property name="ant.build.javac.source" value="1.7" />
    <property name="refasterjs.dir" value="/Users/linmanna/Documents/proj/UCLA-CS-239-Winter-2015/Part_B/Benchmark/closure-compiler/src/com/google/javascript/refactoring" />
    <property name="user.home" value="/Users/linmanna" />
    <property name="java.specification.vendor" value="Oracle Corporation" />
    <property name="test.dir" value="/Users/linmanna/Documents/proj/UCLA-CS-239-Winter-2015/Part_B/Benchmark/closure-compiler/test" />
    <property name="java.library.path" value="/Users/linmanna/Library/Java/Extensions:/Library/Java/Extensions:/Network/Library/Java/Extensions:/System/Library/Java/Extensions:/usr/lib/java:." />
    <property name="java.vendor.url" value="http://java.oracle.com/" />
    <property name="java.vm.vendor" value="Oracle Corporation" />
    <property name="gopherProxySet" value="false" />
    <property name="build.relVersion" value="00e3533" />
    <property name="java.runtime.name" value="Java(TM) SE Runtime Environment" />
    <property name="sun.java.command" value="org.apache.tools.ant.taskdefs.optional.junit.JUnitTestRunner testsfile=/Users/linmanna/Documents/proj/UCLA-CS-239-Winter-2015/Part_B/Benchmark/closure-compiler/junittestcases4622356093930181862.properties skipNonTests=false filtertrace=true haltOnError=false haltOnFailure=false formatter=org.apache.tools.ant.taskdefs.optional.junit.SummaryJUnitResultFormatter showoutput=true outputtoformatters=true logfailedtests=true threadid=0 logtestlistenerevents=false formatter=org.apache.tools.ant.taskdefs.optional.junit.BriefJUnitResultFormatter formatter=org.apache.tools.ant.taskdefs.optional.junit.XMLJUnitResultFormatter,/Users/linmanna/Documents/proj/UCLA-CS-239-Winter-2015/Part_B/Benchmark/closure-compiler/build/testoutput/IGNORETHIS.xml crashfile=/Users/linmanna/Documents/proj/UCLA-CS-239-Winter-2015/Part_B/Benchmark/closure-compiler/junitvmwatcher882389895192408063.properties propsfile=/Users/linmanna/Documents/proj/UCLA-CS-239-Winter-2015/Part_B/Benchmark/closure-compiler/junit6374663990081372210.properties" />
    <property name="java.class.path" value="/Users/linmanna/Documents/proj/UCLA-CS-239-Winter-2015/Part_B/Benchmark/closure-compiler/build/classes:/Users/linmanna/Documents/proj/UCLA-CS-239-Winter-2015/Part_B/Benchmark/closure-compiler/lib/ant-launcher.jar:/Users/linmanna/Documents/proj/UCLA-CS-239-Winter-2015/Part_B/Benchmark/closure-compiler/lib/ant.jar:/Users/linmanna/Documents/proj/UCLA-CS-239-Winter-2015/Part_B/Benchmark/closure-compiler/lib/args4j.jar:/Users/linmanna/Documents/proj/UCLA-CS-239-Winter-2015/Part_B/Benchmark/closure-compiler/lib/gson.jar:/Users/linmanna/Documents/proj/UCLA-CS-239-Winter-2015/Part_B/Benchmark/closure-compiler/lib/guava.jar:/Users/linmanna/Documents/proj/UCLA-CS-239-Winter-2015/Part_B/Benchmark/closure-compiler/lib/jsr305.jar:/Users/linmanna/Documents/proj/UCLA-CS-239-Winter-2015/Part_B/Benchmark/closure-compiler/lib/junit.jar:/Users/linmanna/Documents/proj/UCLA-CS-239-Winter-2015/Part_B/Benchmark/closure-compiler/lib/protobuf-java.jar:/Users/linmanna/Documents/proj/UCLA-CS-239-Winter-2015/Part_B/Benchmark/closure-compiler/lib/truth.jar:/Users/linmanna/Documents/proj/UCLA-CS-239-Winter-2015/Part_B/Benchmark/closure-compiler/build/test:/Users/linmanna/ant/lib/ant-launcher.jar:/Users/linmanna/ant/lib/ant.jar:/Users/linmanna/ant/lib/ant-junit.jar:/Users/linmanna/ant/lib/ant-junit4.jar" />
    <property name="ant.version" value="Apache Ant(TM) version 1.9.4 compiled on April 29 2014" />
    <property name="test.class" value="*Test" />
    <property name="java.vm.specification.name" value="Java Virtual Machine Specification" />
    <property name="ant.file.type" value="file" />
    <property name="java.vm.specification.version" value="1.7" />
    <property name="sun.cpu.endian" value="little" />
    <property name="sun.os.patch.level" value="unknown" />
    <property name="java.io.tmpdir" value="/var/folders/_p/3swdt4h96dn79vyt21dtny9h0000gn/T/" />
    <property name="java.vendor.url.bug" value="http://bugreport.sun.com/bugreport/" />
    <property name="java.awt.graphicsenv" value="sun.awt.CGraphicsEnvironment" />
    <property name="maven-repository-url" value="https://oss.sonatype.org/service/local/staging/deploy/maven2/" />
    <property name="os.arch" value="x86_64" />
    <property name="webservice-classes.dir" value="/Users/linmanna/Documents/proj/UCLA-CS-239-Winter-2015/Part_B/Benchmark/closure-compiler/build/webservice-classes" />
    <property name="java.ext.dirs" value="/Users/linmanna/Library/Java/Extensions:/Library/Java/JavaVirtualMachines/jdk1.7.0_75.jdk/Contents/Home/jre/lib/ext:/Library/Java/Extensions:/Network/Library/Java/Extensions:/System/Library/Java/Extensions:/usr/lib/java" />
    <property name="user.dir" value="/Users/linmanna/Documents/proj/UCLA-CS-239-Winter-2015/Part_B/Benchmark/closure-compiler" />
    <property name="ant.file.type.compiler" value="file" />
    <property name="line.separator" value="&#xa;" />
    <property name="java.vm.name" value="Java HotSpot(TM) 64-Bit Server VM" />
    <property name="refasterjs-classes.dir" value="/Users/linmanna/Documents/proj/UCLA-CS-239-Winter-2015/Part_B/Benchmark/closure-compiler/build/refasterjs-classes" />
    <property name="basedir" value="/Users/linmanna/Documents/proj/UCLA-CS-239-Winter-2015/Part_B/Benchmark/closure-compiler" />
    <property name="ant.java.version" value="1.7" />
    <property name="ant.core.lib" value="/Users/linmanna/ant/lib/ant.jar" />
    <property name="file.encoding" value="UTF-8" />
    <property name="closure.build.dir" value="/Users/linmanna/Documents/proj/UCLA-CS-239-Winter-2015/Part_B/Benchmark/closure-compiler/build" />
    <property name="compiler-jarfile" value="/Users/linmanna/Documents/proj/UCLA-CS-239-Winter-2015/Part_B/Benchmark/closure-compiler/build/compiler.jar" />
    <property name="java.specification.version" value="1.7" />
    <property name="src.dir" value="/Users/linmanna/Documents/proj/UCLA-CS-239-Winter-2015/Part_B/Benchmark/closure-compiler/src" />
    <property name="ant.project.invoked-targets" value="clean,compile,compile-tests,test" />
    <property name="javadoc.dir" value="/Users/linmanna/Documents/proj/UCLA-CS-239-Winter-2015/Part_B/Benchmark/closure-compiler/build/javadoc" />
    <property name="tools.dir" value="/Users/linmanna/Documents/proj/UCLA-CS-239-Winter-2015/Part_B/Benchmark/closure-compiler/tools" />
  </properties>
  <testcase classname="com.google.javascript.jscomp.FlowSensitiveInlineVariablesTest" name="testSwitchCase" time="0.013" />
  <testcase classname="com.google.javascript.jscomp.FlowSensitiveInlineVariablesTest" name="testSimpleVar" time="0.021" />
  <testcase classname="com.google.javascript.jscomp.FlowSensitiveInlineVariablesTest" name="testSimpleForIn" time="0.017" />
  <testcase classname="com.google.javascript.jscomp.FlowSensitiveInlineVariablesTest" name="testSimpleAssign" time="0.025" />
  <testcase classname="com.google.javascript.jscomp.FlowSensitiveInlineVariablesTest" name="testExported" time="0.007" />
  <testcase classname="com.google.javascript.jscomp.FlowSensitiveInlineVariablesTest" name="testDoNotInlineIncrement" time="0.014" />
  <testcase classname="com.google.javascript.jscomp.FlowSensitiveInlineVariablesTest" name="testDoNotInlineAssignmentOp" time="0.014" />
  <testcase classname="com.google.javascript.jscomp.FlowSensitiveInlineVariablesTest" name="testDoNotInlineIntoLhsOfAssign" time="0.006" />
  <testcase classname="com.google.javascript.jscomp.FlowSensitiveInlineVariablesTest" name="testMultiUse" time="0.008" />
  <testcase classname="com.google.javascript.jscomp.FlowSensitiveInlineVariablesTest" name="testMultiUseInSameCfgNode" time="0.008" />
  <testcase classname="com.google.javascript.jscomp.FlowSensitiveInlineVariablesTest" name="testMultiUseInTwoDifferentPath" time="0.008" />
  <testcase classname="com.google.javascript.jscomp.FlowSensitiveInlineVariablesTest" name="testAssignmentBeforeDefinition" time="0.007" />
  <testcase classname="com.google.javascript.jscomp.FlowSensitiveInlineVariablesTest" name="testVarInConditionPath" time="0.006" />
  <testcase classname="com.google.javascript.jscomp.FlowSensitiveInlineVariablesTest" name="testMultiDefinitionsBeforeUse" time="0.007" />
  <testcase classname="com.google.javascript.jscomp.FlowSensitiveInlineVariablesTest" name="testMultiDefinitionsInSameCfgNode" time="0.036" />
  <testcase classname="com.google.javascript.jscomp.FlowSensitiveInlineVariablesTest" name="testNotReachingDefinitions" time="0.007" />
  <testcase classname="com.google.javascript.jscomp.FlowSensitiveInlineVariablesTest" name="testNoInlineLoopCarriedDefinition" time="0.017" />
  <testcase classname="com.google.javascript.jscomp.FlowSensitiveInlineVariablesTest" name="testDoNotExitLoop" time="0.007" />
  <testcase classname="com.google.javascript.jscomp.FlowSensitiveInlineVariablesTest" name="testDoNotInlineWithinLoop" time="0.008" />
  <testcase classname="com.google.javascript.jscomp.FlowSensitiveInlineVariablesTest" name="testDoNotInlineCatchExpression1" time="0.002">
    <error message="Missing catch or finally for try statement.. Reference node:&#xa;TRY 2 [source_file: testcode]&#xa;    BLOCK 2 [source_file: testcode]&#xa;        THROW 3 [source_file: testcode]&#xa;            CALL 3 [free_call: 1] [source_file: testcode]&#xa;                NAME Error 3 [source_file: testcode]&#xa;                STRING  3 [source_file: testcode]&#xa;    BLOCK 4 [source_file: testcode]&#xa;        CATCH 4 [source_file: testcode]&#xa;            NAME err 4 [source_file: testcode]&#xa;            BLOCK 4 [source_file: testcode]&#xa;                EXPR_RESULT 4 [source_file: testcode]&#xa;                    ASSIGN 4 [source_file: testcode]&#xa;                        NAME a 4 [source_file: testcode]&#xa;                        NAME err 4 [source_file: testcode]&#xa;" type="java.lang.IllegalStateException">java.lang.IllegalStateException: Missing catch or finally for try statement.. Reference node:
TRY 2 [source_file: testcode]
    BLOCK 2 [source_file: testcode]
        THROW 3 [source_file: testcode]
            CALL 3 [free_call: 1] [source_file: testcode]
                NAME Error 3 [source_file: testcode]
                STRING  3 [source_file: testcode]
    BLOCK 4 [source_file: testcode]
        CATCH 4 [source_file: testcode]
            NAME err 4 [source_file: testcode]
            BLOCK 4 [source_file: testcode]
                EXPR_RESULT 4 [source_file: testcode]
                    ASSIGN 4 [source_file: testcode]
                        NAME a 4 [source_file: testcode]
                        NAME err 4 [source_file: testcode]

	at com.google.javascript.jscomp.AstValidator$1.handleViolation(AstValidator.java:54)
	at com.google.javascript.jscomp.AstValidator.violation(AstValidator.java:1167)
	at com.google.javascript.jscomp.AstValidator.validateTry(AstValidator.java:888)
	at com.google.javascript.jscomp.AstValidator.validateStatement(AstValidator.java:142)
	at com.google.javascript.jscomp.AstValidator.validateBlock(AstValidator.java:481)
	at com.google.javascript.jscomp.AstValidator.validateFunctionStatement(AstValidator.java:569)
	at com.google.javascript.jscomp.AstValidator.validateStatement(AstValidator.java:104)
	at com.google.javascript.jscomp.AstValidator.validateScript(AstValidator.java:91)
	at com.google.javascript.jscomp.AstValidator.validateCodeRoot(AstValidator.java:82)
	at com.google.javascript.jscomp.AstValidator.validateRoot(AstValidator.java:75)
	at com.google.javascript.jscomp.CompilerTestCase.test(CompilerTestCase.java:967)
	at com.google.javascript.jscomp.CompilerTestCase.test(CompilerTestCase.java:935)
	at com.google.javascript.jscomp.CompilerTestCase.test(CompilerTestCase.java:543)
	at com.google.javascript.jscomp.CompilerTestCase.test(CompilerTestCase.java:509)
	at com.google.javascript.jscomp.CompilerTestCase.test(CompilerTestCase.java:489)
	at com.google.javascript.jscomp.CompilerTestCase.test(CompilerTestCase.java:466)
	at com.google.javascript.jscomp.FlowSensitiveInlineVariablesTest.inline(FlowSensitiveInlineVariablesTest.java:590)
	at com.google.javascript.jscomp.FlowSensitiveInlineVariablesTest.noInline(FlowSensitiveInlineVariablesTest.java:586)
	at com.google.javascript.jscomp.FlowSensitiveInlineVariablesTest.testDoNotInlineCatchExpression1(FlowSensitiveInlineVariablesTest.java:147)
</error>
  </testcase>
  <testcase classname="com.google.javascript.jscomp.FlowSensitiveInlineVariablesTest" name="testDoNotInlineCatchExpression1a" time="0.003">
    <error message="Missing catch or finally for try statement.. Reference node:&#xa;TRY 2 [source_file: testcode]&#xa;    BLOCK 2 [source_file: testcode]&#xa;        THROW 3 [source_file: testcode]&#xa;            CALL 3 [free_call: 1] [source_file: testcode]&#xa;                NAME Error 3 [source_file: testcode]&#xa;                STRING  3 [source_file: testcode]&#xa;    BLOCK 4 [source_file: testcode]&#xa;        CATCH 4 [source_file: testcode]&#xa;            NAME err 4 [source_file: testcode]&#xa;            BLOCK 4 [source_file: testcode]&#xa;                EXPR_RESULT 4 [source_file: testcode]&#xa;                    ASSIGN 4 [source_file: testcode]&#xa;                        NAME a 4 [source_file: testcode]&#xa;                        ADD 4 [source_file: testcode]&#xa;                            NAME err 4 [source_file: testcode]&#xa;                            NUMBER 1.0 4 [source_file: testcode]&#xa;" type="java.lang.IllegalStateException">java.lang.IllegalStateException: Missing catch or finally for try statement.. Reference node:
TRY 2 [source_file: testcode]
    BLOCK 2 [source_file: testcode]
        THROW 3 [source_file: testcode]
            CALL 3 [free_call: 1] [source_file: testcode]
                NAME Error 3 [source_file: testcode]
                STRING  3 [source_file: testcode]
    BLOCK 4 [source_file: testcode]
        CATCH 4 [source_file: testcode]
            NAME err 4 [source_file: testcode]
            BLOCK 4 [source_file: testcode]
                EXPR_RESULT 4 [source_file: testcode]
                    ASSIGN 4 [source_file: testcode]
                        NAME a 4 [source_file: testcode]
                        ADD 4 [source_file: testcode]
                            NAME err 4 [source_file: testcode]
                            NUMBER 1.0 4 [source_file: testcode]

	at com.google.javascript.jscomp.AstValidator$1.handleViolation(AstValidator.java:54)
	at com.google.javascript.jscomp.AstValidator.violation(AstValidator.java:1167)
	at com.google.javascript.jscomp.AstValidator.validateTry(AstValidator.java:888)
	at com.google.javascript.jscomp.AstValidator.validateStatement(AstValidator.java:142)
	at com.google.javascript.jscomp.AstValidator.validateBlock(AstValidator.java:481)
	at com.google.javascript.jscomp.AstValidator.validateFunctionStatement(AstValidator.java:569)
	at com.google.javascript.jscomp.AstValidator.validateStatement(AstValidator.java:104)
	at com.google.javascript.jscomp.AstValidator.validateScript(AstValidator.java:91)
	at com.google.javascript.jscomp.AstValidator.validateCodeRoot(AstValidator.java:82)
	at com.google.javascript.jscomp.AstValidator.validateRoot(AstValidator.java:75)
	at com.google.javascript.jscomp.CompilerTestCase.test(CompilerTestCase.java:967)
	at com.google.javascript.jscomp.CompilerTestCase.test(CompilerTestCase.java:935)
	at com.google.javascript.jscomp.CompilerTestCase.test(CompilerTestCase.java:543)
	at com.google.javascript.jscomp.CompilerTestCase.test(CompilerTestCase.java:509)
	at com.google.javascript.jscomp.CompilerTestCase.test(CompilerTestCase.java:489)
	at com.google.javascript.jscomp.CompilerTestCase.test(CompilerTestCase.java:466)
	at com.google.javascript.jscomp.FlowSensitiveInlineVariablesTest.inline(FlowSensitiveInlineVariablesTest.java:590)
	at com.google.javascript.jscomp.FlowSensitiveInlineVariablesTest.noInline(FlowSensitiveInlineVariablesTest.java:586)
	at com.google.javascript.jscomp.FlowSensitiveInlineVariablesTest.testDoNotInlineCatchExpression1a(FlowSensitiveInlineVariablesTest.java:158)
</error>
  </testcase>
  <testcase classname="com.google.javascript.jscomp.FlowSensitiveInlineVariablesTest" name="testDoNotInlineCatchExpression2" time="0.001">
    <error message="Missing catch or finally for try statement.. Reference node:&#xa;TRY 2 [source_file: testcode]&#xa;    BLOCK 2 [source_file: testcode]&#xa;        IF 3 [source_file: testcode]&#xa;            NAME x 3 [source_file: testcode]&#xa;            BLOCK 3 [source_file: testcode]&#xa;                THROW 3 [source_file: testcode]&#xa;                    CALL 3 [free_call: 1] [source_file: testcode]&#xa;                        NAME Error 3 [source_file: testcode]&#xa;                        STRING  3 [source_file: testcode]&#xa;    BLOCK 4 [source_file: testcode]&#xa;        CATCH 4 [source_file: testcode]&#xa;            NAME err 4 [source_file: testcode]&#xa;            BLOCK 4 [source_file: testcode]&#xa;                EXPR_RESULT 4 [source_file: testcode]&#xa;                    ASSIGN 4 [source_file: testcode]&#xa;                        NAME a 4 [source_file: testcode]&#xa;                        NAME err 4 [source_file: testcode]&#xa;" type="java.lang.IllegalStateException">java.lang.IllegalStateException: Missing catch or finally for try statement.. Reference node:
TRY 2 [source_file: testcode]
    BLOCK 2 [source_file: testcode]
        IF 3 [source_file: testcode]
            NAME x 3 [source_file: testcode]
            BLOCK 3 [source_file: testcode]
                THROW 3 [source_file: testcode]
                    CALL 3 [free_call: 1] [source_file: testcode]
                        NAME Error 3 [source_file: testcode]
                        STRING  3 [source_file: testcode]
    BLOCK 4 [source_file: testcode]
        CATCH 4 [source_file: testcode]
            NAME err 4 [source_file: testcode]
            BLOCK 4 [source_file: testcode]
                EXPR_RESULT 4 [source_file: testcode]
                    ASSIGN 4 [source_file: testcode]
                        NAME a 4 [source_file: testcode]
                        NAME err 4 [source_file: testcode]

	at com.google.javascript.jscomp.AstValidator$1.handleViolation(AstValidator.java:54)
	at com.google.javascript.jscomp.AstValidator.violation(AstValidator.java:1167)
	at com.google.javascript.jscomp.AstValidator.validateTry(AstValidator.java:888)
	at com.google.javascript.jscomp.AstValidator.validateStatement(AstValidator.java:142)
	at com.google.javascript.jscomp.AstValidator.validateBlock(AstValidator.java:481)
	at com.google.javascript.jscomp.AstValidator.validateFunctionStatement(AstValidator.java:569)
	at com.google.javascript.jscomp.AstValidator.validateStatement(AstValidator.java:104)
	at com.google.javascript.jscomp.AstValidator.validateScript(AstValidator.java:91)
	at com.google.javascript.jscomp.AstValidator.validateCodeRoot(AstValidator.java:82)
	at com.google.javascript.jscomp.AstValidator.validateRoot(AstValidator.java:75)
	at com.google.javascript.jscomp.CompilerTestCase.test(CompilerTestCase.java:967)
	at com.google.javascript.jscomp.CompilerTestCase.test(CompilerTestCase.java:935)
	at com.google.javascript.jscomp.CompilerTestCase.test(CompilerTestCase.java:543)
	at com.google.javascript.jscomp.CompilerTestCase.test(CompilerTestCase.java:509)
	at com.google.javascript.jscomp.CompilerTestCase.test(CompilerTestCase.java:489)
	at com.google.javascript.jscomp.CompilerTestCase.test(CompilerTestCase.java:466)
	at com.google.javascript.jscomp.FlowSensitiveInlineVariablesTest.inline(FlowSensitiveInlineVariablesTest.java:590)
	at com.google.javascript.jscomp.FlowSensitiveInlineVariablesTest.noInline(FlowSensitiveInlineVariablesTest.java:586)
	at com.google.javascript.jscomp.FlowSensitiveInlineVariablesTest.testDoNotInlineCatchExpression2(FlowSensitiveInlineVariablesTest.java:169)
</error>
  </testcase>
  <testcase classname="com.google.javascript.jscomp.FlowSensitiveInlineVariablesTest" name="testDoNotInlineCatchExpression3" time="0.001">
    <error message="Missing catch or finally for try statement.. Reference node:&#xa;TRY 2 [source_file: testcode]&#xa;    BLOCK 2 [source_file: testcode]&#xa;        THROW 3 [source_file: testcode]&#xa;            CALL 3 [free_call: 1] [source_file: testcode]&#xa;                NAME Error 3 [source_file: testcode]&#xa;                STRING  3 [source_file: testcode]&#xa;    BLOCK 4 [source_file: testcode]&#xa;        CATCH 4 [source_file: testcode]&#xa;            NAME err 4 [source_file: testcode]&#xa;            BLOCK 4 [source_file: testcode]&#xa;                EXPR_RESULT 4 [source_file: testcode]&#xa;                    ASSIGN 4 [source_file: testcode]&#xa;                        NAME err 4 [source_file: testcode]&#xa;                        NAME x 4 [source_file: testcode]&#xa;                EXPR_RESULT 5 [source_file: testcode]&#xa;                    ASSIGN 5 [source_file: testcode]&#xa;                        NAME a 5 [source_file: testcode]&#xa;                        NAME err 5 [source_file: testcode]&#xa;" type="java.lang.IllegalStateException">java.lang.IllegalStateException: Missing catch or finally for try statement.. Reference node:
TRY 2 [source_file: testcode]
    BLOCK 2 [source_file: testcode]
        THROW 3 [source_file: testcode]
            CALL 3 [free_call: 1] [source_file: testcode]
                NAME Error 3 [source_file: testcode]
                STRING  3 [source_file: testcode]
    BLOCK 4 [source_file: testcode]
        CATCH 4 [source_file: testcode]
            NAME err 4 [source_file: testcode]
            BLOCK 4 [source_file: testcode]
                EXPR_RESULT 4 [source_file: testcode]
                    ASSIGN 4 [source_file: testcode]
                        NAME err 4 [source_file: testcode]
                        NAME x 4 [source_file: testcode]
                EXPR_RESULT 5 [source_file: testcode]
                    ASSIGN 5 [source_file: testcode]
                        NAME a 5 [source_file: testcode]
                        NAME err 5 [source_file: testcode]

	at com.google.javascript.jscomp.AstValidator$1.handleViolation(AstValidator.java:54)
	at com.google.javascript.jscomp.AstValidator.violation(AstValidator.java:1167)
	at com.google.javascript.jscomp.AstValidator.validateTry(AstValidator.java:888)
	at com.google.javascript.jscomp.AstValidator.validateStatement(AstValidator.java:142)
	at com.google.javascript.jscomp.AstValidator.validateBlock(AstValidator.java:481)
	at com.google.javascript.jscomp.AstValidator.validateFunctionStatement(AstValidator.java:569)
	at com.google.javascript.jscomp.AstValidator.validateStatement(AstValidator.java:104)
	at com.google.javascript.jscomp.AstValidator.validateScript(AstValidator.java:91)
	at com.google.javascript.jscomp.AstValidator.validateCodeRoot(AstValidator.java:82)
	at com.google.javascript.jscomp.AstValidator.validateRoot(AstValidator.java:75)
	at com.google.javascript.jscomp.CompilerTestCase.test(CompilerTestCase.java:967)
	at com.google.javascript.jscomp.CompilerTestCase.test(CompilerTestCase.java:935)
	at com.google.javascript.jscomp.CompilerTestCase.test(CompilerTestCase.java:543)
	at com.google.javascript.jscomp.CompilerTestCase.test(CompilerTestCase.java:509)
	at com.google.javascript.jscomp.CompilerTestCase.test(CompilerTestCase.java:489)
	at com.google.javascript.jscomp.CompilerTestCase.test(CompilerTestCase.java:466)
	at com.google.javascript.jscomp.FlowSensitiveInlineVariablesTest.inline(FlowSensitiveInlineVariablesTest.java:590)
	at com.google.javascript.jscomp.FlowSensitiveInlineVariablesTest.noInline(FlowSensitiveInlineVariablesTest.java:586)
	at com.google.javascript.jscomp.FlowSensitiveInlineVariablesTest.testDoNotInlineCatchExpression3(FlowSensitiveInlineVariablesTest.java:180)
</error>
  </testcase>
  <testcase classname="com.google.javascript.jscomp.FlowSensitiveInlineVariablesTest" name="testDoNotInlineCatchExpression4" time="0.001">
    <error message="Missing catch or finally for try statement.. Reference node:&#xa;TRY 1 [source_file: testcode]&#xa;    BLOCK 1 [source_file: testcode]&#xa;        EXPR_RESULT 2 [source_file: testcode]&#xa;            CALL 2 [free_call: 1] [source_file: testcode]&#xa;                NAME stuff 2 [source_file: testcode]&#xa;    BLOCK 3 [source_file: testcode]&#xa;        CATCH 3 [source_file: testcode]&#xa;            NAME e 3 [source_file: testcode]&#xa;            BLOCK 3 [source_file: testcode]&#xa;                EXPR_RESULT 4 [source_file: testcode]&#xa;                    ASSIGN 4 [source_file: testcode]&#xa;                        NAME x 4 [source_file: testcode]&#xa;                        NAME e 4 [source_file: testcode]&#xa;                EXPR_RESULT 5 [source_file: testcode]&#xa;                    CALL 5 [free_call: 1] [source_file: testcode]&#xa;                        NAME print 5 [source_file: testcode]&#xa;                        NAME x 5 [source_file: testcode]&#xa;" type="java.lang.IllegalStateException">java.lang.IllegalStateException: Missing catch or finally for try statement.. Reference node:
TRY 1 [source_file: testcode]
    BLOCK 1 [source_file: testcode]
        EXPR_RESULT 2 [source_file: testcode]
            CALL 2 [free_call: 1] [source_file: testcode]
                NAME stuff 2 [source_file: testcode]
    BLOCK 3 [source_file: testcode]
        CATCH 3 [source_file: testcode]
            NAME e 3 [source_file: testcode]
            BLOCK 3 [source_file: testcode]
                EXPR_RESULT 4 [source_file: testcode]
                    ASSIGN 4 [source_file: testcode]
                        NAME x 4 [source_file: testcode]
                        NAME e 4 [source_file: testcode]
                EXPR_RESULT 5 [source_file: testcode]
                    CALL 5 [free_call: 1] [source_file: testcode]
                        NAME print 5 [source_file: testcode]
                        NAME x 5 [source_file: testcode]

	at com.google.javascript.jscomp.AstValidator$1.handleViolation(AstValidator.java:54)
	at com.google.javascript.jscomp.AstValidator.violation(AstValidator.java:1167)
	at com.google.javascript.jscomp.AstValidator.validateTry(AstValidator.java:888)
	at com.google.javascript.jscomp.AstValidator.validateStatement(AstValidator.java:142)
	at com.google.javascript.jscomp.AstValidator.validateBlock(AstValidator.java:481)
	at com.google.javascript.jscomp.AstValidator.validateFunctionStatement(AstValidator.java:569)
	at com.google.javascript.jscomp.AstValidator.validateStatement(AstValidator.java:104)
	at com.google.javascript.jscomp.AstValidator.validateScript(AstValidator.java:91)
	at com.google.javascript.jscomp.AstValidator.validateCodeRoot(AstValidator.java:82)
	at com.google.javascript.jscomp.AstValidator.validateRoot(AstValidator.java:75)
	at com.google.javascript.jscomp.CompilerTestCase.test(CompilerTestCase.java:967)
	at com.google.javascript.jscomp.CompilerTestCase.test(CompilerTestCase.java:935)
	at com.google.javascript.jscomp.CompilerTestCase.test(CompilerTestCase.java:543)
	at com.google.javascript.jscomp.CompilerTestCase.test(CompilerTestCase.java:509)
	at com.google.javascript.jscomp.CompilerTestCase.test(CompilerTestCase.java:489)
	at com.google.javascript.jscomp.CompilerTestCase.test(CompilerTestCase.java:466)
	at com.google.javascript.jscomp.FlowSensitiveInlineVariablesTest.inline(FlowSensitiveInlineVariablesTest.java:590)
	at com.google.javascript.jscomp.FlowSensitiveInlineVariablesTest.noInline(FlowSensitiveInlineVariablesTest.java:586)
	at com.google.javascript.jscomp.FlowSensitiveInlineVariablesTest.testDoNotInlineCatchExpression4(FlowSensitiveInlineVariablesTest.java:193)
</error>
  </testcase>
  <testcase classname="com.google.javascript.jscomp.FlowSensitiveInlineVariablesTest" name="testDefinitionAfterUse" time="0.006" />
  <testcase classname="com.google.javascript.jscomp.FlowSensitiveInlineVariablesTest" name="testInlineSameVariableInStraightLine" time="0.006" />
  <testcase classname="com.google.javascript.jscomp.FlowSensitiveInlineVariablesTest" name="testInlineInDifferentPaths" time="0.008" />
  <testcase classname="com.google.javascript.jscomp.FlowSensitiveInlineVariablesTest" name="testNoInlineInMergedPath" time="0.012" />
  <testcase classname="com.google.javascript.jscomp.FlowSensitiveInlineVariablesTest" name="testInlineIntoExpressions" time="0.007" />
  <testcase classname="com.google.javascript.jscomp.FlowSensitiveInlineVariablesTest" name="testInlineExpressions1" time="0.008" />
  <testcase classname="com.google.javascript.jscomp.FlowSensitiveInlineVariablesTest" name="testInlineExpressions2" time="0.009" />
  <testcase classname="com.google.javascript.jscomp.FlowSensitiveInlineVariablesTest" name="testInlineExpressions3" time="0.01" />
  <testcase classname="com.google.javascript.jscomp.FlowSensitiveInlineVariablesTest" name="testInlineExpressions4" time="0.01" />
  <testcase classname="com.google.javascript.jscomp.FlowSensitiveInlineVariablesTest" name="testInlineExpressions5" time="0.008" />
  <testcase classname="com.google.javascript.jscomp.FlowSensitiveInlineVariablesTest" name="testInlineExpressions6" time="0.014" />
  <testcase classname="com.google.javascript.jscomp.FlowSensitiveInlineVariablesTest" name="testInlineExpression7" time="0.04" />
  <testcase classname="com.google.javascript.jscomp.FlowSensitiveInlineVariablesTest" name="testInlineExpression8" time="0.03" />
  <testcase classname="com.google.javascript.jscomp.FlowSensitiveInlineVariablesTest" name="testInlineExpression9" time="0.013" />
  <testcase classname="com.google.javascript.jscomp.FlowSensitiveInlineVariablesTest" name="testInlineExpression10" time="0.038" />
  <testcase classname="com.google.javascript.jscomp.FlowSensitiveInlineVariablesTest" name="testInlineExpressions11" time="0.023" />
  <testcase classname="com.google.javascript.jscomp.FlowSensitiveInlineVariablesTest" name="testInlineExpressions12" time="0.017" />
  <testcase classname="com.google.javascript.jscomp.FlowSensitiveInlineVariablesTest" name="testInlineExpressions13" time="0.011" />
  <testcase classname="com.google.javascript.jscomp.FlowSensitiveInlineVariablesTest" name="testNoInlineIfDefinitionMayNotReach" time="0.007" />
  <testcase classname="com.google.javascript.jscomp.FlowSensitiveInlineVariablesTest" name="testNoInlineEscapedToInnerFunction" time="0.008" />
  <testcase classname="com.google.javascript.jscomp.FlowSensitiveInlineVariablesTest" name="testNoInlineLValue" time="0.007" />
  <testcase classname="com.google.javascript.jscomp.FlowSensitiveInlineVariablesTest" name="testShadowedVariableInnerFunction" time="0.01" />
  <testcase classname="com.google.javascript.jscomp.FlowSensitiveInlineVariablesTest" name="testCatch" time="0.003">
    <error message="Missing catch or finally for try statement.. Reference node:&#xa;TRY 1 [source_file: testcode]&#xa;    BLOCK 1 [source_file: testcode]&#xa;    BLOCK 1 [source_file: testcode]&#xa;        CATCH 1 [source_file: testcode]&#xa;            NAME x 1 [source_file: testcode]&#xa;            BLOCK 1 [source_file: testcode]&#xa;" type="java.lang.IllegalStateException">java.lang.IllegalStateException: Missing catch or finally for try statement.. Reference node:
TRY 1 [source_file: testcode]
    BLOCK 1 [source_file: testcode]
    BLOCK 1 [source_file: testcode]
        CATCH 1 [source_file: testcode]
            NAME x 1 [source_file: testcode]
            BLOCK 1 [source_file: testcode]

	at com.google.javascript.jscomp.AstValidator$1.handleViolation(AstValidator.java:54)
	at com.google.javascript.jscomp.AstValidator.violation(AstValidator.java:1167)
	at com.google.javascript.jscomp.AstValidator.validateTry(AstValidator.java:888)
	at com.google.javascript.jscomp.AstValidator.validateStatement(AstValidator.java:142)
	at com.google.javascript.jscomp.AstValidator.validateBlock(AstValidator.java:481)
	at com.google.javascript.jscomp.AstValidator.validateFunctionStatement(AstValidator.java:569)
	at com.google.javascript.jscomp.AstValidator.validateStatement(AstValidator.java:104)
	at com.google.javascript.jscomp.AstValidator.validateScript(AstValidator.java:91)
	at com.google.javascript.jscomp.AstValidator.validateCodeRoot(AstValidator.java:82)
	at com.google.javascript.jscomp.AstValidator.validateRoot(AstValidator.java:75)
	at com.google.javascript.jscomp.CompilerTestCase.test(CompilerTestCase.java:967)
	at com.google.javascript.jscomp.CompilerTestCase.test(CompilerTestCase.java:935)
	at com.google.javascript.jscomp.CompilerTestCase.test(CompilerTestCase.java:543)
	at com.google.javascript.jscomp.CompilerTestCase.test(CompilerTestCase.java:509)
	at com.google.javascript.jscomp.CompilerTestCase.test(CompilerTestCase.java:489)
	at com.google.javascript.jscomp.CompilerTestCase.test(CompilerTestCase.java:466)
	at com.google.javascript.jscomp.FlowSensitiveInlineVariablesTest.inline(FlowSensitiveInlineVariablesTest.java:590)
	at com.google.javascript.jscomp.FlowSensitiveInlineVariablesTest.noInline(FlowSensitiveInlineVariablesTest.java:586)
	at com.google.javascript.jscomp.FlowSensitiveInlineVariablesTest.testCatch(FlowSensitiveInlineVariablesTest.java:336)
</error>
  </testcase>
  <testcase classname="com.google.javascript.jscomp.FlowSensitiveInlineVariablesTest" name="testNoInlineGetProp" time="0.011" />
  <testcase classname="com.google.javascript.jscomp.FlowSensitiveInlineVariablesTest" name="testNoInlineGetProp2" time="0.01" />
  <testcase classname="com.google.javascript.jscomp.FlowSensitiveInlineVariablesTest" name="testNoInlineGetProp3" time="0.011" />
  <testcase classname="com.google.javascript.jscomp.FlowSensitiveInlineVariablesTest" name="testNoInlineGetEle" time="0.006" />
  <testcase classname="com.google.javascript.jscomp.FlowSensitiveInlineVariablesTest" name="testNoInlineConstructors" time="0.005" />
  <testcase classname="com.google.javascript.jscomp.FlowSensitiveInlineVariablesTest" name="testNoInlineArrayLits" time="0.005" />
  <testcase classname="com.google.javascript.jscomp.FlowSensitiveInlineVariablesTest" name="testNoInlineObjectLits" time="0.006" />
  <testcase classname="com.google.javascript.jscomp.FlowSensitiveInlineVariablesTest" name="testNoInlineRegExpLits" time="0.008" />
  <testcase classname="com.google.javascript.jscomp.FlowSensitiveInlineVariablesTest" name="testInlineConstructorCallsIntoLoop" time="0.013" />
  <testcase classname="com.google.javascript.jscomp.FlowSensitiveInlineVariablesTest" name="testRemoveWithLabels" time="0.016" />
  <testcase classname="com.google.javascript.jscomp.FlowSensitiveInlineVariablesTest" name="testInlineAcrossSideEffect1" time="0.01" />
  <testcase classname="com.google.javascript.jscomp.FlowSensitiveInlineVariablesTest" name="testInlineAcrossSideEffect2" time="0.032" />
  <testcase classname="com.google.javascript.jscomp.FlowSensitiveInlineVariablesTest" name="testInlineAcrossSideEffect3" time="0.039" />
  <testcase classname="com.google.javascript.jscomp.FlowSensitiveInlineVariablesTest" name="testInlineAcrossSideEffect4" time="0.036" />
  <testcase classname="com.google.javascript.jscomp.FlowSensitiveInlineVariablesTest" name="testCanInlineAcrossNoSideEffect" time="0.008" />
  <testcase classname="com.google.javascript.jscomp.FlowSensitiveInlineVariablesTest" name="testDependOnOuterScopeVariables" time="0.035" />
  <testcase classname="com.google.javascript.jscomp.FlowSensitiveInlineVariablesTest" name="testInlineIfNameIsLeftSideOfAssign" time="0.059" />
  <testcase classname="com.google.javascript.jscomp.FlowSensitiveInlineVariablesTest" name="testInlineArguments" time="0.034" />
  <testcase classname="com.google.javascript.jscomp.FlowSensitiveInlineVariablesTest" name="testInvalidInlineArguments1" time="0.036" />
  <testcase classname="com.google.javascript.jscomp.FlowSensitiveInlineVariablesTest" name="testInvalidInlineArguments2" time="0.006" />
  <testcase classname="com.google.javascript.jscomp.FlowSensitiveInlineVariablesTest" name="testNotOkToSkipCheckPathBetweenNodes" time="0.022" />
  <testcase classname="com.google.javascript.jscomp.FlowSensitiveInlineVariablesTest" name="testIssue698" time="0.011" />
  <testcase classname="com.google.javascript.jscomp.FlowSensitiveInlineVariablesTest" name="testIssue777" time="0.028" />
  <testcase classname="com.google.javascript.jscomp.FlowSensitiveInlineVariablesTest" name="testTransitiveDependencies1" time="0.007" />
  <testcase classname="com.google.javascript.jscomp.FlowSensitiveInlineVariablesTest" name="testTransitiveDependencies2" time="0.01" />
  <testcase classname="com.google.javascript.jscomp.FlowSensitiveInlineVariablesTest" name="testIssue794a" time="0.003">
    <error message="Missing catch or finally for try statement.. Reference node:&#xa;TRY 1 [source_file: testcode]&#xa;    BLOCK 1 [source_file: testcode]&#xa;        EXPR_RESULT 1 [source_file: testcode]&#xa;            ASSIGN_ADD 1 [source_file: testcode]&#xa;                NAME x 1 [source_file: testcode]&#xa;                CALL 1 [free_call: 1] [source_file: testcode]&#xa;                    NAME someFunction 1 [source_file: testcode]&#xa;    BLOCK 1 [source_file: testcode]&#xa;        CATCH 1 [source_file: testcode]&#xa;            NAME e 1 [source_file: testcode]&#xa;            BLOCK 1 [source_file: testcode]&#xa;" type="java.lang.IllegalStateException">java.lang.IllegalStateException: Missing catch or finally for try statement.. Reference node:
TRY 1 [source_file: testcode]
    BLOCK 1 [source_file: testcode]
        EXPR_RESULT 1 [source_file: testcode]
            ASSIGN_ADD 1 [source_file: testcode]
                NAME x 1 [source_file: testcode]
                CALL 1 [free_call: 1] [source_file: testcode]
                    NAME someFunction 1 [source_file: testcode]
    BLOCK 1 [source_file: testcode]
        CATCH 1 [source_file: testcode]
            NAME e 1 [source_file: testcode]
            BLOCK 1 [source_file: testcode]

	at com.google.javascript.jscomp.AstValidator$1.handleViolation(AstValidator.java:54)
	at com.google.javascript.jscomp.AstValidator.violation(AstValidator.java:1167)
	at com.google.javascript.jscomp.AstValidator.validateTry(AstValidator.java:888)
	at com.google.javascript.jscomp.AstValidator.validateStatement(AstValidator.java:142)
	at com.google.javascript.jscomp.AstValidator.validateBlock(AstValidator.java:481)
	at com.google.javascript.jscomp.AstValidator.validateFunctionStatement(AstValidator.java:569)
	at com.google.javascript.jscomp.AstValidator.validateStatement(AstValidator.java:104)
	at com.google.javascript.jscomp.AstValidator.validateScript(AstValidator.java:91)
	at com.google.javascript.jscomp.AstValidator.validateCodeRoot(AstValidator.java:82)
	at com.google.javascript.jscomp.AstValidator.validateRoot(AstValidator.java:75)
	at com.google.javascript.jscomp.CompilerTestCase.test(CompilerTestCase.java:967)
	at com.google.javascript.jscomp.CompilerTestCase.test(CompilerTestCase.java:935)
	at com.google.javascript.jscomp.CompilerTestCase.test(CompilerTestCase.java:543)
	at com.google.javascript.jscomp.CompilerTestCase.test(CompilerTestCase.java:509)
	at com.google.javascript.jscomp.CompilerTestCase.test(CompilerTestCase.java:489)
	at com.google.javascript.jscomp.CompilerTestCase.test(CompilerTestCase.java:466)
	at com.google.javascript.jscomp.FlowSensitiveInlineVariablesTest.inline(FlowSensitiveInlineVariablesTest.java:590)
	at com.google.javascript.jscomp.FlowSensitiveInlineVariablesTest.noInline(FlowSensitiveInlineVariablesTest.java:586)
	at com.google.javascript.jscomp.FlowSensitiveInlineVariablesTest.testIssue794a(FlowSensitiveInlineVariablesTest.java:561)
</error>
  </testcase>
  <testcase classname="com.google.javascript.jscomp.FlowSensitiveInlineVariablesTest" name="testIssue794b" time="0.002">
    <error message="Missing catch or finally for try statement.. Reference node:&#xa;TRY 1 [source_file: testcode]&#xa;    BLOCK 1 [source_file: testcode]&#xa;        EXPR_RESULT 1 [source_file: testcode]&#xa;            ASSIGN 1 [source_file: testcode]&#xa;                NAME x 1 [source_file: testcode]&#xa;                ADD 1 [source_file: testcode]&#xa;                    NAME x 1 [source_file: testcode]&#xa;                    CALL 1 [free_call: 1] [source_file: testcode]&#xa;                        NAME someFunction 1 [source_file: testcode]&#xa;    BLOCK 1 [source_file: testcode]&#xa;        CATCH 1 [source_file: testcode]&#xa;            NAME e 1 [source_file: testcode]&#xa;            BLOCK 1 [source_file: testcode]&#xa;" type="java.lang.IllegalStateException">java.lang.IllegalStateException: Missing catch or finally for try statement.. Reference node:
TRY 1 [source_file: testcode]
    BLOCK 1 [source_file: testcode]
        EXPR_RESULT 1 [source_file: testcode]
            ASSIGN 1 [source_file: testcode]
                NAME x 1 [source_file: testcode]
                ADD 1 [source_file: testcode]
                    NAME x 1 [source_file: testcode]
                    CALL 1 [free_call: 1] [source_file: testcode]
                        NAME someFunction 1 [source_file: testcode]
    BLOCK 1 [source_file: testcode]
        CATCH 1 [source_file: testcode]
            NAME e 1 [source_file: testcode]
            BLOCK 1 [source_file: testcode]

	at com.google.javascript.jscomp.AstValidator$1.handleViolation(AstValidator.java:54)
	at com.google.javascript.jscomp.AstValidator.violation(AstValidator.java:1167)
	at com.google.javascript.jscomp.AstValidator.validateTry(AstValidator.java:888)
	at com.google.javascript.jscomp.AstValidator.validateStatement(AstValidator.java:142)
	at com.google.javascript.jscomp.AstValidator.validateBlock(AstValidator.java:481)
	at com.google.javascript.jscomp.AstValidator.validateFunctionStatement(AstValidator.java:569)
	at com.google.javascript.jscomp.AstValidator.validateStatement(AstValidator.java:104)
	at com.google.javascript.jscomp.AstValidator.validateScript(AstValidator.java:91)
	at com.google.javascript.jscomp.AstValidator.validateCodeRoot(AstValidator.java:82)
	at com.google.javascript.jscomp.AstValidator.validateRoot(AstValidator.java:75)
	at com.google.javascript.jscomp.CompilerTestCase.test(CompilerTestCase.java:967)
	at com.google.javascript.jscomp.CompilerTestCase.test(CompilerTestCase.java:935)
	at com.google.javascript.jscomp.CompilerTestCase.test(CompilerTestCase.java:543)
	at com.google.javascript.jscomp.CompilerTestCase.test(CompilerTestCase.java:509)
	at com.google.javascript.jscomp.CompilerTestCase.test(CompilerTestCase.java:489)
	at com.google.javascript.jscomp.CompilerTestCase.test(CompilerTestCase.java:466)
	at com.google.javascript.jscomp.FlowSensitiveInlineVariablesTest.inline(FlowSensitiveInlineVariablesTest.java:590)
	at com.google.javascript.jscomp.FlowSensitiveInlineVariablesTest.noInline(FlowSensitiveInlineVariablesTest.java:586)
	at com.google.javascript.jscomp.FlowSensitiveInlineVariablesTest.testIssue794b(FlowSensitiveInlineVariablesTest.java:570)
</error>
  </testcase>
  <testcase classname="com.google.javascript.jscomp.FlowSensitiveInlineVariablesTest" name="testVarAssinInsideHookIssue965" time="0.039" />
  <testcase classname="com.google.javascript.jscomp.FlowSensitiveInlineVariablesTest" name="testForIn" time="0.075" />
  <system-out><![CDATA[]]></system-out>
  <system-err><![CDATA[]]></system-err>
</testsuite>
