<?xml version="1.0" encoding="UTF-8" ?>
<testsuite errors="11" failures="0" hostname="cs-210-206.cs.ucla.edu" name="com.google.javascript.jscomp.UnreachableCodeEliminationTest" skipped="0" tests="28" time="0.06" timestamp="2015-03-09T03:17:44">
  <properties>
    <property name="java.vendor" value="Oracle Corporation" />
    <property name="lib.dir" value="/Users/linmanna/Documents/proj/UCLA-CS-239-Winter-2015/Part_B/Benchmark/closure-compiler/lib" />
    <property name="refasterjs-jarfile" value="/Users/linmanna/Documents/proj/UCLA-CS-239-Winter-2015/Part_B/Benchmark/closure-compiler/build/refasterjs.jar" />
    <property name="sun.java.launcher" value="SUN_STANDARD" />
    <property name="sun.management.compiler" value="HotSpot 64-Bit Tiered Compilers" />
    <property name="os.name" value="Mac OS X" />
    <property name="sun.boot.class.path" value="/Library/Java/JavaVirtualMachines/jdk1.7.0_75.jdk/Contents/Home/jre/lib/resources.jar:/Library/Java/JavaVirtualMachines/jdk1.7.0_75.jdk/Contents/Home/jre/lib/rt.jar:/Library/Java/JavaVirtualMachines/jdk1.7.0_75.jdk/Contents/Home/jre/lib/sunrsasign.jar:/Library/Java/JavaVirtualMachines/jdk1.7.0_75.jdk/Contents/Home/jre/lib/jsse.jar:/Library/Java/JavaVirtualMachines/jdk1.7.0_75.jdk/Contents/Home/jre/lib/jce.jar:/Library/Java/JavaVirtualMachines/jdk1.7.0_75.jdk/Contents/Home/jre/lib/charsets.jar:/Library/Java/JavaVirtualMachines/jdk1.7.0_75.jdk/Contents/Home/jre/lib/jfr.jar:/Library/Java/JavaVirtualMachines/jdk1.7.0_75.jdk/Contents/Home/jre/classes" />
    <property name="maven-repository-id" value="sonatype-nexus-staging" />
    <property name="java.vm.specification.vendor" value="Oracle Corporation" />
    <property name="ant.home" value="//Users/linmanna/ant" />
    <property name="java.runtime.version" value="1.7.0_75-b13" />
    <property name="gen.dir" value="/Users/linmanna/Documents/proj/UCLA-CS-239-Winter-2015/Part_B/Benchmark/closure-compiler/gen" />
    <property name="user.name" value="linmanna" />
    <property name="ant.file.compiler" value="/Users/linmanna/Documents/proj/UCLA-CS-239-Winter-2015/Part_B/Benchmark/closure-compiler/build.xml" />
    <property name="build.dir" value="/Users/linmanna/Documents/proj/UCLA-CS-239-Winter-2015/Part_B/Benchmark/closure-compiler/build" />
    <property name="ant.build.javac.target" value="1.7" />
    <property name="user.language" value="zh" />
    <property name="test.method" value="" />
    <property name="sun.boot.library.path" value="/Library/Java/JavaVirtualMachines/jdk1.7.0_75.jdk/Contents/Home/jre/lib" />
    <property name="ant.project.default-target" value="jar" />
    <property name="ant.project.name" value="compiler" />
    <property name="java.version" value="1.7.0_75" />
    <property name="user.timezone" value="" />
    <property name="sun.arch.data.model" value="64" />
    <property name="http.nonProxyHosts" value="local|*.local|169.254/16|*.169.254/16" />
    <property name="java.endorsed.dirs" value="/Library/Java/JavaVirtualMachines/jdk1.7.0_75.jdk/Contents/Home/jre/lib/endorsed" />
    <property name="sun.cpu.isalist" value="" />
    <property name="sun.jnu.encoding" value="UTF-8" />
    <property name="file.encoding.pkg" value="sun.io" />
    <property name="file.separator" value="/" />
    <property name="java.specification.name" value="Java Platform API Specification" />
    <property name="protoc.executable" value="protoc" />
    <property name="classes.dir" value="/Users/linmanna/Documents/proj/UCLA-CS-239-Winter-2015/Part_B/Benchmark/closure-compiler/build/classes" />
    <property name="java.class.version" value="51.0" />
    <property name="testClasses.dir" value="/Users/linmanna/Documents/proj/UCLA-CS-239-Winter-2015/Part_B/Benchmark/closure-compiler/build/test" />
    <property name="user.country" value="CN" />
    <property name="java.home" value="/Library/Java/JavaVirtualMachines/jdk1.7.0_75.jdk/Contents/Home/jre" />
    <property name="java.vm.info" value="mixed mode" />
    <property name="externs.dir" value="/Users/linmanna/Documents/proj/UCLA-CS-239-Winter-2015/Part_B/Benchmark/closure-compiler/externs" />
    <property name="ant.file" value="/Users/linmanna/Documents/proj/UCLA-CS-239-Winter-2015/Part_B/Benchmark/closure-compiler/build.xml" />
    <property name="os.version" value="10.9.5" />
    <property name="javac.debug" value="on" />
    <property name="path.separator" value=":" />
    <property name="java.vm.version" value="24.75-b04" />
    <property name="ant.library.dir" value="//Users/linmanna/ant/lib" />
    <property name="java.awt.printerjob" value="sun.lwawt.macosx.CPrinterJob" />
    <property name="webservice-jarfile" value="/Users/linmanna/Documents/proj/UCLA-CS-239-Winter-2015/Part_B/Benchmark/closure-compiler/build/webservice.jar" />
    <property name="sun.io.unicode.encoding" value="UnicodeBig" />
    <property name="test.fork" value="true" />
    <property name="webservice.dir" value="/Users/linmanna/Documents/proj/UCLA-CS-239-Winter-2015/Part_B/Benchmark/closure-compiler/src/com/google/javascript/jscomp/webservice" />
    <property name="awt.toolkit" value="sun.lwawt.macosx.LWCToolkit" />
    <property name="buildlib.dir" value="/Users/linmanna/Documents/proj/UCLA-CS-239-Winter-2015/Part_B/Benchmark/closure-compiler/build/lib" />
    <property name="socksNonProxyHosts" value="local|*.local|169.254/16|*.169.254/16" />
    <property name="ftp.nonProxyHosts" value="local|*.local|169.254/16|*.169.254/16" />
    <property name="ant.build.javac.source" value="1.7" />
    <property name="refasterjs.dir" value="/Users/linmanna/Documents/proj/UCLA-CS-239-Winter-2015/Part_B/Benchmark/closure-compiler/src/com/google/javascript/refactoring" />
    <property name="user.home" value="/Users/linmanna" />
    <property name="java.specification.vendor" value="Oracle Corporation" />
    <property name="test.dir" value="/Users/linmanna/Documents/proj/UCLA-CS-239-Winter-2015/Part_B/Benchmark/closure-compiler/test" />
    <property name="java.library.path" value="/Users/linmanna/Library/Java/Extensions:/Library/Java/Extensions:/Network/Library/Java/Extensions:/System/Library/Java/Extensions:/usr/lib/java:." />
    <property name="java.vendor.url" value="http://java.oracle.com/" />
    <property name="java.vm.vendor" value="Oracle Corporation" />
    <property name="gopherProxySet" value="false" />
    <property name="build.relVersion" value="00e3533" />
    <property name="java.runtime.name" value="Java(TM) SE Runtime Environment" />
    <property name="sun.java.command" value="org.apache.tools.ant.taskdefs.optional.junit.JUnitTestRunner testsfile=/Users/linmanna/Documents/proj/UCLA-CS-239-Winter-2015/Part_B/Benchmark/closure-compiler/junittestcases4622356093930181862.properties skipNonTests=false filtertrace=true haltOnError=false haltOnFailure=false formatter=org.apache.tools.ant.taskdefs.optional.junit.SummaryJUnitResultFormatter showoutput=true outputtoformatters=true logfailedtests=true threadid=0 logtestlistenerevents=false formatter=org.apache.tools.ant.taskdefs.optional.junit.BriefJUnitResultFormatter formatter=org.apache.tools.ant.taskdefs.optional.junit.XMLJUnitResultFormatter,/Users/linmanna/Documents/proj/UCLA-CS-239-Winter-2015/Part_B/Benchmark/closure-compiler/build/testoutput/IGNORETHIS.xml crashfile=/Users/linmanna/Documents/proj/UCLA-CS-239-Winter-2015/Part_B/Benchmark/closure-compiler/junitvmwatcher882389895192408063.properties propsfile=/Users/linmanna/Documents/proj/UCLA-CS-239-Winter-2015/Part_B/Benchmark/closure-compiler/junit6374663990081372210.properties" />
    <property name="java.class.path" value="/Users/linmanna/Documents/proj/UCLA-CS-239-Winter-2015/Part_B/Benchmark/closure-compiler/build/classes:/Users/linmanna/Documents/proj/UCLA-CS-239-Winter-2015/Part_B/Benchmark/closure-compiler/lib/ant-launcher.jar:/Users/linmanna/Documents/proj/UCLA-CS-239-Winter-2015/Part_B/Benchmark/closure-compiler/lib/ant.jar:/Users/linmanna/Documents/proj/UCLA-CS-239-Winter-2015/Part_B/Benchmark/closure-compiler/lib/args4j.jar:/Users/linmanna/Documents/proj/UCLA-CS-239-Winter-2015/Part_B/Benchmark/closure-compiler/lib/gson.jar:/Users/linmanna/Documents/proj/UCLA-CS-239-Winter-2015/Part_B/Benchmark/closure-compiler/lib/guava.jar:/Users/linmanna/Documents/proj/UCLA-CS-239-Winter-2015/Part_B/Benchmark/closure-compiler/lib/jsr305.jar:/Users/linmanna/Documents/proj/UCLA-CS-239-Winter-2015/Part_B/Benchmark/closure-compiler/lib/junit.jar:/Users/linmanna/Documents/proj/UCLA-CS-239-Winter-2015/Part_B/Benchmark/closure-compiler/lib/protobuf-java.jar:/Users/linmanna/Documents/proj/UCLA-CS-239-Winter-2015/Part_B/Benchmark/closure-compiler/lib/truth.jar:/Users/linmanna/Documents/proj/UCLA-CS-239-Winter-2015/Part_B/Benchmark/closure-compiler/build/test:/Users/linmanna/ant/lib/ant-launcher.jar:/Users/linmanna/ant/lib/ant.jar:/Users/linmanna/ant/lib/ant-junit.jar:/Users/linmanna/ant/lib/ant-junit4.jar" />
    <property name="ant.version" value="Apache Ant(TM) version 1.9.4 compiled on April 29 2014" />
    <property name="test.class" value="*Test" />
    <property name="java.vm.specification.name" value="Java Virtual Machine Specification" />
    <property name="ant.file.type" value="file" />
    <property name="java.vm.specification.version" value="1.7" />
    <property name="sun.cpu.endian" value="little" />
    <property name="sun.os.patch.level" value="unknown" />
    <property name="java.io.tmpdir" value="/var/folders/_p/3swdt4h96dn79vyt21dtny9h0000gn/T/" />
    <property name="java.vendor.url.bug" value="http://bugreport.sun.com/bugreport/" />
    <property name="java.awt.graphicsenv" value="sun.awt.CGraphicsEnvironment" />
    <property name="maven-repository-url" value="https://oss.sonatype.org/service/local/staging/deploy/maven2/" />
    <property name="os.arch" value="x86_64" />
    <property name="webservice-classes.dir" value="/Users/linmanna/Documents/proj/UCLA-CS-239-Winter-2015/Part_B/Benchmark/closure-compiler/build/webservice-classes" />
    <property name="java.ext.dirs" value="/Users/linmanna/Library/Java/Extensions:/Library/Java/JavaVirtualMachines/jdk1.7.0_75.jdk/Contents/Home/jre/lib/ext:/Library/Java/Extensions:/Network/Library/Java/Extensions:/System/Library/Java/Extensions:/usr/lib/java" />
    <property name="user.dir" value="/Users/linmanna/Documents/proj/UCLA-CS-239-Winter-2015/Part_B/Benchmark/closure-compiler" />
    <property name="ant.file.type.compiler" value="file" />
    <property name="line.separator" value="&#xa;" />
    <property name="java.vm.name" value="Java HotSpot(TM) 64-Bit Server VM" />
    <property name="refasterjs-classes.dir" value="/Users/linmanna/Documents/proj/UCLA-CS-239-Winter-2015/Part_B/Benchmark/closure-compiler/build/refasterjs-classes" />
    <property name="basedir" value="/Users/linmanna/Documents/proj/UCLA-CS-239-Winter-2015/Part_B/Benchmark/closure-compiler" />
    <property name="ant.java.version" value="1.7" />
    <property name="ant.core.lib" value="/Users/linmanna/ant/lib/ant.jar" />
    <property name="file.encoding" value="UTF-8" />
    <property name="closure.build.dir" value="/Users/linmanna/Documents/proj/UCLA-CS-239-Winter-2015/Part_B/Benchmark/closure-compiler/build" />
    <property name="compiler-jarfile" value="/Users/linmanna/Documents/proj/UCLA-CS-239-Winter-2015/Part_B/Benchmark/closure-compiler/build/compiler.jar" />
    <property name="java.specification.version" value="1.7" />
    <property name="src.dir" value="/Users/linmanna/Documents/proj/UCLA-CS-239-Winter-2015/Part_B/Benchmark/closure-compiler/src" />
    <property name="ant.project.invoked-targets" value="clean,compile,compile-tests,test" />
    <property name="javadoc.dir" value="/Users/linmanna/Documents/proj/UCLA-CS-239-Winter-2015/Part_B/Benchmark/closure-compiler/build/javadoc" />
    <property name="tools.dir" value="/Users/linmanna/Documents/proj/UCLA-CS-239-Winter-2015/Part_B/Benchmark/closure-compiler/tools" />
  </properties>
  <testcase classname="com.google.javascript.jscomp.UnreachableCodeEliminationTest" name="testSwitchCase" time="0.002" />
  <testcase classname="com.google.javascript.jscomp.UnreachableCodeEliminationTest" name="testTryCatchFinally" time="0.001">
    <error message="Missing catch or finally for try statement.. Reference node:&#xa;TRY 1 [source_file: testcode]&#xa;    BLOCK 1 [source_file: testcode]&#xa;        EXPR_RESULT 1 [source_file: testcode]&#xa;            CALL 1 [free_call: 1] [source_file: testcode]&#xa;                NAME foo 1 [source_file: testcode]&#xa;    BLOCK 1 [source_file: testcode]&#xa;        CATCH 1 [source_file: testcode]&#xa;            NAME e 1 [source_file: testcode]&#xa;            BLOCK 1 [source_file: testcode]&#xa;                EXPR_RESULT 1 [source_file: testcode]&#xa;                    CALL 1 [free_call: 1] [source_file: testcode]&#xa;                        NAME bar 1 [source_file: testcode]&#xa;" type="java.lang.IllegalStateException">java.lang.IllegalStateException: Missing catch or finally for try statement.. Reference node:
TRY 1 [source_file: testcode]
    BLOCK 1 [source_file: testcode]
        EXPR_RESULT 1 [source_file: testcode]
            CALL 1 [free_call: 1] [source_file: testcode]
                NAME foo 1 [source_file: testcode]
    BLOCK 1 [source_file: testcode]
        CATCH 1 [source_file: testcode]
            NAME e 1 [source_file: testcode]
            BLOCK 1 [source_file: testcode]
                EXPR_RESULT 1 [source_file: testcode]
                    CALL 1 [free_call: 1] [source_file: testcode]
                        NAME bar 1 [source_file: testcode]

	at com.google.javascript.jscomp.AstValidator$1.handleViolation(AstValidator.java:54)
	at com.google.javascript.jscomp.AstValidator.violation(AstValidator.java:1167)
	at com.google.javascript.jscomp.AstValidator.validateTry(AstValidator.java:888)
	at com.google.javascript.jscomp.AstValidator.validateStatement(AstValidator.java:142)
	at com.google.javascript.jscomp.AstValidator.validateScript(AstValidator.java:91)
	at com.google.javascript.jscomp.AstValidator.validateCodeRoot(AstValidator.java:82)
	at com.google.javascript.jscomp.AstValidator.validateRoot(AstValidator.java:75)
	at com.google.javascript.jscomp.CompilerTestCase.test(CompilerTestCase.java:967)
	at com.google.javascript.jscomp.CompilerTestCase.test(CompilerTestCase.java:935)
	at com.google.javascript.jscomp.CompilerTestCase.test(CompilerTestCase.java:543)
	at com.google.javascript.jscomp.CompilerTestCase.test(CompilerTestCase.java:509)
	at com.google.javascript.jscomp.CompilerTestCase.test(CompilerTestCase.java:450)
	at com.google.javascript.jscomp.CompilerTestCase.test(CompilerTestCase.java:408)
	at com.google.javascript.jscomp.CompilerTestCase.testSame(CompilerTestCase.java:741)
	at com.google.javascript.jscomp.UnreachableCodeEliminationTest.testTryCatchFinally(UnreachableCodeEliminationTest.java:150)
</error>
  </testcase>
  <testcase classname="com.google.javascript.jscomp.UnreachableCodeEliminationTest" name="testRemoveUselessNameStatements" time="0.002" />
  <testcase classname="com.google.javascript.jscomp.UnreachableCodeEliminationTest" name="testRemoveUselessStrings" time="0.001" />
  <testcase classname="com.google.javascript.jscomp.UnreachableCodeEliminationTest" name="testNoRemoveUseStrict" time="0.001" />
  <testcase classname="com.google.javascript.jscomp.UnreachableCodeEliminationTest" name="testRemoveUnreachableCode" time="0.004">
    <error message="Missing catch or finally for try statement.. Reference node:&#xa;TRY 1 [source_file: testcode]&#xa;    BLOCK 1 [source_file: testcode]&#xa;        EXPR_RESULT 1 [source_file: testcode]&#xa;            ASSIGN 1 [source_file: testcode]&#xa;                NAME x 1 [source_file: testcode]&#xa;                NUMBER 3.0 1 [source_file: testcode]&#xa;        RETURN 1 [source_file: testcode]&#xa;            ADD 1 [source_file: testcode]&#xa;                NAME x 1 [source_file: testcode]&#xa;                NUMBER 1.0 1 [source_file: testcode]&#xa;        EXPR_RESULT 1 [source_file: testcode]&#xa;            ASSIGN 1 [source_file: testcode]&#xa;                NAME x 1 [source_file: testcode]&#xa;                NUMBER 5.0 1 [source_file: testcode]&#xa;    BLOCK 1 [source_file: testcode]&#xa;        CATCH 1 [source_file: testcode]&#xa;            NAME e 1 [source_file: testcode]&#xa;            BLOCK 1 [source_file: testcode]&#xa;                EXPR_RESULT 1 [source_file: testcode]&#xa;                    ASSIGN 1 [source_file: testcode]&#xa;                        NAME x 1 [source_file: testcode]&#xa;                        NUMBER 4.0 1 [source_file: testcode]&#xa;                RETURN 1 [source_file: testcode]&#xa;                    NUMBER 5.0 1 [source_file: testcode]&#xa;                EXPR_RESULT 1 [source_file: testcode]&#xa;                    ASSIGN 1 [source_file: testcode]&#xa;                        NAME x 1 [source_file: testcode]&#xa;                        NUMBER 5.0 1 [source_file: testcode]&#xa;" type="java.lang.IllegalStateException">java.lang.IllegalStateException: Missing catch or finally for try statement.. Reference node:
TRY 1 [source_file: testcode]
    BLOCK 1 [source_file: testcode]
        EXPR_RESULT 1 [source_file: testcode]
            ASSIGN 1 [source_file: testcode]
                NAME x 1 [source_file: testcode]
                NUMBER 3.0 1 [source_file: testcode]
        RETURN 1 [source_file: testcode]
            ADD 1 [source_file: testcode]
                NAME x 1 [source_file: testcode]
                NUMBER 1.0 1 [source_file: testcode]
        EXPR_RESULT 1 [source_file: testcode]
            ASSIGN 1 [source_file: testcode]
                NAME x 1 [source_file: testcode]
                NUMBER 5.0 1 [source_file: testcode]
    BLOCK 1 [source_file: testcode]
        CATCH 1 [source_file: testcode]
            NAME e 1 [source_file: testcode]
            BLOCK 1 [source_file: testcode]
                EXPR_RESULT 1 [source_file: testcode]
                    ASSIGN 1 [source_file: testcode]
                        NAME x 1 [source_file: testcode]
                        NUMBER 4.0 1 [source_file: testcode]
                RETURN 1 [source_file: testcode]
                    NUMBER 5.0 1 [source_file: testcode]
                EXPR_RESULT 1 [source_file: testcode]
                    ASSIGN 1 [source_file: testcode]
                        NAME x 1 [source_file: testcode]
                        NUMBER 5.0 1 [source_file: testcode]

	at com.google.javascript.jscomp.AstValidator$1.handleViolation(AstValidator.java:54)
	at com.google.javascript.jscomp.AstValidator.violation(AstValidator.java:1167)
	at com.google.javascript.jscomp.AstValidator.validateTry(AstValidator.java:888)
	at com.google.javascript.jscomp.AstValidator.validateStatement(AstValidator.java:142)
	at com.google.javascript.jscomp.AstValidator.validateBlock(AstValidator.java:481)
	at com.google.javascript.jscomp.AstValidator.validateFunctionStatement(AstValidator.java:569)
	at com.google.javascript.jscomp.AstValidator.validateStatement(AstValidator.java:104)
	at com.google.javascript.jscomp.AstValidator.validateScript(AstValidator.java:91)
	at com.google.javascript.jscomp.AstValidator.validateCodeRoot(AstValidator.java:82)
	at com.google.javascript.jscomp.AstValidator.validateRoot(AstValidator.java:75)
	at com.google.javascript.jscomp.CompilerTestCase.test(CompilerTestCase.java:967)
	at com.google.javascript.jscomp.CompilerTestCase.test(CompilerTestCase.java:935)
	at com.google.javascript.jscomp.CompilerTestCase.test(CompilerTestCase.java:543)
	at com.google.javascript.jscomp.CompilerTestCase.test(CompilerTestCase.java:509)
	at com.google.javascript.jscomp.CompilerTestCase.test(CompilerTestCase.java:450)
	at com.google.javascript.jscomp.CompilerTestCase.test(CompilerTestCase.java:408)
	at com.google.javascript.jscomp.UnreachableCodeEliminationTest.testRemoveUnreachableCode(UnreachableCodeEliminationTest.java:71)
</error>
  </testcase>
  <testcase classname="com.google.javascript.jscomp.UnreachableCodeEliminationTest" name="testDontRemoveBreakInTryFinally" time="0.001">
    <error message="Missing catch or finally for try statement.. Reference node:&#xa;TRY 1 [source_file: testcode]&#xa;    BLOCK 1 [source_file: testcode]&#xa;        THROW 1 [source_file: testcode]&#xa;            NUMBER 9.0 1 [source_file: testcode]&#xa;    BLOCK 1 [source_file: testcode]&#xa;    BLOCK 1 [source_file: testcode]&#xa;        BREAK 1 [source_file: testcode]&#xa;            LABEL_NAME b 1 [source_file: testcode]&#xa;" type="java.lang.IllegalStateException">java.lang.IllegalStateException: Missing catch or finally for try statement.. Reference node:
TRY 1 [source_file: testcode]
    BLOCK 1 [source_file: testcode]
        THROW 1 [source_file: testcode]
            NUMBER 9.0 1 [source_file: testcode]
    BLOCK 1 [source_file: testcode]
    BLOCK 1 [source_file: testcode]
        BREAK 1 [source_file: testcode]
            LABEL_NAME b 1 [source_file: testcode]

	at com.google.javascript.jscomp.AstValidator$1.handleViolation(AstValidator.java:54)
	at com.google.javascript.jscomp.AstValidator.violation(AstValidator.java:1167)
	at com.google.javascript.jscomp.AstValidator.validateTry(AstValidator.java:888)
	at com.google.javascript.jscomp.AstValidator.validateStatement(AstValidator.java:142)
	at com.google.javascript.jscomp.AstValidator.validateLabel(AstValidator.java:517)
	at com.google.javascript.jscomp.AstValidator.validateStatement(AstValidator.java:98)
	at com.google.javascript.jscomp.AstValidator.validateBlock(AstValidator.java:481)
	at com.google.javascript.jscomp.AstValidator.validateFunctionStatement(AstValidator.java:569)
	at com.google.javascript.jscomp.AstValidator.validateStatement(AstValidator.java:104)
	at com.google.javascript.jscomp.AstValidator.validateScript(AstValidator.java:91)
	at com.google.javascript.jscomp.AstValidator.validateCodeRoot(AstValidator.java:82)
	at com.google.javascript.jscomp.AstValidator.validateRoot(AstValidator.java:75)
	at com.google.javascript.jscomp.CompilerTestCase.test(CompilerTestCase.java:967)
	at com.google.javascript.jscomp.CompilerTestCase.test(CompilerTestCase.java:935)
	at com.google.javascript.jscomp.CompilerTestCase.test(CompilerTestCase.java:543)
	at com.google.javascript.jscomp.CompilerTestCase.test(CompilerTestCase.java:509)
	at com.google.javascript.jscomp.CompilerTestCase.test(CompilerTestCase.java:450)
	at com.google.javascript.jscomp.CompilerTestCase.test(CompilerTestCase.java:408)
	at com.google.javascript.jscomp.CompilerTestCase.testSame(CompilerTestCase.java:741)
	at com.google.javascript.jscomp.UnreachableCodeEliminationTest.testDontRemoveBreakInTryFinally(UnreachableCodeEliminationTest.java:418)
</error>
  </testcase>
  <testcase classname="com.google.javascript.jscomp.UnreachableCodeEliminationTest" name="testNoRemoveUselessNameStatements" time="0.001" />
  <testcase classname="com.google.javascript.jscomp.UnreachableCodeEliminationTest" name="testRemoveDo" time="0.001" />
  <testcase classname="com.google.javascript.jscomp.UnreachableCodeEliminationTest" name="testRemoveUselessLiteralValueStatements" time="0.004" />
  <testcase classname="com.google.javascript.jscomp.UnreachableCodeEliminationTest" name="testConditionalDeadCode" time="0.001" />
  <testcase classname="com.google.javascript.jscomp.UnreachableCodeEliminationTest" name="testRemovalRequiresRedeclaration" time="0.001" />
  <testcase classname="com.google.javascript.jscomp.UnreachableCodeEliminationTest" name="testAssignPropertyOnCreatedObject" time="0.005" />
  <testcase classname="com.google.javascript.jscomp.UnreachableCodeEliminationTest" name="testUselessUnconditionalReturn" time="0.005" />
  <testcase classname="com.google.javascript.jscomp.UnreachableCodeEliminationTest" name="testUselessUnconditionalContinue" time="0.004" />
  <testcase classname="com.google.javascript.jscomp.UnreachableCodeEliminationTest" name="testUselessUnconditionalBreak" time="0.007" />
  <testcase classname="com.google.javascript.jscomp.UnreachableCodeEliminationTest" name="testIteratedRemoval" time="0.004">
    <error message="Missing catch or finally for try statement.. Reference node:&#xa;TRY 3 [source_file: testcode]&#xa;    BLOCK 3 [source_file: testcode]&#xa;        BREAK 3 [source_file: testcode]&#xa;            LABEL_NAME out 3 [source_file: testcode]&#xa;    BLOCK 3 [source_file: testcode]&#xa;        CATCH 3 [source_file: testcode]&#xa;            NAME e 3 [source_file: testcode]&#xa;            BLOCK 3 [source_file: testcode]&#xa;                BREAK 3 [source_file: testcode]&#xa;                    LABEL_NAME out 3 [source_file: testcode]&#xa;" type="java.lang.IllegalStateException">java.lang.IllegalStateException: Missing catch or finally for try statement.. Reference node:
TRY 3 [source_file: testcode]
    BLOCK 3 [source_file: testcode]
        BREAK 3 [source_file: testcode]
            LABEL_NAME out 3 [source_file: testcode]
    BLOCK 3 [source_file: testcode]
        CATCH 3 [source_file: testcode]
            NAME e 3 [source_file: testcode]
            BLOCK 3 [source_file: testcode]
                BREAK 3 [source_file: testcode]
                    LABEL_NAME out 3 [source_file: testcode]

	at com.google.javascript.jscomp.AstValidator$1.handleViolation(AstValidator.java:54)
	at com.google.javascript.jscomp.AstValidator.violation(AstValidator.java:1167)
	at com.google.javascript.jscomp.AstValidator.validateTry(AstValidator.java:888)
	at com.google.javascript.jscomp.AstValidator.validateStatement(AstValidator.java:142)
	at com.google.javascript.jscomp.AstValidator.validateBlock(AstValidator.java:481)
	at com.google.javascript.jscomp.AstValidator.validateStatement(AstValidator.java:101)
	at com.google.javascript.jscomp.AstValidator.validateLabel(AstValidator.java:517)
	at com.google.javascript.jscomp.AstValidator.validateStatement(AstValidator.java:98)
	at com.google.javascript.jscomp.AstValidator.validateScript(AstValidator.java:91)
	at com.google.javascript.jscomp.AstValidator.validateCodeRoot(AstValidator.java:82)
	at com.google.javascript.jscomp.AstValidator.validateRoot(AstValidator.java:75)
	at com.google.javascript.jscomp.CompilerTestCase.test(CompilerTestCase.java:967)
	at com.google.javascript.jscomp.CompilerTestCase.test(CompilerTestCase.java:935)
	at com.google.javascript.jscomp.CompilerTestCase.test(CompilerTestCase.java:543)
	at com.google.javascript.jscomp.CompilerTestCase.test(CompilerTestCase.java:509)
	at com.google.javascript.jscomp.CompilerTestCase.test(CompilerTestCase.java:450)
	at com.google.javascript.jscomp.CompilerTestCase.test(CompilerTestCase.java:408)
	at com.google.javascript.jscomp.UnreachableCodeEliminationTest.testIteratedRemoval(UnreachableCodeEliminationTest.java:257)
</error>
  </testcase>
  <testcase classname="com.google.javascript.jscomp.UnreachableCodeEliminationTest" name="testIssue311" time="0.001" />
  <testcase classname="com.google.javascript.jscomp.UnreachableCodeEliminationTest" name="testIssue4177428a" time="0.001">
    <error message="Missing catch or finally for try statement.. Reference node:&#xa;TRY 5 [source_file: testcode]&#xa;    BLOCK 5 [source_file: testcode]&#xa;        EXPR_RESULT 6 [source_file: testcode]&#xa;            ASSIGN 6 [source_file: testcode]&#xa;                NAME proto 6 [source_file: testcode]&#xa;                NEW 6 [source_file: testcode]&#xa;                    NAME Proto 6 [source_file: testcode]&#xa;    BLOCK 7 [source_file: testcode]&#xa;    BLOCK 7 [source_file: testcode]&#xa;        EXPR_RESULT 8 [source_file: testcode]&#xa;            ASSIGN 8 [source_file: testcode]&#xa;                NAME action 8 [source_file: testcode]&#xa;                NAME proto 8 [source_file: testcode]&#xa;        BREAK 9 [source_file: testcode]&#xa;            LABEL_NAME a 9 [source_file: testcode]&#xa;" type="java.lang.IllegalStateException">java.lang.IllegalStateException: Missing catch or finally for try statement.. Reference node:
TRY 5 [source_file: testcode]
    BLOCK 5 [source_file: testcode]
        EXPR_RESULT 6 [source_file: testcode]
            ASSIGN 6 [source_file: testcode]
                NAME proto 6 [source_file: testcode]
                NEW 6 [source_file: testcode]
                    NAME Proto 6 [source_file: testcode]
    BLOCK 7 [source_file: testcode]
    BLOCK 7 [source_file: testcode]
        EXPR_RESULT 8 [source_file: testcode]
            ASSIGN 8 [source_file: testcode]
                NAME action 8 [source_file: testcode]
                NAME proto 8 [source_file: testcode]
        BREAK 9 [source_file: testcode]
            LABEL_NAME a 9 [source_file: testcode]

	at com.google.javascript.jscomp.AstValidator$1.handleViolation(AstValidator.java:54)
	at com.google.javascript.jscomp.AstValidator.violation(AstValidator.java:1167)
	at com.google.javascript.jscomp.AstValidator.validateTry(AstValidator.java:888)
	at com.google.javascript.jscomp.AstValidator.validateStatement(AstValidator.java:142)
	at com.google.javascript.jscomp.AstValidator.validateBlock(AstValidator.java:481)
	at com.google.javascript.jscomp.AstValidator.validateStatement(AstValidator.java:101)
	at com.google.javascript.jscomp.AstValidator.validateLabel(AstValidator.java:517)
	at com.google.javascript.jscomp.AstValidator.validateStatement(AstValidator.java:98)
	at com.google.javascript.jscomp.AstValidator.validateBlock(AstValidator.java:481)
	at com.google.javascript.jscomp.AstValidator.validateFunctionExpression(AstValidator.java:588)
	at com.google.javascript.jscomp.AstValidator.validateExpression(AstValidator.java:290)
	at com.google.javascript.jscomp.AstValidator.validateAssignmentExpression(AstValidator.java:958)
	at com.google.javascript.jscomp.AstValidator.validateExpression(AstValidator.java:237)
	at com.google.javascript.jscomp.AstValidator.validateExprStmt(AstValidator.java:832)
	at com.google.javascript.jscomp.AstValidator.validateStatement(AstValidator.java:133)
	at com.google.javascript.jscomp.AstValidator.validateScript(AstValidator.java:91)
	at com.google.javascript.jscomp.AstValidator.validateCodeRoot(AstValidator.java:82)
	at com.google.javascript.jscomp.AstValidator.validateRoot(AstValidator.java:75)
	at com.google.javascript.jscomp.CompilerTestCase.test(CompilerTestCase.java:967)
	at com.google.javascript.jscomp.CompilerTestCase.test(CompilerTestCase.java:935)
	at com.google.javascript.jscomp.CompilerTestCase.test(CompilerTestCase.java:543)
	at com.google.javascript.jscomp.CompilerTestCase.test(CompilerTestCase.java:509)
	at com.google.javascript.jscomp.CompilerTestCase.test(CompilerTestCase.java:450)
	at com.google.javascript.jscomp.CompilerTestCase.test(CompilerTestCase.java:408)
	at com.google.javascript.jscomp.CompilerTestCase.testSame(CompilerTestCase.java:741)
	at com.google.javascript.jscomp.UnreachableCodeEliminationTest.testIssue4177428a(UnreachableCodeEliminationTest.java:289)
</error>
  </testcase>
  <testcase classname="com.google.javascript.jscomp.UnreachableCodeEliminationTest" name="testIssue4177428b" time="0.001">
    <error message="Missing catch or finally for try statement.. Reference node:&#xa;TRY 6 [source_file: testcode]&#xa;    BLOCK 6 [source_file: testcode]&#xa;        EXPR_RESULT 7 [source_file: testcode]&#xa;            ASSIGN 7 [source_file: testcode]&#xa;                NAME proto 7 [source_file: testcode]&#xa;                NEW 7 [source_file: testcode]&#xa;                    NAME Proto 7 [source_file: testcode]&#xa;    BLOCK 8 [source_file: testcode]&#xa;    BLOCK 8 [source_file: testcode]&#xa;        EXPR_RESULT 9 [source_file: testcode]&#xa;            ASSIGN 9 [source_file: testcode]&#xa;                NAME action 9 [source_file: testcode]&#xa;                NAME proto 9 [source_file: testcode]&#xa;        BREAK 10 [source_file: testcode]&#xa;            LABEL_NAME a 10 [source_file: testcode]&#xa;" type="java.lang.IllegalStateException">java.lang.IllegalStateException: Missing catch or finally for try statement.. Reference node:
TRY 6 [source_file: testcode]
    BLOCK 6 [source_file: testcode]
        EXPR_RESULT 7 [source_file: testcode]
            ASSIGN 7 [source_file: testcode]
                NAME proto 7 [source_file: testcode]
                NEW 7 [source_file: testcode]
                    NAME Proto 7 [source_file: testcode]
    BLOCK 8 [source_file: testcode]
    BLOCK 8 [source_file: testcode]
        EXPR_RESULT 9 [source_file: testcode]
            ASSIGN 9 [source_file: testcode]
                NAME action 9 [source_file: testcode]
                NAME proto 9 [source_file: testcode]
        BREAK 10 [source_file: testcode]
            LABEL_NAME a 10 [source_file: testcode]

	at com.google.javascript.jscomp.AstValidator$1.handleViolation(AstValidator.java:54)
	at com.google.javascript.jscomp.AstValidator.violation(AstValidator.java:1167)
	at com.google.javascript.jscomp.AstValidator.validateTry(AstValidator.java:888)
	at com.google.javascript.jscomp.AstValidator.validateStatement(AstValidator.java:142)
	at com.google.javascript.jscomp.AstValidator.validateBlock(AstValidator.java:481)
	at com.google.javascript.jscomp.AstValidator.validateTry(AstValidator.java:868)
	at com.google.javascript.jscomp.AstValidator.validateStatement(AstValidator.java:142)
	at com.google.javascript.jscomp.AstValidator.validateBlock(AstValidator.java:481)
	at com.google.javascript.jscomp.AstValidator.validateStatement(AstValidator.java:101)
	at com.google.javascript.jscomp.AstValidator.validateLabel(AstValidator.java:517)
	at com.google.javascript.jscomp.AstValidator.validateStatement(AstValidator.java:98)
	at com.google.javascript.jscomp.AstValidator.validateBlock(AstValidator.java:481)
	at com.google.javascript.jscomp.AstValidator.validateFunctionExpression(AstValidator.java:588)
	at com.google.javascript.jscomp.AstValidator.validateExpression(AstValidator.java:290)
	at com.google.javascript.jscomp.AstValidator.validateAssignmentExpression(AstValidator.java:958)
	at com.google.javascript.jscomp.AstValidator.validateExpression(AstValidator.java:237)
	at com.google.javascript.jscomp.AstValidator.validateExprStmt(AstValidator.java:832)
	at com.google.javascript.jscomp.AstValidator.validateStatement(AstValidator.java:133)
	at com.google.javascript.jscomp.AstValidator.validateScript(AstValidator.java:91)
	at com.google.javascript.jscomp.AstValidator.validateCodeRoot(AstValidator.java:82)
	at com.google.javascript.jscomp.AstValidator.validateRoot(AstValidator.java:75)
	at com.google.javascript.jscomp.CompilerTestCase.test(CompilerTestCase.java:967)
	at com.google.javascript.jscomp.CompilerTestCase.test(CompilerTestCase.java:935)
	at com.google.javascript.jscomp.CompilerTestCase.test(CompilerTestCase.java:543)
	at com.google.javascript.jscomp.CompilerTestCase.test(CompilerTestCase.java:509)
	at com.google.javascript.jscomp.CompilerTestCase.test(CompilerTestCase.java:450)
	at com.google.javascript.jscomp.CompilerTestCase.test(CompilerTestCase.java:408)
	at com.google.javascript.jscomp.CompilerTestCase.testSame(CompilerTestCase.java:741)
	at com.google.javascript.jscomp.UnreachableCodeEliminationTest.testIssue4177428b(UnreachableCodeEliminationTest.java:306)
</error>
  </testcase>
  <testcase classname="com.google.javascript.jscomp.UnreachableCodeEliminationTest" name="testIssue4177428c" time="0.001">
    <error message="Missing catch or finally for try statement.. Reference node:&#xa;TRY 7 [source_file: testcode]&#xa;    BLOCK 7 [source_file: testcode]&#xa;        EXPR_RESULT 8 [source_file: testcode]&#xa;            ASSIGN 8 [source_file: testcode]&#xa;                NAME proto 8 [source_file: testcode]&#xa;                NEW 8 [source_file: testcode]&#xa;                    NAME Proto 8 [source_file: testcode]&#xa;    BLOCK 9 [source_file: testcode]&#xa;    BLOCK 9 [source_file: testcode]&#xa;        EXPR_RESULT 10 [source_file: testcode]&#xa;            ASSIGN 10 [source_file: testcode]&#xa;                NAME action 10 [source_file: testcode]&#xa;                NAME proto 10 [source_file: testcode]&#xa;        BREAK 11 [source_file: testcode]&#xa;            LABEL_NAME a 11 [source_file: testcode]&#xa;" type="java.lang.IllegalStateException">java.lang.IllegalStateException: Missing catch or finally for try statement.. Reference node:
TRY 7 [source_file: testcode]
    BLOCK 7 [source_file: testcode]
        EXPR_RESULT 8 [source_file: testcode]
            ASSIGN 8 [source_file: testcode]
                NAME proto 8 [source_file: testcode]
                NEW 8 [source_file: testcode]
                    NAME Proto 8 [source_file: testcode]
    BLOCK 9 [source_file: testcode]
    BLOCK 9 [source_file: testcode]
        EXPR_RESULT 10 [source_file: testcode]
            ASSIGN 10 [source_file: testcode]
                NAME action 10 [source_file: testcode]
                NAME proto 10 [source_file: testcode]
        BREAK 11 [source_file: testcode]
            LABEL_NAME a 11 [source_file: testcode]

	at com.google.javascript.jscomp.AstValidator$1.handleViolation(AstValidator.java:54)
	at com.google.javascript.jscomp.AstValidator.violation(AstValidator.java:1167)
	at com.google.javascript.jscomp.AstValidator.validateTry(AstValidator.java:888)
	at com.google.javascript.jscomp.AstValidator.validateStatement(AstValidator.java:142)
	at com.google.javascript.jscomp.AstValidator.validateBlock(AstValidator.java:481)
	at com.google.javascript.jscomp.AstValidator.validateTry(AstValidator.java:883)
	at com.google.javascript.jscomp.AstValidator.validateStatement(AstValidator.java:142)
	at com.google.javascript.jscomp.AstValidator.validateBlock(AstValidator.java:481)
	at com.google.javascript.jscomp.AstValidator.validateStatement(AstValidator.java:101)
	at com.google.javascript.jscomp.AstValidator.validateLabel(AstValidator.java:517)
	at com.google.javascript.jscomp.AstValidator.validateStatement(AstValidator.java:98)
	at com.google.javascript.jscomp.AstValidator.validateBlock(AstValidator.java:481)
	at com.google.javascript.jscomp.AstValidator.validateFunctionExpression(AstValidator.java:588)
	at com.google.javascript.jscomp.AstValidator.validateExpression(AstValidator.java:290)
	at com.google.javascript.jscomp.AstValidator.validateAssignmentExpression(AstValidator.java:958)
	at com.google.javascript.jscomp.AstValidator.validateExpression(AstValidator.java:237)
	at com.google.javascript.jscomp.AstValidator.validateExprStmt(AstValidator.java:832)
	at com.google.javascript.jscomp.AstValidator.validateStatement(AstValidator.java:133)
	at com.google.javascript.jscomp.AstValidator.validateScript(AstValidator.java:91)
	at com.google.javascript.jscomp.AstValidator.validateCodeRoot(AstValidator.java:82)
	at com.google.javascript.jscomp.AstValidator.validateRoot(AstValidator.java:75)
	at com.google.javascript.jscomp.CompilerTestCase.test(CompilerTestCase.java:967)
	at com.google.javascript.jscomp.CompilerTestCase.test(CompilerTestCase.java:935)
	at com.google.javascript.jscomp.CompilerTestCase.test(CompilerTestCase.java:543)
	at com.google.javascript.jscomp.CompilerTestCase.test(CompilerTestCase.java:509)
	at com.google.javascript.jscomp.CompilerTestCase.test(CompilerTestCase.java:450)
	at com.google.javascript.jscomp.CompilerTestCase.test(CompilerTestCase.java:408)
	at com.google.javascript.jscomp.CompilerTestCase.testSame(CompilerTestCase.java:741)
	at com.google.javascript.jscomp.UnreachableCodeEliminationTest.testIssue4177428c(UnreachableCodeEliminationTest.java:326)
</error>
  </testcase>
  <testcase classname="com.google.javascript.jscomp.UnreachableCodeEliminationTest" name="testIssue4177428_continue" time="0.0">
    <error message="Missing catch or finally for try statement.. Reference node:&#xa;TRY 5 [source_file: testcode]&#xa;    BLOCK 5 [source_file: testcode]&#xa;        EXPR_RESULT 6 [source_file: testcode]&#xa;            ASSIGN 6 [source_file: testcode]&#xa;                NAME proto 6 [source_file: testcode]&#xa;                NEW 6 [source_file: testcode]&#xa;                    NAME Proto 6 [source_file: testcode]&#xa;    BLOCK 7 [source_file: testcode]&#xa;    BLOCK 7 [source_file: testcode]&#xa;        EXPR_RESULT 8 [source_file: testcode]&#xa;            ASSIGN 8 [source_file: testcode]&#xa;                NAME action 8 [source_file: testcode]&#xa;                NAME proto 8 [source_file: testcode]&#xa;        CONTINUE 9 [source_file: testcode]&#xa;            LABEL_NAME a 9 [source_file: testcode]&#xa;" type="java.lang.IllegalStateException">java.lang.IllegalStateException: Missing catch or finally for try statement.. Reference node:
TRY 5 [source_file: testcode]
    BLOCK 5 [source_file: testcode]
        EXPR_RESULT 6 [source_file: testcode]
            ASSIGN 6 [source_file: testcode]
                NAME proto 6 [source_file: testcode]
                NEW 6 [source_file: testcode]
                    NAME Proto 6 [source_file: testcode]
    BLOCK 7 [source_file: testcode]
    BLOCK 7 [source_file: testcode]
        EXPR_RESULT 8 [source_file: testcode]
            ASSIGN 8 [source_file: testcode]
                NAME action 8 [source_file: testcode]
                NAME proto 8 [source_file: testcode]
        CONTINUE 9 [source_file: testcode]
            LABEL_NAME a 9 [source_file: testcode]

	at com.google.javascript.jscomp.AstValidator$1.handleViolation(AstValidator.java:54)
	at com.google.javascript.jscomp.AstValidator.violation(AstValidator.java:1167)
	at com.google.javascript.jscomp.AstValidator.validateTry(AstValidator.java:888)
	at com.google.javascript.jscomp.AstValidator.validateStatement(AstValidator.java:142)
	at com.google.javascript.jscomp.AstValidator.validateBlock(AstValidator.java:481)
	at com.google.javascript.jscomp.AstValidator.validateDo(AstValidator.java:815)
	at com.google.javascript.jscomp.AstValidator.validateStatement(AstValidator.java:119)
	at com.google.javascript.jscomp.AstValidator.validateLabel(AstValidator.java:517)
	at com.google.javascript.jscomp.AstValidator.validateStatement(AstValidator.java:98)
	at com.google.javascript.jscomp.AstValidator.validateBlock(AstValidator.java:481)
	at com.google.javascript.jscomp.AstValidator.validateFunctionExpression(AstValidator.java:588)
	at com.google.javascript.jscomp.AstValidator.validateExpression(AstValidator.java:290)
	at com.google.javascript.jscomp.AstValidator.validateAssignmentExpression(AstValidator.java:958)
	at com.google.javascript.jscomp.AstValidator.validateExpression(AstValidator.java:237)
	at com.google.javascript.jscomp.AstValidator.validateExprStmt(AstValidator.java:832)
	at com.google.javascript.jscomp.AstValidator.validateStatement(AstValidator.java:133)
	at com.google.javascript.jscomp.AstValidator.validateScript(AstValidator.java:91)
	at com.google.javascript.jscomp.AstValidator.validateCodeRoot(AstValidator.java:82)
	at com.google.javascript.jscomp.AstValidator.validateRoot(AstValidator.java:75)
	at com.google.javascript.jscomp.CompilerTestCase.test(CompilerTestCase.java:967)
	at com.google.javascript.jscomp.CompilerTestCase.test(CompilerTestCase.java:935)
	at com.google.javascript.jscomp.CompilerTestCase.test(CompilerTestCase.java:543)
	at com.google.javascript.jscomp.CompilerTestCase.test(CompilerTestCase.java:509)
	at com.google.javascript.jscomp.CompilerTestCase.test(CompilerTestCase.java:450)
	at com.google.javascript.jscomp.CompilerTestCase.test(CompilerTestCase.java:408)
	at com.google.javascript.jscomp.CompilerTestCase.testSame(CompilerTestCase.java:741)
	at com.google.javascript.jscomp.UnreachableCodeEliminationTest.testIssue4177428_continue(UnreachableCodeEliminationTest.java:346)
</error>
  </testcase>
  <testcase classname="com.google.javascript.jscomp.UnreachableCodeEliminationTest" name="testIssue4177428_return" time="0.0">
    <error message="Missing catch or finally for try statement.. Reference node:&#xa;TRY 5 [source_file: testcode]&#xa;    BLOCK 5 [source_file: testcode]&#xa;        EXPR_RESULT 6 [source_file: testcode]&#xa;            ASSIGN 6 [source_file: testcode]&#xa;                NAME proto 6 [source_file: testcode]&#xa;                NEW 6 [source_file: testcode]&#xa;                    NAME Proto 6 [source_file: testcode]&#xa;    BLOCK 7 [source_file: testcode]&#xa;    BLOCK 7 [source_file: testcode]&#xa;        EXPR_RESULT 8 [source_file: testcode]&#xa;            ASSIGN 8 [source_file: testcode]&#xa;                NAME action 8 [source_file: testcode]&#xa;                NAME proto 8 [source_file: testcode]&#xa;        RETURN 9 [source_file: testcode]&#xa;" type="java.lang.IllegalStateException">java.lang.IllegalStateException: Missing catch or finally for try statement.. Reference node:
TRY 5 [source_file: testcode]
    BLOCK 5 [source_file: testcode]
        EXPR_RESULT 6 [source_file: testcode]
            ASSIGN 6 [source_file: testcode]
                NAME proto 6 [source_file: testcode]
                NEW 6 [source_file: testcode]
                    NAME Proto 6 [source_file: testcode]
    BLOCK 7 [source_file: testcode]
    BLOCK 7 [source_file: testcode]
        EXPR_RESULT 8 [source_file: testcode]
            ASSIGN 8 [source_file: testcode]
                NAME action 8 [source_file: testcode]
                NAME proto 8 [source_file: testcode]
        RETURN 9 [source_file: testcode]

	at com.google.javascript.jscomp.AstValidator$1.handleViolation(AstValidator.java:54)
	at com.google.javascript.jscomp.AstValidator.violation(AstValidator.java:1167)
	at com.google.javascript.jscomp.AstValidator.validateTry(AstValidator.java:888)
	at com.google.javascript.jscomp.AstValidator.validateStatement(AstValidator.java:142)
	at com.google.javascript.jscomp.AstValidator.validateBlock(AstValidator.java:481)
	at com.google.javascript.jscomp.AstValidator.validateStatement(AstValidator.java:101)
	at com.google.javascript.jscomp.AstValidator.validateLabel(AstValidator.java:517)
	at com.google.javascript.jscomp.AstValidator.validateStatement(AstValidator.java:98)
	at com.google.javascript.jscomp.AstValidator.validateBlock(AstValidator.java:481)
	at com.google.javascript.jscomp.AstValidator.validateFunctionExpression(AstValidator.java:588)
	at com.google.javascript.jscomp.AstValidator.validateExpression(AstValidator.java:290)
	at com.google.javascript.jscomp.AstValidator.validateAssignmentExpression(AstValidator.java:958)
	at com.google.javascript.jscomp.AstValidator.validateExpression(AstValidator.java:237)
	at com.google.javascript.jscomp.AstValidator.validateExprStmt(AstValidator.java:832)
	at com.google.javascript.jscomp.AstValidator.validateStatement(AstValidator.java:133)
	at com.google.javascript.jscomp.AstValidator.validateScript(AstValidator.java:91)
	at com.google.javascript.jscomp.AstValidator.validateCodeRoot(AstValidator.java:82)
	at com.google.javascript.jscomp.AstValidator.validateRoot(AstValidator.java:75)
	at com.google.javascript.jscomp.CompilerTestCase.test(CompilerTestCase.java:967)
	at com.google.javascript.jscomp.CompilerTestCase.test(CompilerTestCase.java:935)
	at com.google.javascript.jscomp.CompilerTestCase.test(CompilerTestCase.java:543)
	at com.google.javascript.jscomp.CompilerTestCase.test(CompilerTestCase.java:509)
	at com.google.javascript.jscomp.CompilerTestCase.test(CompilerTestCase.java:450)
	at com.google.javascript.jscomp.CompilerTestCase.test(CompilerTestCase.java:408)
	at com.google.javascript.jscomp.UnreachableCodeEliminationTest.testIssue4177428_return(UnreachableCodeEliminationTest.java:363)
</error>
  </testcase>
  <testcase classname="com.google.javascript.jscomp.UnreachableCodeEliminationTest" name="testIssue4177428_multifinally" time="0.0">
    <error message="Missing catch or finally for try statement.. Reference node:&#xa;TRY 3 [source_file: testcode]&#xa;    BLOCK 3 [source_file: testcode]&#xa;    BLOCK 4 [source_file: testcode]&#xa;    BLOCK 4 [source_file: testcode]&#xa;        BREAK 5 [source_file: testcode]&#xa;            LABEL_NAME a 5 [source_file: testcode]&#xa;" type="java.lang.IllegalStateException">java.lang.IllegalStateException: Missing catch or finally for try statement.. Reference node:
TRY 3 [source_file: testcode]
    BLOCK 3 [source_file: testcode]
    BLOCK 4 [source_file: testcode]
    BLOCK 4 [source_file: testcode]
        BREAK 5 [source_file: testcode]
            LABEL_NAME a 5 [source_file: testcode]

	at com.google.javascript.jscomp.AstValidator$1.handleViolation(AstValidator.java:54)
	at com.google.javascript.jscomp.AstValidator.violation(AstValidator.java:1167)
	at com.google.javascript.jscomp.AstValidator.validateTry(AstValidator.java:888)
	at com.google.javascript.jscomp.AstValidator.validateStatement(AstValidator.java:142)
	at com.google.javascript.jscomp.AstValidator.validateBlock(AstValidator.java:481)
	at com.google.javascript.jscomp.AstValidator.validateTry(AstValidator.java:868)
	at com.google.javascript.jscomp.AstValidator.validateStatement(AstValidator.java:142)
	at com.google.javascript.jscomp.AstValidator.validateBlock(AstValidator.java:481)
	at com.google.javascript.jscomp.AstValidator.validateStatement(AstValidator.java:101)
	at com.google.javascript.jscomp.AstValidator.validateLabel(AstValidator.java:517)
	at com.google.javascript.jscomp.AstValidator.validateStatement(AstValidator.java:98)
	at com.google.javascript.jscomp.AstValidator.validateScript(AstValidator.java:91)
	at com.google.javascript.jscomp.AstValidator.validateCodeRoot(AstValidator.java:82)
	at com.google.javascript.jscomp.AstValidator.validateRoot(AstValidator.java:75)
	at com.google.javascript.jscomp.CompilerTestCase.test(CompilerTestCase.java:967)
	at com.google.javascript.jscomp.CompilerTestCase.test(CompilerTestCase.java:935)
	at com.google.javascript.jscomp.CompilerTestCase.test(CompilerTestCase.java:543)
	at com.google.javascript.jscomp.CompilerTestCase.test(CompilerTestCase.java:509)
	at com.google.javascript.jscomp.CompilerTestCase.test(CompilerTestCase.java:450)
	at com.google.javascript.jscomp.CompilerTestCase.test(CompilerTestCase.java:408)
	at com.google.javascript.jscomp.CompilerTestCase.testSame(CompilerTestCase.java:741)
	at com.google.javascript.jscomp.UnreachableCodeEliminationTest.testIssue4177428_multifinally(UnreachableCodeEliminationTest.java:393)
</error>
  </testcase>
  <testcase classname="com.google.javascript.jscomp.UnreachableCodeEliminationTest" name="testIssue5215541_deadVarDeclar" time="0.003" />
  <testcase classname="com.google.javascript.jscomp.UnreachableCodeEliminationTest" name="testForInLoop" time="0.0" />
  <testcase classname="com.google.javascript.jscomp.UnreachableCodeEliminationTest" name="testDontRemoveBreakInTryFinallySwitch" time="0.0">
    <error message="Missing catch or finally for try statement.. Reference node:&#xa;TRY 1 [source_file: testcode]&#xa;    BLOCK 1 [source_file: testcode]&#xa;        THROW 1 [source_file: testcode]&#xa;            NUMBER 9.0 1 [source_file: testcode]&#xa;    BLOCK 1 [source_file: testcode]&#xa;    BLOCK 1 [source_file: testcode]&#xa;        SWITCH 1 [source_file: testcode]&#xa;            NAME x 1 [source_file: testcode]&#xa;            CASE 1 [source_file: testcode]&#xa;                NUMBER 1.0 1 [source_file: testcode]&#xa;                BLOCK 1 [synthetic: 1] [source_file: testcode]&#xa;                    BREAK 1 [source_file: testcode]&#xa;                        LABEL_NAME b 1 [source_file: testcode]&#xa;" type="java.lang.IllegalStateException">java.lang.IllegalStateException: Missing catch or finally for try statement.. Reference node:
TRY 1 [source_file: testcode]
    BLOCK 1 [source_file: testcode]
        THROW 1 [source_file: testcode]
            NUMBER 9.0 1 [source_file: testcode]
    BLOCK 1 [source_file: testcode]
    BLOCK 1 [source_file: testcode]
        SWITCH 1 [source_file: testcode]
            NAME x 1 [source_file: testcode]
            CASE 1 [source_file: testcode]
                NUMBER 1.0 1 [source_file: testcode]
                BLOCK 1 [synthetic: 1] [source_file: testcode]
                    BREAK 1 [source_file: testcode]
                        LABEL_NAME b 1 [source_file: testcode]

	at com.google.javascript.jscomp.AstValidator$1.handleViolation(AstValidator.java:54)
	at com.google.javascript.jscomp.AstValidator.violation(AstValidator.java:1167)
	at com.google.javascript.jscomp.AstValidator.validateTry(AstValidator.java:888)
	at com.google.javascript.jscomp.AstValidator.validateStatement(AstValidator.java:142)
	at com.google.javascript.jscomp.AstValidator.validateLabel(AstValidator.java:517)
	at com.google.javascript.jscomp.AstValidator.validateStatement(AstValidator.java:98)
	at com.google.javascript.jscomp.AstValidator.validateBlock(AstValidator.java:481)
	at com.google.javascript.jscomp.AstValidator.validateFunctionStatement(AstValidator.java:569)
	at com.google.javascript.jscomp.AstValidator.validateStatement(AstValidator.java:104)
	at com.google.javascript.jscomp.AstValidator.validateScript(AstValidator.java:91)
	at com.google.javascript.jscomp.AstValidator.validateCodeRoot(AstValidator.java:82)
	at com.google.javascript.jscomp.AstValidator.validateRoot(AstValidator.java:75)
	at com.google.javascript.jscomp.CompilerTestCase.test(CompilerTestCase.java:967)
	at com.google.javascript.jscomp.CompilerTestCase.test(CompilerTestCase.java:935)
	at com.google.javascript.jscomp.CompilerTestCase.test(CompilerTestCase.java:543)
	at com.google.javascript.jscomp.CompilerTestCase.test(CompilerTestCase.java:509)
	at com.google.javascript.jscomp.CompilerTestCase.test(CompilerTestCase.java:450)
	at com.google.javascript.jscomp.CompilerTestCase.test(CompilerTestCase.java:408)
	at com.google.javascript.jscomp.CompilerTestCase.testSame(CompilerTestCase.java:741)
	at com.google.javascript.jscomp.UnreachableCodeEliminationTest.testDontRemoveBreakInTryFinallySwitch(UnreachableCodeEliminationTest.java:422)
</error>
  </testcase>
  <testcase classname="com.google.javascript.jscomp.UnreachableCodeEliminationTest" name="testIssue1001" time="0.001" />
  <system-out><![CDATA[]]></system-out>
  <system-err><![CDATA[]]></system-err>
</testsuite>
