<?xml version="1.0" encoding="UTF-8" ?>
<testsuite errors="2" failures="15" hostname="cs-210-206.cs.ucla.edu" name="com.google.javascript.jscomp.TypedScopeCreatorTest" skipped="0" tests="143" time="0.16" timestamp="2015-03-09T03:17:44">
  <properties>
    <property name="java.vendor" value="Oracle Corporation" />
    <property name="lib.dir" value="/Users/linmanna/Documents/proj/UCLA-CS-239-Winter-2015/Part_B/Benchmark/closure-compiler/lib" />
    <property name="refasterjs-jarfile" value="/Users/linmanna/Documents/proj/UCLA-CS-239-Winter-2015/Part_B/Benchmark/closure-compiler/build/refasterjs.jar" />
    <property name="sun.java.launcher" value="SUN_STANDARD" />
    <property name="sun.management.compiler" value="HotSpot 64-Bit Tiered Compilers" />
    <property name="os.name" value="Mac OS X" />
    <property name="sun.boot.class.path" value="/Library/Java/JavaVirtualMachines/jdk1.7.0_75.jdk/Contents/Home/jre/lib/resources.jar:/Library/Java/JavaVirtualMachines/jdk1.7.0_75.jdk/Contents/Home/jre/lib/rt.jar:/Library/Java/JavaVirtualMachines/jdk1.7.0_75.jdk/Contents/Home/jre/lib/sunrsasign.jar:/Library/Java/JavaVirtualMachines/jdk1.7.0_75.jdk/Contents/Home/jre/lib/jsse.jar:/Library/Java/JavaVirtualMachines/jdk1.7.0_75.jdk/Contents/Home/jre/lib/jce.jar:/Library/Java/JavaVirtualMachines/jdk1.7.0_75.jdk/Contents/Home/jre/lib/charsets.jar:/Library/Java/JavaVirtualMachines/jdk1.7.0_75.jdk/Contents/Home/jre/lib/jfr.jar:/Library/Java/JavaVirtualMachines/jdk1.7.0_75.jdk/Contents/Home/jre/classes" />
    <property name="maven-repository-id" value="sonatype-nexus-staging" />
    <property name="java.vm.specification.vendor" value="Oracle Corporation" />
    <property name="ant.home" value="//Users/linmanna/ant" />
    <property name="java.runtime.version" value="1.7.0_75-b13" />
    <property name="gen.dir" value="/Users/linmanna/Documents/proj/UCLA-CS-239-Winter-2015/Part_B/Benchmark/closure-compiler/gen" />
    <property name="user.name" value="linmanna" />
    <property name="ant.file.compiler" value="/Users/linmanna/Documents/proj/UCLA-CS-239-Winter-2015/Part_B/Benchmark/closure-compiler/build.xml" />
    <property name="build.dir" value="/Users/linmanna/Documents/proj/UCLA-CS-239-Winter-2015/Part_B/Benchmark/closure-compiler/build" />
    <property name="ant.build.javac.target" value="1.7" />
    <property name="user.language" value="zh" />
    <property name="test.method" value="" />
    <property name="sun.boot.library.path" value="/Library/Java/JavaVirtualMachines/jdk1.7.0_75.jdk/Contents/Home/jre/lib" />
    <property name="ant.project.default-target" value="jar" />
    <property name="ant.project.name" value="compiler" />
    <property name="java.version" value="1.7.0_75" />
    <property name="user.timezone" value="" />
    <property name="sun.arch.data.model" value="64" />
    <property name="http.nonProxyHosts" value="local|*.local|169.254/16|*.169.254/16" />
    <property name="java.endorsed.dirs" value="/Library/Java/JavaVirtualMachines/jdk1.7.0_75.jdk/Contents/Home/jre/lib/endorsed" />
    <property name="sun.cpu.isalist" value="" />
    <property name="sun.jnu.encoding" value="UTF-8" />
    <property name="file.encoding.pkg" value="sun.io" />
    <property name="file.separator" value="/" />
    <property name="java.specification.name" value="Java Platform API Specification" />
    <property name="protoc.executable" value="protoc" />
    <property name="classes.dir" value="/Users/linmanna/Documents/proj/UCLA-CS-239-Winter-2015/Part_B/Benchmark/closure-compiler/build/classes" />
    <property name="java.class.version" value="51.0" />
    <property name="testClasses.dir" value="/Users/linmanna/Documents/proj/UCLA-CS-239-Winter-2015/Part_B/Benchmark/closure-compiler/build/test" />
    <property name="user.country" value="CN" />
    <property name="java.home" value="/Library/Java/JavaVirtualMachines/jdk1.7.0_75.jdk/Contents/Home/jre" />
    <property name="java.vm.info" value="mixed mode" />
    <property name="externs.dir" value="/Users/linmanna/Documents/proj/UCLA-CS-239-Winter-2015/Part_B/Benchmark/closure-compiler/externs" />
    <property name="ant.file" value="/Users/linmanna/Documents/proj/UCLA-CS-239-Winter-2015/Part_B/Benchmark/closure-compiler/build.xml" />
    <property name="os.version" value="10.9.5" />
    <property name="javac.debug" value="on" />
    <property name="path.separator" value=":" />
    <property name="java.vm.version" value="24.75-b04" />
    <property name="ant.library.dir" value="//Users/linmanna/ant/lib" />
    <property name="java.awt.printerjob" value="sun.lwawt.macosx.CPrinterJob" />
    <property name="webservice-jarfile" value="/Users/linmanna/Documents/proj/UCLA-CS-239-Winter-2015/Part_B/Benchmark/closure-compiler/build/webservice.jar" />
    <property name="sun.io.unicode.encoding" value="UnicodeBig" />
    <property name="test.fork" value="true" />
    <property name="webservice.dir" value="/Users/linmanna/Documents/proj/UCLA-CS-239-Winter-2015/Part_B/Benchmark/closure-compiler/src/com/google/javascript/jscomp/webservice" />
    <property name="awt.toolkit" value="sun.lwawt.macosx.LWCToolkit" />
    <property name="buildlib.dir" value="/Users/linmanna/Documents/proj/UCLA-CS-239-Winter-2015/Part_B/Benchmark/closure-compiler/build/lib" />
    <property name="socksNonProxyHosts" value="local|*.local|169.254/16|*.169.254/16" />
    <property name="ftp.nonProxyHosts" value="local|*.local|169.254/16|*.169.254/16" />
    <property name="ant.build.javac.source" value="1.7" />
    <property name="refasterjs.dir" value="/Users/linmanna/Documents/proj/UCLA-CS-239-Winter-2015/Part_B/Benchmark/closure-compiler/src/com/google/javascript/refactoring" />
    <property name="user.home" value="/Users/linmanna" />
    <property name="java.specification.vendor" value="Oracle Corporation" />
    <property name="test.dir" value="/Users/linmanna/Documents/proj/UCLA-CS-239-Winter-2015/Part_B/Benchmark/closure-compiler/test" />
    <property name="java.library.path" value="/Users/linmanna/Library/Java/Extensions:/Library/Java/Extensions:/Network/Library/Java/Extensions:/System/Library/Java/Extensions:/usr/lib/java:." />
    <property name="java.vendor.url" value="http://java.oracle.com/" />
    <property name="java.vm.vendor" value="Oracle Corporation" />
    <property name="gopherProxySet" value="false" />
    <property name="build.relVersion" value="00e3533" />
    <property name="java.runtime.name" value="Java(TM) SE Runtime Environment" />
    <property name="sun.java.command" value="org.apache.tools.ant.taskdefs.optional.junit.JUnitTestRunner testsfile=/Users/linmanna/Documents/proj/UCLA-CS-239-Winter-2015/Part_B/Benchmark/closure-compiler/junittestcases4622356093930181862.properties skipNonTests=false filtertrace=true haltOnError=false haltOnFailure=false formatter=org.apache.tools.ant.taskdefs.optional.junit.SummaryJUnitResultFormatter showoutput=true outputtoformatters=true logfailedtests=true threadid=0 logtestlistenerevents=false formatter=org.apache.tools.ant.taskdefs.optional.junit.BriefJUnitResultFormatter formatter=org.apache.tools.ant.taskdefs.optional.junit.XMLJUnitResultFormatter,/Users/linmanna/Documents/proj/UCLA-CS-239-Winter-2015/Part_B/Benchmark/closure-compiler/build/testoutput/IGNORETHIS.xml crashfile=/Users/linmanna/Documents/proj/UCLA-CS-239-Winter-2015/Part_B/Benchmark/closure-compiler/junitvmwatcher882389895192408063.properties propsfile=/Users/linmanna/Documents/proj/UCLA-CS-239-Winter-2015/Part_B/Benchmark/closure-compiler/junit6374663990081372210.properties" />
    <property name="java.class.path" value="/Users/linmanna/Documents/proj/UCLA-CS-239-Winter-2015/Part_B/Benchmark/closure-compiler/build/classes:/Users/linmanna/Documents/proj/UCLA-CS-239-Winter-2015/Part_B/Benchmark/closure-compiler/lib/ant-launcher.jar:/Users/linmanna/Documents/proj/UCLA-CS-239-Winter-2015/Part_B/Benchmark/closure-compiler/lib/ant.jar:/Users/linmanna/Documents/proj/UCLA-CS-239-Winter-2015/Part_B/Benchmark/closure-compiler/lib/args4j.jar:/Users/linmanna/Documents/proj/UCLA-CS-239-Winter-2015/Part_B/Benchmark/closure-compiler/lib/gson.jar:/Users/linmanna/Documents/proj/UCLA-CS-239-Winter-2015/Part_B/Benchmark/closure-compiler/lib/guava.jar:/Users/linmanna/Documents/proj/UCLA-CS-239-Winter-2015/Part_B/Benchmark/closure-compiler/lib/jsr305.jar:/Users/linmanna/Documents/proj/UCLA-CS-239-Winter-2015/Part_B/Benchmark/closure-compiler/lib/junit.jar:/Users/linmanna/Documents/proj/UCLA-CS-239-Winter-2015/Part_B/Benchmark/closure-compiler/lib/protobuf-java.jar:/Users/linmanna/Documents/proj/UCLA-CS-239-Winter-2015/Part_B/Benchmark/closure-compiler/lib/truth.jar:/Users/linmanna/Documents/proj/UCLA-CS-239-Winter-2015/Part_B/Benchmark/closure-compiler/build/test:/Users/linmanna/ant/lib/ant-launcher.jar:/Users/linmanna/ant/lib/ant.jar:/Users/linmanna/ant/lib/ant-junit.jar:/Users/linmanna/ant/lib/ant-junit4.jar" />
    <property name="ant.version" value="Apache Ant(TM) version 1.9.4 compiled on April 29 2014" />
    <property name="test.class" value="*Test" />
    <property name="java.vm.specification.name" value="Java Virtual Machine Specification" />
    <property name="ant.file.type" value="file" />
    <property name="java.vm.specification.version" value="1.7" />
    <property name="sun.cpu.endian" value="little" />
    <property name="sun.os.patch.level" value="unknown" />
    <property name="java.io.tmpdir" value="/var/folders/_p/3swdt4h96dn79vyt21dtny9h0000gn/T/" />
    <property name="java.vendor.url.bug" value="http://bugreport.sun.com/bugreport/" />
    <property name="java.awt.graphicsenv" value="sun.awt.CGraphicsEnvironment" />
    <property name="maven-repository-url" value="https://oss.sonatype.org/service/local/staging/deploy/maven2/" />
    <property name="os.arch" value="x86_64" />
    <property name="webservice-classes.dir" value="/Users/linmanna/Documents/proj/UCLA-CS-239-Winter-2015/Part_B/Benchmark/closure-compiler/build/webservice-classes" />
    <property name="java.ext.dirs" value="/Users/linmanna/Library/Java/Extensions:/Library/Java/JavaVirtualMachines/jdk1.7.0_75.jdk/Contents/Home/jre/lib/ext:/Library/Java/Extensions:/Network/Library/Java/Extensions:/System/Library/Java/Extensions:/usr/lib/java" />
    <property name="user.dir" value="/Users/linmanna/Documents/proj/UCLA-CS-239-Winter-2015/Part_B/Benchmark/closure-compiler" />
    <property name="ant.file.type.compiler" value="file" />
    <property name="line.separator" value="&#xa;" />
    <property name="java.vm.name" value="Java HotSpot(TM) 64-Bit Server VM" />
    <property name="refasterjs-classes.dir" value="/Users/linmanna/Documents/proj/UCLA-CS-239-Winter-2015/Part_B/Benchmark/closure-compiler/build/refasterjs-classes" />
    <property name="basedir" value="/Users/linmanna/Documents/proj/UCLA-CS-239-Winter-2015/Part_B/Benchmark/closure-compiler" />
    <property name="ant.java.version" value="1.7" />
    <property name="ant.core.lib" value="/Users/linmanna/ant/lib/ant.jar" />
    <property name="file.encoding" value="UTF-8" />
    <property name="closure.build.dir" value="/Users/linmanna/Documents/proj/UCLA-CS-239-Winter-2015/Part_B/Benchmark/closure-compiler/build" />
    <property name="compiler-jarfile" value="/Users/linmanna/Documents/proj/UCLA-CS-239-Winter-2015/Part_B/Benchmark/closure-compiler/build/compiler.jar" />
    <property name="java.specification.version" value="1.7" />
    <property name="src.dir" value="/Users/linmanna/Documents/proj/UCLA-CS-239-Winter-2015/Part_B/Benchmark/closure-compiler/src" />
    <property name="ant.project.invoked-targets" value="clean,compile,compile-tests,test" />
    <property name="javadoc.dir" value="/Users/linmanna/Documents/proj/UCLA-CS-239-Winter-2015/Part_B/Benchmark/closure-compiler/build/javadoc" />
    <property name="tools.dir" value="/Users/linmanna/Documents/proj/UCLA-CS-239-Winter-2015/Part_B/Benchmark/closure-compiler/tools" />
  </properties>
  <testcase classname="com.google.javascript.jscomp.TypedScopeCreatorTest" name="testStubProperty" time="0.002" />
  <testcase classname="com.google.javascript.jscomp.TypedScopeCreatorTest" name="testConstructorProperty" time="0.001" />
  <testcase classname="com.google.javascript.jscomp.TypedScopeCreatorTest" name="testPrototypePropertyMethodWithoutAnnotation" time="0.001" />
  <testcase classname="com.google.javascript.jscomp.TypedScopeCreatorTest" name="testEnumProperty" time="0.001" />
  <testcase classname="com.google.javascript.jscomp.TypedScopeCreatorTest" name="testInferredProperty1" time="0.001" />
  <testcase classname="com.google.javascript.jscomp.TypedScopeCreatorTest" name="testInferredProperty1a" time="0.001" />
  <testcase classname="com.google.javascript.jscomp.TypedScopeCreatorTest" name="testInferredProperty2" time="0.001" />
  <testcase classname="com.google.javascript.jscomp.TypedScopeCreatorTest" name="testInferredProperty2b" time="0.001" />
  <testcase classname="com.google.javascript.jscomp.TypedScopeCreatorTest" name="testInferredProperty2c" time="0.0" />
  <testcase classname="com.google.javascript.jscomp.TypedScopeCreatorTest" name="testInferredProperty3" time="0.001" />
  <testcase classname="com.google.javascript.jscomp.TypedScopeCreatorTest" name="testInferredProperty4" time="0.001" />
  <testcase classname="com.google.javascript.jscomp.TypedScopeCreatorTest" name="testInferredProperty5" time="0.001" />
  <testcase classname="com.google.javascript.jscomp.TypedScopeCreatorTest" name="testInferredProperty6" time="0.001" />
  <testcase classname="com.google.javascript.jscomp.TypedScopeCreatorTest" name="testPrototypeInit" time="0.001" />
  <testcase classname="com.google.javascript.jscomp.TypedScopeCreatorTest" name="testBogusPrototypeInit" time="0.001" />
  <testcase classname="com.google.javascript.jscomp.TypedScopeCreatorTest" name="testInferredPrototypeProperty1" time="0.0" />
  <testcase classname="com.google.javascript.jscomp.TypedScopeCreatorTest" name="testInferredPrototypeProperty2" time="0.001" />
  <testcase classname="com.google.javascript.jscomp.TypedScopeCreatorTest" name="testEnumElement" time="0.001" />
  <testcase classname="com.google.javascript.jscomp.TypedScopeCreatorTest" name="testNamespacedEnum" time="0.001" />
  <testcase classname="com.google.javascript.jscomp.TypedScopeCreatorTest" name="testEnumAlias" time="0.001" />
  <testcase classname="com.google.javascript.jscomp.TypedScopeCreatorTest" name="testNamespacesEnumAlias" time="0.001" />
  <testcase classname="com.google.javascript.jscomp.TypedScopeCreatorTest" name="testCollectedFunctionStub" time="0.0" />
  <testcase classname="com.google.javascript.jscomp.TypedScopeCreatorTest" name="testCollectedFunctionStubLocal" time="0.001" />
  <testcase classname="com.google.javascript.jscomp.TypedScopeCreatorTest" name="testNamespacedFunctionStub" time="0.001" />
  <testcase classname="com.google.javascript.jscomp.TypedScopeCreatorTest" name="testNamespacedFunctionStubLocal" time="0.0" />
  <testcase classname="com.google.javascript.jscomp.TypedScopeCreatorTest" name="testCollectedCtorProperty1" time="0.001" />
  <testcase classname="com.google.javascript.jscomp.TypedScopeCreatorTest" name="testCollectedCtorProperty2" time="0.001" />
  <testcase classname="com.google.javascript.jscomp.TypedScopeCreatorTest" name="testCollectedCtorProperty3" time="0.001" />
  <testcase classname="com.google.javascript.jscomp.TypedScopeCreatorTest" name="testCollectedCtorProperty4" time="0.001" />
  <testcase classname="com.google.javascript.jscomp.TypedScopeCreatorTest" name="testCollectedCtorProperty5" time="0.001" />
  <testcase classname="com.google.javascript.jscomp.TypedScopeCreatorTest" name="testCollectedCtorProperty6" time="0.0" />
  <testcase classname="com.google.javascript.jscomp.TypedScopeCreatorTest" name="testCollectedCtorProperty7" time="0.0" />
  <testcase classname="com.google.javascript.jscomp.TypedScopeCreatorTest" name="testCollectedCtorProperty8" time="0.001" />
  <testcase classname="com.google.javascript.jscomp.TypedScopeCreatorTest" name="testCollectedCtorProperty9" time="0.001" />
  <testcase classname="com.google.javascript.jscomp.TypedScopeCreatorTest" name="testCollectedCtorProperty10" time="0.001" />
  <testcase classname="com.google.javascript.jscomp.TypedScopeCreatorTest" name="testCollectedCtorProperty11" time="0.001" />
  <testcase classname="com.google.javascript.jscomp.TypedScopeCreatorTest" name="testCollectedCtorProperty12" time="0.001" />
  <testcase classname="com.google.javascript.jscomp.TypedScopeCreatorTest" name="testCollectedCtorProperty13" time="0.001" />
  <testcase classname="com.google.javascript.jscomp.TypedScopeCreatorTest" name="testCollectedCtorProperty14" time="0.001" />
  <testcase classname="com.google.javascript.jscomp.TypedScopeCreatorTest" name="testCollectedCtorProperty15" time="0.001" />
  <testcase classname="com.google.javascript.jscomp.TypedScopeCreatorTest" name="testPropertyOnUnknownSuperClass1" time="0.001" />
  <testcase classname="com.google.javascript.jscomp.TypedScopeCreatorTest" name="testPropertyOnUnknownSuperClass2" time="0.001" />
  <testcase classname="com.google.javascript.jscomp.TypedScopeCreatorTest" name="testSubBeforeSuper1" time="0.001" />
  <testcase classname="com.google.javascript.jscomp.TypedScopeCreatorTest" name="testSubBeforeSuper2" time="0.001" />
  <testcase classname="com.google.javascript.jscomp.TypedScopeCreatorTest" name="testMethodBeforeFunction1" time="0.002" />
  <testcase classname="com.google.javascript.jscomp.TypedScopeCreatorTest" name="testMethodBeforeFunction2" time="0.001" />
  <testcase classname="com.google.javascript.jscomp.TypedScopeCreatorTest" name="testInferredVar" time="0.001">
    <failure message="expected:&lt;[(boolean|number|string)]&gt; but was:&lt;[number]&gt;" type="junit.framework.ComparisonFailure">junit.framework.ComparisonFailure: expected:&lt;[(boolean|number|string)]&gt; but was:&lt;[number]&gt;
	at com.google.javascript.jscomp.TypedScopeCreatorTest.testInferredVar(TypedScopeCreatorTest.java:727)
</failure>
  </testcase>
  <testcase classname="com.google.javascript.jscomp.TypedScopeCreatorTest" name="testDeclaredVar" time="0.001" />
  <testcase classname="com.google.javascript.jscomp.TypedScopeCreatorTest" name="testPropertiesOnInterface" time="0.001" />
  <testcase classname="com.google.javascript.jscomp.TypedScopeCreatorTest" name="testPropertiesOnInterface2" time="0.001" />
  <testcase classname="com.google.javascript.jscomp.TypedScopeCreatorTest" name="testStubsInExterns" time="0.0" />
  <testcase classname="com.google.javascript.jscomp.TypedScopeCreatorTest" name="testStubsInExterns2" time="0.0" />
  <testcase classname="com.google.javascript.jscomp.TypedScopeCreatorTest" name="testStubsInExterns3" time="0.001" />
  <testcase classname="com.google.javascript.jscomp.TypedScopeCreatorTest" name="testStubsInExterns4" time="0.001" />
  <testcase classname="com.google.javascript.jscomp.TypedScopeCreatorTest" name="testPropertyInExterns1" time="0.001" />
  <testcase classname="com.google.javascript.jscomp.TypedScopeCreatorTest" name="testPropertyInExterns2" time="0.001" />
  <testcase classname="com.google.javascript.jscomp.TypedScopeCreatorTest" name="testPropertyInExterns3" time="0.0" />
  <testcase classname="com.google.javascript.jscomp.TypedScopeCreatorTest" name="testTypedStubsInExterns" time="0.001" />
  <testcase classname="com.google.javascript.jscomp.TypedScopeCreatorTest" name="testTypesInExterns" time="0.002" />
  <testcase classname="com.google.javascript.jscomp.TypedScopeCreatorTest" name="testPropertyDeclarationOnInstanceType" time="0.001" />
  <testcase classname="com.google.javascript.jscomp.TypedScopeCreatorTest" name="testPropertyDeclarationOnRecordType" time="0.001" />
  <testcase classname="com.google.javascript.jscomp.TypedScopeCreatorTest" name="testBadObjectLiteralCast1" time="0.001" />
  <testcase classname="com.google.javascript.jscomp.TypedScopeCreatorTest" name="testBadObjectLiteralCast2" time="0.001" />
  <testcase classname="com.google.javascript.jscomp.TypedScopeCreatorTest" name="testConstructorNode" time="0.0" />
  <testcase classname="com.google.javascript.jscomp.TypedScopeCreatorTest" name="testForLoopIntegration" time="0.0">
    <failure type="junit.framework.AssertionFailedError">junit.framework.AssertionFailedError
	at com.google.javascript.jscomp.TypedScopeCreatorTest.testForLoopIntegration(TypedScopeCreatorTest.java:1030)
</failure>
  </testcase>
  <testcase classname="com.google.javascript.jscomp.TypedScopeCreatorTest" name="testNamespacedConstructorAlias" time="0.001" />
  <testcase classname="com.google.javascript.jscomp.TypedScopeCreatorTest" name="testTemplateType2a" time="0.001" />
  <testcase classname="com.google.javascript.jscomp.TypedScopeCreatorTest" name="testTemplateType2b" time="0.001" />
  <testcase classname="com.google.javascript.jscomp.TypedScopeCreatorTest" name="testTemplateType4a" time="0.001" />
  <testcase classname="com.google.javascript.jscomp.TypedScopeCreatorTest" name="testTemplateType4b" time="0.001" />
  <testcase classname="com.google.javascript.jscomp.TypedScopeCreatorTest" name="testTemplateType7b" time="0.002" />
  <testcase classname="com.google.javascript.jscomp.TypedScopeCreatorTest" name="testTemplateType7c" time="0.001" />
  <testcase classname="com.google.javascript.jscomp.TypedScopeCreatorTest" name="testClassTemplateType1" time="0.001">
    <failure message="expected:&lt;[string]&gt; but was:&lt;[?]&gt;" type="junit.framework.ComparisonFailure">junit.framework.ComparisonFailure: expected:&lt;[string]&gt; but was:&lt;[?]&gt;
	at com.google.javascript.jscomp.TypedScopeCreatorTest.testClassTemplateType1(TypedScopeCreatorTest.java:1465)
</failure>
  </testcase>
  <testcase classname="com.google.javascript.jscomp.TypedScopeCreatorTest" name="testClassTemplateType2" time="0.001">
    <failure message="expected:&lt;[string]&gt; but was:&lt;[?]&gt;" type="junit.framework.ComparisonFailure">junit.framework.ComparisonFailure: expected:&lt;[string]&gt; but was:&lt;[?]&gt;
	at com.google.javascript.jscomp.TypedScopeCreatorTest.testClassTemplateType2(TypedScopeCreatorTest.java:1484)
</failure>
  </testcase>
  <testcase classname="com.google.javascript.jscomp.TypedScopeCreatorTest" name="testClassTemplateType3" time="0.002">
    <failure message="expected:&lt;[string]&gt; but was:&lt;[?]&gt;" type="junit.framework.ComparisonFailure">junit.framework.ComparisonFailure: expected:&lt;[string]&gt; but was:&lt;[?]&gt;
	at com.google.javascript.jscomp.TypedScopeCreatorTest.testClassTemplateType3(TypedScopeCreatorTest.java:1501)
</failure>
  </testcase>
  <testcase classname="com.google.javascript.jscomp.TypedScopeCreatorTest" name="testClassTemplateType4" time="0.001">
    <failure message="expected:&lt;[string]&gt; but was:&lt;[?]&gt;" type="junit.framework.ComparisonFailure">junit.framework.ComparisonFailure: expected:&lt;[string]&gt; but was:&lt;[?]&gt;
	at com.google.javascript.jscomp.TypedScopeCreatorTest.testClassTemplateType4(TypedScopeCreatorTest.java:1519)
</failure>
  </testcase>
  <testcase classname="com.google.javascript.jscomp.TypedScopeCreatorTest" name="testClassTemplateType5" time="0.001">
    <failure message="expected:&lt;[string]&gt; but was:&lt;[?]&gt;" type="junit.framework.ComparisonFailure">junit.framework.ComparisonFailure: expected:&lt;[string]&gt; but was:&lt;[?]&gt;
	at com.google.javascript.jscomp.TypedScopeCreatorTest.testClassTemplateType5(TypedScopeCreatorTest.java:1538)
</failure>
  </testcase>
  <testcase classname="com.google.javascript.jscomp.TypedScopeCreatorTest" name="testClassTemplateType6" time="0.002">
    <failure message="expected:&lt;[string]&gt; but was:&lt;[?]&gt;" type="junit.framework.ComparisonFailure">junit.framework.ComparisonFailure: expected:&lt;[string]&gt; but was:&lt;[?]&gt;
	at com.google.javascript.jscomp.TypedScopeCreatorTest.testClassTemplateType6(TypedScopeCreatorTest.java:1557)
</failure>
  </testcase>
  <testcase classname="com.google.javascript.jscomp.TypedScopeCreatorTest" name="testClassTemplateType7" time="0.004" />
  <testcase classname="com.google.javascript.jscomp.TypedScopeCreatorTest" name="testClassTemplateType8" time="0.001" />
  <testcase classname="com.google.javascript.jscomp.TypedScopeCreatorTest" name="testClassTemplateInheritance1" time="0.002">
    <failure message="expected:&lt;[number]&gt; but was:&lt;[?]&gt;" type="junit.framework.ComparisonFailure">junit.framework.ComparisonFailure: expected:&lt;[number]&gt; but was:&lt;[?]&gt;
	at com.google.javascript.jscomp.TypedScopeCreatorTest.testClassTemplateInheritance1(TypedScopeCreatorTest.java:1615)
</failure>
  </testcase>
  <testcase classname="com.google.javascript.jscomp.TypedScopeCreatorTest" name="testClassTemplateInheritance2" time="0.002">
    <failure message="expected:&lt;[string]&gt; but was:&lt;[?]&gt;" type="junit.framework.ComparisonFailure">junit.framework.ComparisonFailure: expected:&lt;[string]&gt; but was:&lt;[?]&gt;
	at com.google.javascript.jscomp.TypedScopeCreatorTest.testClassTemplateInheritance2(TypedScopeCreatorTest.java:1644)
</failure>
  </testcase>
  <testcase classname="com.google.javascript.jscomp.TypedScopeCreatorTest" name="testClassTemplateInheritance3" time="0.002" />
  <testcase classname="com.google.javascript.jscomp.TypedScopeCreatorTest" name="testClassTemplateInheritance4" time="0.001">
    <failure message="expected:&lt;[string]&gt; but was:&lt;[?]&gt;" type="junit.framework.ComparisonFailure">junit.framework.ComparisonFailure: expected:&lt;[string]&gt; but was:&lt;[?]&gt;
	at com.google.javascript.jscomp.TypedScopeCreatorTest.testClassTemplateInheritance4(TypedScopeCreatorTest.java:1704)
</failure>
  </testcase>
  <testcase classname="com.google.javascript.jscomp.TypedScopeCreatorTest" name="testClassTemplateInheritance5" time="0.001">
    <failure message="expected:&lt;[string]&gt; but was:&lt;[?]&gt;" type="junit.framework.ComparisonFailure">junit.framework.ComparisonFailure: expected:&lt;[string]&gt; but was:&lt;[?]&gt;
	at com.google.javascript.jscomp.TypedScopeCreatorTest.testClassTemplateInheritance5(TypedScopeCreatorTest.java:1735)
</failure>
  </testcase>
  <testcase classname="com.google.javascript.jscomp.TypedScopeCreatorTest" name="testClosureParameterTypesWithoutJSDoc" time="0.001" />
  <testcase classname="com.google.javascript.jscomp.TypedScopeCreatorTest" name="testClosureParameterTypesWithJSDoc" time="0.0" />
  <testcase classname="com.google.javascript.jscomp.TypedScopeCreatorTest" name="testDuplicateExternProperty1" time="0.0" />
  <testcase classname="com.google.javascript.jscomp.TypedScopeCreatorTest" name="testDuplicateExternProperty2" time="0.001" />
  <testcase classname="com.google.javascript.jscomp.TypedScopeCreatorTest" name="testAbstractMethod2" time="0.001">
    <failure message="expected:&lt;[function (number): ?]&gt; but was:&lt;[Function]&gt;" type="junit.framework.ComparisonFailure">junit.framework.ComparisonFailure: expected:&lt;[function (number): ?]&gt; but was:&lt;[Function]&gt;
	at com.google.javascript.jscomp.TypedScopeCreatorTest.testAbstractMethod2(TypedScopeCreatorTest.java:1805)
</failure>
  </testcase>
  <testcase classname="com.google.javascript.jscomp.TypedScopeCreatorTest" name="testAbstractMethod3" time="0.001">
    <failure message="expected:&lt;[function (number): ?]&gt; but was:&lt;[Function]&gt;" type="junit.framework.ComparisonFailure">junit.framework.ComparisonFailure: expected:&lt;[function (number): ?]&gt; but was:&lt;[Function]&gt;
	at com.google.javascript.jscomp.TypedScopeCreatorTest.testAbstractMethod3(TypedScopeCreatorTest.java:1814)
</failure>
  </testcase>
  <testcase classname="com.google.javascript.jscomp.TypedScopeCreatorTest" name="testAbstractMethod4" time="0.001" />
  <testcase classname="com.google.javascript.jscomp.TypedScopeCreatorTest" name="testReturnTypeInference1" time="0.0" />
  <testcase classname="com.google.javascript.jscomp.TypedScopeCreatorTest" name="testReturnTypeInference2" time="0.001" />
  <testcase classname="com.google.javascript.jscomp.TypedScopeCreatorTest" name="testReturnTypeInference3" time="0.0" />
  <testcase classname="com.google.javascript.jscomp.TypedScopeCreatorTest" name="testReturnTypeInference4" time="0.0" />
  <testcase classname="com.google.javascript.jscomp.TypedScopeCreatorTest" name="testReturnTypeInference5" time="0.001" />
  <testcase classname="com.google.javascript.jscomp.TypedScopeCreatorTest" name="testLiteralTypesInferred" time="0.006" />
  <testcase classname="com.google.javascript.jscomp.TypedScopeCreatorTest" name="testGlobalQualifiedNameInLocalScope" time="0.002" />
  <testcase classname="com.google.javascript.jscomp.TypedScopeCreatorTest" name="testDeclaredObjectLitProperty1" time="0.001" />
  <testcase classname="com.google.javascript.jscomp.TypedScopeCreatorTest" name="testDeclaredObjectLitProperty2" time="0.001" />
  <testcase classname="com.google.javascript.jscomp.TypedScopeCreatorTest" name="testDeclaredObjectLitProperty3" time="0.001" />
  <testcase classname="com.google.javascript.jscomp.TypedScopeCreatorTest" name="testDeclaredObjectLitProperty4" time="0.001" />
  <testcase classname="com.google.javascript.jscomp.TypedScopeCreatorTest" name="testDeclaredObjectLitProperty5" time="0.001" />
  <testcase classname="com.google.javascript.jscomp.TypedScopeCreatorTest" name="testDeclaredObjectLitProperty6" time="0.001" />
  <testcase classname="com.google.javascript.jscomp.TypedScopeCreatorTest" name="testInferredObjectLitProperty1" time="0.001" />
  <testcase classname="com.google.javascript.jscomp.TypedScopeCreatorTest" name="testInferredObjectLitProperty2" time="0.001" />
  <testcase classname="com.google.javascript.jscomp.TypedScopeCreatorTest" name="testDeclaredConstType1" time="0.001" />
  <testcase classname="com.google.javascript.jscomp.TypedScopeCreatorTest" name="testDeclaredConstType2" time="0.001" />
  <testcase classname="com.google.javascript.jscomp.TypedScopeCreatorTest" name="testDeclaredConstType3" time="0.001" />
  <testcase classname="com.google.javascript.jscomp.TypedScopeCreatorTest" name="testDeclaredConstType4" time="0.001" />
  <testcase classname="com.google.javascript.jscomp.TypedScopeCreatorTest" name="testDeclaredConstType5a" time="0.001" />
  <testcase classname="com.google.javascript.jscomp.TypedScopeCreatorTest" name="testDeclaredConstType5" time="0.0" />
  <testcase classname="com.google.javascript.jscomp.TypedScopeCreatorTest" name="testDeclaredConstType6" time="0.001" />
  <testcase classname="com.google.javascript.jscomp.TypedScopeCreatorTest" name="testBadCtorInit1" time="0.0" />
  <testcase classname="com.google.javascript.jscomp.TypedScopeCreatorTest" name="testBadCtorInit2" time="0.0" />
  <testcase classname="com.google.javascript.jscomp.TypedScopeCreatorTest" name="testBadIfaceInit1" time="0.001" />
  <testcase classname="com.google.javascript.jscomp.TypedScopeCreatorTest" name="testBadIfaceInit2" time="0.001" />
  <testcase classname="com.google.javascript.jscomp.TypedScopeCreatorTest" name="testFunctionInHook" time="0.0" />
  <testcase classname="com.google.javascript.jscomp.TypedScopeCreatorTest" name="testFunctionInAnd" time="0.001" />
  <testcase classname="com.google.javascript.jscomp.TypedScopeCreatorTest" name="testFunctionInOr" time="0.001" />
  <testcase classname="com.google.javascript.jscomp.TypedScopeCreatorTest" name="testFunctionInComma" time="0.001" />
  <testcase classname="com.google.javascript.jscomp.TypedScopeCreatorTest" name="testDeclaredCatchExpression1" time="0.0">
    <error message="Missing catch or finally for try statement.. Reference node:&#xa;TRY 1 [source_file: testcode]&#xa;    BLOCK 1 [source_file: testcode]&#xa;    BLOCK 1 [source_file: testcode]&#xa;        CATCH 1 [source_file: testcode]&#xa;            NAME e 1 [source_file: testcode]&#xa;            BLOCK 1 [source_file: testcode]&#xa;" type="java.lang.IllegalStateException">java.lang.IllegalStateException: Missing catch or finally for try statement.. Reference node:
TRY 1 [source_file: testcode]
    BLOCK 1 [source_file: testcode]
    BLOCK 1 [source_file: testcode]
        CATCH 1 [source_file: testcode]
            NAME e 1 [source_file: testcode]
            BLOCK 1 [source_file: testcode]

	at com.google.javascript.jscomp.AstValidator$1.handleViolation(AstValidator.java:54)
	at com.google.javascript.jscomp.AstValidator.violation(AstValidator.java:1167)
	at com.google.javascript.jscomp.AstValidator.validateTry(AstValidator.java:888)
	at com.google.javascript.jscomp.AstValidator.validateStatement(AstValidator.java:142)
	at com.google.javascript.jscomp.AstValidator.validateScript(AstValidator.java:91)
	at com.google.javascript.jscomp.AstValidator.validateCodeRoot(AstValidator.java:82)
	at com.google.javascript.jscomp.AstValidator.validateRoot(AstValidator.java:75)
	at com.google.javascript.jscomp.CompilerTestCase.test(CompilerTestCase.java:967)
	at com.google.javascript.jscomp.CompilerTestCase.test(CompilerTestCase.java:935)
	at com.google.javascript.jscomp.CompilerTestCase.test(CompilerTestCase.java:543)
	at com.google.javascript.jscomp.CompilerTestCase.test(CompilerTestCase.java:509)
	at com.google.javascript.jscomp.CompilerTestCase.test(CompilerTestCase.java:450)
	at com.google.javascript.jscomp.CompilerTestCase.test(CompilerTestCase.java:408)
	at com.google.javascript.jscomp.CompilerTestCase.testSame(CompilerTestCase.java:741)
	at com.google.javascript.jscomp.TypedScopeCreatorTest.testDeclaredCatchExpression1(TypedScopeCreatorTest.java:2115)
</error>
  </testcase>
  <testcase classname="com.google.javascript.jscomp.TypedScopeCreatorTest" name="testDeclaredCatchExpression2" time="0.0">
    <error message="Missing catch or finally for try statement.. Reference node:&#xa;TRY 1 [source_file: testcode]&#xa;    BLOCK 1 [source_file: testcode]&#xa;    BLOCK 1 [source_file: testcode]&#xa;        CATCH 1 [source_file: testcode]&#xa;            NAME e 1 [jsdoc_info: JSDocInfo] [source_file: testcode]&#xa;            BLOCK 1 [source_file: testcode]&#xa;" type="java.lang.IllegalStateException">java.lang.IllegalStateException: Missing catch or finally for try statement.. Reference node:
TRY 1 [source_file: testcode]
    BLOCK 1 [source_file: testcode]
    BLOCK 1 [source_file: testcode]
        CATCH 1 [source_file: testcode]
            NAME e 1 [jsdoc_info: JSDocInfo] [source_file: testcode]
            BLOCK 1 [source_file: testcode]

	at com.google.javascript.jscomp.AstValidator$1.handleViolation(AstValidator.java:54)
	at com.google.javascript.jscomp.AstValidator.violation(AstValidator.java:1167)
	at com.google.javascript.jscomp.AstValidator.validateTry(AstValidator.java:888)
	at com.google.javascript.jscomp.AstValidator.validateStatement(AstValidator.java:142)
	at com.google.javascript.jscomp.AstValidator.validateScript(AstValidator.java:91)
	at com.google.javascript.jscomp.AstValidator.validateCodeRoot(AstValidator.java:82)
	at com.google.javascript.jscomp.AstValidator.validateRoot(AstValidator.java:75)
	at com.google.javascript.jscomp.CompilerTestCase.test(CompilerTestCase.java:967)
	at com.google.javascript.jscomp.CompilerTestCase.test(CompilerTestCase.java:935)
	at com.google.javascript.jscomp.CompilerTestCase.test(CompilerTestCase.java:543)
	at com.google.javascript.jscomp.CompilerTestCase.test(CompilerTestCase.java:509)
	at com.google.javascript.jscomp.CompilerTestCase.test(CompilerTestCase.java:450)
	at com.google.javascript.jscomp.CompilerTestCase.test(CompilerTestCase.java:408)
	at com.google.javascript.jscomp.CompilerTestCase.testSame(CompilerTestCase.java:741)
	at com.google.javascript.jscomp.TypedScopeCreatorTest.testDeclaredCatchExpression2(TypedScopeCreatorTest.java:2123)
</error>
  </testcase>
  <testcase classname="com.google.javascript.jscomp.TypedScopeCreatorTest" name="testObjectLiteralCast" time="0.001" />
  <testcase classname="com.google.javascript.jscomp.TypedScopeCreatorTest" name="testGlobalThis1" time="0.001" />
  <testcase classname="com.google.javascript.jscomp.TypedScopeCreatorTest" name="testGlobalThis2" time="0.001" />
  <testcase classname="com.google.javascript.jscomp.TypedScopeCreatorTest" name="testEnum" time="0.001" />
  <testcase classname="com.google.javascript.jscomp.TypedScopeCreatorTest" name="testAbstractMethod" time="0.001" />
  <testcase classname="com.google.javascript.jscomp.TypedScopeCreatorTest" name="testConstructorAlias" time="0.001" />
  <testcase classname="com.google.javascript.jscomp.TypedScopeCreatorTest" name="testAddMethodsPrototypeTwoWays" time="0.0" />
  <testcase classname="com.google.javascript.jscomp.TypedScopeCreatorTest" name="testTemplateType1" time="0.001" />
  <testcase classname="com.google.javascript.jscomp.TypedScopeCreatorTest" name="testTemplateType2" time="0.0" />
  <testcase classname="com.google.javascript.jscomp.TypedScopeCreatorTest" name="testTemplateType3" time="0.0" />
  <testcase classname="com.google.javascript.jscomp.TypedScopeCreatorTest" name="testTemplateType4" time="0.001" />
  <testcase classname="com.google.javascript.jscomp.TypedScopeCreatorTest" name="testTemplateType5" time="0.001" />
  <testcase classname="com.google.javascript.jscomp.TypedScopeCreatorTest" name="testTemplateType6" time="0.001" />
  <testcase classname="com.google.javascript.jscomp.TypedScopeCreatorTest" name="testTemplateType7" time="0.002" />
  <testcase classname="com.google.javascript.jscomp.TypedScopeCreatorTest" name="testTemplateType9" time="0.001" />
  <testcase classname="com.google.javascript.jscomp.TypedScopeCreatorTest" name="testTemplateType10" time="0.001" />
  <testcase classname="com.google.javascript.jscomp.TypedScopeCreatorTest" name="testTemplateType11" time="0.001" />
  <testcase classname="com.google.javascript.jscomp.TypedScopeCreatorTest" name="testTemplateType12" time="0.001">
    <failure message="expected:&lt;[(Array&lt;T&gt;|{length: number})]&gt; but was:&lt;[{length: number}]&gt;" type="junit.framework.ComparisonFailure">junit.framework.ComparisonFailure: expected:&lt;[(Array&lt;T&gt;|{length: number})]&gt; but was:&lt;[{length: number}]&gt;
	at com.google.javascript.jscomp.TypedScopeCreatorTest.testTemplateType12(TypedScopeCreatorTest.java:1432)
</failure>
  </testcase>
  <testcase classname="com.google.javascript.jscomp.TypedScopeCreatorTest" name="testActiveXObject" time="0.0" />
  <system-out><![CDATA[]]></system-out>
  <system-err><![CDATA[]]></system-err>
</testsuite>
