<?xml version="1.0" encoding="UTF-8" ?>
<testsuite errors="3" failures="6" hostname="cs-210-206.cs.ucla.edu" name="com.google.javascript.jscomp.ClosureCodingConventionTest" skipped="0" tests="24" time="0.04" timestamp="2015-03-09T03:17:13">
  <properties>
    <property name="java.vendor" value="Oracle Corporation" />
    <property name="lib.dir" value="/Users/linmanna/Documents/proj/UCLA-CS-239-Winter-2015/Part_B/Benchmark/closure-compiler/lib" />
    <property name="refasterjs-jarfile" value="/Users/linmanna/Documents/proj/UCLA-CS-239-Winter-2015/Part_B/Benchmark/closure-compiler/build/refasterjs.jar" />
    <property name="sun.java.launcher" value="SUN_STANDARD" />
    <property name="sun.management.compiler" value="HotSpot 64-Bit Tiered Compilers" />
    <property name="os.name" value="Mac OS X" />
    <property name="sun.boot.class.path" value="/Library/Java/JavaVirtualMachines/jdk1.7.0_75.jdk/Contents/Home/jre/lib/resources.jar:/Library/Java/JavaVirtualMachines/jdk1.7.0_75.jdk/Contents/Home/jre/lib/rt.jar:/Library/Java/JavaVirtualMachines/jdk1.7.0_75.jdk/Contents/Home/jre/lib/sunrsasign.jar:/Library/Java/JavaVirtualMachines/jdk1.7.0_75.jdk/Contents/Home/jre/lib/jsse.jar:/Library/Java/JavaVirtualMachines/jdk1.7.0_75.jdk/Contents/Home/jre/lib/jce.jar:/Library/Java/JavaVirtualMachines/jdk1.7.0_75.jdk/Contents/Home/jre/lib/charsets.jar:/Library/Java/JavaVirtualMachines/jdk1.7.0_75.jdk/Contents/Home/jre/lib/jfr.jar:/Library/Java/JavaVirtualMachines/jdk1.7.0_75.jdk/Contents/Home/jre/classes" />
    <property name="maven-repository-id" value="sonatype-nexus-staging" />
    <property name="java.vm.specification.vendor" value="Oracle Corporation" />
    <property name="ant.home" value="//Users/linmanna/ant" />
    <property name="java.runtime.version" value="1.7.0_75-b13" />
    <property name="gen.dir" value="/Users/linmanna/Documents/proj/UCLA-CS-239-Winter-2015/Part_B/Benchmark/closure-compiler/gen" />
    <property name="user.name" value="linmanna" />
    <property name="ant.file.compiler" value="/Users/linmanna/Documents/proj/UCLA-CS-239-Winter-2015/Part_B/Benchmark/closure-compiler/build.xml" />
    <property name="build.dir" value="/Users/linmanna/Documents/proj/UCLA-CS-239-Winter-2015/Part_B/Benchmark/closure-compiler/build" />
    <property name="ant.build.javac.target" value="1.7" />
    <property name="user.language" value="zh" />
    <property name="test.method" value="" />
    <property name="sun.boot.library.path" value="/Library/Java/JavaVirtualMachines/jdk1.7.0_75.jdk/Contents/Home/jre/lib" />
    <property name="ant.project.default-target" value="jar" />
    <property name="ant.project.name" value="compiler" />
    <property name="java.version" value="1.7.0_75" />
    <property name="user.timezone" value="" />
    <property name="sun.arch.data.model" value="64" />
    <property name="http.nonProxyHosts" value="local|*.local|169.254/16|*.169.254/16" />
    <property name="java.endorsed.dirs" value="/Library/Java/JavaVirtualMachines/jdk1.7.0_75.jdk/Contents/Home/jre/lib/endorsed" />
    <property name="sun.cpu.isalist" value="" />
    <property name="sun.jnu.encoding" value="UTF-8" />
    <property name="file.encoding.pkg" value="sun.io" />
    <property name="file.separator" value="/" />
    <property name="java.specification.name" value="Java Platform API Specification" />
    <property name="protoc.executable" value="protoc" />
    <property name="classes.dir" value="/Users/linmanna/Documents/proj/UCLA-CS-239-Winter-2015/Part_B/Benchmark/closure-compiler/build/classes" />
    <property name="java.class.version" value="51.0" />
    <property name="testClasses.dir" value="/Users/linmanna/Documents/proj/UCLA-CS-239-Winter-2015/Part_B/Benchmark/closure-compiler/build/test" />
    <property name="user.country" value="CN" />
    <property name="java.home" value="/Library/Java/JavaVirtualMachines/jdk1.7.0_75.jdk/Contents/Home/jre" />
    <property name="java.vm.info" value="mixed mode" />
    <property name="externs.dir" value="/Users/linmanna/Documents/proj/UCLA-CS-239-Winter-2015/Part_B/Benchmark/closure-compiler/externs" />
    <property name="ant.file" value="/Users/linmanna/Documents/proj/UCLA-CS-239-Winter-2015/Part_B/Benchmark/closure-compiler/build.xml" />
    <property name="os.version" value="10.9.5" />
    <property name="javac.debug" value="on" />
    <property name="path.separator" value=":" />
    <property name="java.vm.version" value="24.75-b04" />
    <property name="ant.library.dir" value="//Users/linmanna/ant/lib" />
    <property name="java.awt.printerjob" value="sun.lwawt.macosx.CPrinterJob" />
    <property name="webservice-jarfile" value="/Users/linmanna/Documents/proj/UCLA-CS-239-Winter-2015/Part_B/Benchmark/closure-compiler/build/webservice.jar" />
    <property name="sun.io.unicode.encoding" value="UnicodeBig" />
    <property name="test.fork" value="true" />
    <property name="webservice.dir" value="/Users/linmanna/Documents/proj/UCLA-CS-239-Winter-2015/Part_B/Benchmark/closure-compiler/src/com/google/javascript/jscomp/webservice" />
    <property name="awt.toolkit" value="sun.lwawt.macosx.LWCToolkit" />
    <property name="buildlib.dir" value="/Users/linmanna/Documents/proj/UCLA-CS-239-Winter-2015/Part_B/Benchmark/closure-compiler/build/lib" />
    <property name="socksNonProxyHosts" value="local|*.local|169.254/16|*.169.254/16" />
    <property name="ftp.nonProxyHosts" value="local|*.local|169.254/16|*.169.254/16" />
    <property name="ant.build.javac.source" value="1.7" />
    <property name="refasterjs.dir" value="/Users/linmanna/Documents/proj/UCLA-CS-239-Winter-2015/Part_B/Benchmark/closure-compiler/src/com/google/javascript/refactoring" />
    <property name="user.home" value="/Users/linmanna" />
    <property name="java.specification.vendor" value="Oracle Corporation" />
    <property name="test.dir" value="/Users/linmanna/Documents/proj/UCLA-CS-239-Winter-2015/Part_B/Benchmark/closure-compiler/test" />
    <property name="java.library.path" value="/Users/linmanna/Library/Java/Extensions:/Library/Java/Extensions:/Network/Library/Java/Extensions:/System/Library/Java/Extensions:/usr/lib/java:." />
    <property name="java.vendor.url" value="http://java.oracle.com/" />
    <property name="java.vm.vendor" value="Oracle Corporation" />
    <property name="gopherProxySet" value="false" />
    <property name="build.relVersion" value="00e3533" />
    <property name="java.runtime.name" value="Java(TM) SE Runtime Environment" />
    <property name="sun.java.command" value="org.apache.tools.ant.taskdefs.optional.junit.JUnitTestRunner testsfile=/Users/linmanna/Documents/proj/UCLA-CS-239-Winter-2015/Part_B/Benchmark/closure-compiler/junittestcases4622356093930181862.properties skipNonTests=false filtertrace=true haltOnError=false haltOnFailure=false formatter=org.apache.tools.ant.taskdefs.optional.junit.SummaryJUnitResultFormatter showoutput=true outputtoformatters=true logfailedtests=true threadid=0 logtestlistenerevents=false formatter=org.apache.tools.ant.taskdefs.optional.junit.BriefJUnitResultFormatter formatter=org.apache.tools.ant.taskdefs.optional.junit.XMLJUnitResultFormatter,/Users/linmanna/Documents/proj/UCLA-CS-239-Winter-2015/Part_B/Benchmark/closure-compiler/build/testoutput/IGNORETHIS.xml crashfile=/Users/linmanna/Documents/proj/UCLA-CS-239-Winter-2015/Part_B/Benchmark/closure-compiler/junitvmwatcher882389895192408063.properties propsfile=/Users/linmanna/Documents/proj/UCLA-CS-239-Winter-2015/Part_B/Benchmark/closure-compiler/junit6374663990081372210.properties" />
    <property name="java.class.path" value="/Users/linmanna/Documents/proj/UCLA-CS-239-Winter-2015/Part_B/Benchmark/closure-compiler/build/classes:/Users/linmanna/Documents/proj/UCLA-CS-239-Winter-2015/Part_B/Benchmark/closure-compiler/lib/ant-launcher.jar:/Users/linmanna/Documents/proj/UCLA-CS-239-Winter-2015/Part_B/Benchmark/closure-compiler/lib/ant.jar:/Users/linmanna/Documents/proj/UCLA-CS-239-Winter-2015/Part_B/Benchmark/closure-compiler/lib/args4j.jar:/Users/linmanna/Documents/proj/UCLA-CS-239-Winter-2015/Part_B/Benchmark/closure-compiler/lib/gson.jar:/Users/linmanna/Documents/proj/UCLA-CS-239-Winter-2015/Part_B/Benchmark/closure-compiler/lib/guava.jar:/Users/linmanna/Documents/proj/UCLA-CS-239-Winter-2015/Part_B/Benchmark/closure-compiler/lib/jsr305.jar:/Users/linmanna/Documents/proj/UCLA-CS-239-Winter-2015/Part_B/Benchmark/closure-compiler/lib/junit.jar:/Users/linmanna/Documents/proj/UCLA-CS-239-Winter-2015/Part_B/Benchmark/closure-compiler/lib/protobuf-java.jar:/Users/linmanna/Documents/proj/UCLA-CS-239-Winter-2015/Part_B/Benchmark/closure-compiler/lib/truth.jar:/Users/linmanna/Documents/proj/UCLA-CS-239-Winter-2015/Part_B/Benchmark/closure-compiler/build/test:/Users/linmanna/ant/lib/ant-launcher.jar:/Users/linmanna/ant/lib/ant.jar:/Users/linmanna/ant/lib/ant-junit.jar:/Users/linmanna/ant/lib/ant-junit4.jar" />
    <property name="ant.version" value="Apache Ant(TM) version 1.9.4 compiled on April 29 2014" />
    <property name="test.class" value="*Test" />
    <property name="java.vm.specification.name" value="Java Virtual Machine Specification" />
    <property name="ant.file.type" value="file" />
    <property name="java.vm.specification.version" value="1.7" />
    <property name="sun.cpu.endian" value="little" />
    <property name="sun.os.patch.level" value="unknown" />
    <property name="java.io.tmpdir" value="/var/folders/_p/3swdt4h96dn79vyt21dtny9h0000gn/T/" />
    <property name="java.vendor.url.bug" value="http://bugreport.sun.com/bugreport/" />
    <property name="java.awt.graphicsenv" value="sun.awt.CGraphicsEnvironment" />
    <property name="maven-repository-url" value="https://oss.sonatype.org/service/local/staging/deploy/maven2/" />
    <property name="os.arch" value="x86_64" />
    <property name="webservice-classes.dir" value="/Users/linmanna/Documents/proj/UCLA-CS-239-Winter-2015/Part_B/Benchmark/closure-compiler/build/webservice-classes" />
    <property name="java.ext.dirs" value="/Users/linmanna/Library/Java/Extensions:/Library/Java/JavaVirtualMachines/jdk1.7.0_75.jdk/Contents/Home/jre/lib/ext:/Library/Java/Extensions:/Network/Library/Java/Extensions:/System/Library/Java/Extensions:/usr/lib/java" />
    <property name="user.dir" value="/Users/linmanna/Documents/proj/UCLA-CS-239-Winter-2015/Part_B/Benchmark/closure-compiler" />
    <property name="ant.file.type.compiler" value="file" />
    <property name="line.separator" value="&#xa;" />
    <property name="java.vm.name" value="Java HotSpot(TM) 64-Bit Server VM" />
    <property name="refasterjs-classes.dir" value="/Users/linmanna/Documents/proj/UCLA-CS-239-Winter-2015/Part_B/Benchmark/closure-compiler/build/refasterjs-classes" />
    <property name="basedir" value="/Users/linmanna/Documents/proj/UCLA-CS-239-Winter-2015/Part_B/Benchmark/closure-compiler" />
    <property name="ant.java.version" value="1.7" />
    <property name="ant.core.lib" value="/Users/linmanna/ant/lib/ant.jar" />
    <property name="file.encoding" value="UTF-8" />
    <property name="closure.build.dir" value="/Users/linmanna/Documents/proj/UCLA-CS-239-Winter-2015/Part_B/Benchmark/closure-compiler/build" />
    <property name="compiler-jarfile" value="/Users/linmanna/Documents/proj/UCLA-CS-239-Winter-2015/Part_B/Benchmark/closure-compiler/build/compiler.jar" />
    <property name="java.specification.version" value="1.7" />
    <property name="src.dir" value="/Users/linmanna/Documents/proj/UCLA-CS-239-Winter-2015/Part_B/Benchmark/closure-compiler/src" />
    <property name="ant.project.invoked-targets" value="clean,compile,compile-tests,test" />
    <property name="javadoc.dir" value="/Users/linmanna/Documents/proj/UCLA-CS-239-Winter-2015/Part_B/Benchmark/closure-compiler/build/javadoc" />
    <property name="tools.dir" value="/Users/linmanna/Documents/proj/UCLA-CS-239-Winter-2015/Part_B/Benchmark/closure-compiler/tools" />
  </properties>
  <testcase classname="com.google.javascript.jscomp.ClosureCodingConventionTest" name="testVarAndOptionalParams" time="0.0" />
  <testcase classname="com.google.javascript.jscomp.ClosureCodingConventionTest" name="testInlineName" time="0.0" />
  <testcase classname="com.google.javascript.jscomp.ClosureCodingConventionTest" name="testExportedName" time="0.0" />
  <testcase classname="com.google.javascript.jscomp.ClosureCodingConventionTest" name="testPrivateName" time="0.0" />
  <testcase classname="com.google.javascript.jscomp.ClosureCodingConventionTest" name="testEnumKey" time="0.0" />
  <testcase classname="com.google.javascript.jscomp.ClosureCodingConventionTest" name="testInheritanceDetection1" time="0.001" />
  <testcase classname="com.google.javascript.jscomp.ClosureCodingConventionTest" name="testInheritanceDetection2" time="0.002">
    <failure message="expected:&lt;[A]&gt; but was:&lt;[goog]&gt;" type="junit.framework.ComparisonFailure">junit.framework.ComparisonFailure: expected:&lt;[A]&gt; but was:&lt;[goog]&gt;
	at com.google.javascript.jscomp.ClosureCodingConventionTest.assertDefinesClasses(ClosureCodingConventionTest.java:265)
	at com.google.javascript.jscomp.ClosureCodingConventionTest.testInheritanceDetection2(ClosureCodingConventionTest.java:102)
</failure>
  </testcase>
  <testcase classname="com.google.javascript.jscomp.ClosureCodingConventionTest" name="testInheritanceDetection3" time="0.0" />
  <testcase classname="com.google.javascript.jscomp.ClosureCodingConventionTest" name="testInheritanceDetection4" time="0.001">
    <failure message="expected:&lt;goog[.A]&gt; but was:&lt;goog[]&gt;" type="junit.framework.ComparisonFailure">junit.framework.ComparisonFailure: expected:&lt;goog[.A]&gt; but was:&lt;goog[]&gt;
	at com.google.javascript.jscomp.ClosureCodingConventionTest.assertDefinesClasses(ClosureCodingConventionTest.java:265)
	at com.google.javascript.jscomp.ClosureCodingConventionTest.testInheritanceDetection4(ClosureCodingConventionTest.java:110)
</failure>
  </testcase>
  <testcase classname="com.google.javascript.jscomp.ClosureCodingConventionTest" name="testInheritanceDetection5" time="0.0" />
  <testcase classname="com.google.javascript.jscomp.ClosureCodingConventionTest" name="testInheritanceDetection6" time="0.001">
    <failure message="Expected: &lt;null&gt; but was: com.google.javascript.jscomp.CodingConvention$SubclassRelationship@7591335e" type="junit.framework.AssertionFailedError">junit.framework.AssertionFailedError: Expected: &lt;null&gt; but was: com.google.javascript.jscomp.CodingConvention$SubclassRelationship@7591335e
	at com.google.javascript.jscomp.ClosureCodingConventionTest.assertNotClassDefining(ClosureCodingConventionTest.java:256)
	at com.google.javascript.jscomp.ClosureCodingConventionTest.testInheritanceDetection6(ClosureCodingConventionTest.java:118)
</failure>
  </testcase>
  <testcase classname="com.google.javascript.jscomp.ClosureCodingConventionTest" name="testInheritanceDetection7" time="0.001">
    <failure message="Expected: &lt;null&gt; but was: com.google.javascript.jscomp.CodingConvention$SubclassRelationship@4a68ed51" type="junit.framework.AssertionFailedError">junit.framework.AssertionFailedError: Expected: &lt;null&gt; but was: com.google.javascript.jscomp.CodingConvention$SubclassRelationship@4a68ed51
	at com.google.javascript.jscomp.ClosureCodingConventionTest.assertNotClassDefining(ClosureCodingConventionTest.java:256)
	at com.google.javascript.jscomp.ClosureCodingConventionTest.testInheritanceDetection7(ClosureCodingConventionTest.java:122)
</failure>
  </testcase>
  <testcase classname="com.google.javascript.jscomp.ClosureCodingConventionTest" name="testInheritanceDetection8" time="0.002">
    <failure message="Expected: &lt;null&gt; but was: com.google.javascript.jscomp.CodingConvention$SubclassRelationship@3c5617e6" type="junit.framework.AssertionFailedError">junit.framework.AssertionFailedError: Expected: &lt;null&gt; but was: com.google.javascript.jscomp.CodingConvention$SubclassRelationship@3c5617e6
	at com.google.javascript.jscomp.ClosureCodingConventionTest.assertNotClassDefining(ClosureCodingConventionTest.java:256)
	at com.google.javascript.jscomp.ClosureCodingConventionTest.testInheritanceDetection8(ClosureCodingConventionTest.java:126)
</failure>
  </testcase>
  <testcase classname="com.google.javascript.jscomp.ClosureCodingConventionTest" name="testInheritanceDetection9" time="0.001" />
  <testcase classname="com.google.javascript.jscomp.ClosureCodingConventionTest" name="testInheritanceDetection10" time="0.002">
    <failure message="expected:&lt;[A]&gt; but was:&lt;[goog]&gt;" type="junit.framework.ComparisonFailure">junit.framework.ComparisonFailure: expected:&lt;[A]&gt; but was:&lt;[goog]&gt;
	at com.google.javascript.jscomp.ClosureCodingConventionTest.assertDefinesClasses(ClosureCodingConventionTest.java:265)
	at com.google.javascript.jscomp.ClosureCodingConventionTest.testInheritanceDetection10(ClosureCodingConventionTest.java:135)
</failure>
  </testcase>
  <testcase classname="com.google.javascript.jscomp.ClosureCodingConventionTest" name="testInheritanceDetection11" time="0.001" />
  <testcase classname="com.google.javascript.jscomp.ClosureCodingConventionTest" name="testInheritanceDetection12" time="0.001" />
  <testcase classname="com.google.javascript.jscomp.ClosureCodingConventionTest" name="testInheritanceDetection13" time="0.001" />
  <testcase classname="com.google.javascript.jscomp.ClosureCodingConventionTest" name="testInheritanceDetection14" time="0.001">
    <error type="java.lang.NullPointerException">java.lang.NullPointerException
	at com.google.javascript.jscomp.ClosureCodingConvention.getClassesDefinedByCall(ClosureCodingConvention.java:151)
	at com.google.javascript.jscomp.ClosureCodingConventionTest.assertNotClassDefining(ClosureCodingConventionTest.java:256)
	at com.google.javascript.jscomp.ClosureCodingConventionTest.testInheritanceDetection14(ClosureCodingConventionTest.java:152)
</error>
  </testcase>
  <testcase classname="com.google.javascript.jscomp.ClosureCodingConventionTest" name="testInheritanceDetectionPostCollapseProperties" time="0.001">
    <error type="java.lang.NullPointerException">java.lang.NullPointerException
	at com.google.javascript.jscomp.ClosureCodingConvention.getClassesDefinedByCall(ClosureCodingConvention.java:151)
	at com.google.javascript.jscomp.ClosureCodingConventionTest.assertNotClassDefining(ClosureCodingConventionTest.java:256)
	at com.google.javascript.jscomp.ClosureCodingConventionTest.testInheritanceDetectionPostCollapseProperties(ClosureCodingConventionTest.java:157)
</error>
  </testcase>
  <testcase classname="com.google.javascript.jscomp.ClosureCodingConventionTest" name="testObjectLiteralCast" time="0.001">
    <error type="java.lang.NullPointerException">java.lang.NullPointerException
	at com.google.javascript.jscomp.ClosureCodingConvention.getObjectLiteralCast(ClosureCodingConvention.java:383)
	at com.google.javascript.jscomp.ClosureCodingConventionTest.assertNotObjectLiteralCast(ClosureCodingConventionTest.java:246)
	at com.google.javascript.jscomp.ClosureCodingConventionTest.testObjectLiteralCast(ClosureCodingConventionTest.java:161)
</error>
  </testcase>
  <testcase classname="com.google.javascript.jscomp.ClosureCodingConventionTest" name="testFunctionBind" time="0.009" />
  <testcase classname="com.google.javascript.jscomp.ClosureCodingConventionTest" name="testRequire" time="0.001" />
  <testcase classname="com.google.javascript.jscomp.ClosureCodingConventionTest" name="testApplySubclassRelationship" time="0.001" />
  <system-out><![CDATA[]]></system-out>
  <system-err><![CDATA[]]></system-err>
</testsuite>
