<?xml version="1.0" encoding="UTF-8" ?>
<testsuite errors="4" failures="0" hostname="cs-210-206.cs.ucla.edu" name="com.google.javascript.jscomp.RemoveUnusedVarsTest" skipped="0" tests="83" time="0.09" timestamp="2015-03-09T03:17:37">
  <properties>
    <property name="java.vendor" value="Oracle Corporation" />
    <property name="lib.dir" value="/Users/linmanna/Documents/proj/UCLA-CS-239-Winter-2015/Part_B/Benchmark/closure-compiler/lib" />
    <property name="refasterjs-jarfile" value="/Users/linmanna/Documents/proj/UCLA-CS-239-Winter-2015/Part_B/Benchmark/closure-compiler/build/refasterjs.jar" />
    <property name="sun.java.launcher" value="SUN_STANDARD" />
    <property name="sun.management.compiler" value="HotSpot 64-Bit Tiered Compilers" />
    <property name="os.name" value="Mac OS X" />
    <property name="sun.boot.class.path" value="/Library/Java/JavaVirtualMachines/jdk1.7.0_75.jdk/Contents/Home/jre/lib/resources.jar:/Library/Java/JavaVirtualMachines/jdk1.7.0_75.jdk/Contents/Home/jre/lib/rt.jar:/Library/Java/JavaVirtualMachines/jdk1.7.0_75.jdk/Contents/Home/jre/lib/sunrsasign.jar:/Library/Java/JavaVirtualMachines/jdk1.7.0_75.jdk/Contents/Home/jre/lib/jsse.jar:/Library/Java/JavaVirtualMachines/jdk1.7.0_75.jdk/Contents/Home/jre/lib/jce.jar:/Library/Java/JavaVirtualMachines/jdk1.7.0_75.jdk/Contents/Home/jre/lib/charsets.jar:/Library/Java/JavaVirtualMachines/jdk1.7.0_75.jdk/Contents/Home/jre/lib/jfr.jar:/Library/Java/JavaVirtualMachines/jdk1.7.0_75.jdk/Contents/Home/jre/classes" />
    <property name="maven-repository-id" value="sonatype-nexus-staging" />
    <property name="java.vm.specification.vendor" value="Oracle Corporation" />
    <property name="ant.home" value="//Users/linmanna/ant" />
    <property name="java.runtime.version" value="1.7.0_75-b13" />
    <property name="gen.dir" value="/Users/linmanna/Documents/proj/UCLA-CS-239-Winter-2015/Part_B/Benchmark/closure-compiler/gen" />
    <property name="user.name" value="linmanna" />
    <property name="ant.file.compiler" value="/Users/linmanna/Documents/proj/UCLA-CS-239-Winter-2015/Part_B/Benchmark/closure-compiler/build.xml" />
    <property name="build.dir" value="/Users/linmanna/Documents/proj/UCLA-CS-239-Winter-2015/Part_B/Benchmark/closure-compiler/build" />
    <property name="ant.build.javac.target" value="1.7" />
    <property name="user.language" value="zh" />
    <property name="test.method" value="" />
    <property name="sun.boot.library.path" value="/Library/Java/JavaVirtualMachines/jdk1.7.0_75.jdk/Contents/Home/jre/lib" />
    <property name="ant.project.default-target" value="jar" />
    <property name="ant.project.name" value="compiler" />
    <property name="java.version" value="1.7.0_75" />
    <property name="user.timezone" value="" />
    <property name="sun.arch.data.model" value="64" />
    <property name="http.nonProxyHosts" value="local|*.local|169.254/16|*.169.254/16" />
    <property name="java.endorsed.dirs" value="/Library/Java/JavaVirtualMachines/jdk1.7.0_75.jdk/Contents/Home/jre/lib/endorsed" />
    <property name="sun.cpu.isalist" value="" />
    <property name="sun.jnu.encoding" value="UTF-8" />
    <property name="file.encoding.pkg" value="sun.io" />
    <property name="file.separator" value="/" />
    <property name="java.specification.name" value="Java Platform API Specification" />
    <property name="protoc.executable" value="protoc" />
    <property name="classes.dir" value="/Users/linmanna/Documents/proj/UCLA-CS-239-Winter-2015/Part_B/Benchmark/closure-compiler/build/classes" />
    <property name="java.class.version" value="51.0" />
    <property name="testClasses.dir" value="/Users/linmanna/Documents/proj/UCLA-CS-239-Winter-2015/Part_B/Benchmark/closure-compiler/build/test" />
    <property name="user.country" value="CN" />
    <property name="java.home" value="/Library/Java/JavaVirtualMachines/jdk1.7.0_75.jdk/Contents/Home/jre" />
    <property name="java.vm.info" value="mixed mode" />
    <property name="externs.dir" value="/Users/linmanna/Documents/proj/UCLA-CS-239-Winter-2015/Part_B/Benchmark/closure-compiler/externs" />
    <property name="ant.file" value="/Users/linmanna/Documents/proj/UCLA-CS-239-Winter-2015/Part_B/Benchmark/closure-compiler/build.xml" />
    <property name="os.version" value="10.9.5" />
    <property name="javac.debug" value="on" />
    <property name="path.separator" value=":" />
    <property name="java.vm.version" value="24.75-b04" />
    <property name="ant.library.dir" value="//Users/linmanna/ant/lib" />
    <property name="java.awt.printerjob" value="sun.lwawt.macosx.CPrinterJob" />
    <property name="webservice-jarfile" value="/Users/linmanna/Documents/proj/UCLA-CS-239-Winter-2015/Part_B/Benchmark/closure-compiler/build/webservice.jar" />
    <property name="sun.io.unicode.encoding" value="UnicodeBig" />
    <property name="test.fork" value="true" />
    <property name="webservice.dir" value="/Users/linmanna/Documents/proj/UCLA-CS-239-Winter-2015/Part_B/Benchmark/closure-compiler/src/com/google/javascript/jscomp/webservice" />
    <property name="awt.toolkit" value="sun.lwawt.macosx.LWCToolkit" />
    <property name="buildlib.dir" value="/Users/linmanna/Documents/proj/UCLA-CS-239-Winter-2015/Part_B/Benchmark/closure-compiler/build/lib" />
    <property name="socksNonProxyHosts" value="local|*.local|169.254/16|*.169.254/16" />
    <property name="ftp.nonProxyHosts" value="local|*.local|169.254/16|*.169.254/16" />
    <property name="ant.build.javac.source" value="1.7" />
    <property name="refasterjs.dir" value="/Users/linmanna/Documents/proj/UCLA-CS-239-Winter-2015/Part_B/Benchmark/closure-compiler/src/com/google/javascript/refactoring" />
    <property name="user.home" value="/Users/linmanna" />
    <property name="java.specification.vendor" value="Oracle Corporation" />
    <property name="test.dir" value="/Users/linmanna/Documents/proj/UCLA-CS-239-Winter-2015/Part_B/Benchmark/closure-compiler/test" />
    <property name="java.library.path" value="/Users/linmanna/Library/Java/Extensions:/Library/Java/Extensions:/Network/Library/Java/Extensions:/System/Library/Java/Extensions:/usr/lib/java:." />
    <property name="java.vendor.url" value="http://java.oracle.com/" />
    <property name="java.vm.vendor" value="Oracle Corporation" />
    <property name="gopherProxySet" value="false" />
    <property name="build.relVersion" value="00e3533" />
    <property name="java.runtime.name" value="Java(TM) SE Runtime Environment" />
    <property name="sun.java.command" value="org.apache.tools.ant.taskdefs.optional.junit.JUnitTestRunner testsfile=/Users/linmanna/Documents/proj/UCLA-CS-239-Winter-2015/Part_B/Benchmark/closure-compiler/junittestcases4622356093930181862.properties skipNonTests=false filtertrace=true haltOnError=false haltOnFailure=false formatter=org.apache.tools.ant.taskdefs.optional.junit.SummaryJUnitResultFormatter showoutput=true outputtoformatters=true logfailedtests=true threadid=0 logtestlistenerevents=false formatter=org.apache.tools.ant.taskdefs.optional.junit.BriefJUnitResultFormatter formatter=org.apache.tools.ant.taskdefs.optional.junit.XMLJUnitResultFormatter,/Users/linmanna/Documents/proj/UCLA-CS-239-Winter-2015/Part_B/Benchmark/closure-compiler/build/testoutput/IGNORETHIS.xml crashfile=/Users/linmanna/Documents/proj/UCLA-CS-239-Winter-2015/Part_B/Benchmark/closure-compiler/junitvmwatcher882389895192408063.properties propsfile=/Users/linmanna/Documents/proj/UCLA-CS-239-Winter-2015/Part_B/Benchmark/closure-compiler/junit6374663990081372210.properties" />
    <property name="java.class.path" value="/Users/linmanna/Documents/proj/UCLA-CS-239-Winter-2015/Part_B/Benchmark/closure-compiler/build/classes:/Users/linmanna/Documents/proj/UCLA-CS-239-Winter-2015/Part_B/Benchmark/closure-compiler/lib/ant-launcher.jar:/Users/linmanna/Documents/proj/UCLA-CS-239-Winter-2015/Part_B/Benchmark/closure-compiler/lib/ant.jar:/Users/linmanna/Documents/proj/UCLA-CS-239-Winter-2015/Part_B/Benchmark/closure-compiler/lib/args4j.jar:/Users/linmanna/Documents/proj/UCLA-CS-239-Winter-2015/Part_B/Benchmark/closure-compiler/lib/gson.jar:/Users/linmanna/Documents/proj/UCLA-CS-239-Winter-2015/Part_B/Benchmark/closure-compiler/lib/guava.jar:/Users/linmanna/Documents/proj/UCLA-CS-239-Winter-2015/Part_B/Benchmark/closure-compiler/lib/jsr305.jar:/Users/linmanna/Documents/proj/UCLA-CS-239-Winter-2015/Part_B/Benchmark/closure-compiler/lib/junit.jar:/Users/linmanna/Documents/proj/UCLA-CS-239-Winter-2015/Part_B/Benchmark/closure-compiler/lib/protobuf-java.jar:/Users/linmanna/Documents/proj/UCLA-CS-239-Winter-2015/Part_B/Benchmark/closure-compiler/lib/truth.jar:/Users/linmanna/Documents/proj/UCLA-CS-239-Winter-2015/Part_B/Benchmark/closure-compiler/build/test:/Users/linmanna/ant/lib/ant-launcher.jar:/Users/linmanna/ant/lib/ant.jar:/Users/linmanna/ant/lib/ant-junit.jar:/Users/linmanna/ant/lib/ant-junit4.jar" />
    <property name="ant.version" value="Apache Ant(TM) version 1.9.4 compiled on April 29 2014" />
    <property name="test.class" value="*Test" />
    <property name="java.vm.specification.name" value="Java Virtual Machine Specification" />
    <property name="ant.file.type" value="file" />
    <property name="java.vm.specification.version" value="1.7" />
    <property name="sun.cpu.endian" value="little" />
    <property name="sun.os.patch.level" value="unknown" />
    <property name="java.io.tmpdir" value="/var/folders/_p/3swdt4h96dn79vyt21dtny9h0000gn/T/" />
    <property name="java.vendor.url.bug" value="http://bugreport.sun.com/bugreport/" />
    <property name="java.awt.graphicsenv" value="sun.awt.CGraphicsEnvironment" />
    <property name="maven-repository-url" value="https://oss.sonatype.org/service/local/staging/deploy/maven2/" />
    <property name="os.arch" value="x86_64" />
    <property name="webservice-classes.dir" value="/Users/linmanna/Documents/proj/UCLA-CS-239-Winter-2015/Part_B/Benchmark/closure-compiler/build/webservice-classes" />
    <property name="java.ext.dirs" value="/Users/linmanna/Library/Java/Extensions:/Library/Java/JavaVirtualMachines/jdk1.7.0_75.jdk/Contents/Home/jre/lib/ext:/Library/Java/Extensions:/Network/Library/Java/Extensions:/System/Library/Java/Extensions:/usr/lib/java" />
    <property name="user.dir" value="/Users/linmanna/Documents/proj/UCLA-CS-239-Winter-2015/Part_B/Benchmark/closure-compiler" />
    <property name="ant.file.type.compiler" value="file" />
    <property name="line.separator" value="&#xa;" />
    <property name="java.vm.name" value="Java HotSpot(TM) 64-Bit Server VM" />
    <property name="refasterjs-classes.dir" value="/Users/linmanna/Documents/proj/UCLA-CS-239-Winter-2015/Part_B/Benchmark/closure-compiler/build/refasterjs-classes" />
    <property name="basedir" value="/Users/linmanna/Documents/proj/UCLA-CS-239-Winter-2015/Part_B/Benchmark/closure-compiler" />
    <property name="ant.java.version" value="1.7" />
    <property name="ant.core.lib" value="/Users/linmanna/ant/lib/ant.jar" />
    <property name="file.encoding" value="UTF-8" />
    <property name="closure.build.dir" value="/Users/linmanna/Documents/proj/UCLA-CS-239-Winter-2015/Part_B/Benchmark/closure-compiler/build" />
    <property name="compiler-jarfile" value="/Users/linmanna/Documents/proj/UCLA-CS-239-Winter-2015/Part_B/Benchmark/closure-compiler/build/compiler.jar" />
    <property name="java.specification.version" value="1.7" />
    <property name="src.dir" value="/Users/linmanna/Documents/proj/UCLA-CS-239-Winter-2015/Part_B/Benchmark/closure-compiler/src" />
    <property name="ant.project.invoked-targets" value="clean,compile,compile-tests,test" />
    <property name="javadoc.dir" value="/Users/linmanna/Documents/proj/UCLA-CS-239-Winter-2015/Part_B/Benchmark/closure-compiler/build/javadoc" />
    <property name="tools.dir" value="/Users/linmanna/Documents/proj/UCLA-CS-239-Winter-2015/Part_B/Benchmark/closure-compiler/tools" />
  </properties>
  <testcase classname="com.google.javascript.jscomp.RemoveUnusedVarsTest" name="testReflectedMethods" time="0.002" />
  <testcase classname="com.google.javascript.jscomp.RemoveUnusedVarsTest" name="testRecursiveFunction1" time="0.001" />
  <testcase classname="com.google.javascript.jscomp.RemoveUnusedVarsTest" name="testRecursiveFunction2" time="0.001" />
  <testcase classname="com.google.javascript.jscomp.RemoveUnusedVarsTest" name="testNestedAssign1" time="0.0" />
  <testcase classname="com.google.javascript.jscomp.RemoveUnusedVarsTest" name="testNestedAssign2" time="0.001" />
  <testcase classname="com.google.javascript.jscomp.RemoveUnusedVarsTest" name="testNestedAssign3" time="0.001" />
  <testcase classname="com.google.javascript.jscomp.RemoveUnusedVarsTest" name="testDoNotOptimizeJSCompiler_renameProperty" time="0.0" />
  <testcase classname="com.google.javascript.jscomp.RemoveUnusedVarsTest" name="testDoNotOptimizeJSCompiler_ObjectPropertyString" time="0.0" />
  <testcase classname="com.google.javascript.jscomp.RemoveUnusedVarsTest" name="testRemoveUnusedVars" time="0.001">
    <error message="Missing catch or finally for try statement.. Reference node:&#xa;TRY 1 [source_file: testcode]&#xa;    BLOCK 1 [source_file: testcode]&#xa;        EXPR_RESULT 1 [source_file: testcode]&#xa;            NUMBER 0.0 1 [source_file: testcode]&#xa;    BLOCK 1 [source_file: testcode]&#xa;        CATCH 1 [source_file: testcode]&#xa;            NAME e 1 [source_file: testcode]&#xa;            BLOCK 1 [source_file: testcode]&#xa;                EXPR_RESULT 1 [source_file: testcode]&#xa;                    NAME a 1 [source_file: testcode]&#xa;" type="java.lang.IllegalStateException">java.lang.IllegalStateException: Missing catch or finally for try statement.. Reference node:
TRY 1 [source_file: testcode]
    BLOCK 1 [source_file: testcode]
        EXPR_RESULT 1 [source_file: testcode]
            NUMBER 0.0 1 [source_file: testcode]
    BLOCK 1 [source_file: testcode]
        CATCH 1 [source_file: testcode]
            NAME e 1 [source_file: testcode]
            BLOCK 1 [source_file: testcode]
                EXPR_RESULT 1 [source_file: testcode]
                    NAME a 1 [source_file: testcode]

	at com.google.javascript.jscomp.AstValidator$1.handleViolation(AstValidator.java:54)
	at com.google.javascript.jscomp.AstValidator.violation(AstValidator.java:1167)
	at com.google.javascript.jscomp.AstValidator.validateTry(AstValidator.java:888)
	at com.google.javascript.jscomp.AstValidator.validateStatement(AstValidator.java:142)
	at com.google.javascript.jscomp.AstValidator.validateScript(AstValidator.java:91)
	at com.google.javascript.jscomp.AstValidator.validateCodeRoot(AstValidator.java:82)
	at com.google.javascript.jscomp.AstValidator.validateRoot(AstValidator.java:75)
	at com.google.javascript.jscomp.CompilerTestCase.test(CompilerTestCase.java:967)
	at com.google.javascript.jscomp.CompilerTestCase.test(CompilerTestCase.java:935)
	at com.google.javascript.jscomp.CompilerTestCase.test(CompilerTestCase.java:543)
	at com.google.javascript.jscomp.CompilerTestCase.test(CompilerTestCase.java:509)
	at com.google.javascript.jscomp.CompilerTestCase.test(CompilerTestCase.java:450)
	at com.google.javascript.jscomp.CompilerTestCase.test(CompilerTestCase.java:408)
	at com.google.javascript.jscomp.RemoveUnusedVarsTest.testRemoveUnusedVars(RemoveUnusedVarsTest.java:48)
</error>
  </testcase>
  <testcase classname="com.google.javascript.jscomp.RemoveUnusedVarsTest" name="testFunctionArgRemoval" time="0.002" />
  <testcase classname="com.google.javascript.jscomp.RemoveUnusedVarsTest" name="testFunctionArgRemovalFromCallSites" time="0.003" />
  <testcase classname="com.google.javascript.jscomp.RemoveUnusedVarsTest" name="testFunctionsDeadButEscaped" time="0.001" />
  <testcase classname="com.google.javascript.jscomp.RemoveUnusedVarsTest" name="testVarInControlStructure" time="0.003" />
  <testcase classname="com.google.javascript.jscomp.RemoveUnusedVarsTest" name="testRValueHoisting" time="0.002" />
  <testcase classname="com.google.javascript.jscomp.RemoveUnusedVarsTest" name="testModule" time="0.001" />
  <testcase classname="com.google.javascript.jscomp.RemoveUnusedVarsTest" name="testFunctionWithName1" time="0.001" />
  <testcase classname="com.google.javascript.jscomp.RemoveUnusedVarsTest" name="testFunctionWithName2" time="0.001">
    <error message="INTERNAL COMPILER ERROR.&#xa;Please report this problem.&#xa;&#xa;Unexpected const change.&#xa;  name: &#xa;  parent:FUNCTION  1 [source_file: testcode]&#xa;    NAME  1 [source_file: testcode]&#xa;    PARAM_LIST 1 [source_file: testcode]&#xa;    BLOCK 1 [source_file: testcode]&#xa;&#xa;  Node(NAME ): testcode:1:13&#xa;foo(function bar(){})&#xa;  Parent(FUNCTION ): testcode:1:4&#xa;foo(function bar(){})&#xa;" type="java.lang.RuntimeException">java.lang.RuntimeException: INTERNAL COMPILER ERROR.
Please report this problem.

Unexpected const change.
  name: 
  parent:FUNCTION  1 [source_file: testcode]
    NAME  1 [source_file: testcode]
    PARAM_LIST 1 [source_file: testcode]
    BLOCK 1 [source_file: testcode]

  Node(NAME ): testcode:1:13
foo(function bar(){})
  Parent(FUNCTION ): testcode:1:4
foo(function bar(){})

	at com.google.javascript.jscomp.Normalize$NormalizeStatements.annotateConstantsByConvention(Normalize.java:436)
	at com.google.javascript.jscomp.Normalize$NormalizeStatements.visit(Normalize.java:401)
	at com.google.javascript.jscomp.NodeTraversal.traverseBranch(NodeTraversal.java:576)
	at com.google.javascript.jscomp.NodeTraversal.traverseFunction(NodeTraversal.java:599)
	at com.google.javascript.jscomp.NodeTraversal.traverseBranch(NodeTraversal.java:562)
	at com.google.javascript.jscomp.NodeTraversal.traverseBranch(NodeTraversal.java:570)
	at com.google.javascript.jscomp.NodeTraversal.traverseBranch(NodeTraversal.java:570)
	at com.google.javascript.jscomp.NodeTraversal.traverseBranch(NodeTraversal.java:570)
	at com.google.javascript.jscomp.NodeTraversal.traverseBranch(NodeTraversal.java:570)
	at com.google.javascript.jscomp.NodeTraversal.traverseRoots(NodeTraversal.java:308)
	at com.google.javascript.jscomp.Normalize.process(Normalize.java:116)
	at com.google.javascript.jscomp.CompilerTestCase.test(CompilerTestCase.java:1199)
	at com.google.javascript.jscomp.CompilerTestCase.test(CompilerTestCase.java:935)
	at com.google.javascript.jscomp.CompilerTestCase.test(CompilerTestCase.java:543)
	at com.google.javascript.jscomp.CompilerTestCase.test(CompilerTestCase.java:509)
	at com.google.javascript.jscomp.CompilerTestCase.test(CompilerTestCase.java:450)
	at com.google.javascript.jscomp.CompilerTestCase.test(CompilerTestCase.java:408)
	at com.google.javascript.jscomp.RemoveUnusedVarsTest.testFunctionWithName2(RemoveUnusedVarsTest.java:238)
Caused by: java.lang.IllegalStateException: Unexpected const change.
  name: 
  parent:FUNCTION  1 [source_file: testcode]
    NAME  1 [source_file: testcode]
    PARAM_LIST 1 [source_file: testcode]
    BLOCK 1 [source_file: testcode]

</error>
  </testcase>
  <testcase classname="com.google.javascript.jscomp.RemoveUnusedVarsTest" name="testRemoveGlobal1" time="0.001" />
  <testcase classname="com.google.javascript.jscomp.RemoveUnusedVarsTest" name="testRemoveGlobal2" time="0.001" />
  <testcase classname="com.google.javascript.jscomp.RemoveUnusedVarsTest" name="testRemoveGlobal3" time="0.002" />
  <testcase classname="com.google.javascript.jscomp.RemoveUnusedVarsTest" name="testRemoveGlobal4" time="0.001" />
  <testcase classname="com.google.javascript.jscomp.RemoveUnusedVarsTest" name="testIssue168a" time="0.001" />
  <testcase classname="com.google.javascript.jscomp.RemoveUnusedVarsTest" name="testIssue168b" time="0.001" />
  <testcase classname="com.google.javascript.jscomp.RemoveUnusedVarsTest" name="testUnusedAssign1" time="0.001" />
  <testcase classname="com.google.javascript.jscomp.RemoveUnusedVarsTest" name="testUnusedAssign2" time="0.001" />
  <testcase classname="com.google.javascript.jscomp.RemoveUnusedVarsTest" name="testUnusedAssign3" time="0.001">
    <error message="Missing catch or finally for try statement.. Reference node:&#xa;TRY 1 [source_file: testcode]&#xa;    BLOCK 1 [source_file: testcode]&#xa;        THROW 1 [source_file: testcode]&#xa;            STRING  1 [source_file: testcode]&#xa;    BLOCK 1 [source_file: testcode]&#xa;        CATCH 1 [source_file: testcode]&#xa;            NAME e 1 [source_file: testcode]&#xa;            BLOCK 1 [source_file: testcode]&#xa;                EXPR_RESULT 1 [source_file: testcode]&#xa;                    ASSIGN 1 [source_file: testcode]&#xa;                        NAME e 1 [source_file: testcode]&#xa;                        NUMBER 3.0 1 [source_file: testcode]&#xa;" type="java.lang.IllegalStateException">java.lang.IllegalStateException: Missing catch or finally for try statement.. Reference node:
TRY 1 [source_file: testcode]
    BLOCK 1 [source_file: testcode]
        THROW 1 [source_file: testcode]
            STRING  1 [source_file: testcode]
    BLOCK 1 [source_file: testcode]
        CATCH 1 [source_file: testcode]
            NAME e 1 [source_file: testcode]
            BLOCK 1 [source_file: testcode]
                EXPR_RESULT 1 [source_file: testcode]
                    ASSIGN 1 [source_file: testcode]
                        NAME e 1 [source_file: testcode]
                        NUMBER 3.0 1 [source_file: testcode]

	at com.google.javascript.jscomp.AstValidator$1.handleViolation(AstValidator.java:54)
	at com.google.javascript.jscomp.AstValidator.violation(AstValidator.java:1167)
	at com.google.javascript.jscomp.AstValidator.validateTry(AstValidator.java:888)
	at com.google.javascript.jscomp.AstValidator.validateStatement(AstValidator.java:142)
	at com.google.javascript.jscomp.AstValidator.validateScript(AstValidator.java:91)
	at com.google.javascript.jscomp.AstValidator.validateCodeRoot(AstValidator.java:82)
	at com.google.javascript.jscomp.AstValidator.validateRoot(AstValidator.java:75)
	at com.google.javascript.jscomp.CompilerTestCase.test(CompilerTestCase.java:967)
	at com.google.javascript.jscomp.CompilerTestCase.test(CompilerTestCase.java:935)
	at com.google.javascript.jscomp.CompilerTestCase.test(CompilerTestCase.java:543)
	at com.google.javascript.jscomp.CompilerTestCase.test(CompilerTestCase.java:509)
	at com.google.javascript.jscomp.CompilerTestCase.test(CompilerTestCase.java:450)
	at com.google.javascript.jscomp.CompilerTestCase.test(CompilerTestCase.java:408)
	at com.google.javascript.jscomp.RemoveUnusedVarsTest.testUnusedAssign3(RemoveUnusedVarsTest.java:306)
</error>
  </testcase>
  <testcase classname="com.google.javascript.jscomp.RemoveUnusedVarsTest" name="testUnusedAssign4" time="0.001" />
  <testcase classname="com.google.javascript.jscomp.RemoveUnusedVarsTest" name="testUnusedAssign5" time="0.0" />
  <testcase classname="com.google.javascript.jscomp.RemoveUnusedVarsTest" name="testUnusedAssign5b" time="0.001" />
  <testcase classname="com.google.javascript.jscomp.RemoveUnusedVarsTest" name="testUnusedAssign6" time="0.0" />
  <testcase classname="com.google.javascript.jscomp.RemoveUnusedVarsTest" name="testUnusedAssign6b" time="0.001" />
  <testcase classname="com.google.javascript.jscomp.RemoveUnusedVarsTest" name="testUnusedAssign7" time="0.001" />
  <testcase classname="com.google.javascript.jscomp.RemoveUnusedVarsTest" name="testUnusedAssign8" time="0.0" />
  <testcase classname="com.google.javascript.jscomp.RemoveUnusedVarsTest" name="testUnusedPropAssign1" time="0.001" />
  <testcase classname="com.google.javascript.jscomp.RemoveUnusedVarsTest" name="testUnusedPropAssign1b" time="0.0" />
  <testcase classname="com.google.javascript.jscomp.RemoveUnusedVarsTest" name="testUnusedPropAssign2" time="0.0" />
  <testcase classname="com.google.javascript.jscomp.RemoveUnusedVarsTest" name="testUnusedPropAssign2b" time="0.001" />
  <testcase classname="com.google.javascript.jscomp.RemoveUnusedVarsTest" name="testUnusedPropAssign3" time="0.001" />
  <testcase classname="com.google.javascript.jscomp.RemoveUnusedVarsTest" name="testUnusedPropAssign3b" time="0.0" />
  <testcase classname="com.google.javascript.jscomp.RemoveUnusedVarsTest" name="testUnusedPropAssign4" time="0.001" />
  <testcase classname="com.google.javascript.jscomp.RemoveUnusedVarsTest" name="testUnusedPropAssign5" time="0.001" />
  <testcase classname="com.google.javascript.jscomp.RemoveUnusedVarsTest" name="testUnusedPropAssign6" time="0.0" />
  <testcase classname="com.google.javascript.jscomp.RemoveUnusedVarsTest" name="testUnusedPropAssign7" time="0.001" />
  <testcase classname="com.google.javascript.jscomp.RemoveUnusedVarsTest" name="testUnusedPropAssign7b" time="0.0" />
  <testcase classname="com.google.javascript.jscomp.RemoveUnusedVarsTest" name="testUnusedPropAssign7c" time="0.001" />
  <testcase classname="com.google.javascript.jscomp.RemoveUnusedVarsTest" name="testUsedPropAssign1" time="0.0" />
  <testcase classname="com.google.javascript.jscomp.RemoveUnusedVarsTest" name="testUsedPropAssign2" time="0.0">
    <error message="Missing catch or finally for try statement.. Reference node:&#xa;TRY 1 [source_file: testcode]&#xa;    BLOCK 1 [source_file: testcode]&#xa;        THROW 1 [source_file: testcode]&#xa;            NAME z 1 [source_file: testcode]&#xa;    BLOCK 1 [source_file: testcode]&#xa;        CATCH 1 [source_file: testcode]&#xa;            NAME e 1 [source_file: testcode]&#xa;            BLOCK 1 [source_file: testcode]&#xa;                EXPR_RESULT 1 [source_file: testcode]&#xa;                    ASSIGN 1 [source_file: testcode]&#xa;                        GETPROP 1 [source_file: testcode]&#xa;                            NAME e 1 [source_file: testcode]&#xa;                            STRING bar 1 [source_file: testcode]&#xa;                        NUMBER 3.0 1 [source_file: testcode]&#xa;" type="java.lang.IllegalStateException">java.lang.IllegalStateException: Missing catch or finally for try statement.. Reference node:
TRY 1 [source_file: testcode]
    BLOCK 1 [source_file: testcode]
        THROW 1 [source_file: testcode]
            NAME z 1 [source_file: testcode]
    BLOCK 1 [source_file: testcode]
        CATCH 1 [source_file: testcode]
            NAME e 1 [source_file: testcode]
            BLOCK 1 [source_file: testcode]
                EXPR_RESULT 1 [source_file: testcode]
                    ASSIGN 1 [source_file: testcode]
                        GETPROP 1 [source_file: testcode]
                            NAME e 1 [source_file: testcode]
                            STRING bar 1 [source_file: testcode]
                        NUMBER 3.0 1 [source_file: testcode]

	at com.google.javascript.jscomp.AstValidator$1.handleViolation(AstValidator.java:54)
	at com.google.javascript.jscomp.AstValidator.violation(AstValidator.java:1167)
	at com.google.javascript.jscomp.AstValidator.validateTry(AstValidator.java:888)
	at com.google.javascript.jscomp.AstValidator.validateStatement(AstValidator.java:142)
	at com.google.javascript.jscomp.AstValidator.validateScript(AstValidator.java:91)
	at com.google.javascript.jscomp.AstValidator.validateCodeRoot(AstValidator.java:82)
	at com.google.javascript.jscomp.AstValidator.validateRoot(AstValidator.java:75)
	at com.google.javascript.jscomp.CompilerTestCase.test(CompilerTestCase.java:967)
	at com.google.javascript.jscomp.CompilerTestCase.test(CompilerTestCase.java:935)
	at com.google.javascript.jscomp.CompilerTestCase.test(CompilerTestCase.java:543)
	at com.google.javascript.jscomp.CompilerTestCase.test(CompilerTestCase.java:509)
	at com.google.javascript.jscomp.CompilerTestCase.test(CompilerTestCase.java:450)
	at com.google.javascript.jscomp.CompilerTestCase.test(CompilerTestCase.java:408)
	at com.google.javascript.jscomp.RemoveUnusedVarsTest.testUsedPropAssign2(RemoveUnusedVarsTest.java:404)
</error>
  </testcase>
  <testcase classname="com.google.javascript.jscomp.RemoveUnusedVarsTest" name="testUsedPropAssign3" time="0.001" />
  <testcase classname="com.google.javascript.jscomp.RemoveUnusedVarsTest" name="testUsedPropAssign4" time="0.0" />
  <testcase classname="com.google.javascript.jscomp.RemoveUnusedVarsTest" name="testUsedPropAssign5" time="0.001" />
  <testcase classname="com.google.javascript.jscomp.RemoveUnusedVarsTest" name="testUsedPropAssign6" time="0.0" />
  <testcase classname="com.google.javascript.jscomp.RemoveUnusedVarsTest" name="testUsedPropAssign7" time="0.001" />
  <testcase classname="com.google.javascript.jscomp.RemoveUnusedVarsTest" name="testUsedPropAssign8" time="0.0" />
  <testcase classname="com.google.javascript.jscomp.RemoveUnusedVarsTest" name="testUsedPropAssign9" time="0.0" />
  <testcase classname="com.google.javascript.jscomp.RemoveUnusedVarsTest" name="testDependencies1" time="0.001" />
  <testcase classname="com.google.javascript.jscomp.RemoveUnusedVarsTest" name="testDependencies1b" time="0.0" />
  <testcase classname="com.google.javascript.jscomp.RemoveUnusedVarsTest" name="testDependencies1c" time="0.0" />
  <testcase classname="com.google.javascript.jscomp.RemoveUnusedVarsTest" name="testDependencies2" time="0.001" />
  <testcase classname="com.google.javascript.jscomp.RemoveUnusedVarsTest" name="testDependencies2b" time="0.0" />
  <testcase classname="com.google.javascript.jscomp.RemoveUnusedVarsTest" name="testDependencies2c" time="0.001" />
  <testcase classname="com.google.javascript.jscomp.RemoveUnusedVarsTest" name="testGlobalVarReferencesLocalVar" time="0.0" />
  <testcase classname="com.google.javascript.jscomp.RemoveUnusedVarsTest" name="testLocalVarReferencesGlobalVar1" time="0.0" />
  <testcase classname="com.google.javascript.jscomp.RemoveUnusedVarsTest" name="testLocalVarReferencesGlobalVar2" time="0.002" />
  <testcase classname="com.google.javascript.jscomp.RemoveUnusedVarsTest" name="testCallSiteInteraction" time="0.011" />
  <testcase classname="com.google.javascript.jscomp.RemoveUnusedVarsTest" name="testCallSiteInteraction_constructors" time="0.001" />
  <testcase classname="com.google.javascript.jscomp.RemoveUnusedVarsTest" name="testFunctionArgRemovalCausingInconsistency" time="0.001" />
  <testcase classname="com.google.javascript.jscomp.RemoveUnusedVarsTest" name="testRemoveUnusedVarsPossibleNpeCase" time="0.001" />
  <testcase classname="com.google.javascript.jscomp.RemoveUnusedVarsTest" name="testDoNotOptimizeSetters" time="0.001" />
  <testcase classname="com.google.javascript.jscomp.RemoveUnusedVarsTest" name="testRemoveSingletonClass1" time="0.0" />
  <testcase classname="com.google.javascript.jscomp.RemoveUnusedVarsTest" name="testRemoveInheritedClass1" time="0.001" />
  <testcase classname="com.google.javascript.jscomp.RemoveUnusedVarsTest" name="testRemoveInheritedClass2" time="0.001" />
  <testcase classname="com.google.javascript.jscomp.RemoveUnusedVarsTest" name="testRemoveInheritedClass3" time="0.0" />
  <testcase classname="com.google.javascript.jscomp.RemoveUnusedVarsTest" name="testRemoveInheritedClass4" time="0.0" />
  <testcase classname="com.google.javascript.jscomp.RemoveUnusedVarsTest" name="testRemoveInheritedClass5" time="0.0" />
  <testcase classname="com.google.javascript.jscomp.RemoveUnusedVarsTest" name="testRemoveInheritedClass6" time="0.0" />
  <testcase classname="com.google.javascript.jscomp.RemoveUnusedVarsTest" name="testRemoveInheritedClass7" time="0.001" />
  <testcase classname="com.google.javascript.jscomp.RemoveUnusedVarsTest" name="testRemoveInheritedClass8" time="0.002" />
  <testcase classname="com.google.javascript.jscomp.RemoveUnusedVarsTest" name="testRemoveInheritedClass9" time="0.001" />
  <testcase classname="com.google.javascript.jscomp.RemoveUnusedVarsTest" name="testRemoveInheritedClass10" time="0.001" />
  <testcase classname="com.google.javascript.jscomp.RemoveUnusedVarsTest" name="testRemoveInheritedClass11" time="0.002" />
  <testcase classname="com.google.javascript.jscomp.RemoveUnusedVarsTest" name="testRemoveInheritedClass12" time="0.001" />
  <testcase classname="com.google.javascript.jscomp.RemoveUnusedVarsTest" name="testIssue618_1" time="0.0" />
  <testcase classname="com.google.javascript.jscomp.RemoveUnusedVarsTest" name="testIssue618_2" time="0.0" />
  <system-out><![CDATA[]]></system-out>
  <system-err><![CDATA[]]></system-err>
</testsuite>
