<?xml version="1.0" encoding="UTF-8" ?>
<testsuite errors="3" failures="8" hostname="cs-210-206.cs.ucla.edu" name="com.google.javascript.jscomp.CheckUnreachableCodeTest" skipped="0" tests="20" time="0.084" timestamp="2015-03-09T03:17:13">
  <properties>
    <property name="java.vendor" value="Oracle Corporation" />
    <property name="lib.dir" value="/Users/linmanna/Documents/proj/UCLA-CS-239-Winter-2015/Part_B/Benchmark/closure-compiler/lib" />
    <property name="refasterjs-jarfile" value="/Users/linmanna/Documents/proj/UCLA-CS-239-Winter-2015/Part_B/Benchmark/closure-compiler/build/refasterjs.jar" />
    <property name="sun.java.launcher" value="SUN_STANDARD" />
    <property name="sun.management.compiler" value="HotSpot 64-Bit Tiered Compilers" />
    <property name="os.name" value="Mac OS X" />
    <property name="sun.boot.class.path" value="/Library/Java/JavaVirtualMachines/jdk1.7.0_75.jdk/Contents/Home/jre/lib/resources.jar:/Library/Java/JavaVirtualMachines/jdk1.7.0_75.jdk/Contents/Home/jre/lib/rt.jar:/Library/Java/JavaVirtualMachines/jdk1.7.0_75.jdk/Contents/Home/jre/lib/sunrsasign.jar:/Library/Java/JavaVirtualMachines/jdk1.7.0_75.jdk/Contents/Home/jre/lib/jsse.jar:/Library/Java/JavaVirtualMachines/jdk1.7.0_75.jdk/Contents/Home/jre/lib/jce.jar:/Library/Java/JavaVirtualMachines/jdk1.7.0_75.jdk/Contents/Home/jre/lib/charsets.jar:/Library/Java/JavaVirtualMachines/jdk1.7.0_75.jdk/Contents/Home/jre/lib/jfr.jar:/Library/Java/JavaVirtualMachines/jdk1.7.0_75.jdk/Contents/Home/jre/classes" />
    <property name="maven-repository-id" value="sonatype-nexus-staging" />
    <property name="java.vm.specification.vendor" value="Oracle Corporation" />
    <property name="ant.home" value="//Users/linmanna/ant" />
    <property name="java.runtime.version" value="1.7.0_75-b13" />
    <property name="gen.dir" value="/Users/linmanna/Documents/proj/UCLA-CS-239-Winter-2015/Part_B/Benchmark/closure-compiler/gen" />
    <property name="user.name" value="linmanna" />
    <property name="ant.file.compiler" value="/Users/linmanna/Documents/proj/UCLA-CS-239-Winter-2015/Part_B/Benchmark/closure-compiler/build.xml" />
    <property name="build.dir" value="/Users/linmanna/Documents/proj/UCLA-CS-239-Winter-2015/Part_B/Benchmark/closure-compiler/build" />
    <property name="ant.build.javac.target" value="1.7" />
    <property name="user.language" value="zh" />
    <property name="test.method" value="" />
    <property name="sun.boot.library.path" value="/Library/Java/JavaVirtualMachines/jdk1.7.0_75.jdk/Contents/Home/jre/lib" />
    <property name="ant.project.default-target" value="jar" />
    <property name="ant.project.name" value="compiler" />
    <property name="java.version" value="1.7.0_75" />
    <property name="user.timezone" value="" />
    <property name="sun.arch.data.model" value="64" />
    <property name="http.nonProxyHosts" value="local|*.local|169.254/16|*.169.254/16" />
    <property name="java.endorsed.dirs" value="/Library/Java/JavaVirtualMachines/jdk1.7.0_75.jdk/Contents/Home/jre/lib/endorsed" />
    <property name="sun.cpu.isalist" value="" />
    <property name="sun.jnu.encoding" value="UTF-8" />
    <property name="file.encoding.pkg" value="sun.io" />
    <property name="file.separator" value="/" />
    <property name="java.specification.name" value="Java Platform API Specification" />
    <property name="protoc.executable" value="protoc" />
    <property name="classes.dir" value="/Users/linmanna/Documents/proj/UCLA-CS-239-Winter-2015/Part_B/Benchmark/closure-compiler/build/classes" />
    <property name="java.class.version" value="51.0" />
    <property name="testClasses.dir" value="/Users/linmanna/Documents/proj/UCLA-CS-239-Winter-2015/Part_B/Benchmark/closure-compiler/build/test" />
    <property name="user.country" value="CN" />
    <property name="java.home" value="/Library/Java/JavaVirtualMachines/jdk1.7.0_75.jdk/Contents/Home/jre" />
    <property name="java.vm.info" value="mixed mode" />
    <property name="externs.dir" value="/Users/linmanna/Documents/proj/UCLA-CS-239-Winter-2015/Part_B/Benchmark/closure-compiler/externs" />
    <property name="ant.file" value="/Users/linmanna/Documents/proj/UCLA-CS-239-Winter-2015/Part_B/Benchmark/closure-compiler/build.xml" />
    <property name="os.version" value="10.9.5" />
    <property name="javac.debug" value="on" />
    <property name="path.separator" value=":" />
    <property name="java.vm.version" value="24.75-b04" />
    <property name="ant.library.dir" value="//Users/linmanna/ant/lib" />
    <property name="java.awt.printerjob" value="sun.lwawt.macosx.CPrinterJob" />
    <property name="webservice-jarfile" value="/Users/linmanna/Documents/proj/UCLA-CS-239-Winter-2015/Part_B/Benchmark/closure-compiler/build/webservice.jar" />
    <property name="sun.io.unicode.encoding" value="UnicodeBig" />
    <property name="test.fork" value="true" />
    <property name="webservice.dir" value="/Users/linmanna/Documents/proj/UCLA-CS-239-Winter-2015/Part_B/Benchmark/closure-compiler/src/com/google/javascript/jscomp/webservice" />
    <property name="awt.toolkit" value="sun.lwawt.macosx.LWCToolkit" />
    <property name="buildlib.dir" value="/Users/linmanna/Documents/proj/UCLA-CS-239-Winter-2015/Part_B/Benchmark/closure-compiler/build/lib" />
    <property name="socksNonProxyHosts" value="local|*.local|169.254/16|*.169.254/16" />
    <property name="ftp.nonProxyHosts" value="local|*.local|169.254/16|*.169.254/16" />
    <property name="ant.build.javac.source" value="1.7" />
    <property name="refasterjs.dir" value="/Users/linmanna/Documents/proj/UCLA-CS-239-Winter-2015/Part_B/Benchmark/closure-compiler/src/com/google/javascript/refactoring" />
    <property name="user.home" value="/Users/linmanna" />
    <property name="java.specification.vendor" value="Oracle Corporation" />
    <property name="test.dir" value="/Users/linmanna/Documents/proj/UCLA-CS-239-Winter-2015/Part_B/Benchmark/closure-compiler/test" />
    <property name="java.library.path" value="/Users/linmanna/Library/Java/Extensions:/Library/Java/Extensions:/Network/Library/Java/Extensions:/System/Library/Java/Extensions:/usr/lib/java:." />
    <property name="java.vendor.url" value="http://java.oracle.com/" />
    <property name="java.vm.vendor" value="Oracle Corporation" />
    <property name="gopherProxySet" value="false" />
    <property name="build.relVersion" value="00e3533" />
    <property name="java.runtime.name" value="Java(TM) SE Runtime Environment" />
    <property name="sun.java.command" value="org.apache.tools.ant.taskdefs.optional.junit.JUnitTestRunner testsfile=/Users/linmanna/Documents/proj/UCLA-CS-239-Winter-2015/Part_B/Benchmark/closure-compiler/junittestcases4622356093930181862.properties skipNonTests=false filtertrace=true haltOnError=false haltOnFailure=false formatter=org.apache.tools.ant.taskdefs.optional.junit.SummaryJUnitResultFormatter showoutput=true outputtoformatters=true logfailedtests=true threadid=0 logtestlistenerevents=false formatter=org.apache.tools.ant.taskdefs.optional.junit.BriefJUnitResultFormatter formatter=org.apache.tools.ant.taskdefs.optional.junit.XMLJUnitResultFormatter,/Users/linmanna/Documents/proj/UCLA-CS-239-Winter-2015/Part_B/Benchmark/closure-compiler/build/testoutput/IGNORETHIS.xml crashfile=/Users/linmanna/Documents/proj/UCLA-CS-239-Winter-2015/Part_B/Benchmark/closure-compiler/junitvmwatcher882389895192408063.properties propsfile=/Users/linmanna/Documents/proj/UCLA-CS-239-Winter-2015/Part_B/Benchmark/closure-compiler/junit6374663990081372210.properties" />
    <property name="java.class.path" value="/Users/linmanna/Documents/proj/UCLA-CS-239-Winter-2015/Part_B/Benchmark/closure-compiler/build/classes:/Users/linmanna/Documents/proj/UCLA-CS-239-Winter-2015/Part_B/Benchmark/closure-compiler/lib/ant-launcher.jar:/Users/linmanna/Documents/proj/UCLA-CS-239-Winter-2015/Part_B/Benchmark/closure-compiler/lib/ant.jar:/Users/linmanna/Documents/proj/UCLA-CS-239-Winter-2015/Part_B/Benchmark/closure-compiler/lib/args4j.jar:/Users/linmanna/Documents/proj/UCLA-CS-239-Winter-2015/Part_B/Benchmark/closure-compiler/lib/gson.jar:/Users/linmanna/Documents/proj/UCLA-CS-239-Winter-2015/Part_B/Benchmark/closure-compiler/lib/guava.jar:/Users/linmanna/Documents/proj/UCLA-CS-239-Winter-2015/Part_B/Benchmark/closure-compiler/lib/jsr305.jar:/Users/linmanna/Documents/proj/UCLA-CS-239-Winter-2015/Part_B/Benchmark/closure-compiler/lib/junit.jar:/Users/linmanna/Documents/proj/UCLA-CS-239-Winter-2015/Part_B/Benchmark/closure-compiler/lib/protobuf-java.jar:/Users/linmanna/Documents/proj/UCLA-CS-239-Winter-2015/Part_B/Benchmark/closure-compiler/lib/truth.jar:/Users/linmanna/Documents/proj/UCLA-CS-239-Winter-2015/Part_B/Benchmark/closure-compiler/build/test:/Users/linmanna/ant/lib/ant-launcher.jar:/Users/linmanna/ant/lib/ant.jar:/Users/linmanna/ant/lib/ant-junit.jar:/Users/linmanna/ant/lib/ant-junit4.jar" />
    <property name="ant.version" value="Apache Ant(TM) version 1.9.4 compiled on April 29 2014" />
    <property name="test.class" value="*Test" />
    <property name="java.vm.specification.name" value="Java Virtual Machine Specification" />
    <property name="ant.file.type" value="file" />
    <property name="java.vm.specification.version" value="1.7" />
    <property name="sun.cpu.endian" value="little" />
    <property name="sun.os.patch.level" value="unknown" />
    <property name="java.io.tmpdir" value="/var/folders/_p/3swdt4h96dn79vyt21dtny9h0000gn/T/" />
    <property name="java.vendor.url.bug" value="http://bugreport.sun.com/bugreport/" />
    <property name="java.awt.graphicsenv" value="sun.awt.CGraphicsEnvironment" />
    <property name="maven-repository-url" value="https://oss.sonatype.org/service/local/staging/deploy/maven2/" />
    <property name="os.arch" value="x86_64" />
    <property name="webservice-classes.dir" value="/Users/linmanna/Documents/proj/UCLA-CS-239-Winter-2015/Part_B/Benchmark/closure-compiler/build/webservice-classes" />
    <property name="java.ext.dirs" value="/Users/linmanna/Library/Java/Extensions:/Library/Java/JavaVirtualMachines/jdk1.7.0_75.jdk/Contents/Home/jre/lib/ext:/Library/Java/Extensions:/Network/Library/Java/Extensions:/System/Library/Java/Extensions:/usr/lib/java" />
    <property name="user.dir" value="/Users/linmanna/Documents/proj/UCLA-CS-239-Winter-2015/Part_B/Benchmark/closure-compiler" />
    <property name="ant.file.type.compiler" value="file" />
    <property name="line.separator" value="&#xa;" />
    <property name="java.vm.name" value="Java HotSpot(TM) 64-Bit Server VM" />
    <property name="refasterjs-classes.dir" value="/Users/linmanna/Documents/proj/UCLA-CS-239-Winter-2015/Part_B/Benchmark/closure-compiler/build/refasterjs-classes" />
    <property name="basedir" value="/Users/linmanna/Documents/proj/UCLA-CS-239-Winter-2015/Part_B/Benchmark/closure-compiler" />
    <property name="ant.java.version" value="1.7" />
    <property name="ant.core.lib" value="/Users/linmanna/ant/lib/ant.jar" />
    <property name="file.encoding" value="UTF-8" />
    <property name="closure.build.dir" value="/Users/linmanna/Documents/proj/UCLA-CS-239-Winter-2015/Part_B/Benchmark/closure-compiler/build" />
    <property name="compiler-jarfile" value="/Users/linmanna/Documents/proj/UCLA-CS-239-Winter-2015/Part_B/Benchmark/closure-compiler/build/compiler.jar" />
    <property name="java.specification.version" value="1.7" />
    <property name="src.dir" value="/Users/linmanna/Documents/proj/UCLA-CS-239-Winter-2015/Part_B/Benchmark/closure-compiler/src" />
    <property name="ant.project.invoked-targets" value="clean,compile,compile-tests,test" />
    <property name="javadoc.dir" value="/Users/linmanna/Documents/proj/UCLA-CS-239-Winter-2015/Part_B/Benchmark/closure-compiler/build/javadoc" />
    <property name="tools.dir" value="/Users/linmanna/Documents/proj/UCLA-CS-239-Winter-2015/Part_B/Benchmark/closure-compiler/tools" />
  </properties>
  <testcase classname="com.google.javascript.jscomp.CheckUnreachableCodeTest" name="testCorrectSimple" time="0.002">
    <failure message="Unexpected warning(s): JSC_UNREACHABLE_CODE. unreachable code at testcode line 1 : 0&#xa;JSC_UNREACHABLE_CODE. unreachable code at testcode line 1 : 0 expected:&lt;0&gt; but was:&lt;2&gt;" type="junit.framework.AssertionFailedError">junit.framework.AssertionFailedError: Unexpected warning(s): JSC_UNREACHABLE_CODE. unreachable code at testcode line 1 : 0
JSC_UNREACHABLE_CODE. unreachable code at testcode line 1 : 0 expected:&lt;0&gt; but was:&lt;2&gt;
	at com.google.javascript.jscomp.CompilerTestCase.test(CompilerTestCase.java:1094)
	at com.google.javascript.jscomp.CompilerTestCase.test(CompilerTestCase.java:935)
	at com.google.javascript.jscomp.CompilerTestCase.test(CompilerTestCase.java:543)
	at com.google.javascript.jscomp.CompilerTestCase.test(CompilerTestCase.java:509)
	at com.google.javascript.jscomp.CompilerTestCase.test(CompilerTestCase.java:450)
	at com.google.javascript.jscomp.CompilerTestCase.test(CompilerTestCase.java:408)
	at com.google.javascript.jscomp.CompilerTestCase.testSame(CompilerTestCase.java:741)
	at com.google.javascript.jscomp.CheckUnreachableCodeTest.testCorrectSimple(CheckUnreachableCodeTest.java:31)
</failure>
  </testcase>
  <testcase classname="com.google.javascript.jscomp.CheckUnreachableCodeTest" name="testIncorrectSimple" time="0.006" />
  <testcase classname="com.google.javascript.jscomp.CheckUnreachableCodeTest" name="testCorrectSwitchReturn" time="0.002">
    <failure message="Unexpected warning(s): JSC_UNREACHABLE_CODE. unreachable code at testcode line 1 : 0&#xa;JSC_UNREACHABLE_CODE. unreachable code at testcode line 1 : 0 expected:&lt;0&gt; but was:&lt;2&gt;" type="junit.framework.AssertionFailedError">junit.framework.AssertionFailedError: Unexpected warning(s): JSC_UNREACHABLE_CODE. unreachable code at testcode line 1 : 0
JSC_UNREACHABLE_CODE. unreachable code at testcode line 1 : 0 expected:&lt;0&gt; but was:&lt;2&gt;
	at com.google.javascript.jscomp.CompilerTestCase.test(CompilerTestCase.java:1094)
	at com.google.javascript.jscomp.CompilerTestCase.test(CompilerTestCase.java:935)
	at com.google.javascript.jscomp.CompilerTestCase.test(CompilerTestCase.java:543)
	at com.google.javascript.jscomp.CompilerTestCase.test(CompilerTestCase.java:509)
	at com.google.javascript.jscomp.CompilerTestCase.test(CompilerTestCase.java:450)
	at com.google.javascript.jscomp.CompilerTestCase.test(CompilerTestCase.java:408)
	at com.google.javascript.jscomp.CompilerTestCase.testSame(CompilerTestCase.java:741)
	at com.google.javascript.jscomp.CheckUnreachableCodeTest.testCorrectSwitchReturn(CheckUnreachableCodeTest.java:59)
</failure>
  </testcase>
  <testcase classname="com.google.javascript.jscomp.CheckUnreachableCodeTest" name="testCorrectIfReturns" time="0.002">
    <failure message="Unexpected warning(s): JSC_UNREACHABLE_CODE. unreachable code at testcode line 1 : 0&#xa;JSC_UNREACHABLE_CODE. unreachable code at testcode line 1 : 0 expected:&lt;0&gt; but was:&lt;2&gt;" type="junit.framework.AssertionFailedError">junit.framework.AssertionFailedError: Unexpected warning(s): JSC_UNREACHABLE_CODE. unreachable code at testcode line 1 : 0
JSC_UNREACHABLE_CODE. unreachable code at testcode line 1 : 0 expected:&lt;0&gt; but was:&lt;2&gt;
	at com.google.javascript.jscomp.CompilerTestCase.test(CompilerTestCase.java:1094)
	at com.google.javascript.jscomp.CompilerTestCase.test(CompilerTestCase.java:935)
	at com.google.javascript.jscomp.CompilerTestCase.test(CompilerTestCase.java:543)
	at com.google.javascript.jscomp.CompilerTestCase.test(CompilerTestCase.java:509)
	at com.google.javascript.jscomp.CompilerTestCase.test(CompilerTestCase.java:450)
	at com.google.javascript.jscomp.CompilerTestCase.test(CompilerTestCase.java:408)
	at com.google.javascript.jscomp.CompilerTestCase.testSame(CompilerTestCase.java:741)
	at com.google.javascript.jscomp.CheckUnreachableCodeTest.testCorrectIfReturns(CheckUnreachableCodeTest.java:46)
</failure>
  </testcase>
  <testcase classname="com.google.javascript.jscomp.CheckUnreachableCodeTest" name="testInCorrectIfReturns" time="0.001" />
  <testcase classname="com.google.javascript.jscomp.CheckUnreachableCodeTest" name="testInCorrectSwitchReturn" time="0.004" />
  <testcase classname="com.google.javascript.jscomp.CheckUnreachableCodeTest" name="testCorrectLoopBreaksAndContinues" time="0.003">
    <failure message="Unexpected warning(s): JSC_UNREACHABLE_CODE. unreachable code at testcode line 1 : 0&#xa;JSC_UNREACHABLE_CODE. unreachable code at testcode line 1 : 0 expected:&lt;0&gt; but was:&lt;2&gt;" type="junit.framework.AssertionFailedError">junit.framework.AssertionFailedError: Unexpected warning(s): JSC_UNREACHABLE_CODE. unreachable code at testcode line 1 : 0
JSC_UNREACHABLE_CODE. unreachable code at testcode line 1 : 0 expected:&lt;0&gt; but was:&lt;2&gt;
	at com.google.javascript.jscomp.CompilerTestCase.test(CompilerTestCase.java:1094)
	at com.google.javascript.jscomp.CompilerTestCase.test(CompilerTestCase.java:935)
	at com.google.javascript.jscomp.CompilerTestCase.test(CompilerTestCase.java:543)
	at com.google.javascript.jscomp.CompilerTestCase.test(CompilerTestCase.java:509)
	at com.google.javascript.jscomp.CompilerTestCase.test(CompilerTestCase.java:450)
	at com.google.javascript.jscomp.CompilerTestCase.test(CompilerTestCase.java:408)
	at com.google.javascript.jscomp.CompilerTestCase.testSame(CompilerTestCase.java:741)
	at com.google.javascript.jscomp.CheckUnreachableCodeTest.testCorrectLoopBreaksAndContinues(CheckUnreachableCodeTest.java:82)
</failure>
  </testcase>
  <testcase classname="com.google.javascript.jscomp.CheckUnreachableCodeTest" name="testInCorrectLoopBreaksAndContinues" time="0.017" />
  <testcase classname="com.google.javascript.jscomp.CheckUnreachableCodeTest" name="testUncheckedWhileInDo" time="0.002" />
  <testcase classname="com.google.javascript.jscomp.CheckUnreachableCodeTest" name="testVarDeclaration" time="0.004" />
  <testcase classname="com.google.javascript.jscomp.CheckUnreachableCodeTest" name="testUncheckedConditionInFor" time="0.003" />
  <testcase classname="com.google.javascript.jscomp.CheckUnreachableCodeTest" name="testFunctionDeclaration" time="0.003">
    <failure message="Unexpected warning(s): JSC_UNREACHABLE_CODE. unreachable code at testcode line 1 : 0&#xa;JSC_UNREACHABLE_CODE. unreachable code at testcode line 1 : 0 expected:&lt;0&gt; but was:&lt;2&gt;" type="junit.framework.AssertionFailedError">junit.framework.AssertionFailedError: Unexpected warning(s): JSC_UNREACHABLE_CODE. unreachable code at testcode line 1 : 0
JSC_UNREACHABLE_CODE. unreachable code at testcode line 1 : 0 expected:&lt;0&gt; but was:&lt;2&gt;
	at com.google.javascript.jscomp.CompilerTestCase.test(CompilerTestCase.java:1094)
	at com.google.javascript.jscomp.CompilerTestCase.test(CompilerTestCase.java:935)
	at com.google.javascript.jscomp.CompilerTestCase.test(CompilerTestCase.java:543)
	at com.google.javascript.jscomp.CompilerTestCase.test(CompilerTestCase.java:509)
	at com.google.javascript.jscomp.CompilerTestCase.test(CompilerTestCase.java:450)
	at com.google.javascript.jscomp.CompilerTestCase.test(CompilerTestCase.java:408)
	at com.google.javascript.jscomp.CompilerTestCase.testSame(CompilerTestCase.java:741)
	at com.google.javascript.jscomp.CheckUnreachableCodeTest.testFunctionDeclaration(CheckUnreachableCodeTest.java:111)
</failure>
  </testcase>
  <testcase classname="com.google.javascript.jscomp.CheckUnreachableCodeTest" name="testReachableTryCatchFinally" time="0.002">
    <error message="Missing catch or finally for try statement.. Reference node:&#xa;TRY 1 [source_file: testcode]&#xa;    BLOCK 1 [source_file: testcode]&#xa;    BLOCK 1 [source_file: testcode]&#xa;    BLOCK 1 [source_file: testcode]&#xa;" type="java.lang.IllegalStateException">java.lang.IllegalStateException: Missing catch or finally for try statement.. Reference node:
TRY 1 [source_file: testcode]
    BLOCK 1 [source_file: testcode]
    BLOCK 1 [source_file: testcode]
    BLOCK 1 [source_file: testcode]

	at com.google.javascript.jscomp.AstValidator$1.handleViolation(AstValidator.java:54)
	at com.google.javascript.jscomp.AstValidator.violation(AstValidator.java:1167)
	at com.google.javascript.jscomp.AstValidator.validateTry(AstValidator.java:888)
	at com.google.javascript.jscomp.AstValidator.validateStatement(AstValidator.java:142)
	at com.google.javascript.jscomp.AstValidator.validateScript(AstValidator.java:91)
	at com.google.javascript.jscomp.AstValidator.validateCodeRoot(AstValidator.java:82)
	at com.google.javascript.jscomp.AstValidator.validateRoot(AstValidator.java:75)
	at com.google.javascript.jscomp.CompilerTestCase.test(CompilerTestCase.java:967)
	at com.google.javascript.jscomp.CompilerTestCase.test(CompilerTestCase.java:935)
	at com.google.javascript.jscomp.CompilerTestCase.test(CompilerTestCase.java:543)
	at com.google.javascript.jscomp.CompilerTestCase.test(CompilerTestCase.java:509)
	at com.google.javascript.jscomp.CompilerTestCase.test(CompilerTestCase.java:450)
	at com.google.javascript.jscomp.CompilerTestCase.test(CompilerTestCase.java:408)
	at com.google.javascript.jscomp.CompilerTestCase.testSame(CompilerTestCase.java:741)
	at com.google.javascript.jscomp.CheckUnreachableCodeTest.testReachableTryCatchFinally(CheckUnreachableCodeTest.java:121)
</error>
  </testcase>
  <testcase classname="com.google.javascript.jscomp.CheckUnreachableCodeTest" name="testUnreachableCatch" time="0.002">
    <error message="Missing catch or finally for try statement.. Reference node:&#xa;TRY 1 [source_file: testcode]&#xa;    BLOCK 1 [source_file: testcode]&#xa;        VAR 1 [source_file: testcode]&#xa;            NAME x 1 [source_file: testcode]&#xa;                NUMBER 0.0 1 [source_file: testcode]&#xa;    BLOCK 1 [source_file: testcode]&#xa;        CATCH 1 [source_file: testcode]&#xa;            NAME e 1 [source_file: testcode]&#xa;            BLOCK 1 [source_file: testcode]&#xa;" type="java.lang.IllegalStateException">java.lang.IllegalStateException: Missing catch or finally for try statement.. Reference node:
TRY 1 [source_file: testcode]
    BLOCK 1 [source_file: testcode]
        VAR 1 [source_file: testcode]
            NAME x 1 [source_file: testcode]
                NUMBER 0.0 1 [source_file: testcode]
    BLOCK 1 [source_file: testcode]
        CATCH 1 [source_file: testcode]
            NAME e 1 [source_file: testcode]
            BLOCK 1 [source_file: testcode]

	at com.google.javascript.jscomp.AstValidator$1.handleViolation(AstValidator.java:54)
	at com.google.javascript.jscomp.AstValidator.violation(AstValidator.java:1167)
	at com.google.javascript.jscomp.AstValidator.validateTry(AstValidator.java:888)
	at com.google.javascript.jscomp.AstValidator.validateStatement(AstValidator.java:142)
	at com.google.javascript.jscomp.AstValidator.validateScript(AstValidator.java:91)
	at com.google.javascript.jscomp.AstValidator.validateCodeRoot(AstValidator.java:82)
	at com.google.javascript.jscomp.AstValidator.validateRoot(AstValidator.java:75)
	at com.google.javascript.jscomp.CompilerTestCase.test(CompilerTestCase.java:967)
	at com.google.javascript.jscomp.CompilerTestCase.test(CompilerTestCase.java:935)
	at com.google.javascript.jscomp.CompilerTestCase.test(CompilerTestCase.java:543)
	at com.google.javascript.jscomp.CompilerTestCase.test(CompilerTestCase.java:509)
	at com.google.javascript.jscomp.CompilerTestCase.test(CompilerTestCase.java:450)
	at com.google.javascript.jscomp.CheckUnreachableCodeTest.assertUnreachable(CheckUnreachableCodeTest.java:213)
	at com.google.javascript.jscomp.CheckUnreachableCodeTest.testUnreachableCatch(CheckUnreachableCodeTest.java:130)
</error>
  </testcase>
  <testcase classname="com.google.javascript.jscomp.CheckUnreachableCodeTest" name="testSpuriousBreak" time="0.003">
    <failure message="Unexpected warning(s): JSC_UNREACHABLE_CODE. unreachable code at testcode line 1 : 0&#xa;JSC_UNREACHABLE_CODE. unreachable code at testcode line 1 : 0 expected:&lt;0&gt; but was:&lt;2&gt;" type="junit.framework.AssertionFailedError">junit.framework.AssertionFailedError: Unexpected warning(s): JSC_UNREACHABLE_CODE. unreachable code at testcode line 1 : 0
JSC_UNREACHABLE_CODE. unreachable code at testcode line 1 : 0 expected:&lt;0&gt; but was:&lt;2&gt;
	at com.google.javascript.jscomp.CompilerTestCase.test(CompilerTestCase.java:1094)
	at com.google.javascript.jscomp.CompilerTestCase.test(CompilerTestCase.java:935)
	at com.google.javascript.jscomp.CompilerTestCase.test(CompilerTestCase.java:543)
	at com.google.javascript.jscomp.CompilerTestCase.test(CompilerTestCase.java:509)
	at com.google.javascript.jscomp.CompilerTestCase.test(CompilerTestCase.java:450)
	at com.google.javascript.jscomp.CompilerTestCase.test(CompilerTestCase.java:408)
	at com.google.javascript.jscomp.CompilerTestCase.testSame(CompilerTestCase.java:741)
	at com.google.javascript.jscomp.CheckUnreachableCodeTest.testSpuriousBreak(CheckUnreachableCodeTest.java:135)
</failure>
  </testcase>
  <testcase classname="com.google.javascript.jscomp.CheckUnreachableCodeTest" name="testInstanceOfThrowsException" time="0.002">
    <error message="Missing catch or finally for try statement.. Reference node:&#xa;TRY 1 [source_file: testcode]&#xa;    BLOCK 1 [source_file: testcode]&#xa;        IF 1 [source_file: testcode]&#xa;            INSTANCEOF 1 [source_file: testcode]&#xa;                NAME value 1 [source_file: testcode]&#xa;                NAME type 1 [source_file: testcode]&#xa;            BLOCK 1 [added_block: 1] [source_file: testcode]&#xa;                RETURN 1 [source_file: testcode]&#xa;                    TRUE 1 [source_file: testcode]&#xa;    BLOCK 1 [source_file: testcode]&#xa;        CATCH 1 [source_file: testcode]&#xa;            NAME e 1 [source_file: testcode]&#xa;            BLOCK 1 [source_file: testcode]&#xa;" type="java.lang.IllegalStateException">java.lang.IllegalStateException: Missing catch or finally for try statement.. Reference node:
TRY 1 [source_file: testcode]
    BLOCK 1 [source_file: testcode]
        IF 1 [source_file: testcode]
            INSTANCEOF 1 [source_file: testcode]
                NAME value 1 [source_file: testcode]
                NAME type 1 [source_file: testcode]
            BLOCK 1 [added_block: 1] [source_file: testcode]
                RETURN 1 [source_file: testcode]
                    TRUE 1 [source_file: testcode]
    BLOCK 1 [source_file: testcode]
        CATCH 1 [source_file: testcode]
            NAME e 1 [source_file: testcode]
            BLOCK 1 [source_file: testcode]

	at com.google.javascript.jscomp.AstValidator$1.handleViolation(AstValidator.java:54)
	at com.google.javascript.jscomp.AstValidator.violation(AstValidator.java:1167)
	at com.google.javascript.jscomp.AstValidator.validateTry(AstValidator.java:888)
	at com.google.javascript.jscomp.AstValidator.validateStatement(AstValidator.java:142)
	at com.google.javascript.jscomp.AstValidator.validateBlock(AstValidator.java:481)
	at com.google.javascript.jscomp.AstValidator.validateFunctionStatement(AstValidator.java:569)
	at com.google.javascript.jscomp.AstValidator.validateStatement(AstValidator.java:104)
	at com.google.javascript.jscomp.AstValidator.validateScript(AstValidator.java:91)
	at com.google.javascript.jscomp.AstValidator.validateCodeRoot(AstValidator.java:82)
	at com.google.javascript.jscomp.AstValidator.validateRoot(AstValidator.java:75)
	at com.google.javascript.jscomp.CompilerTestCase.test(CompilerTestCase.java:967)
	at com.google.javascript.jscomp.CompilerTestCase.test(CompilerTestCase.java:935)
	at com.google.javascript.jscomp.CompilerTestCase.test(CompilerTestCase.java:543)
	at com.google.javascript.jscomp.CompilerTestCase.test(CompilerTestCase.java:509)
	at com.google.javascript.jscomp.CompilerTestCase.test(CompilerTestCase.java:450)
	at com.google.javascript.jscomp.CompilerTestCase.test(CompilerTestCase.java:408)
	at com.google.javascript.jscomp.CompilerTestCase.testSame(CompilerTestCase.java:741)
	at com.google.javascript.jscomp.CheckUnreachableCodeTest.testInstanceOfThrowsException(CheckUnreachableCodeTest.java:139)
</error>
  </testcase>
  <testcase classname="com.google.javascript.jscomp.CheckUnreachableCodeTest" name="testFalseCondition" time="0.005" />
  <testcase classname="com.google.javascript.jscomp.CheckUnreachableCodeTest" name="testUnreachableLoop" time="0.002" />
  <testcase classname="com.google.javascript.jscomp.CheckUnreachableCodeTest" name="testInfiniteLoop" time="0.004">
    <failure message="Unexpected warning(s): JSC_UNREACHABLE_CODE. unreachable code at testcode line 1 : 0&#xa;JSC_UNREACHABLE_CODE. unreachable code at testcode line 1 : 0 expected:&lt;0&gt; but was:&lt;2&gt;" type="junit.framework.AssertionFailedError">junit.framework.AssertionFailedError: Unexpected warning(s): JSC_UNREACHABLE_CODE. unreachable code at testcode line 1 : 0
JSC_UNREACHABLE_CODE. unreachable code at testcode line 1 : 0 expected:&lt;0&gt; but was:&lt;2&gt;
	at com.google.javascript.jscomp.CompilerTestCase.test(CompilerTestCase.java:1094)
	at com.google.javascript.jscomp.CompilerTestCase.test(CompilerTestCase.java:935)
	at com.google.javascript.jscomp.CompilerTestCase.test(CompilerTestCase.java:543)
	at com.google.javascript.jscomp.CompilerTestCase.test(CompilerTestCase.java:509)
	at com.google.javascript.jscomp.CompilerTestCase.test(CompilerTestCase.java:450)
	at com.google.javascript.jscomp.CompilerTestCase.test(CompilerTestCase.java:408)
	at com.google.javascript.jscomp.CompilerTestCase.testSame(CompilerTestCase.java:741)
	at com.google.javascript.jscomp.CheckUnreachableCodeTest.testInfiniteLoop(CheckUnreachableCodeTest.java:153)
</failure>
  </testcase>
  <testcase classname="com.google.javascript.jscomp.CheckUnreachableCodeTest" name="testSuppression" time="0.009">
    <failure message="Unexpected warning(s): JSC_UNREACHABLE_CODE. unreachable code at testcode line 4 : 0&#xa;JSC_UNREACHABLE_CODE. unreachable code at testcode line 4 : 0 expected:&lt;0&gt; but was:&lt;2&gt;" type="junit.framework.AssertionFailedError">junit.framework.AssertionFailedError: Unexpected warning(s): JSC_UNREACHABLE_CODE. unreachable code at testcode line 4 : 0
JSC_UNREACHABLE_CODE. unreachable code at testcode line 4 : 0 expected:&lt;0&gt; but was:&lt;2&gt;
	at com.google.javascript.jscomp.CompilerTestCase.test(CompilerTestCase.java:1094)
	at com.google.javascript.jscomp.CompilerTestCase.test(CompilerTestCase.java:935)
	at com.google.javascript.jscomp.CompilerTestCase.test(CompilerTestCase.java:543)
	at com.google.javascript.jscomp.CompilerTestCase.test(CompilerTestCase.java:509)
	at com.google.javascript.jscomp.CompilerTestCase.test(CompilerTestCase.java:450)
	at com.google.javascript.jscomp.CompilerTestCase.test(CompilerTestCase.java:408)
	at com.google.javascript.jscomp.CompilerTestCase.testSame(CompilerTestCase.java:741)
	at com.google.javascript.jscomp.CheckUnreachableCodeTest.testSuppression(CheckUnreachableCodeTest.java:174)
</failure>
  </testcase>
  <system-out><![CDATA[]]></system-out>
  <system-err><![CDATA[]]></system-err>
</testsuite>
