<?xml version="1.0" encoding="UTF-8" ?>
<testsuite errors="17" failures="163" hostname="cs-210-206.cs.ucla.edu" name="com.google.javascript.jscomp.IntegrationTest" skipped="0" tests="200" time="1.147" timestamp="2015-03-09T03:17:26">
  <properties>
    <property name="java.vendor" value="Oracle Corporation" />
    <property name="lib.dir" value="/Users/linmanna/Documents/proj/UCLA-CS-239-Winter-2015/Part_B/Benchmark/closure-compiler/lib" />
    <property name="refasterjs-jarfile" value="/Users/linmanna/Documents/proj/UCLA-CS-239-Winter-2015/Part_B/Benchmark/closure-compiler/build/refasterjs.jar" />
    <property name="sun.java.launcher" value="SUN_STANDARD" />
    <property name="sun.management.compiler" value="HotSpot 64-Bit Tiered Compilers" />
    <property name="os.name" value="Mac OS X" />
    <property name="sun.boot.class.path" value="/Library/Java/JavaVirtualMachines/jdk1.7.0_75.jdk/Contents/Home/jre/lib/resources.jar:/Library/Java/JavaVirtualMachines/jdk1.7.0_75.jdk/Contents/Home/jre/lib/rt.jar:/Library/Java/JavaVirtualMachines/jdk1.7.0_75.jdk/Contents/Home/jre/lib/sunrsasign.jar:/Library/Java/JavaVirtualMachines/jdk1.7.0_75.jdk/Contents/Home/jre/lib/jsse.jar:/Library/Java/JavaVirtualMachines/jdk1.7.0_75.jdk/Contents/Home/jre/lib/jce.jar:/Library/Java/JavaVirtualMachines/jdk1.7.0_75.jdk/Contents/Home/jre/lib/charsets.jar:/Library/Java/JavaVirtualMachines/jdk1.7.0_75.jdk/Contents/Home/jre/lib/jfr.jar:/Library/Java/JavaVirtualMachines/jdk1.7.0_75.jdk/Contents/Home/jre/classes" />
    <property name="maven-repository-id" value="sonatype-nexus-staging" />
    <property name="java.vm.specification.vendor" value="Oracle Corporation" />
    <property name="ant.home" value="//Users/linmanna/ant" />
    <property name="java.runtime.version" value="1.7.0_75-b13" />
    <property name="gen.dir" value="/Users/linmanna/Documents/proj/UCLA-CS-239-Winter-2015/Part_B/Benchmark/closure-compiler/gen" />
    <property name="user.name" value="linmanna" />
    <property name="ant.file.compiler" value="/Users/linmanna/Documents/proj/UCLA-CS-239-Winter-2015/Part_B/Benchmark/closure-compiler/build.xml" />
    <property name="build.dir" value="/Users/linmanna/Documents/proj/UCLA-CS-239-Winter-2015/Part_B/Benchmark/closure-compiler/build" />
    <property name="ant.build.javac.target" value="1.7" />
    <property name="user.language" value="zh" />
    <property name="test.method" value="" />
    <property name="sun.boot.library.path" value="/Library/Java/JavaVirtualMachines/jdk1.7.0_75.jdk/Contents/Home/jre/lib" />
    <property name="ant.project.default-target" value="jar" />
    <property name="ant.project.name" value="compiler" />
    <property name="java.version" value="1.7.0_75" />
    <property name="user.timezone" value="" />
    <property name="sun.arch.data.model" value="64" />
    <property name="http.nonProxyHosts" value="local|*.local|169.254/16|*.169.254/16" />
    <property name="java.endorsed.dirs" value="/Library/Java/JavaVirtualMachines/jdk1.7.0_75.jdk/Contents/Home/jre/lib/endorsed" />
    <property name="sun.cpu.isalist" value="" />
    <property name="sun.jnu.encoding" value="UTF-8" />
    <property name="file.encoding.pkg" value="sun.io" />
    <property name="file.separator" value="/" />
    <property name="java.specification.name" value="Java Platform API Specification" />
    <property name="protoc.executable" value="protoc" />
    <property name="classes.dir" value="/Users/linmanna/Documents/proj/UCLA-CS-239-Winter-2015/Part_B/Benchmark/closure-compiler/build/classes" />
    <property name="java.class.version" value="51.0" />
    <property name="testClasses.dir" value="/Users/linmanna/Documents/proj/UCLA-CS-239-Winter-2015/Part_B/Benchmark/closure-compiler/build/test" />
    <property name="user.country" value="CN" />
    <property name="java.home" value="/Library/Java/JavaVirtualMachines/jdk1.7.0_75.jdk/Contents/Home/jre" />
    <property name="java.vm.info" value="mixed mode" />
    <property name="externs.dir" value="/Users/linmanna/Documents/proj/UCLA-CS-239-Winter-2015/Part_B/Benchmark/closure-compiler/externs" />
    <property name="ant.file" value="/Users/linmanna/Documents/proj/UCLA-CS-239-Winter-2015/Part_B/Benchmark/closure-compiler/build.xml" />
    <property name="os.version" value="10.9.5" />
    <property name="javac.debug" value="on" />
    <property name="path.separator" value=":" />
    <property name="java.vm.version" value="24.75-b04" />
    <property name="ant.library.dir" value="//Users/linmanna/ant/lib" />
    <property name="java.awt.printerjob" value="sun.lwawt.macosx.CPrinterJob" />
    <property name="webservice-jarfile" value="/Users/linmanna/Documents/proj/UCLA-CS-239-Winter-2015/Part_B/Benchmark/closure-compiler/build/webservice.jar" />
    <property name="sun.io.unicode.encoding" value="UnicodeBig" />
    <property name="test.fork" value="true" />
    <property name="webservice.dir" value="/Users/linmanna/Documents/proj/UCLA-CS-239-Winter-2015/Part_B/Benchmark/closure-compiler/src/com/google/javascript/jscomp/webservice" />
    <property name="awt.toolkit" value="sun.lwawt.macosx.LWCToolkit" />
    <property name="buildlib.dir" value="/Users/linmanna/Documents/proj/UCLA-CS-239-Winter-2015/Part_B/Benchmark/closure-compiler/build/lib" />
    <property name="socksNonProxyHosts" value="local|*.local|169.254/16|*.169.254/16" />
    <property name="ftp.nonProxyHosts" value="local|*.local|169.254/16|*.169.254/16" />
    <property name="ant.build.javac.source" value="1.7" />
    <property name="refasterjs.dir" value="/Users/linmanna/Documents/proj/UCLA-CS-239-Winter-2015/Part_B/Benchmark/closure-compiler/src/com/google/javascript/refactoring" />
    <property name="user.home" value="/Users/linmanna" />
    <property name="java.specification.vendor" value="Oracle Corporation" />
    <property name="test.dir" value="/Users/linmanna/Documents/proj/UCLA-CS-239-Winter-2015/Part_B/Benchmark/closure-compiler/test" />
    <property name="java.library.path" value="/Users/linmanna/Library/Java/Extensions:/Library/Java/Extensions:/Network/Library/Java/Extensions:/System/Library/Java/Extensions:/usr/lib/java:." />
    <property name="java.vendor.url" value="http://java.oracle.com/" />
    <property name="java.vm.vendor" value="Oracle Corporation" />
    <property name="gopherProxySet" value="false" />
    <property name="build.relVersion" value="00e3533" />
    <property name="java.runtime.name" value="Java(TM) SE Runtime Environment" />
    <property name="sun.java.command" value="org.apache.tools.ant.taskdefs.optional.junit.JUnitTestRunner testsfile=/Users/linmanna/Documents/proj/UCLA-CS-239-Winter-2015/Part_B/Benchmark/closure-compiler/junittestcases4622356093930181862.properties skipNonTests=false filtertrace=true haltOnError=false haltOnFailure=false formatter=org.apache.tools.ant.taskdefs.optional.junit.SummaryJUnitResultFormatter showoutput=true outputtoformatters=true logfailedtests=true threadid=0 logtestlistenerevents=false formatter=org.apache.tools.ant.taskdefs.optional.junit.BriefJUnitResultFormatter formatter=org.apache.tools.ant.taskdefs.optional.junit.XMLJUnitResultFormatter,/Users/linmanna/Documents/proj/UCLA-CS-239-Winter-2015/Part_B/Benchmark/closure-compiler/build/testoutput/IGNORETHIS.xml crashfile=/Users/linmanna/Documents/proj/UCLA-CS-239-Winter-2015/Part_B/Benchmark/closure-compiler/junitvmwatcher882389895192408063.properties propsfile=/Users/linmanna/Documents/proj/UCLA-CS-239-Winter-2015/Part_B/Benchmark/closure-compiler/junit6374663990081372210.properties" />
    <property name="java.class.path" value="/Users/linmanna/Documents/proj/UCLA-CS-239-Winter-2015/Part_B/Benchmark/closure-compiler/build/classes:/Users/linmanna/Documents/proj/UCLA-CS-239-Winter-2015/Part_B/Benchmark/closure-compiler/lib/ant-launcher.jar:/Users/linmanna/Documents/proj/UCLA-CS-239-Winter-2015/Part_B/Benchmark/closure-compiler/lib/ant.jar:/Users/linmanna/Documents/proj/UCLA-CS-239-Winter-2015/Part_B/Benchmark/closure-compiler/lib/args4j.jar:/Users/linmanna/Documents/proj/UCLA-CS-239-Winter-2015/Part_B/Benchmark/closure-compiler/lib/gson.jar:/Users/linmanna/Documents/proj/UCLA-CS-239-Winter-2015/Part_B/Benchmark/closure-compiler/lib/guava.jar:/Users/linmanna/Documents/proj/UCLA-CS-239-Winter-2015/Part_B/Benchmark/closure-compiler/lib/jsr305.jar:/Users/linmanna/Documents/proj/UCLA-CS-239-Winter-2015/Part_B/Benchmark/closure-compiler/lib/junit.jar:/Users/linmanna/Documents/proj/UCLA-CS-239-Winter-2015/Part_B/Benchmark/closure-compiler/lib/protobuf-java.jar:/Users/linmanna/Documents/proj/UCLA-CS-239-Winter-2015/Part_B/Benchmark/closure-compiler/lib/truth.jar:/Users/linmanna/Documents/proj/UCLA-CS-239-Winter-2015/Part_B/Benchmark/closure-compiler/build/test:/Users/linmanna/ant/lib/ant-launcher.jar:/Users/linmanna/ant/lib/ant.jar:/Users/linmanna/ant/lib/ant-junit.jar:/Users/linmanna/ant/lib/ant-junit4.jar" />
    <property name="ant.version" value="Apache Ant(TM) version 1.9.4 compiled on April 29 2014" />
    <property name="test.class" value="*Test" />
    <property name="java.vm.specification.name" value="Java Virtual Machine Specification" />
    <property name="ant.file.type" value="file" />
    <property name="java.vm.specification.version" value="1.7" />
    <property name="sun.cpu.endian" value="little" />
    <property name="sun.os.patch.level" value="unknown" />
    <property name="java.io.tmpdir" value="/var/folders/_p/3swdt4h96dn79vyt21dtny9h0000gn/T/" />
    <property name="java.vendor.url.bug" value="http://bugreport.sun.com/bugreport/" />
    <property name="java.awt.graphicsenv" value="sun.awt.CGraphicsEnvironment" />
    <property name="maven-repository-url" value="https://oss.sonatype.org/service/local/staging/deploy/maven2/" />
    <property name="os.arch" value="x86_64" />
    <property name="webservice-classes.dir" value="/Users/linmanna/Documents/proj/UCLA-CS-239-Winter-2015/Part_B/Benchmark/closure-compiler/build/webservice-classes" />
    <property name="java.ext.dirs" value="/Users/linmanna/Library/Java/Extensions:/Library/Java/JavaVirtualMachines/jdk1.7.0_75.jdk/Contents/Home/jre/lib/ext:/Library/Java/Extensions:/Network/Library/Java/Extensions:/System/Library/Java/Extensions:/usr/lib/java" />
    <property name="user.dir" value="/Users/linmanna/Documents/proj/UCLA-CS-239-Winter-2015/Part_B/Benchmark/closure-compiler" />
    <property name="ant.file.type.compiler" value="file" />
    <property name="line.separator" value="&#xa;" />
    <property name="java.vm.name" value="Java HotSpot(TM) 64-Bit Server VM" />
    <property name="refasterjs-classes.dir" value="/Users/linmanna/Documents/proj/UCLA-CS-239-Winter-2015/Part_B/Benchmark/closure-compiler/build/refasterjs-classes" />
    <property name="basedir" value="/Users/linmanna/Documents/proj/UCLA-CS-239-Winter-2015/Part_B/Benchmark/closure-compiler" />
    <property name="ant.java.version" value="1.7" />
    <property name="ant.core.lib" value="/Users/linmanna/ant/lib/ant.jar" />
    <property name="file.encoding" value="UTF-8" />
    <property name="closure.build.dir" value="/Users/linmanna/Documents/proj/UCLA-CS-239-Winter-2015/Part_B/Benchmark/closure-compiler/build" />
    <property name="compiler-jarfile" value="/Users/linmanna/Documents/proj/UCLA-CS-239-Winter-2015/Part_B/Benchmark/closure-compiler/build/compiler.jar" />
    <property name="java.specification.version" value="1.7" />
    <property name="src.dir" value="/Users/linmanna/Documents/proj/UCLA-CS-239-Winter-2015/Part_B/Benchmark/closure-compiler/src" />
    <property name="ant.project.invoked-targets" value="clean,compile,compile-tests,test" />
    <property name="javadoc.dir" value="/Users/linmanna/Documents/proj/UCLA-CS-239-Winter-2015/Part_B/Benchmark/closure-compiler/build/javadoc" />
    <property name="tools.dir" value="/Users/linmanna/Documents/proj/UCLA-CS-239-Winter-2015/Part_B/Benchmark/closure-compiler/tools" />
  </properties>
  <testcase classname="com.google.javascript.jscomp.IntegrationTest" name="testManyAdds" time="0.488">
    <failure message="Expected no warnings or errors&#xa;Errors: &#xa;Warnings: &#xa;JSC_UNREACHABLE_CODE. unreachable code at i0 line 1 : 0 expected:&lt;0&gt; but was:&lt;1&gt;" type="junit.framework.AssertionFailedError">junit.framework.AssertionFailedError: Expected no warnings or errors
Errors: 
Warnings: 
JSC_UNREACHABLE_CODE. unreachable code at i0 line 1 : 0 expected:&lt;0&gt; but was:&lt;1&gt;
	at com.google.javascript.jscomp.IntegrationTestCase.test(IntegrationTestCase.java:97)
	at com.google.javascript.jscomp.IntegrationTestCase.test(IntegrationTestCase.java:87)
	at com.google.javascript.jscomp.IntegrationTest.testManyAdds(IntegrationTest.java:3083)
</failure>
  </testcase>
  <testcase classname="com.google.javascript.jscomp.IntegrationTest" name="testExports" time="0.009">
    <failure message="Expected no warnings or errors&#xa;Errors: &#xa;Warnings: &#xa;JSC_UNREACHABLE_CODE. unreachable code at i0 line 1 : 20 expected:&lt;0&gt; but was:&lt;1&gt;" type="junit.framework.AssertionFailedError">junit.framework.AssertionFailedError: Expected no warnings or errors
Errors: 
Warnings: 
JSC_UNREACHABLE_CODE. unreachable code at i0 line 1 : 20 expected:&lt;0&gt; but was:&lt;1&gt;
	at com.google.javascript.jscomp.IntegrationTestCase.test(IntegrationTestCase.java:97)
	at com.google.javascript.jscomp.IntegrationTestCase.test(IntegrationTestCase.java:87)
	at com.google.javascript.jscomp.IntegrationTest.testExports(IntegrationTest.java:2993)
</failure>
  </testcase>
  <testcase classname="com.google.javascript.jscomp.IntegrationTest" name="testIssue724" time="0.002">
    <error message="INTERNAL COMPILER ERROR.&#xa;Please report this problem.&#xa;&#xa;null&#xa;  Node(FUNCTION ): i0:1:13&#xa;isFunction = function(functionToCheck) {  var getType = {};  return functionToCheck &amp;&amp;       getType.toString.apply(functionToCheck) ===      &apos;[object Function]&apos;;};&#xa;  Parent(ASSIGN): i0:1:0&#xa;isFunction = function(functionToCheck) {  var getType = {};  return functionToCheck &amp;&amp;       getType.toString.apply(functionToCheck) ===      &apos;[object Function]&apos;;};&#xa;" type="java.lang.RuntimeException">java.lang.RuntimeException: INTERNAL COMPILER ERROR.
Please report this problem.

null
  Node(FUNCTION ): i0:1:13
isFunction = function(functionToCheck) {  var getType = {};  return functionToCheck &amp;&amp;       getType.toString.apply(functionToCheck) ===      &apos;[object Function]&apos;;};
  Parent(ASSIGN): i0:1:0
isFunction = function(functionToCheck) {  var getType = {};  return functionToCheck &amp;&amp;       getType.toString.apply(functionToCheck) ===      &apos;[object Function]&apos;;};

	at com.google.javascript.jscomp.CheckGlobalThis.shouldTraverse(CheckGlobalThis.java:94)
	at com.google.javascript.jscomp.CombinedCompilerPass$CallbackWrapper.shouldTraverseIfActive(CombinedCompilerPass.java:130)
	at com.google.javascript.jscomp.CombinedCompilerPass.shouldTraverse(CombinedCompilerPass.java:165)
	at com.google.javascript.jscomp.NodeTraversal.traverseBranch(NodeTraversal.java:557)
	at com.google.javascript.jscomp.NodeTraversal.traverseBranch(NodeTraversal.java:570)
	at com.google.javascript.jscomp.NodeTraversal.traverseBranch(NodeTraversal.java:570)
	at com.google.javascript.jscomp.NodeTraversal.traverseBranch(NodeTraversal.java:570)
	at com.google.javascript.jscomp.NodeTraversal.traverseBranch(NodeTraversal.java:570)
	at com.google.javascript.jscomp.NodeTraversal.traverse(NodeTraversal.java:289)
	at com.google.javascript.jscomp.NodeTraversal.traverse(NodeTraversal.java:528)
	at com.google.javascript.jscomp.CombinedCompilerPass.process(CombinedCompilerPass.java:154)
	at com.google.javascript.jscomp.PhaseOptimizer$NamedPass.process(PhaseOptimizer.java:285)
	at com.google.javascript.jscomp.PhaseOptimizer.process(PhaseOptimizer.java:217)
	at com.google.javascript.jscomp.Compiler.check(Compiler.java:844)
	at com.google.javascript.jscomp.Compiler.compileInternal(Compiler.java:757)
	at com.google.javascript.jscomp.Compiler.access$000(Compiler.java:95)
	at com.google.javascript.jscomp.Compiler$3.call(Compiler.java:656)
	at com.google.javascript.jscomp.Compiler$3.call(Compiler.java:653)
	at com.google.javascript.jscomp.Compiler$4.call(Compiler.java:700)
	at java.util.concurrent.FutureTask.run(FutureTask.java:262)
	at java.util.concurrent.ThreadPoolExecutor.runWorker(ThreadPoolExecutor.java:1145)
	at java.util.concurrent.ThreadPoolExecutor$Worker.run(ThreadPoolExecutor.java:615)
	at java.lang.Thread.run(Thread.java:745)
Caused by: java.lang.NullPointerException
</error>
  </testcase>
  <testcase classname="com.google.javascript.jscomp.IntegrationTest" name="testMissingReturn" time="0.003">
    <failure message="Expected no warnings or errors&#xa;Errors: &#xa;Warnings: &#xa;JSC_UNREACHABLE_CODE. unreachable code at i0 line 1 : 24 expected:&lt;0&gt; but was:&lt;1&gt;" type="junit.framework.AssertionFailedError">junit.framework.AssertionFailedError: Expected no warnings or errors
Errors: 
Warnings: 
JSC_UNREACHABLE_CODE. unreachable code at i0 line 1 : 24 expected:&lt;0&gt; but was:&lt;1&gt;
	at com.google.javascript.jscomp.IntegrationTestCase.test(IntegrationTestCase.java:97)
	at com.google.javascript.jscomp.IntegrationTestCase.testSame(IntegrationTestCase.java:78)
	at com.google.javascript.jscomp.IntegrationTestCase.testSame(IntegrationTestCase.java:74)
	at com.google.javascript.jscomp.IntegrationTest.testMissingReturn(IntegrationTest.java:591)
</failure>
  </testcase>
  <testcase classname="com.google.javascript.jscomp.IntegrationTest" name="testBug1956277" time="0.002">
    <failure message="Expected no warnings or errors&#xa;Errors: &#xa;Warnings: &#xa;JSC_UNREACHABLE_CODE. unreachable code at i0 line 1 : 0 expected:&lt;0&gt; but was:&lt;1&gt;" type="junit.framework.AssertionFailedError">junit.framework.AssertionFailedError: Expected no warnings or errors
Errors: 
Warnings: 
JSC_UNREACHABLE_CODE. unreachable code at i0 line 1 : 0 expected:&lt;0&gt; but was:&lt;1&gt;
	at com.google.javascript.jscomp.IntegrationTestCase.test(IntegrationTestCase.java:97)
	at com.google.javascript.jscomp.IntegrationTestCase.test(IntegrationTestCase.java:87)
	at com.google.javascript.jscomp.IntegrationTest.testBug1956277(IntegrationTest.java:96)
</failure>
  </testcase>
  <testcase classname="com.google.javascript.jscomp.IntegrationTest" name="testCheckGlobalThisOff" time="0.004">
    <failure message="Expected no warnings or errors&#xa;Errors: &#xa;Warnings: &#xa;JSC_UNREACHABLE_CODE. unreachable code at i0 line 1 : 0 expected:&lt;0&gt; but was:&lt;1&gt;" type="junit.framework.AssertionFailedError">junit.framework.AssertionFailedError: Expected no warnings or errors
Errors: 
Warnings: 
JSC_UNREACHABLE_CODE. unreachable code at i0 line 1 : 0 expected:&lt;0&gt; but was:&lt;1&gt;
	at com.google.javascript.jscomp.IntegrationTestCase.test(IntegrationTestCase.java:97)
	at com.google.javascript.jscomp.IntegrationTestCase.testSame(IntegrationTestCase.java:78)
	at com.google.javascript.jscomp.IntegrationTestCase.testSame(IntegrationTestCase.java:74)
	at com.google.javascript.jscomp.IntegrationTest.testCheckGlobalThisOff(IntegrationTest.java:314)
</failure>
  </testcase>
  <testcase classname="com.google.javascript.jscomp.IntegrationTest" name="testInlineVariables" time="0.003">
    <failure message="Expected no warnings or errors&#xa;Errors: &#xa;Warnings: &#xa;JSC_UNREACHABLE_CODE. unreachable code at i0 line 1 : 0 expected:&lt;0&gt; but was:&lt;1&gt;" type="junit.framework.AssertionFailedError">junit.framework.AssertionFailedError: Expected no warnings or errors
Errors: 
Warnings: 
JSC_UNREACHABLE_CODE. unreachable code at i0 line 1 : 0 expected:&lt;0&gt; but was:&lt;1&gt;
	at com.google.javascript.jscomp.IntegrationTestCase.test(IntegrationTestCase.java:97)
	at com.google.javascript.jscomp.IntegrationTestCase.testSame(IntegrationTestCase.java:78)
	at com.google.javascript.jscomp.IntegrationTestCase.testSame(IntegrationTestCase.java:74)
	at com.google.javascript.jscomp.IntegrationTest.testInlineVariables(IntegrationTest.java:1047)
</failure>
  </testcase>
  <testcase classname="com.google.javascript.jscomp.IntegrationTest" name="testHiddenSideEffect" time="0.009">
    <failure message="Expected no warnings or errors&#xa;Errors: &#xa;Warnings: &#xa;JSC_UNREACHABLE_CODE. unreachable code at i0 line 1 : 0 expected:&lt;0&gt; but was:&lt;1&gt;" type="junit.framework.AssertionFailedError">junit.framework.AssertionFailedError: Expected no warnings or errors
Errors: 
Warnings: 
JSC_UNREACHABLE_CODE. unreachable code at i0 line 1 : 0 expected:&lt;0&gt; but was:&lt;1&gt;
	at com.google.javascript.jscomp.IntegrationTestCase.test(IntegrationTestCase.java:97)
	at com.google.javascript.jscomp.IntegrationTestCase.test(IntegrationTestCase.java:87)
	at com.google.javascript.jscomp.IntegrationTest.testHiddenSideEffect(IntegrationTest.java:2594)
</failure>
  </testcase>
  <testcase classname="com.google.javascript.jscomp.IntegrationTest" name="testInlineConstants" time="0.002">
    <failure message="Expected no warnings or errors&#xa;Errors: &#xa;Warnings: &#xa;JSC_UNREACHABLE_CODE. unreachable code at i0 line 1 : 0 expected:&lt;0&gt; but was:&lt;1&gt;" type="junit.framework.AssertionFailedError">junit.framework.AssertionFailedError: Expected no warnings or errors
Errors: 
Warnings: 
JSC_UNREACHABLE_CODE. unreachable code at i0 line 1 : 0 expected:&lt;0&gt; but was:&lt;1&gt;
	at com.google.javascript.jscomp.IntegrationTestCase.test(IntegrationTestCase.java:97)
	at com.google.javascript.jscomp.IntegrationTestCase.testSame(IntegrationTestCase.java:78)
	at com.google.javascript.jscomp.IntegrationTestCase.testSame(IntegrationTestCase.java:74)
	at com.google.javascript.jscomp.IntegrationTest.testInlineConstants(IntegrationTest.java:1059)
</failure>
  </testcase>
  <testcase classname="com.google.javascript.jscomp.IntegrationTest" name="testIssue90" time="0.005">
    <failure message="Expected no warnings or errors&#xa;Errors: &#xa;Warnings: &#xa;JSC_UNREACHABLE_CODE. unreachable code at i0 line 1 : 0 expected:&lt;0&gt; but was:&lt;1&gt;" type="junit.framework.AssertionFailedError">junit.framework.AssertionFailedError: Expected no warnings or errors
Errors: 
Warnings: 
JSC_UNREACHABLE_CODE. unreachable code at i0 line 1 : 0 expected:&lt;0&gt; but was:&lt;1&gt;
	at com.google.javascript.jscomp.IntegrationTestCase.test(IntegrationTestCase.java:97)
	at com.google.javascript.jscomp.IntegrationTestCase.test(IntegrationTestCase.java:87)
	at com.google.javascript.jscomp.IntegrationTest.testIssue90(IntegrationTest.java:168)
</failure>
  </testcase>
  <testcase classname="com.google.javascript.jscomp.IntegrationTest" name="testConstructorCycle" time="0.006">
    <failure message="Unexpected warnings or errors.&#xa; Warning:JSC_UNREACHABLE_CODE. unreachable code at i0 line 1 : 28&#xa;Warning:JSC_PARSE_ERROR. Parse error. Cycle detected in inheritance chain of type Foo at i0 line 4 : 34&#xa; expected:&lt;1&gt; but was:&lt;2&gt;" type="junit.framework.AssertionFailedError">junit.framework.AssertionFailedError: Unexpected warnings or errors.
 Warning:JSC_UNREACHABLE_CODE. unreachable code at i0 line 1 : 28
Warning:JSC_PARSE_ERROR. Parse error. Cycle detected in inheritance chain of type Foo at i0 line 4 : 34
 expected:&lt;1&gt; but was:&lt;2&gt;
	at com.google.javascript.jscomp.IntegrationTestCase.checkUnexpectedErrorsOrWarnings(IntegrationTestCase.java:219)
	at com.google.javascript.jscomp.IntegrationTestCase.test(IntegrationTestCase.java:137)
	at com.google.javascript.jscomp.IntegrationTestCase.test(IntegrationTestCase.java:127)
	at com.google.javascript.jscomp.IntegrationTestCase.test(IntegrationTestCase.java:116)
	at com.google.javascript.jscomp.IntegrationTest.testConstructorCycle(IntegrationTest.java:52)
</failure>
  </testcase>
  <testcase classname="com.google.javascript.jscomp.IntegrationTest" name="testBug1949424" time="0.002">
    <failure message="Expected no warnings or errors&#xa;Errors: &#xa;Warnings: &#xa;JSC_UNREACHABLE_CODE. unreachable code at i0 line 1 : 25 expected:&lt;0&gt; but was:&lt;1&gt;" type="junit.framework.AssertionFailedError">junit.framework.AssertionFailedError: Expected no warnings or errors
Errors: 
Warnings: 
JSC_UNREACHABLE_CODE. unreachable code at i0 line 1 : 25 expected:&lt;0&gt; but was:&lt;1&gt;
	at com.google.javascript.jscomp.IntegrationTestCase.test(IntegrationTestCase.java:97)
	at com.google.javascript.jscomp.IntegrationTestCase.test(IntegrationTestCase.java:87)
	at com.google.javascript.jscomp.IntegrationTest.testBug1949424(IntegrationTest.java:65)
</failure>
  </testcase>
  <testcase classname="com.google.javascript.jscomp.IntegrationTest" name="testBug1949424_v2" time="0.003">
    <failure message="Expected no warnings or errors&#xa;Errors: &#xa;Warnings: &#xa;JSC_UNREACHABLE_CODE. unreachable code at i0 line 1 : 25 expected:&lt;0&gt; but was:&lt;1&gt;" type="junit.framework.AssertionFailedError">junit.framework.AssertionFailedError: Expected no warnings or errors
Errors: 
Warnings: 
JSC_UNREACHABLE_CODE. unreachable code at i0 line 1 : 25 expected:&lt;0&gt; but was:&lt;1&gt;
	at com.google.javascript.jscomp.IntegrationTestCase.test(IntegrationTestCase.java:97)
	at com.google.javascript.jscomp.IntegrationTestCase.test(IntegrationTestCase.java:87)
	at com.google.javascript.jscomp.IntegrationTest.testBug1949424_v2(IntegrationTest.java:73)
</failure>
  </testcase>
  <testcase classname="com.google.javascript.jscomp.IntegrationTest" name="testUnresolvedDefine" time="0.005">
    <failure message="Unexpected warnings or errors.&#xa; Error:JSC_INVALID_DEFINE_TYPE_ERROR. @define tag only permits literal types at i0 line 1 : 62&#xa;Warning:JSC_UNREACHABLE_CODE. unreachable code at i0 line 1 : 0&#xa;Warning:JSC_TYPE_PARSE_ERROR. Bad type annotation. Unknown type foo.bar at i0 line 1 : 50&#xa; expected:&lt;2&gt; but was:&lt;3&gt;" type="junit.framework.AssertionFailedError">junit.framework.AssertionFailedError: Unexpected warnings or errors.
 Error:JSC_INVALID_DEFINE_TYPE_ERROR. @define tag only permits literal types at i0 line 1 : 62
Warning:JSC_UNREACHABLE_CODE. unreachable code at i0 line 1 : 0
Warning:JSC_TYPE_PARSE_ERROR. Bad type annotation. Unknown type foo.bar at i0 line 1 : 50
 expected:&lt;2&gt; but was:&lt;3&gt;
	at com.google.javascript.jscomp.IntegrationTestCase.checkUnexpectedErrorsOrWarnings(IntegrationTestCase.java:219)
	at com.google.javascript.jscomp.IntegrationTestCase.test(IntegrationTestCase.java:196)
	at com.google.javascript.jscomp.IntegrationTest.testUnresolvedDefine(IntegrationTest.java:89)
</failure>
  </testcase>
  <testcase classname="com.google.javascript.jscomp.IntegrationTest" name="testBug1962380" time="0.004">
    <failure message="Expected no warnings or errors&#xa;Errors: &#xa;Warnings: &#xa;JSC_UNREACHABLE_CODE. unreachable code at i0 line 1 : 25 expected:&lt;0&gt; but was:&lt;1&gt;" type="junit.framework.AssertionFailedError">junit.framework.AssertionFailedError: Expected no warnings or errors
Errors: 
Warnings: 
JSC_UNREACHABLE_CODE. unreachable code at i0 line 1 : 25 expected:&lt;0&gt; but was:&lt;1&gt;
	at com.google.javascript.jscomp.IntegrationTestCase.test(IntegrationTestCase.java:97)
	at com.google.javascript.jscomp.IntegrationTestCase.test(IntegrationTestCase.java:87)
	at com.google.javascript.jscomp.IntegrationTest.testBug1962380(IntegrationTest.java:108)
</failure>
  </testcase>
  <testcase classname="com.google.javascript.jscomp.IntegrationTest" name="testBug2410122" time="0.002">
    <failure message="Expected no warnings or errors&#xa;Errors: &#xa;Warnings: &#xa;JSC_UNREACHABLE_CODE. unreachable code at i0 line 1 : 0 expected:&lt;0&gt; but was:&lt;1&gt;" type="junit.framework.AssertionFailedError">junit.framework.AssertionFailedError: Expected no warnings or errors
Errors: 
Warnings: 
JSC_UNREACHABLE_CODE. unreachable code at i0 line 1 : 0 expected:&lt;0&gt; but was:&lt;1&gt;
	at com.google.javascript.jscomp.IntegrationTestCase.test(IntegrationTestCase.java:97)
	at com.google.javascript.jscomp.IntegrationTestCase.test(IntegrationTestCase.java:87)
	at com.google.javascript.jscomp.IntegrationTest.testBug2410122(IntegrationTest.java:119)
</failure>
  </testcase>
  <testcase classname="com.google.javascript.jscomp.IntegrationTest" name="testBug18078936" time="0.002">
    <error message="INTERNAL COMPILER ERROR.&#xa;Please report this problem.&#xa;&#xa;null&#xa;  Node(FUNCTION ): i0:1:30&#xa;var goog = {};goog.inherits = function(a,b) {};goog.defineClass = function(a,b) {};/** @template T */&#xa;  Parent(ASSIGN): i0:1:14&#xa;var goog = {};goog.inherits = function(a,b) {};goog.defineClass = function(a,b) {};/** @template T */&#xa;" type="java.lang.RuntimeException">java.lang.RuntimeException: INTERNAL COMPILER ERROR.
Please report this problem.

null
  Node(FUNCTION ): i0:1:30
var goog = {};goog.inherits = function(a,b) {};goog.defineClass = function(a,b) {};/** @template T */
  Parent(ASSIGN): i0:1:14
var goog = {};goog.inherits = function(a,b) {};goog.defineClass = function(a,b) {};/** @template T */

	at com.google.javascript.jscomp.CheckGlobalThis.shouldTraverse(CheckGlobalThis.java:94)
	at com.google.javascript.jscomp.CombinedCompilerPass$CallbackWrapper.shouldTraverseIfActive(CombinedCompilerPass.java:130)
	at com.google.javascript.jscomp.CombinedCompilerPass.shouldTraverse(CombinedCompilerPass.java:165)
	at com.google.javascript.jscomp.NodeTraversal.traverseBranch(NodeTraversal.java:557)
	at com.google.javascript.jscomp.NodeTraversal.traverseBranch(NodeTraversal.java:570)
	at com.google.javascript.jscomp.NodeTraversal.traverseBranch(NodeTraversal.java:570)
	at com.google.javascript.jscomp.NodeTraversal.traverseBranch(NodeTraversal.java:570)
	at com.google.javascript.jscomp.NodeTraversal.traverseBranch(NodeTraversal.java:570)
	at com.google.javascript.jscomp.NodeTraversal.traverse(NodeTraversal.java:289)
	at com.google.javascript.jscomp.NodeTraversal.traverse(NodeTraversal.java:528)
	at com.google.javascript.jscomp.CombinedCompilerPass.process(CombinedCompilerPass.java:154)
	at com.google.javascript.jscomp.PhaseOptimizer$NamedPass.process(PhaseOptimizer.java:285)
	at com.google.javascript.jscomp.PhaseOptimizer.process(PhaseOptimizer.java:217)
	at com.google.javascript.jscomp.Compiler.check(Compiler.java:844)
	at com.google.javascript.jscomp.Compiler.compileInternal(Compiler.java:757)
	at com.google.javascript.jscomp.Compiler.access$000(Compiler.java:95)
	at com.google.javascript.jscomp.Compiler$3.call(Compiler.java:656)
	at com.google.javascript.jscomp.Compiler$3.call(Compiler.java:653)
	at com.google.javascript.jscomp.Compiler$4.call(Compiler.java:700)
	at java.util.concurrent.FutureTask.run(FutureTask.java:262)
	at java.util.concurrent.ThreadPoolExecutor.runWorker(ThreadPoolExecutor.java:1145)
	at java.util.concurrent.ThreadPoolExecutor$Worker.run(ThreadPoolExecutor.java:615)
	at java.lang.Thread.run(Thread.java:745)
Caused by: java.lang.NullPointerException
</error>
  </testcase>
  <testcase classname="com.google.javascript.jscomp.IntegrationTest" name="testClosurePassOff" time="0.002">
    <failure message="Expected no warnings or errors&#xa;Errors: &#xa;Warnings: &#xa;JSC_UNREACHABLE_CODE. unreachable code at i0 line 1 : 0 expected:&lt;0&gt; but was:&lt;1&gt;" type="junit.framework.AssertionFailedError">junit.framework.AssertionFailedError: Expected no warnings or errors
Errors: 
Warnings: 
JSC_UNREACHABLE_CODE. unreachable code at i0 line 1 : 0 expected:&lt;0&gt; but was:&lt;1&gt;
	at com.google.javascript.jscomp.IntegrationTestCase.test(IntegrationTestCase.java:97)
	at com.google.javascript.jscomp.IntegrationTestCase.testSame(IntegrationTestCase.java:78)
	at com.google.javascript.jscomp.IntegrationTestCase.testSame(IntegrationTestCase.java:74)
	at com.google.javascript.jscomp.IntegrationTest.testClosurePassOff(IntegrationTest.java:174)
</failure>
  </testcase>
  <testcase classname="com.google.javascript.jscomp.IntegrationTest" name="testClosurePassOn" time="0.005">
    <failure message="Expected no warnings or errors&#xa;Errors: &#xa;Warnings: &#xa;JSC_UNREACHABLE_CODE. unreachable code at i0 line 1 : 25 expected:&lt;0&gt; but was:&lt;1&gt;" type="junit.framework.AssertionFailedError">junit.framework.AssertionFailedError: Expected no warnings or errors
Errors: 
Warnings: 
JSC_UNREACHABLE_CODE. unreachable code at i0 line 1 : 25 expected:&lt;0&gt; but was:&lt;1&gt;
	at com.google.javascript.jscomp.IntegrationTestCase.test(IntegrationTestCase.java:97)
	at com.google.javascript.jscomp.IntegrationTestCase.test(IntegrationTestCase.java:87)
	at com.google.javascript.jscomp.IntegrationTest.testClosurePassOn(IntegrationTest.java:186)
</failure>
  </testcase>
  <testcase classname="com.google.javascript.jscomp.IntegrationTest" name="testCssNameCheck" time="0.003" />
  <testcase classname="com.google.javascript.jscomp.IntegrationTest" name="testCheckEventfulDisposalWarningLevels" time="0.006">
    <failure message="Unexpected warnings or errors.&#xa; Error:JSC_EVENTFUL_OBJECT_NOT_DISPOSED. eventful object created should be&#xa;  * registered as disposable, or&#xa;  * explicitly disposed of at i0 line 6 : 42&#xa;Warning:JSC_UNREACHABLE_CODE. unreachable code at i0 line 1 : 0&#xa;Warning:JSC_REFLECT_OBJECTLIT_EXPECTED. Object literal expected as second argument at i0 line 6 : 86&#xa; expected:&lt;1&gt; but was:&lt;3&gt;" type="junit.framework.AssertionFailedError">junit.framework.AssertionFailedError: Unexpected warnings or errors.
 Error:JSC_EVENTFUL_OBJECT_NOT_DISPOSED. eventful object created should be
  * registered as disposable, or
  * explicitly disposed of at i0 line 6 : 42
Warning:JSC_UNREACHABLE_CODE. unreachable code at i0 line 1 : 0
Warning:JSC_REFLECT_OBJECTLIT_EXPECTED. Object literal expected as second argument at i0 line 6 : 86
 expected:&lt;1&gt; but was:&lt;3&gt;
	at com.google.javascript.jscomp.IntegrationTestCase.checkUnexpectedErrorsOrWarnings(IntegrationTestCase.java:219)
	at com.google.javascript.jscomp.IntegrationTestCase.test(IntegrationTestCase.java:137)
	at com.google.javascript.jscomp.IntegrationTestCase.test(IntegrationTestCase.java:127)
	at com.google.javascript.jscomp.IntegrationTestCase.test(IntegrationTestCase.java:116)
	at com.google.javascript.jscomp.IntegrationTest.testCheckEventfulDisposalWarningLevels(IntegrationTest.java:230)
</failure>
  </testcase>
  <testcase classname="com.google.javascript.jscomp.IntegrationTest" name="testBug2592659" time="0.005">
    <failure message="Unexpected warnings or errors.&#xa; Warning:JSC_UNREACHABLE_CODE. unreachable code at i0 line 1 : 0&#xa;Warning:JSC_TYPE_MISMATCH. actual parameter 1 of goog.getCssName does not match formal parameter&#xa;found   : number&#xa;required: string at i0 line 8 : 24&#xa; expected:&lt;1&gt; but was:&lt;2&gt;" type="junit.framework.AssertionFailedError">junit.framework.AssertionFailedError: Unexpected warnings or errors.
 Warning:JSC_UNREACHABLE_CODE. unreachable code at i0 line 1 : 0
Warning:JSC_TYPE_MISMATCH. actual parameter 1 of goog.getCssName does not match formal parameter
found   : number
required: string at i0 line 8 : 24
 expected:&lt;1&gt; but was:&lt;2&gt;
	at com.google.javascript.jscomp.IntegrationTestCase.checkUnexpectedErrorsOrWarnings(IntegrationTestCase.java:219)
	at com.google.javascript.jscomp.IntegrationTestCase.test(IntegrationTestCase.java:137)
	at com.google.javascript.jscomp.IntegrationTestCase.test(IntegrationTestCase.java:127)
	at com.google.javascript.jscomp.IntegrationTestCase.test(IntegrationTestCase.java:116)
	at com.google.javascript.jscomp.IntegrationTest.testBug2592659(IntegrationTest.java:243)
</failure>
  </testcase>
  <testcase classname="com.google.javascript.jscomp.IntegrationTest" name="testTypedefBeforeOwner1" time="0.002">
    <failure message="Expected no warnings or errors&#xa;Errors: &#xa;Warnings: &#xa;JSC_UNREACHABLE_CODE. unreachable code at i0 line 1 : 0 expected:&lt;0&gt; but was:&lt;1&gt;" type="junit.framework.AssertionFailedError">junit.framework.AssertionFailedError: Expected no warnings or errors
Errors: 
Warnings: 
JSC_UNREACHABLE_CODE. unreachable code at i0 line 1 : 0 expected:&lt;0&gt; but was:&lt;1&gt;
	at com.google.javascript.jscomp.IntegrationTestCase.test(IntegrationTestCase.java:97)
	at com.google.javascript.jscomp.IntegrationTestCase.test(IntegrationTestCase.java:87)
	at com.google.javascript.jscomp.IntegrationTest.testTypedefBeforeOwner1(IntegrationTest.java:259)
</failure>
  </testcase>
  <testcase classname="com.google.javascript.jscomp.IntegrationTest" name="testTypedefBeforeOwner2" time="0.01">
    <failure message="Expected no warnings or errors&#xa;Errors: &#xa;Warnings: &#xa;JSC_UNREACHABLE_CODE. unreachable code at i0 line 1 : 0 expected:&lt;0&gt; but was:&lt;1&gt;" type="junit.framework.AssertionFailedError">junit.framework.AssertionFailedError: Expected no warnings or errors
Errors: 
Warnings: 
JSC_UNREACHABLE_CODE. unreachable code at i0 line 1 : 0 expected:&lt;0&gt; but was:&lt;1&gt;
	at com.google.javascript.jscomp.IntegrationTestCase.test(IntegrationTestCase.java:97)
	at com.google.javascript.jscomp.IntegrationTestCase.test(IntegrationTestCase.java:87)
	at com.google.javascript.jscomp.IntegrationTest.testTypedefBeforeOwner2(IntegrationTest.java:272)
</failure>
  </testcase>
  <testcase classname="com.google.javascript.jscomp.IntegrationTest" name="testExportedNames" time="0.002">
    <failure message="Expected no warnings or errors&#xa;Errors: &#xa;Warnings: &#xa;JSC_UNREACHABLE_CODE. unreachable code at i0 line 1 : 25 expected:&lt;0&gt; but was:&lt;1&gt;" type="junit.framework.AssertionFailedError">junit.framework.AssertionFailedError: Expected no warnings or errors
Errors: 
Warnings: 
JSC_UNREACHABLE_CODE. unreachable code at i0 line 1 : 25 expected:&lt;0&gt; but was:&lt;1&gt;
	at com.google.javascript.jscomp.IntegrationTestCase.test(IntegrationTestCase.java:97)
	at com.google.javascript.jscomp.IntegrationTestCase.test(IntegrationTestCase.java:87)
	at com.google.javascript.jscomp.IntegrationTest.testExportedNames(IntegrationTest.java:285)
</failure>
  </testcase>
  <testcase classname="com.google.javascript.jscomp.IntegrationTest" name="testCheckGlobalThisOn" time="0.001">
    <error message="INTERNAL COMPILER ERROR.&#xa;Please report this problem.&#xa;&#xa;null&#xa;  Node(FUNCTION f): i0:1:0&#xa;function f() { this.y = 3; }&#xa;  Parent(SCRIPT): i0:1:0&#xa;function f() { this.y = 3; }&#xa;" type="java.lang.RuntimeException">java.lang.RuntimeException: INTERNAL COMPILER ERROR.
Please report this problem.

null
  Node(FUNCTION f): i0:1:0
function f() { this.y = 3; }
  Parent(SCRIPT): i0:1:0
function f() { this.y = 3; }

	at com.google.javascript.jscomp.CheckGlobalThis.shouldTraverse(CheckGlobalThis.java:94)
	at com.google.javascript.jscomp.CombinedCompilerPass$CallbackWrapper.shouldTraverseIfActive(CombinedCompilerPass.java:130)
	at com.google.javascript.jscomp.CombinedCompilerPass.shouldTraverse(CombinedCompilerPass.java:165)
	at com.google.javascript.jscomp.NodeTraversal.traverseBranch(NodeTraversal.java:557)
	at com.google.javascript.jscomp.NodeTraversal.traverseBranch(NodeTraversal.java:570)
	at com.google.javascript.jscomp.NodeTraversal.traverseBranch(NodeTraversal.java:570)
	at com.google.javascript.jscomp.NodeTraversal.traverse(NodeTraversal.java:289)
	at com.google.javascript.jscomp.NodeTraversal.traverse(NodeTraversal.java:528)
	at com.google.javascript.jscomp.CombinedCompilerPass.process(CombinedCompilerPass.java:154)
	at com.google.javascript.jscomp.PhaseOptimizer$NamedPass.process(PhaseOptimizer.java:285)
	at com.google.javascript.jscomp.PhaseOptimizer.process(PhaseOptimizer.java:217)
	at com.google.javascript.jscomp.Compiler.check(Compiler.java:844)
	at com.google.javascript.jscomp.Compiler.compileInternal(Compiler.java:757)
	at com.google.javascript.jscomp.Compiler.access$000(Compiler.java:95)
	at com.google.javascript.jscomp.Compiler$3.call(Compiler.java:656)
	at com.google.javascript.jscomp.Compiler$3.call(Compiler.java:653)
	at com.google.javascript.jscomp.Compiler$4.call(Compiler.java:700)
	at java.util.concurrent.FutureTask.run(FutureTask.java:262)
	at java.util.concurrent.ThreadPoolExecutor.runWorker(ThreadPoolExecutor.java:1145)
	at java.util.concurrent.ThreadPoolExecutor$Worker.run(ThreadPoolExecutor.java:615)
	at java.lang.Thread.run(Thread.java:745)
Caused by: java.lang.NullPointerException
</error>
  </testcase>
  <testcase classname="com.google.javascript.jscomp.IntegrationTest" name="testSusiciousCodeOff" time="0.001">
    <error message="INTERNAL COMPILER ERROR.&#xa;Please report this problem.&#xa;&#xa;null&#xa;  Node(FUNCTION f): i0:1:0&#xa;function f() { this.y = 3; }&#xa;  Parent(SCRIPT): i0:1:0&#xa;function f() { this.y = 3; }&#xa;" type="java.lang.RuntimeException">java.lang.RuntimeException: INTERNAL COMPILER ERROR.
Please report this problem.

null
  Node(FUNCTION f): i0:1:0
function f() { this.y = 3; }
  Parent(SCRIPT): i0:1:0
function f() { this.y = 3; }

	at com.google.javascript.jscomp.CheckGlobalThis.shouldTraverse(CheckGlobalThis.java:94)
	at com.google.javascript.jscomp.CombinedCompilerPass$CallbackWrapper.shouldTraverseIfActive(CombinedCompilerPass.java:130)
	at com.google.javascript.jscomp.CombinedCompilerPass.shouldTraverse(CombinedCompilerPass.java:165)
	at com.google.javascript.jscomp.NodeTraversal.traverseBranch(NodeTraversal.java:557)
	at com.google.javascript.jscomp.NodeTraversal.traverseBranch(NodeTraversal.java:570)
	at com.google.javascript.jscomp.NodeTraversal.traverseBranch(NodeTraversal.java:570)
	at com.google.javascript.jscomp.NodeTraversal.traverse(NodeTraversal.java:289)
	at com.google.javascript.jscomp.NodeTraversal.traverse(NodeTraversal.java:528)
	at com.google.javascript.jscomp.CombinedCompilerPass.process(CombinedCompilerPass.java:154)
	at com.google.javascript.jscomp.PhaseOptimizer$NamedPass.process(PhaseOptimizer.java:285)
	at com.google.javascript.jscomp.PhaseOptimizer.process(PhaseOptimizer.java:217)
	at com.google.javascript.jscomp.Compiler.check(Compiler.java:844)
	at com.google.javascript.jscomp.Compiler.compileInternal(Compiler.java:757)
	at com.google.javascript.jscomp.Compiler.access$000(Compiler.java:95)
	at com.google.javascript.jscomp.Compiler$3.call(Compiler.java:656)
	at com.google.javascript.jscomp.Compiler$3.call(Compiler.java:653)
	at com.google.javascript.jscomp.Compiler$4.call(Compiler.java:700)
	at java.util.concurrent.FutureTask.run(FutureTask.java:262)
	at java.util.concurrent.ThreadPoolExecutor.runWorker(ThreadPoolExecutor.java:1145)
	at java.util.concurrent.ThreadPoolExecutor$Worker.run(ThreadPoolExecutor.java:615)
	at java.lang.Thread.run(Thread.java:745)
Caused by: java.lang.NullPointerException
</error>
  </testcase>
  <testcase classname="com.google.javascript.jscomp.IntegrationTest" name="testCheckRequiresAndCheckProvidesOff" time="0.002">
    <failure message="Expected no warnings or errors&#xa;Errors: &#xa;Warnings: &#xa;JSC_UNREACHABLE_CODE. unreachable code at i0 line 1 : 20 expected:&lt;0&gt; but was:&lt;1&gt;" type="junit.framework.AssertionFailedError">junit.framework.AssertionFailedError: Expected no warnings or errors
Errors: 
Warnings: 
JSC_UNREACHABLE_CODE. unreachable code at i0 line 1 : 20 expected:&lt;0&gt; but was:&lt;1&gt;
	at com.google.javascript.jscomp.IntegrationTestCase.test(IntegrationTestCase.java:97)
	at com.google.javascript.jscomp.IntegrationTestCase.testSame(IntegrationTestCase.java:78)
	at com.google.javascript.jscomp.IntegrationTest.testCheckRequiresAndCheckProvidesOff(IntegrationTest.java:318)
</failure>
  </testcase>
  <testcase classname="com.google.javascript.jscomp.IntegrationTest" name="testCheckProvidesOn" time="0.001" />
  <testcase classname="com.google.javascript.jscomp.IntegrationTest" name="testGenerateExportsOff" time="0.001">
    <failure message="Expected no warnings or errors&#xa;Errors: &#xa;Warnings: &#xa;JSC_UNREACHABLE_CODE. unreachable code at i0 line 1 : 15 expected:&lt;0&gt; but was:&lt;1&gt;" type="junit.framework.AssertionFailedError">junit.framework.AssertionFailedError: Expected no warnings or errors
Errors: 
Warnings: 
JSC_UNREACHABLE_CODE. unreachable code at i0 line 1 : 15 expected:&lt;0&gt; but was:&lt;1&gt;
	at com.google.javascript.jscomp.IntegrationTestCase.test(IntegrationTestCase.java:97)
	at com.google.javascript.jscomp.IntegrationTestCase.testSame(IntegrationTestCase.java:78)
	at com.google.javascript.jscomp.IntegrationTestCase.testSame(IntegrationTestCase.java:74)
	at com.google.javascript.jscomp.IntegrationTest.testGenerateExportsOff(IntegrationTest.java:332)
</failure>
  </testcase>
  <testcase classname="com.google.javascript.jscomp.IntegrationTest" name="testGenerateExportsOn" time="0.001">
    <failure message="Expected no warnings or errors&#xa;Errors: &#xa;Warnings: &#xa;JSC_UNREACHABLE_CODE. unreachable code at i0 line 1 : 15 expected:&lt;0&gt; but was:&lt;1&gt;" type="junit.framework.AssertionFailedError">junit.framework.AssertionFailedError: Expected no warnings or errors
Errors: 
Warnings: 
JSC_UNREACHABLE_CODE. unreachable code at i0 line 1 : 15 expected:&lt;0&gt; but was:&lt;1&gt;
	at com.google.javascript.jscomp.IntegrationTestCase.test(IntegrationTestCase.java:97)
	at com.google.javascript.jscomp.IntegrationTestCase.test(IntegrationTestCase.java:87)
	at com.google.javascript.jscomp.IntegrationTest.testGenerateExportsOn(IntegrationTest.java:338)
</failure>
  </testcase>
  <testcase classname="com.google.javascript.jscomp.IntegrationTest" name="testAngularPassOff" time="0.001">
    <failure message="Expected no warnings or errors&#xa;Errors: &#xa;Warnings: &#xa;JSC_UNREACHABLE_CODE. unreachable code at i0 line 1 : 17 expected:&lt;0&gt; but was:&lt;1&gt;" type="junit.framework.AssertionFailedError">junit.framework.AssertionFailedError: Expected no warnings or errors
Errors: 
Warnings: 
JSC_UNREACHABLE_CODE. unreachable code at i0 line 1 : 17 expected:&lt;0&gt; but was:&lt;1&gt;
	at com.google.javascript.jscomp.IntegrationTestCase.test(IntegrationTestCase.java:97)
	at com.google.javascript.jscomp.IntegrationTestCase.testSame(IntegrationTestCase.java:78)
	at com.google.javascript.jscomp.IntegrationTestCase.testSame(IntegrationTestCase.java:74)
	at com.google.javascript.jscomp.IntegrationTest.testAngularPassOff(IntegrationTest.java:343)
</failure>
  </testcase>
  <testcase classname="com.google.javascript.jscomp.IntegrationTest" name="testAngularPassOn" time="0.002">
    <failure message="Expected no warnings or errors&#xa;Errors: &#xa;Warnings: &#xa;JSC_UNREACHABLE_CODE. unreachable code at i0 line 1 : 17 expected:&lt;0&gt; but was:&lt;1&gt;" type="junit.framework.AssertionFailedError">junit.framework.AssertionFailedError: Expected no warnings or errors
Errors: 
Warnings: 
JSC_UNREACHABLE_CODE. unreachable code at i0 line 1 : 17 expected:&lt;0&gt; but was:&lt;1&gt;
	at com.google.javascript.jscomp.IntegrationTestCase.test(IntegrationTestCase.java:97)
	at com.google.javascript.jscomp.IntegrationTestCase.test(IntegrationTestCase.java:87)
	at com.google.javascript.jscomp.IntegrationTest.testAngularPassOn(IntegrationTest.java:352)
</failure>
  </testcase>
  <testcase classname="com.google.javascript.jscomp.IntegrationTest" name="testExportTestFunctionsOff" time="0.002">
    <failure message="Expected no warnings or errors&#xa;Errors: &#xa;Warnings: &#xa;JSC_UNREACHABLE_CODE. unreachable code at i0 line 1 : 0 expected:&lt;0&gt; but was:&lt;1&gt;" type="junit.framework.AssertionFailedError">junit.framework.AssertionFailedError: Expected no warnings or errors
Errors: 
Warnings: 
JSC_UNREACHABLE_CODE. unreachable code at i0 line 1 : 0 expected:&lt;0&gt; but was:&lt;1&gt;
	at com.google.javascript.jscomp.IntegrationTestCase.test(IntegrationTestCase.java:97)
	at com.google.javascript.jscomp.IntegrationTestCase.testSame(IntegrationTestCase.java:78)
	at com.google.javascript.jscomp.IntegrationTestCase.testSame(IntegrationTestCase.java:74)
	at com.google.javascript.jscomp.IntegrationTest.testExportTestFunctionsOff(IntegrationTest.java:363)
</failure>
  </testcase>
  <testcase classname="com.google.javascript.jscomp.IntegrationTest" name="testExportTestFunctionsOn" time="0.002">
    <failure message="Expected no warnings or errors&#xa;Errors: &#xa;Warnings: &#xa;JSC_UNREACHABLE_CODE. unreachable code at i0 line 1 : 0 expected:&lt;0&gt; but was:&lt;1&gt;" type="junit.framework.AssertionFailedError">junit.framework.AssertionFailedError: Expected no warnings or errors
Errors: 
Warnings: 
JSC_UNREACHABLE_CODE. unreachable code at i0 line 1 : 0 expected:&lt;0&gt; but was:&lt;1&gt;
	at com.google.javascript.jscomp.IntegrationTestCase.test(IntegrationTestCase.java:97)
	at com.google.javascript.jscomp.IntegrationTestCase.test(IntegrationTestCase.java:87)
	at com.google.javascript.jscomp.IntegrationTest.testExportTestFunctionsOn(IntegrationTest.java:369)
</failure>
  </testcase>
  <testcase classname="com.google.javascript.jscomp.IntegrationTest" name="testExpose" time="0.002">
    <error message="INTERNAL COMPILER ERROR.&#xa;Please report this problem.&#xa;&#xa;null&#xa;  Node(FUNCTION moe): i0:1:184&#xa;var x = {eeny: 1, /** @expose */ meeny: 2};/** @constructor */ var Foo = function() {};/** @expose */  Foo.prototype.miny = 3;Foo.prototype.moe = 4;/** @expose */  Foo.prototype.tiger;function moe(a, b) { return a.meeny + b.miny + a.tiger; }window[&apos;x&apos;] = x;window[&apos;Foo&apos;] = Foo;window[&apos;moe&apos;] = moe;&#xa;  Parent(SCRIPT): i0:1:0&#xa;var x = {eeny: 1, /** @expose */ meeny: 2};/** @constructor */ var Foo = function() {};/** @expose */  Foo.prototype.miny = 3;Foo.prototype.moe = 4;/** @expose */  Foo.prototype.tiger;function moe(a, b) { return a.meeny + b.miny + a.tiger; }window[&apos;x&apos;] = x;window[&apos;Foo&apos;] = Foo;window[&apos;moe&apos;] = moe;&#xa;" type="java.lang.RuntimeException">java.lang.RuntimeException: INTERNAL COMPILER ERROR.
Please report this problem.

null
  Node(FUNCTION moe): i0:1:184
var x = {eeny: 1, /** @expose */ meeny: 2};/** @constructor */ var Foo = function() {};/** @expose */  Foo.prototype.miny = 3;Foo.prototype.moe = 4;/** @expose */  Foo.prototype.tiger;function moe(a, b) { return a.meeny + b.miny + a.tiger; }window[&apos;x&apos;] = x;window[&apos;Foo&apos;] = Foo;window[&apos;moe&apos;] = moe;
  Parent(SCRIPT): i0:1:0
var x = {eeny: 1, /** @expose */ meeny: 2};/** @constructor */ var Foo = function() {};/** @expose */  Foo.prototype.miny = 3;Foo.prototype.moe = 4;/** @expose */  Foo.prototype.tiger;function moe(a, b) { return a.meeny + b.miny + a.tiger; }window[&apos;x&apos;] = x;window[&apos;Foo&apos;] = Foo;window[&apos;moe&apos;] = moe;

	at com.google.javascript.jscomp.CheckGlobalThis.shouldTraverse(CheckGlobalThis.java:94)
	at com.google.javascript.jscomp.CombinedCompilerPass$CallbackWrapper.shouldTraverseIfActive(CombinedCompilerPass.java:130)
	at com.google.javascript.jscomp.CombinedCompilerPass.shouldTraverse(CombinedCompilerPass.java:165)
	at com.google.javascript.jscomp.NodeTraversal.traverseBranch(NodeTraversal.java:557)
	at com.google.javascript.jscomp.NodeTraversal.traverseBranch(NodeTraversal.java:570)
	at com.google.javascript.jscomp.NodeTraversal.traverseBranch(NodeTraversal.java:570)
	at com.google.javascript.jscomp.NodeTraversal.traverse(NodeTraversal.java:289)
	at com.google.javascript.jscomp.NodeTraversal.traverse(NodeTraversal.java:528)
	at com.google.javascript.jscomp.CombinedCompilerPass.process(CombinedCompilerPass.java:154)
	at com.google.javascript.jscomp.PhaseOptimizer$NamedPass.process(PhaseOptimizer.java:285)
	at com.google.javascript.jscomp.PhaseOptimizer.process(PhaseOptimizer.java:217)
	at com.google.javascript.jscomp.Compiler.check(Compiler.java:844)
	at com.google.javascript.jscomp.Compiler.compileInternal(Compiler.java:757)
	at com.google.javascript.jscomp.Compiler.access$000(Compiler.java:95)
	at com.google.javascript.jscomp.Compiler$3.call(Compiler.java:656)
	at com.google.javascript.jscomp.Compiler$3.call(Compiler.java:653)
	at com.google.javascript.jscomp.Compiler$4.call(Compiler.java:700)
	at java.util.concurrent.FutureTask.run(FutureTask.java:262)
	at java.util.concurrent.ThreadPoolExecutor.runWorker(ThreadPoolExecutor.java:1145)
	at java.util.concurrent.ThreadPoolExecutor$Worker.run(ThreadPoolExecutor.java:615)
	at java.lang.Thread.run(Thread.java:745)
Caused by: java.lang.NullPointerException
</error>
  </testcase>
  <testcase classname="com.google.javascript.jscomp.IntegrationTest" name="testCheckSymbolsOff" time="0.002">
    <failure message="Expected no warnings or errors&#xa;Errors: &#xa;Warnings: &#xa;JSC_UNREACHABLE_CODE. unreachable code at i0 line 1 : 0 expected:&lt;0&gt; but was:&lt;1&gt;" type="junit.framework.AssertionFailedError">junit.framework.AssertionFailedError: Expected no warnings or errors
Errors: 
Warnings: 
JSC_UNREACHABLE_CODE. unreachable code at i0 line 1 : 0 expected:&lt;0&gt; but was:&lt;1&gt;
	at com.google.javascript.jscomp.IntegrationTestCase.test(IntegrationTestCase.java:97)
	at com.google.javascript.jscomp.IntegrationTestCase.testSame(IntegrationTestCase.java:78)
	at com.google.javascript.jscomp.IntegrationTestCase.testSame(IntegrationTestCase.java:74)
	at com.google.javascript.jscomp.IntegrationTest.testCheckSymbolsOff(IntegrationTest.java:399)
</failure>
  </testcase>
  <testcase classname="com.google.javascript.jscomp.IntegrationTest" name="testCheckSymbolsOn" time="0.001" />
  <testcase classname="com.google.javascript.jscomp.IntegrationTest" name="testCheckReferencesOff" time="0.002">
    <failure message="Expected no warnings or errors&#xa;Errors: &#xa;JSC_CONSTANT_REASSIGNED_VALUE_ERROR. constant x assigned a value more than once.&#xa;Original definition at i0:1 at i0 line 1 : 11Warnings: &#xa;JSC_UNREACHABLE_CODE. unreachable code at i0 line 1 : 0 expected:&lt;0&gt; but was:&lt;2&gt;" type="junit.framework.AssertionFailedError">junit.framework.AssertionFailedError: Expected no warnings or errors
Errors: 
Original definition at i0:1 at i0 line 1 : 11Warnings: 
JSC_UNREACHABLE_CODE. unreachable code at i0 line 1 : 0 expected:&lt;0&gt; but was:&lt;2&gt;
	at com.google.javascript.jscomp.IntegrationTestCase.test(IntegrationTestCase.java:97)
	at com.google.javascript.jscomp.IntegrationTestCase.testSame(IntegrationTestCase.java:78)
	at com.google.javascript.jscomp.IntegrationTestCase.testSame(IntegrationTestCase.java:74)
	at com.google.javascript.jscomp.IntegrationTest.testCheckReferencesOff(IntegrationTest.java:410)
</failure>
  </testcase>
  <testcase classname="com.google.javascript.jscomp.IntegrationTest" name="testCheckReferencesOn" time="0.001" />
  <testcase classname="com.google.javascript.jscomp.IntegrationTest" name="testInferTypes" time="0.004">
    <failure message="Unexpected warnings or errors.&#xa; Warning:JSC_UNREACHABLE_CODE. unreachable code at i0 line 1 : 25&#xa;Warning:JSC_ENUM_NOT_CONSTANT. enum key a must be in ALL_CAPS at i0 line 1 : 136&#xa; expected:&lt;1&gt; but was:&lt;2&gt;" type="junit.framework.AssertionFailedError">junit.framework.AssertionFailedError: Unexpected warnings or errors.
 Warning:JSC_UNREACHABLE_CODE. unreachable code at i0 line 1 : 25
Warning:JSC_ENUM_NOT_CONSTANT. enum key a must be in ALL_CAPS at i0 line 1 : 136
 expected:&lt;1&gt; but was:&lt;2&gt;
	at com.google.javascript.jscomp.IntegrationTestCase.checkUnexpectedErrorsOrWarnings(IntegrationTestCase.java:219)
	at com.google.javascript.jscomp.IntegrationTestCase.test(IntegrationTestCase.java:137)
	at com.google.javascript.jscomp.IntegrationTestCase.test(IntegrationTestCase.java:127)
	at com.google.javascript.jscomp.IntegrationTestCase.test(IntegrationTestCase.java:116)
	at com.google.javascript.jscomp.IntegrationTest.testInferTypes(IntegrationTest.java:426)
</failure>
  </testcase>
  <testcase classname="com.google.javascript.jscomp.IntegrationTest" name="testTypeCheckAndInference" time="0.004">
    <failure message="expected:&lt;JSC_TYPE_MISMATCH: {0}&gt; but was:&lt;JSC_UNREACHABLE_CODE: unreachable code&gt;" type="junit.framework.AssertionFailedError">junit.framework.AssertionFailedError: expected:&lt;JSC_TYPE_MISMATCH: {0}&gt; but was:&lt;JSC_UNREACHABLE_CODE: unreachable code&gt;
	at com.google.javascript.jscomp.IntegrationTestCase.test(IntegrationTestCase.java:143)
	at com.google.javascript.jscomp.IntegrationTestCase.test(IntegrationTestCase.java:127)
	at com.google.javascript.jscomp.IntegrationTestCase.test(IntegrationTestCase.java:116)
	at com.google.javascript.jscomp.IntegrationTest.testTypeCheckAndInference(IntegrationTest.java:439)
</failure>
  </testcase>
  <testcase classname="com.google.javascript.jscomp.IntegrationTest" name="testTypeNameParser" time="0.003">
    <failure message="Unexpected warnings or errors.&#xa; Warning:JSC_TYPE_PARSE_ERROR. Bad type annotation. Unknown type n at i0 line 1 : 11&#xa;Warning:JSC_UNREACHABLE_CODE. unreachable code at i0 line 1 : 17&#xa; expected:&lt;1&gt; but was:&lt;2&gt;" type="junit.framework.AssertionFailedError">junit.framework.AssertionFailedError: Unexpected warnings or errors.
 Warning:JSC_TYPE_PARSE_ERROR. Bad type annotation. Unknown type n at i0 line 1 : 11
Warning:JSC_UNREACHABLE_CODE. unreachable code at i0 line 1 : 17
 expected:&lt;1&gt; but was:&lt;2&gt;
	at com.google.javascript.jscomp.IntegrationTestCase.checkUnexpectedErrorsOrWarnings(IntegrationTestCase.java:219)
	at com.google.javascript.jscomp.IntegrationTestCase.test(IntegrationTestCase.java:137)
	at com.google.javascript.jscomp.IntegrationTestCase.test(IntegrationTestCase.java:127)
	at com.google.javascript.jscomp.IntegrationTestCase.test(IntegrationTestCase.java:116)
	at com.google.javascript.jscomp.IntegrationTest.testTypeNameParser(IntegrationTest.java:447)
</failure>
  </testcase>
  <testcase classname="com.google.javascript.jscomp.IntegrationTest" name="testMemoizedTypedScopeCreator" time="0.004">
    <failure message="Expected no warnings or errors&#xa;Errors: &#xa;Warnings: &#xa;JSC_UNREACHABLE_CODE. unreachable code at i0 line 1 : 0&#xa;JSC_REFLECT_OBJECTLIT_EXPECTED. Object literal expected as second argument at i0 line 8 : 2&#xa;JSC_REFLECT_OBJECTLIT_EXPECTED. Object literal expected as second argument at i0 line 10 : 2 expected:&lt;0&gt; but was:&lt;3&gt;" type="junit.framework.AssertionFailedError">junit.framework.AssertionFailedError: Expected no warnings or errors
Errors: 
Warnings: 
JSC_UNREACHABLE_CODE. unreachable code at i0 line 1 : 0
JSC_REFLECT_OBJECTLIT_EXPECTED. Object literal expected as second argument at i0 line 8 : 2
JSC_REFLECT_OBJECTLIT_EXPECTED. Object literal expected as second argument at i0 line 10 : 2 expected:&lt;0&gt; but was:&lt;3&gt;
	at com.google.javascript.jscomp.IntegrationTestCase.test(IntegrationTestCase.java:97)
	at com.google.javascript.jscomp.IntegrationTestCase.test(IntegrationTestCase.java:87)
	at com.google.javascript.jscomp.IntegrationTest.testMemoizedTypedScopeCreator(IntegrationTest.java:460)
</failure>
  </testcase>
  <testcase classname="com.google.javascript.jscomp.IntegrationTest" name="testCheckTypes" time="0.003">
    <failure message="Unexpected warnings or errors.&#xa; Warning:JSC_UNREACHABLE_CODE. unreachable code at i0 line 1 : 0&#xa;Warning:JSC_WRONG_ARGUMENT_COUNT. Function x.f: called with 1 argument(s). Function requires at least 0 argument(s) and no more than 0 argument(s). at i0 line 1 : 38&#xa; expected:&lt;1&gt; but was:&lt;2&gt;" type="junit.framework.AssertionFailedError">junit.framework.AssertionFailedError: Unexpected warnings or errors.
 Warning:JSC_UNREACHABLE_CODE. unreachable code at i0 line 1 : 0
 expected:&lt;1&gt; but was:&lt;2&gt;
	at com.google.javascript.jscomp.IntegrationTestCase.checkUnexpectedErrorsOrWarnings(IntegrationTestCase.java:219)
	at com.google.javascript.jscomp.IntegrationTestCase.test(IntegrationTestCase.java:137)
	at com.google.javascript.jscomp.IntegrationTestCase.test(IntegrationTestCase.java:127)
	at com.google.javascript.jscomp.IntegrationTestCase.test(IntegrationTestCase.java:116)
	at com.google.javascript.jscomp.IntegrationTest.testCheckTypes(IntegrationTest.java:485)
</failure>
  </testcase>
  <testcase classname="com.google.javascript.jscomp.IntegrationTest" name="testReplaceCssNames" time="0.003">
    <failure message="Expected no warnings or errors&#xa;Errors: &#xa;Warnings: &#xa;JSC_UNREACHABLE_CODE. unreachable code at i0 line 2 : 0 expected:&lt;0&gt; but was:&lt;1&gt;" type="junit.framework.AssertionFailedError">junit.framework.AssertionFailedError: Expected no warnings or errors
Errors: 
Warnings: 
JSC_UNREACHABLE_CODE. unreachable code at i0 line 2 : 0 expected:&lt;0&gt; but was:&lt;1&gt;
	at com.google.javascript.jscomp.IntegrationTestCase.test(IntegrationTestCase.java:97)
	at com.google.javascript.jscomp.IntegrationTestCase.test(IntegrationTestCase.java:87)
	at com.google.javascript.jscomp.IntegrationTest.testReplaceCssNames(IntegrationTest.java:492)
</failure>
  </testcase>
  <testcase classname="com.google.javascript.jscomp.IntegrationTest" name="testReplaceIdGeneratorsTest" time="0.005">
    <failure message="Expected no warnings or errors&#xa;Errors: &#xa;Warnings: &#xa;JSC_UNREACHABLE_CODE. unreachable code at i0 line 1 : 28 expected:&lt;0&gt; but was:&lt;1&gt;" type="junit.framework.AssertionFailedError">junit.framework.AssertionFailedError: Expected no warnings or errors
Errors: 
Warnings: 
JSC_UNREACHABLE_CODE. unreachable code at i0 line 1 : 28 expected:&lt;0&gt; but was:&lt;1&gt;
	at com.google.javascript.jscomp.IntegrationTestCase.test(IntegrationTestCase.java:97)
	at com.google.javascript.jscomp.IntegrationTestCase.test(IntegrationTestCase.java:87)
	at com.google.javascript.jscomp.IntegrationTest.testReplaceIdGeneratorsTest(IntegrationTest.java:521)
</failure>
  </testcase>
  <testcase classname="com.google.javascript.jscomp.IntegrationTest" name="testRemoveClosureAsserts" time="0.003">
    <failure message="Expected no warnings or errors&#xa;Errors: &#xa;Warnings: &#xa;JSC_UNREACHABLE_CODE. unreachable code at i0 line 1 : 0 expected:&lt;0&gt; but was:&lt;1&gt;" type="junit.framework.AssertionFailedError">junit.framework.AssertionFailedError: Expected no warnings or errors
Errors: 
Warnings: 
JSC_UNREACHABLE_CODE. unreachable code at i0 line 1 : 0 expected:&lt;0&gt; but was:&lt;1&gt;
	at com.google.javascript.jscomp.IntegrationTestCase.test(IntegrationTestCase.java:97)
	at com.google.javascript.jscomp.IntegrationTestCase.testSame(IntegrationTestCase.java:78)
	at com.google.javascript.jscomp.IntegrationTestCase.testSame(IntegrationTestCase.java:74)
	at com.google.javascript.jscomp.IntegrationTest.testRemoveClosureAsserts(IntegrationTest.java:535)
</failure>
  </testcase>
  <testcase classname="com.google.javascript.jscomp.IntegrationTest" name="testDeprecation" time="0.002">
    <failure message="Expected no warnings or errors&#xa;Errors: &#xa;Warnings: &#xa;JSC_UNREACHABLE_CODE. unreachable code at i0 line 1 : 19 expected:&lt;0&gt; but was:&lt;1&gt;" type="junit.framework.AssertionFailedError">junit.framework.AssertionFailedError: Expected no warnings or errors
Errors: 
Warnings: 
JSC_UNREACHABLE_CODE. unreachable code at i0 line 1 : 19 expected:&lt;0&gt; but was:&lt;1&gt;
	at com.google.javascript.jscomp.IntegrationTestCase.test(IntegrationTestCase.java:97)
	at com.google.javascript.jscomp.IntegrationTestCase.testSame(IntegrationTestCase.java:78)
	at com.google.javascript.jscomp.IntegrationTestCase.testSame(IntegrationTestCase.java:74)
	at com.google.javascript.jscomp.IntegrationTest.testDeprecation(IntegrationTest.java:550)
</failure>
  </testcase>
  <testcase classname="com.google.javascript.jscomp.IntegrationTest" name="testVisibility" time="0.002">
    <failure message="Expected no warnings or errors&#xa;Errors: &#xa;Warnings: &#xa;JSC_UNREACHABLE_CODE. unreachable code at i0 line 1 : 16&#xa;JSC_UNREACHABLE_CODE. unreachable code at i1 line 1 : 13 expected:&lt;0&gt; but was:&lt;2&gt;" type="junit.framework.AssertionFailedError">junit.framework.AssertionFailedError: Expected no warnings or errors
Errors: 
Warnings: 
JSC_UNREACHABLE_CODE. unreachable code at i0 line 1 : 16
JSC_UNREACHABLE_CODE. unreachable code at i1 line 1 : 13 expected:&lt;0&gt; but was:&lt;2&gt;
	at com.google.javascript.jscomp.IntegrationTestCase.test(IntegrationTestCase.java:97)
	at com.google.javascript.jscomp.IntegrationTestCase.testSame(IntegrationTestCase.java:78)
	at com.google.javascript.jscomp.IntegrationTest.testVisibility(IntegrationTest.java:566)
</failure>
  </testcase>
  <testcase classname="com.google.javascript.jscomp.IntegrationTest" name="testUnreachableCode" time="0.008" />
  <testcase classname="com.google.javascript.jscomp.IntegrationTest" name="testIdGenerators" time="0.002">
    <failure message="Expected no warnings or errors&#xa;Errors: &#xa;Warnings: &#xa;JSC_UNREACHABLE_CODE. unreachable code at i0 line 1 : 0 expected:&lt;0&gt; but was:&lt;1&gt;" type="junit.framework.AssertionFailedError">junit.framework.AssertionFailedError: Expected no warnings or errors
Errors: 
Warnings: 
JSC_UNREACHABLE_CODE. unreachable code at i0 line 1 : 0 expected:&lt;0&gt; but was:&lt;1&gt;
	at com.google.javascript.jscomp.IntegrationTestCase.test(IntegrationTestCase.java:97)
	at com.google.javascript.jscomp.IntegrationTestCase.testSame(IntegrationTestCase.java:78)
	at com.google.javascript.jscomp.IntegrationTestCase.testSame(IntegrationTestCase.java:74)
	at com.google.javascript.jscomp.IntegrationTest.testIdGenerators(IntegrationTest.java:604)
</failure>
  </testcase>
  <testcase classname="com.google.javascript.jscomp.IntegrationTest" name="testOptimizeArgumentsArray" time="0.001">
    <failure message="Expected no warnings or errors&#xa;Errors: &#xa;Warnings: &#xa;JSC_UNREACHABLE_CODE. unreachable code at i0 line 1 : 0 expected:&lt;0&gt; but was:&lt;1&gt;" type="junit.framework.AssertionFailedError">junit.framework.AssertionFailedError: Expected no warnings or errors
Errors: 
Warnings: 
JSC_UNREACHABLE_CODE. unreachable code at i0 line 1 : 0 expected:&lt;0&gt; but was:&lt;1&gt;
	at com.google.javascript.jscomp.IntegrationTestCase.test(IntegrationTestCase.java:97)
	at com.google.javascript.jscomp.IntegrationTestCase.testSame(IntegrationTestCase.java:78)
	at com.google.javascript.jscomp.IntegrationTestCase.testSame(IntegrationTestCase.java:74)
	at com.google.javascript.jscomp.IntegrationTest.testOptimizeArgumentsArray(IntegrationTest.java:614)
</failure>
  </testcase>
  <testcase classname="com.google.javascript.jscomp.IntegrationTest" name="testOptimizeParameters" time="0.002">
    <failure message="Expected no warnings or errors&#xa;Errors: &#xa;Warnings: &#xa;JSC_UNREACHABLE_CODE. unreachable code at i0 line 1 : 0 expected:&lt;0&gt; but was:&lt;1&gt;" type="junit.framework.AssertionFailedError">junit.framework.AssertionFailedError: Expected no warnings or errors
Errors: 
Warnings: 
JSC_UNREACHABLE_CODE. unreachable code at i0 line 1 : 0 expected:&lt;0&gt; but was:&lt;1&gt;
	at com.google.javascript.jscomp.IntegrationTestCase.test(IntegrationTestCase.java:97)
	at com.google.javascript.jscomp.IntegrationTestCase.testSame(IntegrationTestCase.java:78)
	at com.google.javascript.jscomp.IntegrationTestCase.testSame(IntegrationTestCase.java:74)
	at com.google.javascript.jscomp.IntegrationTest.testOptimizeParameters(IntegrationTest.java:626)
</failure>
  </testcase>
  <testcase classname="com.google.javascript.jscomp.IntegrationTest" name="testOptimizeReturns" time="0.001">
    <failure message="Expected no warnings or errors&#xa;Errors: &#xa;Warnings: &#xa;JSC_UNREACHABLE_CODE. unreachable code at i0 line 1 : 0 expected:&lt;0&gt; but was:&lt;1&gt;" type="junit.framework.AssertionFailedError">junit.framework.AssertionFailedError: Expected no warnings or errors
Errors: 
Warnings: 
JSC_UNREACHABLE_CODE. unreachable code at i0 line 1 : 0 expected:&lt;0&gt; but was:&lt;1&gt;
	at com.google.javascript.jscomp.IntegrationTestCase.test(IntegrationTestCase.java:97)
	at com.google.javascript.jscomp.IntegrationTestCase.testSame(IntegrationTestCase.java:78)
	at com.google.javascript.jscomp.IntegrationTestCase.testSame(IntegrationTestCase.java:74)
	at com.google.javascript.jscomp.IntegrationTest.testOptimizeReturns(IntegrationTest.java:636)
</failure>
  </testcase>
  <testcase classname="com.google.javascript.jscomp.IntegrationTest" name="testRemoveAbstractMethods" time="0.002">
    <failure message="Expected no warnings or errors&#xa;Errors: &#xa;Warnings: &#xa;JSC_UNREACHABLE_CODE. unreachable code at i0 line 1 : 25 expected:&lt;0&gt; but was:&lt;1&gt;" type="junit.framework.AssertionFailedError">junit.framework.AssertionFailedError: Expected no warnings or errors
Errors: 
Warnings: 
JSC_UNREACHABLE_CODE. unreachable code at i0 line 1 : 25 expected:&lt;0&gt; but was:&lt;1&gt;
	at com.google.javascript.jscomp.IntegrationTestCase.test(IntegrationTestCase.java:97)
	at com.google.javascript.jscomp.IntegrationTestCase.testSame(IntegrationTestCase.java:78)
	at com.google.javascript.jscomp.IntegrationTestCase.testSame(IntegrationTestCase.java:74)
	at com.google.javascript.jscomp.IntegrationTest.testRemoveAbstractMethods(IntegrationTest.java:647)
</failure>
  </testcase>
  <testcase classname="com.google.javascript.jscomp.IntegrationTest" name="testGoogDefine1" time="0.004">
    <failure message="Expected no warnings or errors&#xa;Errors: &#xa;Warnings: &#xa;JSC_UNREACHABLE_CODE. unreachable code at i0 line 1 : 25 expected:&lt;0&gt; but was:&lt;1&gt;" type="junit.framework.AssertionFailedError">junit.framework.AssertionFailedError: Expected no warnings or errors
Errors: 
Warnings: 
JSC_UNREACHABLE_CODE. unreachable code at i0 line 1 : 25 expected:&lt;0&gt; but was:&lt;1&gt;
	at com.google.javascript.jscomp.IntegrationTestCase.test(IntegrationTestCase.java:97)
	at com.google.javascript.jscomp.IntegrationTestCase.test(IntegrationTestCase.java:87)
	at com.google.javascript.jscomp.IntegrationTest.testGoogDefine1(IntegrationTest.java:664)
</failure>
  </testcase>
  <testcase classname="com.google.javascript.jscomp.IntegrationTest" name="testGoogDefine2" time="0.007">
    <failure message="Expected no warnings or errors&#xa;Errors: &#xa;Warnings: &#xa;JSC_UNREACHABLE_CODE. unreachable code at i0 line 1 : 25 expected:&lt;0&gt; but was:&lt;1&gt;" type="junit.framework.AssertionFailedError">junit.framework.AssertionFailedError: Expected no warnings or errors
Errors: 
Warnings: 
JSC_UNREACHABLE_CODE. unreachable code at i0 line 1 : 25 expected:&lt;0&gt; but was:&lt;1&gt;
	at com.google.javascript.jscomp.IntegrationTestCase.test(IntegrationTestCase.java:97)
	at com.google.javascript.jscomp.IntegrationTestCase.test(IntegrationTestCase.java:87)
	at com.google.javascript.jscomp.IntegrationTest.testGoogDefine2(IntegrationTest.java:677)
</failure>
  </testcase>
  <testcase classname="com.google.javascript.jscomp.IntegrationTest" name="testCollapseProperties1" time="0.002">
    <failure message="Expected no warnings or errors&#xa;Errors: &#xa;Warnings: &#xa;JSC_UNREACHABLE_CODE. unreachable code at i0 line 1 : 0 expected:&lt;0&gt; but was:&lt;1&gt;" type="junit.framework.AssertionFailedError">junit.framework.AssertionFailedError: Expected no warnings or errors
Errors: 
Warnings: 
JSC_UNREACHABLE_CODE. unreachable code at i0 line 1 : 0 expected:&lt;0&gt; but was:&lt;1&gt;
	at com.google.javascript.jscomp.IntegrationTestCase.test(IntegrationTestCase.java:97)
	at com.google.javascript.jscomp.IntegrationTestCase.testSame(IntegrationTestCase.java:78)
	at com.google.javascript.jscomp.IntegrationTestCase.testSame(IntegrationTestCase.java:74)
	at com.google.javascript.jscomp.IntegrationTest.testCollapseProperties1(IntegrationTest.java:685)
</failure>
  </testcase>
  <testcase classname="com.google.javascript.jscomp.IntegrationTest" name="testCollapseProperties2" time="0.003">
    <failure message="Expected no warnings or errors&#xa;Errors: &#xa;Warnings: &#xa;JSC_UNREACHABLE_CODE. unreachable code at i0 line 1 : 0 expected:&lt;0&gt; but was:&lt;1&gt;" type="junit.framework.AssertionFailedError">junit.framework.AssertionFailedError: Expected no warnings or errors
Errors: 
Warnings: 
JSC_UNREACHABLE_CODE. unreachable code at i0 line 1 : 0 expected:&lt;0&gt; but was:&lt;1&gt;
	at com.google.javascript.jscomp.IntegrationTestCase.test(IntegrationTestCase.java:97)
	at com.google.javascript.jscomp.IntegrationTestCase.testSame(IntegrationTestCase.java:78)
	at com.google.javascript.jscomp.IntegrationTestCase.testSame(IntegrationTestCase.java:74)
	at com.google.javascript.jscomp.IntegrationTest.testCollapseProperties2(IntegrationTest.java:696)
</failure>
  </testcase>
  <testcase classname="com.google.javascript.jscomp.IntegrationTest" name="testCollapseObjectLiteral1" time="0.002">
    <failure message="Expected no warnings or errors&#xa;Errors: &#xa;Warnings: &#xa;JSC_UNREACHABLE_CODE. unreachable code at i0 line 1 : 0 expected:&lt;0&gt; but was:&lt;1&gt;" type="junit.framework.AssertionFailedError">junit.framework.AssertionFailedError: Expected no warnings or errors
Errors: 
Warnings: 
JSC_UNREACHABLE_CODE. unreachable code at i0 line 1 : 0 expected:&lt;0&gt; but was:&lt;1&gt;
	at com.google.javascript.jscomp.IntegrationTestCase.test(IntegrationTestCase.java:97)
	at com.google.javascript.jscomp.IntegrationTestCase.testSame(IntegrationTestCase.java:78)
	at com.google.javascript.jscomp.IntegrationTestCase.testSame(IntegrationTestCase.java:74)
	at com.google.javascript.jscomp.IntegrationTest.testCollapseObjectLiteral1(IntegrationTest.java:708)
</failure>
  </testcase>
  <testcase classname="com.google.javascript.jscomp.IntegrationTest" name="testCollapseObjectLiteral2" time="0.002">
    <failure message="Expected no warnings or errors&#xa;Errors: &#xa;Warnings: &#xa;JSC_UNREACHABLE_CODE. unreachable code at i0 line 1 : 0 expected:&lt;0&gt; but was:&lt;1&gt;" type="junit.framework.AssertionFailedError">junit.framework.AssertionFailedError: Expected no warnings or errors
Errors: 
Warnings: 
JSC_UNREACHABLE_CODE. unreachable code at i0 line 1 : 0 expected:&lt;0&gt; but was:&lt;1&gt;
	at com.google.javascript.jscomp.IntegrationTestCase.test(IntegrationTestCase.java:97)
	at com.google.javascript.jscomp.IntegrationTestCase.testSame(IntegrationTestCase.java:78)
	at com.google.javascript.jscomp.IntegrationTestCase.testSame(IntegrationTestCase.java:74)
	at com.google.javascript.jscomp.IntegrationTest.testCollapseObjectLiteral2(IntegrationTest.java:719)
</failure>
  </testcase>
  <testcase classname="com.google.javascript.jscomp.IntegrationTest" name="testDisambiguateProperties" time="0.002">
    <failure message="Expected no warnings or errors&#xa;Errors: &#xa;Warnings: &#xa;JSC_UNREACHABLE_CODE. unreachable code at i0 line 1 : 20 expected:&lt;0&gt; but was:&lt;1&gt;" type="junit.framework.AssertionFailedError">junit.framework.AssertionFailedError: Expected no warnings or errors
Errors: 
Warnings: 
JSC_UNREACHABLE_CODE. unreachable code at i0 line 1 : 20 expected:&lt;0&gt; but was:&lt;1&gt;
	at com.google.javascript.jscomp.IntegrationTestCase.test(IntegrationTestCase.java:97)
	at com.google.javascript.jscomp.IntegrationTestCase.testSame(IntegrationTestCase.java:78)
	at com.google.javascript.jscomp.IntegrationTestCase.testSame(IntegrationTestCase.java:74)
	at com.google.javascript.jscomp.IntegrationTest.testDisambiguateProperties(IntegrationTest.java:736)
</failure>
  </testcase>
  <testcase classname="com.google.javascript.jscomp.IntegrationTest" name="testMarkPureCalls" time="0.002">
    <failure message="Expected no warnings or errors&#xa;Errors: &#xa;Warnings: &#xa;JSC_UNREACHABLE_CODE. unreachable code at i0 line 1 : 0 expected:&lt;0&gt; but was:&lt;1&gt;" type="junit.framework.AssertionFailedError">junit.framework.AssertionFailedError: Expected no warnings or errors
Errors: 
Warnings: 
JSC_UNREACHABLE_CODE. unreachable code at i0 line 1 : 0 expected:&lt;0&gt; but was:&lt;1&gt;
	at com.google.javascript.jscomp.IntegrationTestCase.test(IntegrationTestCase.java:97)
	at com.google.javascript.jscomp.IntegrationTestCase.testSame(IntegrationTestCase.java:78)
	at com.google.javascript.jscomp.IntegrationTestCase.testSame(IntegrationTestCase.java:74)
	at com.google.javascript.jscomp.IntegrationTest.testMarkPureCalls(IntegrationTest.java:750)
</failure>
  </testcase>
  <testcase classname="com.google.javascript.jscomp.IntegrationTest" name="testMarkNoSideEffects" time="0.002">
    <failure message="Expected no warnings or errors&#xa;Errors: &#xa;Warnings: &#xa;JSC_UNREACHABLE_CODE. unreachable code at i0 line 1 : 0 expected:&lt;0&gt; but was:&lt;1&gt;" type="junit.framework.AssertionFailedError">junit.framework.AssertionFailedError: Expected no warnings or errors
Errors: 
Warnings: 
JSC_UNREACHABLE_CODE. unreachable code at i0 line 1 : 0 expected:&lt;0&gt; but was:&lt;1&gt;
	at com.google.javascript.jscomp.IntegrationTestCase.test(IntegrationTestCase.java:97)
	at com.google.javascript.jscomp.IntegrationTestCase.testSame(IntegrationTestCase.java:78)
	at com.google.javascript.jscomp.IntegrationTestCase.testSame(IntegrationTestCase.java:74)
	at com.google.javascript.jscomp.IntegrationTest.testMarkNoSideEffects(IntegrationTest.java:761)
</failure>
  </testcase>
  <testcase classname="com.google.javascript.jscomp.IntegrationTest" name="testChainedCalls" time="0.003">
    <failure message="Expected no warnings or errors&#xa;Errors: &#xa;Warnings: &#xa;JSC_UNREACHABLE_CODE. unreachable code at i0 line 1 : 20 expected:&lt;0&gt; but was:&lt;1&gt;" type="junit.framework.AssertionFailedError">junit.framework.AssertionFailedError: Expected no warnings or errors
Errors: 
Warnings: 
JSC_UNREACHABLE_CODE. unreachable code at i0 line 1 : 20 expected:&lt;0&gt; but was:&lt;1&gt;
	at com.google.javascript.jscomp.IntegrationTestCase.test(IntegrationTestCase.java:97)
	at com.google.javascript.jscomp.IntegrationTestCase.test(IntegrationTestCase.java:87)
	at com.google.javascript.jscomp.IntegrationTest.testChainedCalls(IntegrationTest.java:770)
</failure>
  </testcase>
  <testcase classname="com.google.javascript.jscomp.IntegrationTest" name="testExtraAnnotationNames" time="0.002">
    <failure message="Expected no warnings or errors&#xa;Errors: &#xa;Warnings: &#xa;JSC_UNREACHABLE_CODE. unreachable code at i0 line 1 : 13 expected:&lt;0&gt; but was:&lt;1&gt;" type="junit.framework.AssertionFailedError">junit.framework.AssertionFailedError: Expected no warnings or errors
Errors: 
Warnings: 
JSC_UNREACHABLE_CODE. unreachable code at i0 line 1 : 13 expected:&lt;0&gt; but was:&lt;1&gt;
	at com.google.javascript.jscomp.IntegrationTestCase.test(IntegrationTestCase.java:97)
	at com.google.javascript.jscomp.IntegrationTestCase.test(IntegrationTestCase.java:87)
	at com.google.javascript.jscomp.IntegrationTest.testExtraAnnotationNames(IntegrationTest.java:786)
</failure>
  </testcase>
  <testcase classname="com.google.javascript.jscomp.IntegrationTest" name="testDevirtualizePrototypeMethods" time="0.002">
    <failure message="Expected no warnings or errors&#xa;Errors: &#xa;Warnings: &#xa;JSC_UNREACHABLE_CODE. unreachable code at i0 line 1 : 20 expected:&lt;0&gt; but was:&lt;1&gt;" type="junit.framework.AssertionFailedError">junit.framework.AssertionFailedError: Expected no warnings or errors
Errors: 
Warnings: 
JSC_UNREACHABLE_CODE. unreachable code at i0 line 1 : 20 expected:&lt;0&gt; but was:&lt;1&gt;
	at com.google.javascript.jscomp.IntegrationTestCase.test(IntegrationTestCase.java:97)
	at com.google.javascript.jscomp.IntegrationTestCase.test(IntegrationTestCase.java:87)
	at com.google.javascript.jscomp.IntegrationTest.testDevirtualizePrototypeMethods(IntegrationTest.java:795)
</failure>
  </testcase>
  <testcase classname="com.google.javascript.jscomp.IntegrationTest" name="testCheckConsts" time="0.001">
    <failure message="Unexpected warnings or errors.&#xa; Error:JSC_CONSTANT_REASSIGNED_VALUE_ERROR. constant FOO assigned a value more than once.&#xa;Original definition at i0:1 at i0 line 1 : 16&#xa;Warning:JSC_UNREACHABLE_CODE. unreachable code at i0 line 1 : 0&#xa; expected:&lt;1&gt; but was:&lt;2&gt;" type="junit.framework.AssertionFailedError">junit.framework.AssertionFailedError: Unexpected warnings or errors.
Original definition at i0:1 at i0 line 1 : 16
Warning:JSC_UNREACHABLE_CODE. unreachable code at i0 line 1 : 0
 expected:&lt;1&gt; but was:&lt;2&gt;
	at com.google.javascript.jscomp.IntegrationTestCase.checkUnexpectedErrorsOrWarnings(IntegrationTestCase.java:219)
	at com.google.javascript.jscomp.IntegrationTestCase.test(IntegrationTestCase.java:137)
	at com.google.javascript.jscomp.IntegrationTestCase.test(IntegrationTestCase.java:127)
	at com.google.javascript.jscomp.IntegrationTestCase.test(IntegrationTestCase.java:116)
	at com.google.javascript.jscomp.IntegrationTest.testCheckConsts(IntegrationTest.java:809)
</failure>
  </testcase>
  <testcase classname="com.google.javascript.jscomp.IntegrationTest" name="testAllChecksOn" time="0.007">
    <failure message="Expected no warnings or errors&#xa;Errors: &#xa;Warnings: &#xa;JSC_UNREACHABLE_CODE. unreachable code at i0 line 1 : 25 expected:&lt;0&gt; but was:&lt;1&gt;" type="junit.framework.AssertionFailedError">junit.framework.AssertionFailedError: Expected no warnings or errors
Errors: 
Warnings: 
JSC_UNREACHABLE_CODE. unreachable code at i0 line 1 : 25 expected:&lt;0&gt; but was:&lt;1&gt;
	at com.google.javascript.jscomp.IntegrationTestCase.test(IntegrationTestCase.java:97)
	at com.google.javascript.jscomp.IntegrationTestCase.test(IntegrationTestCase.java:87)
	at com.google.javascript.jscomp.IntegrationTest.testAllChecksOn(IntegrationTest.java:827)
</failure>
  </testcase>
  <testcase classname="com.google.javascript.jscomp.IntegrationTest" name="testTypeCheckingWithSyntheticBlocks" time="0.004">
    <failure message="Expected no warnings or errors&#xa;Errors: &#xa;Warnings: &#xa;JSC_UNREACHABLE_CODE. unreachable code at i0 line 1 : 25 expected:&lt;0&gt; but was:&lt;1&gt;" type="junit.framework.AssertionFailedError">junit.framework.AssertionFailedError: Expected no warnings or errors
Errors: 
Warnings: 
JSC_UNREACHABLE_CODE. unreachable code at i0 line 1 : 25 expected:&lt;0&gt; but was:&lt;1&gt;
	at com.google.javascript.jscomp.IntegrationTestCase.test(IntegrationTestCase.java:97)
	at com.google.javascript.jscomp.IntegrationTestCase.testSame(IntegrationTestCase.java:78)
	at com.google.javascript.jscomp.IntegrationTestCase.testSame(IntegrationTestCase.java:74)
	at com.google.javascript.jscomp.IntegrationTest.testTypeCheckingWithSyntheticBlocks(IntegrationTest.java:839)
</failure>
  </testcase>
  <testcase classname="com.google.javascript.jscomp.IntegrationTest" name="testCompilerDoesNotBlowUpIfUndefinedSymbols" time="0.003">
    <failure message="Expected no warnings or errors&#xa;Errors: &#xa;Warnings: &#xa;JSC_UNREACHABLE_CODE. unreachable code at i0 line 1 : 0 expected:&lt;0&gt; but was:&lt;1&gt;" type="junit.framework.AssertionFailedError">junit.framework.AssertionFailedError: Expected no warnings or errors
Errors: 
Warnings: 
JSC_UNREACHABLE_CODE. unreachable code at i0 line 1 : 0 expected:&lt;0&gt; but was:&lt;1&gt;
	at com.google.javascript.jscomp.IntegrationTestCase.test(IntegrationTestCase.java:97)
	at com.google.javascript.jscomp.IntegrationTestCase.testSame(IntegrationTestCase.java:78)
	at com.google.javascript.jscomp.IntegrationTestCase.testSame(IntegrationTestCase.java:74)
	at com.google.javascript.jscomp.IntegrationTest.testCompilerDoesNotBlowUpIfUndefinedSymbols(IntegrationTest.java:860)
</failure>
  </testcase>
  <testcase classname="com.google.javascript.jscomp.IntegrationTest" name="testConstantTagsMustAlwaysBeRemoved" time="0.002">
    <failure message="Expected no warnings or errors&#xa;Errors: &#xa;Warnings: &#xa;JSC_UNREACHABLE_CODE. unreachable code at i0 line 1 : 0 expected:&lt;0&gt; but was:&lt;1&gt;" type="junit.framework.AssertionFailedError">junit.framework.AssertionFailedError: Expected no warnings or errors
Errors: 
Warnings: 
JSC_UNREACHABLE_CODE. unreachable code at i0 line 1 : 0 expected:&lt;0&gt; but was:&lt;1&gt;
	at com.google.javascript.jscomp.IntegrationTestCase.test(IntegrationTestCase.java:97)
	at com.google.javascript.jscomp.IntegrationTestCase.test(IntegrationTestCase.java:87)
	at com.google.javascript.jscomp.IntegrationTest.testConstantTagsMustAlwaysBeRemoved(IntegrationTest.java:879)
</failure>
  </testcase>
  <testcase classname="com.google.javascript.jscomp.IntegrationTest" name="testClosurePassPreservesJsDoc" time="0.007">
    <failure message="Expected no warnings or errors&#xa;Errors: &#xa;Warnings: &#xa;JSC_UNREACHABLE_CODE. unreachable code at i0 line 1 : 25 expected:&lt;0&gt; but was:&lt;1&gt;" type="junit.framework.AssertionFailedError">junit.framework.AssertionFailedError: Expected no warnings or errors
Errors: 
Warnings: 
JSC_UNREACHABLE_CODE. unreachable code at i0 line 1 : 25 expected:&lt;0&gt; but was:&lt;1&gt;
	at com.google.javascript.jscomp.IntegrationTestCase.test(IntegrationTestCase.java:97)
	at com.google.javascript.jscomp.IntegrationTestCase.test(IntegrationTestCase.java:87)
	at com.google.javascript.jscomp.IntegrationTest.testClosurePassPreservesJsDoc(IntegrationTest.java:887)
</failure>
  </testcase>
  <testcase classname="com.google.javascript.jscomp.IntegrationTest" name="testProvidedNamespaceIsConst" time="0.003">
    <failure message="Unexpected warnings or errors.&#xa; Error:JSC_CONSTANT_REASSIGNED_VALUE_ERROR. constant foo assigned a value more than once.&#xa;Original definition at i0:1 at i0 line 1 : 51&#xa;Warning:JSC_UNREACHABLE_CODE. unreachable code at i0 line 1 : 0&#xa; expected:&lt;1&gt; but was:&lt;2&gt;" type="junit.framework.AssertionFailedError">junit.framework.AssertionFailedError: Unexpected warnings or errors.
Original definition at i0:1 at i0 line 1 : 51
Warning:JSC_UNREACHABLE_CODE. unreachable code at i0 line 1 : 0
 expected:&lt;1&gt; but was:&lt;2&gt;
	at com.google.javascript.jscomp.IntegrationTestCase.checkUnexpectedErrorsOrWarnings(IntegrationTestCase.java:219)
	at com.google.javascript.jscomp.IntegrationTestCase.test(IntegrationTestCase.java:137)
	at com.google.javascript.jscomp.IntegrationTestCase.test(IntegrationTestCase.java:121)
	at com.google.javascript.jscomp.IntegrationTest.testProvidedNamespaceIsConst(IntegrationTest.java:904)
</failure>
  </testcase>
  <testcase classname="com.google.javascript.jscomp.IntegrationTest" name="testProvidedNamespaceIsConst2" time="0.002">
    <failure message="Unexpected warnings or errors.&#xa; Error:JSC_CONSTANT_REASSIGNED_VALUE_ERROR. constant foo$bar assigned a value more than once.&#xa;Original definition at i0:1 at i0 line 1 : 55&#xa;Warning:JSC_UNREACHABLE_CODE. unreachable code at i0 line 1 : 0&#xa; expected:&lt;1&gt; but was:&lt;2&gt;" type="junit.framework.AssertionFailedError">junit.framework.AssertionFailedError: Unexpected warnings or errors.
Original definition at i0:1 at i0 line 1 : 55
Warning:JSC_UNREACHABLE_CODE. unreachable code at i0 line 1 : 0
 expected:&lt;1&gt; but was:&lt;2&gt;
	at com.google.javascript.jscomp.IntegrationTestCase.checkUnexpectedErrorsOrWarnings(IntegrationTestCase.java:219)
	at com.google.javascript.jscomp.IntegrationTestCase.test(IntegrationTestCase.java:137)
	at com.google.javascript.jscomp.IntegrationTestCase.test(IntegrationTestCase.java:121)
	at com.google.javascript.jscomp.IntegrationTest.testProvidedNamespaceIsConst2(IntegrationTest.java:915)
</failure>
  </testcase>
  <testcase classname="com.google.javascript.jscomp.IntegrationTest" name="testProvidedNamespaceIsConst3" time="0.003">
    <failure message="Expected no warnings or errors&#xa;Errors: &#xa;Warnings: &#xa;JSC_UNREACHABLE_CODE. unreachable code at i0 line 1 : 0 expected:&lt;0&gt; but was:&lt;1&gt;" type="junit.framework.AssertionFailedError">junit.framework.AssertionFailedError: Expected no warnings or errors
Errors: 
Warnings: 
JSC_UNREACHABLE_CODE. unreachable code at i0 line 1 : 0 expected:&lt;0&gt; but was:&lt;1&gt;
	at com.google.javascript.jscomp.IntegrationTestCase.test(IntegrationTestCase.java:97)
	at com.google.javascript.jscomp.IntegrationTestCase.test(IntegrationTestCase.java:87)
	at com.google.javascript.jscomp.IntegrationTest.testProvidedNamespaceIsConst3(IntegrationTest.java:929)
</failure>
  </testcase>
  <testcase classname="com.google.javascript.jscomp.IntegrationTest" name="testProvidedNamespaceIsConst4" time="0.002">
    <failure message="Expected no warnings or errors&#xa;Errors: &#xa;Warnings: &#xa;JSC_UNREACHABLE_CODE. unreachable code at i0 line 1 : 0 expected:&lt;0&gt; but was:&lt;1&gt;" type="junit.framework.AssertionFailedError">junit.framework.AssertionFailedError: Expected no warnings or errors
Errors: 
Warnings: 
JSC_UNREACHABLE_CODE. unreachable code at i0 line 1 : 0 expected:&lt;0&gt; but was:&lt;1&gt;
	at com.google.javascript.jscomp.IntegrationTestCase.test(IntegrationTestCase.java:97)
	at com.google.javascript.jscomp.IntegrationTestCase.test(IntegrationTestCase.java:87)
	at com.google.javascript.jscomp.IntegrationTest.testProvidedNamespaceIsConst4(IntegrationTest.java:944)
</failure>
  </testcase>
  <testcase classname="com.google.javascript.jscomp.IntegrationTest" name="testProvidedNamespaceIsConst5" time="0.003">
    <failure message="Expected no warnings or errors&#xa;Errors: &#xa;Warnings: &#xa;JSC_UNREACHABLE_CODE. unreachable code at i0 line 1 : 0 expected:&lt;0&gt; but was:&lt;1&gt;" type="junit.framework.AssertionFailedError">junit.framework.AssertionFailedError: Expected no warnings or errors
Errors: 
Warnings: 
JSC_UNREACHABLE_CODE. unreachable code at i0 line 1 : 0 expected:&lt;0&gt; but was:&lt;1&gt;
	at com.google.javascript.jscomp.IntegrationTestCase.test(IntegrationTestCase.java:97)
	at com.google.javascript.jscomp.IntegrationTestCase.test(IntegrationTestCase.java:87)
	at com.google.javascript.jscomp.IntegrationTest.testProvidedNamespaceIsConst5(IntegrationTest.java:956)
</failure>
  </testcase>
  <testcase classname="com.google.javascript.jscomp.IntegrationTest" name="testProcessDefinesAlwaysOn" time="0.001">
    <failure message="Expected no warnings or errors&#xa;Errors: &#xa;Warnings: &#xa;JSC_UNREACHABLE_CODE. unreachable code at i0 line 1 : 25 expected:&lt;0&gt; but was:&lt;1&gt;" type="junit.framework.AssertionFailedError">junit.framework.AssertionFailedError: Expected no warnings or errors
Errors: 
Warnings: 
JSC_UNREACHABLE_CODE. unreachable code at i0 line 1 : 25 expected:&lt;0&gt; but was:&lt;1&gt;
	at com.google.javascript.jscomp.IntegrationTestCase.test(IntegrationTestCase.java:97)
	at com.google.javascript.jscomp.IntegrationTestCase.test(IntegrationTestCase.java:87)
	at com.google.javascript.jscomp.IntegrationTest.testProcessDefinesAlwaysOn(IntegrationTest.java:964)
</failure>
  </testcase>
  <testcase classname="com.google.javascript.jscomp.IntegrationTest" name="testProcessDefinesAdditionalReplacements" time="0.001">
    <failure message="Expected no warnings or errors&#xa;Errors: &#xa;Warnings: &#xa;JSC_UNREACHABLE_CODE. unreachable code at i0 line 1 : 25 expected:&lt;0&gt; but was:&lt;1&gt;" type="junit.framework.AssertionFailedError">junit.framework.AssertionFailedError: Expected no warnings or errors
Errors: 
Warnings: 
JSC_UNREACHABLE_CODE. unreachable code at i0 line 1 : 25 expected:&lt;0&gt; but was:&lt;1&gt;
	at com.google.javascript.jscomp.IntegrationTestCase.test(IntegrationTestCase.java:97)
	at com.google.javascript.jscomp.IntegrationTestCase.test(IntegrationTestCase.java:87)
	at com.google.javascript.jscomp.IntegrationTest.testProcessDefinesAdditionalReplacements(IntegrationTest.java:972)
</failure>
  </testcase>
  <testcase classname="com.google.javascript.jscomp.IntegrationTest" name="testReplaceMessages" time="0.001">
    <failure message="Expected no warnings or errors&#xa;Errors: &#xa;Warnings: &#xa;JSC_UNREACHABLE_CODE. unreachable code at i0 line 1 : 0 expected:&lt;0&gt; but was:&lt;1&gt;" type="junit.framework.AssertionFailedError">junit.framework.AssertionFailedError: Expected no warnings or errors
Errors: 
Warnings: 
JSC_UNREACHABLE_CODE. unreachable code at i0 line 1 : 0 expected:&lt;0&gt; but was:&lt;1&gt;
	at com.google.javascript.jscomp.IntegrationTestCase.test(IntegrationTestCase.java:97)
	at com.google.javascript.jscomp.IntegrationTestCase.testSame(IntegrationTestCase.java:78)
	at com.google.javascript.jscomp.IntegrationTestCase.testSame(IntegrationTestCase.java:74)
	at com.google.javascript.jscomp.IntegrationTest.testReplaceMessages(IntegrationTest.java:980)
</failure>
  </testcase>
  <testcase classname="com.google.javascript.jscomp.IntegrationTest" name="testCheckGlobalNames" time="0.001">
    <failure message="Unexpected warnings or errors.&#xa; Error:JSC_UNDEFINED_NAME. x.z is never defined at i0 line 1 : 20&#xa;Warning:JSC_UNREACHABLE_CODE. unreachable code at i0 line 1 : 0&#xa; expected:&lt;1&gt; but was:&lt;2&gt;" type="junit.framework.AssertionFailedError">junit.framework.AssertionFailedError: Unexpected warnings or errors.
 Error:JSC_UNDEFINED_NAME. x.z is never defined at i0 line 1 : 20
Warning:JSC_UNREACHABLE_CODE. unreachable code at i0 line 1 : 0
 expected:&lt;1&gt; but was:&lt;2&gt;
	at com.google.javascript.jscomp.IntegrationTestCase.checkUnexpectedErrorsOrWarnings(IntegrationTestCase.java:219)
	at com.google.javascript.jscomp.IntegrationTestCase.test(IntegrationTestCase.java:137)
	at com.google.javascript.jscomp.IntegrationTestCase.test(IntegrationTestCase.java:127)
	at com.google.javascript.jscomp.IntegrationTestCase.test(IntegrationTestCase.java:116)
	at com.google.javascript.jscomp.IntegrationTest.testCheckGlobalNames(IntegrationTest.java:990)
</failure>
  </testcase>
  <testcase classname="com.google.javascript.jscomp.IntegrationTest" name="testInlineGetters" time="0.001">
    <failure message="Expected no warnings or errors&#xa;Errors: &#xa;Warnings: &#xa;JSC_UNREACHABLE_CODE. unreachable code at i0 line 1 : 0 expected:&lt;0&gt; but was:&lt;1&gt;" type="junit.framework.AssertionFailedError">junit.framework.AssertionFailedError: Expected no warnings or errors
Errors: 
Warnings: 
JSC_UNREACHABLE_CODE. unreachable code at i0 line 1 : 0 expected:&lt;0&gt; but was:&lt;1&gt;
	at com.google.javascript.jscomp.IntegrationTestCase.test(IntegrationTestCase.java:97)
	at com.google.javascript.jscomp.IntegrationTestCase.testSame(IntegrationTestCase.java:78)
	at com.google.javascript.jscomp.IntegrationTestCase.testSame(IntegrationTestCase.java:74)
	at com.google.javascript.jscomp.IntegrationTest.testInlineGetters(IntegrationTest.java:999)
</failure>
  </testcase>
  <testcase classname="com.google.javascript.jscomp.IntegrationTest" name="testInlineGettersWithAmbiguate" time="0.001">
    <failure message="Expected no warnings or errors&#xa;Errors: &#xa;Warnings: &#xa;JSC_UNREACHABLE_CODE. unreachable code at i0 line 1 : 19 expected:&lt;0&gt; but was:&lt;1&gt;" type="junit.framework.AssertionFailedError">junit.framework.AssertionFailedError: Expected no warnings or errors
Errors: 
Warnings: 
JSC_UNREACHABLE_CODE. unreachable code at i0 line 1 : 19 expected:&lt;0&gt; but was:&lt;1&gt;
	at com.google.javascript.jscomp.IntegrationTestCase.test(IntegrationTestCase.java:97)
	at com.google.javascript.jscomp.IntegrationTestCase.testSame(IntegrationTestCase.java:78)
	at com.google.javascript.jscomp.IntegrationTestCase.testSame(IntegrationTestCase.java:74)
	at com.google.javascript.jscomp.IntegrationTest.testInlineGettersWithAmbiguate(IntegrationTest.java:1022)
</failure>
  </testcase>
  <testcase classname="com.google.javascript.jscomp.IntegrationTest" name="testMinimizeExits" time="0.002">
    <failure message="Expected no warnings or errors&#xa;Errors: &#xa;Warnings: &#xa;JSC_UNREACHABLE_CODE. unreachable code at i0 line 1 : 0 expected:&lt;0&gt; but was:&lt;1&gt;" type="junit.framework.AssertionFailedError">junit.framework.AssertionFailedError: Expected no warnings or errors
Errors: 
Warnings: 
JSC_UNREACHABLE_CODE. unreachable code at i0 line 1 : 0 expected:&lt;0&gt; but was:&lt;1&gt;
	at com.google.javascript.jscomp.IntegrationTestCase.test(IntegrationTestCase.java:97)
	at com.google.javascript.jscomp.IntegrationTestCase.testSame(IntegrationTestCase.java:78)
	at com.google.javascript.jscomp.IntegrationTestCase.testSame(IntegrationTestCase.java:74)
	at com.google.javascript.jscomp.IntegrationTest.testMinimizeExits(IntegrationTest.java:1071)
</failure>
  </testcase>
  <testcase classname="com.google.javascript.jscomp.IntegrationTest" name="testFoldConstants" time="0.002">
    <failure message="Expected no warnings or errors&#xa;Errors: &#xa;Warnings: &#xa;JSC_UNREACHABLE_CODE. unreachable code at i0 line 1 : 0 expected:&lt;0&gt; but was:&lt;1&gt;" type="junit.framework.AssertionFailedError">junit.framework.AssertionFailedError: Expected no warnings or errors
Errors: 
Warnings: 
JSC_UNREACHABLE_CODE. unreachable code at i0 line 1 : 0 expected:&lt;0&gt; but was:&lt;1&gt;
	at com.google.javascript.jscomp.IntegrationTestCase.test(IntegrationTestCase.java:97)
	at com.google.javascript.jscomp.IntegrationTestCase.testSame(IntegrationTestCase.java:78)
	at com.google.javascript.jscomp.IntegrationTestCase.testSame(IntegrationTestCase.java:74)
	at com.google.javascript.jscomp.IntegrationTest.testFoldConstants(IntegrationTest.java:1083)
</failure>
  </testcase>
  <testcase classname="com.google.javascript.jscomp.IntegrationTest" name="testRemoveUnreachableCode" time="0.004" />
  <testcase classname="com.google.javascript.jscomp.IntegrationTest" name="testRemoveUnusedPrototypeProperties1" time="0.001">
    <failure message="Expected no warnings or errors&#xa;Errors: &#xa;Warnings: &#xa;JSC_UNREACHABLE_CODE. unreachable code at i0 line 1 : 0 expected:&lt;0&gt; but was:&lt;1&gt;" type="junit.framework.AssertionFailedError">junit.framework.AssertionFailedError: Expected no warnings or errors
Errors: 
Warnings: 
JSC_UNREACHABLE_CODE. unreachable code at i0 line 1 : 0 expected:&lt;0&gt; but was:&lt;1&gt;
	at com.google.javascript.jscomp.IntegrationTestCase.test(IntegrationTestCase.java:97)
	at com.google.javascript.jscomp.IntegrationTestCase.testSame(IntegrationTestCase.java:78)
	at com.google.javascript.jscomp.IntegrationTestCase.testSame(IntegrationTestCase.java:74)
	at com.google.javascript.jscomp.IntegrationTest.testRemoveUnusedPrototypeProperties1(IntegrationTest.java:1104)
</failure>
  </testcase>
  <testcase classname="com.google.javascript.jscomp.IntegrationTest" name="testRemoveUnusedPrototypeProperties2" time="0.001">
    <failure message="Expected no warnings or errors&#xa;Errors: &#xa;Warnings: &#xa;JSC_UNREACHABLE_CODE. unreachable code at i0 line 1 : 0 expected:&lt;0&gt; but was:&lt;1&gt;" type="junit.framework.AssertionFailedError">junit.framework.AssertionFailedError: Expected no warnings or errors
Errors: 
Warnings: 
JSC_UNREACHABLE_CODE. unreachable code at i0 line 1 : 0 expected:&lt;0&gt; but was:&lt;1&gt;
	at com.google.javascript.jscomp.IntegrationTestCase.test(IntegrationTestCase.java:97)
	at com.google.javascript.jscomp.IntegrationTestCase.testSame(IntegrationTestCase.java:78)
	at com.google.javascript.jscomp.IntegrationTestCase.testSame(IntegrationTestCase.java:74)
	at com.google.javascript.jscomp.IntegrationTest.testRemoveUnusedPrototypeProperties2(IntegrationTest.java:1115)
</failure>
  </testcase>
  <testcase classname="com.google.javascript.jscomp.IntegrationTest" name="testSmartNamePass" time="0.002">
    <failure message="Expected no warnings or errors&#xa;Errors: &#xa;Warnings: &#xa;JSC_UNREACHABLE_CODE. unreachable code at i0 line 1 : 0 expected:&lt;0&gt; but was:&lt;1&gt;" type="junit.framework.AssertionFailedError">junit.framework.AssertionFailedError: Expected no warnings or errors
Errors: 
Warnings: 
JSC_UNREACHABLE_CODE. unreachable code at i0 line 1 : 0 expected:&lt;0&gt; but was:&lt;1&gt;
	at com.google.javascript.jscomp.IntegrationTestCase.test(IntegrationTestCase.java:97)
	at com.google.javascript.jscomp.IntegrationTestCase.testSame(IntegrationTestCase.java:78)
	at com.google.javascript.jscomp.IntegrationTestCase.testSame(IntegrationTestCase.java:74)
	at com.google.javascript.jscomp.IntegrationTest.testSmartNamePass(IntegrationTest.java:1128)
</failure>
  </testcase>
  <testcase classname="com.google.javascript.jscomp.IntegrationTest" name="testSmartNamePassBug11163486" time="0.012">
    <failure message="Expected no warnings or errors&#xa;Errors: &#xa;Warnings: &#xa;JSC_UNREACHABLE_CODE. unreachable code at i0 line 1 : 20 expected:&lt;0&gt; but was:&lt;1&gt;" type="junit.framework.AssertionFailedError">junit.framework.AssertionFailedError: Expected no warnings or errors
Errors: 
Warnings: 
JSC_UNREACHABLE_CODE. unreachable code at i0 line 1 : 20 expected:&lt;0&gt; but was:&lt;1&gt;
	at com.google.javascript.jscomp.IntegrationTestCase.test(IntegrationTestCase.java:97)
	at com.google.javascript.jscomp.IntegrationTestCase.test(IntegrationTestCase.java:87)
	at com.google.javascript.jscomp.IntegrationTest.testSmartNamePassBug11163486(IntegrationTest.java:1173)
</failure>
  </testcase>
  <testcase classname="com.google.javascript.jscomp.IntegrationTest" name="testDeadCodeHasNoDisambiguationSideEffects" time="0.02">
    <failure message="Expected no warnings or errors&#xa;Errors: &#xa;Warnings: &#xa;JSC_UNREACHABLE_CODE. unreachable code at i0 line 1 : 20 expected:&lt;0&gt; but was:&lt;1&gt;" type="junit.framework.AssertionFailedError">junit.framework.AssertionFailedError: Expected no warnings or errors
Errors: 
Warnings: 
JSC_UNREACHABLE_CODE. unreachable code at i0 line 1 : 20 expected:&lt;0&gt; but was:&lt;1&gt;
	at com.google.javascript.jscomp.IntegrationTestCase.test(IntegrationTestCase.java:97)
	at com.google.javascript.jscomp.IntegrationTestCase.test(IntegrationTestCase.java:87)
	at com.google.javascript.jscomp.IntegrationTest.testDeadCodeHasNoDisambiguationSideEffects(IntegrationTest.java:1244)
</failure>
  </testcase>
  <testcase classname="com.google.javascript.jscomp.IntegrationTest" name="testQMarkTIsNullable" time="0.005">
    <failure message="expected:&lt;JSC_TYPE_MISMATCH: {0}&gt; but was:&lt;JSC_UNREACHABLE_CODE: unreachable code&gt;" type="junit.framework.AssertionFailedError">junit.framework.AssertionFailedError: expected:&lt;JSC_TYPE_MISMATCH: {0}&gt; but was:&lt;JSC_UNREACHABLE_CODE: unreachable code&gt;
	at com.google.javascript.jscomp.IntegrationTestCase.test(IntegrationTestCase.java:143)
	at com.google.javascript.jscomp.IntegrationTestCase.test(IntegrationTestCase.java:127)
	at com.google.javascript.jscomp.IntegrationTestCase.test(IntegrationTestCase.java:116)
	at com.google.javascript.jscomp.IntegrationTest.testQMarkTIsNullable(IntegrationTest.java:1257)
</failure>
  </testcase>
  <testcase classname="com.google.javascript.jscomp.IntegrationTest" name="testTIsNotNullable" time="0.005">
    <failure message="expected:&lt;JSC_TYPE_MISMATCH: {0}&gt; but was:&lt;JSC_UNREACHABLE_CODE: unreachable code&gt;" type="junit.framework.AssertionFailedError">junit.framework.AssertionFailedError: expected:&lt;JSC_TYPE_MISMATCH: {0}&gt; but was:&lt;JSC_UNREACHABLE_CODE: unreachable code&gt;
	at com.google.javascript.jscomp.IntegrationTestCase.test(IntegrationTestCase.java:143)
	at com.google.javascript.jscomp.IntegrationTestCase.test(IntegrationTestCase.java:127)
	at com.google.javascript.jscomp.IntegrationTestCase.test(IntegrationTestCase.java:116)
	at com.google.javascript.jscomp.IntegrationTest.testTIsNotNullable(IntegrationTest.java:1269)
</failure>
  </testcase>
  <testcase classname="com.google.javascript.jscomp.IntegrationTest" name="testDeadAssignmentsElimination" time="0.002">
    <failure message="Expected no warnings or errors&#xa;Errors: &#xa;JSC_CONSTANT_REASSIGNED_VALUE_ERROR. constant x assigned a value more than once.&#xa;Original definition at i0:1 at i0 line 1 : 29Warnings: &#xa;JSC_UNREACHABLE_CODE. unreachable code at i0 line 1 : 0 expected:&lt;0&gt; but was:&lt;2&gt;" type="junit.framework.AssertionFailedError">junit.framework.AssertionFailedError: Expected no warnings or errors
Errors: 
Original definition at i0:1 at i0 line 1 : 29Warnings: 
JSC_UNREACHABLE_CODE. unreachable code at i0 line 1 : 0 expected:&lt;0&gt; but was:&lt;2&gt;
	at com.google.javascript.jscomp.IntegrationTestCase.test(IntegrationTestCase.java:97)
	at com.google.javascript.jscomp.IntegrationTestCase.testSame(IntegrationTestCase.java:78)
	at com.google.javascript.jscomp.IntegrationTestCase.testSame(IntegrationTestCase.java:74)
	at com.google.javascript.jscomp.IntegrationTest.testDeadAssignmentsElimination(IntegrationTest.java:1275)
</failure>
  </testcase>
  <testcase classname="com.google.javascript.jscomp.IntegrationTest" name="testInlineFunctions" time="0.001">
    <failure message="Expected no warnings or errors&#xa;Errors: &#xa;Warnings: &#xa;JSC_UNREACHABLE_CODE. unreachable code at i0 line 1 : 0 expected:&lt;0&gt; but was:&lt;1&gt;" type="junit.framework.AssertionFailedError">junit.framework.AssertionFailedError: Expected no warnings or errors
Errors: 
Warnings: 
JSC_UNREACHABLE_CODE. unreachable code at i0 line 1 : 0 expected:&lt;0&gt; but was:&lt;1&gt;
	at com.google.javascript.jscomp.IntegrationTestCase.test(IntegrationTestCase.java:97)
	at com.google.javascript.jscomp.IntegrationTestCase.testSame(IntegrationTestCase.java:78)
	at com.google.javascript.jscomp.IntegrationTestCase.testSame(IntegrationTestCase.java:74)
	at com.google.javascript.jscomp.IntegrationTest.testInlineFunctions(IntegrationTest.java:1287)
</failure>
  </testcase>
  <testcase classname="com.google.javascript.jscomp.IntegrationTest" name="testRemoveUnusedVars1" time="0.002">
    <failure message="Expected no warnings or errors&#xa;Errors: &#xa;Warnings: &#xa;JSC_UNREACHABLE_CODE. unreachable code at i0 line 1 : 0 expected:&lt;0&gt; but was:&lt;1&gt;" type="junit.framework.AssertionFailedError">junit.framework.AssertionFailedError: Expected no warnings or errors
Errors: 
Warnings: 
JSC_UNREACHABLE_CODE. unreachable code at i0 line 1 : 0 expected:&lt;0&gt; but was:&lt;1&gt;
	at com.google.javascript.jscomp.IntegrationTestCase.test(IntegrationTestCase.java:97)
	at com.google.javascript.jscomp.IntegrationTestCase.testSame(IntegrationTestCase.java:78)
	at com.google.javascript.jscomp.IntegrationTestCase.testSame(IntegrationTestCase.java:74)
	at com.google.javascript.jscomp.IntegrationTest.testRemoveUnusedVars1(IntegrationTest.java:1296)
</failure>
  </testcase>
  <testcase classname="com.google.javascript.jscomp.IntegrationTest" name="testRemoveUnusedVars2" time="0.001">
    <failure message="Expected no warnings or errors&#xa;Errors: &#xa;Warnings: &#xa;JSC_UNREACHABLE_CODE. unreachable code at i0 line 1 : 0 expected:&lt;0&gt; but was:&lt;1&gt;" type="junit.framework.AssertionFailedError">junit.framework.AssertionFailedError: Expected no warnings or errors
Errors: 
Warnings: 
JSC_UNREACHABLE_CODE. unreachable code at i0 line 1 : 0 expected:&lt;0&gt; but was:&lt;1&gt;
	at com.google.javascript.jscomp.IntegrationTestCase.test(IntegrationTestCase.java:97)
	at com.google.javascript.jscomp.IntegrationTestCase.testSame(IntegrationTestCase.java:78)
	at com.google.javascript.jscomp.IntegrationTestCase.testSame(IntegrationTestCase.java:74)
	at com.google.javascript.jscomp.IntegrationTest.testRemoveUnusedVars2(IntegrationTest.java:1305)
</failure>
  </testcase>
  <testcase classname="com.google.javascript.jscomp.IntegrationTest" name="testCrossModuleCodeMotion" time="0.002">
    <failure message="Expected no warnings or errors&#xa;Errors: &#xa;Warnings: &#xa;JSC_UNREACHABLE_CODE. unreachable code at i0 line 1 : 0 expected:&lt;0&gt; but was:&lt;1&gt;" type="junit.framework.AssertionFailedError">junit.framework.AssertionFailedError: Expected no warnings or errors
Errors: 
Warnings: 
JSC_UNREACHABLE_CODE. unreachable code at i0 line 1 : 0 expected:&lt;0&gt; but was:&lt;1&gt;
	at com.google.javascript.jscomp.IntegrationTestCase.test(IntegrationTestCase.java:97)
	at com.google.javascript.jscomp.IntegrationTestCase.testSame(IntegrationTestCase.java:78)
	at com.google.javascript.jscomp.IntegrationTest.testCrossModuleCodeMotion(IntegrationTest.java:1320)
</failure>
  </testcase>
  <testcase classname="com.google.javascript.jscomp.IntegrationTest" name="testCrossModuleMethodMotion" time="0.001">
    <failure message="Expected no warnings or errors&#xa;Errors: &#xa;Warnings: &#xa;JSC_UNREACHABLE_CODE. unreachable code at i0 line 1 : 0 expected:&lt;0&gt; but was:&lt;1&gt;" type="junit.framework.AssertionFailedError">junit.framework.AssertionFailedError: Expected no warnings or errors
Errors: 
Warnings: 
JSC_UNREACHABLE_CODE. unreachable code at i0 line 1 : 0 expected:&lt;0&gt; but was:&lt;1&gt;
	at com.google.javascript.jscomp.IntegrationTestCase.test(IntegrationTestCase.java:97)
	at com.google.javascript.jscomp.IntegrationTestCase.testSame(IntegrationTestCase.java:78)
	at com.google.javascript.jscomp.IntegrationTest.testCrossModuleMethodMotion(IntegrationTest.java:1336)
</failure>
  </testcase>
  <testcase classname="com.google.javascript.jscomp.IntegrationTest" name="testFlowSensitiveInlineVariables1" time="0.002">
    <failure message="Expected no warnings or errors&#xa;Errors: &#xa;JSC_CONSTANT_REASSIGNED_VALUE_ERROR. constant x assigned a value more than once.&#xa;Original definition at i0:1 at i0 line 1 : 26Warnings: &#xa;JSC_UNREACHABLE_CODE. unreachable code at i0 line 1 : 0 expected:&lt;0&gt; but was:&lt;2&gt;" type="junit.framework.AssertionFailedError">junit.framework.AssertionFailedError: Expected no warnings or errors
Errors: 
Original definition at i0:1 at i0 line 1 : 26Warnings: 
JSC_UNREACHABLE_CODE. unreachable code at i0 line 1 : 0 expected:&lt;0&gt; but was:&lt;2&gt;
	at com.google.javascript.jscomp.IntegrationTestCase.test(IntegrationTestCase.java:97)
	at com.google.javascript.jscomp.IntegrationTestCase.testSame(IntegrationTestCase.java:78)
	at com.google.javascript.jscomp.IntegrationTestCase.testSame(IntegrationTestCase.java:74)
	at com.google.javascript.jscomp.IntegrationTest.testFlowSensitiveInlineVariables1(IntegrationTest.java:1350)
</failure>
  </testcase>
  <testcase classname="com.google.javascript.jscomp.IntegrationTest" name="testFlowSensitiveInlineVariables2" time="0.007">
    <failure message="Expected no warnings or errors&#xa;Errors: &#xa;Warnings: &#xa;JSC_UNREACHABLE_CODE. unreachable code at i0 line 1 : 0 expected:&lt;0&gt; but was:&lt;1&gt;" type="junit.framework.AssertionFailedError">junit.framework.AssertionFailedError: Expected no warnings or errors
Errors: 
Warnings: 
JSC_UNREACHABLE_CODE. unreachable code at i0 line 1 : 0 expected:&lt;0&gt; but was:&lt;1&gt;
	at com.google.javascript.jscomp.IntegrationTestCase.test(IntegrationTestCase.java:97)
	at com.google.javascript.jscomp.IntegrationTestCase.test(IntegrationTestCase.java:87)
	at com.google.javascript.jscomp.IntegrationTest.testFlowSensitiveInlineVariables2(IntegrationTest.java:1366)
</failure>
  </testcase>
  <testcase classname="com.google.javascript.jscomp.IntegrationTest" name="testCollapseAnonymousFunctions" time="0.002">
    <failure message="Expected no warnings or errors&#xa;Errors: &#xa;Warnings: &#xa;JSC_UNREACHABLE_CODE. unreachable code at i0 line 1 : 0 expected:&lt;0&gt; but was:&lt;1&gt;" type="junit.framework.AssertionFailedError">junit.framework.AssertionFailedError: Expected no warnings or errors
Errors: 
Warnings: 
JSC_UNREACHABLE_CODE. unreachable code at i0 line 1 : 0 expected:&lt;0&gt; but was:&lt;1&gt;
	at com.google.javascript.jscomp.IntegrationTestCase.test(IntegrationTestCase.java:97)
	at com.google.javascript.jscomp.IntegrationTestCase.testSame(IntegrationTestCase.java:78)
	at com.google.javascript.jscomp.IntegrationTestCase.testSame(IntegrationTestCase.java:74)
	at com.google.javascript.jscomp.IntegrationTest.testCollapseAnonymousFunctions(IntegrationTest.java:1380)
</failure>
  </testcase>
  <testcase classname="com.google.javascript.jscomp.IntegrationTest" name="testMoveFunctionDeclarations" time="0.001">
    <failure message="Expected no warnings or errors&#xa;Errors: &#xa;Warnings: &#xa;JSC_UNREACHABLE_CODE. unreachable code at i0 line 1 : 0 expected:&lt;0&gt; but was:&lt;1&gt;" type="junit.framework.AssertionFailedError">junit.framework.AssertionFailedError: Expected no warnings or errors
Errors: 
Warnings: 
JSC_UNREACHABLE_CODE. unreachable code at i0 line 1 : 0 expected:&lt;0&gt; but was:&lt;1&gt;
	at com.google.javascript.jscomp.IntegrationTestCase.test(IntegrationTestCase.java:97)
	at com.google.javascript.jscomp.IntegrationTestCase.testSame(IntegrationTestCase.java:78)
	at com.google.javascript.jscomp.IntegrationTestCase.testSame(IntegrationTestCase.java:74)
	at com.google.javascript.jscomp.IntegrationTest.testMoveFunctionDeclarations(IntegrationTest.java:1389)
</failure>
  </testcase>
  <testcase classname="com.google.javascript.jscomp.IntegrationTest" name="testNameAnonymousFunctions" time="0.002">
    <failure message="Expected no warnings or errors&#xa;Errors: &#xa;Warnings: &#xa;JSC_UNREACHABLE_CODE. unreachable code at i0 line 1 : 0 expected:&lt;0&gt; but was:&lt;1&gt;" type="junit.framework.AssertionFailedError">junit.framework.AssertionFailedError: Expected no warnings or errors
Errors: 
Warnings: 
JSC_UNREACHABLE_CODE. unreachable code at i0 line 1 : 0 expected:&lt;0&gt; but was:&lt;1&gt;
	at com.google.javascript.jscomp.IntegrationTestCase.test(IntegrationTestCase.java:97)
	at com.google.javascript.jscomp.IntegrationTestCase.testSame(IntegrationTestCase.java:78)
	at com.google.javascript.jscomp.IntegrationTestCase.testSame(IntegrationTestCase.java:74)
	at com.google.javascript.jscomp.IntegrationTest.testNameAnonymousFunctions(IntegrationTest.java:1398)
</failure>
  </testcase>
  <testcase classname="com.google.javascript.jscomp.IntegrationTest" name="testNameAnonymousFunctionsWithVarRemoval" time="0.002">
    <failure message="Expected no warnings or errors&#xa;Errors: &#xa;Warnings: &#xa;JSC_UNREACHABLE_CODE. unreachable code at i0 line 1 : 0 expected:&lt;0&gt; but was:&lt;1&gt;" type="junit.framework.AssertionFailedError">junit.framework.AssertionFailedError: Expected no warnings or errors
Errors: 
Warnings: 
JSC_UNREACHABLE_CODE. unreachable code at i0 line 1 : 0 expected:&lt;0&gt; but was:&lt;1&gt;
	at com.google.javascript.jscomp.IntegrationTestCase.test(IntegrationTestCase.java:97)
	at com.google.javascript.jscomp.IntegrationTestCase.test(IntegrationTestCase.java:87)
	at com.google.javascript.jscomp.IntegrationTest.testNameAnonymousFunctionsWithVarRemoval(IntegrationTest.java:1415)
</failure>
  </testcase>
  <testcase classname="com.google.javascript.jscomp.IntegrationTest" name="testExtractPrototypeMemberDeclarations" time="0.002">
    <failure message="Expected no warnings or errors&#xa;Errors: &#xa;Warnings: &#xa;JSC_UNREACHABLE_CODE. unreachable code at i0 line 1 : 0 expected:&lt;0&gt; but was:&lt;1&gt;" type="junit.framework.AssertionFailedError">junit.framework.AssertionFailedError: Expected no warnings or errors
Errors: 
Warnings: 
JSC_UNREACHABLE_CODE. unreachable code at i0 line 1 : 0 expected:&lt;0&gt; but was:&lt;1&gt;
	at com.google.javascript.jscomp.IntegrationTestCase.test(IntegrationTestCase.java:97)
	at com.google.javascript.jscomp.IntegrationTestCase.testSame(IntegrationTestCase.java:78)
	at com.google.javascript.jscomp.IntegrationTestCase.testSame(IntegrationTestCase.java:74)
	at com.google.javascript.jscomp.IntegrationTest.testExtractPrototypeMemberDeclarations(IntegrationTest.java:1440)
</failure>
  </testcase>
  <testcase classname="com.google.javascript.jscomp.IntegrationTest" name="testDevirtualizationAndExtractPrototypeMemberDeclarations" time="0.004">
    <failure message="Expected no warnings or errors&#xa;Errors: &#xa;Warnings: &#xa;JSC_UNREACHABLE_CODE. unreachable code at i0 line 1 : 0 expected:&lt;0&gt; but was:&lt;1&gt;" type="junit.framework.AssertionFailedError">junit.framework.AssertionFailedError: Expected no warnings or errors
Errors: 
Warnings: 
JSC_UNREACHABLE_CODE. unreachable code at i0 line 1 : 0 expected:&lt;0&gt; but was:&lt;1&gt;
	at com.google.javascript.jscomp.IntegrationTestCase.test(IntegrationTestCase.java:97)
	at com.google.javascript.jscomp.IntegrationTestCase.test(IntegrationTestCase.java:87)
	at com.google.javascript.jscomp.IntegrationTest.testDevirtualizationAndExtractPrototypeMemberDeclarations(IntegrationTest.java:1501)
</failure>
  </testcase>
  <testcase classname="com.google.javascript.jscomp.IntegrationTest" name="testCoalesceVariableNames" time="0.002">
    <failure message="Expected no warnings or errors&#xa;Errors: &#xa;Warnings: &#xa;JSC_UNREACHABLE_CODE. unreachable code at i0 line 1 : 0 expected:&lt;0&gt; but was:&lt;1&gt;" type="junit.framework.AssertionFailedError">junit.framework.AssertionFailedError: Expected no warnings or errors
Errors: 
Warnings: 
JSC_UNREACHABLE_CODE. unreachable code at i0 line 1 : 0 expected:&lt;0&gt; but was:&lt;1&gt;
	at com.google.javascript.jscomp.IntegrationTestCase.test(IntegrationTestCase.java:97)
	at com.google.javascript.jscomp.IntegrationTestCase.testSame(IntegrationTestCase.java:78)
	at com.google.javascript.jscomp.IntegrationTestCase.testSame(IntegrationTestCase.java:74)
	at com.google.javascript.jscomp.IntegrationTest.testCoalesceVariableNames(IntegrationTest.java:1507)
</failure>
  </testcase>
  <testcase classname="com.google.javascript.jscomp.IntegrationTest" name="testPropertyRenaming" time="0.001">
    <failure message="Expected no warnings or errors&#xa;Errors: &#xa;Warnings: &#xa;JSC_UNREACHABLE_CODE. unreachable code at i0 line 1 : 0 expected:&lt;0&gt; but was:&lt;1&gt;" type="junit.framework.AssertionFailedError">junit.framework.AssertionFailedError: Expected no warnings or errors
Errors: 
Warnings: 
JSC_UNREACHABLE_CODE. unreachable code at i0 line 1 : 0 expected:&lt;0&gt; but was:&lt;1&gt;
	at com.google.javascript.jscomp.IntegrationTestCase.test(IntegrationTestCase.java:97)
	at com.google.javascript.jscomp.IntegrationTestCase.testSame(IntegrationTestCase.java:78)
	at com.google.javascript.jscomp.IntegrationTestCase.testSame(IntegrationTestCase.java:74)
	at com.google.javascript.jscomp.IntegrationTest.testPropertyRenaming(IntegrationTest.java:1527)
</failure>
  </testcase>
  <testcase classname="com.google.javascript.jscomp.IntegrationTest" name="testConvertToDottedProperties" time="0.002">
    <failure message="Expected no warnings or errors&#xa;Errors: &#xa;Warnings: &#xa;JSC_UNREACHABLE_CODE. unreachable code at i0 line 1 : 0 expected:&lt;0&gt; but was:&lt;1&gt;" type="junit.framework.AssertionFailedError">junit.framework.AssertionFailedError: Expected no warnings or errors
Errors: 
Warnings: 
JSC_UNREACHABLE_CODE. unreachable code at i0 line 1 : 0 expected:&lt;0&gt; but was:&lt;1&gt;
	at com.google.javascript.jscomp.IntegrationTestCase.test(IntegrationTestCase.java:97)
	at com.google.javascript.jscomp.IntegrationTestCase.testSame(IntegrationTestCase.java:78)
	at com.google.javascript.jscomp.IntegrationTestCase.testSame(IntegrationTestCase.java:74)
	at com.google.javascript.jscomp.IntegrationTest.testConvertToDottedProperties(IntegrationTest.java:1545)
</failure>
  </testcase>
  <testcase classname="com.google.javascript.jscomp.IntegrationTest" name="testRewriteFunctionExpressions" time="0.002">
    <failure message="Expected no warnings or errors&#xa;Errors: &#xa;JSC_CONSTANT_REASSIGNED_VALUE_ERROR. constant a assigned a value more than once.&#xa;Original definition at i0:1 at i0 line 1 : 22&#xa;JSC_CONSTANT_REASSIGNED_VALUE_ERROR. constant a assigned a value more than once.&#xa;Original definition at i0:1 at i0 line 1 : 40&#xa;JSC_CONSTANT_REASSIGNED_VALUE_ERROR. constant a assigned a value more than once.&#xa;Original definition at i0:1 at i0 line 1 : 58&#xa;JSC_CONSTANT_REASSIGNED_VALUE_ERROR. constant a assigned a value more than once.&#xa;Original definition at i0:1 at i0 line 1 : 76&#xa;JSC_CONSTANT_REASSIGNED_VALUE_ERROR. constant a assigned a value more than once.&#xa;Original definition at i0:1 at i0 line 1 : 94&#xa;JSC_CONSTANT_REASSIGNED_VALUE_ERROR. constant a assigned a value more than once.&#xa;Original definition at i0:1 at i0 line 1 : 112&#xa;JSC_CONSTANT_REASSIGNED_VALUE_ERROR. constant a assigned a value more than once.&#xa;Original definition at i0:1 at i0 line 1 : 130&#xa;JSC_CONSTANT_REASSIGNED_VALUE_ERROR. constant a assigned a value more than once.&#xa;Original definition at i0:1 at i0 line 1 : 148&#xa;JSC_CONSTANT_REASSIGNED_VALUE_ERROR. constant a assigned a value more than once.&#xa;Original definition at i0:1 at i0 line 1 : 166&#xa;JSC_CONSTANT_REASSIGNED_VALUE_ERROR. constant a assigned a value more than once.&#xa;Original definition at i0:1 at i0 line 1 : 184Warnings: &#xa;JSC_UNREACHABLE_CODE. unreachable code at i0 line 1 : 0 expected:&lt;0&gt; but was:&lt;11&gt;" type="junit.framework.AssertionFailedError">junit.framework.AssertionFailedError: Expected no warnings or errors
Errors: 
Original definition at i0:1 at i0 line 1 : 22
Original definition at i0:1 at i0 line 1 : 40
Original definition at i0:1 at i0 line 1 : 58
Original definition at i0:1 at i0 line 1 : 76
Original definition at i0:1 at i0 line 1 : 94
Original definition at i0:1 at i0 line 1 : 112
Original definition at i0:1 at i0 line 1 : 130
Original definition at i0:1 at i0 line 1 : 148
Original definition at i0:1 at i0 line 1 : 166
Original definition at i0:1 at i0 line 1 : 184Warnings: 
JSC_UNREACHABLE_CODE. unreachable code at i0 line 1 : 0 expected:&lt;0&gt; but was:&lt;11&gt;
	at com.google.javascript.jscomp.IntegrationTestCase.test(IntegrationTestCase.java:97)
	at com.google.javascript.jscomp.IntegrationTestCase.testSame(IntegrationTestCase.java:78)
	at com.google.javascript.jscomp.IntegrationTestCase.testSame(IntegrationTestCase.java:74)
	at com.google.javascript.jscomp.IntegrationTest.testRewriteFunctionExpressions(IntegrationTest.java:1561)
</failure>
  </testcase>
  <testcase classname="com.google.javascript.jscomp.IntegrationTest" name="testAliasAllStrings" time="0.001">
    <failure message="Expected no warnings or errors&#xa;Errors: &#xa;Warnings: &#xa;JSC_UNREACHABLE_CODE. unreachable code at i0 line 1 : 0 expected:&lt;0&gt; but was:&lt;1&gt;" type="junit.framework.AssertionFailedError">junit.framework.AssertionFailedError: Expected no warnings or errors
Errors: 
Warnings: 
JSC_UNREACHABLE_CODE. unreachable code at i0 line 1 : 0 expected:&lt;0&gt; but was:&lt;1&gt;
	at com.google.javascript.jscomp.IntegrationTestCase.test(IntegrationTestCase.java:97)
	at com.google.javascript.jscomp.IntegrationTestCase.testSame(IntegrationTestCase.java:78)
	at com.google.javascript.jscomp.IntegrationTestCase.testSame(IntegrationTestCase.java:74)
	at com.google.javascript.jscomp.IntegrationTest.testAliasAllStrings(IntegrationTest.java:1571)
</failure>
  </testcase>
  <testcase classname="com.google.javascript.jscomp.IntegrationTest" name="testAliasExterns" time="0.001">
    <failure message="Expected no warnings or errors&#xa;Errors: &#xa;Warnings: &#xa;JSC_UNREACHABLE_CODE. unreachable code at i0 line 1 : 0 expected:&lt;0&gt; but was:&lt;1&gt;" type="junit.framework.AssertionFailedError">junit.framework.AssertionFailedError: Expected no warnings or errors
Errors: 
Warnings: 
JSC_UNREACHABLE_CODE. unreachable code at i0 line 1 : 0 expected:&lt;0&gt; but was:&lt;1&gt;
	at com.google.javascript.jscomp.IntegrationTestCase.test(IntegrationTestCase.java:97)
	at com.google.javascript.jscomp.IntegrationTestCase.testSame(IntegrationTestCase.java:78)
	at com.google.javascript.jscomp.IntegrationTestCase.testSame(IntegrationTestCase.java:74)
	at com.google.javascript.jscomp.IntegrationTest.testAliasExterns(IntegrationTest.java:1583)
</failure>
  </testcase>
  <testcase classname="com.google.javascript.jscomp.IntegrationTest" name="testRenameVars1" time="0.002">
    <failure message="Expected no warnings or errors&#xa;Errors: &#xa;Warnings: &#xa;JSC_UNREACHABLE_CODE. unreachable code at i0 line 1 : 0 expected:&lt;0&gt; but was:&lt;1&gt;" type="junit.framework.AssertionFailedError">junit.framework.AssertionFailedError: Expected no warnings or errors
Errors: 
Warnings: 
JSC_UNREACHABLE_CODE. unreachable code at i0 line 1 : 0 expected:&lt;0&gt; but was:&lt;1&gt;
	at com.google.javascript.jscomp.IntegrationTestCase.test(IntegrationTestCase.java:97)
	at com.google.javascript.jscomp.IntegrationTestCase.testSame(IntegrationTestCase.java:78)
	at com.google.javascript.jscomp.IntegrationTestCase.testSame(IntegrationTestCase.java:74)
	at com.google.javascript.jscomp.IntegrationTest.testRenameVars1(IntegrationTest.java:1595)
</failure>
  </testcase>
  <testcase classname="com.google.javascript.jscomp.IntegrationTest" name="testRenameVars2" time="0.001">
    <failure message="Expected no warnings or errors&#xa;Errors: &#xa;Warnings: &#xa;JSC_UNREACHABLE_CODE. unreachable code at i0 line 1 : 0 expected:&lt;0&gt; but was:&lt;1&gt;" type="junit.framework.AssertionFailedError">junit.framework.AssertionFailedError: Expected no warnings or errors
Errors: 
Warnings: 
JSC_UNREACHABLE_CODE. unreachable code at i0 line 1 : 0 expected:&lt;0&gt; but was:&lt;1&gt;
	at com.google.javascript.jscomp.IntegrationTestCase.test(IntegrationTestCase.java:97)
	at com.google.javascript.jscomp.IntegrationTestCase.test(IntegrationTestCase.java:87)
	at com.google.javascript.jscomp.IntegrationTest.testRenameVars2(IntegrationTest.java:1615)
</failure>
  </testcase>
  <testcase classname="com.google.javascript.jscomp.IntegrationTest" name="testShadowVaribles" time="0.002">
    <failure message="Expected no warnings or errors&#xa;Errors: &#xa;Warnings: &#xa;JSC_UNREACHABLE_CODE. unreachable code at i0 line 1 : 0 expected:&lt;0&gt; but was:&lt;1&gt;" type="junit.framework.AssertionFailedError">junit.framework.AssertionFailedError: Expected no warnings or errors
Errors: 
Warnings: 
JSC_UNREACHABLE_CODE. unreachable code at i0 line 1 : 0 expected:&lt;0&gt; but was:&lt;1&gt;
	at com.google.javascript.jscomp.IntegrationTestCase.test(IntegrationTestCase.java:97)
	at com.google.javascript.jscomp.IntegrationTestCase.test(IntegrationTestCase.java:87)
	at com.google.javascript.jscomp.IntegrationTest.testShadowVaribles(IntegrationTest.java:1627)
</failure>
  </testcase>
  <testcase classname="com.google.javascript.jscomp.IntegrationTest" name="testRenameLabels" time="0.001">
    <failure message="Expected no warnings or errors&#xa;Errors: &#xa;Warnings: &#xa;JSC_UNREACHABLE_CODE. unreachable code at i0 line 1 : 0 expected:&lt;0&gt; but was:&lt;1&gt;" type="junit.framework.AssertionFailedError">junit.framework.AssertionFailedError: Expected no warnings or errors
Errors: 
Warnings: 
JSC_UNREACHABLE_CODE. unreachable code at i0 line 1 : 0 expected:&lt;0&gt; but was:&lt;1&gt;
	at com.google.javascript.jscomp.IntegrationTestCase.test(IntegrationTestCase.java:97)
	at com.google.javascript.jscomp.IntegrationTestCase.testSame(IntegrationTestCase.java:78)
	at com.google.javascript.jscomp.IntegrationTestCase.testSame(IntegrationTestCase.java:74)
	at com.google.javascript.jscomp.IntegrationTest.testRenameLabels(IntegrationTest.java:1634)
</failure>
  </testcase>
  <testcase classname="com.google.javascript.jscomp.IntegrationTest" name="testBadBreakStatementInIdeMode" time="0.004" />
  <testcase classname="com.google.javascript.jscomp.IntegrationTest" name="testIssue63SourceMap" time="0.001" />
  <testcase classname="com.google.javascript.jscomp.IntegrationTest" name="testRegExp1" time="0.002">
    <failure message="Expected no warnings or errors&#xa;Errors: &#xa;Warnings: &#xa;JSC_UNREACHABLE_CODE. unreachable code at i0 line 1 : 0 expected:&lt;0&gt; but was:&lt;1&gt;" type="junit.framework.AssertionFailedError">junit.framework.AssertionFailedError: Expected no warnings or errors
Errors: 
Warnings: 
JSC_UNREACHABLE_CODE. unreachable code at i0 line 1 : 0 expected:&lt;0&gt; but was:&lt;1&gt;
	at com.google.javascript.jscomp.IntegrationTestCase.test(IntegrationTestCase.java:97)
	at com.google.javascript.jscomp.IntegrationTestCase.testSame(IntegrationTestCase.java:78)
	at com.google.javascript.jscomp.IntegrationTestCase.testSame(IntegrationTestCase.java:74)
	at com.google.javascript.jscomp.IntegrationTest.testRegExp1(IntegrationTest.java:1670)
</failure>
  </testcase>
  <testcase classname="com.google.javascript.jscomp.IntegrationTest" name="testRegExp2" time="0.002">
    <failure message="Expected no warnings or errors&#xa;Errors: &#xa;Warnings: &#xa;JSC_UNREACHABLE_CODE. unreachable code at i0 line 1 : 0 expected:&lt;0&gt; but was:&lt;1&gt;" type="junit.framework.AssertionFailedError">junit.framework.AssertionFailedError: Expected no warnings or errors
Errors: 
Warnings: 
JSC_UNREACHABLE_CODE. unreachable code at i0 line 1 : 0 expected:&lt;0&gt; but was:&lt;1&gt;
	at com.google.javascript.jscomp.IntegrationTestCase.test(IntegrationTestCase.java:97)
	at com.google.javascript.jscomp.IntegrationTestCase.testSame(IntegrationTestCase.java:78)
	at com.google.javascript.jscomp.IntegrationTestCase.testSame(IntegrationTestCase.java:74)
	at com.google.javascript.jscomp.IntegrationTest.testRegExp2(IntegrationTest.java:1686)
</failure>
  </testcase>
  <testcase classname="com.google.javascript.jscomp.IntegrationTest" name="testFoldLocals1" time="0.002">
    <failure message="Expected no warnings or errors&#xa;Errors: &#xa;Warnings: &#xa;JSC_UNREACHABLE_CODE. unreachable code at i0 line 1 : 0 expected:&lt;0&gt; but was:&lt;1&gt;" type="junit.framework.AssertionFailedError">junit.framework.AssertionFailedError: Expected no warnings or errors
Errors: 
Warnings: 
JSC_UNREACHABLE_CODE. unreachable code at i0 line 1 : 0 expected:&lt;0&gt; but was:&lt;1&gt;
	at com.google.javascript.jscomp.IntegrationTestCase.test(IntegrationTestCase.java:97)
	at com.google.javascript.jscomp.IntegrationTestCase.testSame(IntegrationTestCase.java:78)
	at com.google.javascript.jscomp.IntegrationTestCase.testSame(IntegrationTestCase.java:74)
	at com.google.javascript.jscomp.IntegrationTest.testFoldLocals1(IntegrationTest.java:1706)
</failure>
  </testcase>
  <testcase classname="com.google.javascript.jscomp.IntegrationTest" name="testFoldLocals2" time="0.004">
    <failure message="Expected no warnings or errors&#xa;Errors: &#xa;Warnings: &#xa;JSC_UNREACHABLE_CODE. unreachable code at i0 line 1 : 0 expected:&lt;0&gt; but was:&lt;1&gt;" type="junit.framework.AssertionFailedError">junit.framework.AssertionFailedError: Expected no warnings or errors
Errors: 
Warnings: 
JSC_UNREACHABLE_CODE. unreachable code at i0 line 1 : 0 expected:&lt;0&gt; but was:&lt;1&gt;
	at com.google.javascript.jscomp.IntegrationTestCase.test(IntegrationTestCase.java:97)
	at com.google.javascript.jscomp.IntegrationTestCase.testSame(IntegrationTestCase.java:78)
	at com.google.javascript.jscomp.IntegrationTestCase.testSame(IntegrationTestCase.java:74)
	at com.google.javascript.jscomp.IntegrationTest.testFoldLocals2(IntegrationTest.java:1723)
</failure>
  </testcase>
  <testcase classname="com.google.javascript.jscomp.IntegrationTest" name="testFoldLocals3" time="0.002">
    <failure message="Expected no warnings or errors&#xa;Errors: &#xa;Warnings: &#xa;JSC_UNREACHABLE_CODE. unreachable code at i0 line 1 : 0 expected:&lt;0&gt; but was:&lt;1&gt;" type="junit.framework.AssertionFailedError">junit.framework.AssertionFailedError: Expected no warnings or errors
Errors: 
Warnings: 
JSC_UNREACHABLE_CODE. unreachable code at i0 line 1 : 0 expected:&lt;0&gt; but was:&lt;1&gt;
	at com.google.javascript.jscomp.IntegrationTestCase.test(IntegrationTestCase.java:97)
	at com.google.javascript.jscomp.IntegrationTestCase.testSame(IntegrationTestCase.java:78)
	at com.google.javascript.jscomp.IntegrationTestCase.testSame(IntegrationTestCase.java:74)
	at com.google.javascript.jscomp.IntegrationTest.testFoldLocals3(IntegrationTest.java:1742)
</failure>
  </testcase>
  <testcase classname="com.google.javascript.jscomp.IntegrationTest" name="testFoldLocals4" time="0.002">
    <failure message="Expected no warnings or errors&#xa;Errors: &#xa;Warnings: &#xa;JSC_UNREACHABLE_CODE. unreachable code at i0 line 2 : 0 expected:&lt;0&gt; but was:&lt;1&gt;" type="junit.framework.AssertionFailedError">junit.framework.AssertionFailedError: Expected no warnings or errors
Errors: 
Warnings: 
JSC_UNREACHABLE_CODE. unreachable code at i0 line 2 : 0 expected:&lt;0&gt; but was:&lt;1&gt;
	at com.google.javascript.jscomp.IntegrationTestCase.test(IntegrationTestCase.java:97)
	at com.google.javascript.jscomp.IntegrationTestCase.testSame(IntegrationTestCase.java:78)
	at com.google.javascript.jscomp.IntegrationTestCase.testSame(IntegrationTestCase.java:74)
	at com.google.javascript.jscomp.IntegrationTest.testFoldLocals4(IntegrationTest.java:1762)
</failure>
  </testcase>
  <testcase classname="com.google.javascript.jscomp.IntegrationTest" name="testFoldLocals5" time="0.001">
    <failure message="Expected no warnings or errors&#xa;Errors: &#xa;Warnings: &#xa;JSC_UNREACHABLE_CODE. unreachable code at i0 line 1 : 0 expected:&lt;0&gt; but was:&lt;1&gt;" type="junit.framework.AssertionFailedError">junit.framework.AssertionFailedError: Expected no warnings or errors
Errors: 
Warnings: 
JSC_UNREACHABLE_CODE. unreachable code at i0 line 1 : 0 expected:&lt;0&gt; but was:&lt;1&gt;
	at com.google.javascript.jscomp.IntegrationTestCase.test(IntegrationTestCase.java:97)
	at com.google.javascript.jscomp.IntegrationTestCase.test(IntegrationTestCase.java:87)
	at com.google.javascript.jscomp.IntegrationTest.testFoldLocals5(IntegrationTest.java:1790)
</failure>
  </testcase>
  <testcase classname="com.google.javascript.jscomp.IntegrationTest" name="testFoldLocals6" time="0.001">
    <failure message="Expected no warnings or errors&#xa;Errors: &#xa;Warnings: &#xa;JSC_UNREACHABLE_CODE. unreachable code at i0 line 1 : 0 expected:&lt;0&gt; but was:&lt;1&gt;" type="junit.framework.AssertionFailedError">junit.framework.AssertionFailedError: Expected no warnings or errors
Errors: 
Warnings: 
JSC_UNREACHABLE_CODE. unreachable code at i0 line 1 : 0 expected:&lt;0&gt; but was:&lt;1&gt;
	at com.google.javascript.jscomp.IntegrationTestCase.test(IntegrationTestCase.java:97)
	at com.google.javascript.jscomp.IntegrationTestCase.testSame(IntegrationTestCase.java:78)
	at com.google.javascript.jscomp.IntegrationTestCase.testSame(IntegrationTestCase.java:74)
	at com.google.javascript.jscomp.IntegrationTest.testFoldLocals6(IntegrationTest.java:1807)
</failure>
  </testcase>
  <testcase classname="com.google.javascript.jscomp.IntegrationTest" name="testFoldLocals7" time="0.003">
    <failure message="Expected no warnings or errors&#xa;Errors: &#xa;Warnings: &#xa;JSC_UNREACHABLE_CODE. unreachable code at i0 line 1 : 0 expected:&lt;0&gt; but was:&lt;1&gt;" type="junit.framework.AssertionFailedError">junit.framework.AssertionFailedError: Expected no warnings or errors
Errors: 
Warnings: 
JSC_UNREACHABLE_CODE. unreachable code at i0 line 1 : 0 expected:&lt;0&gt; but was:&lt;1&gt;
	at com.google.javascript.jscomp.IntegrationTestCase.test(IntegrationTestCase.java:97)
	at com.google.javascript.jscomp.IntegrationTestCase.testSame(IntegrationTestCase.java:78)
	at com.google.javascript.jscomp.IntegrationTestCase.testSame(IntegrationTestCase.java:74)
	at com.google.javascript.jscomp.IntegrationTest.testFoldLocals7(IntegrationTest.java:1825)
</failure>
  </testcase>
  <testcase classname="com.google.javascript.jscomp.IntegrationTest" name="testVarDeclarationsIntoFor" time="0.001">
    <failure message="Expected no warnings or errors&#xa;Errors: &#xa;Warnings: &#xa;JSC_UNREACHABLE_CODE. unreachable code at i0 line 1 : 0 expected:&lt;0&gt; but was:&lt;1&gt;" type="junit.framework.AssertionFailedError">junit.framework.AssertionFailedError: Expected no warnings or errors
Errors: 
Warnings: 
JSC_UNREACHABLE_CODE. unreachable code at i0 line 1 : 0 expected:&lt;0&gt; but was:&lt;1&gt;
	at com.google.javascript.jscomp.IntegrationTestCase.test(IntegrationTestCase.java:97)
	at com.google.javascript.jscomp.IntegrationTestCase.testSame(IntegrationTestCase.java:78)
	at com.google.javascript.jscomp.IntegrationTestCase.testSame(IntegrationTestCase.java:74)
	at com.google.javascript.jscomp.IntegrationTest.testVarDeclarationsIntoFor(IntegrationTest.java:1844)
</failure>
  </testcase>
  <testcase classname="com.google.javascript.jscomp.IntegrationTest" name="testExploitAssigns" time="0.001">
    <failure message="Expected no warnings or errors&#xa;Errors: &#xa;Warnings: &#xa;JSC_UNREACHABLE_CODE. unreachable code at i0 line 1 : 0 expected:&lt;0&gt; but was:&lt;1&gt;" type="junit.framework.AssertionFailedError">junit.framework.AssertionFailedError: Expected no warnings or errors
Errors: 
Warnings: 
JSC_UNREACHABLE_CODE. unreachable code at i0 line 1 : 0 expected:&lt;0&gt; but was:&lt;1&gt;
	at com.google.javascript.jscomp.IntegrationTestCase.test(IntegrationTestCase.java:97)
	at com.google.javascript.jscomp.IntegrationTestCase.testSame(IntegrationTestCase.java:78)
	at com.google.javascript.jscomp.IntegrationTestCase.testSame(IntegrationTestCase.java:74)
	at com.google.javascript.jscomp.IntegrationTest.testExploitAssigns(IntegrationTest.java:1858)
</failure>
  </testcase>
  <testcase classname="com.google.javascript.jscomp.IntegrationTest" name="testRecoverOnBadExterns" time="0.002">
    <failure message="Unexpected warnings or errors.&#xa; Warning:JSC_UNDEFINED_EXTERN_VAR_ERROR. name extern is not defined in the externs. at externs line 1 : 0&#xa;Warning:JSC_UNREACHABLE_CODE. unreachable code at i0 line 1 : 0&#xa; expected:&lt;1&gt; but was:&lt;2&gt;" type="junit.framework.AssertionFailedError">junit.framework.AssertionFailedError: Unexpected warnings or errors.
 Warning:JSC_UNDEFINED_EXTERN_VAR_ERROR. name extern is not defined in the externs. at externs line 1 : 0
Warning:JSC_UNREACHABLE_CODE. unreachable code at i0 line 1 : 0
 expected:&lt;1&gt; but was:&lt;2&gt;
	at com.google.javascript.jscomp.IntegrationTestCase.checkUnexpectedErrorsOrWarnings(IntegrationTestCase.java:219)
	at com.google.javascript.jscomp.IntegrationTestCase.test(IntegrationTestCase.java:137)
	at com.google.javascript.jscomp.IntegrationTestCase.test(IntegrationTestCase.java:121)
	at com.google.javascript.jscomp.IntegrationTest.testRecoverOnBadExterns(IntegrationTest.java:1880)
</failure>
  </testcase>
  <testcase classname="com.google.javascript.jscomp.IntegrationTest" name="testDuplicateVariablesInExterns" time="0.001">
    <failure message="Expected no warnings or errors&#xa;Errors: &#xa;Warnings: &#xa;JSC_UNREACHABLE_CODE. unreachable code at i0 line 1 : 0 expected:&lt;0&gt; but was:&lt;1&gt;" type="junit.framework.AssertionFailedError">junit.framework.AssertionFailedError: Expected no warnings or errors
Errors: 
Warnings: 
JSC_UNREACHABLE_CODE. unreachable code at i0 line 1 : 0 expected:&lt;0&gt; but was:&lt;1&gt;
	at com.google.javascript.jscomp.IntegrationTestCase.test(IntegrationTestCase.java:97)
	at com.google.javascript.jscomp.IntegrationTestCase.testSame(IntegrationTestCase.java:78)
	at com.google.javascript.jscomp.IntegrationTestCase.testSame(IntegrationTestCase.java:74)
	at com.google.javascript.jscomp.IntegrationTest.testDuplicateVariablesInExterns(IntegrationTest.java:1893)
</failure>
  </testcase>
  <testcase classname="com.google.javascript.jscomp.IntegrationTest" name="testLanguageMode" time="0.003">
    <failure message="Expected no warnings or errors&#xa;Errors: &#xa;Warnings: &#xa;JSC_UNREACHABLE_CODE. unreachable code at i0 line 1 : 0 expected:&lt;0&gt; but was:&lt;1&gt;" type="junit.framework.AssertionFailedError">junit.framework.AssertionFailedError: Expected no warnings or errors
Errors: 
Warnings: 
JSC_UNREACHABLE_CODE. unreachable code at i0 line 1 : 0 expected:&lt;0&gt; but was:&lt;1&gt;
	at com.google.javascript.jscomp.IntegrationTestCase.test(IntegrationTestCase.java:97)
	at com.google.javascript.jscomp.IntegrationTestCase.testSame(IntegrationTestCase.java:78)
	at com.google.javascript.jscomp.IntegrationTestCase.testSame(IntegrationTestCase.java:74)
	at com.google.javascript.jscomp.IntegrationTest.testLanguageMode(IntegrationTest.java:1916)
</failure>
  </testcase>
  <testcase classname="com.google.javascript.jscomp.IntegrationTest" name="testLanguageMode2" time="0.001">
    <failure message="Expected no warnings or errors&#xa;Errors: &#xa;Warnings: &#xa;JSC_UNREACHABLE_CODE. unreachable code at i0 line 1 : 0 expected:&lt;0&gt; but was:&lt;1&gt;" type="junit.framework.AssertionFailedError">junit.framework.AssertionFailedError: Expected no warnings or errors
Errors: 
Warnings: 
JSC_UNREACHABLE_CODE. unreachable code at i0 line 1 : 0 expected:&lt;0&gt; but was:&lt;1&gt;
	at com.google.javascript.jscomp.IntegrationTestCase.test(IntegrationTestCase.java:97)
	at com.google.javascript.jscomp.IntegrationTestCase.testSame(IntegrationTestCase.java:78)
	at com.google.javascript.jscomp.IntegrationTestCase.testSame(IntegrationTestCase.java:74)
	at com.google.javascript.jscomp.IntegrationTest.testLanguageMode2(IntegrationTest.java:1932)
</failure>
  </testcase>
  <testcase classname="com.google.javascript.jscomp.IntegrationTest" name="testIssue598" time="0.002">
    <error message="INTERNAL COMPILER ERROR.&#xa;Please report this problem.&#xa;&#xa;null&#xa;  Node(FUNCTION App): i0:2:0&#xa;function App() {}&#xa;  Parent(SCRIPT): i0:1:0&#xa;&apos;use strict&apos;;&#xa;" type="java.lang.RuntimeException">java.lang.RuntimeException: INTERNAL COMPILER ERROR.
Please report this problem.

null
  Node(FUNCTION App): i0:2:0
function App() {}
  Parent(SCRIPT): i0:1:0
&apos;use strict&apos;;

	at com.google.javascript.jscomp.CheckGlobalThis.shouldTraverse(CheckGlobalThis.java:94)
	at com.google.javascript.jscomp.CombinedCompilerPass$CallbackWrapper.shouldTraverseIfActive(CombinedCompilerPass.java:130)
	at com.google.javascript.jscomp.CombinedCompilerPass.shouldTraverse(CombinedCompilerPass.java:165)
	at com.google.javascript.jscomp.NodeTraversal.traverseBranch(NodeTraversal.java:557)
	at com.google.javascript.jscomp.NodeTraversal.traverseBranch(NodeTraversal.java:570)
	at com.google.javascript.jscomp.NodeTraversal.traverseBranch(NodeTraversal.java:570)
	at com.google.javascript.jscomp.NodeTraversal.traverse(NodeTraversal.java:289)
	at com.google.javascript.jscomp.NodeTraversal.traverse(NodeTraversal.java:528)
	at com.google.javascript.jscomp.CombinedCompilerPass.process(CombinedCompilerPass.java:154)
	at com.google.javascript.jscomp.PhaseOptimizer$NamedPass.process(PhaseOptimizer.java:285)
	at com.google.javascript.jscomp.PhaseOptimizer.process(PhaseOptimizer.java:217)
	at com.google.javascript.jscomp.Compiler.check(Compiler.java:844)
	at com.google.javascript.jscomp.Compiler.compileInternal(Compiler.java:757)
	at com.google.javascript.jscomp.Compiler.access$000(Compiler.java:95)
	at com.google.javascript.jscomp.Compiler$3.call(Compiler.java:656)
	at com.google.javascript.jscomp.Compiler$3.call(Compiler.java:653)
	at com.google.javascript.jscomp.Compiler$4.call(Compiler.java:700)
	at java.util.concurrent.FutureTask.run(FutureTask.java:262)
	at java.util.concurrent.ThreadPoolExecutor.runWorker(ThreadPoolExecutor.java:1145)
	at java.util.concurrent.ThreadPoolExecutor$Worker.run(ThreadPoolExecutor.java:615)
	at java.lang.Thread.run(Thread.java:745)
Caused by: java.lang.NullPointerException
</error>
  </testcase>
  <testcase classname="com.google.javascript.jscomp.IntegrationTest" name="testCheckStrictMode" time="0.001">
    <error message="INTERNAL COMPILER ERROR.&#xa;Please report this problem.&#xa;&#xa;null&#xa;  Node(FUNCTION App): i0:1:0&#xa;function App() {}&#xa;  Parent(SCRIPT): i0:1:0&#xa;function App() {}&#xa;" type="java.lang.RuntimeException">java.lang.RuntimeException: INTERNAL COMPILER ERROR.
Please report this problem.

null
  Node(FUNCTION App): i0:1:0
function App() {}
  Parent(SCRIPT): i0:1:0
function App() {}

	at com.google.javascript.jscomp.CheckGlobalThis.shouldTraverse(CheckGlobalThis.java:94)
	at com.google.javascript.jscomp.CombinedCompilerPass$CallbackWrapper.shouldTraverseIfActive(CombinedCompilerPass.java:130)
	at com.google.javascript.jscomp.CombinedCompilerPass.shouldTraverse(CombinedCompilerPass.java:165)
	at com.google.javascript.jscomp.NodeTraversal.traverseBranch(NodeTraversal.java:557)
	at com.google.javascript.jscomp.NodeTraversal.traverseBranch(NodeTraversal.java:570)
	at com.google.javascript.jscomp.NodeTraversal.traverseBranch(NodeTraversal.java:570)
	at com.google.javascript.jscomp.NodeTraversal.traverse(NodeTraversal.java:289)
	at com.google.javascript.jscomp.NodeTraversal.traverse(NodeTraversal.java:528)
	at com.google.javascript.jscomp.CombinedCompilerPass.process(CombinedCompilerPass.java:154)
	at com.google.javascript.jscomp.PhaseOptimizer$NamedPass.process(PhaseOptimizer.java:285)
	at com.google.javascript.jscomp.PhaseOptimizer.process(PhaseOptimizer.java:217)
	at com.google.javascript.jscomp.Compiler.check(Compiler.java:844)
	at com.google.javascript.jscomp.Compiler.compileInternal(Compiler.java:757)
	at com.google.javascript.jscomp.Compiler.access$000(Compiler.java:95)
	at com.google.javascript.jscomp.Compiler$3.call(Compiler.java:656)
	at com.google.javascript.jscomp.Compiler$3.call(Compiler.java:653)
	at com.google.javascript.jscomp.Compiler$4.call(Compiler.java:700)
	at java.util.concurrent.FutureTask.run(FutureTask.java:262)
	at java.util.concurrent.ThreadPoolExecutor.runWorker(ThreadPoolExecutor.java:1145)
	at java.util.concurrent.ThreadPoolExecutor$Worker.run(ThreadPoolExecutor.java:615)
	at java.lang.Thread.run(Thread.java:745)
Caused by: java.lang.NullPointerException
</error>
  </testcase>
  <testcase classname="com.google.javascript.jscomp.IntegrationTest" name="testIssue701" time="0.002">
    <failure message="Expected no warnings or errors&#xa;Errors: &#xa;Warnings: &#xa;JSC_UNREACHABLE_CODE. unreachable code at i0 line 6 : 2 expected:&lt;0&gt; but was:&lt;1&gt;" type="junit.framework.AssertionFailedError">junit.framework.AssertionFailedError: Expected no warnings or errors
Errors: 
Warnings: 
JSC_UNREACHABLE_CODE. unreachable code at i0 line 6 : 2 expected:&lt;0&gt; but was:&lt;1&gt;
	at com.google.javascript.jscomp.IntegrationTestCase.test(IntegrationTestCase.java:97)
	at com.google.javascript.jscomp.IntegrationTestCase.testSame(IntegrationTestCase.java:78)
	at com.google.javascript.jscomp.IntegrationTestCase.testSame(IntegrationTestCase.java:74)
	at com.google.javascript.jscomp.IntegrationTest.testIssue701(IntegrationTest.java:1999)
</failure>
  </testcase>
  <testcase classname="com.google.javascript.jscomp.IntegrationTest" name="testIssue730" time="0.002">
    <error message="INTERNAL COMPILER ERROR.&#xa;Please report this problem.&#xa;&#xa;null&#xa;  Node(FUNCTION ): i0:3:22&#xa;B.prototype.dostuff = function() {this.a.foo++;alert(&apos;hi&apos;);}&#xa;  Parent(ASSIGN): i0:3:0&#xa;B.prototype.dostuff = function() {this.a.foo++;alert(&apos;hi&apos;);}&#xa;" type="java.lang.RuntimeException">java.lang.RuntimeException: INTERNAL COMPILER ERROR.
Please report this problem.

null
  Node(FUNCTION ): i0:3:22
B.prototype.dostuff = function() {this.a.foo++;alert(&apos;hi&apos;);}
  Parent(ASSIGN): i0:3:0
B.prototype.dostuff = function() {this.a.foo++;alert(&apos;hi&apos;);}

	at com.google.javascript.jscomp.CheckGlobalThis.shouldTraverse(CheckGlobalThis.java:94)
	at com.google.javascript.jscomp.CombinedCompilerPass$CallbackWrapper.shouldTraverseIfActive(CombinedCompilerPass.java:130)
	at com.google.javascript.jscomp.CombinedCompilerPass.shouldTraverse(CombinedCompilerPass.java:165)
	at com.google.javascript.jscomp.NodeTraversal.traverseBranch(NodeTraversal.java:557)
	at com.google.javascript.jscomp.NodeTraversal.traverseBranch(NodeTraversal.java:570)
	at com.google.javascript.jscomp.NodeTraversal.traverseBranch(NodeTraversal.java:570)
	at com.google.javascript.jscomp.NodeTraversal.traverseBranch(NodeTraversal.java:570)
	at com.google.javascript.jscomp.NodeTraversal.traverseBranch(NodeTraversal.java:570)
	at com.google.javascript.jscomp.NodeTraversal.traverse(NodeTraversal.java:289)
	at com.google.javascript.jscomp.NodeTraversal.traverse(NodeTraversal.java:528)
	at com.google.javascript.jscomp.CombinedCompilerPass.process(CombinedCompilerPass.java:154)
	at com.google.javascript.jscomp.PhaseOptimizer$NamedPass.process(PhaseOptimizer.java:285)
	at com.google.javascript.jscomp.PhaseOptimizer.process(PhaseOptimizer.java:217)
	at com.google.javascript.jscomp.Compiler.check(Compiler.java:844)
	at com.google.javascript.jscomp.Compiler.compileInternal(Compiler.java:757)
	at com.google.javascript.jscomp.Compiler.access$000(Compiler.java:95)
	at com.google.javascript.jscomp.Compiler$3.call(Compiler.java:656)
	at com.google.javascript.jscomp.Compiler$3.call(Compiler.java:653)
	at com.google.javascript.jscomp.Compiler$4.call(Compiler.java:700)
	at java.util.concurrent.FutureTask.run(FutureTask.java:262)
	at java.util.concurrent.ThreadPoolExecutor.runWorker(ThreadPoolExecutor.java:1145)
	at java.util.concurrent.ThreadPoolExecutor$Worker.run(ThreadPoolExecutor.java:615)
	at java.lang.Thread.run(Thread.java:745)
Caused by: java.lang.NullPointerException
</error>
  </testcase>
  <testcase classname="com.google.javascript.jscomp.IntegrationTest" name="testAddFunctionProperties1" time="0.001">
    <error message="INTERNAL COMPILER ERROR.&#xa;Please report this problem.&#xa;&#xa;null&#xa;  Node(FUNCTION ): i0:1:31&#xa;var Foo = {};var addFuncProp = function(o) {  o.f = function() {}};addFuncProp(Foo);alert(Foo.f());&#xa;  Parent(NAME addFuncProp): i0:1:17&#xa;var Foo = {};var addFuncProp = function(o) {  o.f = function() {}};addFuncProp(Foo);alert(Foo.f());&#xa;" type="java.lang.RuntimeException">java.lang.RuntimeException: INTERNAL COMPILER ERROR.
Please report this problem.

null
  Node(FUNCTION ): i0:1:31
var Foo = {};var addFuncProp = function(o) {  o.f = function() {}};addFuncProp(Foo);alert(Foo.f());
  Parent(NAME addFuncProp): i0:1:17
var Foo = {};var addFuncProp = function(o) {  o.f = function() {}};addFuncProp(Foo);alert(Foo.f());

	at com.google.javascript.jscomp.CheckGlobalThis.shouldTraverse(CheckGlobalThis.java:94)
	at com.google.javascript.jscomp.CombinedCompilerPass$CallbackWrapper.shouldTraverseIfActive(CombinedCompilerPass.java:130)
	at com.google.javascript.jscomp.CombinedCompilerPass.shouldTraverse(CombinedCompilerPass.java:165)
	at com.google.javascript.jscomp.NodeTraversal.traverseBranch(NodeTraversal.java:557)
	at com.google.javascript.jscomp.NodeTraversal.traverseBranch(NodeTraversal.java:570)
	at com.google.javascript.jscomp.NodeTraversal.traverseBranch(NodeTraversal.java:570)
	at com.google.javascript.jscomp.NodeTraversal.traverseBranch(NodeTraversal.java:570)
	at com.google.javascript.jscomp.NodeTraversal.traverseBranch(NodeTraversal.java:570)
	at com.google.javascript.jscomp.NodeTraversal.traverse(NodeTraversal.java:289)
	at com.google.javascript.jscomp.NodeTraversal.traverse(NodeTraversal.java:528)
	at com.google.javascript.jscomp.CombinedCompilerPass.process(CombinedCompilerPass.java:154)
	at com.google.javascript.jscomp.PhaseOptimizer$NamedPass.process(PhaseOptimizer.java:285)
	at com.google.javascript.jscomp.PhaseOptimizer.process(PhaseOptimizer.java:217)
	at com.google.javascript.jscomp.Compiler.check(Compiler.java:844)
	at com.google.javascript.jscomp.Compiler.compileInternal(Compiler.java:757)
	at com.google.javascript.jscomp.Compiler.access$000(Compiler.java:95)
	at com.google.javascript.jscomp.Compiler$3.call(Compiler.java:656)
	at com.google.javascript.jscomp.Compiler$3.call(Compiler.java:653)
	at com.google.javascript.jscomp.Compiler$4.call(Compiler.java:700)
	at java.util.concurrent.FutureTask.run(FutureTask.java:262)
	at java.util.concurrent.ThreadPoolExecutor.runWorker(ThreadPoolExecutor.java:1145)
	at java.util.concurrent.ThreadPoolExecutor$Worker.run(ThreadPoolExecutor.java:615)
	at java.lang.Thread.run(Thread.java:745)
Caused by: java.lang.NullPointerException
</error>
  </testcase>
  <testcase classname="com.google.javascript.jscomp.IntegrationTest" name="testAddFunctionProperties2" time="0.011">
    <failure message="Expected no warnings or errors&#xa;Errors: &#xa;Warnings: &#xa;JSC_UNREACHABLE_CODE. unreachable code at i0 line 1 : 20 expected:&lt;0&gt; but was:&lt;1&gt;" type="junit.framework.AssertionFailedError">junit.framework.AssertionFailedError: Expected no warnings or errors
Errors: 
Warnings: 
JSC_UNREACHABLE_CODE. unreachable code at i0 line 1 : 20 expected:&lt;0&gt; but was:&lt;1&gt;
	at com.google.javascript.jscomp.IntegrationTestCase.test(IntegrationTestCase.java:97)
	at com.google.javascript.jscomp.IntegrationTestCase.test(IntegrationTestCase.java:87)
	at com.google.javascript.jscomp.IntegrationTest.testAddFunctionProperties2(IntegrationTest.java:2085)
</failure>
  </testcase>
  <testcase classname="com.google.javascript.jscomp.IntegrationTest" name="testAddFunctionProperties3" time="0.008">
    <failure message="Expected no warnings or errors&#xa;Errors: &#xa;Warnings: &#xa;JSC_UNREACHABLE_CODE. unreachable code at i0 line 1 : 20 expected:&lt;0&gt; but was:&lt;1&gt;" type="junit.framework.AssertionFailedError">junit.framework.AssertionFailedError: Expected no warnings or errors
Errors: 
Warnings: 
JSC_UNREACHABLE_CODE. unreachable code at i0 line 1 : 20 expected:&lt;0&gt; but was:&lt;1&gt;
	at com.google.javascript.jscomp.IntegrationTestCase.test(IntegrationTestCase.java:97)
	at com.google.javascript.jscomp.IntegrationTestCase.test(IntegrationTestCase.java:87)
	at com.google.javascript.jscomp.IntegrationTest.testAddFunctionProperties3(IntegrationTest.java:2107)
</failure>
  </testcase>
  <testcase classname="com.google.javascript.jscomp.IntegrationTest" name="testAddFunctionProperties4" time="0.002">
    <error message="INTERNAL COMPILER ERROR.&#xa;Please report this problem.&#xa;&#xa;null&#xa;  Node(FUNCTION ): i0:1:83&#xa;/** @constructor */var Foo = function() {};var goog = {};goog.addSingletonGetter = function(o) {  o.f = function() {    o.i = new o;  };};goog.addSingletonGetter(Foo);alert(Foo.f());&#xa;  Parent(ASSIGN): i0:1:57&#xa;/** @constructor */var Foo = function() {};var goog = {};goog.addSingletonGetter = function(o) {  o.f = function() {    o.i = new o;  };};goog.addSingletonGetter(Foo);alert(Foo.f());&#xa;" type="java.lang.RuntimeException">java.lang.RuntimeException: INTERNAL COMPILER ERROR.
Please report this problem.

null
  Node(FUNCTION ): i0:1:83
/** @constructor */var Foo = function() {};var goog = {};goog.addSingletonGetter = function(o) {  o.f = function() {    o.i = new o;  };};goog.addSingletonGetter(Foo);alert(Foo.f());
  Parent(ASSIGN): i0:1:57
/** @constructor */var Foo = function() {};var goog = {};goog.addSingletonGetter = function(o) {  o.f = function() {    o.i = new o;  };};goog.addSingletonGetter(Foo);alert(Foo.f());

	at com.google.javascript.jscomp.CheckGlobalThis.shouldTraverse(CheckGlobalThis.java:94)
	at com.google.javascript.jscomp.CombinedCompilerPass$CallbackWrapper.shouldTraverseIfActive(CombinedCompilerPass.java:130)
	at com.google.javascript.jscomp.CombinedCompilerPass.shouldTraverse(CombinedCompilerPass.java:165)
	at com.google.javascript.jscomp.NodeTraversal.traverseBranch(NodeTraversal.java:557)
	at com.google.javascript.jscomp.NodeTraversal.traverseBranch(NodeTraversal.java:570)
	at com.google.javascript.jscomp.NodeTraversal.traverseBranch(NodeTraversal.java:570)
	at com.google.javascript.jscomp.NodeTraversal.traverseBranch(NodeTraversal.java:570)
	at com.google.javascript.jscomp.NodeTraversal.traverseBranch(NodeTraversal.java:570)
	at com.google.javascript.jscomp.NodeTraversal.traverse(NodeTraversal.java:289)
	at com.google.javascript.jscomp.NodeTraversal.traverse(NodeTraversal.java:528)
	at com.google.javascript.jscomp.CombinedCompilerPass.process(CombinedCompilerPass.java:154)
	at com.google.javascript.jscomp.PhaseOptimizer$NamedPass.process(PhaseOptimizer.java:285)
	at com.google.javascript.jscomp.PhaseOptimizer.process(PhaseOptimizer.java:217)
	at com.google.javascript.jscomp.Compiler.check(Compiler.java:844)
	at com.google.javascript.jscomp.Compiler.compileInternal(Compiler.java:757)
	at com.google.javascript.jscomp.Compiler.access$000(Compiler.java:95)
	at com.google.javascript.jscomp.Compiler$3.call(Compiler.java:656)
	at com.google.javascript.jscomp.Compiler$3.call(Compiler.java:653)
	at com.google.javascript.jscomp.Compiler$4.call(Compiler.java:700)
	at java.util.concurrent.FutureTask.run(FutureTask.java:262)
	at java.util.concurrent.ThreadPoolExecutor.runWorker(ThreadPoolExecutor.java:1145)
	at java.util.concurrent.ThreadPoolExecutor$Worker.run(ThreadPoolExecutor.java:615)
	at java.lang.Thread.run(Thread.java:745)
Caused by: java.lang.NullPointerException
</error>
  </testcase>
  <testcase classname="com.google.javascript.jscomp.IntegrationTest" name="testCoaleseVariables" time="0.006" />
  <testcase classname="com.google.javascript.jscomp.IntegrationTest" name="testLateStatementFusion" time="0.002">
    <failure message="Expected no warnings or errors&#xa;Errors: &#xa;Warnings: &#xa;JSC_UNREACHABLE_CODE. unreachable code at i0 line 1 : 0 expected:&lt;0&gt; but was:&lt;1&gt;" type="junit.framework.AssertionFailedError">junit.framework.AssertionFailedError: Expected no warnings or errors
Errors: 
Warnings: 
JSC_UNREACHABLE_CODE. unreachable code at i0 line 1 : 0 expected:&lt;0&gt; but was:&lt;1&gt;
	at com.google.javascript.jscomp.IntegrationTestCase.test(IntegrationTestCase.java:97)
	at com.google.javascript.jscomp.IntegrationTestCase.test(IntegrationTestCase.java:87)
	at com.google.javascript.jscomp.IntegrationTest.testLateStatementFusion(IntegrationTest.java:2200)
</failure>
  </testcase>
  <testcase classname="com.google.javascript.jscomp.IntegrationTest" name="testLateConstantReordering" time="0.003">
    <failure message="Expected no warnings or errors&#xa;Errors: &#xa;Warnings: &#xa;JSC_UNREACHABLE_CODE. unreachable code at i0 line 1 : 0 expected:&lt;0&gt; but was:&lt;1&gt;" type="junit.framework.AssertionFailedError">junit.framework.AssertionFailedError: Expected no warnings or errors
Errors: 
Warnings: 
JSC_UNREACHABLE_CODE. unreachable code at i0 line 1 : 0 expected:&lt;0&gt; but was:&lt;1&gt;
	at com.google.javascript.jscomp.IntegrationTestCase.test(IntegrationTestCase.java:97)
	at com.google.javascript.jscomp.IntegrationTestCase.test(IntegrationTestCase.java:87)
	at com.google.javascript.jscomp.IntegrationTest.testLateConstantReordering(IntegrationTest.java:2206)
</failure>
  </testcase>
  <testcase classname="com.google.javascript.jscomp.IntegrationTest" name="testsyntheticBlockOnDeadAssignments" time="0.002">
    <failure message="Expected no warnings or errors&#xa;Errors: &#xa;JSC_CONSTANT_REASSIGNED_VALUE_ERROR. constant x assigned a value more than once.&#xa;Original definition at i0:1 at i0 line 1 : 23Warnings: &#xa;JSC_UNREACHABLE_CODE. unreachable code at i0 line 1 : 0 expected:&lt;0&gt; but was:&lt;2&gt;" type="junit.framework.AssertionFailedError">junit.framework.AssertionFailedError: Expected no warnings or errors
Errors: 
Original definition at i0:1 at i0 line 1 : 23Warnings: 
JSC_UNREACHABLE_CODE. unreachable code at i0 line 1 : 0 expected:&lt;0&gt; but was:&lt;2&gt;
	at com.google.javascript.jscomp.IntegrationTestCase.test(IntegrationTestCase.java:97)
	at com.google.javascript.jscomp.IntegrationTestCase.test(IntegrationTestCase.java:87)
	at com.google.javascript.jscomp.IntegrationTest.testsyntheticBlockOnDeadAssignments(IntegrationTest.java:2216)
</failure>
  </testcase>
  <testcase classname="com.google.javascript.jscomp.IntegrationTest" name="testBug4152835" time="0.002">
    <failure message="Expected no warnings or errors&#xa;Errors: &#xa;Warnings: &#xa;JSC_UNREACHABLE_CODE. unreachable code at i0 line 1 : 0 expected:&lt;0&gt; but was:&lt;1&gt;" type="junit.framework.AssertionFailedError">junit.framework.AssertionFailedError: Expected no warnings or errors
Errors: 
Warnings: 
JSC_UNREACHABLE_CODE. unreachable code at i0 line 1 : 0 expected:&lt;0&gt; but was:&lt;1&gt;
	at com.google.javascript.jscomp.IntegrationTestCase.test(IntegrationTestCase.java:97)
	at com.google.javascript.jscomp.IntegrationTestCase.test(IntegrationTestCase.java:87)
	at com.google.javascript.jscomp.IntegrationTest.testBug4152835(IntegrationTest.java:2225)
</failure>
  </testcase>
  <testcase classname="com.google.javascript.jscomp.IntegrationTest" name="testNoFuseIntoSyntheticBlock" time="0.003">
    <failure message="Expected no warnings or errors&#xa;Errors: &#xa;Warnings: &#xa;JSC_UNREACHABLE_CODE. unreachable code at i0 line 1 : 0 expected:&lt;0&gt; but was:&lt;1&gt;" type="junit.framework.AssertionFailedError">junit.framework.AssertionFailedError: Expected no warnings or errors
Errors: 
Warnings: 
JSC_UNREACHABLE_CODE. unreachable code at i0 line 1 : 0 expected:&lt;0&gt; but was:&lt;1&gt;
	at com.google.javascript.jscomp.IntegrationTestCase.test(IntegrationTestCase.java:97)
	at com.google.javascript.jscomp.IntegrationTestCase.testSame(IntegrationTestCase.java:78)
	at com.google.javascript.jscomp.IntegrationTestCase.testSame(IntegrationTestCase.java:74)
	at com.google.javascript.jscomp.IntegrationTest.testNoFuseIntoSyntheticBlock(IntegrationTest.java:2234)
</failure>
  </testcase>
  <testcase classname="com.google.javascript.jscomp.IntegrationTest" name="testBug5786871" time="0.002">
    <failure message="Unexpected warnings: JSC_UNREACHABLE_CODE. unreachable code at i0 line 1 : 0 expected:&lt;0&gt; but was:&lt;1&gt;" type="junit.framework.AssertionFailedError">junit.framework.AssertionFailedError: Unexpected warnings: JSC_UNREACHABLE_CODE. unreachable code at i0 line 1 : 0 expected:&lt;0&gt; but was:&lt;1&gt;
	at com.google.javascript.jscomp.IntegrationTestCase.testParseError(IntegrationTestCase.java:174)
	at com.google.javascript.jscomp.IntegrationTestCase.testParseError(IntegrationTestCase.java:160)
	at com.google.javascript.jscomp.IntegrationTest.testBug5786871(IntegrationTest.java:2245)
</failure>
  </testcase>
  <testcase classname="com.google.javascript.jscomp.IntegrationTest" name="testIssue378" time="0.003">
    <failure message="Expected no warnings or errors&#xa;Errors: &#xa;Warnings: &#xa;JSC_UNREACHABLE_CODE. unreachable code at i0 line 1 : 0 expected:&lt;0&gt; but was:&lt;1&gt;" type="junit.framework.AssertionFailedError">junit.framework.AssertionFailedError: Expected no warnings or errors
Errors: 
Warnings: 
JSC_UNREACHABLE_CODE. unreachable code at i0 line 1 : 0 expected:&lt;0&gt; but was:&lt;1&gt;
	at com.google.javascript.jscomp.IntegrationTestCase.test(IntegrationTestCase.java:97)
	at com.google.javascript.jscomp.IntegrationTestCase.testSame(IntegrationTestCase.java:78)
	at com.google.javascript.jscomp.IntegrationTestCase.testSame(IntegrationTestCase.java:74)
	at com.google.javascript.jscomp.IntegrationTest.testIssue378(IntegrationTest.java:2252)
</failure>
  </testcase>
  <testcase classname="com.google.javascript.jscomp.IntegrationTest" name="testIssue550" time="0.002">
    <failure message="Expected no warnings or errors&#xa;Errors: &#xa;JSC_CONSTANT_REASSIGNED_VALUE_ERROR. constant a assigned a value more than once.&#xa;Original definition at i0:2 at i0 line 3 : 2&#xa;JSC_CONSTANT_REASSIGNED_VALUE_ERROR. constant a assigned a value more than once.&#xa;Original definition at i0:2 at i0 line 4 : 2Warnings: &#xa;JSC_UNREACHABLE_CODE. unreachable code at i0 line 1 : 0 expected:&lt;0&gt; but was:&lt;3&gt;" type="junit.framework.AssertionFailedError">junit.framework.AssertionFailedError: Expected no warnings or errors
Errors: 
Original definition at i0:2 at i0 line 3 : 2
Original definition at i0:2 at i0 line 4 : 2Warnings: 
JSC_UNREACHABLE_CODE. unreachable code at i0 line 1 : 0 expected:&lt;0&gt; but was:&lt;3&gt;
	at com.google.javascript.jscomp.IntegrationTestCase.test(IntegrationTestCase.java:97)
	at com.google.javascript.jscomp.IntegrationTestCase.test(IntegrationTestCase.java:87)
	at com.google.javascript.jscomp.IntegrationTest.testIssue550(IntegrationTest.java:2265)
</failure>
  </testcase>
  <testcase classname="com.google.javascript.jscomp.IntegrationTest" name="testIssue1168" time="0.006" />
  <testcase classname="com.google.javascript.jscomp.IntegrationTest" name="testIssue1198" time="0.005" />
  <testcase classname="com.google.javascript.jscomp.IntegrationTest" name="testIssue1131" time="0.001">
    <error message="INTERNAL COMPILER ERROR.&#xa;Please report this problem.&#xa;&#xa;null&#xa;  Node(FUNCTION f): i0:1:0&#xa;function f(k) { return k(k); } alert(f(f));&#xa;  Parent(SCRIPT): i0:1:0&#xa;function f(k) { return k(k); } alert(f(f));&#xa;" type="java.lang.RuntimeException">java.lang.RuntimeException: INTERNAL COMPILER ERROR.
Please report this problem.

null
  Node(FUNCTION f): i0:1:0
function f(k) { return k(k); } alert(f(f));
  Parent(SCRIPT): i0:1:0
function f(k) { return k(k); } alert(f(f));

	at com.google.javascript.jscomp.CheckGlobalThis.shouldTraverse(CheckGlobalThis.java:94)
	at com.google.javascript.jscomp.CombinedCompilerPass$CallbackWrapper.shouldTraverseIfActive(CombinedCompilerPass.java:130)
	at com.google.javascript.jscomp.CombinedCompilerPass.shouldTraverse(CombinedCompilerPass.java:165)
	at com.google.javascript.jscomp.NodeTraversal.traverseBranch(NodeTraversal.java:557)
	at com.google.javascript.jscomp.NodeTraversal.traverseBranch(NodeTraversal.java:570)
	at com.google.javascript.jscomp.NodeTraversal.traverseBranch(NodeTraversal.java:570)
	at com.google.javascript.jscomp.NodeTraversal.traverse(NodeTraversal.java:289)
	at com.google.javascript.jscomp.NodeTraversal.traverse(NodeTraversal.java:528)
	at com.google.javascript.jscomp.CombinedCompilerPass.process(CombinedCompilerPass.java:154)
	at com.google.javascript.jscomp.PhaseOptimizer$NamedPass.process(PhaseOptimizer.java:285)
	at com.google.javascript.jscomp.PhaseOptimizer.process(PhaseOptimizer.java:217)
	at com.google.javascript.jscomp.Compiler.check(Compiler.java:844)
	at com.google.javascript.jscomp.Compiler.compileInternal(Compiler.java:757)
	at com.google.javascript.jscomp.Compiler.access$000(Compiler.java:95)
	at com.google.javascript.jscomp.Compiler$3.call(Compiler.java:656)
	at com.google.javascript.jscomp.Compiler$3.call(Compiler.java:653)
	at com.google.javascript.jscomp.Compiler$4.call(Compiler.java:700)
	at java.util.concurrent.FutureTask.run(FutureTask.java:262)
	at java.util.concurrent.ThreadPoolExecutor.runWorker(ThreadPoolExecutor.java:1145)
	at java.util.concurrent.ThreadPoolExecutor$Worker.run(ThreadPoolExecutor.java:615)
	at java.lang.Thread.run(Thread.java:745)
Caused by: java.lang.NullPointerException
</error>
  </testcase>
  <testcase classname="com.google.javascript.jscomp.IntegrationTest" name="testIssue284" time="0.003">
    <failure message="Expected no warnings or errors&#xa;Errors: &#xa;Warnings: &#xa;JSC_UNREACHABLE_CODE. unreachable code at i0 line 1 : 0 expected:&lt;0&gt; but was:&lt;1&gt;" type="junit.framework.AssertionFailedError">junit.framework.AssertionFailedError: Expected no warnings or errors
Errors: 
Warnings: 
JSC_UNREACHABLE_CODE. unreachable code at i0 line 1 : 0 expected:&lt;0&gt; but was:&lt;1&gt;
	at com.google.javascript.jscomp.IntegrationTestCase.test(IntegrationTestCase.java:97)
	at com.google.javascript.jscomp.IntegrationTestCase.test(IntegrationTestCase.java:87)
	at com.google.javascript.jscomp.IntegrationTest.testIssue284(IntegrationTest.java:2313)
</failure>
  </testcase>
  <testcase classname="com.google.javascript.jscomp.IntegrationTest" name="testIssue772" time="0.004">
    <failure message="Expected no warnings or errors&#xa;Errors: &#xa;Warnings: &#xa;JSC_UNREACHABLE_CODE. unreachable code at i0 line 1 : 14 expected:&lt;0&gt; but was:&lt;1&gt;" type="junit.framework.AssertionFailedError">junit.framework.AssertionFailedError: Expected no warnings or errors
Errors: 
Warnings: 
JSC_UNREACHABLE_CODE. unreachable code at i0 line 1 : 14 expected:&lt;0&gt; but was:&lt;1&gt;
	at com.google.javascript.jscomp.IntegrationTestCase.test(IntegrationTestCase.java:97)
	at com.google.javascript.jscomp.IntegrationTestCase.test(IntegrationTestCase.java:87)
	at com.google.javascript.jscomp.IntegrationTest.testIssue772(IntegrationTest.java:2333)
</failure>
  </testcase>
  <testcase classname="com.google.javascript.jscomp.IntegrationTest" name="testSuppressBadGoogRequire" time="0.004">
    <failure message="Expected no warnings or errors&#xa;Errors: &#xa;Warnings: &#xa;JSC_UNREACHABLE_CODE. unreachable code at i0 line 2 : 0 expected:&lt;0&gt; but was:&lt;1&gt;" type="junit.framework.AssertionFailedError">junit.framework.AssertionFailedError: Expected no warnings or errors
Errors: 
Warnings: 
JSC_UNREACHABLE_CODE. unreachable code at i0 line 2 : 0 expected:&lt;0&gt; but was:&lt;1&gt;
	at com.google.javascript.jscomp.IntegrationTestCase.test(IntegrationTestCase.java:97)
	at com.google.javascript.jscomp.IntegrationTestCase.test(IntegrationTestCase.java:87)
	at com.google.javascript.jscomp.IntegrationTest.testSuppressBadGoogRequire(IntegrationTest.java:2357)
</failure>
  </testcase>
  <testcase classname="com.google.javascript.jscomp.IntegrationTest" name="testIssue1204" time="0.009">
    <failure message="Expected no warnings or errors&#xa;Errors: &#xa;Warnings: &#xa;JSC_UNREACHABLE_CODE. unreachable code at i0 line 1 : 0 expected:&lt;0&gt; but was:&lt;1&gt;" type="junit.framework.AssertionFailedError">junit.framework.AssertionFailedError: Expected no warnings or errors
Errors: 
Warnings: 
JSC_UNREACHABLE_CODE. unreachable code at i0 line 1 : 0 expected:&lt;0&gt; but was:&lt;1&gt;
	at com.google.javascript.jscomp.IntegrationTestCase.test(IntegrationTestCase.java:97)
	at com.google.javascript.jscomp.IntegrationTestCase.test(IntegrationTestCase.java:87)
	at com.google.javascript.jscomp.IntegrationTest.testIssue1204(IntegrationTest.java:2372)
</failure>
  </testcase>
  <testcase classname="com.google.javascript.jscomp.IntegrationTest" name="testCodingConvention" time="0.001" />
  <testcase classname="com.google.javascript.jscomp.IntegrationTest" name="testJQueryStringSplitLoops" time="0.001">
    <failure message="Expected no warnings or errors&#xa;Errors: &#xa;Warnings: &#xa;JSC_UNREACHABLE_CODE. unreachable code at i0 line 1 : 0 expected:&lt;0&gt; but was:&lt;1&gt;" type="junit.framework.AssertionFailedError">junit.framework.AssertionFailedError: Expected no warnings or errors
Errors: 
Warnings: 
JSC_UNREACHABLE_CODE. unreachable code at i0 line 1 : 0 expected:&lt;0&gt; but was:&lt;1&gt;
	at com.google.javascript.jscomp.IntegrationTestCase.test(IntegrationTestCase.java:97)
	at com.google.javascript.jscomp.IntegrationTestCase.test(IntegrationTestCase.java:87)
	at com.google.javascript.jscomp.IntegrationTest.testJQueryStringSplitLoops(IntegrationTest.java:2391)
</failure>
  </testcase>
  <testcase classname="com.google.javascript.jscomp.IntegrationTest" name="testAlwaysRunSafetyCheck" time="0.004" />
  <testcase classname="com.google.javascript.jscomp.IntegrationTest" name="testSuppressEs5StrictWarning" time="0.002">
    <failure message="Expected no warnings or errors&#xa;Errors: &#xa;Warnings: &#xa;JSC_UNREACHABLE_CODE. unreachable code at i0 line 2 : 0 expected:&lt;0&gt; but was:&lt;1&gt;" type="junit.framework.AssertionFailedError">junit.framework.AssertionFailedError: Expected no warnings or errors
Errors: 
Warnings: 
JSC_UNREACHABLE_CODE. unreachable code at i0 line 2 : 0 expected:&lt;0&gt; but was:&lt;1&gt;
	at com.google.javascript.jscomp.IntegrationTestCase.test(IntegrationTestCase.java:97)
	at com.google.javascript.jscomp.IntegrationTestCase.test(IntegrationTestCase.java:87)
	at com.google.javascript.jscomp.IntegrationTest.testSuppressEs5StrictWarning(IntegrationTest.java:2432)
</failure>
  </testcase>
  <testcase classname="com.google.javascript.jscomp.IntegrationTest" name="testCheckProvidesWarning" time="0.002">
    <failure message="Unexpected warnings or errors.&#xa; Warning:JSC_UNREACHABLE_CODE. unreachable code at i0 line 2 : 0&#xa;Warning:JSC_MISSING_PROVIDE. missing goog.provide(&apos;f&apos;) at i0 line 2 : 9&#xa; expected:&lt;1&gt; but was:&lt;2&gt;" type="junit.framework.AssertionFailedError">junit.framework.AssertionFailedError: Unexpected warnings or errors.
 Warning:JSC_UNREACHABLE_CODE. unreachable code at i0 line 2 : 0
Warning:JSC_MISSING_PROVIDE. missing goog.provide(&apos;f&apos;) at i0 line 2 : 9
 expected:&lt;1&gt; but was:&lt;2&gt;
	at com.google.javascript.jscomp.IntegrationTestCase.checkUnexpectedErrorsOrWarnings(IntegrationTestCase.java:219)
	at com.google.javascript.jscomp.IntegrationTestCase.test(IntegrationTestCase.java:137)
	at com.google.javascript.jscomp.IntegrationTestCase.test(IntegrationTestCase.java:127)
	at com.google.javascript.jscomp.IntegrationTestCase.test(IntegrationTestCase.java:116)
	at com.google.javascript.jscomp.IntegrationTest.testCheckProvidesWarning(IntegrationTest.java:2443)
</failure>
  </testcase>
  <testcase classname="com.google.javascript.jscomp.IntegrationTest" name="testSuppressCheckProvidesWarning" time="0.002">
    <failure message="Expected no warnings or errors&#xa;Errors: &#xa;Warnings: &#xa;JSC_UNREACHABLE_CODE. unreachable code at i0 line 3 : 0 expected:&lt;0&gt; but was:&lt;1&gt;" type="junit.framework.AssertionFailedError">junit.framework.AssertionFailedError: Expected no warnings or errors
Errors: 
Warnings: 
JSC_UNREACHABLE_CODE. unreachable code at i0 line 3 : 0 expected:&lt;0&gt; but was:&lt;1&gt;
	at com.google.javascript.jscomp.IntegrationTestCase.test(IntegrationTestCase.java:97)
	at com.google.javascript.jscomp.IntegrationTestCase.testSame(IntegrationTestCase.java:78)
	at com.google.javascript.jscomp.IntegrationTestCase.testSame(IntegrationTestCase.java:74)
	at com.google.javascript.jscomp.IntegrationTest.testSuppressCheckProvidesWarning(IntegrationTest.java:2455)
</failure>
  </testcase>
  <testcase classname="com.google.javascript.jscomp.IntegrationTest" name="testSuppressCastWarning" time="0.004">
    <failure message="Unexpected warnings or errors.&#xa; Warning:JSC_UNREACHABLE_CODE. unreachable code at i0 line 1 : 0&#xa;Warning:JSC_INVALID_CAST. invalid cast - must be a subtype or supertype&#xa;from: number&#xa;to  : string at i0 line 1 : 47&#xa; expected:&lt;1&gt; but was:&lt;2&gt;" type="junit.framework.AssertionFailedError">junit.framework.AssertionFailedError: Unexpected warnings or errors.
 Warning:JSC_UNREACHABLE_CODE. unreachable code at i0 line 1 : 0
Warning:JSC_INVALID_CAST. invalid cast - must be a subtype or supertype
from: number
to  : string at i0 line 1 : 47
 expected:&lt;1&gt; but was:&lt;2&gt;
	at com.google.javascript.jscomp.IntegrationTestCase.checkUnexpectedErrorsOrWarnings(IntegrationTestCase.java:219)
	at com.google.javascript.jscomp.IntegrationTestCase.test(IntegrationTestCase.java:137)
	at com.google.javascript.jscomp.IntegrationTestCase.test(IntegrationTestCase.java:127)
	at com.google.javascript.jscomp.IntegrationTestCase.test(IntegrationTestCase.java:116)
	at com.google.javascript.jscomp.IntegrationTest.testSuppressCastWarning(IntegrationTest.java:2467)
</failure>
  </testcase>
  <testcase classname="com.google.javascript.jscomp.IntegrationTest" name="testLhsCast" time="0.002">
    <failure message="Expected no warnings or errors&#xa;Errors: &#xa;Warnings: &#xa;JSC_UNREACHABLE_CODE. unreachable code at i0 line 1 : 14 expected:&lt;0&gt; but was:&lt;1&gt;" type="junit.framework.AssertionFailedError">junit.framework.AssertionFailedError: Expected no warnings or errors
Errors: 
Warnings: 
JSC_UNREACHABLE_CODE. unreachable code at i0 line 1 : 14 expected:&lt;0&gt; but was:&lt;1&gt;
	at com.google.javascript.jscomp.IntegrationTestCase.test(IntegrationTestCase.java:97)
	at com.google.javascript.jscomp.IntegrationTestCase.test(IntegrationTestCase.java:87)
	at com.google.javascript.jscomp.IntegrationTest.testLhsCast(IntegrationTest.java:2484)
</failure>
  </testcase>
  <testcase classname="com.google.javascript.jscomp.IntegrationTest" name="testRenamePrefix" time="0.003">
    <failure message="Expected no warnings or errors&#xa;Errors: &#xa;Warnings: &#xa;JSC_UNREACHABLE_CODE. unreachable code at i0 line 1 : 0 expected:&lt;0&gt; but was:&lt;1&gt;" type="junit.framework.AssertionFailedError">junit.framework.AssertionFailedError: Expected no warnings or errors
Errors: 
Warnings: 
JSC_UNREACHABLE_CODE. unreachable code at i0 line 1 : 0 expected:&lt;0&gt; but was:&lt;1&gt;
	at com.google.javascript.jscomp.IntegrationTestCase.test(IntegrationTestCase.java:97)
	at com.google.javascript.jscomp.IntegrationTestCase.test(IntegrationTestCase.java:87)
	at com.google.javascript.jscomp.IntegrationTest.testRenamePrefix(IntegrationTest.java:2497)
</failure>
  </testcase>
  <testcase classname="com.google.javascript.jscomp.IntegrationTest" name="testRenamePrefixNamespace" time="0.002">
    <failure message="Expected no warnings or errors&#xa;Errors: &#xa;Warnings: &#xa;JSC_UNREACHABLE_CODE. unreachable code at i0 line 1 : 0 expected:&lt;0&gt; but was:&lt;1&gt;" type="junit.framework.AssertionFailedError">junit.framework.AssertionFailedError: Expected no warnings or errors
Errors: 
Warnings: 
JSC_UNREACHABLE_CODE. unreachable code at i0 line 1 : 0 expected:&lt;0&gt; but was:&lt;1&gt;
	at com.google.javascript.jscomp.IntegrationTestCase.test(IntegrationTestCase.java:97)
	at com.google.javascript.jscomp.IntegrationTestCase.testSame(IntegrationTestCase.java:78)
	at com.google.javascript.jscomp.IntegrationTestCase.testSame(IntegrationTestCase.java:74)
	at com.google.javascript.jscomp.IntegrationTest.testRenamePrefixNamespace(IntegrationTest.java:2505)
</failure>
  </testcase>
  <testcase classname="com.google.javascript.jscomp.IntegrationTest" name="testRenamePrefixNamespaceProtectSideEffects" time="0.002">
    <error message="Missing catch or finally for try statement.. Reference node:&#xa;TRY 1 [source_file: i0]&#xa;    BLOCK 1 [source_file: i0]&#xa;        EXPR_RESULT 1 [source_file: i0]&#xa;            POS 1 [source_file: i0]&#xa;                GETPROP 1 [source_file: i0]&#xa;                    NAME x 1 [is_constant_name: 1] [source_file: i0]&#xa;                    STRING FOO 1 [is_constant_name: 1] [source_file: i0]&#xa;    BLOCK 1 [source_file: i0]&#xa;        CATCH 1 [source_file: i0]&#xa;            NAME e 1 [is_constant_name: 1] [source_file: i0] [is_constant_var: 1]&#xa;            BLOCK 1 [source_file: i0]&#xa;" type="java.lang.IllegalStateException">java.lang.IllegalStateException: Missing catch or finally for try statement.. Reference node:
TRY 1 [source_file: i0]
    BLOCK 1 [source_file: i0]
        EXPR_RESULT 1 [source_file: i0]
            POS 1 [source_file: i0]
                GETPROP 1 [source_file: i0]
                    NAME x 1 [is_constant_name: 1] [source_file: i0]
                    STRING FOO 1 [is_constant_name: 1] [source_file: i0]
    BLOCK 1 [source_file: i0]
        CATCH 1 [source_file: i0]
            NAME e 1 [is_constant_name: 1] [source_file: i0] [is_constant_var: 1]
            BLOCK 1 [source_file: i0]

	at com.google.javascript.jscomp.AstValidator$1.handleViolation(AstValidator.java:54)
	at com.google.javascript.jscomp.AstValidator.violation(AstValidator.java:1167)
	at com.google.javascript.jscomp.AstValidator.validateTry(AstValidator.java:888)
	at com.google.javascript.jscomp.AstValidator.validateStatement(AstValidator.java:142)
	at com.google.javascript.jscomp.AstValidator.validateScript(AstValidator.java:91)
	at com.google.javascript.jscomp.AstValidator.validateCodeRoot(AstValidator.java:82)
	at com.google.javascript.jscomp.AstValidator.process(AstValidator.java:66)
	at com.google.javascript.jscomp.PhaseOptimizer$NamedPass.process(PhaseOptimizer.java:285)
	at com.google.javascript.jscomp.PhaseOptimizer.process(PhaseOptimizer.java:217)
	at com.google.javascript.jscomp.Compiler.optimize(Compiler.java:1978)
	at com.google.javascript.jscomp.Compiler.compileInternal(Compiler.java:764)
	at com.google.javascript.jscomp.Compiler.access$000(Compiler.java:95)
	at com.google.javascript.jscomp.Compiler$3.call(Compiler.java:656)
	at com.google.javascript.jscomp.Compiler$3.call(Compiler.java:653)
	at com.google.javascript.jscomp.Compiler$4.call(Compiler.java:700)
	at java.util.concurrent.FutureTask.run(FutureTask.java:262)
	at java.util.concurrent.ThreadPoolExecutor.runWorker(ThreadPoolExecutor.java:1145)
	at java.util.concurrent.ThreadPoolExecutor$Worker.run(ThreadPoolExecutor.java:615)
	at java.lang.Thread.run(Thread.java:745)
</error>
  </testcase>
  <testcase classname="com.google.javascript.jscomp.IntegrationTest" name="testRenameCollision" time="0.003">
    <error message="Missing catch or finally for try statement.. Reference node:&#xa;TRY 5 [source_file: i0]&#xa;    BLOCK 5 [source_file: i0]&#xa;        EXPR_RESULT 6 [source_file: i0]&#xa;            CALL 6 [free_call: 1] [source_file: i0]&#xa;                COMMA 6 [source_file: i0]&#xa;                    NUMBER 0.0 6 [source_file: i0]&#xa;                    NAME use 6 [source_file: i0]&#xa;                GETPROP 6 [source_file: i0]&#xa;                    NAME x 6 [is_constant_name: 1] [source_file: i0]&#xa;                    STRING FOO 6 [is_constant_name: 1] [source_file: i0]&#xa;    BLOCK 7 [source_file: i0]&#xa;        CATCH 7 [source_file: i0]&#xa;            NAME e 7 [is_constant_name: 1] [source_file: i0] [is_constant_var: 1]&#xa;            BLOCK 7 [source_file: i0]&#xa;" type="java.lang.IllegalStateException">java.lang.IllegalStateException: Missing catch or finally for try statement.. Reference node:
TRY 5 [source_file: i0]
    BLOCK 5 [source_file: i0]
        EXPR_RESULT 6 [source_file: i0]
            CALL 6 [free_call: 1] [source_file: i0]
                COMMA 6 [source_file: i0]
                    NUMBER 0.0 6 [source_file: i0]
                    NAME use 6 [source_file: i0]
                GETPROP 6 [source_file: i0]
                    NAME x 6 [is_constant_name: 1] [source_file: i0]
                    STRING FOO 6 [is_constant_name: 1] [source_file: i0]
    BLOCK 7 [source_file: i0]
        CATCH 7 [source_file: i0]
            NAME e 7 [is_constant_name: 1] [source_file: i0] [is_constant_var: 1]
            BLOCK 7 [source_file: i0]

	at com.google.javascript.jscomp.AstValidator$1.handleViolation(AstValidator.java:54)
	at com.google.javascript.jscomp.AstValidator.violation(AstValidator.java:1167)
	at com.google.javascript.jscomp.AstValidator.validateTry(AstValidator.java:888)
	at com.google.javascript.jscomp.AstValidator.validateStatement(AstValidator.java:142)
	at com.google.javascript.jscomp.AstValidator.validateScript(AstValidator.java:91)
	at com.google.javascript.jscomp.AstValidator.validateCodeRoot(AstValidator.java:82)
	at com.google.javascript.jscomp.AstValidator.process(AstValidator.java:66)
	at com.google.javascript.jscomp.PhaseOptimizer$NamedPass.process(PhaseOptimizer.java:285)
	at com.google.javascript.jscomp.PhaseOptimizer.process(PhaseOptimizer.java:217)
	at com.google.javascript.jscomp.Compiler.optimize(Compiler.java:1978)
	at com.google.javascript.jscomp.Compiler.compileInternal(Compiler.java:764)
	at com.google.javascript.jscomp.Compiler.access$000(Compiler.java:95)
	at com.google.javascript.jscomp.Compiler$3.call(Compiler.java:656)
	at com.google.javascript.jscomp.Compiler$3.call(Compiler.java:653)
	at com.google.javascript.jscomp.Compiler$4.call(Compiler.java:700)
	at java.util.concurrent.FutureTask.run(FutureTask.java:262)
	at java.util.concurrent.ThreadPoolExecutor.runWorker(ThreadPoolExecutor.java:1145)
	at java.util.concurrent.ThreadPoolExecutor$Worker.run(ThreadPoolExecutor.java:615)
	at java.lang.Thread.run(Thread.java:745)
</error>
  </testcase>
  <testcase classname="com.google.javascript.jscomp.IntegrationTest" name="testRenamePrefixNamespaceActivatesMoveFunctionDeclarations" time="0.003">
    <failure message="Expected no warnings or errors&#xa;Errors: &#xa;Warnings: &#xa;JSC_UNREACHABLE_CODE. unreachable code at i0 line 1 : 0 expected:&lt;0&gt; but was:&lt;1&gt;" type="junit.framework.AssertionFailedError">junit.framework.AssertionFailedError: Expected no warnings or errors
Errors: 
Warnings: 
JSC_UNREACHABLE_CODE. unreachable code at i0 line 1 : 0 expected:&lt;0&gt; but was:&lt;1&gt;
	at com.google.javascript.jscomp.IntegrationTestCase.test(IntegrationTestCase.java:97)
	at com.google.javascript.jscomp.IntegrationTestCase.testSame(IntegrationTestCase.java:78)
	at com.google.javascript.jscomp.IntegrationTestCase.testSame(IntegrationTestCase.java:74)
	at com.google.javascript.jscomp.IntegrationTest.testRenamePrefixNamespaceActivatesMoveFunctionDeclarations(IntegrationTest.java:2549)
</failure>
  </testcase>
  <testcase classname="com.google.javascript.jscomp.IntegrationTest" name="testBrokenNameSpace" time="0.004">
    <failure message="Expected no warnings or errors&#xa;Errors: &#xa;Warnings: &#xa;JSC_UNREACHABLE_CODE. unreachable code at i0 line 1 : 0 expected:&lt;0&gt; but was:&lt;1&gt;" type="junit.framework.AssertionFailedError">junit.framework.AssertionFailedError: Expected no warnings or errors
Errors: 
Warnings: 
JSC_UNREACHABLE_CODE. unreachable code at i0 line 1 : 0 expected:&lt;0&gt; but was:&lt;1&gt;
	at com.google.javascript.jscomp.IntegrationTestCase.test(IntegrationTestCase.java:97)
	at com.google.javascript.jscomp.IntegrationTestCase.test(IntegrationTestCase.java:87)
	at com.google.javascript.jscomp.IntegrationTest.testBrokenNameSpace(IntegrationTest.java:2564)
</failure>
  </testcase>
  <testcase classname="com.google.javascript.jscomp.IntegrationTest" name="testNamelessParameter" time="0.001">
    <error message="INTERNAL COMPILER ERROR.&#xa;Please report this problem.&#xa;&#xa;null&#xa;  Node(FUNCTION $load): i0:1:26&#xa;var impl_0;$load($init());function $load(){  window[&apos;f&apos;] = impl_0;}function $init() {  impl_0 = {};}&#xa;  Parent(SCRIPT): i0:1:0&#xa;var impl_0;$load($init());function $load(){  window[&apos;f&apos;] = impl_0;}function $init() {  impl_0 = {};}&#xa;" type="java.lang.RuntimeException">java.lang.RuntimeException: INTERNAL COMPILER ERROR.
Please report this problem.

null
  Node(FUNCTION $load): i0:1:26
var impl_0;$load($init());function $load(){  window[&apos;f&apos;] = impl_0;}function $init() {  impl_0 = {};}
  Parent(SCRIPT): i0:1:0
var impl_0;$load($init());function $load(){  window[&apos;f&apos;] = impl_0;}function $init() {  impl_0 = {};}

	at com.google.javascript.jscomp.CheckGlobalThis.shouldTraverse(CheckGlobalThis.java:94)
	at com.google.javascript.jscomp.CombinedCompilerPass$CallbackWrapper.shouldTraverseIfActive(CombinedCompilerPass.java:130)
	at com.google.javascript.jscomp.CombinedCompilerPass.shouldTraverse(CombinedCompilerPass.java:165)
	at com.google.javascript.jscomp.NodeTraversal.traverseBranch(NodeTraversal.java:557)
	at com.google.javascript.jscomp.NodeTraversal.traverseBranch(NodeTraversal.java:570)
	at com.google.javascript.jscomp.NodeTraversal.traverseBranch(NodeTraversal.java:570)
	at com.google.javascript.jscomp.NodeTraversal.traverse(NodeTraversal.java:289)
	at com.google.javascript.jscomp.NodeTraversal.traverse(NodeTraversal.java:528)
	at com.google.javascript.jscomp.CombinedCompilerPass.process(CombinedCompilerPass.java:154)
	at com.google.javascript.jscomp.PhaseOptimizer$NamedPass.process(PhaseOptimizer.java:285)
	at com.google.javascript.jscomp.PhaseOptimizer.process(PhaseOptimizer.java:217)
	at com.google.javascript.jscomp.Compiler.check(Compiler.java:844)
	at com.google.javascript.jscomp.Compiler.compileInternal(Compiler.java:757)
	at com.google.javascript.jscomp.Compiler.access$000(Compiler.java:95)
	at com.google.javascript.jscomp.Compiler$3.call(Compiler.java:656)
	at com.google.javascript.jscomp.Compiler$3.call(Compiler.java:653)
	at com.google.javascript.jscomp.Compiler$4.call(Compiler.java:700)
	at java.util.concurrent.FutureTask.run(FutureTask.java:262)
	at java.util.concurrent.ThreadPoolExecutor.runWorker(ThreadPoolExecutor.java:1145)
	at java.util.concurrent.ThreadPoolExecutor$Worker.run(ThreadPoolExecutor.java:615)
	at java.lang.Thread.run(Thread.java:745)
Caused by: java.lang.NullPointerException
</error>
  </testcase>
  <testcase classname="com.google.javascript.jscomp.IntegrationTest" name="testNegativeZero" time="0.002">
    <error message="INTERNAL COMPILER ERROR.&#xa;Please report this problem.&#xa;&#xa;null&#xa;  Node(FUNCTION bar): i0:1:0&#xa;function bar(x) { return x; }&#xa;  Parent(SCRIPT): i0:1:0&#xa;function bar(x) { return x; }&#xa;" type="java.lang.RuntimeException">java.lang.RuntimeException: INTERNAL COMPILER ERROR.
Please report this problem.

null
  Node(FUNCTION bar): i0:1:0
function bar(x) { return x; }
  Parent(SCRIPT): i0:1:0
function bar(x) { return x; }

	at com.google.javascript.jscomp.CheckGlobalThis.shouldTraverse(CheckGlobalThis.java:94)
	at com.google.javascript.jscomp.CombinedCompilerPass$CallbackWrapper.shouldTraverseIfActive(CombinedCompilerPass.java:130)
	at com.google.javascript.jscomp.CombinedCompilerPass.shouldTraverse(CombinedCompilerPass.java:165)
	at com.google.javascript.jscomp.NodeTraversal.traverseBranch(NodeTraversal.java:557)
	at com.google.javascript.jscomp.NodeTraversal.traverseBranch(NodeTraversal.java:570)
	at com.google.javascript.jscomp.NodeTraversal.traverseBranch(NodeTraversal.java:570)
	at com.google.javascript.jscomp.NodeTraversal.traverse(NodeTraversal.java:289)
	at com.google.javascript.jscomp.NodeTraversal.traverse(NodeTraversal.java:528)
	at com.google.javascript.jscomp.CombinedCompilerPass.process(CombinedCompilerPass.java:154)
	at com.google.javascript.jscomp.PhaseOptimizer$NamedPass.process(PhaseOptimizer.java:285)
	at com.google.javascript.jscomp.PhaseOptimizer.process(PhaseOptimizer.java:217)
	at com.google.javascript.jscomp.Compiler.check(Compiler.java:844)
	at com.google.javascript.jscomp.Compiler.compileInternal(Compiler.java:757)
	at com.google.javascript.jscomp.Compiler.access$000(Compiler.java:95)
	at com.google.javascript.jscomp.Compiler$3.call(Compiler.java:656)
	at com.google.javascript.jscomp.Compiler$3.call(Compiler.java:653)
	at com.google.javascript.jscomp.Compiler$4.call(Compiler.java:700)
	at java.util.concurrent.FutureTask.run(FutureTask.java:262)
	at java.util.concurrent.ThreadPoolExecutor.runWorker(ThreadPoolExecutor.java:1145)
	at java.util.concurrent.ThreadPoolExecutor$Worker.run(ThreadPoolExecutor.java:615)
	at java.lang.Thread.run(Thread.java:745)
Caused by: java.lang.NullPointerException
</error>
  </testcase>
  <testcase classname="com.google.javascript.jscomp.IntegrationTest" name="testSingletonGetter1" time="0.002">
    <error message="INTERNAL COMPILER ERROR.&#xa;Please report this problem.&#xa;&#xa;null&#xa;  Node(FUNCTION ): i0:3:26&#xa;goog.addSingletonGetter = function(ctor) {&#xa;  Parent(ASSIGN): i0:3:0&#xa;goog.addSingletonGetter = function(ctor) {&#xa;" type="java.lang.RuntimeException">java.lang.RuntimeException: INTERNAL COMPILER ERROR.
Please report this problem.

null
  Node(FUNCTION ): i0:3:26
goog.addSingletonGetter = function(ctor) {
  Parent(ASSIGN): i0:3:0
goog.addSingletonGetter = function(ctor) {

	at com.google.javascript.jscomp.CheckGlobalThis.shouldTraverse(CheckGlobalThis.java:94)
	at com.google.javascript.jscomp.CombinedCompilerPass$CallbackWrapper.shouldTraverseIfActive(CombinedCompilerPass.java:130)
	at com.google.javascript.jscomp.CombinedCompilerPass.shouldTraverse(CombinedCompilerPass.java:165)
	at com.google.javascript.jscomp.NodeTraversal.traverseBranch(NodeTraversal.java:557)
	at com.google.javascript.jscomp.NodeTraversal.traverseBranch(NodeTraversal.java:570)
	at com.google.javascript.jscomp.NodeTraversal.traverseBranch(NodeTraversal.java:570)
	at com.google.javascript.jscomp.NodeTraversal.traverseBranch(NodeTraversal.java:570)
	at com.google.javascript.jscomp.NodeTraversal.traverseBranch(NodeTraversal.java:570)
	at com.google.javascript.jscomp.NodeTraversal.traverse(NodeTraversal.java:289)
	at com.google.javascript.jscomp.NodeTraversal.traverse(NodeTraversal.java:528)
	at com.google.javascript.jscomp.CombinedCompilerPass.process(CombinedCompilerPass.java:154)
	at com.google.javascript.jscomp.PhaseOptimizer$NamedPass.process(PhaseOptimizer.java:285)
	at com.google.javascript.jscomp.PhaseOptimizer.process(PhaseOptimizer.java:217)
	at com.google.javascript.jscomp.Compiler.check(Compiler.java:844)
	at com.google.javascript.jscomp.Compiler.compileInternal(Compiler.java:757)
	at com.google.javascript.jscomp.Compiler.access$000(Compiler.java:95)
	at com.google.javascript.jscomp.Compiler$3.call(Compiler.java:656)
	at com.google.javascript.jscomp.Compiler$3.call(Compiler.java:653)
	at com.google.javascript.jscomp.Compiler$4.call(Compiler.java:700)
	at java.util.concurrent.FutureTask.run(FutureTask.java:262)
	at java.util.concurrent.ThreadPoolExecutor.runWorker(ThreadPoolExecutor.java:1145)
	at java.util.concurrent.ThreadPoolExecutor$Worker.run(ThreadPoolExecutor.java:615)
	at java.lang.Thread.run(Thread.java:745)
Caused by: java.lang.NullPointerException
</error>
  </testcase>
  <testcase classname="com.google.javascript.jscomp.IntegrationTest" name="testIncompleteFunction1" time="0.001">
    <failure message="Unexpected warnings or errors.&#xa; Error:JSC_PARSE_ERROR. Parse error. &apos;{&apos; expected at i0 line 1 : 28&#xa;Error:JSC_PARSE_ERROR. Parse error. &apos;}&apos; expected at i0 line 1 : 29&#xa;Warning:JSC_UNREACHABLE_CODE. unreachable code at i0 line 1 : 0&#xa; expected:&lt;2&gt; but was:&lt;3&gt;" type="junit.framework.AssertionFailedError">junit.framework.AssertionFailedError: Unexpected warnings or errors.
 Error:JSC_PARSE_ERROR. Parse error. &apos;{&apos; expected at i0 line 1 : 28
Error:JSC_PARSE_ERROR. Parse error. &apos;}&apos; expected at i0 line 1 : 29
Warning:JSC_UNREACHABLE_CODE. unreachable code at i0 line 1 : 0
 expected:&lt;2&gt; but was:&lt;3&gt;
	at com.google.javascript.jscomp.IntegrationTestCase.checkUnexpectedErrorsOrWarnings(IntegrationTestCase.java:219)
	at com.google.javascript.jscomp.IntegrationTestCase.test(IntegrationTestCase.java:196)
	at com.google.javascript.jscomp.IntegrationTest.testIncompleteFunction1(IntegrationTest.java:2636)
</failure>
  </testcase>
  <testcase classname="com.google.javascript.jscomp.IntegrationTest" name="testIncompleteFunction2" time="0.001">
    <failure message="Unexpected warnings: JSC_UNREACHABLE_CODE. unreachable code at i0 line 1 : 0 expected:&lt;0&gt; but was:&lt;1&gt;" type="junit.framework.AssertionFailedError">junit.framework.AssertionFailedError: Unexpected warnings: JSC_UNREACHABLE_CODE. unreachable code at i0 line 1 : 0 expected:&lt;0&gt; but was:&lt;1&gt;
	at com.google.javascript.jscomp.IntegrationTestCase.testParseError(IntegrationTestCase.java:174)
	at com.google.javascript.jscomp.IntegrationTest.testIncompleteFunction2(IntegrationTest.java:2646)
</failure>
  </testcase>
  <testcase classname="com.google.javascript.jscomp.IntegrationTest" name="testSortingOff" time="0.001" />
  <testcase classname="com.google.javascript.jscomp.IntegrationTest" name="testUnboundedArrayLiteralInfiniteLoop" time="0.002">
    <failure message="Unexpected warnings: JSC_UNREACHABLE_CODE. unreachable code at i0 line 1 : 0 expected:&lt;0&gt; but was:&lt;1&gt;" type="junit.framework.AssertionFailedError">junit.framework.AssertionFailedError: Unexpected warnings: JSC_UNREACHABLE_CODE. unreachable code at i0 line 1 : 0 expected:&lt;0&gt; but was:&lt;1&gt;
	at com.google.javascript.jscomp.IntegrationTestCase.testParseError(IntegrationTestCase.java:174)
	at com.google.javascript.jscomp.IntegrationTest.testUnboundedArrayLiteralInfiniteLoop(IntegrationTest.java:2664)
</failure>
  </testcase>
  <testcase classname="com.google.javascript.jscomp.IntegrationTest" name="testProvideRequireSameFile" time="0.002">
    <failure message="Expected no warnings or errors&#xa;Errors: &#xa;Warnings: &#xa;JSC_UNREACHABLE_CODE. unreachable code at i0 line 1 : 0 expected:&lt;0&gt; but was:&lt;1&gt;" type="junit.framework.AssertionFailedError">junit.framework.AssertionFailedError: Expected no warnings or errors
Errors: 
Warnings: 
JSC_UNREACHABLE_CODE. unreachable code at i0 line 1 : 0 expected:&lt;0&gt; but was:&lt;1&gt;
	at com.google.javascript.jscomp.IntegrationTestCase.test(IntegrationTestCase.java:97)
	at com.google.javascript.jscomp.IntegrationTestCase.test(IntegrationTestCase.java:87)
	at com.google.javascript.jscomp.IntegrationTest.testProvideRequireSameFile(IntegrationTest.java:2673)
</failure>
  </testcase>
  <testcase classname="com.google.javascript.jscomp.IntegrationTest" name="testDependencySorting" time="0.003">
    <failure message="Expected no warnings or errors&#xa;Errors: &#xa;Warnings: &#xa;JSC_UNREACHABLE_CODE. unreachable code at i1 line 1 : 0 expected:&lt;0&gt; but was:&lt;1&gt;" type="junit.framework.AssertionFailedError">junit.framework.AssertionFailedError: Expected no warnings or errors
Errors: 
Warnings: 
JSC_UNREACHABLE_CODE. unreachable code at i1 line 1 : 0 expected:&lt;0&gt; but was:&lt;1&gt;
	at com.google.javascript.jscomp.IntegrationTestCase.test(IntegrationTestCase.java:97)
	at com.google.javascript.jscomp.IntegrationTest.testDependencySorting(IntegrationTest.java:2681)
</failure>
  </testcase>
  <testcase classname="com.google.javascript.jscomp.IntegrationTest" name="testStrictWarningsGuard" time="0.003" />
  <testcase classname="com.google.javascript.jscomp.IntegrationTest" name="testStrictWarningsGuardEmergencyMode" time="0.003">
    <error message="Not true that &lt;(com.google.javascript.jscomp.JSError[]) [JSC_UNREACHABLE_CODE. unreachable code at i0 line 1 : 24, JSC_TYPE_MISMATCH. inconsistent return type&#xa;found   : boolean&#xa;required: number at i0 line 1 : 46]&gt; has length &lt;1&gt;" type="java.lang.AssertionError">java.lang.AssertionError: Not true that &lt;(com.google.javascript.jscomp.JSError[]) [JSC_UNREACHABLE_CODE. unreachable code at i0 line 1 : 24, JSC_TYPE_MISMATCH. inconsistent return type
found   : boolean
required: number at i0 line 1 : 46]&gt; has length &lt;1&gt;
	at com.google.common.truth.FailureStrategy.fail(FailureStrategy.java:27)
	at com.google.common.truth.FailureStrategy.fail(FailureStrategy.java:23)
	at com.google.common.truth.Subject.fail(Subject.java:230)
	at com.google.common.truth.AbstractArraySubject.hasLength(AbstractArraySubject.java:60)
	at com.google.javascript.jscomp.IntegrationTest.testStrictWarningsGuardEmergencyMode(IntegrationTest.java:2717)
</error>
  </testcase>
  <testcase classname="com.google.javascript.jscomp.IntegrationTest" name="testInlineProperties" time="0.01">
    <failure message="Expected no warnings or errors&#xa;Errors: &#xa;Warnings: &#xa;JSC_UNREACHABLE_CODE. unreachable code at i0 line 1 : 0 expected:&lt;0&gt; but was:&lt;1&gt;" type="junit.framework.AssertionFailedError">junit.framework.AssertionFailedError: Expected no warnings or errors
Errors: 
Warnings: 
JSC_UNREACHABLE_CODE. unreachable code at i0 line 1 : 0 expected:&lt;0&gt; but was:&lt;1&gt;
	at com.google.javascript.jscomp.IntegrationTestCase.test(IntegrationTestCase.java:97)
	at com.google.javascript.jscomp.IntegrationTestCase.test(IntegrationTestCase.java:87)
	at com.google.javascript.jscomp.IntegrationTest.testInlineProperties(IntegrationTest.java:2734)
</failure>
  </testcase>
  <testcase classname="com.google.javascript.jscomp.IntegrationTest" name="testGoogDefineClass1" time="0.01">
    <failure message="Expected no warnings or errors&#xa;Errors: &#xa;Warnings: &#xa;JSC_UNREACHABLE_CODE. unreachable code at i0 line 1 : 0 expected:&lt;0&gt; but was:&lt;1&gt;" type="junit.framework.AssertionFailedError">junit.framework.AssertionFailedError: Expected no warnings or errors
Errors: 
Warnings: 
JSC_UNREACHABLE_CODE. unreachable code at i0 line 1 : 0 expected:&lt;0&gt; but was:&lt;1&gt;
	at com.google.javascript.jscomp.IntegrationTestCase.test(IntegrationTestCase.java:97)
	at com.google.javascript.jscomp.IntegrationTestCase.test(IntegrationTestCase.java:87)
	at com.google.javascript.jscomp.IntegrationTest.testGoogDefineClass1(IntegrationTest.java:2753)
</failure>
  </testcase>
  <testcase classname="com.google.javascript.jscomp.IntegrationTest" name="testGoogDefineClass2" time="0.011">
    <failure message="Expected no warnings or errors&#xa;Errors: &#xa;Warnings: &#xa;JSC_UNREACHABLE_CODE. unreachable code at i0 line 1 : 0 expected:&lt;0&gt; but was:&lt;1&gt;" type="junit.framework.AssertionFailedError">junit.framework.AssertionFailedError: Expected no warnings or errors
Errors: 
Warnings: 
JSC_UNREACHABLE_CODE. unreachable code at i0 line 1 : 0 expected:&lt;0&gt; but was:&lt;1&gt;
	at com.google.javascript.jscomp.IntegrationTestCase.test(IntegrationTestCase.java:97)
	at com.google.javascript.jscomp.IntegrationTestCase.test(IntegrationTestCase.java:87)
	at com.google.javascript.jscomp.IntegrationTest.testGoogDefineClass2(IntegrationTest.java:2771)
</failure>
  </testcase>
  <testcase classname="com.google.javascript.jscomp.IntegrationTest" name="testGoogDefineClass3" time="0.014">
    <failure message="Unexpected warnings or errors.&#xa; Warning:JSC_UNREACHABLE_CODE. unreachable code at i0 line 1 : 0&#xa;Warning:JSC_TYPE_MISMATCH. actual parameter 1 of C.prototype.someMethod does not match formal parameter&#xa;found   : number&#xa;required: string at i0 line 9 : 13&#xa; expected:&lt;1&gt; but was:&lt;2&gt;" type="junit.framework.AssertionFailedError">junit.framework.AssertionFailedError: Unexpected warnings or errors.
 Warning:JSC_UNREACHABLE_CODE. unreachable code at i0 line 1 : 0
Warning:JSC_TYPE_MISMATCH. actual parameter 1 of C.prototype.someMethod does not match formal parameter
found   : number
required: string at i0 line 9 : 13
 expected:&lt;1&gt; but was:&lt;2&gt;
	at com.google.javascript.jscomp.IntegrationTestCase.checkUnexpectedErrorsOrWarnings(IntegrationTestCase.java:219)
	at com.google.javascript.jscomp.IntegrationTestCase.test(IntegrationTestCase.java:137)
	at com.google.javascript.jscomp.IntegrationTestCase.test(IntegrationTestCase.java:127)
	at com.google.javascript.jscomp.IntegrationTestCase.test(IntegrationTestCase.java:116)
	at com.google.javascript.jscomp.IntegrationTest.testGoogDefineClass3(IntegrationTest.java:2796)
</failure>
  </testcase>
  <testcase classname="com.google.javascript.jscomp.IntegrationTest" name="testGoogDefineClass4" time="0.009">
    <failure message="Expected no warnings or errors&#xa;Errors: &#xa;Warnings: &#xa;JSC_UNREACHABLE_CODE. unreachable code at i0 line 1 : 0 expected:&lt;0&gt; but was:&lt;1&gt;" type="junit.framework.AssertionFailedError">junit.framework.AssertionFailedError: Expected no warnings or errors
Errors: 
Warnings: 
JSC_UNREACHABLE_CODE. unreachable code at i0 line 1 : 0 expected:&lt;0&gt; but was:&lt;1&gt;
	at com.google.javascript.jscomp.IntegrationTestCase.test(IntegrationTestCase.java:97)
	at com.google.javascript.jscomp.IntegrationTestCase.test(IntegrationTestCase.java:87)
	at com.google.javascript.jscomp.IntegrationTest.testGoogDefineClass4(IntegrationTest.java:2813)
</failure>
  </testcase>
  <testcase classname="com.google.javascript.jscomp.IntegrationTest" name="testCheckConstants1" time="0.006" />
  <testcase classname="com.google.javascript.jscomp.IntegrationTest" name="testCheckConstants2" time="0.002">
    <failure message="Unexpected warnings or errors.&#xa; Error:JSC_CONSTANT_REASSIGNED_VALUE_ERROR. constant x assigned a value more than once.&#xa;Original definition at i0:3 at i0 line 3 : 18&#xa;Warning:JSC_UNREACHABLE_CODE. unreachable code at i0 line 1 : 0&#xa; expected:&lt;1&gt; but was:&lt;2&gt;" type="junit.framework.AssertionFailedError">junit.framework.AssertionFailedError: Unexpected warnings or errors.
Original definition at i0:3 at i0 line 3 : 18
Warning:JSC_UNREACHABLE_CODE. unreachable code at i0 line 1 : 0
 expected:&lt;1&gt; but was:&lt;2&gt;
	at com.google.javascript.jscomp.IntegrationTestCase.checkUnexpectedErrorsOrWarnings(IntegrationTestCase.java:219)
	at com.google.javascript.jscomp.IntegrationTestCase.test(IntegrationTestCase.java:137)
	at com.google.javascript.jscomp.IntegrationTestCase.test(IntegrationTestCase.java:127)
	at com.google.javascript.jscomp.IntegrationTestCase.test(IntegrationTestCase.java:116)
	at com.google.javascript.jscomp.IntegrationTest.testCheckConstants2(IntegrationTest.java:2841)
</failure>
  </testcase>
  <testcase classname="com.google.javascript.jscomp.IntegrationTest" name="testIssue937" time="0.003">
    <failure message="Expected no warnings or errors&#xa;Errors: &#xa;Warnings: &#xa;JSC_UNREACHABLE_CODE. unreachable code at i0 line 1 : 0 expected:&lt;0&gt; but was:&lt;1&gt;" type="junit.framework.AssertionFailedError">junit.framework.AssertionFailedError: Expected no warnings or errors
Errors: 
Warnings: 
JSC_UNREACHABLE_CODE. unreachable code at i0 line 1 : 0 expected:&lt;0&gt; but was:&lt;1&gt;
	at com.google.javascript.jscomp.IntegrationTestCase.test(IntegrationTestCase.java:97)
	at com.google.javascript.jscomp.IntegrationTestCase.test(IntegrationTestCase.java:87)
	at com.google.javascript.jscomp.IntegrationTest.testIssue937(IntegrationTest.java:2856)
</failure>
  </testcase>
  <testcase classname="com.google.javascript.jscomp.IntegrationTest" name="testES5toES6" time="0.002" />
  <testcase classname="com.google.javascript.jscomp.IntegrationTest" name="testIssue787" time="0.007">
    <failure message="Expected no warnings or errors&#xa;Errors: &#xa;Warnings: &#xa;JSC_UNREACHABLE_CODE. unreachable code at i0 line 1 : 0 expected:&lt;0&gt; but was:&lt;1&gt;" type="junit.framework.AssertionFailedError">junit.framework.AssertionFailedError: Expected no warnings or errors
Errors: 
Warnings: 
JSC_UNREACHABLE_CODE. unreachable code at i0 line 1 : 0 expected:&lt;0&gt; but was:&lt;1&gt;
	at com.google.javascript.jscomp.IntegrationTestCase.test(IntegrationTestCase.java:97)
	at com.google.javascript.jscomp.IntegrationTestCase.test(IntegrationTestCase.java:87)
	at com.google.javascript.jscomp.IntegrationTest.testIssue787(IntegrationTest.java:2915)
</failure>
  </testcase>
  <testcase classname="com.google.javascript.jscomp.IntegrationTest" name="testClosureDefines" time="0.004">
    <failure message="Expected no warnings or errors&#xa;Errors: &#xa;Warnings: &#xa;JSC_UNREACHABLE_CODE. unreachable code at i0 line 1 : 0 expected:&lt;0&gt; but was:&lt;1&gt;" type="junit.framework.AssertionFailedError">junit.framework.AssertionFailedError: Expected no warnings or errors
Errors: 
Warnings: 
JSC_UNREACHABLE_CODE. unreachable code at i0 line 1 : 0 expected:&lt;0&gt; but was:&lt;1&gt;
	at com.google.javascript.jscomp.IntegrationTestCase.test(IntegrationTestCase.java:97)
	at com.google.javascript.jscomp.IntegrationTestCase.test(IntegrationTestCase.java:87)
	at com.google.javascript.jscomp.IntegrationTest.testClosureDefines(IntegrationTest.java:2944)
</failure>
  </testcase>
  <testcase classname="com.google.javascript.jscomp.IntegrationTest" name="testClosureDefinesDuplicates2" time="0.003">
    <failure message="Expected no warnings or errors&#xa;Errors: &#xa;Warnings: &#xa;JSC_UNREACHABLE_CODE. unreachable code at i0 line 1 : 0 expected:&lt;0&gt; but was:&lt;1&gt;" type="junit.framework.AssertionFailedError">junit.framework.AssertionFailedError: Expected no warnings or errors
Errors: 
Warnings: 
JSC_UNREACHABLE_CODE. unreachable code at i0 line 1 : 0 expected:&lt;0&gt; but was:&lt;1&gt;
	at com.google.javascript.jscomp.IntegrationTestCase.test(IntegrationTestCase.java:97)
	at com.google.javascript.jscomp.IntegrationTestCase.test(IntegrationTestCase.java:87)
	at com.google.javascript.jscomp.IntegrationTest.testClosureDefinesDuplicates2(IntegrationTest.java:2972)
</failure>
  </testcase>
  <testcase classname="com.google.javascript.jscomp.IntegrationTest" name="testRmUnusedProtoPropsInExternsUsage" time="0.001" />
  <testcase classname="com.google.javascript.jscomp.IntegrationTest" name="testMaxFunSizeAfterInliningUsage" time="0.0" />
  <testcase classname="com.google.javascript.jscomp.IntegrationTest" name="testIsEquivalentTo" time="0.001" />
  <system-out><![CDATA[]]></system-out>
  <system-err><![CDATA[]]></system-err>
</testsuite>
