<?xml version="1.0" encoding="UTF-8" ?>
<testsuite errors="1" failures="2" hostname="s-164-67-71-126.resnet.ucla.edu" name="com.google.javascript.jscomp.CallGraphTest" skipped="0" tests="38" time="0.251" timestamp="2015-03-08T09:06:05">
  <properties>
    <property name="java.vendor" value="Oracle Corporation" />
    <property name="lib.dir" value="/Users/tomerwei/Repos/PLay/closure-compiler/lib" />
    <property name="refasterjs-jarfile" value="/Users/tomerwei/Repos/PLay/closure-compiler/build/refasterjs.jar" />
    <property name="sun.java.launcher" value="SUN_STANDARD" />
    <property name="sun.management.compiler" value="HotSpot 64-Bit Tiered Compilers" />
    <property name="os.name" value="Mac OS X" />
    <property name="sun.boot.class.path" value="/Library/Java/JavaVirtualMachines/jdk1.7.0_75.jdk/Contents/Home/jre/lib/resources.jar:/Library/Java/JavaVirtualMachines/jdk1.7.0_75.jdk/Contents/Home/jre/lib/rt.jar:/Library/Java/JavaVirtualMachines/jdk1.7.0_75.jdk/Contents/Home/jre/lib/sunrsasign.jar:/Library/Java/JavaVirtualMachines/jdk1.7.0_75.jdk/Contents/Home/jre/lib/jsse.jar:/Library/Java/JavaVirtualMachines/jdk1.7.0_75.jdk/Contents/Home/jre/lib/jce.jar:/Library/Java/JavaVirtualMachines/jdk1.7.0_75.jdk/Contents/Home/jre/lib/charsets.jar:/Library/Java/JavaVirtualMachines/jdk1.7.0_75.jdk/Contents/Home/jre/lib/jfr.jar:/Library/Java/JavaVirtualMachines/jdk1.7.0_75.jdk/Contents/Home/jre/classes" />
    <property name="maven-repository-id" value="sonatype-nexus-staging" />
    <property name="java.vm.specification.vendor" value="Oracle Corporation" />
    <property name="ant.home" value="/opt/local/share/java/apache-ant" />
    <property name="java.runtime.version" value="1.7.0_75-b13" />
    <property name="gen.dir" value="/Users/tomerwei/Repos/PLay/closure-compiler/gen" />
    <property name="user.name" value="tomerwei" />
    <property name="ant.file.compiler" value="/Users/tomerwei/Repos/PLay/closure-compiler/build.xml" />
    <property name="build.dir" value="/Users/tomerwei/Repos/PLay/closure-compiler/build" />
    <property name="ant.build.javac.target" value="1.7" />
    <property name="user.language" value="en" />
    <property name="test.method" value="" />
    <property name="sun.boot.library.path" value="/Library/Java/JavaVirtualMachines/jdk1.7.0_75.jdk/Contents/Home/jre/lib" />
    <property name="ant.project.default-target" value="jar" />
    <property name="ant.project.name" value="compiler" />
    <property name="java.version" value="1.7.0_75" />
    <property name="user.timezone" value="" />
    <property name="sun.arch.data.model" value="64" />
    <property name="http.nonProxyHosts" value="local|*.local|169.254/16|*.169.254/16" />
    <property name="java.endorsed.dirs" value="/Library/Java/JavaVirtualMachines/jdk1.7.0_75.jdk/Contents/Home/jre/lib/endorsed" />
    <property name="sun.cpu.isalist" value="" />
    <property name="sun.jnu.encoding" value="UTF-8" />
    <property name="file.encoding.pkg" value="sun.io" />
    <property name="file.separator" value="/" />
    <property name="java.specification.name" value="Java Platform API Specification" />
    <property name="protoc.executable" value="protoc" />
    <property name="classes.dir" value="/Users/tomerwei/Repos/PLay/closure-compiler/build/classes" />
    <property name="java.class.version" value="51.0" />
    <property name="testClasses.dir" value="/Users/tomerwei/Repos/PLay/closure-compiler/build/test" />
    <property name="user.country" value="US" />
    <property name="java.home" value="/Library/Java/JavaVirtualMachines/jdk1.7.0_75.jdk/Contents/Home/jre" />
    <property name="java.vm.info" value="mixed mode" />
    <property name="externs.dir" value="/Users/tomerwei/Repos/PLay/closure-compiler/externs" />
    <property name="ant.file" value="/Users/tomerwei/Repos/PLay/closure-compiler/build.xml" />
    <property name="os.version" value="10.9.5" />
    <property name="javac.debug" value="on" />
    <property name="path.separator" value=":" />
    <property name="java.vm.version" value="24.75-b04" />
    <property name="ant.library.dir" value="/opt/local/share/java/apache-ant/lib" />
    <property name="java.awt.printerjob" value="sun.lwawt.macosx.CPrinterJob" />
    <property name="webservice-jarfile" value="/Users/tomerwei/Repos/PLay/closure-compiler/build/webservice.jar" />
    <property name="sun.io.unicode.encoding" value="UnicodeBig" />
    <property name="test.fork" value="true" />
    <property name="webservice.dir" value="/Users/tomerwei/Repos/PLay/closure-compiler/src/com/google/javascript/jscomp/webservice" />
    <property name="awt.toolkit" value="sun.lwawt.macosx.LWCToolkit" />
    <property name="buildlib.dir" value="/Users/tomerwei/Repos/PLay/closure-compiler/build/lib" />
    <property name="socksNonProxyHosts" value="local|*.local|169.254/16|*.169.254/16" />
    <property name="ftp.nonProxyHosts" value="local|*.local|169.254/16|*.169.254/16" />
    <property name="ant.build.javac.source" value="1.7" />
    <property name="refasterjs.dir" value="/Users/tomerwei/Repos/PLay/closure-compiler/src/com/google/javascript/refactoring" />
    <property name="user.home" value="/Users/tomerwei" />
    <property name="java.specification.vendor" value="Oracle Corporation" />
    <property name="test.dir" value="/Users/tomerwei/Repos/PLay/closure-compiler/test" />
    <property name="java.library.path" value="/Users/tomerwei/Library/Java/Extensions:/Library/Java/Extensions:/Network/Library/Java/Extensions:/System/Library/Java/Extensions:/usr/lib/java:." />
    <property name="java.vendor.url" value="http://java.oracle.com/" />
    <property name="java.vm.vendor" value="Oracle Corporation" />
    <property name="gopherProxySet" value="false" />
    <property name="build.relVersion" value="v20150126-162-g55aa491" />
    <property name="java.runtime.name" value="Java(TM) SE Runtime Environment" />
    <property name="sun.java.command" value="org.apache.tools.ant.taskdefs.optional.junit.JUnitTestRunner testsfile=/Users/tomerwei/Repos/PLay/closure-compiler/junittestcases5320804302362041037.properties skipNonTests=false filtertrace=true haltOnError=false haltOnFailure=false formatter=org.apache.tools.ant.taskdefs.optional.junit.SummaryJUnitResultFormatter showoutput=true outputtoformatters=true logfailedtests=true threadid=0 logtestlistenerevents=false formatter=org.apache.tools.ant.taskdefs.optional.junit.BriefJUnitResultFormatter formatter=org.apache.tools.ant.taskdefs.optional.junit.XMLJUnitResultFormatter,/Users/tomerwei/Repos/PLay/closure-compiler/build/testoutput/IGNORETHIS.xml crashfile=/Users/tomerwei/Repos/PLay/closure-compiler/junitvmwatcher5819990703841375885.properties propsfile=/Users/tomerwei/Repos/PLay/closure-compiler/junit642073203518458064.properties" />
    <property name="java.class.path" value="/Users/tomerwei/Repos/PLay/closure-compiler/build/classes:/Users/tomerwei/Repos/PLay/closure-compiler/lib/ant-launcher.jar:/Users/tomerwei/Repos/PLay/closure-compiler/lib/ant.jar:/Users/tomerwei/Repos/PLay/closure-compiler/lib/args4j.jar:/Users/tomerwei/Repos/PLay/closure-compiler/lib/gson.jar:/Users/tomerwei/Repos/PLay/closure-compiler/lib/guava.jar:/Users/tomerwei/Repos/PLay/closure-compiler/lib/jsr305.jar:/Users/tomerwei/Repos/PLay/closure-compiler/lib/junit.jar:/Users/tomerwei/Repos/PLay/closure-compiler/lib/protobuf-java.jar:/Users/tomerwei/Repos/PLay/closure-compiler/lib/truth.jar:/Users/tomerwei/Repos/PLay/closure-compiler/build/test:/opt/local/share/java/apache-ant/lib/ant-launcher.jar:/opt/local/share/java/apache-ant/lib/ant.jar:/opt/local/share/java/apache-ant/lib/ant-junit.jar:/opt/local/share/java/apache-ant/lib/ant-junit4.jar" />
    <property name="ant.version" value="Apache Ant(TM) version 1.9.4 compiled on April 29 2014" />
    <property name="test.class" value="*Test" />
    <property name="java.vm.specification.name" value="Java Virtual Machine Specification" />
    <property name="ant.file.type" value="file" />
    <property name="java.vm.specification.version" value="1.7" />
    <property name="sun.cpu.endian" value="little" />
    <property name="sun.os.patch.level" value="unknown" />
    <property name="java.io.tmpdir" value="/var/folders/f6/3011v4610sd8c89rtjf_9j9m0000gn/T/" />
    <property name="java.vendor.url.bug" value="http://bugreport.sun.com/bugreport/" />
    <property name="java.awt.graphicsenv" value="sun.awt.CGraphicsEnvironment" />
    <property name="maven-repository-url" value="https://oss.sonatype.org/service/local/staging/deploy/maven2/" />
    <property name="os.arch" value="x86_64" />
    <property name="webservice-classes.dir" value="/Users/tomerwei/Repos/PLay/closure-compiler/build/webservice-classes" />
    <property name="java.ext.dirs" value="/Users/tomerwei/Library/Java/Extensions:/Library/Java/JavaVirtualMachines/jdk1.7.0_75.jdk/Contents/Home/jre/lib/ext:/Library/Java/Extensions:/Network/Library/Java/Extensions:/System/Library/Java/Extensions:/usr/lib/java" />
    <property name="user.dir" value="/Users/tomerwei/Repos/PLay/closure-compiler" />
    <property name="ant.file.type.compiler" value="file" />
    <property name="line.separator" value="&#xa;" />
    <property name="java.vm.name" value="Java HotSpot(TM) 64-Bit Server VM" />
    <property name="refasterjs-classes.dir" value="/Users/tomerwei/Repos/PLay/closure-compiler/build/refasterjs-classes" />
    <property name="basedir" value="/Users/tomerwei/Repos/PLay/closure-compiler" />
    <property name="ant.java.version" value="1.7" />
    <property name="ant.core.lib" value="/opt/local/share/java/apache-ant/lib/ant.jar" />
    <property name="file.encoding" value="UTF-8" />
    <property name="closure.build.dir" value="/Users/tomerwei/Repos/PLay/closure-compiler/build" />
    <property name="compiler-jarfile" value="/Users/tomerwei/Repos/PLay/closure-compiler/build/compiler.jar" />
    <property name="java.specification.version" value="1.7" />
    <property name="src.dir" value="/Users/tomerwei/Repos/PLay/closure-compiler/src" />
    <property name="ant.project.invoked-targets" value="clean,compile,compile-tests,test" />
    <property name="javadoc.dir" value="/Users/tomerwei/Repos/PLay/closure-compiler/build/javadoc" />
    <property name="tools.dir" value="/Users/tomerwei/Repos/PLay/closure-compiler/tools" />
  </properties>
  <testcase classname="com.google.javascript.jscomp.CallGraphTest" name="testGetFunctionForAstNode" time="0.018" />
  <testcase classname="com.google.javascript.jscomp.CallGraphTest" name="testGetAllFunctions" time="0.008" />
  <testcase classname="com.google.javascript.jscomp.CallGraphTest" name="testGetAllFunctionsContainsNormalFunction" time="0.005" />
  <testcase classname="com.google.javascript.jscomp.CallGraphTest" name="testGetAllFunctionsContainsVarAssignedLiteralFunction" time="0.013" />
  <testcase classname="com.google.javascript.jscomp.CallGraphTest" name="testGetAllFunctionsContainsNamespaceAssignedLiteralFunction" time="0.005" />
  <testcase classname="com.google.javascript.jscomp.CallGraphTest" name="testGetAllFunctionsContainsLocalFunction" time="0.005" />
  <testcase classname="com.google.javascript.jscomp.CallGraphTest" name="testGetAllFunctionsContainsAnonymousFunction" time="0.009">
    <error type="java.lang.NullPointerException">java.lang.NullPointerException
	at com.google.javascript.jscomp.CallGraph$1.apply(CallGraph.java:191)
	at com.google.javascript.jscomp.CallGraph$1.apply(CallGraph.java:183)
	at com.google.common.collect.Iterators$7.computeNext(Iterators.java:652)
	at com.google.common.collect.AbstractIterator.tryToComputeNext(AbstractIterator.java:143)
	at com.google.common.collect.AbstractIterator.hasNext(AbstractIterator.java:138)
	at com.google.common.collect.Iterators.size(Iterators.java:191)
	at com.google.common.collect.Collections2$FilteredCollection.size(Collections2.java:211)
	at com.google.javascript.jscomp.CallGraph.getUniqueFunctionWithName(CallGraph.java:199)
	at com.google.javascript.jscomp.CallGraphTest.testGetAllFunctionsContainsAnonymousFunction(CallGraphTest.java:161)
</error>
  </testcase>
  <testcase classname="com.google.javascript.jscomp.CallGraphTest" name="testGetCallsiteForAstNode" time="0.005" />
  <testcase classname="com.google.javascript.jscomp.CallGraphTest" name="testFunctionGetCallsites" time="0.007" />
  <testcase classname="com.google.javascript.jscomp.CallGraphTest" name="testFindNewInFunction" time="0.011" />
  <testcase classname="com.google.javascript.jscomp.CallGraphTest" name="testFindCallsiteTargetGlobalName" time="0.007" />
  <testcase classname="com.google.javascript.jscomp.CallGraphTest" name="testFindCallsiteTargetAliasedGlobalProperty" time="0.007" />
  <testcase classname="com.google.javascript.jscomp.CallGraphTest" name="testGetAllCallsitesContainsMultiple" time="0.006" />
  <testcase classname="com.google.javascript.jscomp.CallGraphTest" name="testGetAllCallsitesContainsGlobalSite" time="0.004" />
  <testcase classname="com.google.javascript.jscomp.CallGraphTest" name="testGetAllCallsitesContainsLocalSite" time="0.005" />
  <testcase classname="com.google.javascript.jscomp.CallGraphTest" name="testGetAllCallsitesContainsLiteralSite" time="0.006" />
  <testcase classname="com.google.javascript.jscomp.CallGraphTest" name="testGetAllCallsitesContainsConstructorSite" time="0.006" />
  <testcase classname="com.google.javascript.jscomp.CallGraphTest" name="testGetDirectedGraph_backwardOnBackward" time="0.007" />
  <testcase classname="com.google.javascript.jscomp.CallGraphTest" name="testGetDirectedGraph_backwardOnForward" time="0.006" />
  <testcase classname="com.google.javascript.jscomp.CallGraphTest" name="testGetDirectedGraph_forwardOnForward" time="0.007" />
  <testcase classname="com.google.javascript.jscomp.CallGraphTest" name="testGetDirectedGraph_forwardOnBackward" time="0.009" />
  <testcase classname="com.google.javascript.jscomp.CallGraphTest" name="testFunctionIsMain" time="0.006" />
  <testcase classname="com.google.javascript.jscomp.CallGraphTest" name="testFunctionGetAstNode" time="0.007" />
  <testcase classname="com.google.javascript.jscomp.CallGraphTest" name="testFunctionGetBodyNode" time="0.004" />
  <testcase classname="com.google.javascript.jscomp.CallGraphTest" name="testFunctionGetName" time="0.004" />
  <testcase classname="com.google.javascript.jscomp.CallGraphTest" name="testFunctionGetCallsitesInFunction" time="0.005" />
  <testcase classname="com.google.javascript.jscomp.CallGraphTest" name="testFunctionGetCallsitesInFunction_ignoreInnerFunction" time="0.005" />
  <testcase classname="com.google.javascript.jscomp.CallGraphTest" name="testFunctionGetCallsitesPossiblyTargetingFunction" time="0.004" />
  <testcase classname="com.google.javascript.jscomp.CallGraphTest" name="testFunctionGetCallsitesInFunction_newIsCallsite" time="0.003" />
  <testcase classname="com.google.javascript.jscomp.CallGraphTest" name="testFunctionGetIsAliased" time="0.006">
    <failure message="expected:&lt;true&gt; but was:&lt;false&gt;" type="junit.framework.AssertionFailedError">junit.framework.AssertionFailedError: expected:&lt;true&gt; but was:&lt;false&gt;
	at com.google.javascript.jscomp.CallGraphTest.assertFunctionAliased(CallGraphTest.java:1086)
	at com.google.javascript.jscomp.CallGraphTest.testFunctionGetIsAliased(CallGraphTest.java:803)
</failure>
  </testcase>
  <testcase classname="com.google.javascript.jscomp.CallGraphTest" name="testFunctionGetIsExposedToCallOrApply" time="0.006">
    <failure type="junit.framework.AssertionFailedError">junit.framework.AssertionFailedError
	at com.google.javascript.jscomp.CallGraphTest.testFunctionGetIsExposedToCallOrApply(CallGraphTest.java:900)
</failure>
  </testcase>
  <testcase classname="com.google.javascript.jscomp.CallGraphTest" name="testCallsiteGetAstNode" time="0.004" />
  <testcase classname="com.google.javascript.jscomp.CallGraphTest" name="testCallsiteGetContainingFunction" time="0.004" />
  <testcase classname="com.google.javascript.jscomp.CallGraphTest" name="testCallsiteGetKnownTargets" time="0.005" />
  <testcase classname="com.google.javascript.jscomp.CallGraphTest" name="testCallsiteHasUnknownTarget" time="0.005" />
  <testcase classname="com.google.javascript.jscomp.CallGraphTest" name="testCallsiteHasExternTarget" time="0.004" />
  <testcase classname="com.google.javascript.jscomp.CallGraphTest" name="testThrowForBackwardOpOnForwardGraph" time="0.007" />
  <testcase classname="com.google.javascript.jscomp.CallGraphTest" name="testThrowForForwardOpOnBackwardGraph" time="0.005" />
  <system-out><![CDATA[]]></system-out>
  <system-err><![CDATA[]]></system-err>
</testsuite>
