<?xml version="1.0" encoding="UTF-8" ?>
<testsuite errors="1" failures="0" hostname="s-164-67-71-126.resnet.ucla.edu" name="com.google.javascript.jscomp.TypeInferenceTest" skipped="0" tests="141" time="0.134" timestamp="2015-03-08T09:06:40">
  <properties>
    <property name="java.vendor" value="Oracle Corporation" />
    <property name="lib.dir" value="/Users/tomerwei/Repos/PLay/closure-compiler/lib" />
    <property name="refasterjs-jarfile" value="/Users/tomerwei/Repos/PLay/closure-compiler/build/refasterjs.jar" />
    <property name="sun.java.launcher" value="SUN_STANDARD" />
    <property name="sun.management.compiler" value="HotSpot 64-Bit Tiered Compilers" />
    <property name="os.name" value="Mac OS X" />
    <property name="sun.boot.class.path" value="/Library/Java/JavaVirtualMachines/jdk1.7.0_75.jdk/Contents/Home/jre/lib/resources.jar:/Library/Java/JavaVirtualMachines/jdk1.7.0_75.jdk/Contents/Home/jre/lib/rt.jar:/Library/Java/JavaVirtualMachines/jdk1.7.0_75.jdk/Contents/Home/jre/lib/sunrsasign.jar:/Library/Java/JavaVirtualMachines/jdk1.7.0_75.jdk/Contents/Home/jre/lib/jsse.jar:/Library/Java/JavaVirtualMachines/jdk1.7.0_75.jdk/Contents/Home/jre/lib/jce.jar:/Library/Java/JavaVirtualMachines/jdk1.7.0_75.jdk/Contents/Home/jre/lib/charsets.jar:/Library/Java/JavaVirtualMachines/jdk1.7.0_75.jdk/Contents/Home/jre/lib/jfr.jar:/Library/Java/JavaVirtualMachines/jdk1.7.0_75.jdk/Contents/Home/jre/classes" />
    <property name="maven-repository-id" value="sonatype-nexus-staging" />
    <property name="java.vm.specification.vendor" value="Oracle Corporation" />
    <property name="ant.home" value="/opt/local/share/java/apache-ant" />
    <property name="java.runtime.version" value="1.7.0_75-b13" />
    <property name="gen.dir" value="/Users/tomerwei/Repos/PLay/closure-compiler/gen" />
    <property name="user.name" value="tomerwei" />
    <property name="ant.file.compiler" value="/Users/tomerwei/Repos/PLay/closure-compiler/build.xml" />
    <property name="build.dir" value="/Users/tomerwei/Repos/PLay/closure-compiler/build" />
    <property name="ant.build.javac.target" value="1.7" />
    <property name="user.language" value="en" />
    <property name="test.method" value="" />
    <property name="sun.boot.library.path" value="/Library/Java/JavaVirtualMachines/jdk1.7.0_75.jdk/Contents/Home/jre/lib" />
    <property name="ant.project.default-target" value="jar" />
    <property name="ant.project.name" value="compiler" />
    <property name="java.version" value="1.7.0_75" />
    <property name="user.timezone" value="" />
    <property name="sun.arch.data.model" value="64" />
    <property name="http.nonProxyHosts" value="local|*.local|169.254/16|*.169.254/16" />
    <property name="java.endorsed.dirs" value="/Library/Java/JavaVirtualMachines/jdk1.7.0_75.jdk/Contents/Home/jre/lib/endorsed" />
    <property name="sun.cpu.isalist" value="" />
    <property name="sun.jnu.encoding" value="UTF-8" />
    <property name="file.encoding.pkg" value="sun.io" />
    <property name="file.separator" value="/" />
    <property name="java.specification.name" value="Java Platform API Specification" />
    <property name="protoc.executable" value="protoc" />
    <property name="classes.dir" value="/Users/tomerwei/Repos/PLay/closure-compiler/build/classes" />
    <property name="java.class.version" value="51.0" />
    <property name="testClasses.dir" value="/Users/tomerwei/Repos/PLay/closure-compiler/build/test" />
    <property name="user.country" value="US" />
    <property name="java.home" value="/Library/Java/JavaVirtualMachines/jdk1.7.0_75.jdk/Contents/Home/jre" />
    <property name="java.vm.info" value="mixed mode" />
    <property name="externs.dir" value="/Users/tomerwei/Repos/PLay/closure-compiler/externs" />
    <property name="ant.file" value="/Users/tomerwei/Repos/PLay/closure-compiler/build.xml" />
    <property name="os.version" value="10.9.5" />
    <property name="javac.debug" value="on" />
    <property name="path.separator" value=":" />
    <property name="java.vm.version" value="24.75-b04" />
    <property name="ant.library.dir" value="/opt/local/share/java/apache-ant/lib" />
    <property name="java.awt.printerjob" value="sun.lwawt.macosx.CPrinterJob" />
    <property name="webservice-jarfile" value="/Users/tomerwei/Repos/PLay/closure-compiler/build/webservice.jar" />
    <property name="sun.io.unicode.encoding" value="UnicodeBig" />
    <property name="test.fork" value="true" />
    <property name="webservice.dir" value="/Users/tomerwei/Repos/PLay/closure-compiler/src/com/google/javascript/jscomp/webservice" />
    <property name="awt.toolkit" value="sun.lwawt.macosx.LWCToolkit" />
    <property name="buildlib.dir" value="/Users/tomerwei/Repos/PLay/closure-compiler/build/lib" />
    <property name="socksNonProxyHosts" value="local|*.local|169.254/16|*.169.254/16" />
    <property name="ftp.nonProxyHosts" value="local|*.local|169.254/16|*.169.254/16" />
    <property name="ant.build.javac.source" value="1.7" />
    <property name="refasterjs.dir" value="/Users/tomerwei/Repos/PLay/closure-compiler/src/com/google/javascript/refactoring" />
    <property name="user.home" value="/Users/tomerwei" />
    <property name="java.specification.vendor" value="Oracle Corporation" />
    <property name="test.dir" value="/Users/tomerwei/Repos/PLay/closure-compiler/test" />
    <property name="java.library.path" value="/Users/tomerwei/Library/Java/Extensions:/Library/Java/Extensions:/Network/Library/Java/Extensions:/System/Library/Java/Extensions:/usr/lib/java:." />
    <property name="java.vendor.url" value="http://java.oracle.com/" />
    <property name="java.vm.vendor" value="Oracle Corporation" />
    <property name="gopherProxySet" value="false" />
    <property name="build.relVersion" value="v20150126-162-g55aa491" />
    <property name="java.runtime.name" value="Java(TM) SE Runtime Environment" />
    <property name="sun.java.command" value="org.apache.tools.ant.taskdefs.optional.junit.JUnitTestRunner testsfile=/Users/tomerwei/Repos/PLay/closure-compiler/junittestcases5320804302362041037.properties skipNonTests=false filtertrace=true haltOnError=false haltOnFailure=false formatter=org.apache.tools.ant.taskdefs.optional.junit.SummaryJUnitResultFormatter showoutput=true outputtoformatters=true logfailedtests=true threadid=0 logtestlistenerevents=false formatter=org.apache.tools.ant.taskdefs.optional.junit.BriefJUnitResultFormatter formatter=org.apache.tools.ant.taskdefs.optional.junit.XMLJUnitResultFormatter,/Users/tomerwei/Repos/PLay/closure-compiler/build/testoutput/IGNORETHIS.xml crashfile=/Users/tomerwei/Repos/PLay/closure-compiler/junitvmwatcher5819990703841375885.properties propsfile=/Users/tomerwei/Repos/PLay/closure-compiler/junit642073203518458064.properties" />
    <property name="java.class.path" value="/Users/tomerwei/Repos/PLay/closure-compiler/build/classes:/Users/tomerwei/Repos/PLay/closure-compiler/lib/ant-launcher.jar:/Users/tomerwei/Repos/PLay/closure-compiler/lib/ant.jar:/Users/tomerwei/Repos/PLay/closure-compiler/lib/args4j.jar:/Users/tomerwei/Repos/PLay/closure-compiler/lib/gson.jar:/Users/tomerwei/Repos/PLay/closure-compiler/lib/guava.jar:/Users/tomerwei/Repos/PLay/closure-compiler/lib/jsr305.jar:/Users/tomerwei/Repos/PLay/closure-compiler/lib/junit.jar:/Users/tomerwei/Repos/PLay/closure-compiler/lib/protobuf-java.jar:/Users/tomerwei/Repos/PLay/closure-compiler/lib/truth.jar:/Users/tomerwei/Repos/PLay/closure-compiler/build/test:/opt/local/share/java/apache-ant/lib/ant-launcher.jar:/opt/local/share/java/apache-ant/lib/ant.jar:/opt/local/share/java/apache-ant/lib/ant-junit.jar:/opt/local/share/java/apache-ant/lib/ant-junit4.jar" />
    <property name="ant.version" value="Apache Ant(TM) version 1.9.4 compiled on April 29 2014" />
    <property name="test.class" value="*Test" />
    <property name="java.vm.specification.name" value="Java Virtual Machine Specification" />
    <property name="ant.file.type" value="file" />
    <property name="java.vm.specification.version" value="1.7" />
    <property name="sun.cpu.endian" value="little" />
    <property name="sun.os.patch.level" value="unknown" />
    <property name="java.io.tmpdir" value="/var/folders/f6/3011v4610sd8c89rtjf_9j9m0000gn/T/" />
    <property name="java.vendor.url.bug" value="http://bugreport.sun.com/bugreport/" />
    <property name="java.awt.graphicsenv" value="sun.awt.CGraphicsEnvironment" />
    <property name="maven-repository-url" value="https://oss.sonatype.org/service/local/staging/deploy/maven2/" />
    <property name="os.arch" value="x86_64" />
    <property name="webservice-classes.dir" value="/Users/tomerwei/Repos/PLay/closure-compiler/build/webservice-classes" />
    <property name="java.ext.dirs" value="/Users/tomerwei/Library/Java/Extensions:/Library/Java/JavaVirtualMachines/jdk1.7.0_75.jdk/Contents/Home/jre/lib/ext:/Library/Java/Extensions:/Network/Library/Java/Extensions:/System/Library/Java/Extensions:/usr/lib/java" />
    <property name="user.dir" value="/Users/tomerwei/Repos/PLay/closure-compiler" />
    <property name="ant.file.type.compiler" value="file" />
    <property name="line.separator" value="&#xa;" />
    <property name="java.vm.name" value="Java HotSpot(TM) 64-Bit Server VM" />
    <property name="refasterjs-classes.dir" value="/Users/tomerwei/Repos/PLay/closure-compiler/build/refasterjs-classes" />
    <property name="basedir" value="/Users/tomerwei/Repos/PLay/closure-compiler" />
    <property name="ant.java.version" value="1.7" />
    <property name="ant.core.lib" value="/opt/local/share/java/apache-ant/lib/ant.jar" />
    <property name="file.encoding" value="UTF-8" />
    <property name="closure.build.dir" value="/Users/tomerwei/Repos/PLay/closure-compiler/build" />
    <property name="compiler-jarfile" value="/Users/tomerwei/Repos/PLay/closure-compiler/build/compiler.jar" />
    <property name="java.specification.version" value="1.7" />
    <property name="src.dir" value="/Users/tomerwei/Repos/PLay/closure-compiler/src" />
    <property name="ant.project.invoked-targets" value="clean,compile,compile-tests,test" />
    <property name="javadoc.dir" value="/Users/tomerwei/Repos/PLay/closure-compiler/build/javadoc" />
    <property name="tools.dir" value="/Users/tomerwei/Repos/PLay/closure-compiler/tools" />
  </properties>
  <testcase classname="com.google.javascript.jscomp.TypeInferenceTest" name="testNew1" time="0.001" />
  <testcase classname="com.google.javascript.jscomp.TypeInferenceTest" name="testNew2" time="0.001" />
  <testcase classname="com.google.javascript.jscomp.TypeInferenceTest" name="testAssignment" time="0.0" />
  <testcase classname="com.google.javascript.jscomp.TypeInferenceTest" name="testVar" time="0.0" />
  <testcase classname="com.google.javascript.jscomp.TypeInferenceTest" name="testInnerFunction1" time="0.001" />
  <testcase classname="com.google.javascript.jscomp.TypeInferenceTest" name="testInnerFunction2" time="0.001" />
  <testcase classname="com.google.javascript.jscomp.TypeInferenceTest" name="testHook" time="0.0" />
  <testcase classname="com.google.javascript.jscomp.TypeInferenceTest" name="testObjectLit" time="0.003" />
  <testcase classname="com.google.javascript.jscomp.TypeInferenceTest" name="testGetProp" time="0.0" />
  <testcase classname="com.google.javascript.jscomp.TypeInferenceTest" name="testJoin1" time="0.0" />
  <testcase classname="com.google.javascript.jscomp.TypeInferenceTest" name="testJoin2" time="0.001" />
  <testcase classname="com.google.javascript.jscomp.TypeInferenceTest" name="testGetElem" time="0.001" />
  <testcase classname="com.google.javascript.jscomp.TypeInferenceTest" name="testAssignAdd" time="0.001" />
  <testcase classname="com.google.javascript.jscomp.TypeInferenceTest" name="testArrayLit" time="0.001" />
  <testcase classname="com.google.javascript.jscomp.TypeInferenceTest" name="testIf1" time="0.0" />
  <testcase classname="com.google.javascript.jscomp.TypeInferenceTest" name="testIf2" time="0.0" />
  <testcase classname="com.google.javascript.jscomp.TypeInferenceTest" name="testIf3" time="0.001" />
  <testcase classname="com.google.javascript.jscomp.TypeInferenceTest" name="testDo" time="0.001" />
  <testcase classname="com.google.javascript.jscomp.TypeInferenceTest" name="testAssumption" time="0.001" />
  <testcase classname="com.google.javascript.jscomp.TypeInferenceTest" name="testEmptyVar" time="0.001" />
  <testcase classname="com.google.javascript.jscomp.TypeInferenceTest" name="testExprWithinCast" time="0.001" />
  <testcase classname="com.google.javascript.jscomp.TypeInferenceTest" name="testGetElemDereference" time="0.0" />
  <testcase classname="com.google.javascript.jscomp.TypeInferenceTest" name="testIf1a" time="0.0" />
  <testcase classname="com.google.javascript.jscomp.TypeInferenceTest" name="testAssert1" time="0.0" />
  <testcase classname="com.google.javascript.jscomp.TypeInferenceTest" name="testAssert1a" time="0.001" />
  <testcase classname="com.google.javascript.jscomp.TypeInferenceTest" name="testAssert2" time="0.0" />
  <testcase classname="com.google.javascript.jscomp.TypeInferenceTest" name="testAssert3" time="0.001" />
  <testcase classname="com.google.javascript.jscomp.TypeInferenceTest" name="testAssert4" time="0.001" />
  <testcase classname="com.google.javascript.jscomp.TypeInferenceTest" name="testAssert5" time="0.001" />
  <testcase classname="com.google.javascript.jscomp.TypeInferenceTest" name="testAssert6" time="0.0" />
  <testcase classname="com.google.javascript.jscomp.TypeInferenceTest" name="testAssert7" time="0.0" />
  <testcase classname="com.google.javascript.jscomp.TypeInferenceTest" name="testAssert8" time="0.001" />
  <testcase classname="com.google.javascript.jscomp.TypeInferenceTest" name="testAssert9" time="0.001" />
  <testcase classname="com.google.javascript.jscomp.TypeInferenceTest" name="testAssert10" time="0.0" />
  <testcase classname="com.google.javascript.jscomp.TypeInferenceTest" name="testAssert11" time="0.0" />
  <testcase classname="com.google.javascript.jscomp.TypeInferenceTest" name="testAssertNumber" time="0.0" />
  <testcase classname="com.google.javascript.jscomp.TypeInferenceTest" name="testAssertNumber2" time="0.001" />
  <testcase classname="com.google.javascript.jscomp.TypeInferenceTest" name="testAssertNumber3" time="0.001" />
  <testcase classname="com.google.javascript.jscomp.TypeInferenceTest" name="testAssertString" time="0.001" />
  <testcase classname="com.google.javascript.jscomp.TypeInferenceTest" name="testAssertFunction" time="0.0" />
  <testcase classname="com.google.javascript.jscomp.TypeInferenceTest" name="testAssertObject" time="0.001" />
  <testcase classname="com.google.javascript.jscomp.TypeInferenceTest" name="testAssertElement" time="0.001" />
  <testcase classname="com.google.javascript.jscomp.TypeInferenceTest" name="testAssertObject2" time="0.001" />
  <testcase classname="com.google.javascript.jscomp.TypeInferenceTest" name="testAssertObject3" time="0.001" />
  <testcase classname="com.google.javascript.jscomp.TypeInferenceTest" name="testAssertObject4" time="0.0" />
  <testcase classname="com.google.javascript.jscomp.TypeInferenceTest" name="testAssertObject5" time="0.001" />
  <testcase classname="com.google.javascript.jscomp.TypeInferenceTest" name="testAssertArray" time="0.001" />
  <testcase classname="com.google.javascript.jscomp.TypeInferenceTest" name="testAssertInstanceof1" time="0.0" />
  <testcase classname="com.google.javascript.jscomp.TypeInferenceTest" name="testAssertInstanceof2" time="0.0" />
  <testcase classname="com.google.javascript.jscomp.TypeInferenceTest" name="testAssertInstanceof3" time="0.001" />
  <testcase classname="com.google.javascript.jscomp.TypeInferenceTest" name="testAssertInstanceof3a" time="0.001" />
  <testcase classname="com.google.javascript.jscomp.TypeInferenceTest" name="testAssertInstanceof4" time="0.0" />
  <testcase classname="com.google.javascript.jscomp.TypeInferenceTest" name="testAssertInstanceof5" time="0.0" />
  <testcase classname="com.google.javascript.jscomp.TypeInferenceTest" name="testAssertInstanceof6" time="0.001" />
  <testcase classname="com.google.javascript.jscomp.TypeInferenceTest" name="testAssertInstanceof7" time="0.001" />
  <testcase classname="com.google.javascript.jscomp.TypeInferenceTest" name="testAssertWithIsDefAndNotNull" time="0.0" />
  <testcase classname="com.google.javascript.jscomp.TypeInferenceTest" name="testIsDefAndNoResolvedType" time="0.0" />
  <testcase classname="com.google.javascript.jscomp.TypeInferenceTest" name="testAssertWithNotIsNull" time="0.001" />
  <testcase classname="com.google.javascript.jscomp.TypeInferenceTest" name="testWhile1" time="0.001" />
  <testcase classname="com.google.javascript.jscomp.TypeInferenceTest" name="testWhile2" time="0.0" />
  <testcase classname="com.google.javascript.jscomp.TypeInferenceTest" name="testFor1" time="0.0" />
  <testcase classname="com.google.javascript.jscomp.TypeInferenceTest" name="testFor2" time="0.001" />
  <testcase classname="com.google.javascript.jscomp.TypeInferenceTest" name="testFor3" time="0.001" />
  <testcase classname="com.google.javascript.jscomp.TypeInferenceTest" name="testFor4" time="0.0" />
  <testcase classname="com.google.javascript.jscomp.TypeInferenceTest" name="testFor5" time="0.001" />
  <testcase classname="com.google.javascript.jscomp.TypeInferenceTest" name="testFor6" time="0.001" />
  <testcase classname="com.google.javascript.jscomp.TypeInferenceTest" name="testSwitch1" time="0.0" />
  <testcase classname="com.google.javascript.jscomp.TypeInferenceTest" name="testSwitch2" time="0.0" />
  <testcase classname="com.google.javascript.jscomp.TypeInferenceTest" name="testSwitch3" time="0.001" />
  <testcase classname="com.google.javascript.jscomp.TypeInferenceTest" name="testSwitch4" time="0.001" />
  <testcase classname="com.google.javascript.jscomp.TypeInferenceTest" name="testTry1" time="0.0" />
  <testcase classname="com.google.javascript.jscomp.TypeInferenceTest" name="testTry2" time="0.001" />
  <testcase classname="com.google.javascript.jscomp.TypeInferenceTest" name="testTry3" time="0.0" />
  <testcase classname="com.google.javascript.jscomp.TypeInferenceTest" name="testCatch1" time="0.0" />
  <testcase classname="com.google.javascript.jscomp.TypeInferenceTest" name="testCatch2" time="0.001" />
  <testcase classname="com.google.javascript.jscomp.TypeInferenceTest" name="testUnknownType1" time="0.0" />
  <testcase classname="com.google.javascript.jscomp.TypeInferenceTest" name="testUnknownType2" time="0.0" />
  <testcase classname="com.google.javascript.jscomp.TypeInferenceTest" name="testInfiniteLoop1" time="0.001" />
  <testcase classname="com.google.javascript.jscomp.TypeInferenceTest" name="testInfiniteLoop2" time="0.001" />
  <testcase classname="com.google.javascript.jscomp.TypeInferenceTest" name="testEnumRAI1" time="0.001" />
  <testcase classname="com.google.javascript.jscomp.TypeInferenceTest" name="testEnumRAI2" time="0.0" />
  <testcase classname="com.google.javascript.jscomp.TypeInferenceTest" name="testEnumRAI3" time="0.0" />
  <testcase classname="com.google.javascript.jscomp.TypeInferenceTest" name="testEnumRAI4" time="0.001" />
  <testcase classname="com.google.javascript.jscomp.TypeInferenceTest" name="testShortCircuitingAnd" time="0.001" />
  <testcase classname="com.google.javascript.jscomp.TypeInferenceTest" name="testShortCircuitingAnd2" time="0.0" />
  <testcase classname="com.google.javascript.jscomp.TypeInferenceTest" name="testShortCircuitingOr" time="0.001" />
  <testcase classname="com.google.javascript.jscomp.TypeInferenceTest" name="testShortCircuitingOr2" time="0.0" />
  <testcase classname="com.google.javascript.jscomp.TypeInferenceTest" name="testAssignInCondition" time="0.0" />
  <testcase classname="com.google.javascript.jscomp.TypeInferenceTest" name="testInstanceOf1" time="0.0" />
  <testcase classname="com.google.javascript.jscomp.TypeInferenceTest" name="testInstanceOf5" time="0.0" />
  <testcase classname="com.google.javascript.jscomp.TypeInferenceTest" name="testInstanceOf6" time="0.001" />
  <testcase classname="com.google.javascript.jscomp.TypeInferenceTest" name="testFlattening" time="0.007" />
  <testcase classname="com.google.javascript.jscomp.TypeInferenceTest" name="testUnary" time="0.001" />
  <testcase classname="com.google.javascript.jscomp.TypeInferenceTest" name="testComparison" time="0.001" />
  <testcase classname="com.google.javascript.jscomp.TypeInferenceTest" name="testThrownExpression" time="0.001" />
  <testcase classname="com.google.javascript.jscomp.TypeInferenceTest" name="testCast1" time="0.0" />
  <testcase classname="com.google.javascript.jscomp.TypeInferenceTest" name="testBackwardsInferenceCall" time="0.001" />
  <testcase classname="com.google.javascript.jscomp.TypeInferenceTest" name="testBackwardsInferenceNew" time="0.001" />
  <testcase classname="com.google.javascript.jscomp.TypeInferenceTest" name="testNoThisInference" time="0.001" />
  <testcase classname="com.google.javascript.jscomp.TypeInferenceTest" name="testRecordInference" time="0.001" />
  <testcase classname="com.google.javascript.jscomp.TypeInferenceTest" name="testLotsOfBranchesGettingMerged" time="0.003" />
  <testcase classname="com.google.javascript.jscomp.TypeInferenceTest" name="testIssue785" time="0.001" />
  <testcase classname="com.google.javascript.jscomp.TypeInferenceTest" name="testTemplateForTypeTransformationTests" time="0.001" />
  <testcase classname="com.google.javascript.jscomp.TypeInferenceTest" name="testTypeTransformationTypePredicate" time="0.005" />
  <testcase classname="com.google.javascript.jscomp.TypeInferenceTest" name="testTypeTransformationConditional" time="0.004" />
  <testcase classname="com.google.javascript.jscomp.TypeInferenceTest" name="testTypeTransformationNoneType" time="0.0" />
  <testcase classname="com.google.javascript.jscomp.TypeInferenceTest" name="testTypeTransformationUnionType" time="0.001" />
  <testcase classname="com.google.javascript.jscomp.TypeInferenceTest" name="testTypeTransformationMapunion" time="0.001" />
  <testcase classname="com.google.javascript.jscomp.TypeInferenceTest" name="testTypeTransformationObjectUseCase" time="0.002" />
  <testcase classname="com.google.javascript.jscomp.TypeInferenceTest" name="testTypeTransformationObjectUseCase2" time="0.001" />
  <testcase classname="com.google.javascript.jscomp.TypeInferenceTest" name="testTypeTransformationObjectUseCase3" time="0.002" />
  <testcase classname="com.google.javascript.jscomp.TypeInferenceTest" name="testTypeTransformationTypeOfVarWithInstanceOfConstructor" time="0.001" />
  <testcase classname="com.google.javascript.jscomp.TypeInferenceTest" name="testTypeTransformationTypeOfVarWithConstructor" time="0.001" />
  <testcase classname="com.google.javascript.jscomp.TypeInferenceTest" name="testTypeTransformationTypeOfVarWithTypedef" time="0.001" />
  <testcase classname="com.google.javascript.jscomp.TypeInferenceTest" name="testTypeTransformationWithTypeFromConstructor" time="0.0" />
  <testcase classname="com.google.javascript.jscomp.TypeInferenceTest" name="testTypeTransformationWithTypeFromTypedef" time="0.001" />
  <testcase classname="com.google.javascript.jscomp.TypeInferenceTest" name="testTypeTransformationWithTypeFromNamespace" time="0.001" />
  <testcase classname="com.google.javascript.jscomp.TypeInferenceTest" name="testTypeTransformationWithNativeTypeExpressionFunction" time="0.001" />
  <testcase classname="com.google.javascript.jscomp.TypeInferenceTest" name="testTypeTransformationWithNativeTypeExpressionFunctionReturn" time="0.001" />
  <testcase classname="com.google.javascript.jscomp.TypeInferenceTest" name="testTypeTransformationWithNativeTypeExpressionFunctionThis" time="0.001" />
  <testcase classname="com.google.javascript.jscomp.TypeInferenceTest" name="testTypeTransformationWithNativeTypeExpressionFunctionVarargs" time="0.001" />
  <testcase classname="com.google.javascript.jscomp.TypeInferenceTest" name="testTypeTransformationWithNativeTypeExpressionFunctionOptional" time="0.001" />
  <testcase classname="com.google.javascript.jscomp.TypeInferenceTest" name="testTypeTransformationRecordFromObject" time="0.001" />
  <testcase classname="com.google.javascript.jscomp.TypeInferenceTest" name="testTypeTransformationRecordFromObjectNested" time="0.001" />
  <testcase classname="com.google.javascript.jscomp.TypeInferenceTest" name="testTypeTransformationRecordFromObjectWithTemplatizedType" time="0.001" />
  <testcase classname="com.google.javascript.jscomp.TypeInferenceTest" name="testAssertTypeofProp" time="0.0" />
  <testcase classname="com.google.javascript.jscomp.TypeInferenceTest" name="testThrow" time="0.001" />
  <testcase classname="com.google.javascript.jscomp.TypeInferenceTest" name="testCall1" time="0.001" />
  <testcase classname="com.google.javascript.jscomp.TypeInferenceTest" name="testInstanceOf2" time="0.0" />
  <testcase classname="com.google.javascript.jscomp.TypeInferenceTest" name="testInstanceOf3" time="0.0" />
  <testcase classname="com.google.javascript.jscomp.TypeInferenceTest" name="testInstanceOf4" time="0.001" />
  <testcase classname="com.google.javascript.jscomp.TypeInferenceTest" name="testPropertyInference1" time="0.0" />
  <testcase classname="com.google.javascript.jscomp.TypeInferenceTest" name="testPropertyInference2" time="0.0" />
  <testcase classname="com.google.javascript.jscomp.TypeInferenceTest" name="testPropertyInference3" time="0.001" />
  <testcase classname="com.google.javascript.jscomp.TypeInferenceTest" name="testAdd1" time="0.0" />
  <testcase classname="com.google.javascript.jscomp.TypeInferenceTest" name="testAdd2" time="0.001" />
  <testcase classname="com.google.javascript.jscomp.TypeInferenceTest" name="testAdd3" time="0.0" />
  <testcase classname="com.google.javascript.jscomp.TypeInferenceTest" name="testReturn1" time="0.001" />
  <testcase classname="com.google.javascript.jscomp.TypeInferenceTest" name="testReturn2" time="0.0" />
  <testcase classname="com.google.javascript.jscomp.TypeInferenceTest" name="testNew3" time="0.001" />
  <testcase classname="com.google.javascript.jscomp.TypeInferenceTest" name="testCast2" time="0.001">
    <error message="Mismatch for x&#xa;Expected: function (this:Object): boolean&#xa;Actual  : ?" type="java.lang.AssertionError">java.lang.AssertionError: Mismatch for x
Expected: function (this:Object): boolean
Actual  : ?
	at com.google.javascript.rhino.testing.Asserts.assertTypeEquals(Asserts.java:109)
	at com.google.javascript.jscomp.TypeInferenceTest.verify(TypeInferenceTest.java:142)
	at com.google.javascript.jscomp.TypeInferenceTest.testCast2(TypeInferenceTest.java:1096)
</error>
  </testcase>
  <system-out><![CDATA[]]></system-out>
  <system-err><![CDATA[]]></system-err>
</testsuite>
