<?xml version="1.0" encoding="UTF-8" ?>
<testsuite errors="0" failures="2" hostname="cs-210-206.cs.ucla.edu" name="com.google.javascript.jscomp.PureFunctionIdentifierTest" skipped="0" tests="117" time="1.065" timestamp="2015-03-09T03:17:36">
  <properties>
    <property name="java.vendor" value="Oracle Corporation" />
    <property name="lib.dir" value="/Users/linmanna/Documents/proj/UCLA-CS-239-Winter-2015/Part_B/Benchmark/closure-compiler/lib" />
    <property name="refasterjs-jarfile" value="/Users/linmanna/Documents/proj/UCLA-CS-239-Winter-2015/Part_B/Benchmark/closure-compiler/build/refasterjs.jar" />
    <property name="sun.java.launcher" value="SUN_STANDARD" />
    <property name="sun.management.compiler" value="HotSpot 64-Bit Tiered Compilers" />
    <property name="os.name" value="Mac OS X" />
    <property name="sun.boot.class.path" value="/Library/Java/JavaVirtualMachines/jdk1.7.0_75.jdk/Contents/Home/jre/lib/resources.jar:/Library/Java/JavaVirtualMachines/jdk1.7.0_75.jdk/Contents/Home/jre/lib/rt.jar:/Library/Java/JavaVirtualMachines/jdk1.7.0_75.jdk/Contents/Home/jre/lib/sunrsasign.jar:/Library/Java/JavaVirtualMachines/jdk1.7.0_75.jdk/Contents/Home/jre/lib/jsse.jar:/Library/Java/JavaVirtualMachines/jdk1.7.0_75.jdk/Contents/Home/jre/lib/jce.jar:/Library/Java/JavaVirtualMachines/jdk1.7.0_75.jdk/Contents/Home/jre/lib/charsets.jar:/Library/Java/JavaVirtualMachines/jdk1.7.0_75.jdk/Contents/Home/jre/lib/jfr.jar:/Library/Java/JavaVirtualMachines/jdk1.7.0_75.jdk/Contents/Home/jre/classes" />
    <property name="maven-repository-id" value="sonatype-nexus-staging" />
    <property name="java.vm.specification.vendor" value="Oracle Corporation" />
    <property name="ant.home" value="//Users/linmanna/ant" />
    <property name="java.runtime.version" value="1.7.0_75-b13" />
    <property name="gen.dir" value="/Users/linmanna/Documents/proj/UCLA-CS-239-Winter-2015/Part_B/Benchmark/closure-compiler/gen" />
    <property name="user.name" value="linmanna" />
    <property name="ant.file.compiler" value="/Users/linmanna/Documents/proj/UCLA-CS-239-Winter-2015/Part_B/Benchmark/closure-compiler/build.xml" />
    <property name="build.dir" value="/Users/linmanna/Documents/proj/UCLA-CS-239-Winter-2015/Part_B/Benchmark/closure-compiler/build" />
    <property name="ant.build.javac.target" value="1.7" />
    <property name="user.language" value="zh" />
    <property name="test.method" value="" />
    <property name="sun.boot.library.path" value="/Library/Java/JavaVirtualMachines/jdk1.7.0_75.jdk/Contents/Home/jre/lib" />
    <property name="ant.project.default-target" value="jar" />
    <property name="ant.project.name" value="compiler" />
    <property name="java.version" value="1.7.0_75" />
    <property name="user.timezone" value="" />
    <property name="sun.arch.data.model" value="64" />
    <property name="http.nonProxyHosts" value="local|*.local|169.254/16|*.169.254/16" />
    <property name="java.endorsed.dirs" value="/Library/Java/JavaVirtualMachines/jdk1.7.0_75.jdk/Contents/Home/jre/lib/endorsed" />
    <property name="sun.cpu.isalist" value="" />
    <property name="sun.jnu.encoding" value="UTF-8" />
    <property name="file.encoding.pkg" value="sun.io" />
    <property name="file.separator" value="/" />
    <property name="java.specification.name" value="Java Platform API Specification" />
    <property name="protoc.executable" value="protoc" />
    <property name="classes.dir" value="/Users/linmanna/Documents/proj/UCLA-CS-239-Winter-2015/Part_B/Benchmark/closure-compiler/build/classes" />
    <property name="java.class.version" value="51.0" />
    <property name="testClasses.dir" value="/Users/linmanna/Documents/proj/UCLA-CS-239-Winter-2015/Part_B/Benchmark/closure-compiler/build/test" />
    <property name="user.country" value="CN" />
    <property name="java.home" value="/Library/Java/JavaVirtualMachines/jdk1.7.0_75.jdk/Contents/Home/jre" />
    <property name="java.vm.info" value="mixed mode" />
    <property name="externs.dir" value="/Users/linmanna/Documents/proj/UCLA-CS-239-Winter-2015/Part_B/Benchmark/closure-compiler/externs" />
    <property name="ant.file" value="/Users/linmanna/Documents/proj/UCLA-CS-239-Winter-2015/Part_B/Benchmark/closure-compiler/build.xml" />
    <property name="os.version" value="10.9.5" />
    <property name="javac.debug" value="on" />
    <property name="path.separator" value=":" />
    <property name="java.vm.version" value="24.75-b04" />
    <property name="ant.library.dir" value="//Users/linmanna/ant/lib" />
    <property name="java.awt.printerjob" value="sun.lwawt.macosx.CPrinterJob" />
    <property name="webservice-jarfile" value="/Users/linmanna/Documents/proj/UCLA-CS-239-Winter-2015/Part_B/Benchmark/closure-compiler/build/webservice.jar" />
    <property name="sun.io.unicode.encoding" value="UnicodeBig" />
    <property name="test.fork" value="true" />
    <property name="webservice.dir" value="/Users/linmanna/Documents/proj/UCLA-CS-239-Winter-2015/Part_B/Benchmark/closure-compiler/src/com/google/javascript/jscomp/webservice" />
    <property name="awt.toolkit" value="sun.lwawt.macosx.LWCToolkit" />
    <property name="buildlib.dir" value="/Users/linmanna/Documents/proj/UCLA-CS-239-Winter-2015/Part_B/Benchmark/closure-compiler/build/lib" />
    <property name="socksNonProxyHosts" value="local|*.local|169.254/16|*.169.254/16" />
    <property name="ftp.nonProxyHosts" value="local|*.local|169.254/16|*.169.254/16" />
    <property name="ant.build.javac.source" value="1.7" />
    <property name="refasterjs.dir" value="/Users/linmanna/Documents/proj/UCLA-CS-239-Winter-2015/Part_B/Benchmark/closure-compiler/src/com/google/javascript/refactoring" />
    <property name="user.home" value="/Users/linmanna" />
    <property name="java.specification.vendor" value="Oracle Corporation" />
    <property name="test.dir" value="/Users/linmanna/Documents/proj/UCLA-CS-239-Winter-2015/Part_B/Benchmark/closure-compiler/test" />
    <property name="java.library.path" value="/Users/linmanna/Library/Java/Extensions:/Library/Java/Extensions:/Network/Library/Java/Extensions:/System/Library/Java/Extensions:/usr/lib/java:." />
    <property name="java.vendor.url" value="http://java.oracle.com/" />
    <property name="java.vm.vendor" value="Oracle Corporation" />
    <property name="gopherProxySet" value="false" />
    <property name="build.relVersion" value="00e3533" />
    <property name="java.runtime.name" value="Java(TM) SE Runtime Environment" />
    <property name="sun.java.command" value="org.apache.tools.ant.taskdefs.optional.junit.JUnitTestRunner testsfile=/Users/linmanna/Documents/proj/UCLA-CS-239-Winter-2015/Part_B/Benchmark/closure-compiler/junittestcases4622356093930181862.properties skipNonTests=false filtertrace=true haltOnError=false haltOnFailure=false formatter=org.apache.tools.ant.taskdefs.optional.junit.SummaryJUnitResultFormatter showoutput=true outputtoformatters=true logfailedtests=true threadid=0 logtestlistenerevents=false formatter=org.apache.tools.ant.taskdefs.optional.junit.BriefJUnitResultFormatter formatter=org.apache.tools.ant.taskdefs.optional.junit.XMLJUnitResultFormatter,/Users/linmanna/Documents/proj/UCLA-CS-239-Winter-2015/Part_B/Benchmark/closure-compiler/build/testoutput/IGNORETHIS.xml crashfile=/Users/linmanna/Documents/proj/UCLA-CS-239-Winter-2015/Part_B/Benchmark/closure-compiler/junitvmwatcher882389895192408063.properties propsfile=/Users/linmanna/Documents/proj/UCLA-CS-239-Winter-2015/Part_B/Benchmark/closure-compiler/junit6374663990081372210.properties" />
    <property name="java.class.path" value="/Users/linmanna/Documents/proj/UCLA-CS-239-Winter-2015/Part_B/Benchmark/closure-compiler/build/classes:/Users/linmanna/Documents/proj/UCLA-CS-239-Winter-2015/Part_B/Benchmark/closure-compiler/lib/ant-launcher.jar:/Users/linmanna/Documents/proj/UCLA-CS-239-Winter-2015/Part_B/Benchmark/closure-compiler/lib/ant.jar:/Users/linmanna/Documents/proj/UCLA-CS-239-Winter-2015/Part_B/Benchmark/closure-compiler/lib/args4j.jar:/Users/linmanna/Documents/proj/UCLA-CS-239-Winter-2015/Part_B/Benchmark/closure-compiler/lib/gson.jar:/Users/linmanna/Documents/proj/UCLA-CS-239-Winter-2015/Part_B/Benchmark/closure-compiler/lib/guava.jar:/Users/linmanna/Documents/proj/UCLA-CS-239-Winter-2015/Part_B/Benchmark/closure-compiler/lib/jsr305.jar:/Users/linmanna/Documents/proj/UCLA-CS-239-Winter-2015/Part_B/Benchmark/closure-compiler/lib/junit.jar:/Users/linmanna/Documents/proj/UCLA-CS-239-Winter-2015/Part_B/Benchmark/closure-compiler/lib/protobuf-java.jar:/Users/linmanna/Documents/proj/UCLA-CS-239-Winter-2015/Part_B/Benchmark/closure-compiler/lib/truth.jar:/Users/linmanna/Documents/proj/UCLA-CS-239-Winter-2015/Part_B/Benchmark/closure-compiler/build/test:/Users/linmanna/ant/lib/ant-launcher.jar:/Users/linmanna/ant/lib/ant.jar:/Users/linmanna/ant/lib/ant-junit.jar:/Users/linmanna/ant/lib/ant-junit4.jar" />
    <property name="ant.version" value="Apache Ant(TM) version 1.9.4 compiled on April 29 2014" />
    <property name="test.class" value="*Test" />
    <property name="java.vm.specification.name" value="Java Virtual Machine Specification" />
    <property name="ant.file.type" value="file" />
    <property name="java.vm.specification.version" value="1.7" />
    <property name="sun.cpu.endian" value="little" />
    <property name="sun.os.patch.level" value="unknown" />
    <property name="java.io.tmpdir" value="/var/folders/_p/3swdt4h96dn79vyt21dtny9h0000gn/T/" />
    <property name="java.vendor.url.bug" value="http://bugreport.sun.com/bugreport/" />
    <property name="java.awt.graphicsenv" value="sun.awt.CGraphicsEnvironment" />
    <property name="maven-repository-url" value="https://oss.sonatype.org/service/local/staging/deploy/maven2/" />
    <property name="os.arch" value="x86_64" />
    <property name="webservice-classes.dir" value="/Users/linmanna/Documents/proj/UCLA-CS-239-Winter-2015/Part_B/Benchmark/closure-compiler/build/webservice-classes" />
    <property name="java.ext.dirs" value="/Users/linmanna/Library/Java/Extensions:/Library/Java/JavaVirtualMachines/jdk1.7.0_75.jdk/Contents/Home/jre/lib/ext:/Library/Java/Extensions:/Network/Library/Java/Extensions:/System/Library/Java/Extensions:/usr/lib/java" />
    <property name="user.dir" value="/Users/linmanna/Documents/proj/UCLA-CS-239-Winter-2015/Part_B/Benchmark/closure-compiler" />
    <property name="ant.file.type.compiler" value="file" />
    <property name="line.separator" value="&#xa;" />
    <property name="java.vm.name" value="Java HotSpot(TM) 64-Bit Server VM" />
    <property name="refasterjs-classes.dir" value="/Users/linmanna/Documents/proj/UCLA-CS-239-Winter-2015/Part_B/Benchmark/closure-compiler/build/refasterjs-classes" />
    <property name="basedir" value="/Users/linmanna/Documents/proj/UCLA-CS-239-Winter-2015/Part_B/Benchmark/closure-compiler" />
    <property name="ant.java.version" value="1.7" />
    <property name="ant.core.lib" value="/Users/linmanna/ant/lib/ant.jar" />
    <property name="file.encoding" value="UTF-8" />
    <property name="closure.build.dir" value="/Users/linmanna/Documents/proj/UCLA-CS-239-Winter-2015/Part_B/Benchmark/closure-compiler/build" />
    <property name="compiler-jarfile" value="/Users/linmanna/Documents/proj/UCLA-CS-239-Winter-2015/Part_B/Benchmark/closure-compiler/build/compiler.jar" />
    <property name="java.specification.version" value="1.7" />
    <property name="src.dir" value="/Users/linmanna/Documents/proj/UCLA-CS-239-Winter-2015/Part_B/Benchmark/closure-compiler/src" />
    <property name="ant.project.invoked-targets" value="clean,compile,compile-tests,test" />
    <property name="javadoc.dir" value="/Users/linmanna/Documents/proj/UCLA-CS-239-Winter-2015/Part_B/Benchmark/closure-compiler/build/javadoc" />
    <property name="tools.dir" value="/Users/linmanna/Documents/proj/UCLA-CS-239-Winter-2015/Part_B/Benchmark/closure-compiler/tools" />
  </properties>
  <testcase classname="com.google.javascript.jscomp.PureFunctionIdentifierTest" name="testCall" time="0.007" />
  <testcase classname="com.google.javascript.jscomp.PureFunctionIdentifierTest" name="testInvalidAnnotation1" time="0.005" />
  <testcase classname="com.google.javascript.jscomp.PureFunctionIdentifierTest" name="testInvalidAnnotation2" time="0.005" />
  <testcase classname="com.google.javascript.jscomp.PureFunctionIdentifierTest" name="testInvalidAnnotation3" time="0.005" />
  <testcase classname="com.google.javascript.jscomp.PureFunctionIdentifierTest" name="testInvalidAnnotation4" time="0.006" />
  <testcase classname="com.google.javascript.jscomp.PureFunctionIdentifierTest" name="testInvalidAnnotation5" time="0.005" />
  <testcase classname="com.google.javascript.jscomp.PureFunctionIdentifierTest" name="testIssue303" time="0.006" />
  <testcase classname="com.google.javascript.jscomp.PureFunctionIdentifierTest" name="testIssue303b" time="0.007" />
  <testcase classname="com.google.javascript.jscomp.PureFunctionIdentifierTest" name="testAnnotationInExterns_new1" time="0.006" />
  <testcase classname="com.google.javascript.jscomp.PureFunctionIdentifierTest" name="testAnnotationInExterns_new2" time="0.008" />
  <testcase classname="com.google.javascript.jscomp.PureFunctionIdentifierTest" name="testAnnotationInExterns_new3" time="0.005" />
  <testcase classname="com.google.javascript.jscomp.PureFunctionIdentifierTest" name="testAnnotationInExterns_new4" time="0.005" />
  <testcase classname="com.google.javascript.jscomp.PureFunctionIdentifierTest" name="testAnnotationInExterns_new5" time="0.005" />
  <testcase classname="com.google.javascript.jscomp.PureFunctionIdentifierTest" name="testAnnotationInExterns_new6" time="0.007" />
  <testcase classname="com.google.javascript.jscomp.PureFunctionIdentifierTest" name="testAnnotationInExterns_new7" time="0.005" />
  <testcase classname="com.google.javascript.jscomp.PureFunctionIdentifierTest" name="testAnnotationInExterns_new8" time="0.005" />
  <testcase classname="com.google.javascript.jscomp.PureFunctionIdentifierTest" name="testAnnotationInExterns_new9" time="0.006" />
  <testcase classname="com.google.javascript.jscomp.PureFunctionIdentifierTest" name="testAnnotationInExterns_new10" time="0.006" />
  <testcase classname="com.google.javascript.jscomp.PureFunctionIdentifierTest" name="testAnnotationInExterns1" time="0.006" />
  <testcase classname="com.google.javascript.jscomp.PureFunctionIdentifierTest" name="testAnnotationInExterns2" time="0.005" />
  <testcase classname="com.google.javascript.jscomp.PureFunctionIdentifierTest" name="testAnnotationInExterns3" time="0.014" />
  <testcase classname="com.google.javascript.jscomp.PureFunctionIdentifierTest" name="testAnnotationInExterns4" time="0.006" />
  <testcase classname="com.google.javascript.jscomp.PureFunctionIdentifierTest" name="testAnnotationInExterns5" time="0.005" />
  <testcase classname="com.google.javascript.jscomp.PureFunctionIdentifierTest" name="testNamespaceAnnotationInExterns1" time="0.005" />
  <testcase classname="com.google.javascript.jscomp.PureFunctionIdentifierTest" name="testNamespaceAnnotationInExterns2" time="0.005" />
  <testcase classname="com.google.javascript.jscomp.PureFunctionIdentifierTest" name="testNamespaceAnnotationInExterns3" time="0.005" />
  <testcase classname="com.google.javascript.jscomp.PureFunctionIdentifierTest" name="testNamespaceAnnotationInExterns4" time="0.005" />
  <testcase classname="com.google.javascript.jscomp.PureFunctionIdentifierTest" name="testNamespaceAnnotationInExterns5" time="0.01" />
  <testcase classname="com.google.javascript.jscomp.PureFunctionIdentifierTest" name="testNamespaceAnnotationInExterns6" time="0.005" />
  <testcase classname="com.google.javascript.jscomp.PureFunctionIdentifierTest" name="testConstructorAnnotationInExterns1" time="0.006" />
  <testcase classname="com.google.javascript.jscomp.PureFunctionIdentifierTest" name="testConstructorAnnotationInExterns2" time="0.007" />
  <testcase classname="com.google.javascript.jscomp.PureFunctionIdentifierTest" name="testConstructorAnnotationInExterns3" time="0.008" />
  <testcase classname="com.google.javascript.jscomp.PureFunctionIdentifierTest" name="testConstructorAnnotationInExterns4" time="0.006" />
  <testcase classname="com.google.javascript.jscomp.PureFunctionIdentifierTest" name="testConstructorAnnotationInExterns5" time="0.009" />
  <testcase classname="com.google.javascript.jscomp.PureFunctionIdentifierTest" name="testConstructorAnnotationInExterns6" time="0.009" />
  <testcase classname="com.google.javascript.jscomp.PureFunctionIdentifierTest" name="testConstructorAnnotationInExterns7" time="0.01" />
  <testcase classname="com.google.javascript.jscomp.PureFunctionIdentifierTest" name="testConstructorAnnotationInExterns8" time="0.009" />
  <testcase classname="com.google.javascript.jscomp.PureFunctionIdentifierTest" name="testSharedFunctionName1" time="0.007" />
  <testcase classname="com.google.javascript.jscomp.PureFunctionIdentifierTest" name="testSharedFunctionName2" time="0.014" />
  <testcase classname="com.google.javascript.jscomp.PureFunctionIdentifierTest" name="testAnnotationInExternStubs1" time="0.008" />
  <testcase classname="com.google.javascript.jscomp.PureFunctionIdentifierTest" name="testAnnotationInExternStubs1b" time="0.008" />
  <testcase classname="com.google.javascript.jscomp.PureFunctionIdentifierTest" name="testAnnotationInExternStubs2" time="0.012" />
  <testcase classname="com.google.javascript.jscomp.PureFunctionIdentifierTest" name="testAnnotationInExternStubs2b" time="0.008" />
  <testcase classname="com.google.javascript.jscomp.PureFunctionIdentifierTest" name="testAnnotationInExternStubs3" time="0.015" />
  <testcase classname="com.google.javascript.jscomp.PureFunctionIdentifierTest" name="testAnnotationInExternStubs4" time="0.002" />
  <testcase classname="com.google.javascript.jscomp.PureFunctionIdentifierTest" name="testAnnotationInExternStubs5" time="0.002" />
  <testcase classname="com.google.javascript.jscomp.PureFunctionIdentifierTest" name="testNoSideEffectsSimple" time="0.078" />
  <testcase classname="com.google.javascript.jscomp.PureFunctionIdentifierTest" name="testResultLocalitySimple" time="0.098" />
  <testcase classname="com.google.javascript.jscomp.PureFunctionIdentifierTest" name="testExternCalls" time="0.033" />
  <testcase classname="com.google.javascript.jscomp.PureFunctionIdentifierTest" name="testApply" time="0.008" />
  <testcase classname="com.google.javascript.jscomp.PureFunctionIdentifierTest" name="testInference1" time="0.024" />
  <testcase classname="com.google.javascript.jscomp.PureFunctionIdentifierTest" name="testInference2" time="0.008" />
  <testcase classname="com.google.javascript.jscomp.PureFunctionIdentifierTest" name="testInference3" time="0.012" />
  <testcase classname="com.google.javascript.jscomp.PureFunctionIdentifierTest" name="testInference4" time="0.009" />
  <testcase classname="com.google.javascript.jscomp.PureFunctionIdentifierTest" name="testInference5" time="0.01" />
  <testcase classname="com.google.javascript.jscomp.PureFunctionIdentifierTest" name="testInference6" time="0.007" />
  <testcase classname="com.google.javascript.jscomp.PureFunctionIdentifierTest" name="testLocalizedSideEffects1" time="0.008" />
  <testcase classname="com.google.javascript.jscomp.PureFunctionIdentifierTest" name="testLocalizedSideEffects2" time="0.012" />
  <testcase classname="com.google.javascript.jscomp.PureFunctionIdentifierTest" name="testLocalizedSideEffects3" time="0.006" />
  <testcase classname="com.google.javascript.jscomp.PureFunctionIdentifierTest" name="testLocalizedSideEffects4" time="0.007" />
  <testcase classname="com.google.javascript.jscomp.PureFunctionIdentifierTest" name="testLocalizedSideEffects5" time="0.006" />
  <testcase classname="com.google.javascript.jscomp.PureFunctionIdentifierTest" name="testLocalizedSideEffects6" time="0.008" />
  <testcase classname="com.google.javascript.jscomp.PureFunctionIdentifierTest" name="testLocalizedSideEffects7" time="0.01" />
  <testcase classname="com.google.javascript.jscomp.PureFunctionIdentifierTest" name="testLocalizedSideEffects8" time="0.009" />
  <testcase classname="com.google.javascript.jscomp.PureFunctionIdentifierTest" name="testLocalizedSideEffects9" time="0.008" />
  <testcase classname="com.google.javascript.jscomp.PureFunctionIdentifierTest" name="testLocalizedSideEffects10" time="0.013" />
  <testcase classname="com.google.javascript.jscomp.PureFunctionIdentifierTest" name="testLocalizedSideEffects11" time="0.007" />
  <testcase classname="com.google.javascript.jscomp.PureFunctionIdentifierTest" name="testUnaryOperators1" time="0.006" />
  <testcase classname="com.google.javascript.jscomp.PureFunctionIdentifierTest" name="testUnaryOperators2" time="0.008" />
  <testcase classname="com.google.javascript.jscomp.PureFunctionIdentifierTest" name="testUnaryOperators3" time="0.013" />
  <testcase classname="com.google.javascript.jscomp.PureFunctionIdentifierTest" name="testUnaryOperators4" time="0.007" />
  <testcase classname="com.google.javascript.jscomp.PureFunctionIdentifierTest" name="testUnaryOperators5" time="0.006" />
  <testcase classname="com.google.javascript.jscomp.PureFunctionIdentifierTest" name="testDeleteOperator1" time="0.01" />
  <testcase classname="com.google.javascript.jscomp.PureFunctionIdentifierTest" name="testDeleteOperator2" time="0.01" />
  <testcase classname="com.google.javascript.jscomp.PureFunctionIdentifierTest" name="testOrOperator1" time="0.008" />
  <testcase classname="com.google.javascript.jscomp.PureFunctionIdentifierTest" name="testOrOperator2" time="0.008" />
  <testcase classname="com.google.javascript.jscomp.PureFunctionIdentifierTest" name="testOrOperator3" time="0.009" />
  <testcase classname="com.google.javascript.jscomp.PureFunctionIdentifierTest" name="testOrOperators4" time="0.009" />
  <testcase classname="com.google.javascript.jscomp.PureFunctionIdentifierTest" name="testAndOperator1" time="0.007" />
  <testcase classname="com.google.javascript.jscomp.PureFunctionIdentifierTest" name="testAndOperator2" time="0.006" />
  <testcase classname="com.google.javascript.jscomp.PureFunctionIdentifierTest" name="testAndOperator3" time="0.011" />
  <testcase classname="com.google.javascript.jscomp.PureFunctionIdentifierTest" name="testAndOperators4" time="0.005" />
  <testcase classname="com.google.javascript.jscomp.PureFunctionIdentifierTest" name="testHookOperator1" time="0.008" />
  <testcase classname="com.google.javascript.jscomp.PureFunctionIdentifierTest" name="testHookOperator2" time="0.007" />
  <testcase classname="com.google.javascript.jscomp.PureFunctionIdentifierTest" name="testHookOperator3" time="0.009" />
  <testcase classname="com.google.javascript.jscomp.PureFunctionIdentifierTest" name="testHookOperators4" time="0.005" />
  <testcase classname="com.google.javascript.jscomp.PureFunctionIdentifierTest" name="testThrow1" time="0.004" />
  <testcase classname="com.google.javascript.jscomp.PureFunctionIdentifierTest" name="testThrow2" time="0.006" />
  <testcase classname="com.google.javascript.jscomp.PureFunctionIdentifierTest" name="testAssignmentOverride" time="0.008" />
  <testcase classname="com.google.javascript.jscomp.PureFunctionIdentifierTest" name="testInheritance1" time="0.006">
    <failure message="Unexpected warning(s): JSC_REFLECT_OBJECTLIT_EXPECTED. Object literal expected as second argument at testcode line 15 : 0 expected:&lt;0&gt; but was:&lt;1&gt;" type="junit.framework.AssertionFailedError">junit.framework.AssertionFailedError: Unexpected warning(s): JSC_REFLECT_OBJECTLIT_EXPECTED. Object literal expected as second argument at testcode line 15 : 0 expected:&lt;0&gt; but was:&lt;1&gt;
	at com.google.javascript.jscomp.CompilerTestCase.test(CompilerTestCase.java:1094)
	at com.google.javascript.jscomp.CompilerTestCase.test(CompilerTestCase.java:935)
	at com.google.javascript.jscomp.CompilerTestCase.test(CompilerTestCase.java:543)
	at com.google.javascript.jscomp.CompilerTestCase.test(CompilerTestCase.java:509)
	at com.google.javascript.jscomp.CompilerTestCase.test(CompilerTestCase.java:450)
	at com.google.javascript.jscomp.CompilerTestCase.test(CompilerTestCase.java:408)
	at com.google.javascript.jscomp.CompilerTestCase.testSame(CompilerTestCase.java:741)
	at com.google.javascript.jscomp.PureFunctionIdentifierTest.checkMarkedCalls(PureFunctionIdentifierTest.java:1258)
	at com.google.javascript.jscomp.PureFunctionIdentifierTest.testInheritance1(PureFunctionIdentifierTest.java:972)
</failure>
  </testcase>
  <testcase classname="com.google.javascript.jscomp.PureFunctionIdentifierTest" name="testInheritance2" time="0.005">
    <failure message="Unexpected warning(s): JSC_REFLECT_OBJECTLIT_EXPECTED. Object literal expected as second argument at testcode line 15 : 0 expected:&lt;0&gt; but was:&lt;1&gt;" type="junit.framework.AssertionFailedError">junit.framework.AssertionFailedError: Unexpected warning(s): JSC_REFLECT_OBJECTLIT_EXPECTED. Object literal expected as second argument at testcode line 15 : 0 expected:&lt;0&gt; but was:&lt;1&gt;
	at com.google.javascript.jscomp.CompilerTestCase.test(CompilerTestCase.java:1094)
	at com.google.javascript.jscomp.CompilerTestCase.test(CompilerTestCase.java:935)
	at com.google.javascript.jscomp.CompilerTestCase.test(CompilerTestCase.java:543)
	at com.google.javascript.jscomp.CompilerTestCase.test(CompilerTestCase.java:509)
	at com.google.javascript.jscomp.CompilerTestCase.test(CompilerTestCase.java:450)
	at com.google.javascript.jscomp.CompilerTestCase.test(CompilerTestCase.java:408)
	at com.google.javascript.jscomp.CompilerTestCase.testSame(CompilerTestCase.java:741)
	at com.google.javascript.jscomp.PureFunctionIdentifierTest.checkMarkedCalls(PureFunctionIdentifierTest.java:1258)
	at com.google.javascript.jscomp.PureFunctionIdentifierTest.testInheritance2(PureFunctionIdentifierTest.java:990)
</failure>
  </testcase>
  <testcase classname="com.google.javascript.jscomp.PureFunctionIdentifierTest" name="testCallBeforeDefinition" time="0.007" />
  <testcase classname="com.google.javascript.jscomp.PureFunctionIdentifierTest" name="testConstructorThatModifiesThis1" time="0.005" />
  <testcase classname="com.google.javascript.jscomp.PureFunctionIdentifierTest" name="testConstructorThatModifiesThis2" time="0.004" />
  <testcase classname="com.google.javascript.jscomp.PureFunctionIdentifierTest" name="testConstructorThatModifiesThis3" time="0.007" />
  <testcase classname="com.google.javascript.jscomp.PureFunctionIdentifierTest" name="testConstructorThatModifiesThis4" time="0.007" />
  <testcase classname="com.google.javascript.jscomp.PureFunctionIdentifierTest" name="testConstructorThatModifiesGlobal1" time="0.005" />
  <testcase classname="com.google.javascript.jscomp.PureFunctionIdentifierTest" name="testConstructorThatModifiesGlobal2" time="0.007" />
  <testcase classname="com.google.javascript.jscomp.PureFunctionIdentifierTest" name="testCallFunctionThatModifiesThis" time="0.006" />
  <testcase classname="com.google.javascript.jscomp.PureFunctionIdentifierTest" name="testMutatesArguments1" time="0.005" />
  <testcase classname="com.google.javascript.jscomp.PureFunctionIdentifierTest" name="testMutatesArguments2" time="0.006" />
  <testcase classname="com.google.javascript.jscomp.PureFunctionIdentifierTest" name="testMutatesArguments3" time="0.004" />
  <testcase classname="com.google.javascript.jscomp.PureFunctionIdentifierTest" name="testMutatesArguments4" time="0.005" />
  <testcase classname="com.google.javascript.jscomp.PureFunctionIdentifierTest" name="testMutatesArgumentsArray1" time="0.007" />
  <testcase classname="com.google.javascript.jscomp.PureFunctionIdentifierTest" name="testMutatesArgumentsArray2" time="0.005" />
  <testcase classname="com.google.javascript.jscomp.PureFunctionIdentifierTest" name="testMutatesArgumentsArray3" time="0.005" />
  <testcase classname="com.google.javascript.jscomp.PureFunctionIdentifierTest" name="testCallFunctionFOrG" time="0.004" />
  <testcase classname="com.google.javascript.jscomp.PureFunctionIdentifierTest" name="testCallFunctionFOrGViaHook" time="0.004" />
  <testcase classname="com.google.javascript.jscomp.PureFunctionIdentifierTest" name="testCallFunctionForGorH" time="0.006" />
  <testcase classname="com.google.javascript.jscomp.PureFunctionIdentifierTest" name="testCallFunctionFOrGWithSideEffects" time="0.006" />
  <testcase classname="com.google.javascript.jscomp.PureFunctionIdentifierTest" name="testCallFunctionFOrGViaHookWithSideEffects" time="0.007" />
  <testcase classname="com.google.javascript.jscomp.PureFunctionIdentifierTest" name="testCallRegExpWithSideEffects" time="0.012" />
  <testcase classname="com.google.javascript.jscomp.PureFunctionIdentifierTest" name="testAnonymousFunction1" time="0.004" />
  <testcase classname="com.google.javascript.jscomp.PureFunctionIdentifierTest" name="testAnonymousFunction2" time="0.004" />
  <testcase classname="com.google.javascript.jscomp.PureFunctionIdentifierTest" name="testAnonymousFunction3" time="0.005" />
  <testcase classname="com.google.javascript.jscomp.PureFunctionIdentifierTest" name="testAnonymousFunction4" time="0.005" />
  <testcase classname="com.google.javascript.jscomp.PureFunctionIdentifierTest" name="testFunctionProperties1" time="0.006" />
  <system-out><![CDATA[]]></system-out>
  <system-err><![CDATA[]]></system-err>
</testsuite>
