<?xml version="1.0" encoding="UTF-8" ?>
<testsuite errors="0" failures="2" hostname="cs-210-206.cs.ucla.edu" name="com.google.javascript.jscomp.DevirtualizePrototypeMethodsTest" skipped="0" tests="45" time="0.118" timestamp="2015-03-09T03:17:18">
  <properties>
    <property name="java.vendor" value="Oracle Corporation" />
    <property name="lib.dir" value="/Users/linmanna/Documents/proj/UCLA-CS-239-Winter-2015/Part_B/Benchmark/closure-compiler/lib" />
    <property name="refasterjs-jarfile" value="/Users/linmanna/Documents/proj/UCLA-CS-239-Winter-2015/Part_B/Benchmark/closure-compiler/build/refasterjs.jar" />
    <property name="sun.java.launcher" value="SUN_STANDARD" />
    <property name="sun.management.compiler" value="HotSpot 64-Bit Tiered Compilers" />
    <property name="os.name" value="Mac OS X" />
    <property name="sun.boot.class.path" value="/Library/Java/JavaVirtualMachines/jdk1.7.0_75.jdk/Contents/Home/jre/lib/resources.jar:/Library/Java/JavaVirtualMachines/jdk1.7.0_75.jdk/Contents/Home/jre/lib/rt.jar:/Library/Java/JavaVirtualMachines/jdk1.7.0_75.jdk/Contents/Home/jre/lib/sunrsasign.jar:/Library/Java/JavaVirtualMachines/jdk1.7.0_75.jdk/Contents/Home/jre/lib/jsse.jar:/Library/Java/JavaVirtualMachines/jdk1.7.0_75.jdk/Contents/Home/jre/lib/jce.jar:/Library/Java/JavaVirtualMachines/jdk1.7.0_75.jdk/Contents/Home/jre/lib/charsets.jar:/Library/Java/JavaVirtualMachines/jdk1.7.0_75.jdk/Contents/Home/jre/lib/jfr.jar:/Library/Java/JavaVirtualMachines/jdk1.7.0_75.jdk/Contents/Home/jre/classes" />
    <property name="maven-repository-id" value="sonatype-nexus-staging" />
    <property name="java.vm.specification.vendor" value="Oracle Corporation" />
    <property name="ant.home" value="//Users/linmanna/ant" />
    <property name="java.runtime.version" value="1.7.0_75-b13" />
    <property name="gen.dir" value="/Users/linmanna/Documents/proj/UCLA-CS-239-Winter-2015/Part_B/Benchmark/closure-compiler/gen" />
    <property name="user.name" value="linmanna" />
    <property name="ant.file.compiler" value="/Users/linmanna/Documents/proj/UCLA-CS-239-Winter-2015/Part_B/Benchmark/closure-compiler/build.xml" />
    <property name="build.dir" value="/Users/linmanna/Documents/proj/UCLA-CS-239-Winter-2015/Part_B/Benchmark/closure-compiler/build" />
    <property name="ant.build.javac.target" value="1.7" />
    <property name="user.language" value="zh" />
    <property name="test.method" value="" />
    <property name="sun.boot.library.path" value="/Library/Java/JavaVirtualMachines/jdk1.7.0_75.jdk/Contents/Home/jre/lib" />
    <property name="ant.project.default-target" value="jar" />
    <property name="ant.project.name" value="compiler" />
    <property name="java.version" value="1.7.0_75" />
    <property name="user.timezone" value="" />
    <property name="sun.arch.data.model" value="64" />
    <property name="http.nonProxyHosts" value="local|*.local|169.254/16|*.169.254/16" />
    <property name="java.endorsed.dirs" value="/Library/Java/JavaVirtualMachines/jdk1.7.0_75.jdk/Contents/Home/jre/lib/endorsed" />
    <property name="sun.cpu.isalist" value="" />
    <property name="sun.jnu.encoding" value="UTF-8" />
    <property name="file.encoding.pkg" value="sun.io" />
    <property name="file.separator" value="/" />
    <property name="java.specification.name" value="Java Platform API Specification" />
    <property name="protoc.executable" value="protoc" />
    <property name="classes.dir" value="/Users/linmanna/Documents/proj/UCLA-CS-239-Winter-2015/Part_B/Benchmark/closure-compiler/build/classes" />
    <property name="java.class.version" value="51.0" />
    <property name="testClasses.dir" value="/Users/linmanna/Documents/proj/UCLA-CS-239-Winter-2015/Part_B/Benchmark/closure-compiler/build/test" />
    <property name="user.country" value="CN" />
    <property name="java.home" value="/Library/Java/JavaVirtualMachines/jdk1.7.0_75.jdk/Contents/Home/jre" />
    <property name="java.vm.info" value="mixed mode" />
    <property name="externs.dir" value="/Users/linmanna/Documents/proj/UCLA-CS-239-Winter-2015/Part_B/Benchmark/closure-compiler/externs" />
    <property name="ant.file" value="/Users/linmanna/Documents/proj/UCLA-CS-239-Winter-2015/Part_B/Benchmark/closure-compiler/build.xml" />
    <property name="os.version" value="10.9.5" />
    <property name="javac.debug" value="on" />
    <property name="path.separator" value=":" />
    <property name="java.vm.version" value="24.75-b04" />
    <property name="ant.library.dir" value="//Users/linmanna/ant/lib" />
    <property name="java.awt.printerjob" value="sun.lwawt.macosx.CPrinterJob" />
    <property name="webservice-jarfile" value="/Users/linmanna/Documents/proj/UCLA-CS-239-Winter-2015/Part_B/Benchmark/closure-compiler/build/webservice.jar" />
    <property name="sun.io.unicode.encoding" value="UnicodeBig" />
    <property name="test.fork" value="true" />
    <property name="webservice.dir" value="/Users/linmanna/Documents/proj/UCLA-CS-239-Winter-2015/Part_B/Benchmark/closure-compiler/src/com/google/javascript/jscomp/webservice" />
    <property name="awt.toolkit" value="sun.lwawt.macosx.LWCToolkit" />
    <property name="buildlib.dir" value="/Users/linmanna/Documents/proj/UCLA-CS-239-Winter-2015/Part_B/Benchmark/closure-compiler/build/lib" />
    <property name="socksNonProxyHosts" value="local|*.local|169.254/16|*.169.254/16" />
    <property name="ftp.nonProxyHosts" value="local|*.local|169.254/16|*.169.254/16" />
    <property name="ant.build.javac.source" value="1.7" />
    <property name="refasterjs.dir" value="/Users/linmanna/Documents/proj/UCLA-CS-239-Winter-2015/Part_B/Benchmark/closure-compiler/src/com/google/javascript/refactoring" />
    <property name="user.home" value="/Users/linmanna" />
    <property name="java.specification.vendor" value="Oracle Corporation" />
    <property name="test.dir" value="/Users/linmanna/Documents/proj/UCLA-CS-239-Winter-2015/Part_B/Benchmark/closure-compiler/test" />
    <property name="java.library.path" value="/Users/linmanna/Library/Java/Extensions:/Library/Java/Extensions:/Network/Library/Java/Extensions:/System/Library/Java/Extensions:/usr/lib/java:." />
    <property name="java.vendor.url" value="http://java.oracle.com/" />
    <property name="java.vm.vendor" value="Oracle Corporation" />
    <property name="gopherProxySet" value="false" />
    <property name="build.relVersion" value="00e3533" />
    <property name="java.runtime.name" value="Java(TM) SE Runtime Environment" />
    <property name="sun.java.command" value="org.apache.tools.ant.taskdefs.optional.junit.JUnitTestRunner testsfile=/Users/linmanna/Documents/proj/UCLA-CS-239-Winter-2015/Part_B/Benchmark/closure-compiler/junittestcases4622356093930181862.properties skipNonTests=false filtertrace=true haltOnError=false haltOnFailure=false formatter=org.apache.tools.ant.taskdefs.optional.junit.SummaryJUnitResultFormatter showoutput=true outputtoformatters=true logfailedtests=true threadid=0 logtestlistenerevents=false formatter=org.apache.tools.ant.taskdefs.optional.junit.BriefJUnitResultFormatter formatter=org.apache.tools.ant.taskdefs.optional.junit.XMLJUnitResultFormatter,/Users/linmanna/Documents/proj/UCLA-CS-239-Winter-2015/Part_B/Benchmark/closure-compiler/build/testoutput/IGNORETHIS.xml crashfile=/Users/linmanna/Documents/proj/UCLA-CS-239-Winter-2015/Part_B/Benchmark/closure-compiler/junitvmwatcher882389895192408063.properties propsfile=/Users/linmanna/Documents/proj/UCLA-CS-239-Winter-2015/Part_B/Benchmark/closure-compiler/junit6374663990081372210.properties" />
    <property name="java.class.path" value="/Users/linmanna/Documents/proj/UCLA-CS-239-Winter-2015/Part_B/Benchmark/closure-compiler/build/classes:/Users/linmanna/Documents/proj/UCLA-CS-239-Winter-2015/Part_B/Benchmark/closure-compiler/lib/ant-launcher.jar:/Users/linmanna/Documents/proj/UCLA-CS-239-Winter-2015/Part_B/Benchmark/closure-compiler/lib/ant.jar:/Users/linmanna/Documents/proj/UCLA-CS-239-Winter-2015/Part_B/Benchmark/closure-compiler/lib/args4j.jar:/Users/linmanna/Documents/proj/UCLA-CS-239-Winter-2015/Part_B/Benchmark/closure-compiler/lib/gson.jar:/Users/linmanna/Documents/proj/UCLA-CS-239-Winter-2015/Part_B/Benchmark/closure-compiler/lib/guava.jar:/Users/linmanna/Documents/proj/UCLA-CS-239-Winter-2015/Part_B/Benchmark/closure-compiler/lib/jsr305.jar:/Users/linmanna/Documents/proj/UCLA-CS-239-Winter-2015/Part_B/Benchmark/closure-compiler/lib/junit.jar:/Users/linmanna/Documents/proj/UCLA-CS-239-Winter-2015/Part_B/Benchmark/closure-compiler/lib/protobuf-java.jar:/Users/linmanna/Documents/proj/UCLA-CS-239-Winter-2015/Part_B/Benchmark/closure-compiler/lib/truth.jar:/Users/linmanna/Documents/proj/UCLA-CS-239-Winter-2015/Part_B/Benchmark/closure-compiler/build/test:/Users/linmanna/ant/lib/ant-launcher.jar:/Users/linmanna/ant/lib/ant.jar:/Users/linmanna/ant/lib/ant-junit.jar:/Users/linmanna/ant/lib/ant-junit4.jar" />
    <property name="ant.version" value="Apache Ant(TM) version 1.9.4 compiled on April 29 2014" />
    <property name="test.class" value="*Test" />
    <property name="java.vm.specification.name" value="Java Virtual Machine Specification" />
    <property name="ant.file.type" value="file" />
    <property name="java.vm.specification.version" value="1.7" />
    <property name="sun.cpu.endian" value="little" />
    <property name="sun.os.patch.level" value="unknown" />
    <property name="java.io.tmpdir" value="/var/folders/_p/3swdt4h96dn79vyt21dtny9h0000gn/T/" />
    <property name="java.vendor.url.bug" value="http://bugreport.sun.com/bugreport/" />
    <property name="java.awt.graphicsenv" value="sun.awt.CGraphicsEnvironment" />
    <property name="maven-repository-url" value="https://oss.sonatype.org/service/local/staging/deploy/maven2/" />
    <property name="os.arch" value="x86_64" />
    <property name="webservice-classes.dir" value="/Users/linmanna/Documents/proj/UCLA-CS-239-Winter-2015/Part_B/Benchmark/closure-compiler/build/webservice-classes" />
    <property name="java.ext.dirs" value="/Users/linmanna/Library/Java/Extensions:/Library/Java/JavaVirtualMachines/jdk1.7.0_75.jdk/Contents/Home/jre/lib/ext:/Library/Java/Extensions:/Network/Library/Java/Extensions:/System/Library/Java/Extensions:/usr/lib/java" />
    <property name="user.dir" value="/Users/linmanna/Documents/proj/UCLA-CS-239-Winter-2015/Part_B/Benchmark/closure-compiler" />
    <property name="ant.file.type.compiler" value="file" />
    <property name="line.separator" value="&#xa;" />
    <property name="java.vm.name" value="Java HotSpot(TM) 64-Bit Server VM" />
    <property name="refasterjs-classes.dir" value="/Users/linmanna/Documents/proj/UCLA-CS-239-Winter-2015/Part_B/Benchmark/closure-compiler/build/refasterjs-classes" />
    <property name="basedir" value="/Users/linmanna/Documents/proj/UCLA-CS-239-Winter-2015/Part_B/Benchmark/closure-compiler" />
    <property name="ant.java.version" value="1.7" />
    <property name="ant.core.lib" value="/Users/linmanna/ant/lib/ant.jar" />
    <property name="file.encoding" value="UTF-8" />
    <property name="closure.build.dir" value="/Users/linmanna/Documents/proj/UCLA-CS-239-Winter-2015/Part_B/Benchmark/closure-compiler/build" />
    <property name="compiler-jarfile" value="/Users/linmanna/Documents/proj/UCLA-CS-239-Winter-2015/Part_B/Benchmark/closure-compiler/build/compiler.jar" />
    <property name="java.specification.version" value="1.7" />
    <property name="src.dir" value="/Users/linmanna/Documents/proj/UCLA-CS-239-Winter-2015/Part_B/Benchmark/closure-compiler/src" />
    <property name="ant.project.invoked-targets" value="clean,compile,compile-tests,test" />
    <property name="javadoc.dir" value="/Users/linmanna/Documents/proj/UCLA-CS-239-Winter-2015/Part_B/Benchmark/closure-compiler/build/javadoc" />
    <property name="tools.dir" value="/Users/linmanna/Documents/proj/UCLA-CS-239-Winter-2015/Part_B/Benchmark/closure-compiler/tools" />
  </properties>
  <testcase classname="com.google.javascript.jscomp.DevirtualizePrototypeMethodsTest" name="testRewritePrototypeMethods1" time="0.01">
    <failure message="&#xa;Expected: function a(){this.x=3}var JSCompiler_StaticMethods_foo=function(JSCompiler_StaticMethods_foo$self){return JSCompiler_StaticMethods_foo$self.x};var JSCompiler_StaticMethods_bar=function(JSCompiler_StaticMethods_bar$self,p){return JSCompiler_StaticMethods_bar$self.x};var JSCompiler_StaticMethods_baz=function(JSCompiler_StaticMethods_baz$self){};var o=new a;JSCompiler_StaticMethods_foo(o);JSCompiler_StaticMethods_bar(o,2);JSCompiler_StaticMethods_baz(o)&#xa;Result:   function a(){this.x=3}var JSCompiler_StaticMethods_foo=function(JSCompiler_StaticMethods_foo$self){return JSCompiler_StaticMethods_foo$self.x};var JSCompiler_StaticMethods_bar=function(JSCompiler_StaticMethods_bar$self,p){return JSCompiler_StaticMethods_bar$self.x};var JSCompiler_StaticMethods_baz=function(JSCompiler_StaticMethods_baz$self){};var o=new a;JSCompiler_StaticMethods_foo(o);JSCompiler_StaticMethods_bar(o,2);JSCompiler_StaticMethods_baz(o)&#xa;Node tree inequality:&#xa;Tree:&#xa;BLOCK [synthetic: 1]&#xa;    SCRIPT 1 [synthetic: 1] [source_file: expected0] [input_id: InputId: expected0]&#xa;        FUNCTION a 1 [source_file: expected0]&#xa;            NAME a 1 [source_file: expected0]&#xa;            PARAM_LIST 1 [source_file: expected0]&#xa;            BLOCK 1 [source_file: expected0]&#xa;                EXPR_RESULT 1 [source_file: expected0]&#xa;                    ASSIGN 1 [source_file: expected0]&#xa;                        GETPROP 1 [source_file: expected0]&#xa;                            THIS 1 [source_file: expected0]&#xa;                            STRING x 1 [source_file: expected0]&#xa;                        NUMBER 3.0 1 [source_file: expected0]&#xa;        VAR 2 [source_file: expected0]&#xa;            NAME JSCompiler_StaticMethods_foo 2 [source_file: expected0]&#xa;                FUNCTION  3 [source_file: expected0]&#xa;                    NAME  3 [source_file: expected0]&#xa;                    PARAM_LIST 3 [source_file: expected0]&#xa;                        NAME JSCompiler_StaticMethods_foo$self 3 [source_file: expected0]&#xa;                    BLOCK 3 [source_file: expected0]&#xa;                        RETURN 4 [source_file: expected0]&#xa;                            GETPROP 4 [source_file: expected0]&#xa;                                NAME JSCompiler_StaticMethods_foo$self 4 [source_file: expected0]&#xa;                                STRING x 4 [source_file: expected0]&#xa;        VAR 6 [source_file: expected0]&#xa;            NAME JSCompiler_StaticMethods_bar 6 [source_file: expected0]&#xa;                FUNCTION  7 [source_file: expected0]&#xa;                    NAME  7 [source_file: expected0]&#xa;                    PARAM_LIST 7 [source_file: expected0]&#xa;                        NAME JSCompiler_StaticMethods_bar$self 7 [source_file: expected0]&#xa;                        NAME p 7 [source_file: expected0]&#xa;                    BLOCK 7 [source_file: expected0]&#xa;                        RETURN 8 [source_file: expected0]&#xa;                            GETPROP 8 [source_file: expected0]&#xa;                                NAME JSCompiler_StaticMethods_bar$self 8 [source_file: expected0]&#xa;                                STRING x 8 [source_file: expected0]&#xa;        VAR 10 [source_file: expected0]&#xa;            NAME JSCompiler_StaticMethods_baz 10 [source_file: expected0]&#xa;                FUNCTION  11 [source_file: expected0]&#xa;                    NAME  11 [source_file: expected0]&#xa;                    PARAM_LIST 11 [source_file: expected0]&#xa;                        NAME JSCompiler_StaticMethods_baz$self 11 [source_file: expected0]&#xa;                    BLOCK 11 [source_file: expected0]&#xa;        VAR 13 [source_file: expected0]&#xa;            NAME o 13 [source_file: expected0]&#xa;                NEW 13 [source_file: expected0]&#xa;                    NAME a 13 [source_file: expected0]&#xa;        EXPR_RESULT 14 [source_file: expected0]&#xa;            CALL 14 [free_call: 1] [source_file: expected0]&#xa;                NAME JSCompiler_StaticMethods_foo 14 [source_file: expected0]&#xa;                NAME o 14 [source_file: expected0]&#xa;        EXPR_RESULT 15 [source_file: expected0]&#xa;            CALL 15 [free_call: 1] [source_file: expected0]&#xa;                NAME JSCompiler_StaticMethods_bar 15 [source_file: expected0]&#xa;                NAME o 15 [source_file: expected0]&#xa;                NUMBER 2.0 15 [source_file: expected0]&#xa;        EXPR_RESULT 16 [source_file: expected0]&#xa;            CALL 16 [free_call: 1] [source_file: expected0]&#xa;                NAME JSCompiler_StaticMethods_baz 16 [source_file: expected0]&#xa;                NAME o 16 [source_file: expected0]&#xa;&#xa;&#xa;JSDoc differs on subtree: FUNCTION a 1 [source_file: expected0]&#xa;Expected JSDoc: (none)&#xa;Actual JSDoc  : JSDocInfo{bitset=2, visibility=INHERITED}" type="junit.framework.AssertionFailedError">junit.framework.AssertionFailedError: 
Expected: function a(){this.x=3}var JSCompiler_StaticMethods_foo=function(JSCompiler_StaticMethods_foo$self){return JSCompiler_StaticMethods_foo$self.x};var JSCompiler_StaticMethods_bar=function(JSCompiler_StaticMethods_bar$self,p){return JSCompiler_StaticMethods_bar$self.x};var JSCompiler_StaticMethods_baz=function(JSCompiler_StaticMethods_baz$self){};var o=new a;JSCompiler_StaticMethods_foo(o);JSCompiler_StaticMethods_bar(o,2);JSCompiler_StaticMethods_baz(o)
Result:   function a(){this.x=3}var JSCompiler_StaticMethods_foo=function(JSCompiler_StaticMethods_foo$self){return JSCompiler_StaticMethods_foo$self.x};var JSCompiler_StaticMethods_bar=function(JSCompiler_StaticMethods_bar$self,p){return JSCompiler_StaticMethods_bar$self.x};var JSCompiler_StaticMethods_baz=function(JSCompiler_StaticMethods_baz$self){};var o=new a;JSCompiler_StaticMethods_foo(o);JSCompiler_StaticMethods_bar(o,2);JSCompiler_StaticMethods_baz(o)
Node tree inequality:
Tree:
BLOCK [synthetic: 1]
    SCRIPT 1 [synthetic: 1] [source_file: expected0] [input_id: InputId: expected0]
        FUNCTION a 1 [source_file: expected0]
            NAME a 1 [source_file: expected0]
            PARAM_LIST 1 [source_file: expected0]
            BLOCK 1 [source_file: expected0]
                EXPR_RESULT 1 [source_file: expected0]
                    ASSIGN 1 [source_file: expected0]
                        GETPROP 1 [source_file: expected0]
                            THIS 1 [source_file: expected0]
                            STRING x 1 [source_file: expected0]
                        NUMBER 3.0 1 [source_file: expected0]
        VAR 2 [source_file: expected0]
            NAME JSCompiler_StaticMethods_foo 2 [source_file: expected0]
                FUNCTION  3 [source_file: expected0]
                    NAME  3 [source_file: expected0]
                    PARAM_LIST 3 [source_file: expected0]
                        NAME JSCompiler_StaticMethods_foo$self 3 [source_file: expected0]
                    BLOCK 3 [source_file: expected0]
                        RETURN 4 [source_file: expected0]
                            GETPROP 4 [source_file: expected0]
                                NAME JSCompiler_StaticMethods_foo$self 4 [source_file: expected0]
                                STRING x 4 [source_file: expected0]
        VAR 6 [source_file: expected0]
            NAME JSCompiler_StaticMethods_bar 6 [source_file: expected0]
                FUNCTION  7 [source_file: expected0]
                    NAME  7 [source_file: expected0]
                    PARAM_LIST 7 [source_file: expected0]
                        NAME JSCompiler_StaticMethods_bar$self 7 [source_file: expected0]
                        NAME p 7 [source_file: expected0]
                    BLOCK 7 [source_file: expected0]
                        RETURN 8 [source_file: expected0]
                            GETPROP 8 [source_file: expected0]
                                NAME JSCompiler_StaticMethods_bar$self 8 [source_file: expected0]
                                STRING x 8 [source_file: expected0]
        VAR 10 [source_file: expected0]
            NAME JSCompiler_StaticMethods_baz 10 [source_file: expected0]
                FUNCTION  11 [source_file: expected0]
                    NAME  11 [source_file: expected0]
                    PARAM_LIST 11 [source_file: expected0]
                        NAME JSCompiler_StaticMethods_baz$self 11 [source_file: expected0]
                    BLOCK 11 [source_file: expected0]
        VAR 13 [source_file: expected0]
            NAME o 13 [source_file: expected0]
                NEW 13 [source_file: expected0]
                    NAME a 13 [source_file: expected0]
        EXPR_RESULT 14 [source_file: expected0]
            CALL 14 [free_call: 1] [source_file: expected0]
                NAME JSCompiler_StaticMethods_foo 14 [source_file: expected0]
                NAME o 14 [source_file: expected0]
        EXPR_RESULT 15 [source_file: expected0]
            CALL 15 [free_call: 1] [source_file: expected0]
                NAME JSCompiler_StaticMethods_bar 15 [source_file: expected0]
                NAME o 15 [source_file: expected0]
                NUMBER 2.0 15 [source_file: expected0]
        EXPR_RESULT 16 [source_file: expected0]
            CALL 16 [free_call: 1] [source_file: expected0]
                NAME JSCompiler_StaticMethods_baz 16 [source_file: expected0]
                NAME o 16 [source_file: expected0]


JSDoc differs on subtree: FUNCTION a 1 [source_file: expected0]
Expected JSDoc: (none)
Actual JSDoc  : JSDocInfo{bitset=2, visibility=INHERITED}
	at com.google.javascript.jscomp.CompilerTestCase.test(CompilerTestCase.java:1161)
	at com.google.javascript.jscomp.CompilerTestCase.test(CompilerTestCase.java:935)
	at com.google.javascript.jscomp.CompilerTestCase.test(CompilerTestCase.java:543)
	at com.google.javascript.jscomp.CompilerTestCase.test(CompilerTestCase.java:509)
	at com.google.javascript.jscomp.CompilerTestCase.test(CompilerTestCase.java:450)
	at com.google.javascript.jscomp.CompilerTestCase.test(CompilerTestCase.java:408)
	at com.google.javascript.jscomp.DevirtualizePrototypeMethodsTest.checkTypes(DevirtualizePrototypeMethodsTest.java:641)
	at com.google.javascript.jscomp.DevirtualizePrototypeMethodsTest.testRewritePrototypeMethods1(DevirtualizePrototypeMethodsTest.java:136)
</failure>
  </testcase>
  <testcase classname="com.google.javascript.jscomp.DevirtualizePrototypeMethodsTest" name="testRewritePrototypeMethods2" time="0.006">
    <failure message="&#xa;Expected: function a(){this.x=3}var JSCompiler_StaticMethods_foo=function(JSCompiler_StaticMethods_foo$self){return JSCompiler_StaticMethods_foo$self.x};var JSCompiler_StaticMethods_bar=function(JSCompiler_StaticMethods_bar$self,p){return JSCompiler_StaticMethods_bar$self.x};var JSCompiler_StaticMethods_baz=function(JSCompiler_StaticMethods_baz$self){};var o=new a;JSCompiler_StaticMethods_foo(o);JSCompiler_StaticMethods_bar(o,2);JSCompiler_StaticMethods_baz(o)&#xa;Result:   function a(){this.x=3}var JSCompiler_StaticMethods_foo=function(JSCompiler_StaticMethods_foo$self){return JSCompiler_StaticMethods_foo$self.x};var JSCompiler_StaticMethods_bar=function(JSCompiler_StaticMethods_bar$self,p){return JSCompiler_StaticMethods_bar$self.x};var JSCompiler_StaticMethods_baz=function(JSCompiler_StaticMethods_baz$self){};var o=new a;JSCompiler_StaticMethods_foo(o);JSCompiler_StaticMethods_bar(o,2);JSCompiler_StaticMethods_baz(o)&#xa;Node tree inequality:&#xa;Tree:&#xa;BLOCK [synthetic: 1]&#xa;    SCRIPT 1 [synthetic: 1] [source_file: expected0] [input_id: InputId: expected0]&#xa;        FUNCTION a 1 [source_file: expected0]&#xa;            NAME a 1 [source_file: expected0]&#xa;            PARAM_LIST 1 [source_file: expected0]&#xa;            BLOCK 1 [source_file: expected0]&#xa;                EXPR_RESULT 1 [source_file: expected0]&#xa;                    ASSIGN 1 [source_file: expected0]&#xa;                        GETPROP 1 [source_file: expected0]&#xa;                            THIS 1 [source_file: expected0]&#xa;                            STRING x 1 [source_file: expected0]&#xa;                        NUMBER 3.0 1 [source_file: expected0]&#xa;        VAR 2 [source_file: expected0]&#xa;            NAME JSCompiler_StaticMethods_foo 2 [source_file: expected0]&#xa;                FUNCTION  3 [source_file: expected0]&#xa;                    NAME  3 [source_file: expected0]&#xa;                    PARAM_LIST 3 [source_file: expected0]&#xa;                        NAME JSCompiler_StaticMethods_foo$self 3 [source_file: expected0]&#xa;                    BLOCK 3 [source_file: expected0]&#xa;                        RETURN 4 [source_file: expected0]&#xa;                            GETPROP 4 [source_file: expected0]&#xa;                                NAME JSCompiler_StaticMethods_foo$self 4 [source_file: expected0]&#xa;                                STRING x 4 [source_file: expected0]&#xa;        VAR 6 [source_file: expected0]&#xa;            NAME JSCompiler_StaticMethods_bar 6 [source_file: expected0]&#xa;                FUNCTION  7 [source_file: expected0]&#xa;                    NAME  7 [source_file: expected0]&#xa;                    PARAM_LIST 7 [source_file: expected0]&#xa;                        NAME JSCompiler_StaticMethods_bar$self 7 [source_file: expected0]&#xa;                        NAME p 7 [source_file: expected0]&#xa;                    BLOCK 7 [source_file: expected0]&#xa;                        RETURN 8 [source_file: expected0]&#xa;                            GETPROP 8 [source_file: expected0]&#xa;                                NAME JSCompiler_StaticMethods_bar$self 8 [source_file: expected0]&#xa;                                STRING x 8 [source_file: expected0]&#xa;        VAR 10 [source_file: expected0]&#xa;            NAME JSCompiler_StaticMethods_baz 10 [source_file: expected0]&#xa;                FUNCTION  11 [source_file: expected0]&#xa;                    NAME  11 [source_file: expected0]&#xa;                    PARAM_LIST 11 [source_file: expected0]&#xa;                        NAME JSCompiler_StaticMethods_baz$self 11 [source_file: expected0]&#xa;                    BLOCK 11 [source_file: expected0]&#xa;        VAR 13 [source_file: expected0]&#xa;            NAME o 13 [source_file: expected0]&#xa;                NEW 13 [source_file: expected0]&#xa;                    NAME a 13 [source_file: expected0]&#xa;        EXPR_RESULT 14 [source_file: expected0]&#xa;            CALL 14 [free_call: 1] [source_file: expected0]&#xa;                NAME JSCompiler_StaticMethods_foo 14 [source_file: expected0]&#xa;                NAME o 14 [source_file: expected0]&#xa;        EXPR_RESULT 15 [source_file: expected0]&#xa;            CALL 15 [free_call: 1] [source_file: expected0]&#xa;                NAME JSCompiler_StaticMethods_bar 15 [source_file: expected0]&#xa;                NAME o 15 [source_file: expected0]&#xa;                NUMBER 2.0 15 [source_file: expected0]&#xa;        EXPR_RESULT 16 [source_file: expected0]&#xa;            CALL 16 [free_call: 1] [source_file: expected0]&#xa;                NAME JSCompiler_StaticMethods_baz 16 [source_file: expected0]&#xa;                NAME o 16 [source_file: expected0]&#xa;&#xa;&#xa;JSDoc differs on subtree: FUNCTION a 1 [source_file: expected0]&#xa;Expected JSDoc: (none)&#xa;Actual JSDoc  : JSDocInfo{bitset=2, visibility=INHERITED}" type="junit.framework.AssertionFailedError">junit.framework.AssertionFailedError: 
Expected: function a(){this.x=3}var JSCompiler_StaticMethods_foo=function(JSCompiler_StaticMethods_foo$self){return JSCompiler_StaticMethods_foo$self.x};var JSCompiler_StaticMethods_bar=function(JSCompiler_StaticMethods_bar$self,p){return JSCompiler_StaticMethods_bar$self.x};var JSCompiler_StaticMethods_baz=function(JSCompiler_StaticMethods_baz$self){};var o=new a;JSCompiler_StaticMethods_foo(o);JSCompiler_StaticMethods_bar(o,2);JSCompiler_StaticMethods_baz(o)
Result:   function a(){this.x=3}var JSCompiler_StaticMethods_foo=function(JSCompiler_StaticMethods_foo$self){return JSCompiler_StaticMethods_foo$self.x};var JSCompiler_StaticMethods_bar=function(JSCompiler_StaticMethods_bar$self,p){return JSCompiler_StaticMethods_bar$self.x};var JSCompiler_StaticMethods_baz=function(JSCompiler_StaticMethods_baz$self){};var o=new a;JSCompiler_StaticMethods_foo(o);JSCompiler_StaticMethods_bar(o,2);JSCompiler_StaticMethods_baz(o)
Node tree inequality:
Tree:
BLOCK [synthetic: 1]
    SCRIPT 1 [synthetic: 1] [source_file: expected0] [input_id: InputId: expected0]
        FUNCTION a 1 [source_file: expected0]
            NAME a 1 [source_file: expected0]
            PARAM_LIST 1 [source_file: expected0]
            BLOCK 1 [source_file: expected0]
                EXPR_RESULT 1 [source_file: expected0]
                    ASSIGN 1 [source_file: expected0]
                        GETPROP 1 [source_file: expected0]
                            THIS 1 [source_file: expected0]
                            STRING x 1 [source_file: expected0]
                        NUMBER 3.0 1 [source_file: expected0]
        VAR 2 [source_file: expected0]
            NAME JSCompiler_StaticMethods_foo 2 [source_file: expected0]
                FUNCTION  3 [source_file: expected0]
                    NAME  3 [source_file: expected0]
                    PARAM_LIST 3 [source_file: expected0]
                        NAME JSCompiler_StaticMethods_foo$self 3 [source_file: expected0]
                    BLOCK 3 [source_file: expected0]
                        RETURN 4 [source_file: expected0]
                            GETPROP 4 [source_file: expected0]
                                NAME JSCompiler_StaticMethods_foo$self 4 [source_file: expected0]
                                STRING x 4 [source_file: expected0]
        VAR 6 [source_file: expected0]
            NAME JSCompiler_StaticMethods_bar 6 [source_file: expected0]
                FUNCTION  7 [source_file: expected0]
                    NAME  7 [source_file: expected0]
                    PARAM_LIST 7 [source_file: expected0]
                        NAME JSCompiler_StaticMethods_bar$self 7 [source_file: expected0]
                        NAME p 7 [source_file: expected0]
                    BLOCK 7 [source_file: expected0]
                        RETURN 8 [source_file: expected0]
                            GETPROP 8 [source_file: expected0]
                                NAME JSCompiler_StaticMethods_bar$self 8 [source_file: expected0]
                                STRING x 8 [source_file: expected0]
        VAR 10 [source_file: expected0]
            NAME JSCompiler_StaticMethods_baz 10 [source_file: expected0]
                FUNCTION  11 [source_file: expected0]
                    NAME  11 [source_file: expected0]
                    PARAM_LIST 11 [source_file: expected0]
                        NAME JSCompiler_StaticMethods_baz$self 11 [source_file: expected0]
                    BLOCK 11 [source_file: expected0]
        VAR 13 [source_file: expected0]
            NAME o 13 [source_file: expected0]
                NEW 13 [source_file: expected0]
                    NAME a 13 [source_file: expected0]
        EXPR_RESULT 14 [source_file: expected0]
            CALL 14 [free_call: 1] [source_file: expected0]
                NAME JSCompiler_StaticMethods_foo 14 [source_file: expected0]
                NAME o 14 [source_file: expected0]
        EXPR_RESULT 15 [source_file: expected0]
            CALL 15 [free_call: 1] [source_file: expected0]
                NAME JSCompiler_StaticMethods_bar 15 [source_file: expected0]
                NAME o 15 [source_file: expected0]
                NUMBER 2.0 15 [source_file: expected0]
        EXPR_RESULT 16 [source_file: expected0]
            CALL 16 [free_call: 1] [source_file: expected0]
                NAME JSCompiler_StaticMethods_baz 16 [source_file: expected0]
                NAME o 16 [source_file: expected0]


JSDoc differs on subtree: FUNCTION a 1 [source_file: expected0]
Expected JSDoc: (none)
Actual JSDoc  : JSDocInfo{bitset=2, visibility=INHERITED}
	at com.google.javascript.jscomp.CompilerTestCase.test(CompilerTestCase.java:1161)
	at com.google.javascript.jscomp.CompilerTestCase.test(CompilerTestCase.java:935)
	at com.google.javascript.jscomp.CompilerTestCase.test(CompilerTestCase.java:543)
	at com.google.javascript.jscomp.CompilerTestCase.test(CompilerTestCase.java:509)
	at com.google.javascript.jscomp.CompilerTestCase.test(CompilerTestCase.java:450)
	at com.google.javascript.jscomp.CompilerTestCase.test(CompilerTestCase.java:408)
	at com.google.javascript.jscomp.DevirtualizePrototypeMethodsTest.checkTypes(DevirtualizePrototypeMethodsTest.java:641)
	at com.google.javascript.jscomp.DevirtualizePrototypeMethodsTest.testRewritePrototypeMethods2(DevirtualizePrototypeMethodsTest.java:144)
</failure>
  </testcase>
  <testcase classname="com.google.javascript.jscomp.DevirtualizePrototypeMethodsTest" name="testRewriteChained" time="0.001" />
  <testcase classname="com.google.javascript.jscomp.DevirtualizePrototypeMethodsTest" name="testRewriteDeclIsExpressionStatement" time="0.002" />
  <testcase classname="com.google.javascript.jscomp.DevirtualizePrototypeMethodsTest" name="testNoRewriteDeclUsedAsAssignmentRhs" time="0.001" />
  <testcase classname="com.google.javascript.jscomp.DevirtualizePrototypeMethodsTest" name="testNoRewriteDeclUsedAsCallArgument" time="0.001" />
  <testcase classname="com.google.javascript.jscomp.DevirtualizePrototypeMethodsTest" name="testRewriteInGlobalScope" time="0.003" />
  <testcase classname="com.google.javascript.jscomp.DevirtualizePrototypeMethodsTest" name="testNoRewriteIfNotInGlobalScope1" time="0.003" />
  <testcase classname="com.google.javascript.jscomp.DevirtualizePrototypeMethodsTest" name="testNoRewriteIfNotInGlobalScope2" time="0.002" />
  <testcase classname="com.google.javascript.jscomp.DevirtualizePrototypeMethodsTest" name="testNoRewriteNamespaceFunctions" time="0.002" />
  <testcase classname="com.google.javascript.jscomp.DevirtualizePrototypeMethodsTest" name="testRewriteSingleDefinition1" time="0.002" />
  <testcase classname="com.google.javascript.jscomp.DevirtualizePrototypeMethodsTest" name="testRewriteSingleDefinition2" time="0.001" />
  <testcase classname="com.google.javascript.jscomp.DevirtualizePrototypeMethodsTest" name="testNoRewriteMultipleDefinition1" time="0.002" />
  <testcase classname="com.google.javascript.jscomp.DevirtualizePrototypeMethodsTest" name="testNoRewriteMultipleDefinition2" time="0.002" />
  <testcase classname="com.google.javascript.jscomp.DevirtualizePrototypeMethodsTest" name="testNoRewriteMultipleDefinition3" time="0.002" />
  <testcase classname="com.google.javascript.jscomp.DevirtualizePrototypeMethodsTest" name="testRewritePrototypeNoObjectLiterals" time="0.001" />
  <testcase classname="com.google.javascript.jscomp.DevirtualizePrototypeMethodsTest" name="testRewritePrototypeObjectLiterals1" time="0.002" />
  <testcase classname="com.google.javascript.jscomp.DevirtualizePrototypeMethodsTest" name="testNoRewritePrototypeObjectLiterals2" time="0.003" />
  <testcase classname="com.google.javascript.jscomp.DevirtualizePrototypeMethodsTest" name="testNoRewriteExternalMethods1" time="0.001" />
  <testcase classname="com.google.javascript.jscomp.DevirtualizePrototypeMethodsTest" name="testNoRewriteExternalMethods2" time="0.002" />
  <testcase classname="com.google.javascript.jscomp.DevirtualizePrototypeMethodsTest" name="testNoRewriteCodingConvention" time="0.002" />
  <testcase classname="com.google.javascript.jscomp.DevirtualizePrototypeMethodsTest" name="testRewriteNoVarArgs" time="0.002" />
  <testcase classname="com.google.javascript.jscomp.DevirtualizePrototypeMethodsTest" name="testNoRewriteVarArgs" time="0.001" />
  <testcase classname="com.google.javascript.jscomp.DevirtualizePrototypeMethodsTest" name="testRewriteCallReference" time="0.002" />
  <testcase classname="com.google.javascript.jscomp.DevirtualizePrototypeMethodsTest" name="testNoRewriteNoReferences" time="0.002" />
  <testcase classname="com.google.javascript.jscomp.DevirtualizePrototypeMethodsTest" name="testNoRewriteNonCallReference" time="0.003" />
  <testcase classname="com.google.javascript.jscomp.DevirtualizePrototypeMethodsTest" name="testRewriteNoNestedFunction" time="0.002" />
  <testcase classname="com.google.javascript.jscomp.DevirtualizePrototypeMethodsTest" name="testNoRewriteNestedFunction" time="0.002" />
  <testcase classname="com.google.javascript.jscomp.DevirtualizePrototypeMethodsTest" name="testRewriteImplementedMethod" time="0.002" />
  <testcase classname="com.google.javascript.jscomp.DevirtualizePrototypeMethodsTest" name="testRewriteImplementedMethod2" time="0.002" />
  <testcase classname="com.google.javascript.jscomp.DevirtualizePrototypeMethodsTest" name="testRewriteImplementedMethod3" time="0.002" />
  <testcase classname="com.google.javascript.jscomp.DevirtualizePrototypeMethodsTest" name="testRewriteImplementedMethod4" time="0.001" />
  <testcase classname="com.google.javascript.jscomp.DevirtualizePrototypeMethodsTest" name="testRewriteImplementedMethod5" time="0.002" />
  <testcase classname="com.google.javascript.jscomp.DevirtualizePrototypeMethodsTest" name="testRewriteImplementedMethodInObj" time="0.003" />
  <testcase classname="com.google.javascript.jscomp.DevirtualizePrototypeMethodsTest" name="testNoRewriteGet1" time="0.001" />
  <testcase classname="com.google.javascript.jscomp.DevirtualizePrototypeMethodsTest" name="testNoRewriteGet2" time="0.002" />
  <testcase classname="com.google.javascript.jscomp.DevirtualizePrototypeMethodsTest" name="testNoRewriteSet1" time="0.003" />
  <testcase classname="com.google.javascript.jscomp.DevirtualizePrototypeMethodsTest" name="testNoRewriteSet2" time="0.002" />
  <testcase classname="com.google.javascript.jscomp.DevirtualizePrototypeMethodsTest" name="testNoRewriteNotImplementedMethod" time="0.002" />
  <testcase classname="com.google.javascript.jscomp.DevirtualizePrototypeMethodsTest" name="testWrapper" time="0.001" />
  <testcase classname="com.google.javascript.jscomp.DevirtualizePrototypeMethodsTest" name="testRewriteSameModule1" time="0.003" />
  <testcase classname="com.google.javascript.jscomp.DevirtualizePrototypeMethodsTest" name="testRewriteSameModule2" time="0.002" />
  <testcase classname="com.google.javascript.jscomp.DevirtualizePrototypeMethodsTest" name="testRewriteSameModule3" time="0.002" />
  <testcase classname="com.google.javascript.jscomp.DevirtualizePrototypeMethodsTest" name="testRewriteDefinitionBeforeUse" time="0.002" />
  <testcase classname="com.google.javascript.jscomp.DevirtualizePrototypeMethodsTest" name="testNoRewriteUseBeforeDefinition" time="0.001" />
  <system-out><![CDATA[]]></system-out>
  <system-err><![CDATA[]]></system-err>
</testsuite>
