<?xml version="1.0" encoding="UTF-8" ?>
<testsuite errors="2" failures="0" hostname="cs-210-206.cs.ucla.edu" name="com.google.javascript.jscomp.DeadAssignmentsEliminationTest" skipped="0" tests="47" time="0.356" timestamp="2015-03-09T03:17:18">
  <properties>
    <property name="java.vendor" value="Oracle Corporation" />
    <property name="lib.dir" value="/Users/linmanna/Documents/proj/UCLA-CS-239-Winter-2015/Part_B/Benchmark/closure-compiler/lib" />
    <property name="refasterjs-jarfile" value="/Users/linmanna/Documents/proj/UCLA-CS-239-Winter-2015/Part_B/Benchmark/closure-compiler/build/refasterjs.jar" />
    <property name="sun.java.launcher" value="SUN_STANDARD" />
    <property name="sun.management.compiler" value="HotSpot 64-Bit Tiered Compilers" />
    <property name="os.name" value="Mac OS X" />
    <property name="sun.boot.class.path" value="/Library/Java/JavaVirtualMachines/jdk1.7.0_75.jdk/Contents/Home/jre/lib/resources.jar:/Library/Java/JavaVirtualMachines/jdk1.7.0_75.jdk/Contents/Home/jre/lib/rt.jar:/Library/Java/JavaVirtualMachines/jdk1.7.0_75.jdk/Contents/Home/jre/lib/sunrsasign.jar:/Library/Java/JavaVirtualMachines/jdk1.7.0_75.jdk/Contents/Home/jre/lib/jsse.jar:/Library/Java/JavaVirtualMachines/jdk1.7.0_75.jdk/Contents/Home/jre/lib/jce.jar:/Library/Java/JavaVirtualMachines/jdk1.7.0_75.jdk/Contents/Home/jre/lib/charsets.jar:/Library/Java/JavaVirtualMachines/jdk1.7.0_75.jdk/Contents/Home/jre/lib/jfr.jar:/Library/Java/JavaVirtualMachines/jdk1.7.0_75.jdk/Contents/Home/jre/classes" />
    <property name="maven-repository-id" value="sonatype-nexus-staging" />
    <property name="java.vm.specification.vendor" value="Oracle Corporation" />
    <property name="ant.home" value="//Users/linmanna/ant" />
    <property name="java.runtime.version" value="1.7.0_75-b13" />
    <property name="gen.dir" value="/Users/linmanna/Documents/proj/UCLA-CS-239-Winter-2015/Part_B/Benchmark/closure-compiler/gen" />
    <property name="user.name" value="linmanna" />
    <property name="ant.file.compiler" value="/Users/linmanna/Documents/proj/UCLA-CS-239-Winter-2015/Part_B/Benchmark/closure-compiler/build.xml" />
    <property name="build.dir" value="/Users/linmanna/Documents/proj/UCLA-CS-239-Winter-2015/Part_B/Benchmark/closure-compiler/build" />
    <property name="ant.build.javac.target" value="1.7" />
    <property name="user.language" value="zh" />
    <property name="test.method" value="" />
    <property name="sun.boot.library.path" value="/Library/Java/JavaVirtualMachines/jdk1.7.0_75.jdk/Contents/Home/jre/lib" />
    <property name="ant.project.default-target" value="jar" />
    <property name="ant.project.name" value="compiler" />
    <property name="java.version" value="1.7.0_75" />
    <property name="user.timezone" value="" />
    <property name="sun.arch.data.model" value="64" />
    <property name="http.nonProxyHosts" value="local|*.local|169.254/16|*.169.254/16" />
    <property name="java.endorsed.dirs" value="/Library/Java/JavaVirtualMachines/jdk1.7.0_75.jdk/Contents/Home/jre/lib/endorsed" />
    <property name="sun.cpu.isalist" value="" />
    <property name="sun.jnu.encoding" value="UTF-8" />
    <property name="file.encoding.pkg" value="sun.io" />
    <property name="file.separator" value="/" />
    <property name="java.specification.name" value="Java Platform API Specification" />
    <property name="protoc.executable" value="protoc" />
    <property name="classes.dir" value="/Users/linmanna/Documents/proj/UCLA-CS-239-Winter-2015/Part_B/Benchmark/closure-compiler/build/classes" />
    <property name="java.class.version" value="51.0" />
    <property name="testClasses.dir" value="/Users/linmanna/Documents/proj/UCLA-CS-239-Winter-2015/Part_B/Benchmark/closure-compiler/build/test" />
    <property name="user.country" value="CN" />
    <property name="java.home" value="/Library/Java/JavaVirtualMachines/jdk1.7.0_75.jdk/Contents/Home/jre" />
    <property name="java.vm.info" value="mixed mode" />
    <property name="externs.dir" value="/Users/linmanna/Documents/proj/UCLA-CS-239-Winter-2015/Part_B/Benchmark/closure-compiler/externs" />
    <property name="ant.file" value="/Users/linmanna/Documents/proj/UCLA-CS-239-Winter-2015/Part_B/Benchmark/closure-compiler/build.xml" />
    <property name="os.version" value="10.9.5" />
    <property name="javac.debug" value="on" />
    <property name="path.separator" value=":" />
    <property name="java.vm.version" value="24.75-b04" />
    <property name="ant.library.dir" value="//Users/linmanna/ant/lib" />
    <property name="java.awt.printerjob" value="sun.lwawt.macosx.CPrinterJob" />
    <property name="webservice-jarfile" value="/Users/linmanna/Documents/proj/UCLA-CS-239-Winter-2015/Part_B/Benchmark/closure-compiler/build/webservice.jar" />
    <property name="sun.io.unicode.encoding" value="UnicodeBig" />
    <property name="test.fork" value="true" />
    <property name="webservice.dir" value="/Users/linmanna/Documents/proj/UCLA-CS-239-Winter-2015/Part_B/Benchmark/closure-compiler/src/com/google/javascript/jscomp/webservice" />
    <property name="awt.toolkit" value="sun.lwawt.macosx.LWCToolkit" />
    <property name="buildlib.dir" value="/Users/linmanna/Documents/proj/UCLA-CS-239-Winter-2015/Part_B/Benchmark/closure-compiler/build/lib" />
    <property name="socksNonProxyHosts" value="local|*.local|169.254/16|*.169.254/16" />
    <property name="ftp.nonProxyHosts" value="local|*.local|169.254/16|*.169.254/16" />
    <property name="ant.build.javac.source" value="1.7" />
    <property name="refasterjs.dir" value="/Users/linmanna/Documents/proj/UCLA-CS-239-Winter-2015/Part_B/Benchmark/closure-compiler/src/com/google/javascript/refactoring" />
    <property name="user.home" value="/Users/linmanna" />
    <property name="java.specification.vendor" value="Oracle Corporation" />
    <property name="test.dir" value="/Users/linmanna/Documents/proj/UCLA-CS-239-Winter-2015/Part_B/Benchmark/closure-compiler/test" />
    <property name="java.library.path" value="/Users/linmanna/Library/Java/Extensions:/Library/Java/Extensions:/Network/Library/Java/Extensions:/System/Library/Java/Extensions:/usr/lib/java:." />
    <property name="java.vendor.url" value="http://java.oracle.com/" />
    <property name="java.vm.vendor" value="Oracle Corporation" />
    <property name="gopherProxySet" value="false" />
    <property name="build.relVersion" value="00e3533" />
    <property name="java.runtime.name" value="Java(TM) SE Runtime Environment" />
    <property name="sun.java.command" value="org.apache.tools.ant.taskdefs.optional.junit.JUnitTestRunner testsfile=/Users/linmanna/Documents/proj/UCLA-CS-239-Winter-2015/Part_B/Benchmark/closure-compiler/junittestcases4622356093930181862.properties skipNonTests=false filtertrace=true haltOnError=false haltOnFailure=false formatter=org.apache.tools.ant.taskdefs.optional.junit.SummaryJUnitResultFormatter showoutput=true outputtoformatters=true logfailedtests=true threadid=0 logtestlistenerevents=false formatter=org.apache.tools.ant.taskdefs.optional.junit.BriefJUnitResultFormatter formatter=org.apache.tools.ant.taskdefs.optional.junit.XMLJUnitResultFormatter,/Users/linmanna/Documents/proj/UCLA-CS-239-Winter-2015/Part_B/Benchmark/closure-compiler/build/testoutput/IGNORETHIS.xml crashfile=/Users/linmanna/Documents/proj/UCLA-CS-239-Winter-2015/Part_B/Benchmark/closure-compiler/junitvmwatcher882389895192408063.properties propsfile=/Users/linmanna/Documents/proj/UCLA-CS-239-Winter-2015/Part_B/Benchmark/closure-compiler/junit6374663990081372210.properties" />
    <property name="java.class.path" value="/Users/linmanna/Documents/proj/UCLA-CS-239-Winter-2015/Part_B/Benchmark/closure-compiler/build/classes:/Users/linmanna/Documents/proj/UCLA-CS-239-Winter-2015/Part_B/Benchmark/closure-compiler/lib/ant-launcher.jar:/Users/linmanna/Documents/proj/UCLA-CS-239-Winter-2015/Part_B/Benchmark/closure-compiler/lib/ant.jar:/Users/linmanna/Documents/proj/UCLA-CS-239-Winter-2015/Part_B/Benchmark/closure-compiler/lib/args4j.jar:/Users/linmanna/Documents/proj/UCLA-CS-239-Winter-2015/Part_B/Benchmark/closure-compiler/lib/gson.jar:/Users/linmanna/Documents/proj/UCLA-CS-239-Winter-2015/Part_B/Benchmark/closure-compiler/lib/guava.jar:/Users/linmanna/Documents/proj/UCLA-CS-239-Winter-2015/Part_B/Benchmark/closure-compiler/lib/jsr305.jar:/Users/linmanna/Documents/proj/UCLA-CS-239-Winter-2015/Part_B/Benchmark/closure-compiler/lib/junit.jar:/Users/linmanna/Documents/proj/UCLA-CS-239-Winter-2015/Part_B/Benchmark/closure-compiler/lib/protobuf-java.jar:/Users/linmanna/Documents/proj/UCLA-CS-239-Winter-2015/Part_B/Benchmark/closure-compiler/lib/truth.jar:/Users/linmanna/Documents/proj/UCLA-CS-239-Winter-2015/Part_B/Benchmark/closure-compiler/build/test:/Users/linmanna/ant/lib/ant-launcher.jar:/Users/linmanna/ant/lib/ant.jar:/Users/linmanna/ant/lib/ant-junit.jar:/Users/linmanna/ant/lib/ant-junit4.jar" />
    <property name="ant.version" value="Apache Ant(TM) version 1.9.4 compiled on April 29 2014" />
    <property name="test.class" value="*Test" />
    <property name="java.vm.specification.name" value="Java Virtual Machine Specification" />
    <property name="ant.file.type" value="file" />
    <property name="java.vm.specification.version" value="1.7" />
    <property name="sun.cpu.endian" value="little" />
    <property name="sun.os.patch.level" value="unknown" />
    <property name="java.io.tmpdir" value="/var/folders/_p/3swdt4h96dn79vyt21dtny9h0000gn/T/" />
    <property name="java.vendor.url.bug" value="http://bugreport.sun.com/bugreport/" />
    <property name="java.awt.graphicsenv" value="sun.awt.CGraphicsEnvironment" />
    <property name="maven-repository-url" value="https://oss.sonatype.org/service/local/staging/deploy/maven2/" />
    <property name="os.arch" value="x86_64" />
    <property name="webservice-classes.dir" value="/Users/linmanna/Documents/proj/UCLA-CS-239-Winter-2015/Part_B/Benchmark/closure-compiler/build/webservice-classes" />
    <property name="java.ext.dirs" value="/Users/linmanna/Library/Java/Extensions:/Library/Java/JavaVirtualMachines/jdk1.7.0_75.jdk/Contents/Home/jre/lib/ext:/Library/Java/Extensions:/Network/Library/Java/Extensions:/System/Library/Java/Extensions:/usr/lib/java" />
    <property name="user.dir" value="/Users/linmanna/Documents/proj/UCLA-CS-239-Winter-2015/Part_B/Benchmark/closure-compiler" />
    <property name="ant.file.type.compiler" value="file" />
    <property name="line.separator" value="&#xa;" />
    <property name="java.vm.name" value="Java HotSpot(TM) 64-Bit Server VM" />
    <property name="refasterjs-classes.dir" value="/Users/linmanna/Documents/proj/UCLA-CS-239-Winter-2015/Part_B/Benchmark/closure-compiler/build/refasterjs-classes" />
    <property name="basedir" value="/Users/linmanna/Documents/proj/UCLA-CS-239-Winter-2015/Part_B/Benchmark/closure-compiler" />
    <property name="ant.java.version" value="1.7" />
    <property name="ant.core.lib" value="/Users/linmanna/ant/lib/ant.jar" />
    <property name="file.encoding" value="UTF-8" />
    <property name="closure.build.dir" value="/Users/linmanna/Documents/proj/UCLA-CS-239-Winter-2015/Part_B/Benchmark/closure-compiler/build" />
    <property name="compiler-jarfile" value="/Users/linmanna/Documents/proj/UCLA-CS-239-Winter-2015/Part_B/Benchmark/closure-compiler/build/compiler.jar" />
    <property name="java.specification.version" value="1.7" />
    <property name="src.dir" value="/Users/linmanna/Documents/proj/UCLA-CS-239-Winter-2015/Part_B/Benchmark/closure-compiler/src" />
    <property name="ant.project.invoked-targets" value="clean,compile,compile-tests,test" />
    <property name="javadoc.dir" value="/Users/linmanna/Documents/proj/UCLA-CS-239-Winter-2015/Part_B/Benchmark/closure-compiler/build/javadoc" />
    <property name="tools.dir" value="/Users/linmanna/Documents/proj/UCLA-CS-239-Winter-2015/Part_B/Benchmark/closure-compiler/tools" />
  </properties>
  <testcase classname="com.google.javascript.jscomp.DeadAssignmentsEliminationTest" name="testLoops" time="0.015" />
  <testcase classname="com.google.javascript.jscomp.DeadAssignmentsEliminationTest" name="testMultiPaths" time="0.017" />
  <testcase classname="com.google.javascript.jscomp.DeadAssignmentsEliminationTest" name="testUsedAsConditions" time="0.016" />
  <testcase classname="com.google.javascript.jscomp.DeadAssignmentsEliminationTest" name="testUsedAsConditionsInSwitchStatements" time="0.028" />
  <testcase classname="com.google.javascript.jscomp.DeadAssignmentsEliminationTest" name="testAssignmentInReturn" time="0.003" />
  <testcase classname="com.google.javascript.jscomp.DeadAssignmentsEliminationTest" name="testAssignmentSamples" time="0.007" />
  <testcase classname="com.google.javascript.jscomp.DeadAssignmentsEliminationTest" name="testAssignmentInArgs" time="0.008" />
  <testcase classname="com.google.javascript.jscomp.DeadAssignmentsEliminationTest" name="testAssignAndReadInCondition" time="0.005" />
  <testcase classname="com.google.javascript.jscomp.DeadAssignmentsEliminationTest" name="testParameters" time="0.008" />
  <testcase classname="com.google.javascript.jscomp.DeadAssignmentsEliminationTest" name="testErrorHandling" time="0.001">
    <error message="Missing catch or finally for try statement.. Reference node:&#xa;TRY 1 [source_file: testcode]&#xa;    BLOCK 1 [source_file: testcode]&#xa;        EXPR_RESULT 1 [source_file: testcode]&#xa;            ASSIGN 1 [source_file: testcode]&#xa;                NAME x 1 [source_file: testcode]&#xa;                NUMBER 1.0 1 [source_file: testcode]&#xa;    BLOCK 1 [source_file: testcode]&#xa;        CATCH 1 [source_file: testcode]&#xa;            NAME e 1 [source_file: testcode]&#xa;            BLOCK 1 [source_file: testcode]&#xa;                EXPR_RESULT 1 [source_file: testcode]&#xa;                    ASSIGN 1 [source_file: testcode]&#xa;                        NAME x 1 [source_file: testcode]&#xa;                        NUMBER 2.0 1 [source_file: testcode]&#xa;" type="java.lang.IllegalStateException">java.lang.IllegalStateException: Missing catch or finally for try statement.. Reference node:
TRY 1 [source_file: testcode]
    BLOCK 1 [source_file: testcode]
        EXPR_RESULT 1 [source_file: testcode]
            ASSIGN 1 [source_file: testcode]
                NAME x 1 [source_file: testcode]
                NUMBER 1.0 1 [source_file: testcode]
    BLOCK 1 [source_file: testcode]
        CATCH 1 [source_file: testcode]
            NAME e 1 [source_file: testcode]
            BLOCK 1 [source_file: testcode]
                EXPR_RESULT 1 [source_file: testcode]
                    ASSIGN 1 [source_file: testcode]
                        NAME x 1 [source_file: testcode]
                        NUMBER 2.0 1 [source_file: testcode]

	at com.google.javascript.jscomp.AstValidator$1.handleViolation(AstValidator.java:54)
	at com.google.javascript.jscomp.AstValidator.violation(AstValidator.java:1167)
	at com.google.javascript.jscomp.AstValidator.validateTry(AstValidator.java:888)
	at com.google.javascript.jscomp.AstValidator.validateStatement(AstValidator.java:142)
	at com.google.javascript.jscomp.AstValidator.validateBlock(AstValidator.java:481)
	at com.google.javascript.jscomp.AstValidator.validateFunctionStatement(AstValidator.java:569)
	at com.google.javascript.jscomp.AstValidator.validateStatement(AstValidator.java:104)
	at com.google.javascript.jscomp.AstValidator.validateScript(AstValidator.java:91)
	at com.google.javascript.jscomp.AstValidator.validateCodeRoot(AstValidator.java:82)
	at com.google.javascript.jscomp.AstValidator.validateRoot(AstValidator.java:75)
	at com.google.javascript.jscomp.CompilerTestCase.test(CompilerTestCase.java:967)
	at com.google.javascript.jscomp.CompilerTestCase.test(CompilerTestCase.java:935)
	at com.google.javascript.jscomp.CompilerTestCase.test(CompilerTestCase.java:543)
	at com.google.javascript.jscomp.CompilerTestCase.test(CompilerTestCase.java:509)
	at com.google.javascript.jscomp.CompilerTestCase.test(CompilerTestCase.java:450)
	at com.google.javascript.jscomp.CompilerTestCase.test(CompilerTestCase.java:408)
	at com.google.javascript.jscomp.DeadAssignmentsEliminationTest.inFunction(DeadAssignmentsEliminationTest.java:346)
	at com.google.javascript.jscomp.DeadAssignmentsEliminationTest.inFunction(DeadAssignmentsEliminationTest.java:342)
	at com.google.javascript.jscomp.DeadAssignmentsEliminationTest.testErrorHandling(DeadAssignmentsEliminationTest.java:148)
</error>
  </testcase>
  <testcase classname="com.google.javascript.jscomp.DeadAssignmentsEliminationTest" name="testDeadVarDeclarations" time="0.019" />
  <testcase classname="com.google.javascript.jscomp.DeadAssignmentsEliminationTest" name="testGlobal" time="0.001" />
  <testcase classname="com.google.javascript.jscomp.DeadAssignmentsEliminationTest" name="testInnerFunctions" time="0.001" />
  <testcase classname="com.google.javascript.jscomp.DeadAssignmentsEliminationTest" name="testInnerFunctions2" time="0.002" />
  <testcase classname="com.google.javascript.jscomp.DeadAssignmentsEliminationTest" name="testSelfReAssignment" time="0.002" />
  <testcase classname="com.google.javascript.jscomp.DeadAssignmentsEliminationTest" name="testSelfIncrement" time="0.002" />
  <testcase classname="com.google.javascript.jscomp.DeadAssignmentsEliminationTest" name="testAssignmentOp" time="0.002" />
  <testcase classname="com.google.javascript.jscomp.DeadAssignmentsEliminationTest" name="testAssignmentOpUsedAsLhs" time="0.002" />
  <testcase classname="com.google.javascript.jscomp.DeadAssignmentsEliminationTest" name="testAssignmentOpUsedAsCondition" time="0.031" />
  <testcase classname="com.google.javascript.jscomp.DeadAssignmentsEliminationTest" name="testDeadIncrement" time="0.003" />
  <testcase classname="com.google.javascript.jscomp.DeadAssignmentsEliminationTest" name="testDeadButAlivePartiallyWithinTheExpression" time="0.007" />
  <testcase classname="com.google.javascript.jscomp.DeadAssignmentsEliminationTest" name="testMutipleDeadAssignmentsButAlivePartiallyWithinTheExpression" time="0.003" />
  <testcase classname="com.google.javascript.jscomp.DeadAssignmentsEliminationTest" name="testDeadPartiallyWithinTheExpression" time="0.002" />
  <testcase classname="com.google.javascript.jscomp.DeadAssignmentsEliminationTest" name="testAssignmentChain" time="0.012" />
  <testcase classname="com.google.javascript.jscomp.DeadAssignmentsEliminationTest" name="testAssignmentOpChain" time="0.009" />
  <testcase classname="com.google.javascript.jscomp.DeadAssignmentsEliminationTest" name="testIncDecInSubExpressions" time="0.02" />
  <testcase classname="com.google.javascript.jscomp.DeadAssignmentsEliminationTest" name="testNestedReassignments" time="0.033" />
  <testcase classname="com.google.javascript.jscomp.DeadAssignmentsEliminationTest" name="testIncrementalReassignmentInForLoops" time="0.008" />
  <testcase classname="com.google.javascript.jscomp.DeadAssignmentsEliminationTest" name="testIdentityAssignments" time="0.002" />
  <testcase classname="com.google.javascript.jscomp.DeadAssignmentsEliminationTest" name="testBug8730257" time="0.002">
    <error message="Missing catch or finally for try statement.. Reference node:&#xa;TRY 1 [source_file: testcode]&#xa;    BLOCK 1 [source_file: testcode]&#xa;        VAR 1 [source_file: testcode]&#xa;            NAME sortIndices 1 [source_file: testcode]&#xa;                OBJECTLIT 1 [source_file: testcode]&#xa;        EXPR_RESULT 1 [source_file: testcode]&#xa;            ASSIGN 1 [source_file: testcode]&#xa;                NAME sortIndices 1 [source_file: testcode]&#xa;                CALL 1 [free_call: 1] [source_file: testcode]&#xa;                    NAME bar 1 [source_file: testcode]&#xa;        FOR 1 [source_file: testcode]&#xa;            VAR 1 [source_file: testcode]&#xa;                NAME i 1 [source_file: testcode]&#xa;                    NUMBER 0.0 1 [source_file: testcode]&#xa;            LT 1 [source_file: testcode]&#xa;                NAME i 1 [source_file: testcode]&#xa;                NUMBER 100.0 1 [source_file: testcode]&#xa;            INC 1 [incrdecr: 1] [source_file: testcode]&#xa;                NAME i 1 [source_file: testcode]&#xa;            BLOCK 1 [source_file: testcode]&#xa;                VAR 1 [source_file: testcode]&#xa;                    NAME sortIndex 1 [source_file: testcode]&#xa;                        GETELEM 1 [source_file: testcode]&#xa;                            NAME sortIndices 1 [source_file: testcode]&#xa;                            NAME i 1 [source_file: testcode]&#xa;                EXPR_RESULT 1 [source_file: testcode]&#xa;                    CALL 1 [free_call: 1] [source_file: testcode]&#xa;                        NAME bar 1 [source_file: testcode]&#xa;                        NAME sortIndex 1 [source_file: testcode]&#xa;    BLOCK 1 [source_file: testcode]&#xa;    BLOCK 1 [source_file: testcode]&#xa;        EXPR_RESULT 1 [source_file: testcode]&#xa;            CALL 1 [free_call: 1] [source_file: testcode]&#xa;                NAME bar 1 [source_file: testcode]&#xa;" type="java.lang.IllegalStateException">java.lang.IllegalStateException: Missing catch or finally for try statement.. Reference node:
TRY 1 [source_file: testcode]
    BLOCK 1 [source_file: testcode]
        VAR 1 [source_file: testcode]
            NAME sortIndices 1 [source_file: testcode]
                OBJECTLIT 1 [source_file: testcode]
        EXPR_RESULT 1 [source_file: testcode]
            ASSIGN 1 [source_file: testcode]
                NAME sortIndices 1 [source_file: testcode]
                CALL 1 [free_call: 1] [source_file: testcode]
                    NAME bar 1 [source_file: testcode]
        FOR 1 [source_file: testcode]
            VAR 1 [source_file: testcode]
                NAME i 1 [source_file: testcode]
                    NUMBER 0.0 1 [source_file: testcode]
            LT 1 [source_file: testcode]
                NAME i 1 [source_file: testcode]
                NUMBER 100.0 1 [source_file: testcode]
            INC 1 [incrdecr: 1] [source_file: testcode]
                NAME i 1 [source_file: testcode]
            BLOCK 1 [source_file: testcode]
                VAR 1 [source_file: testcode]
                    NAME sortIndex 1 [source_file: testcode]
                        GETELEM 1 [source_file: testcode]
                            NAME sortIndices 1 [source_file: testcode]
                            NAME i 1 [source_file: testcode]
                EXPR_RESULT 1 [source_file: testcode]
                    CALL 1 [free_call: 1] [source_file: testcode]
                        NAME bar 1 [source_file: testcode]
                        NAME sortIndex 1 [source_file: testcode]
    BLOCK 1 [source_file: testcode]
    BLOCK 1 [source_file: testcode]
        EXPR_RESULT 1 [source_file: testcode]
            CALL 1 [free_call: 1] [source_file: testcode]
                NAME bar 1 [source_file: testcode]

	at com.google.javascript.jscomp.AstValidator$1.handleViolation(AstValidator.java:54)
	at com.google.javascript.jscomp.AstValidator.violation(AstValidator.java:1167)
	at com.google.javascript.jscomp.AstValidator.validateTry(AstValidator.java:888)
	at com.google.javascript.jscomp.AstValidator.validateStatement(AstValidator.java:142)
	at com.google.javascript.jscomp.AstValidator.validateBlock(AstValidator.java:481)
	at com.google.javascript.jscomp.AstValidator.validateFunctionStatement(AstValidator.java:569)
	at com.google.javascript.jscomp.AstValidator.validateStatement(AstValidator.java:104)
	at com.google.javascript.jscomp.AstValidator.validateScript(AstValidator.java:91)
	at com.google.javascript.jscomp.AstValidator.validateCodeRoot(AstValidator.java:82)
	at com.google.javascript.jscomp.AstValidator.validateRoot(AstValidator.java:75)
	at com.google.javascript.jscomp.CompilerTestCase.test(CompilerTestCase.java:967)
	at com.google.javascript.jscomp.CompilerTestCase.test(CompilerTestCase.java:935)
	at com.google.javascript.jscomp.CompilerTestCase.test(CompilerTestCase.java:543)
	at com.google.javascript.jscomp.CompilerTestCase.test(CompilerTestCase.java:509)
	at com.google.javascript.jscomp.CompilerTestCase.test(CompilerTestCase.java:450)
	at com.google.javascript.jscomp.CompilerTestCase.test(CompilerTestCase.java:408)
	at com.google.javascript.jscomp.DeadAssignmentsEliminationTest.inFunction(DeadAssignmentsEliminationTest.java:346)
	at com.google.javascript.jscomp.DeadAssignmentsEliminationTest.inFunction(DeadAssignmentsEliminationTest.java:342)
	at com.google.javascript.jscomp.DeadAssignmentsEliminationTest.testBug8730257(DeadAssignmentsEliminationTest.java:351)
</error>
  </testcase>
  <testcase classname="com.google.javascript.jscomp.DeadAssignmentsEliminationTest" name="testAssignToExtern" time="0.001" />
  <testcase classname="com.google.javascript.jscomp.DeadAssignmentsEliminationTest" name="testIssue297a" time="0.002" />
  <testcase classname="com.google.javascript.jscomp.DeadAssignmentsEliminationTest" name="testIssue297b" time="0.002" />
  <testcase classname="com.google.javascript.jscomp.DeadAssignmentsEliminationTest" name="testIssue297c" time="0.001" />
  <testcase classname="com.google.javascript.jscomp.DeadAssignmentsEliminationTest" name="testIssue297d" time="0.003" />
  <testcase classname="com.google.javascript.jscomp.DeadAssignmentsEliminationTest" name="testIssue297e" time="0.002" />
  <testcase classname="com.google.javascript.jscomp.DeadAssignmentsEliminationTest" name="testIssue297f" time="0.001" />
  <testcase classname="com.google.javascript.jscomp.DeadAssignmentsEliminationTest" name="testIssue297g" time="0.001" />
  <testcase classname="com.google.javascript.jscomp.DeadAssignmentsEliminationTest" name="testIssue297h" time="0.001" />
  <testcase classname="com.google.javascript.jscomp.DeadAssignmentsEliminationTest" name="testInExpression1" time="0.007" />
  <testcase classname="com.google.javascript.jscomp.DeadAssignmentsEliminationTest" name="testInExpression2" time="0.011" />
  <testcase classname="com.google.javascript.jscomp.DeadAssignmentsEliminationTest" name="testIssue384a" time="0.002" />
  <testcase classname="com.google.javascript.jscomp.DeadAssignmentsEliminationTest" name="testIssue384b" time="0.002" />
  <testcase classname="com.google.javascript.jscomp.DeadAssignmentsEliminationTest" name="testIssue384c" time="0.001" />
  <testcase classname="com.google.javascript.jscomp.DeadAssignmentsEliminationTest" name="testIssue384d" time="0.001" />
  <testcase classname="com.google.javascript.jscomp.DeadAssignmentsEliminationTest" name="testSimple" time="0.006" />
  <testcase classname="com.google.javascript.jscomp.DeadAssignmentsEliminationTest" name="testForIn" time="0.006" />
  <system-out><![CDATA[]]></system-out>
  <system-err><![CDATA[]]></system-err>
</testsuite>
